[2022-06-14 06:00:01,277] {taskinstance.py:1159} INFO - Dependencies all met for <TaskInstance: listing_4_05.get_data scheduled__2022-06-14T05:00:00+00:00 [queued]>
[2022-06-14 06:00:01,287] {taskinstance.py:1159} INFO - Dependencies all met for <TaskInstance: listing_4_05.get_data scheduled__2022-06-14T05:00:00+00:00 [queued]>
[2022-06-14 06:00:01,289] {taskinstance.py:1356} INFO - 
--------------------------------------------------------------------------------
[2022-06-14 06:00:01,290] {taskinstance.py:1357} INFO - Starting attempt 1 of 1
[2022-06-14 06:00:01,291] {taskinstance.py:1358} INFO - 
--------------------------------------------------------------------------------
[2022-06-14 06:00:01,303] {taskinstance.py:1377} INFO - Executing <Task(PythonOperator): get_data> on 2022-06-14 05:00:00+00:00
[2022-06-14 06:00:01,309] {standard_task_runner.py:52} INFO - Started process 61060 to run task
[2022-06-14 06:00:01,312] {standard_task_runner.py:79} INFO - Running: ['***', 'tasks', 'run', 'listing_4_05', 'get_data', 'scheduled__2022-06-14T05:00:00+00:00', '--job-id', '145', '--raw', '--subdir', 'DAGS_FOLDER/listing_4_5.py', '--cfg-path', '/tmp/tmp48g4ecxk', '--error-file', '/tmp/tmp87lvwijp']
[2022-06-14 06:00:01,314] {standard_task_runner.py:80} INFO - Job 145: Subtask get_data
[2022-06-14 06:00:01,375] {task_command.py:369} INFO - Running <TaskInstance: listing_4_05.get_data scheduled__2022-06-14T05:00:00+00:00 [running]> on host 48de8cc79e8d
[2022-06-14 06:00:01,433] {taskinstance.py:1571} INFO - Exporting the following env vars:
AIRFLOW_CTX_DAG_OWNER=***
AIRFLOW_CTX_DAG_ID=listing_4_05
AIRFLOW_CTX_TASK_ID=get_data
AIRFLOW_CTX_EXECUTION_DATE=2022-06-14T05:00:00+00:00
AIRFLOW_CTX_TRY_NUMBER=1
AIRFLOW_CTX_DAG_RUN_ID=scheduled__2022-06-14T05:00:00+00:00
[2022-06-14 06:00:01,435] {warnings.py:110} WARNING - /home/***/.local/lib/python3.7/site-packages/***/utils/context.py:202: AirflowContextDeprecationWarning: Accessing 'execution_date' from the template is deprecated and will be removed in a future version. Please use 'data_interval_start' or 'logical_date' instead.
  warnings.warn(_create_deprecation_warning(key, self._deprecation_replacements[key]))

[2022-06-14 06:00:18,068] {python.py:173} INFO - Done. Returned value was: None
[2022-06-14 06:00:18,085] {taskinstance.py:1400} INFO - Marking task as SUCCESS. dag_id=listing_4_05, task_id=get_data, execution_date=20220614T050000, start_date=20220614T060001, end_date=20220614T060018
[2022-06-14 06:00:18,130] {local_task_job.py:156} INFO - Task exited with return code 0
[2022-06-14 06:00:18,147] {local_task_job.py:273} INFO - 0 downstream tasks scheduled from follow-on schedule check
