[2022-06-20 01:19:38,484] {taskinstance.py:1159} INFO - Dependencies all met for <TaskInstance: listing_4_03.print_context scheduled__2022-06-17T00:00:00+00:00 [queued]>
[2022-06-20 01:19:38,568] {taskinstance.py:1159} INFO - Dependencies all met for <TaskInstance: listing_4_03.print_context scheduled__2022-06-17T00:00:00+00:00 [queued]>
[2022-06-20 01:19:38,577] {taskinstance.py:1356} INFO - 
--------------------------------------------------------------------------------
[2022-06-20 01:19:38,584] {taskinstance.py:1357} INFO - Starting attempt 1 of 1
[2022-06-20 01:19:38,588] {taskinstance.py:1358} INFO - 
--------------------------------------------------------------------------------
[2022-06-20 01:19:38,698] {taskinstance.py:1377} INFO - Executing <Task(PythonOperator): print_context> on 2022-06-17 00:00:00+00:00
[2022-06-20 01:19:38,718] {standard_task_runner.py:52} INFO - Started process 94 to run task
[2022-06-20 01:19:38,794] {standard_task_runner.py:79} INFO - Running: ['***', 'tasks', 'run', 'listing_4_03', 'print_context', 'scheduled__2022-06-17T00:00:00+00:00', '--job-id', '187', '--raw', '--subdir', 'DAGS_FOLDER/listing_4_3.py', '--cfg-path', '/tmp/tmp4vjh72tk', '--error-file', '/tmp/tmpm_o2yca8']
[2022-06-20 01:19:38,842] {standard_task_runner.py:80} INFO - Job 187: Subtask print_context
[2022-06-20 01:19:39,310] {task_command.py:369} INFO - Running <TaskInstance: listing_4_03.print_context scheduled__2022-06-17T00:00:00+00:00 [running]> on host 48de8cc79e8d
[2022-06-20 01:19:39,750] {taskinstance.py:1571} INFO - Exporting the following env vars:
AIRFLOW_CTX_DAG_OWNER=***
AIRFLOW_CTX_DAG_ID=listing_4_03
AIRFLOW_CTX_TASK_ID=print_context
AIRFLOW_CTX_EXECUTION_DATE=2022-06-17T00:00:00+00:00
AIRFLOW_CTX_TRY_NUMBER=1
AIRFLOW_CTX_DAG_RUN_ID=scheduled__2022-06-17T00:00:00+00:00
[2022-06-20 01:19:39,763] {logging_mixin.py:115} INFO - {'conf': <***.configuration.AirflowConfigParser object at 0xffffa484ec50>, 'dag': <DAG: listing_4_03>, 'dag_run': <DagRun listing_4_03 @ 2022-06-17 00:00:00+00:00: scheduled__2022-06-17T00:00:00+00:00, externally triggered: False>, 'data_interval_end': DateTime(2022, 6, 18, 0, 0, 0, tzinfo=Timezone('UTC')), 'data_interval_start': DateTime(2022, 6, 17, 0, 0, 0, tzinfo=Timezone('UTC')), 'ds': '2022-06-17', 'ds_nodash': '20220617', 'execution_date': <Proxy at 0xffff8e40e050 with factory functools.partial(<function lazy_mapping_from_context.<locals>._deprecated_proxy_factory at 0xffff8e40bdd0>, 'execution_date', DateTime(2022, 6, 17, 0, 0, 0, tzinfo=Timezone('UTC')))>, 'inlets': [], 'logical_date': DateTime(2022, 6, 17, 0, 0, 0, tzinfo=Timezone('UTC')), 'macros': <module '***.macros' from '/home/***/.local/lib/python3.7/site-packages/***/macros/__init__.py'>, 'next_ds': <Proxy at 0xffff8e3bc320 with factory functools.partial(<function lazy_mapping_from_context.<locals>._deprecated_proxy_factory at 0xffff8e40bdd0>, 'next_ds', '2022-06-18')>, 'next_ds_nodash': <Proxy at 0xffff8e3bc370 with factory functools.partial(<function lazy_mapping_from_context.<locals>._deprecated_proxy_factory at 0xffff8e40bdd0>, 'next_ds_nodash', '20220618')>, 'next_execution_date': <Proxy at 0xffff8e3bc3c0 with factory functools.partial(<function lazy_mapping_from_context.<locals>._deprecated_proxy_factory at 0xffff8e40bdd0>, 'next_execution_date', DateTime(2022, 6, 18, 0, 0, 0, tzinfo=Timezone('UTC')))>, 'outlets': [], 'params': {}, 'prev_data_interval_start_success': DateTime(2022, 6, 14, 0, 0, 0, tzinfo=Timezone('UTC')), 'prev_data_interval_end_success': DateTime(2022, 6, 15, 0, 0, 0, tzinfo=Timezone('UTC')), 'prev_ds': <Proxy at 0xffff8e3bc410 with factory functools.partial(<function lazy_mapping_from_context.<locals>._deprecated_proxy_factory at 0xffff8e40bdd0>, 'prev_ds', '2022-06-16')>, 'prev_ds_nodash': <Proxy at 0xffff8e3bc460 with factory functools.partial(<function lazy_mapping_from_context.<locals>._deprecated_proxy_factory at 0xffff8e40bdd0>, 'prev_ds_nodash', '20220616')>, 'prev_execution_date': <Proxy at 0xffff8e3bc4b0 with factory functools.partial(<function lazy_mapping_from_context.<locals>._deprecated_proxy_factory at 0xffff8e40bdd0>, 'prev_execution_date', DateTime(2022, 6, 16, 0, 0, 0, tzinfo=Timezone('UTC')))>, 'prev_execution_date_success': <Proxy at 0xffff8e3bc500 with factory functools.partial(<function lazy_mapping_from_context.<locals>._deprecated_proxy_factory at 0xffff8e40bdd0>, 'prev_execution_date_success', DateTime(2022, 6, 14, 0, 0, 0, tzinfo=Timezone('UTC')))>, 'prev_start_date_success': DateTime(2022, 6, 15, 0, 0, 0, 908360, tzinfo=Timezone('UTC')), 'run_id': 'scheduled__2022-06-17T00:00:00+00:00', 'task': <Task(PythonOperator): print_context>, 'task_instance': <TaskInstance: listing_4_03.print_context scheduled__2022-06-17T00:00:00+00:00 [running]>, 'task_instance_key_str': 'listing_4_03__print_context__20220617', 'test_mode': False, 'ti': <TaskInstance: listing_4_03.print_context scheduled__2022-06-17T00:00:00+00:00 [running]>, 'tomorrow_ds': <Proxy at 0xffff8e3bc550 with factory functools.partial(<function lazy_mapping_from_context.<locals>._deprecated_proxy_factory at 0xffff8e40bdd0>, 'tomorrow_ds', '2022-06-18')>, 'tomorrow_ds_nodash': <Proxy at 0xffff8e3bc5a0 with factory functools.partial(<function lazy_mapping_from_context.<locals>._deprecated_proxy_factory at 0xffff8e40bdd0>, 'tomorrow_ds_nodash', '20220618')>, 'ts': '2022-06-17T00:00:00+00:00', 'ts_nodash': '20220617T000000', 'ts_nodash_with_tz': '20220617T000000+0000', 'var': {'json': None, 'value': None}, 'conn': None, 'yesterday_ds': <Proxy at 0xffff8e3bc5f0 with factory functools.partial(<function lazy_mapping_from_context.<locals>._deprecated_proxy_factory at 0xffff8e40bdd0>, 'yesterday_ds', '2022-06-16')>, 'yesterday_ds_nodash': <Proxy at 0xffff8e3bc640 with factory functools.partial(<function lazy_mapping_from_context.<locals>._deprecated_proxy_factory at 0xffff8e40bdd0>, 'yesterday_ds_nodash', '20220616')>, 'templates_dict': None}
[2022-06-20 01:19:39,771] {python.py:173} INFO - Done. Returned value was: None
[2022-06-20 01:19:39,840] {taskinstance.py:1400} INFO - Marking task as SUCCESS. dag_id=listing_4_03, task_id=print_context, execution_date=20220617T000000, start_date=20220620T011938, end_date=20220620T011939
[2022-06-20 01:19:39,958] {local_task_job.py:156} INFO - Task exited with return code 0
[2022-06-20 01:19:40,068] {local_task_job.py:273} INFO - 0 downstream tasks scheduled from follow-on schedule check
