[2022-06-20 01:19:35,625] {processor.py:153} INFO - Started process (PID=92) to work on /home/airflow/.local/lib/python3.7/site-packages/airflow/example_dags/example_latest_only_with_trigger.py
[2022-06-20 01:19:35,627] {processor.py:641} INFO - Processing file /home/airflow/.local/lib/python3.7/site-packages/airflow/example_dags/example_latest_only_with_trigger.py for tasks to queue
[2022-06-20 01:19:35,628] {logging_mixin.py:115} INFO - [2022-06-20 01:19:35,628] {dagbag.py:507} INFO - Filling up the DagBag from /home/airflow/.local/lib/python3.7/site-packages/airflow/example_dags/example_latest_only_with_trigger.py
[2022-06-20 01:19:35,634] {processor.py:651} INFO - DAG(s) dict_keys(['latest_only_with_trigger']) retrieved from /home/airflow/.local/lib/python3.7/site-packages/airflow/example_dags/example_latest_only_with_trigger.py
[2022-06-20 01:19:35,657] {logging_mixin.py:115} INFO - [2022-06-20 01:19:35,657] {dag.py:2371} INFO - Sync 1 DAGs
[2022-06-20 01:19:35,675] {logging_mixin.py:115} INFO - [2022-06-20 01:19:35,675] {dag.py:2919} INFO - Setting next_dagrun for latest_only_with_trigger to 2022-06-19T21:19:35.674907+00:00, run_after=2022-06-20T01:19:35.674907+00:00
[2022-06-20 01:19:35,685] {processor.py:161} INFO - Processing /home/airflow/.local/lib/python3.7/site-packages/airflow/example_dags/example_latest_only_with_trigger.py took 0.063 seconds
[2022-06-20 01:22:39,906] {processor.py:153} INFO - Started process (PID=83) to work on /home/airflow/.local/lib/python3.7/site-packages/airflow/example_dags/example_latest_only_with_trigger.py
[2022-06-20 01:22:39,907] {processor.py:641} INFO - Processing file /home/airflow/.local/lib/python3.7/site-packages/airflow/example_dags/example_latest_only_with_trigger.py for tasks to queue
[2022-06-20 01:22:39,912] {logging_mixin.py:115} INFO - [2022-06-20 01:22:39,912] {dagbag.py:507} INFO - Filling up the DagBag from /home/airflow/.local/lib/python3.7/site-packages/airflow/example_dags/example_latest_only_with_trigger.py
[2022-06-20 01:22:39,917] {processor.py:651} INFO - DAG(s) dict_keys(['latest_only_with_trigger']) retrieved from /home/airflow/.local/lib/python3.7/site-packages/airflow/example_dags/example_latest_only_with_trigger.py
[2022-06-20 01:22:39,963] {logging_mixin.py:115} INFO - [2022-06-20 01:22:39,963] {manager.py:508} INFO - Created Permission View: can delete on DAG:latest_only_with_trigger
[2022-06-20 01:22:39,971] {logging_mixin.py:115} INFO - [2022-06-20 01:22:39,971] {manager.py:508} INFO - Created Permission View: can read on DAG:latest_only_with_trigger
[2022-06-20 01:22:39,976] {logging_mixin.py:115} INFO - [2022-06-20 01:22:39,976] {manager.py:508} INFO - Created Permission View: can edit on DAG:latest_only_with_trigger
[2022-06-20 01:22:39,977] {logging_mixin.py:115} INFO - [2022-06-20 01:22:39,977] {dag.py:2371} INFO - Sync 1 DAGs
[2022-06-20 01:22:39,982] {logging_mixin.py:115} INFO - [2022-06-20 01:22:39,982] {dag.py:2390} INFO - Creating ORM DAG for latest_only_with_trigger
[2022-06-20 01:22:40,066] {logging_mixin.py:115} INFO - [2022-06-20 01:22:40,066] {dag.py:2919} INFO - Setting next_dagrun for latest_only_with_trigger to 2022-06-19T21:22:40.066202+00:00, run_after=2022-06-20T01:22:40.066202+00:00
[2022-06-20 01:22:40,077] {processor.py:161} INFO - Processing /home/airflow/.local/lib/python3.7/site-packages/airflow/example_dags/example_latest_only_with_trigger.py took 0.173 seconds
[2022-06-20 01:23:10,524] {processor.py:153} INFO - Started process (PID=156) to work on /home/airflow/.local/lib/python3.7/site-packages/airflow/example_dags/example_latest_only_with_trigger.py
[2022-06-20 01:23:10,525] {processor.py:641} INFO - Processing file /home/airflow/.local/lib/python3.7/site-packages/airflow/example_dags/example_latest_only_with_trigger.py for tasks to queue
[2022-06-20 01:23:10,526] {logging_mixin.py:115} INFO - [2022-06-20 01:23:10,526] {dagbag.py:507} INFO - Filling up the DagBag from /home/airflow/.local/lib/python3.7/site-packages/airflow/example_dags/example_latest_only_with_trigger.py
[2022-06-20 01:23:10,530] {processor.py:651} INFO - DAG(s) dict_keys(['latest_only_with_trigger']) retrieved from /home/airflow/.local/lib/python3.7/site-packages/airflow/example_dags/example_latest_only_with_trigger.py
[2022-06-20 01:23:10,550] {logging_mixin.py:115} INFO - [2022-06-20 01:23:10,550] {dag.py:2371} INFO - Sync 1 DAGs
[2022-06-20 01:23:10,564] {logging_mixin.py:115} INFO - [2022-06-20 01:23:10,564] {dag.py:2919} INFO - Setting next_dagrun for latest_only_with_trigger to 2022-06-19T21:23:10.564121+00:00, run_after=2022-06-20T01:23:10.564121+00:00
[2022-06-20 01:23:10,573] {processor.py:161} INFO - Processing /home/airflow/.local/lib/python3.7/site-packages/airflow/example_dags/example_latest_only_with_trigger.py took 0.054 seconds
[2022-06-20 01:23:40,737] {processor.py:153} INFO - Started process (PID=227) to work on /home/airflow/.local/lib/python3.7/site-packages/airflow/example_dags/example_latest_only_with_trigger.py
[2022-06-20 01:23:40,738] {processor.py:641} INFO - Processing file /home/airflow/.local/lib/python3.7/site-packages/airflow/example_dags/example_latest_only_with_trigger.py for tasks to queue
[2022-06-20 01:23:40,739] {logging_mixin.py:115} INFO - [2022-06-20 01:23:40,739] {dagbag.py:507} INFO - Filling up the DagBag from /home/airflow/.local/lib/python3.7/site-packages/airflow/example_dags/example_latest_only_with_trigger.py
[2022-06-20 01:23:40,744] {processor.py:651} INFO - DAG(s) dict_keys(['latest_only_with_trigger']) retrieved from /home/airflow/.local/lib/python3.7/site-packages/airflow/example_dags/example_latest_only_with_trigger.py
[2022-06-20 01:23:40,762] {logging_mixin.py:115} INFO - [2022-06-20 01:23:40,762] {dag.py:2371} INFO - Sync 1 DAGs
[2022-06-20 01:23:40,775] {logging_mixin.py:115} INFO - [2022-06-20 01:23:40,775] {dag.py:2919} INFO - Setting next_dagrun for latest_only_with_trigger to 2022-06-19T21:23:40.775161+00:00, run_after=2022-06-20T01:23:40.775161+00:00
[2022-06-20 01:23:40,782] {processor.py:161} INFO - Processing /home/airflow/.local/lib/python3.7/site-packages/airflow/example_dags/example_latest_only_with_trigger.py took 0.047 seconds
[2022-06-20 01:24:11,832] {processor.py:153} INFO - Started process (PID=300) to work on /home/airflow/.local/lib/python3.7/site-packages/airflow/example_dags/example_latest_only_with_trigger.py
[2022-06-20 01:24:11,835] {processor.py:641} INFO - Processing file /home/airflow/.local/lib/python3.7/site-packages/airflow/example_dags/example_latest_only_with_trigger.py for tasks to queue
[2022-06-20 01:24:11,837] {logging_mixin.py:115} INFO - [2022-06-20 01:24:11,837] {dagbag.py:507} INFO - Filling up the DagBag from /home/airflow/.local/lib/python3.7/site-packages/airflow/example_dags/example_latest_only_with_trigger.py
[2022-06-20 01:24:11,841] {processor.py:651} INFO - DAG(s) dict_keys(['latest_only_with_trigger']) retrieved from /home/airflow/.local/lib/python3.7/site-packages/airflow/example_dags/example_latest_only_with_trigger.py
[2022-06-20 01:24:11,869] {logging_mixin.py:115} INFO - [2022-06-20 01:24:11,869] {dag.py:2371} INFO - Sync 1 DAGs
[2022-06-20 01:24:11,882] {logging_mixin.py:115} INFO - [2022-06-20 01:24:11,882] {dag.py:2919} INFO - Setting next_dagrun for latest_only_with_trigger to 2022-06-19T21:24:11.882500+00:00, run_after=2022-06-20T01:24:11.882500+00:00
[2022-06-20 01:24:11,891] {processor.py:161} INFO - Processing /home/airflow/.local/lib/python3.7/site-packages/airflow/example_dags/example_latest_only_with_trigger.py took 0.061 seconds
[2022-06-20 01:24:42,094] {processor.py:153} INFO - Started process (PID=371) to work on /home/airflow/.local/lib/python3.7/site-packages/airflow/example_dags/example_latest_only_with_trigger.py
[2022-06-20 01:24:42,102] {processor.py:641} INFO - Processing file /home/airflow/.local/lib/python3.7/site-packages/airflow/example_dags/example_latest_only_with_trigger.py for tasks to queue
[2022-06-20 01:24:42,104] {logging_mixin.py:115} INFO - [2022-06-20 01:24:42,104] {dagbag.py:507} INFO - Filling up the DagBag from /home/airflow/.local/lib/python3.7/site-packages/airflow/example_dags/example_latest_only_with_trigger.py
[2022-06-20 01:24:42,117] {processor.py:651} INFO - DAG(s) dict_keys(['latest_only_with_trigger']) retrieved from /home/airflow/.local/lib/python3.7/site-packages/airflow/example_dags/example_latest_only_with_trigger.py
[2022-06-20 01:24:42,135] {logging_mixin.py:115} INFO - [2022-06-20 01:24:42,135] {dag.py:2371} INFO - Sync 1 DAGs
[2022-06-20 01:24:42,148] {logging_mixin.py:115} INFO - [2022-06-20 01:24:42,148] {dag.py:2919} INFO - Setting next_dagrun for latest_only_with_trigger to 2022-06-19T21:24:42.148680+00:00, run_after=2022-06-20T01:24:42.148680+00:00
[2022-06-20 01:24:42,160] {processor.py:161} INFO - Processing /home/airflow/.local/lib/python3.7/site-packages/airflow/example_dags/example_latest_only_with_trigger.py took 0.069 seconds
[2022-06-20 01:25:12,330] {processor.py:153} INFO - Started process (PID=433) to work on /home/airflow/.local/lib/python3.7/site-packages/airflow/example_dags/example_latest_only_with_trigger.py
[2022-06-20 01:25:12,331] {processor.py:641} INFO - Processing file /home/airflow/.local/lib/python3.7/site-packages/airflow/example_dags/example_latest_only_with_trigger.py for tasks to queue
[2022-06-20 01:25:12,333] {logging_mixin.py:115} INFO - [2022-06-20 01:25:12,333] {dagbag.py:507} INFO - Filling up the DagBag from /home/airflow/.local/lib/python3.7/site-packages/airflow/example_dags/example_latest_only_with_trigger.py
[2022-06-20 01:25:12,337] {processor.py:651} INFO - DAG(s) dict_keys(['latest_only_with_trigger']) retrieved from /home/airflow/.local/lib/python3.7/site-packages/airflow/example_dags/example_latest_only_with_trigger.py
[2022-06-20 01:25:12,356] {logging_mixin.py:115} INFO - [2022-06-20 01:25:12,356] {dag.py:2371} INFO - Sync 1 DAGs
[2022-06-20 01:25:12,369] {logging_mixin.py:115} INFO - [2022-06-20 01:25:12,369] {dag.py:2919} INFO - Setting next_dagrun for latest_only_with_trigger to 2022-06-19T21:25:12.369340+00:00, run_after=2022-06-20T01:25:12.369340+00:00
[2022-06-20 01:25:12,377] {processor.py:161} INFO - Processing /home/airflow/.local/lib/python3.7/site-packages/airflow/example_dags/example_latest_only_with_trigger.py took 0.049 seconds
[2022-06-20 01:25:42,480] {processor.py:153} INFO - Started process (PID=504) to work on /home/airflow/.local/lib/python3.7/site-packages/airflow/example_dags/example_latest_only_with_trigger.py
[2022-06-20 01:25:42,483] {processor.py:641} INFO - Processing file /home/airflow/.local/lib/python3.7/site-packages/airflow/example_dags/example_latest_only_with_trigger.py for tasks to queue
[2022-06-20 01:25:42,486] {logging_mixin.py:115} INFO - [2022-06-20 01:25:42,486] {dagbag.py:507} INFO - Filling up the DagBag from /home/airflow/.local/lib/python3.7/site-packages/airflow/example_dags/example_latest_only_with_trigger.py
[2022-06-20 01:25:42,494] {processor.py:651} INFO - DAG(s) dict_keys(['latest_only_with_trigger']) retrieved from /home/airflow/.local/lib/python3.7/site-packages/airflow/example_dags/example_latest_only_with_trigger.py
[2022-06-20 01:25:42,515] {logging_mixin.py:115} INFO - [2022-06-20 01:25:42,515] {dag.py:2371} INFO - Sync 1 DAGs
[2022-06-20 01:25:42,528] {logging_mixin.py:115} INFO - [2022-06-20 01:25:42,528] {dag.py:2919} INFO - Setting next_dagrun for latest_only_with_trigger to 2022-06-19T21:25:42.527979+00:00, run_after=2022-06-20T01:25:42.527979+00:00
[2022-06-20 01:25:42,537] {processor.py:161} INFO - Processing /home/airflow/.local/lib/python3.7/site-packages/airflow/example_dags/example_latest_only_with_trigger.py took 0.060 seconds
[2022-06-20 01:26:12,839] {processor.py:153} INFO - Started process (PID=575) to work on /home/airflow/.local/lib/python3.7/site-packages/airflow/example_dags/example_latest_only_with_trigger.py
[2022-06-20 01:26:12,841] {processor.py:641} INFO - Processing file /home/airflow/.local/lib/python3.7/site-packages/airflow/example_dags/example_latest_only_with_trigger.py for tasks to queue
[2022-06-20 01:26:12,842] {logging_mixin.py:115} INFO - [2022-06-20 01:26:12,842] {dagbag.py:507} INFO - Filling up the DagBag from /home/airflow/.local/lib/python3.7/site-packages/airflow/example_dags/example_latest_only_with_trigger.py
[2022-06-20 01:26:12,847] {processor.py:651} INFO - DAG(s) dict_keys(['latest_only_with_trigger']) retrieved from /home/airflow/.local/lib/python3.7/site-packages/airflow/example_dags/example_latest_only_with_trigger.py
[2022-06-20 01:26:12,866] {logging_mixin.py:115} INFO - [2022-06-20 01:26:12,866] {dag.py:2371} INFO - Sync 1 DAGs
[2022-06-20 01:26:12,881] {logging_mixin.py:115} INFO - [2022-06-20 01:26:12,881] {dag.py:2919} INFO - Setting next_dagrun for latest_only_with_trigger to 2022-06-19T21:26:12.881220+00:00, run_after=2022-06-20T01:26:12.881220+00:00
[2022-06-20 01:26:12,891] {processor.py:161} INFO - Processing /home/airflow/.local/lib/python3.7/site-packages/airflow/example_dags/example_latest_only_with_trigger.py took 0.054 seconds
[2022-06-20 01:26:43,623] {processor.py:153} INFO - Started process (PID=647) to work on /home/airflow/.local/lib/python3.7/site-packages/airflow/example_dags/example_latest_only_with_trigger.py
[2022-06-20 01:26:43,627] {processor.py:641} INFO - Processing file /home/airflow/.local/lib/python3.7/site-packages/airflow/example_dags/example_latest_only_with_trigger.py for tasks to queue
[2022-06-20 01:26:43,636] {logging_mixin.py:115} INFO - [2022-06-20 01:26:43,634] {dagbag.py:507} INFO - Filling up the DagBag from /home/airflow/.local/lib/python3.7/site-packages/airflow/example_dags/example_latest_only_with_trigger.py
[2022-06-20 01:26:43,647] {processor.py:651} INFO - DAG(s) dict_keys(['latest_only_with_trigger']) retrieved from /home/airflow/.local/lib/python3.7/site-packages/airflow/example_dags/example_latest_only_with_trigger.py
[2022-06-20 01:26:43,690] {logging_mixin.py:115} INFO - [2022-06-20 01:26:43,690] {dag.py:2371} INFO - Sync 1 DAGs
[2022-06-20 01:26:43,721] {logging_mixin.py:115} INFO - [2022-06-20 01:26:43,721] {dag.py:2919} INFO - Setting next_dagrun for latest_only_with_trigger to 2022-06-19T21:26:43.721021+00:00, run_after=2022-06-20T01:26:43.721021+00:00
[2022-06-20 01:26:43,733] {processor.py:161} INFO - Processing /home/airflow/.local/lib/python3.7/site-packages/airflow/example_dags/example_latest_only_with_trigger.py took 0.115 seconds
[2022-06-20 01:27:13,772] {processor.py:153} INFO - Started process (PID=718) to work on /home/airflow/.local/lib/python3.7/site-packages/airflow/example_dags/example_latest_only_with_trigger.py
[2022-06-20 01:27:13,774] {processor.py:641} INFO - Processing file /home/airflow/.local/lib/python3.7/site-packages/airflow/example_dags/example_latest_only_with_trigger.py for tasks to queue
[2022-06-20 01:27:13,775] {logging_mixin.py:115} INFO - [2022-06-20 01:27:13,774] {dagbag.py:507} INFO - Filling up the DagBag from /home/airflow/.local/lib/python3.7/site-packages/airflow/example_dags/example_latest_only_with_trigger.py
[2022-06-20 01:27:13,778] {processor.py:651} INFO - DAG(s) dict_keys(['latest_only_with_trigger']) retrieved from /home/airflow/.local/lib/python3.7/site-packages/airflow/example_dags/example_latest_only_with_trigger.py
[2022-06-20 01:27:13,796] {logging_mixin.py:115} INFO - [2022-06-20 01:27:13,796] {dag.py:2371} INFO - Sync 1 DAGs
[2022-06-20 01:27:13,809] {logging_mixin.py:115} INFO - [2022-06-20 01:27:13,809] {dag.py:2919} INFO - Setting next_dagrun for latest_only_with_trigger to 2022-06-19T21:27:13.809151+00:00, run_after=2022-06-20T01:27:13.809151+00:00
[2022-06-20 01:27:13,817] {processor.py:161} INFO - Processing /home/airflow/.local/lib/python3.7/site-packages/airflow/example_dags/example_latest_only_with_trigger.py took 0.047 seconds
[2022-06-20 01:27:44,187] {processor.py:153} INFO - Started process (PID=791) to work on /home/airflow/.local/lib/python3.7/site-packages/airflow/example_dags/example_latest_only_with_trigger.py
[2022-06-20 01:27:44,188] {processor.py:641} INFO - Processing file /home/airflow/.local/lib/python3.7/site-packages/airflow/example_dags/example_latest_only_with_trigger.py for tasks to queue
[2022-06-20 01:27:44,190] {logging_mixin.py:115} INFO - [2022-06-20 01:27:44,189] {dagbag.py:507} INFO - Filling up the DagBag from /home/airflow/.local/lib/python3.7/site-packages/airflow/example_dags/example_latest_only_with_trigger.py
[2022-06-20 01:27:44,194] {processor.py:651} INFO - DAG(s) dict_keys(['latest_only_with_trigger']) retrieved from /home/airflow/.local/lib/python3.7/site-packages/airflow/example_dags/example_latest_only_with_trigger.py
[2022-06-20 01:27:44,214] {logging_mixin.py:115} INFO - [2022-06-20 01:27:44,214] {dag.py:2371} INFO - Sync 1 DAGs
[2022-06-20 01:27:44,228] {logging_mixin.py:115} INFO - [2022-06-20 01:27:44,228] {dag.py:2919} INFO - Setting next_dagrun for latest_only_with_trigger to 2022-06-19T21:27:44.227963+00:00, run_after=2022-06-20T01:27:44.227963+00:00
[2022-06-20 01:27:44,236] {processor.py:161} INFO - Processing /home/airflow/.local/lib/python3.7/site-packages/airflow/example_dags/example_latest_only_with_trigger.py took 0.051 seconds
[2022-06-20 01:28:14,432] {processor.py:153} INFO - Started process (PID=852) to work on /home/airflow/.local/lib/python3.7/site-packages/airflow/example_dags/example_latest_only_with_trigger.py
[2022-06-20 01:28:14,434] {processor.py:641} INFO - Processing file /home/airflow/.local/lib/python3.7/site-packages/airflow/example_dags/example_latest_only_with_trigger.py for tasks to queue
[2022-06-20 01:28:14,436] {logging_mixin.py:115} INFO - [2022-06-20 01:28:14,436] {dagbag.py:507} INFO - Filling up the DagBag from /home/airflow/.local/lib/python3.7/site-packages/airflow/example_dags/example_latest_only_with_trigger.py
[2022-06-20 01:28:14,441] {processor.py:651} INFO - DAG(s) dict_keys(['latest_only_with_trigger']) retrieved from /home/airflow/.local/lib/python3.7/site-packages/airflow/example_dags/example_latest_only_with_trigger.py
[2022-06-20 01:28:14,460] {logging_mixin.py:115} INFO - [2022-06-20 01:28:14,460] {dag.py:2371} INFO - Sync 1 DAGs
[2022-06-20 01:28:14,471] {logging_mixin.py:115} INFO - [2022-06-20 01:28:14,471] {dag.py:2919} INFO - Setting next_dagrun for latest_only_with_trigger to 2022-06-19T21:28:14.471548+00:00, run_after=2022-06-20T01:28:14.471548+00:00
[2022-06-20 01:28:14,479] {processor.py:161} INFO - Processing /home/airflow/.local/lib/python3.7/site-packages/airflow/example_dags/example_latest_only_with_trigger.py took 0.049 seconds
[2022-06-20 01:28:45,197] {processor.py:153} INFO - Started process (PID=925) to work on /home/airflow/.local/lib/python3.7/site-packages/airflow/example_dags/example_latest_only_with_trigger.py
[2022-06-20 01:28:45,199] {processor.py:641} INFO - Processing file /home/airflow/.local/lib/python3.7/site-packages/airflow/example_dags/example_latest_only_with_trigger.py for tasks to queue
[2022-06-20 01:28:45,200] {logging_mixin.py:115} INFO - [2022-06-20 01:28:45,200] {dagbag.py:507} INFO - Filling up the DagBag from /home/airflow/.local/lib/python3.7/site-packages/airflow/example_dags/example_latest_only_with_trigger.py
[2022-06-20 01:28:45,204] {processor.py:651} INFO - DAG(s) dict_keys(['latest_only_with_trigger']) retrieved from /home/airflow/.local/lib/python3.7/site-packages/airflow/example_dags/example_latest_only_with_trigger.py
[2022-06-20 01:28:45,223] {logging_mixin.py:115} INFO - [2022-06-20 01:28:45,222] {dag.py:2371} INFO - Sync 1 DAGs
[2022-06-20 01:28:45,237] {logging_mixin.py:115} INFO - [2022-06-20 01:28:45,237] {dag.py:2919} INFO - Setting next_dagrun for latest_only_with_trigger to 2022-06-19T21:28:45.236926+00:00, run_after=2022-06-20T01:28:45.236926+00:00
[2022-06-20 01:28:45,246] {processor.py:161} INFO - Processing /home/airflow/.local/lib/python3.7/site-packages/airflow/example_dags/example_latest_only_with_trigger.py took 0.051 seconds
[2022-06-20 01:29:16,157] {processor.py:153} INFO - Started process (PID=996) to work on /home/airflow/.local/lib/python3.7/site-packages/airflow/example_dags/example_latest_only_with_trigger.py
[2022-06-20 01:29:16,160] {processor.py:641} INFO - Processing file /home/airflow/.local/lib/python3.7/site-packages/airflow/example_dags/example_latest_only_with_trigger.py for tasks to queue
[2022-06-20 01:29:16,161] {logging_mixin.py:115} INFO - [2022-06-20 01:29:16,161] {dagbag.py:507} INFO - Filling up the DagBag from /home/airflow/.local/lib/python3.7/site-packages/airflow/example_dags/example_latest_only_with_trigger.py
[2022-06-20 01:29:16,167] {processor.py:651} INFO - DAG(s) dict_keys(['latest_only_with_trigger']) retrieved from /home/airflow/.local/lib/python3.7/site-packages/airflow/example_dags/example_latest_only_with_trigger.py
[2022-06-20 01:29:16,190] {logging_mixin.py:115} INFO - [2022-06-20 01:29:16,190] {dag.py:2371} INFO - Sync 1 DAGs
[2022-06-20 01:29:16,203] {logging_mixin.py:115} INFO - [2022-06-20 01:29:16,203] {dag.py:2919} INFO - Setting next_dagrun for latest_only_with_trigger to 2022-06-19T21:29:16.203146+00:00, run_after=2022-06-20T01:29:16.203146+00:00
[2022-06-20 01:29:16,212] {processor.py:161} INFO - Processing /home/airflow/.local/lib/python3.7/site-packages/airflow/example_dags/example_latest_only_with_trigger.py took 0.057 seconds
[2022-06-20 01:29:46,340] {processor.py:153} INFO - Started process (PID=1066) to work on /home/airflow/.local/lib/python3.7/site-packages/airflow/example_dags/example_latest_only_with_trigger.py
[2022-06-20 01:29:46,342] {processor.py:641} INFO - Processing file /home/airflow/.local/lib/python3.7/site-packages/airflow/example_dags/example_latest_only_with_trigger.py for tasks to queue
[2022-06-20 01:29:46,342] {logging_mixin.py:115} INFO - [2022-06-20 01:29:46,342] {dagbag.py:507} INFO - Filling up the DagBag from /home/airflow/.local/lib/python3.7/site-packages/airflow/example_dags/example_latest_only_with_trigger.py
[2022-06-20 01:29:46,348] {processor.py:651} INFO - DAG(s) dict_keys(['latest_only_with_trigger']) retrieved from /home/airflow/.local/lib/python3.7/site-packages/airflow/example_dags/example_latest_only_with_trigger.py
[2022-06-20 01:29:46,368] {logging_mixin.py:115} INFO - [2022-06-20 01:29:46,368] {dag.py:2371} INFO - Sync 1 DAGs
[2022-06-20 01:29:46,381] {logging_mixin.py:115} INFO - [2022-06-20 01:29:46,381] {dag.py:2919} INFO - Setting next_dagrun for latest_only_with_trigger to 2022-06-19T21:29:46.381750+00:00, run_after=2022-06-20T01:29:46.381750+00:00
[2022-06-20 01:29:46,392] {processor.py:161} INFO - Processing /home/airflow/.local/lib/python3.7/site-packages/airflow/example_dags/example_latest_only_with_trigger.py took 0.057 seconds
[2022-06-20 01:30:16,604] {processor.py:153} INFO - Started process (PID=1139) to work on /home/airflow/.local/lib/python3.7/site-packages/airflow/example_dags/example_latest_only_with_trigger.py
[2022-06-20 01:30:16,606] {processor.py:641} INFO - Processing file /home/airflow/.local/lib/python3.7/site-packages/airflow/example_dags/example_latest_only_with_trigger.py for tasks to queue
[2022-06-20 01:30:16,607] {logging_mixin.py:115} INFO - [2022-06-20 01:30:16,607] {dagbag.py:507} INFO - Filling up the DagBag from /home/airflow/.local/lib/python3.7/site-packages/airflow/example_dags/example_latest_only_with_trigger.py
[2022-06-20 01:30:16,610] {processor.py:651} INFO - DAG(s) dict_keys(['latest_only_with_trigger']) retrieved from /home/airflow/.local/lib/python3.7/site-packages/airflow/example_dags/example_latest_only_with_trigger.py
[2022-06-20 01:30:16,630] {logging_mixin.py:115} INFO - [2022-06-20 01:30:16,630] {dag.py:2371} INFO - Sync 1 DAGs
[2022-06-20 01:30:16,642] {logging_mixin.py:115} INFO - [2022-06-20 01:30:16,642] {dag.py:2919} INFO - Setting next_dagrun for latest_only_with_trigger to 2022-06-19T21:30:16.642495+00:00, run_after=2022-06-20T01:30:16.642495+00:00
[2022-06-20 01:30:16,649] {processor.py:161} INFO - Processing /home/airflow/.local/lib/python3.7/site-packages/airflow/example_dags/example_latest_only_with_trigger.py took 0.047 seconds
[2022-06-20 01:30:47,045] {processor.py:153} INFO - Started process (PID=1200) to work on /home/airflow/.local/lib/python3.7/site-packages/airflow/example_dags/example_latest_only_with_trigger.py
[2022-06-20 01:30:47,047] {processor.py:641} INFO - Processing file /home/airflow/.local/lib/python3.7/site-packages/airflow/example_dags/example_latest_only_with_trigger.py for tasks to queue
[2022-06-20 01:30:47,048] {logging_mixin.py:115} INFO - [2022-06-20 01:30:47,048] {dagbag.py:507} INFO - Filling up the DagBag from /home/airflow/.local/lib/python3.7/site-packages/airflow/example_dags/example_latest_only_with_trigger.py
[2022-06-20 01:30:47,055] {processor.py:651} INFO - DAG(s) dict_keys(['latest_only_with_trigger']) retrieved from /home/airflow/.local/lib/python3.7/site-packages/airflow/example_dags/example_latest_only_with_trigger.py
[2022-06-20 01:30:47,075] {logging_mixin.py:115} INFO - [2022-06-20 01:30:47,075] {dag.py:2371} INFO - Sync 1 DAGs
[2022-06-20 01:30:47,091] {logging_mixin.py:115} INFO - [2022-06-20 01:30:47,091] {dag.py:2919} INFO - Setting next_dagrun for latest_only_with_trigger to 2022-06-19T21:30:47.091522+00:00, run_after=2022-06-20T01:30:47.091522+00:00
[2022-06-20 01:30:47,102] {processor.py:161} INFO - Processing /home/airflow/.local/lib/python3.7/site-packages/airflow/example_dags/example_latest_only_with_trigger.py took 0.059 seconds
[2022-06-20 01:31:17,318] {processor.py:153} INFO - Started process (PID=1272) to work on /home/airflow/.local/lib/python3.7/site-packages/airflow/example_dags/example_latest_only_with_trigger.py
[2022-06-20 01:31:17,320] {processor.py:641} INFO - Processing file /home/airflow/.local/lib/python3.7/site-packages/airflow/example_dags/example_latest_only_with_trigger.py for tasks to queue
[2022-06-20 01:31:17,321] {logging_mixin.py:115} INFO - [2022-06-20 01:31:17,321] {dagbag.py:507} INFO - Filling up the DagBag from /home/airflow/.local/lib/python3.7/site-packages/airflow/example_dags/example_latest_only_with_trigger.py
[2022-06-20 01:31:17,325] {processor.py:651} INFO - DAG(s) dict_keys(['latest_only_with_trigger']) retrieved from /home/airflow/.local/lib/python3.7/site-packages/airflow/example_dags/example_latest_only_with_trigger.py
[2022-06-20 01:31:17,343] {logging_mixin.py:115} INFO - [2022-06-20 01:31:17,343] {dag.py:2371} INFO - Sync 1 DAGs
[2022-06-20 01:31:17,356] {logging_mixin.py:115} INFO - [2022-06-20 01:31:17,356] {dag.py:2919} INFO - Setting next_dagrun for latest_only_with_trigger to 2022-06-19T21:31:17.356375+00:00, run_after=2022-06-20T01:31:17.356375+00:00
[2022-06-20 01:31:17,364] {processor.py:161} INFO - Processing /home/airflow/.local/lib/python3.7/site-packages/airflow/example_dags/example_latest_only_with_trigger.py took 0.048 seconds
[2022-06-20 01:31:47,584] {processor.py:153} INFO - Started process (PID=1344) to work on /home/airflow/.local/lib/python3.7/site-packages/airflow/example_dags/example_latest_only_with_trigger.py
[2022-06-20 01:31:47,586] {processor.py:641} INFO - Processing file /home/airflow/.local/lib/python3.7/site-packages/airflow/example_dags/example_latest_only_with_trigger.py for tasks to queue
[2022-06-20 01:31:47,587] {logging_mixin.py:115} INFO - [2022-06-20 01:31:47,587] {dagbag.py:507} INFO - Filling up the DagBag from /home/airflow/.local/lib/python3.7/site-packages/airflow/example_dags/example_latest_only_with_trigger.py
[2022-06-20 01:31:47,592] {processor.py:651} INFO - DAG(s) dict_keys(['latest_only_with_trigger']) retrieved from /home/airflow/.local/lib/python3.7/site-packages/airflow/example_dags/example_latest_only_with_trigger.py
[2022-06-20 01:31:47,611] {logging_mixin.py:115} INFO - [2022-06-20 01:31:47,611] {dag.py:2371} INFO - Sync 1 DAGs
[2022-06-20 01:31:47,626] {logging_mixin.py:115} INFO - [2022-06-20 01:31:47,626] {dag.py:2919} INFO - Setting next_dagrun for latest_only_with_trigger to 2022-06-19T21:31:47.626444+00:00, run_after=2022-06-20T01:31:47.626444+00:00
[2022-06-20 01:31:47,648] {processor.py:161} INFO - Processing /home/airflow/.local/lib/python3.7/site-packages/airflow/example_dags/example_latest_only_with_trigger.py took 0.066 seconds
[2022-06-20 01:32:18,131] {processor.py:153} INFO - Started process (PID=1417) to work on /home/airflow/.local/lib/python3.7/site-packages/airflow/example_dags/example_latest_only_with_trigger.py
[2022-06-20 01:32:18,134] {processor.py:641} INFO - Processing file /home/airflow/.local/lib/python3.7/site-packages/airflow/example_dags/example_latest_only_with_trigger.py for tasks to queue
[2022-06-20 01:32:18,136] {logging_mixin.py:115} INFO - [2022-06-20 01:32:18,136] {dagbag.py:507} INFO - Filling up the DagBag from /home/airflow/.local/lib/python3.7/site-packages/airflow/example_dags/example_latest_only_with_trigger.py
[2022-06-20 01:32:18,141] {processor.py:651} INFO - DAG(s) dict_keys(['latest_only_with_trigger']) retrieved from /home/airflow/.local/lib/python3.7/site-packages/airflow/example_dags/example_latest_only_with_trigger.py
[2022-06-20 01:32:18,180] {logging_mixin.py:115} INFO - [2022-06-20 01:32:18,180] {dag.py:2371} INFO - Sync 1 DAGs
[2022-06-20 01:32:18,198] {logging_mixin.py:115} INFO - [2022-06-20 01:32:18,198] {dag.py:2919} INFO - Setting next_dagrun for latest_only_with_trigger to 2022-06-19T21:32:18.197828+00:00, run_after=2022-06-20T01:32:18.197828+00:00
[2022-06-20 01:32:18,213] {processor.py:161} INFO - Processing /home/airflow/.local/lib/python3.7/site-packages/airflow/example_dags/example_latest_only_with_trigger.py took 0.084 seconds
[2022-06-20 01:32:48,509] {processor.py:153} INFO - Started process (PID=1493) to work on /home/airflow/.local/lib/python3.7/site-packages/airflow/example_dags/example_latest_only_with_trigger.py
[2022-06-20 01:32:48,511] {processor.py:641} INFO - Processing file /home/airflow/.local/lib/python3.7/site-packages/airflow/example_dags/example_latest_only_with_trigger.py for tasks to queue
[2022-06-20 01:32:48,512] {logging_mixin.py:115} INFO - [2022-06-20 01:32:48,512] {dagbag.py:507} INFO - Filling up the DagBag from /home/airflow/.local/lib/python3.7/site-packages/airflow/example_dags/example_latest_only_with_trigger.py
[2022-06-20 01:32:48,516] {processor.py:651} INFO - DAG(s) dict_keys(['latest_only_with_trigger']) retrieved from /home/airflow/.local/lib/python3.7/site-packages/airflow/example_dags/example_latest_only_with_trigger.py
[2022-06-20 01:32:48,543] {logging_mixin.py:115} INFO - [2022-06-20 01:32:48,543] {dag.py:2371} INFO - Sync 1 DAGs
[2022-06-20 01:32:48,557] {logging_mixin.py:115} INFO - [2022-06-20 01:32:48,557] {dag.py:2919} INFO - Setting next_dagrun for latest_only_with_trigger to 2022-06-19T21:32:48.557677+00:00, run_after=2022-06-20T01:32:48.557677+00:00
[2022-06-20 01:32:48,565] {processor.py:161} INFO - Processing /home/airflow/.local/lib/python3.7/site-packages/airflow/example_dags/example_latest_only_with_trigger.py took 0.058 seconds
[2022-06-20 01:33:19,375] {processor.py:153} INFO - Started process (PID=1572) to work on /home/airflow/.local/lib/python3.7/site-packages/airflow/example_dags/example_latest_only_with_trigger.py
[2022-06-20 01:33:19,378] {processor.py:641} INFO - Processing file /home/airflow/.local/lib/python3.7/site-packages/airflow/example_dags/example_latest_only_with_trigger.py for tasks to queue
[2022-06-20 01:33:19,380] {logging_mixin.py:115} INFO - [2022-06-20 01:33:19,380] {dagbag.py:507} INFO - Filling up the DagBag from /home/airflow/.local/lib/python3.7/site-packages/airflow/example_dags/example_latest_only_with_trigger.py
[2022-06-20 01:33:19,387] {processor.py:651} INFO - DAG(s) dict_keys(['latest_only_with_trigger']) retrieved from /home/airflow/.local/lib/python3.7/site-packages/airflow/example_dags/example_latest_only_with_trigger.py
[2022-06-20 01:33:19,411] {logging_mixin.py:115} INFO - [2022-06-20 01:33:19,411] {dag.py:2371} INFO - Sync 1 DAGs
[2022-06-20 01:33:19,425] {logging_mixin.py:115} INFO - [2022-06-20 01:33:19,425] {dag.py:2919} INFO - Setting next_dagrun for latest_only_with_trigger to 2022-06-19T21:33:19.425257+00:00, run_after=2022-06-20T01:33:19.425257+00:00
[2022-06-20 01:33:19,433] {processor.py:161} INFO - Processing /home/airflow/.local/lib/python3.7/site-packages/airflow/example_dags/example_latest_only_with_trigger.py took 0.064 seconds
[2022-06-20 01:33:42,844] {processor.py:153} INFO - Started process (PID=80) to work on /home/airflow/.local/lib/python3.7/site-packages/airflow/example_dags/example_latest_only_with_trigger.py
[2022-06-20 01:33:42,851] {processor.py:641} INFO - Processing file /home/airflow/.local/lib/python3.7/site-packages/airflow/example_dags/example_latest_only_with_trigger.py for tasks to queue
[2022-06-20 01:33:42,859] {logging_mixin.py:115} INFO - [2022-06-20 01:33:42,859] {dagbag.py:507} INFO - Filling up the DagBag from /home/airflow/.local/lib/python3.7/site-packages/airflow/example_dags/example_latest_only_with_trigger.py
[2022-06-20 01:33:42,873] {processor.py:651} INFO - DAG(s) dict_keys(['latest_only_with_trigger']) retrieved from /home/airflow/.local/lib/python3.7/site-packages/airflow/example_dags/example_latest_only_with_trigger.py
[2022-06-20 01:33:42,910] {logging_mixin.py:115} INFO - [2022-06-20 01:33:42,910] {dag.py:2371} INFO - Sync 1 DAGs
[2022-06-20 01:33:42,952] {logging_mixin.py:115} INFO - [2022-06-20 01:33:42,952] {dag.py:2919} INFO - Setting next_dagrun for latest_only_with_trigger to 2022-06-19T21:33:42.952438+00:00, run_after=2022-06-20T01:33:42.952438+00:00
[2022-06-20 01:33:42,981] {processor.py:161} INFO - Processing /home/airflow/.local/lib/python3.7/site-packages/airflow/example_dags/example_latest_only_with_trigger.py took 0.152 seconds
[2022-06-20 01:34:13,845] {processor.py:153} INFO - Started process (PID=146) to work on /home/airflow/.local/lib/python3.7/site-packages/airflow/example_dags/example_latest_only_with_trigger.py
[2022-06-20 01:34:13,846] {processor.py:641} INFO - Processing file /home/airflow/.local/lib/python3.7/site-packages/airflow/example_dags/example_latest_only_with_trigger.py for tasks to queue
[2022-06-20 01:34:13,847] {logging_mixin.py:115} INFO - [2022-06-20 01:34:13,847] {dagbag.py:507} INFO - Filling up the DagBag from /home/airflow/.local/lib/python3.7/site-packages/airflow/example_dags/example_latest_only_with_trigger.py
[2022-06-20 01:34:13,851] {processor.py:651} INFO - DAG(s) dict_keys(['latest_only_with_trigger']) retrieved from /home/airflow/.local/lib/python3.7/site-packages/airflow/example_dags/example_latest_only_with_trigger.py
[2022-06-20 01:34:13,872] {logging_mixin.py:115} INFO - [2022-06-20 01:34:13,872] {dag.py:2371} INFO - Sync 1 DAGs
[2022-06-20 01:34:13,886] {logging_mixin.py:115} INFO - [2022-06-20 01:34:13,886] {dag.py:2919} INFO - Setting next_dagrun for latest_only_with_trigger to 2022-06-19T21:34:13.886024+00:00, run_after=2022-06-20T01:34:13.886024+00:00
[2022-06-20 01:34:13,893] {processor.py:161} INFO - Processing /home/airflow/.local/lib/python3.7/site-packages/airflow/example_dags/example_latest_only_with_trigger.py took 0.051 seconds
[2022-06-20 01:34:43,959] {processor.py:153} INFO - Started process (PID=288) to work on /home/airflow/.local/lib/python3.7/site-packages/airflow/example_dags/example_latest_only_with_trigger.py
[2022-06-20 01:34:43,962] {processor.py:641} INFO - Processing file /home/airflow/.local/lib/python3.7/site-packages/airflow/example_dags/example_latest_only_with_trigger.py for tasks to queue
[2022-06-20 01:34:43,964] {logging_mixin.py:115} INFO - [2022-06-20 01:34:43,963] {dagbag.py:507} INFO - Filling up the DagBag from /home/airflow/.local/lib/python3.7/site-packages/airflow/example_dags/example_latest_only_with_trigger.py
[2022-06-20 01:34:43,968] {processor.py:651} INFO - DAG(s) dict_keys(['latest_only_with_trigger']) retrieved from /home/airflow/.local/lib/python3.7/site-packages/airflow/example_dags/example_latest_only_with_trigger.py
[2022-06-20 01:34:43,993] {logging_mixin.py:115} INFO - [2022-06-20 01:34:43,993] {dag.py:2371} INFO - Sync 1 DAGs
[2022-06-20 01:34:44,013] {logging_mixin.py:115} INFO - [2022-06-20 01:34:44,013] {dag.py:2919} INFO - Setting next_dagrun for latest_only_with_trigger to 2022-06-19T21:34:44.013551+00:00, run_after=2022-06-20T01:34:44.013551+00:00
[2022-06-20 01:34:44,026] {processor.py:161} INFO - Processing /home/airflow/.local/lib/python3.7/site-packages/airflow/example_dags/example_latest_only_with_trigger.py took 0.070 seconds
[2022-06-20 01:35:14,882] {processor.py:153} INFO - Started process (PID=365) to work on /home/airflow/.local/lib/python3.7/site-packages/airflow/example_dags/example_latest_only_with_trigger.py
[2022-06-20 01:35:14,884] {processor.py:641} INFO - Processing file /home/airflow/.local/lib/python3.7/site-packages/airflow/example_dags/example_latest_only_with_trigger.py for tasks to queue
[2022-06-20 01:35:14,886] {logging_mixin.py:115} INFO - [2022-06-20 01:35:14,886] {dagbag.py:507} INFO - Filling up the DagBag from /home/airflow/.local/lib/python3.7/site-packages/airflow/example_dags/example_latest_only_with_trigger.py
[2022-06-20 01:35:14,890] {processor.py:651} INFO - DAG(s) dict_keys(['latest_only_with_trigger']) retrieved from /home/airflow/.local/lib/python3.7/site-packages/airflow/example_dags/example_latest_only_with_trigger.py
[2022-06-20 01:35:14,907] {logging_mixin.py:115} INFO - [2022-06-20 01:35:14,907] {dag.py:2371} INFO - Sync 1 DAGs
[2022-06-20 01:35:14,922] {logging_mixin.py:115} INFO - [2022-06-20 01:35:14,922] {dag.py:2919} INFO - Setting next_dagrun for latest_only_with_trigger to 2022-06-19T21:35:14.921867+00:00, run_after=2022-06-20T01:35:14.921867+00:00
[2022-06-20 01:35:14,933] {processor.py:161} INFO - Processing /home/airflow/.local/lib/python3.7/site-packages/airflow/example_dags/example_latest_only_with_trigger.py took 0.053 seconds
[2022-06-20 01:35:45,324] {processor.py:153} INFO - Started process (PID=440) to work on /home/airflow/.local/lib/python3.7/site-packages/airflow/example_dags/example_latest_only_with_trigger.py
[2022-06-20 01:35:45,326] {processor.py:641} INFO - Processing file /home/airflow/.local/lib/python3.7/site-packages/airflow/example_dags/example_latest_only_with_trigger.py for tasks to queue
[2022-06-20 01:35:45,327] {logging_mixin.py:115} INFO - [2022-06-20 01:35:45,327] {dagbag.py:507} INFO - Filling up the DagBag from /home/airflow/.local/lib/python3.7/site-packages/airflow/example_dags/example_latest_only_with_trigger.py
[2022-06-20 01:35:45,331] {processor.py:651} INFO - DAG(s) dict_keys(['latest_only_with_trigger']) retrieved from /home/airflow/.local/lib/python3.7/site-packages/airflow/example_dags/example_latest_only_with_trigger.py
[2022-06-20 01:35:45,350] {logging_mixin.py:115} INFO - [2022-06-20 01:35:45,350] {dag.py:2371} INFO - Sync 1 DAGs
[2022-06-20 01:35:45,363] {logging_mixin.py:115} INFO - [2022-06-20 01:35:45,363] {dag.py:2919} INFO - Setting next_dagrun for latest_only_with_trigger to 2022-06-19T21:35:45.363546+00:00, run_after=2022-06-20T01:35:45.363546+00:00
[2022-06-20 01:35:45,372] {processor.py:161} INFO - Processing /home/airflow/.local/lib/python3.7/site-packages/airflow/example_dags/example_latest_only_with_trigger.py took 0.050 seconds
[2022-06-20 01:36:15,997] {processor.py:153} INFO - Started process (PID=515) to work on /home/airflow/.local/lib/python3.7/site-packages/airflow/example_dags/example_latest_only_with_trigger.py
[2022-06-20 01:36:15,999] {processor.py:641} INFO - Processing file /home/airflow/.local/lib/python3.7/site-packages/airflow/example_dags/example_latest_only_with_trigger.py for tasks to queue
[2022-06-20 01:36:16,001] {logging_mixin.py:115} INFO - [2022-06-20 01:36:16,001] {dagbag.py:507} INFO - Filling up the DagBag from /home/airflow/.local/lib/python3.7/site-packages/airflow/example_dags/example_latest_only_with_trigger.py
[2022-06-20 01:36:16,008] {processor.py:651} INFO - DAG(s) dict_keys(['latest_only_with_trigger']) retrieved from /home/airflow/.local/lib/python3.7/site-packages/airflow/example_dags/example_latest_only_with_trigger.py
[2022-06-20 01:36:16,050] {logging_mixin.py:115} INFO - [2022-06-20 01:36:16,050] {dag.py:2371} INFO - Sync 1 DAGs
[2022-06-20 01:36:16,082] {logging_mixin.py:115} INFO - [2022-06-20 01:36:16,082] {dag.py:2919} INFO - Setting next_dagrun for latest_only_with_trigger to 2022-06-19T21:36:16.082481+00:00, run_after=2022-06-20T01:36:16.082481+00:00
[2022-06-20 01:36:16,118] {processor.py:161} INFO - Processing /home/airflow/.local/lib/python3.7/site-packages/airflow/example_dags/example_latest_only_with_trigger.py took 0.124 seconds
[2022-06-20 01:36:46,820] {processor.py:153} INFO - Started process (PID=580) to work on /home/airflow/.local/lib/python3.7/site-packages/airflow/example_dags/example_latest_only_with_trigger.py
[2022-06-20 01:36:46,822] {processor.py:641} INFO - Processing file /home/airflow/.local/lib/python3.7/site-packages/airflow/example_dags/example_latest_only_with_trigger.py for tasks to queue
[2022-06-20 01:36:46,825] {logging_mixin.py:115} INFO - [2022-06-20 01:36:46,825] {dagbag.py:507} INFO - Filling up the DagBag from /home/airflow/.local/lib/python3.7/site-packages/airflow/example_dags/example_latest_only_with_trigger.py
[2022-06-20 01:36:46,832] {processor.py:651} INFO - DAG(s) dict_keys(['latest_only_with_trigger']) retrieved from /home/airflow/.local/lib/python3.7/site-packages/airflow/example_dags/example_latest_only_with_trigger.py
[2022-06-20 01:36:46,858] {logging_mixin.py:115} INFO - [2022-06-20 01:36:46,858] {dag.py:2371} INFO - Sync 1 DAGs
[2022-06-20 01:36:46,873] {logging_mixin.py:115} INFO - [2022-06-20 01:36:46,873] {dag.py:2919} INFO - Setting next_dagrun for latest_only_with_trigger to 2022-06-19T21:36:46.873073+00:00, run_after=2022-06-20T01:36:46.873073+00:00
[2022-06-20 01:36:46,885] {processor.py:161} INFO - Processing /home/airflow/.local/lib/python3.7/site-packages/airflow/example_dags/example_latest_only_with_trigger.py took 0.067 seconds
[2022-06-20 01:37:17,630] {processor.py:153} INFO - Started process (PID=655) to work on /home/airflow/.local/lib/python3.7/site-packages/airflow/example_dags/example_latest_only_with_trigger.py
[2022-06-20 01:37:17,631] {processor.py:641} INFO - Processing file /home/airflow/.local/lib/python3.7/site-packages/airflow/example_dags/example_latest_only_with_trigger.py for tasks to queue
[2022-06-20 01:37:17,632] {logging_mixin.py:115} INFO - [2022-06-20 01:37:17,632] {dagbag.py:507} INFO - Filling up the DagBag from /home/airflow/.local/lib/python3.7/site-packages/airflow/example_dags/example_latest_only_with_trigger.py
[2022-06-20 01:37:17,637] {processor.py:651} INFO - DAG(s) dict_keys(['latest_only_with_trigger']) retrieved from /home/airflow/.local/lib/python3.7/site-packages/airflow/example_dags/example_latest_only_with_trigger.py
[2022-06-20 01:37:17,656] {logging_mixin.py:115} INFO - [2022-06-20 01:37:17,656] {dag.py:2371} INFO - Sync 1 DAGs
[2022-06-20 01:37:17,672] {logging_mixin.py:115} INFO - [2022-06-20 01:37:17,672] {dag.py:2919} INFO - Setting next_dagrun for latest_only_with_trigger to 2022-06-19T21:37:17.671991+00:00, run_after=2022-06-20T01:37:17.671991+00:00
[2022-06-20 01:37:17,684] {processor.py:161} INFO - Processing /home/airflow/.local/lib/python3.7/site-packages/airflow/example_dags/example_latest_only_with_trigger.py took 0.057 seconds
[2022-06-20 01:37:47,902] {processor.py:153} INFO - Started process (PID=730) to work on /home/airflow/.local/lib/python3.7/site-packages/airflow/example_dags/example_latest_only_with_trigger.py
[2022-06-20 01:37:47,903] {processor.py:641} INFO - Processing file /home/airflow/.local/lib/python3.7/site-packages/airflow/example_dags/example_latest_only_with_trigger.py for tasks to queue
[2022-06-20 01:37:47,905] {logging_mixin.py:115} INFO - [2022-06-20 01:37:47,905] {dagbag.py:507} INFO - Filling up the DagBag from /home/airflow/.local/lib/python3.7/site-packages/airflow/example_dags/example_latest_only_with_trigger.py
[2022-06-20 01:37:47,909] {processor.py:651} INFO - DAG(s) dict_keys(['latest_only_with_trigger']) retrieved from /home/airflow/.local/lib/python3.7/site-packages/airflow/example_dags/example_latest_only_with_trigger.py
[2022-06-20 01:37:47,928] {logging_mixin.py:115} INFO - [2022-06-20 01:37:47,928] {dag.py:2371} INFO - Sync 1 DAGs
[2022-06-20 01:37:47,943] {logging_mixin.py:115} INFO - [2022-06-20 01:37:47,943] {dag.py:2919} INFO - Setting next_dagrun for latest_only_with_trigger to 2022-06-19T21:37:47.942858+00:00, run_after=2022-06-20T01:37:47.942858+00:00
[2022-06-20 01:37:47,952] {processor.py:161} INFO - Processing /home/airflow/.local/lib/python3.7/site-packages/airflow/example_dags/example_latest_only_with_trigger.py took 0.053 seconds
[2022-06-20 01:38:18,054] {processor.py:153} INFO - Started process (PID=805) to work on /home/airflow/.local/lib/python3.7/site-packages/airflow/example_dags/example_latest_only_with_trigger.py
[2022-06-20 01:38:18,057] {processor.py:641} INFO - Processing file /home/airflow/.local/lib/python3.7/site-packages/airflow/example_dags/example_latest_only_with_trigger.py for tasks to queue
[2022-06-20 01:38:18,059] {logging_mixin.py:115} INFO - [2022-06-20 01:38:18,059] {dagbag.py:507} INFO - Filling up the DagBag from /home/airflow/.local/lib/python3.7/site-packages/airflow/example_dags/example_latest_only_with_trigger.py
[2022-06-20 01:38:18,063] {processor.py:651} INFO - DAG(s) dict_keys(['latest_only_with_trigger']) retrieved from /home/airflow/.local/lib/python3.7/site-packages/airflow/example_dags/example_latest_only_with_trigger.py
[2022-06-20 01:38:18,084] {logging_mixin.py:115} INFO - [2022-06-20 01:38:18,084] {dag.py:2371} INFO - Sync 1 DAGs
[2022-06-20 01:38:18,100] {logging_mixin.py:115} INFO - [2022-06-20 01:38:18,100] {dag.py:2919} INFO - Setting next_dagrun for latest_only_with_trigger to 2022-06-19T21:38:18.100175+00:00, run_after=2022-06-20T01:38:18.100175+00:00
[2022-06-20 01:38:18,108] {processor.py:161} INFO - Processing /home/airflow/.local/lib/python3.7/site-packages/airflow/example_dags/example_latest_only_with_trigger.py took 0.057 seconds
[2022-06-20 01:38:48,630] {processor.py:153} INFO - Started process (PID=880) to work on /home/airflow/.local/lib/python3.7/site-packages/airflow/example_dags/example_latest_only_with_trigger.py
[2022-06-20 01:38:48,632] {processor.py:641} INFO - Processing file /home/airflow/.local/lib/python3.7/site-packages/airflow/example_dags/example_latest_only_with_trigger.py for tasks to queue
[2022-06-20 01:38:48,633] {logging_mixin.py:115} INFO - [2022-06-20 01:38:48,633] {dagbag.py:507} INFO - Filling up the DagBag from /home/airflow/.local/lib/python3.7/site-packages/airflow/example_dags/example_latest_only_with_trigger.py
[2022-06-20 01:38:48,638] {processor.py:651} INFO - DAG(s) dict_keys(['latest_only_with_trigger']) retrieved from /home/airflow/.local/lib/python3.7/site-packages/airflow/example_dags/example_latest_only_with_trigger.py
[2022-06-20 01:38:48,655] {logging_mixin.py:115} INFO - [2022-06-20 01:38:48,655] {dag.py:2371} INFO - Sync 1 DAGs
[2022-06-20 01:38:48,668] {logging_mixin.py:115} INFO - [2022-06-20 01:38:48,668] {dag.py:2919} INFO - Setting next_dagrun for latest_only_with_trigger to 2022-06-19T21:38:48.668623+00:00, run_after=2022-06-20T01:38:48.668623+00:00
[2022-06-20 01:38:48,677] {processor.py:161} INFO - Processing /home/airflow/.local/lib/python3.7/site-packages/airflow/example_dags/example_latest_only_with_trigger.py took 0.049 seconds
[2022-06-20 01:39:19,302] {processor.py:153} INFO - Started process (PID=980) to work on /home/airflow/.local/lib/python3.7/site-packages/airflow/example_dags/example_latest_only_with_trigger.py
[2022-06-20 01:39:19,303] {processor.py:641} INFO - Processing file /home/airflow/.local/lib/python3.7/site-packages/airflow/example_dags/example_latest_only_with_trigger.py for tasks to queue
[2022-06-20 01:39:19,304] {logging_mixin.py:115} INFO - [2022-06-20 01:39:19,304] {dagbag.py:507} INFO - Filling up the DagBag from /home/airflow/.local/lib/python3.7/site-packages/airflow/example_dags/example_latest_only_with_trigger.py
[2022-06-20 01:39:19,309] {processor.py:651} INFO - DAG(s) dict_keys(['latest_only_with_trigger']) retrieved from /home/airflow/.local/lib/python3.7/site-packages/airflow/example_dags/example_latest_only_with_trigger.py
[2022-06-20 01:39:19,330] {logging_mixin.py:115} INFO - [2022-06-20 01:39:19,330] {dag.py:2371} INFO - Sync 1 DAGs
[2022-06-20 01:39:19,343] {logging_mixin.py:115} INFO - [2022-06-20 01:39:19,342] {dag.py:2919} INFO - Setting next_dagrun for latest_only_with_trigger to 2022-06-19T21:39:19.342833+00:00, run_after=2022-06-20T01:39:19.342833+00:00
[2022-06-20 01:39:19,352] {processor.py:161} INFO - Processing /home/airflow/.local/lib/python3.7/site-packages/airflow/example_dags/example_latest_only_with_trigger.py took 0.052 seconds
[2022-06-20 01:39:49,498] {processor.py:153} INFO - Started process (PID=1045) to work on /home/airflow/.local/lib/python3.7/site-packages/airflow/example_dags/example_latest_only_with_trigger.py
[2022-06-20 01:39:49,503] {processor.py:641} INFO - Processing file /home/airflow/.local/lib/python3.7/site-packages/airflow/example_dags/example_latest_only_with_trigger.py for tasks to queue
[2022-06-20 01:39:49,504] {logging_mixin.py:115} INFO - [2022-06-20 01:39:49,504] {dagbag.py:507} INFO - Filling up the DagBag from /home/airflow/.local/lib/python3.7/site-packages/airflow/example_dags/example_latest_only_with_trigger.py
[2022-06-20 01:39:49,509] {processor.py:651} INFO - DAG(s) dict_keys(['latest_only_with_trigger']) retrieved from /home/airflow/.local/lib/python3.7/site-packages/airflow/example_dags/example_latest_only_with_trigger.py
[2022-06-20 01:39:49,528] {logging_mixin.py:115} INFO - [2022-06-20 01:39:49,528] {dag.py:2371} INFO - Sync 1 DAGs
[2022-06-20 01:39:49,546] {logging_mixin.py:115} INFO - [2022-06-20 01:39:49,546] {dag.py:2919} INFO - Setting next_dagrun for latest_only_with_trigger to 2022-06-19T21:39:49.546268+00:00, run_after=2022-06-20T01:39:49.546268+00:00
[2022-06-20 01:39:49,557] {processor.py:161} INFO - Processing /home/airflow/.local/lib/python3.7/site-packages/airflow/example_dags/example_latest_only_with_trigger.py took 0.061 seconds
[2022-06-20 01:40:20,513] {processor.py:153} INFO - Started process (PID=1116) to work on /home/airflow/.local/lib/python3.7/site-packages/airflow/example_dags/example_latest_only_with_trigger.py
[2022-06-20 01:40:20,516] {processor.py:641} INFO - Processing file /home/airflow/.local/lib/python3.7/site-packages/airflow/example_dags/example_latest_only_with_trigger.py for tasks to queue
[2022-06-20 01:40:20,519] {logging_mixin.py:115} INFO - [2022-06-20 01:40:20,518] {dagbag.py:507} INFO - Filling up the DagBag from /home/airflow/.local/lib/python3.7/site-packages/airflow/example_dags/example_latest_only_with_trigger.py
[2022-06-20 01:40:20,524] {processor.py:651} INFO - DAG(s) dict_keys(['latest_only_with_trigger']) retrieved from /home/airflow/.local/lib/python3.7/site-packages/airflow/example_dags/example_latest_only_with_trigger.py
[2022-06-20 01:40:20,569] {logging_mixin.py:115} INFO - [2022-06-20 01:40:20,569] {dag.py:2371} INFO - Sync 1 DAGs
[2022-06-20 01:40:20,591] {logging_mixin.py:115} INFO - [2022-06-20 01:40:20,591] {dag.py:2919} INFO - Setting next_dagrun for latest_only_with_trigger to 2022-06-19T21:40:20.591213+00:00, run_after=2022-06-20T01:40:20.591213+00:00
[2022-06-20 01:40:20,603] {processor.py:161} INFO - Processing /home/airflow/.local/lib/python3.7/site-packages/airflow/example_dags/example_latest_only_with_trigger.py took 0.094 seconds
[2022-06-20 01:40:51,216] {processor.py:153} INFO - Started process (PID=1190) to work on /home/airflow/.local/lib/python3.7/site-packages/airflow/example_dags/example_latest_only_with_trigger.py
[2022-06-20 01:40:51,217] {processor.py:641} INFO - Processing file /home/airflow/.local/lib/python3.7/site-packages/airflow/example_dags/example_latest_only_with_trigger.py for tasks to queue
[2022-06-20 01:40:51,218] {logging_mixin.py:115} INFO - [2022-06-20 01:40:51,218] {dagbag.py:507} INFO - Filling up the DagBag from /home/airflow/.local/lib/python3.7/site-packages/airflow/example_dags/example_latest_only_with_trigger.py
[2022-06-20 01:40:51,222] {processor.py:651} INFO - DAG(s) dict_keys(['latest_only_with_trigger']) retrieved from /home/airflow/.local/lib/python3.7/site-packages/airflow/example_dags/example_latest_only_with_trigger.py
[2022-06-20 01:40:51,238] {logging_mixin.py:115} INFO - [2022-06-20 01:40:51,238] {dag.py:2371} INFO - Sync 1 DAGs
[2022-06-20 01:40:51,253] {logging_mixin.py:115} INFO - [2022-06-20 01:40:51,252] {dag.py:2919} INFO - Setting next_dagrun for latest_only_with_trigger to 2022-06-19T21:40:51.252800+00:00, run_after=2022-06-20T01:40:51.252800+00:00
[2022-06-20 01:40:51,263] {processor.py:161} INFO - Processing /home/airflow/.local/lib/python3.7/site-packages/airflow/example_dags/example_latest_only_with_trigger.py took 0.050 seconds
[2022-06-20 01:41:21,965] {processor.py:153} INFO - Started process (PID=1263) to work on /home/airflow/.local/lib/python3.7/site-packages/airflow/example_dags/example_latest_only_with_trigger.py
[2022-06-20 01:41:21,967] {processor.py:641} INFO - Processing file /home/airflow/.local/lib/python3.7/site-packages/airflow/example_dags/example_latest_only_with_trigger.py for tasks to queue
[2022-06-20 01:41:21,968] {logging_mixin.py:115} INFO - [2022-06-20 01:41:21,968] {dagbag.py:507} INFO - Filling up the DagBag from /home/airflow/.local/lib/python3.7/site-packages/airflow/example_dags/example_latest_only_with_trigger.py
[2022-06-20 01:41:21,972] {processor.py:651} INFO - DAG(s) dict_keys(['latest_only_with_trigger']) retrieved from /home/airflow/.local/lib/python3.7/site-packages/airflow/example_dags/example_latest_only_with_trigger.py
[2022-06-20 01:41:21,990] {logging_mixin.py:115} INFO - [2022-06-20 01:41:21,990] {dag.py:2371} INFO - Sync 1 DAGs
[2022-06-20 01:41:22,004] {logging_mixin.py:115} INFO - [2022-06-20 01:41:22,004] {dag.py:2919} INFO - Setting next_dagrun for latest_only_with_trigger to 2022-06-19T21:41:22.004018+00:00, run_after=2022-06-20T01:41:22.004018+00:00
[2022-06-20 01:41:22,012] {processor.py:161} INFO - Processing /home/airflow/.local/lib/python3.7/site-packages/airflow/example_dags/example_latest_only_with_trigger.py took 0.049 seconds
[2022-06-20 01:41:52,969] {processor.py:153} INFO - Started process (PID=1337) to work on /home/airflow/.local/lib/python3.7/site-packages/airflow/example_dags/example_latest_only_with_trigger.py
[2022-06-20 01:41:52,971] {processor.py:641} INFO - Processing file /home/airflow/.local/lib/python3.7/site-packages/airflow/example_dags/example_latest_only_with_trigger.py for tasks to queue
[2022-06-20 01:41:52,972] {logging_mixin.py:115} INFO - [2022-06-20 01:41:52,971] {dagbag.py:507} INFO - Filling up the DagBag from /home/airflow/.local/lib/python3.7/site-packages/airflow/example_dags/example_latest_only_with_trigger.py
[2022-06-20 01:41:52,977] {processor.py:651} INFO - DAG(s) dict_keys(['latest_only_with_trigger']) retrieved from /home/airflow/.local/lib/python3.7/site-packages/airflow/example_dags/example_latest_only_with_trigger.py
[2022-06-20 01:41:52,997] {logging_mixin.py:115} INFO - [2022-06-20 01:41:52,997] {dag.py:2371} INFO - Sync 1 DAGs
[2022-06-20 01:41:53,011] {logging_mixin.py:115} INFO - [2022-06-20 01:41:53,011] {dag.py:2919} INFO - Setting next_dagrun for latest_only_with_trigger to 2022-06-19T21:41:53.011331+00:00, run_after=2022-06-20T01:41:53.011331+00:00
[2022-06-20 01:41:53,018] {processor.py:161} INFO - Processing /home/airflow/.local/lib/python3.7/site-packages/airflow/example_dags/example_latest_only_with_trigger.py took 0.051 seconds
[2022-06-20 01:42:23,924] {processor.py:153} INFO - Started process (PID=1411) to work on /home/airflow/.local/lib/python3.7/site-packages/airflow/example_dags/example_latest_only_with_trigger.py
[2022-06-20 01:42:23,925] {processor.py:641} INFO - Processing file /home/airflow/.local/lib/python3.7/site-packages/airflow/example_dags/example_latest_only_with_trigger.py for tasks to queue
[2022-06-20 01:42:23,927] {logging_mixin.py:115} INFO - [2022-06-20 01:42:23,927] {dagbag.py:507} INFO - Filling up the DagBag from /home/airflow/.local/lib/python3.7/site-packages/airflow/example_dags/example_latest_only_with_trigger.py
[2022-06-20 01:42:23,931] {processor.py:651} INFO - DAG(s) dict_keys(['latest_only_with_trigger']) retrieved from /home/airflow/.local/lib/python3.7/site-packages/airflow/example_dags/example_latest_only_with_trigger.py
[2022-06-20 01:42:23,950] {logging_mixin.py:115} INFO - [2022-06-20 01:42:23,950] {dag.py:2371} INFO - Sync 1 DAGs
[2022-06-20 01:42:23,964] {logging_mixin.py:115} INFO - [2022-06-20 01:42:23,964] {dag.py:2919} INFO - Setting next_dagrun for latest_only_with_trigger to 2022-06-19T21:42:23.964705+00:00, run_after=2022-06-20T01:42:23.964705+00:00
[2022-06-20 01:42:23,973] {processor.py:161} INFO - Processing /home/airflow/.local/lib/python3.7/site-packages/airflow/example_dags/example_latest_only_with_trigger.py took 0.052 seconds
