[2022-06-20 01:19:35,115] {processor.py:153} INFO - Started process (PID=82) to work on /home/airflow/.local/lib/python3.7/site-packages/airflow/example_dags/example_task_group.py
[2022-06-20 01:19:35,117] {processor.py:641} INFO - Processing file /home/airflow/.local/lib/python3.7/site-packages/airflow/example_dags/example_task_group.py for tasks to queue
[2022-06-20 01:19:35,119] {logging_mixin.py:115} INFO - [2022-06-20 01:19:35,119] {dagbag.py:507} INFO - Filling up the DagBag from /home/airflow/.local/lib/python3.7/site-packages/airflow/example_dags/example_task_group.py
[2022-06-20 01:19:35,125] {processor.py:651} INFO - DAG(s) dict_keys(['example_task_group']) retrieved from /home/airflow/.local/lib/python3.7/site-packages/airflow/example_dags/example_task_group.py
[2022-06-20 01:19:35,152] {logging_mixin.py:115} INFO - [2022-06-20 01:19:35,151] {dag.py:2371} INFO - Sync 1 DAGs
[2022-06-20 01:19:35,169] {logging_mixin.py:115} INFO - [2022-06-20 01:19:35,169] {dag.py:2919} INFO - Setting next_dagrun for example_task_group to 2022-06-19T01:19:35.169347+00:00, run_after=2022-06-20T01:19:35.169347+00:00
[2022-06-20 01:19:35,182] {processor.py:161} INFO - Processing /home/airflow/.local/lib/python3.7/site-packages/airflow/example_dags/example_task_group.py took 0.069 seconds
[2022-06-20 01:22:38,237] {processor.py:153} INFO - Started process (PID=73) to work on /home/airflow/.local/lib/python3.7/site-packages/airflow/example_dags/example_task_group.py
[2022-06-20 01:22:38,240] {processor.py:641} INFO - Processing file /home/airflow/.local/lib/python3.7/site-packages/airflow/example_dags/example_task_group.py for tasks to queue
[2022-06-20 01:22:38,243] {logging_mixin.py:115} INFO - [2022-06-20 01:22:38,243] {dagbag.py:507} INFO - Filling up the DagBag from /home/airflow/.local/lib/python3.7/site-packages/airflow/example_dags/example_task_group.py
[2022-06-20 01:22:38,275] {processor.py:651} INFO - DAG(s) dict_keys(['example_task_group']) retrieved from /home/airflow/.local/lib/python3.7/site-packages/airflow/example_dags/example_task_group.py
[2022-06-20 01:22:38,380] {logging_mixin.py:115} INFO - [2022-06-20 01:22:38,380] {manager.py:508} INFO - Created Permission View: can delete on DAG:example_task_group
[2022-06-20 01:22:38,405] {logging_mixin.py:115} INFO - [2022-06-20 01:22:38,405] {manager.py:508} INFO - Created Permission View: can read on DAG:example_task_group
[2022-06-20 01:22:38,419] {logging_mixin.py:115} INFO - [2022-06-20 01:22:38,419] {manager.py:508} INFO - Created Permission View: can edit on DAG:example_task_group
[2022-06-20 01:22:38,426] {logging_mixin.py:115} INFO - [2022-06-20 01:22:38,426] {dag.py:2371} INFO - Sync 1 DAGs
[2022-06-20 01:22:38,442] {logging_mixin.py:115} INFO - [2022-06-20 01:22:38,441] {dag.py:2390} INFO - Creating ORM DAG for example_task_group
[2022-06-20 01:22:38,629] {logging_mixin.py:115} INFO - [2022-06-20 01:22:38,629] {dag.py:2919} INFO - Setting next_dagrun for example_task_group to 2022-06-19T01:22:38.629658+00:00, run_after=2022-06-20T01:22:38.629658+00:00
[2022-06-20 01:22:38,646] {processor.py:161} INFO - Processing /home/airflow/.local/lib/python3.7/site-packages/airflow/example_dags/example_task_group.py took 0.413 seconds
[2022-06-20 01:23:09,173] {processor.py:153} INFO - Started process (PID=146) to work on /home/airflow/.local/lib/python3.7/site-packages/airflow/example_dags/example_task_group.py
[2022-06-20 01:23:09,175] {processor.py:641} INFO - Processing file /home/airflow/.local/lib/python3.7/site-packages/airflow/example_dags/example_task_group.py for tasks to queue
[2022-06-20 01:23:09,177] {logging_mixin.py:115} INFO - [2022-06-20 01:23:09,177] {dagbag.py:507} INFO - Filling up the DagBag from /home/airflow/.local/lib/python3.7/site-packages/airflow/example_dags/example_task_group.py
[2022-06-20 01:23:09,182] {processor.py:651} INFO - DAG(s) dict_keys(['example_task_group']) retrieved from /home/airflow/.local/lib/python3.7/site-packages/airflow/example_dags/example_task_group.py
[2022-06-20 01:23:09,203] {logging_mixin.py:115} INFO - [2022-06-20 01:23:09,203] {dag.py:2371} INFO - Sync 1 DAGs
[2022-06-20 01:23:09,216] {logging_mixin.py:115} INFO - [2022-06-20 01:23:09,216] {dag.py:2919} INFO - Setting next_dagrun for example_task_group to 2022-06-19T01:23:09.216436+00:00, run_after=2022-06-20T01:23:09.216436+00:00
[2022-06-20 01:23:09,224] {processor.py:161} INFO - Processing /home/airflow/.local/lib/python3.7/site-packages/airflow/example_dags/example_task_group.py took 0.056 seconds
[2022-06-20 01:23:39,451] {processor.py:153} INFO - Started process (PID=218) to work on /home/airflow/.local/lib/python3.7/site-packages/airflow/example_dags/example_task_group.py
[2022-06-20 01:23:39,455] {processor.py:641} INFO - Processing file /home/airflow/.local/lib/python3.7/site-packages/airflow/example_dags/example_task_group.py for tasks to queue
[2022-06-20 01:23:39,457] {logging_mixin.py:115} INFO - [2022-06-20 01:23:39,457] {dagbag.py:507} INFO - Filling up the DagBag from /home/airflow/.local/lib/python3.7/site-packages/airflow/example_dags/example_task_group.py
[2022-06-20 01:23:39,462] {processor.py:651} INFO - DAG(s) dict_keys(['example_task_group']) retrieved from /home/airflow/.local/lib/python3.7/site-packages/airflow/example_dags/example_task_group.py
[2022-06-20 01:23:39,485] {logging_mixin.py:115} INFO - [2022-06-20 01:23:39,485] {dag.py:2371} INFO - Sync 1 DAGs
[2022-06-20 01:23:39,499] {logging_mixin.py:115} INFO - [2022-06-20 01:23:39,499] {dag.py:2919} INFO - Setting next_dagrun for example_task_group to 2022-06-19T01:23:39.499573+00:00, run_after=2022-06-20T01:23:39.499573+00:00
[2022-06-20 01:23:39,507] {processor.py:161} INFO - Processing /home/airflow/.local/lib/python3.7/site-packages/airflow/example_dags/example_task_group.py took 0.059 seconds
[2022-06-20 01:24:10,378] {processor.py:153} INFO - Started process (PID=290) to work on /home/airflow/.local/lib/python3.7/site-packages/airflow/example_dags/example_task_group.py
[2022-06-20 01:24:10,379] {processor.py:641} INFO - Processing file /home/airflow/.local/lib/python3.7/site-packages/airflow/example_dags/example_task_group.py for tasks to queue
[2022-06-20 01:24:10,381] {logging_mixin.py:115} INFO - [2022-06-20 01:24:10,380] {dagbag.py:507} INFO - Filling up the DagBag from /home/airflow/.local/lib/python3.7/site-packages/airflow/example_dags/example_task_group.py
[2022-06-20 01:24:10,385] {processor.py:651} INFO - DAG(s) dict_keys(['example_task_group']) retrieved from /home/airflow/.local/lib/python3.7/site-packages/airflow/example_dags/example_task_group.py
[2022-06-20 01:24:10,405] {logging_mixin.py:115} INFO - [2022-06-20 01:24:10,405] {dag.py:2371} INFO - Sync 1 DAGs
[2022-06-20 01:24:10,419] {logging_mixin.py:115} INFO - [2022-06-20 01:24:10,418] {dag.py:2919} INFO - Setting next_dagrun for example_task_group to 2022-06-19T01:24:10.418822+00:00, run_after=2022-06-20T01:24:10.418822+00:00
[2022-06-20 01:24:10,428] {processor.py:161} INFO - Processing /home/airflow/.local/lib/python3.7/site-packages/airflow/example_dags/example_task_group.py took 0.052 seconds
[2022-06-20 01:24:40,589] {processor.py:153} INFO - Started process (PID=359) to work on /home/airflow/.local/lib/python3.7/site-packages/airflow/example_dags/example_task_group.py
[2022-06-20 01:24:40,590] {processor.py:641} INFO - Processing file /home/airflow/.local/lib/python3.7/site-packages/airflow/example_dags/example_task_group.py for tasks to queue
[2022-06-20 01:24:40,591] {logging_mixin.py:115} INFO - [2022-06-20 01:24:40,591] {dagbag.py:507} INFO - Filling up the DagBag from /home/airflow/.local/lib/python3.7/site-packages/airflow/example_dags/example_task_group.py
[2022-06-20 01:24:40,596] {processor.py:651} INFO - DAG(s) dict_keys(['example_task_group']) retrieved from /home/airflow/.local/lib/python3.7/site-packages/airflow/example_dags/example_task_group.py
[2022-06-20 01:24:40,616] {logging_mixin.py:115} INFO - [2022-06-20 01:24:40,616] {dag.py:2371} INFO - Sync 1 DAGs
[2022-06-20 01:24:40,631] {logging_mixin.py:115} INFO - [2022-06-20 01:24:40,631] {dag.py:2919} INFO - Setting next_dagrun for example_task_group to 2022-06-19T01:24:40.631181+00:00, run_after=2022-06-20T01:24:40.631181+00:00
[2022-06-20 01:24:40,641] {processor.py:161} INFO - Processing /home/airflow/.local/lib/python3.7/site-packages/airflow/example_dags/example_task_group.py took 0.054 seconds
[2022-06-20 01:25:10,713] {processor.py:153} INFO - Started process (PID=422) to work on /home/airflow/.local/lib/python3.7/site-packages/airflow/example_dags/example_task_group.py
[2022-06-20 01:25:10,715] {processor.py:641} INFO - Processing file /home/airflow/.local/lib/python3.7/site-packages/airflow/example_dags/example_task_group.py for tasks to queue
[2022-06-20 01:25:10,716] {logging_mixin.py:115} INFO - [2022-06-20 01:25:10,716] {dagbag.py:507} INFO - Filling up the DagBag from /home/airflow/.local/lib/python3.7/site-packages/airflow/example_dags/example_task_group.py
[2022-06-20 01:25:10,722] {processor.py:651} INFO - DAG(s) dict_keys(['example_task_group']) retrieved from /home/airflow/.local/lib/python3.7/site-packages/airflow/example_dags/example_task_group.py
[2022-06-20 01:25:10,741] {logging_mixin.py:115} INFO - [2022-06-20 01:25:10,741] {dag.py:2371} INFO - Sync 1 DAGs
[2022-06-20 01:25:10,755] {logging_mixin.py:115} INFO - [2022-06-20 01:25:10,755] {dag.py:2919} INFO - Setting next_dagrun for example_task_group to 2022-06-19T01:25:10.755102+00:00, run_after=2022-06-20T01:25:10.755102+00:00
[2022-06-20 01:25:10,764] {processor.py:161} INFO - Processing /home/airflow/.local/lib/python3.7/site-packages/airflow/example_dags/example_task_group.py took 0.053 seconds
[2022-06-20 01:25:40,901] {processor.py:153} INFO - Started process (PID=494) to work on /home/airflow/.local/lib/python3.7/site-packages/airflow/example_dags/example_task_group.py
[2022-06-20 01:25:40,903] {processor.py:641} INFO - Processing file /home/airflow/.local/lib/python3.7/site-packages/airflow/example_dags/example_task_group.py for tasks to queue
[2022-06-20 01:25:40,905] {logging_mixin.py:115} INFO - [2022-06-20 01:25:40,905] {dagbag.py:507} INFO - Filling up the DagBag from /home/airflow/.local/lib/python3.7/site-packages/airflow/example_dags/example_task_group.py
[2022-06-20 01:25:40,910] {processor.py:651} INFO - DAG(s) dict_keys(['example_task_group']) retrieved from /home/airflow/.local/lib/python3.7/site-packages/airflow/example_dags/example_task_group.py
[2022-06-20 01:25:40,932] {logging_mixin.py:115} INFO - [2022-06-20 01:25:40,932] {dag.py:2371} INFO - Sync 1 DAGs
[2022-06-20 01:25:40,948] {logging_mixin.py:115} INFO - [2022-06-20 01:25:40,948] {dag.py:2919} INFO - Setting next_dagrun for example_task_group to 2022-06-19T01:25:40.948111+00:00, run_after=2022-06-20T01:25:40.948111+00:00
[2022-06-20 01:25:40,961] {processor.py:161} INFO - Processing /home/airflow/.local/lib/python3.7/site-packages/airflow/example_dags/example_task_group.py took 0.062 seconds
[2022-06-20 01:26:11,106] {processor.py:153} INFO - Started process (PID=564) to work on /home/airflow/.local/lib/python3.7/site-packages/airflow/example_dags/example_task_group.py
[2022-06-20 01:26:11,109] {processor.py:641} INFO - Processing file /home/airflow/.local/lib/python3.7/site-packages/airflow/example_dags/example_task_group.py for tasks to queue
[2022-06-20 01:26:11,110] {logging_mixin.py:115} INFO - [2022-06-20 01:26:11,110] {dagbag.py:507} INFO - Filling up the DagBag from /home/airflow/.local/lib/python3.7/site-packages/airflow/example_dags/example_task_group.py
[2022-06-20 01:26:11,117] {processor.py:651} INFO - DAG(s) dict_keys(['example_task_group']) retrieved from /home/airflow/.local/lib/python3.7/site-packages/airflow/example_dags/example_task_group.py
[2022-06-20 01:26:11,139] {logging_mixin.py:115} INFO - [2022-06-20 01:26:11,139] {dag.py:2371} INFO - Sync 1 DAGs
[2022-06-20 01:26:11,152] {logging_mixin.py:115} INFO - [2022-06-20 01:26:11,152] {dag.py:2919} INFO - Setting next_dagrun for example_task_group to 2022-06-19T01:26:11.152155+00:00, run_after=2022-06-20T01:26:11.152155+00:00
[2022-06-20 01:26:11,159] {processor.py:161} INFO - Processing /home/airflow/.local/lib/python3.7/site-packages/airflow/example_dags/example_task_group.py took 0.057 seconds
[2022-06-20 01:26:42,074] {processor.py:153} INFO - Started process (PID=637) to work on /home/airflow/.local/lib/python3.7/site-packages/airflow/example_dags/example_task_group.py
[2022-06-20 01:26:42,076] {processor.py:641} INFO - Processing file /home/airflow/.local/lib/python3.7/site-packages/airflow/example_dags/example_task_group.py for tasks to queue
[2022-06-20 01:26:42,077] {logging_mixin.py:115} INFO - [2022-06-20 01:26:42,077] {dagbag.py:507} INFO - Filling up the DagBag from /home/airflow/.local/lib/python3.7/site-packages/airflow/example_dags/example_task_group.py
[2022-06-20 01:26:42,082] {processor.py:651} INFO - DAG(s) dict_keys(['example_task_group']) retrieved from /home/airflow/.local/lib/python3.7/site-packages/airflow/example_dags/example_task_group.py
[2022-06-20 01:26:42,104] {logging_mixin.py:115} INFO - [2022-06-20 01:26:42,104] {dag.py:2371} INFO - Sync 1 DAGs
[2022-06-20 01:26:42,116] {logging_mixin.py:115} INFO - [2022-06-20 01:26:42,116] {dag.py:2919} INFO - Setting next_dagrun for example_task_group to 2022-06-19T01:26:42.116645+00:00, run_after=2022-06-20T01:26:42.116645+00:00
[2022-06-20 01:26:42,125] {processor.py:161} INFO - Processing /home/airflow/.local/lib/python3.7/site-packages/airflow/example_dags/example_task_group.py took 0.054 seconds
[2022-06-20 01:27:12,310] {processor.py:153} INFO - Started process (PID=709) to work on /home/airflow/.local/lib/python3.7/site-packages/airflow/example_dags/example_task_group.py
[2022-06-20 01:27:12,311] {processor.py:641} INFO - Processing file /home/airflow/.local/lib/python3.7/site-packages/airflow/example_dags/example_task_group.py for tasks to queue
[2022-06-20 01:27:12,313] {logging_mixin.py:115} INFO - [2022-06-20 01:27:12,313] {dagbag.py:507} INFO - Filling up the DagBag from /home/airflow/.local/lib/python3.7/site-packages/airflow/example_dags/example_task_group.py
[2022-06-20 01:27:12,319] {processor.py:651} INFO - DAG(s) dict_keys(['example_task_group']) retrieved from /home/airflow/.local/lib/python3.7/site-packages/airflow/example_dags/example_task_group.py
[2022-06-20 01:27:12,339] {logging_mixin.py:115} INFO - [2022-06-20 01:27:12,339] {dag.py:2371} INFO - Sync 1 DAGs
[2022-06-20 01:27:12,354] {logging_mixin.py:115} INFO - [2022-06-20 01:27:12,354] {dag.py:2919} INFO - Setting next_dagrun for example_task_group to 2022-06-19T01:27:12.353954+00:00, run_after=2022-06-20T01:27:12.353954+00:00
[2022-06-20 01:27:12,364] {processor.py:161} INFO - Processing /home/airflow/.local/lib/python3.7/site-packages/airflow/example_dags/example_task_group.py took 0.056 seconds
[2022-06-20 01:27:42,817] {processor.py:153} INFO - Started process (PID=771) to work on /home/airflow/.local/lib/python3.7/site-packages/airflow/example_dags/example_task_group.py
[2022-06-20 01:27:42,818] {processor.py:641} INFO - Processing file /home/airflow/.local/lib/python3.7/site-packages/airflow/example_dags/example_task_group.py for tasks to queue
[2022-06-20 01:27:42,819] {logging_mixin.py:115} INFO - [2022-06-20 01:27:42,819] {dagbag.py:507} INFO - Filling up the DagBag from /home/airflow/.local/lib/python3.7/site-packages/airflow/example_dags/example_task_group.py
[2022-06-20 01:27:42,823] {processor.py:651} INFO - DAG(s) dict_keys(['example_task_group']) retrieved from /home/airflow/.local/lib/python3.7/site-packages/airflow/example_dags/example_task_group.py
[2022-06-20 01:27:42,840] {logging_mixin.py:115} INFO - [2022-06-20 01:27:42,840] {dag.py:2371} INFO - Sync 1 DAGs
[2022-06-20 01:27:42,852] {logging_mixin.py:115} INFO - [2022-06-20 01:27:42,852] {dag.py:2919} INFO - Setting next_dagrun for example_task_group to 2022-06-19T01:27:42.852075+00:00, run_after=2022-06-20T01:27:42.852075+00:00
[2022-06-20 01:27:42,859] {processor.py:161} INFO - Processing /home/airflow/.local/lib/python3.7/site-packages/airflow/example_dags/example_task_group.py took 0.044 seconds
[2022-06-20 01:28:13,073] {processor.py:153} INFO - Started process (PID=843) to work on /home/airflow/.local/lib/python3.7/site-packages/airflow/example_dags/example_task_group.py
[2022-06-20 01:28:13,075] {processor.py:641} INFO - Processing file /home/airflow/.local/lib/python3.7/site-packages/airflow/example_dags/example_task_group.py for tasks to queue
[2022-06-20 01:28:13,076] {logging_mixin.py:115} INFO - [2022-06-20 01:28:13,076] {dagbag.py:507} INFO - Filling up the DagBag from /home/airflow/.local/lib/python3.7/site-packages/airflow/example_dags/example_task_group.py
[2022-06-20 01:28:13,080] {processor.py:651} INFO - DAG(s) dict_keys(['example_task_group']) retrieved from /home/airflow/.local/lib/python3.7/site-packages/airflow/example_dags/example_task_group.py
[2022-06-20 01:28:13,096] {logging_mixin.py:115} INFO - [2022-06-20 01:28:13,096] {dag.py:2371} INFO - Sync 1 DAGs
[2022-06-20 01:28:13,107] {logging_mixin.py:115} INFO - [2022-06-20 01:28:13,107] {dag.py:2919} INFO - Setting next_dagrun for example_task_group to 2022-06-19T01:28:13.107771+00:00, run_after=2022-06-20T01:28:13.107771+00:00
[2022-06-20 01:28:13,114] {processor.py:161} INFO - Processing /home/airflow/.local/lib/python3.7/site-packages/airflow/example_dags/example_task_group.py took 0.043 seconds
[2022-06-20 01:28:43,750] {processor.py:153} INFO - Started process (PID=915) to work on /home/airflow/.local/lib/python3.7/site-packages/airflow/example_dags/example_task_group.py
[2022-06-20 01:28:43,752] {processor.py:641} INFO - Processing file /home/airflow/.local/lib/python3.7/site-packages/airflow/example_dags/example_task_group.py for tasks to queue
[2022-06-20 01:28:43,753] {logging_mixin.py:115} INFO - [2022-06-20 01:28:43,753] {dagbag.py:507} INFO - Filling up the DagBag from /home/airflow/.local/lib/python3.7/site-packages/airflow/example_dags/example_task_group.py
[2022-06-20 01:28:43,758] {processor.py:651} INFO - DAG(s) dict_keys(['example_task_group']) retrieved from /home/airflow/.local/lib/python3.7/site-packages/airflow/example_dags/example_task_group.py
[2022-06-20 01:28:43,780] {logging_mixin.py:115} INFO - [2022-06-20 01:28:43,780] {dag.py:2371} INFO - Sync 1 DAGs
[2022-06-20 01:28:43,795] {logging_mixin.py:115} INFO - [2022-06-20 01:28:43,795] {dag.py:2919} INFO - Setting next_dagrun for example_task_group to 2022-06-19T01:28:43.795651+00:00, run_after=2022-06-20T01:28:43.795651+00:00
[2022-06-20 01:28:43,804] {processor.py:161} INFO - Processing /home/airflow/.local/lib/python3.7/site-packages/airflow/example_dags/example_task_group.py took 0.056 seconds
[2022-06-20 01:29:14,732] {processor.py:153} INFO - Started process (PID=986) to work on /home/airflow/.local/lib/python3.7/site-packages/airflow/example_dags/example_task_group.py
[2022-06-20 01:29:14,734] {processor.py:641} INFO - Processing file /home/airflow/.local/lib/python3.7/site-packages/airflow/example_dags/example_task_group.py for tasks to queue
[2022-06-20 01:29:14,736] {logging_mixin.py:115} INFO - [2022-06-20 01:29:14,736] {dagbag.py:507} INFO - Filling up the DagBag from /home/airflow/.local/lib/python3.7/site-packages/airflow/example_dags/example_task_group.py
[2022-06-20 01:29:14,743] {processor.py:651} INFO - DAG(s) dict_keys(['example_task_group']) retrieved from /home/airflow/.local/lib/python3.7/site-packages/airflow/example_dags/example_task_group.py
[2022-06-20 01:29:14,782] {logging_mixin.py:115} INFO - [2022-06-20 01:29:14,782] {dag.py:2371} INFO - Sync 1 DAGs
[2022-06-20 01:29:14,794] {logging_mixin.py:115} INFO - [2022-06-20 01:29:14,794] {dag.py:2919} INFO - Setting next_dagrun for example_task_group to 2022-06-19T01:29:14.794237+00:00, run_after=2022-06-20T01:29:14.794237+00:00
[2022-06-20 01:29:14,801] {processor.py:161} INFO - Processing /home/airflow/.local/lib/python3.7/site-packages/airflow/example_dags/example_task_group.py took 0.071 seconds
[2022-06-20 01:29:44,951] {processor.py:153} INFO - Started process (PID=1057) to work on /home/airflow/.local/lib/python3.7/site-packages/airflow/example_dags/example_task_group.py
[2022-06-20 01:29:44,954] {processor.py:641} INFO - Processing file /home/airflow/.local/lib/python3.7/site-packages/airflow/example_dags/example_task_group.py for tasks to queue
[2022-06-20 01:29:44,956] {logging_mixin.py:115} INFO - [2022-06-20 01:29:44,956] {dagbag.py:507} INFO - Filling up the DagBag from /home/airflow/.local/lib/python3.7/site-packages/airflow/example_dags/example_task_group.py
[2022-06-20 01:29:44,961] {processor.py:651} INFO - DAG(s) dict_keys(['example_task_group']) retrieved from /home/airflow/.local/lib/python3.7/site-packages/airflow/example_dags/example_task_group.py
[2022-06-20 01:29:44,982] {logging_mixin.py:115} INFO - [2022-06-20 01:29:44,982] {dag.py:2371} INFO - Sync 1 DAGs
[2022-06-20 01:29:44,997] {logging_mixin.py:115} INFO - [2022-06-20 01:29:44,997] {dag.py:2919} INFO - Setting next_dagrun for example_task_group to 2022-06-19T01:29:44.997140+00:00, run_after=2022-06-20T01:29:44.997140+00:00
[2022-06-20 01:29:45,005] {processor.py:161} INFO - Processing /home/airflow/.local/lib/python3.7/site-packages/airflow/example_dags/example_task_group.py took 0.057 seconds
[2022-06-20 01:30:15,107] {processor.py:153} INFO - Started process (PID=1128) to work on /home/airflow/.local/lib/python3.7/site-packages/airflow/example_dags/example_task_group.py
[2022-06-20 01:30:15,110] {processor.py:641} INFO - Processing file /home/airflow/.local/lib/python3.7/site-packages/airflow/example_dags/example_task_group.py for tasks to queue
[2022-06-20 01:30:15,112] {logging_mixin.py:115} INFO - [2022-06-20 01:30:15,112] {dagbag.py:507} INFO - Filling up the DagBag from /home/airflow/.local/lib/python3.7/site-packages/airflow/example_dags/example_task_group.py
[2022-06-20 01:30:15,118] {processor.py:651} INFO - DAG(s) dict_keys(['example_task_group']) retrieved from /home/airflow/.local/lib/python3.7/site-packages/airflow/example_dags/example_task_group.py
[2022-06-20 01:30:15,142] {logging_mixin.py:115} INFO - [2022-06-20 01:30:15,142] {dag.py:2371} INFO - Sync 1 DAGs
[2022-06-20 01:30:15,155] {logging_mixin.py:115} INFO - [2022-06-20 01:30:15,155] {dag.py:2919} INFO - Setting next_dagrun for example_task_group to 2022-06-19T01:30:15.155789+00:00, run_after=2022-06-20T01:30:15.155789+00:00
[2022-06-20 01:30:15,163] {processor.py:161} INFO - Processing /home/airflow/.local/lib/python3.7/site-packages/airflow/example_dags/example_task_group.py took 0.057 seconds
[2022-06-20 01:30:45,554] {processor.py:153} INFO - Started process (PID=1190) to work on /home/airflow/.local/lib/python3.7/site-packages/airflow/example_dags/example_task_group.py
[2022-06-20 01:30:45,555] {processor.py:641} INFO - Processing file /home/airflow/.local/lib/python3.7/site-packages/airflow/example_dags/example_task_group.py for tasks to queue
[2022-06-20 01:30:45,556] {logging_mixin.py:115} INFO - [2022-06-20 01:30:45,556] {dagbag.py:507} INFO - Filling up the DagBag from /home/airflow/.local/lib/python3.7/site-packages/airflow/example_dags/example_task_group.py
[2022-06-20 01:30:45,562] {processor.py:651} INFO - DAG(s) dict_keys(['example_task_group']) retrieved from /home/airflow/.local/lib/python3.7/site-packages/airflow/example_dags/example_task_group.py
[2022-06-20 01:30:45,583] {logging_mixin.py:115} INFO - [2022-06-20 01:30:45,583] {dag.py:2371} INFO - Sync 1 DAGs
[2022-06-20 01:30:45,595] {logging_mixin.py:115} INFO - [2022-06-20 01:30:45,595] {dag.py:2919} INFO - Setting next_dagrun for example_task_group to 2022-06-19T01:30:45.594891+00:00, run_after=2022-06-20T01:30:45.594891+00:00
[2022-06-20 01:30:45,602] {processor.py:161} INFO - Processing /home/airflow/.local/lib/python3.7/site-packages/airflow/example_dags/example_task_group.py took 0.050 seconds
[2022-06-20 01:31:15,927] {processor.py:153} INFO - Started process (PID=1263) to work on /home/airflow/.local/lib/python3.7/site-packages/airflow/example_dags/example_task_group.py
[2022-06-20 01:31:15,929] {processor.py:641} INFO - Processing file /home/airflow/.local/lib/python3.7/site-packages/airflow/example_dags/example_task_group.py for tasks to queue
[2022-06-20 01:31:15,931] {logging_mixin.py:115} INFO - [2022-06-20 01:31:15,931] {dagbag.py:507} INFO - Filling up the DagBag from /home/airflow/.local/lib/python3.7/site-packages/airflow/example_dags/example_task_group.py
[2022-06-20 01:31:15,937] {processor.py:651} INFO - DAG(s) dict_keys(['example_task_group']) retrieved from /home/airflow/.local/lib/python3.7/site-packages/airflow/example_dags/example_task_group.py
[2022-06-20 01:31:15,956] {logging_mixin.py:115} INFO - [2022-06-20 01:31:15,956] {dag.py:2371} INFO - Sync 1 DAGs
[2022-06-20 01:31:15,970] {logging_mixin.py:115} INFO - [2022-06-20 01:31:15,970] {dag.py:2919} INFO - Setting next_dagrun for example_task_group to 2022-06-19T01:31:15.970049+00:00, run_after=2022-06-20T01:31:15.970049+00:00
[2022-06-20 01:31:15,979] {processor.py:161} INFO - Processing /home/airflow/.local/lib/python3.7/site-packages/airflow/example_dags/example_task_group.py took 0.054 seconds
[2022-06-20 01:31:46,182] {processor.py:153} INFO - Started process (PID=1335) to work on /home/airflow/.local/lib/python3.7/site-packages/airflow/example_dags/example_task_group.py
[2022-06-20 01:31:46,183] {processor.py:641} INFO - Processing file /home/airflow/.local/lib/python3.7/site-packages/airflow/example_dags/example_task_group.py for tasks to queue
[2022-06-20 01:31:46,185] {logging_mixin.py:115} INFO - [2022-06-20 01:31:46,185] {dagbag.py:507} INFO - Filling up the DagBag from /home/airflow/.local/lib/python3.7/site-packages/airflow/example_dags/example_task_group.py
[2022-06-20 01:31:46,189] {processor.py:651} INFO - DAG(s) dict_keys(['example_task_group']) retrieved from /home/airflow/.local/lib/python3.7/site-packages/airflow/example_dags/example_task_group.py
[2022-06-20 01:31:46,209] {logging_mixin.py:115} INFO - [2022-06-20 01:31:46,209] {dag.py:2371} INFO - Sync 1 DAGs
[2022-06-20 01:31:46,222] {logging_mixin.py:115} INFO - [2022-06-20 01:31:46,222] {dag.py:2919} INFO - Setting next_dagrun for example_task_group to 2022-06-19T01:31:46.222148+00:00, run_after=2022-06-20T01:31:46.222148+00:00
[2022-06-20 01:31:46,229] {processor.py:161} INFO - Processing /home/airflow/.local/lib/python3.7/site-packages/airflow/example_dags/example_task_group.py took 0.050 seconds
[2022-06-20 01:32:16,680] {processor.py:153} INFO - Started process (PID=1407) to work on /home/airflow/.local/lib/python3.7/site-packages/airflow/example_dags/example_task_group.py
[2022-06-20 01:32:16,683] {processor.py:641} INFO - Processing file /home/airflow/.local/lib/python3.7/site-packages/airflow/example_dags/example_task_group.py for tasks to queue
[2022-06-20 01:32:16,684] {logging_mixin.py:115} INFO - [2022-06-20 01:32:16,684] {dagbag.py:507} INFO - Filling up the DagBag from /home/airflow/.local/lib/python3.7/site-packages/airflow/example_dags/example_task_group.py
[2022-06-20 01:32:16,690] {processor.py:651} INFO - DAG(s) dict_keys(['example_task_group']) retrieved from /home/airflow/.local/lib/python3.7/site-packages/airflow/example_dags/example_task_group.py
[2022-06-20 01:32:16,715] {logging_mixin.py:115} INFO - [2022-06-20 01:32:16,715] {dag.py:2371} INFO - Sync 1 DAGs
[2022-06-20 01:32:16,730] {logging_mixin.py:115} INFO - [2022-06-20 01:32:16,730] {dag.py:2919} INFO - Setting next_dagrun for example_task_group to 2022-06-19T01:32:16.730427+00:00, run_after=2022-06-20T01:32:16.730427+00:00
[2022-06-20 01:32:16,740] {processor.py:161} INFO - Processing /home/airflow/.local/lib/python3.7/site-packages/airflow/example_dags/example_task_group.py took 0.062 seconds
[2022-06-20 01:32:46,885] {processor.py:153} INFO - Started process (PID=1483) to work on /home/airflow/.local/lib/python3.7/site-packages/airflow/example_dags/example_task_group.py
[2022-06-20 01:32:46,887] {processor.py:641} INFO - Processing file /home/airflow/.local/lib/python3.7/site-packages/airflow/example_dags/example_task_group.py for tasks to queue
[2022-06-20 01:32:46,888] {logging_mixin.py:115} INFO - [2022-06-20 01:32:46,888] {dagbag.py:507} INFO - Filling up the DagBag from /home/airflow/.local/lib/python3.7/site-packages/airflow/example_dags/example_task_group.py
[2022-06-20 01:32:46,893] {processor.py:651} INFO - DAG(s) dict_keys(['example_task_group']) retrieved from /home/airflow/.local/lib/python3.7/site-packages/airflow/example_dags/example_task_group.py
[2022-06-20 01:32:46,911] {logging_mixin.py:115} INFO - [2022-06-20 01:32:46,911] {dag.py:2371} INFO - Sync 1 DAGs
[2022-06-20 01:32:46,924] {logging_mixin.py:115} INFO - [2022-06-20 01:32:46,924] {dag.py:2919} INFO - Setting next_dagrun for example_task_group to 2022-06-19T01:32:46.924344+00:00, run_after=2022-06-20T01:32:46.924344+00:00
[2022-06-20 01:32:46,931] {processor.py:161} INFO - Processing /home/airflow/.local/lib/python3.7/site-packages/airflow/example_dags/example_task_group.py took 0.049 seconds
[2022-06-20 01:33:17,962] {processor.py:153} INFO - Started process (PID=1560) to work on /home/airflow/.local/lib/python3.7/site-packages/airflow/example_dags/example_task_group.py
[2022-06-20 01:33:17,965] {processor.py:641} INFO - Processing file /home/airflow/.local/lib/python3.7/site-packages/airflow/example_dags/example_task_group.py for tasks to queue
[2022-06-20 01:33:17,967] {logging_mixin.py:115} INFO - [2022-06-20 01:33:17,967] {dagbag.py:507} INFO - Filling up the DagBag from /home/airflow/.local/lib/python3.7/site-packages/airflow/example_dags/example_task_group.py
[2022-06-20 01:33:17,976] {processor.py:651} INFO - DAG(s) dict_keys(['example_task_group']) retrieved from /home/airflow/.local/lib/python3.7/site-packages/airflow/example_dags/example_task_group.py
[2022-06-20 01:33:18,007] {logging_mixin.py:115} INFO - [2022-06-20 01:33:18,006] {dag.py:2371} INFO - Sync 1 DAGs
[2022-06-20 01:33:18,028] {logging_mixin.py:115} INFO - [2022-06-20 01:33:18,028] {dag.py:2919} INFO - Setting next_dagrun for example_task_group to 2022-06-19T01:33:18.028273+00:00, run_after=2022-06-20T01:33:18.028273+00:00
[2022-06-20 01:33:18,044] {processor.py:161} INFO - Processing /home/airflow/.local/lib/python3.7/site-packages/airflow/example_dags/example_task_group.py took 0.085 seconds
[2022-06-20 01:33:41,548] {processor.py:153} INFO - Started process (PID=70) to work on /home/airflow/.local/lib/python3.7/site-packages/airflow/example_dags/example_task_group.py
[2022-06-20 01:33:41,550] {processor.py:641} INFO - Processing file /home/airflow/.local/lib/python3.7/site-packages/airflow/example_dags/example_task_group.py for tasks to queue
[2022-06-20 01:33:41,553] {logging_mixin.py:115} INFO - [2022-06-20 01:33:41,553] {dagbag.py:507} INFO - Filling up the DagBag from /home/airflow/.local/lib/python3.7/site-packages/airflow/example_dags/example_task_group.py
[2022-06-20 01:33:41,568] {processor.py:651} INFO - DAG(s) dict_keys(['example_task_group']) retrieved from /home/airflow/.local/lib/python3.7/site-packages/airflow/example_dags/example_task_group.py
[2022-06-20 01:33:41,633] {logging_mixin.py:115} INFO - [2022-06-20 01:33:41,633] {dag.py:2371} INFO - Sync 1 DAGs
[2022-06-20 01:33:41,693] {logging_mixin.py:115} INFO - [2022-06-20 01:33:41,693] {dag.py:2919} INFO - Setting next_dagrun for example_task_group to 2022-06-19T01:33:41.693620+00:00, run_after=2022-06-20T01:33:41.693620+00:00
[2022-06-20 01:33:41,733] {processor.py:161} INFO - Processing /home/airflow/.local/lib/python3.7/site-packages/airflow/example_dags/example_task_group.py took 0.195 seconds
[2022-06-20 01:34:12,470] {processor.py:153} INFO - Started process (PID=136) to work on /home/airflow/.local/lib/python3.7/site-packages/airflow/example_dags/example_task_group.py
[2022-06-20 01:34:12,472] {processor.py:641} INFO - Processing file /home/airflow/.local/lib/python3.7/site-packages/airflow/example_dags/example_task_group.py for tasks to queue
[2022-06-20 01:34:12,474] {logging_mixin.py:115} INFO - [2022-06-20 01:34:12,474] {dagbag.py:507} INFO - Filling up the DagBag from /home/airflow/.local/lib/python3.7/site-packages/airflow/example_dags/example_task_group.py
[2022-06-20 01:34:12,479] {processor.py:651} INFO - DAG(s) dict_keys(['example_task_group']) retrieved from /home/airflow/.local/lib/python3.7/site-packages/airflow/example_dags/example_task_group.py
[2022-06-20 01:34:12,494] {logging_mixin.py:115} INFO - [2022-06-20 01:34:12,494] {dag.py:2371} INFO - Sync 1 DAGs
[2022-06-20 01:34:12,506] {logging_mixin.py:115} INFO - [2022-06-20 01:34:12,506] {dag.py:2919} INFO - Setting next_dagrun for example_task_group to 2022-06-19T01:34:12.506130+00:00, run_after=2022-06-20T01:34:12.506130+00:00
[2022-06-20 01:34:12,514] {processor.py:161} INFO - Processing /home/airflow/.local/lib/python3.7/site-packages/airflow/example_dags/example_task_group.py took 0.046 seconds
[2022-06-20 01:34:43,479] {processor.py:153} INFO - Started process (PID=279) to work on /home/airflow/.local/lib/python3.7/site-packages/airflow/example_dags/example_task_group.py
[2022-06-20 01:34:43,481] {processor.py:641} INFO - Processing file /home/airflow/.local/lib/python3.7/site-packages/airflow/example_dags/example_task_group.py for tasks to queue
[2022-06-20 01:34:43,482] {logging_mixin.py:115} INFO - [2022-06-20 01:34:43,482] {dagbag.py:507} INFO - Filling up the DagBag from /home/airflow/.local/lib/python3.7/site-packages/airflow/example_dags/example_task_group.py
[2022-06-20 01:34:43,487] {processor.py:651} INFO - DAG(s) dict_keys(['example_task_group']) retrieved from /home/airflow/.local/lib/python3.7/site-packages/airflow/example_dags/example_task_group.py
[2022-06-20 01:34:43,505] {logging_mixin.py:115} INFO - [2022-06-20 01:34:43,505] {dag.py:2371} INFO - Sync 1 DAGs
[2022-06-20 01:34:43,518] {logging_mixin.py:115} INFO - [2022-06-20 01:34:43,517] {dag.py:2919} INFO - Setting next_dagrun for example_task_group to 2022-06-19T01:34:43.517715+00:00, run_after=2022-06-20T01:34:43.517715+00:00
[2022-06-20 01:34:43,529] {processor.py:161} INFO - Processing /home/airflow/.local/lib/python3.7/site-packages/airflow/example_dags/example_task_group.py took 0.052 seconds
[2022-06-20 01:35:14,468] {processor.py:153} INFO - Started process (PID=355) to work on /home/airflow/.local/lib/python3.7/site-packages/airflow/example_dags/example_task_group.py
[2022-06-20 01:35:14,469] {processor.py:641} INFO - Processing file /home/airflow/.local/lib/python3.7/site-packages/airflow/example_dags/example_task_group.py for tasks to queue
[2022-06-20 01:35:14,471] {logging_mixin.py:115} INFO - [2022-06-20 01:35:14,470] {dagbag.py:507} INFO - Filling up the DagBag from /home/airflow/.local/lib/python3.7/site-packages/airflow/example_dags/example_task_group.py
[2022-06-20 01:35:14,475] {processor.py:651} INFO - DAG(s) dict_keys(['example_task_group']) retrieved from /home/airflow/.local/lib/python3.7/site-packages/airflow/example_dags/example_task_group.py
[2022-06-20 01:35:14,494] {logging_mixin.py:115} INFO - [2022-06-20 01:35:14,494] {dag.py:2371} INFO - Sync 1 DAGs
[2022-06-20 01:35:14,506] {logging_mixin.py:115} INFO - [2022-06-20 01:35:14,506] {dag.py:2919} INFO - Setting next_dagrun for example_task_group to 2022-06-19T01:35:14.505956+00:00, run_after=2022-06-20T01:35:14.505956+00:00
[2022-06-20 01:35:14,512] {processor.py:161} INFO - Processing /home/airflow/.local/lib/python3.7/site-packages/airflow/example_dags/example_task_group.py took 0.047 seconds
[2022-06-20 01:35:44,964] {processor.py:153} INFO - Started process (PID=430) to work on /home/airflow/.local/lib/python3.7/site-packages/airflow/example_dags/example_task_group.py
[2022-06-20 01:35:44,967] {processor.py:641} INFO - Processing file /home/airflow/.local/lib/python3.7/site-packages/airflow/example_dags/example_task_group.py for tasks to queue
[2022-06-20 01:35:44,969] {logging_mixin.py:115} INFO - [2022-06-20 01:35:44,969] {dagbag.py:507} INFO - Filling up the DagBag from /home/airflow/.local/lib/python3.7/site-packages/airflow/example_dags/example_task_group.py
[2022-06-20 01:35:44,977] {processor.py:651} INFO - DAG(s) dict_keys(['example_task_group']) retrieved from /home/airflow/.local/lib/python3.7/site-packages/airflow/example_dags/example_task_group.py
[2022-06-20 01:35:45,003] {logging_mixin.py:115} INFO - [2022-06-20 01:35:45,003] {dag.py:2371} INFO - Sync 1 DAGs
[2022-06-20 01:35:45,016] {logging_mixin.py:115} INFO - [2022-06-20 01:35:45,016] {dag.py:2919} INFO - Setting next_dagrun for example_task_group to 2022-06-19T01:35:45.016372+00:00, run_after=2022-06-20T01:35:45.016372+00:00
[2022-06-20 01:35:45,024] {processor.py:161} INFO - Processing /home/airflow/.local/lib/python3.7/site-packages/airflow/example_dags/example_task_group.py took 0.064 seconds
[2022-06-20 01:36:15,505] {processor.py:153} INFO - Started process (PID=503) to work on /home/airflow/.local/lib/python3.7/site-packages/airflow/example_dags/example_task_group.py
[2022-06-20 01:36:15,507] {processor.py:641} INFO - Processing file /home/airflow/.local/lib/python3.7/site-packages/airflow/example_dags/example_task_group.py for tasks to queue
[2022-06-20 01:36:15,508] {logging_mixin.py:115} INFO - [2022-06-20 01:36:15,508] {dagbag.py:507} INFO - Filling up the DagBag from /home/airflow/.local/lib/python3.7/site-packages/airflow/example_dags/example_task_group.py
[2022-06-20 01:36:15,512] {processor.py:651} INFO - DAG(s) dict_keys(['example_task_group']) retrieved from /home/airflow/.local/lib/python3.7/site-packages/airflow/example_dags/example_task_group.py
[2022-06-20 01:36:15,534] {logging_mixin.py:115} INFO - [2022-06-20 01:36:15,534] {dag.py:2371} INFO - Sync 1 DAGs
[2022-06-20 01:36:15,549] {logging_mixin.py:115} INFO - [2022-06-20 01:36:15,549] {dag.py:2919} INFO - Setting next_dagrun for example_task_group to 2022-06-19T01:36:15.549087+00:00, run_after=2022-06-20T01:36:15.549087+00:00
[2022-06-20 01:36:15,558] {processor.py:161} INFO - Processing /home/airflow/.local/lib/python3.7/site-packages/airflow/example_dags/example_task_group.py took 0.056 seconds
[2022-06-20 01:36:46,293] {processor.py:153} INFO - Started process (PID=570) to work on /home/airflow/.local/lib/python3.7/site-packages/airflow/example_dags/example_task_group.py
[2022-06-20 01:36:46,295] {processor.py:641} INFO - Processing file /home/airflow/.local/lib/python3.7/site-packages/airflow/example_dags/example_task_group.py for tasks to queue
[2022-06-20 01:36:46,297] {logging_mixin.py:115} INFO - [2022-06-20 01:36:46,297] {dagbag.py:507} INFO - Filling up the DagBag from /home/airflow/.local/lib/python3.7/site-packages/airflow/example_dags/example_task_group.py
[2022-06-20 01:36:46,304] {processor.py:651} INFO - DAG(s) dict_keys(['example_task_group']) retrieved from /home/airflow/.local/lib/python3.7/site-packages/airflow/example_dags/example_task_group.py
[2022-06-20 01:36:46,325] {logging_mixin.py:115} INFO - [2022-06-20 01:36:46,325] {dag.py:2371} INFO - Sync 1 DAGs
[2022-06-20 01:36:46,341] {logging_mixin.py:115} INFO - [2022-06-20 01:36:46,340] {dag.py:2919} INFO - Setting next_dagrun for example_task_group to 2022-06-19T01:36:46.340733+00:00, run_after=2022-06-20T01:36:46.340733+00:00
[2022-06-20 01:36:46,352] {processor.py:161} INFO - Processing /home/airflow/.local/lib/python3.7/site-packages/airflow/example_dags/example_task_group.py took 0.061 seconds
[2022-06-20 01:37:17,217] {processor.py:153} INFO - Started process (PID=645) to work on /home/airflow/.local/lib/python3.7/site-packages/airflow/example_dags/example_task_group.py
[2022-06-20 01:37:17,220] {processor.py:641} INFO - Processing file /home/airflow/.local/lib/python3.7/site-packages/airflow/example_dags/example_task_group.py for tasks to queue
[2022-06-20 01:37:17,221] {logging_mixin.py:115} INFO - [2022-06-20 01:37:17,221] {dagbag.py:507} INFO - Filling up the DagBag from /home/airflow/.local/lib/python3.7/site-packages/airflow/example_dags/example_task_group.py
[2022-06-20 01:37:17,229] {processor.py:651} INFO - DAG(s) dict_keys(['example_task_group']) retrieved from /home/airflow/.local/lib/python3.7/site-packages/airflow/example_dags/example_task_group.py
[2022-06-20 01:37:17,252] {logging_mixin.py:115} INFO - [2022-06-20 01:37:17,252] {dag.py:2371} INFO - Sync 1 DAGs
[2022-06-20 01:37:17,264] {logging_mixin.py:115} INFO - [2022-06-20 01:37:17,264] {dag.py:2919} INFO - Setting next_dagrun for example_task_group to 2022-06-19T01:37:17.264316+00:00, run_after=2022-06-20T01:37:17.264316+00:00
[2022-06-20 01:37:17,271] {processor.py:161} INFO - Processing /home/airflow/.local/lib/python3.7/site-packages/airflow/example_dags/example_task_group.py took 0.058 seconds
[2022-06-20 01:37:47,505] {processor.py:153} INFO - Started process (PID=720) to work on /home/airflow/.local/lib/python3.7/site-packages/airflow/example_dags/example_task_group.py
[2022-06-20 01:37:47,507] {processor.py:641} INFO - Processing file /home/airflow/.local/lib/python3.7/site-packages/airflow/example_dags/example_task_group.py for tasks to queue
[2022-06-20 01:37:47,508] {logging_mixin.py:115} INFO - [2022-06-20 01:37:47,508] {dagbag.py:507} INFO - Filling up the DagBag from /home/airflow/.local/lib/python3.7/site-packages/airflow/example_dags/example_task_group.py
[2022-06-20 01:37:47,513] {processor.py:651} INFO - DAG(s) dict_keys(['example_task_group']) retrieved from /home/airflow/.local/lib/python3.7/site-packages/airflow/example_dags/example_task_group.py
[2022-06-20 01:37:47,530] {logging_mixin.py:115} INFO - [2022-06-20 01:37:47,530] {dag.py:2371} INFO - Sync 1 DAGs
[2022-06-20 01:37:47,542] {logging_mixin.py:115} INFO - [2022-06-20 01:37:47,542] {dag.py:2919} INFO - Setting next_dagrun for example_task_group to 2022-06-19T01:37:47.542532+00:00, run_after=2022-06-20T01:37:47.542532+00:00
[2022-06-20 01:37:47,549] {processor.py:161} INFO - Processing /home/airflow/.local/lib/python3.7/site-packages/airflow/example_dags/example_task_group.py took 0.046 seconds
[2022-06-20 01:38:17,600] {processor.py:153} INFO - Started process (PID=795) to work on /home/airflow/.local/lib/python3.7/site-packages/airflow/example_dags/example_task_group.py
[2022-06-20 01:38:17,601] {processor.py:641} INFO - Processing file /home/airflow/.local/lib/python3.7/site-packages/airflow/example_dags/example_task_group.py for tasks to queue
[2022-06-20 01:38:17,602] {logging_mixin.py:115} INFO - [2022-06-20 01:38:17,602] {dagbag.py:507} INFO - Filling up the DagBag from /home/airflow/.local/lib/python3.7/site-packages/airflow/example_dags/example_task_group.py
[2022-06-20 01:38:17,606] {processor.py:651} INFO - DAG(s) dict_keys(['example_task_group']) retrieved from /home/airflow/.local/lib/python3.7/site-packages/airflow/example_dags/example_task_group.py
[2022-06-20 01:38:17,624] {logging_mixin.py:115} INFO - [2022-06-20 01:38:17,624] {dag.py:2371} INFO - Sync 1 DAGs
[2022-06-20 01:38:17,636] {logging_mixin.py:115} INFO - [2022-06-20 01:38:17,636] {dag.py:2919} INFO - Setting next_dagrun for example_task_group to 2022-06-19T01:38:17.636076+00:00, run_after=2022-06-20T01:38:17.636076+00:00
[2022-06-20 01:38:17,642] {processor.py:161} INFO - Processing /home/airflow/.local/lib/python3.7/site-packages/airflow/example_dags/example_task_group.py took 0.045 seconds
[2022-06-20 01:38:48,239] {processor.py:153} INFO - Started process (PID=870) to work on /home/airflow/.local/lib/python3.7/site-packages/airflow/example_dags/example_task_group.py
[2022-06-20 01:38:48,240] {processor.py:641} INFO - Processing file /home/airflow/.local/lib/python3.7/site-packages/airflow/example_dags/example_task_group.py for tasks to queue
[2022-06-20 01:38:48,241] {logging_mixin.py:115} INFO - [2022-06-20 01:38:48,241] {dagbag.py:507} INFO - Filling up the DagBag from /home/airflow/.local/lib/python3.7/site-packages/airflow/example_dags/example_task_group.py
[2022-06-20 01:38:48,246] {processor.py:651} INFO - DAG(s) dict_keys(['example_task_group']) retrieved from /home/airflow/.local/lib/python3.7/site-packages/airflow/example_dags/example_task_group.py
[2022-06-20 01:38:48,265] {logging_mixin.py:115} INFO - [2022-06-20 01:38:48,265] {dag.py:2371} INFO - Sync 1 DAGs
[2022-06-20 01:38:48,277] {logging_mixin.py:115} INFO - [2022-06-20 01:38:48,276] {dag.py:2919} INFO - Setting next_dagrun for example_task_group to 2022-06-19T01:38:48.276812+00:00, run_after=2022-06-20T01:38:48.276812+00:00
[2022-06-20 01:38:48,283] {processor.py:161} INFO - Processing /home/airflow/.local/lib/python3.7/site-packages/airflow/example_dags/example_task_group.py took 0.047 seconds
[2022-06-20 01:39:18,677] {processor.py:153} INFO - Started process (PID=959) to work on /home/airflow/.local/lib/python3.7/site-packages/airflow/example_dags/example_task_group.py
[2022-06-20 01:39:18,679] {processor.py:641} INFO - Processing file /home/airflow/.local/lib/python3.7/site-packages/airflow/example_dags/example_task_group.py for tasks to queue
[2022-06-20 01:39:18,682] {logging_mixin.py:115} INFO - [2022-06-20 01:39:18,682] {dagbag.py:507} INFO - Filling up the DagBag from /home/airflow/.local/lib/python3.7/site-packages/airflow/example_dags/example_task_group.py
[2022-06-20 01:39:18,688] {processor.py:651} INFO - DAG(s) dict_keys(['example_task_group']) retrieved from /home/airflow/.local/lib/python3.7/site-packages/airflow/example_dags/example_task_group.py
[2022-06-20 01:39:18,709] {logging_mixin.py:115} INFO - [2022-06-20 01:39:18,709] {dag.py:2371} INFO - Sync 1 DAGs
[2022-06-20 01:39:18,722] {logging_mixin.py:115} INFO - [2022-06-20 01:39:18,722] {dag.py:2919} INFO - Setting next_dagrun for example_task_group to 2022-06-19T01:39:18.722723+00:00, run_after=2022-06-20T01:39:18.722723+00:00
[2022-06-20 01:39:18,730] {processor.py:161} INFO - Processing /home/airflow/.local/lib/python3.7/site-packages/airflow/example_dags/example_task_group.py took 0.057 seconds
[2022-06-20 01:39:49,059] {processor.py:153} INFO - Started process (PID=1035) to work on /home/airflow/.local/lib/python3.7/site-packages/airflow/example_dags/example_task_group.py
[2022-06-20 01:39:49,061] {processor.py:641} INFO - Processing file /home/airflow/.local/lib/python3.7/site-packages/airflow/example_dags/example_task_group.py for tasks to queue
[2022-06-20 01:39:49,062] {logging_mixin.py:115} INFO - [2022-06-20 01:39:49,062] {dagbag.py:507} INFO - Filling up the DagBag from /home/airflow/.local/lib/python3.7/site-packages/airflow/example_dags/example_task_group.py
[2022-06-20 01:39:49,067] {processor.py:651} INFO - DAG(s) dict_keys(['example_task_group']) retrieved from /home/airflow/.local/lib/python3.7/site-packages/airflow/example_dags/example_task_group.py
[2022-06-20 01:39:49,083] {logging_mixin.py:115} INFO - [2022-06-20 01:39:49,083] {dag.py:2371} INFO - Sync 1 DAGs
[2022-06-20 01:39:49,094] {logging_mixin.py:115} INFO - [2022-06-20 01:39:49,094] {dag.py:2919} INFO - Setting next_dagrun for example_task_group to 2022-06-19T01:39:49.094772+00:00, run_after=2022-06-20T01:39:49.094772+00:00
[2022-06-20 01:39:49,103] {processor.py:161} INFO - Processing /home/airflow/.local/lib/python3.7/site-packages/airflow/example_dags/example_task_group.py took 0.046 seconds
[2022-06-20 01:40:20,077] {processor.py:153} INFO - Started process (PID=1106) to work on /home/airflow/.local/lib/python3.7/site-packages/airflow/example_dags/example_task_group.py
[2022-06-20 01:40:20,079] {processor.py:641} INFO - Processing file /home/airflow/.local/lib/python3.7/site-packages/airflow/example_dags/example_task_group.py for tasks to queue
[2022-06-20 01:40:20,081] {logging_mixin.py:115} INFO - [2022-06-20 01:40:20,081] {dagbag.py:507} INFO - Filling up the DagBag from /home/airflow/.local/lib/python3.7/site-packages/airflow/example_dags/example_task_group.py
[2022-06-20 01:40:20,089] {processor.py:651} INFO - DAG(s) dict_keys(['example_task_group']) retrieved from /home/airflow/.local/lib/python3.7/site-packages/airflow/example_dags/example_task_group.py
[2022-06-20 01:40:20,114] {logging_mixin.py:115} INFO - [2022-06-20 01:40:20,114] {dag.py:2371} INFO - Sync 1 DAGs
[2022-06-20 01:40:20,132] {logging_mixin.py:115} INFO - [2022-06-20 01:40:20,132] {dag.py:2919} INFO - Setting next_dagrun for example_task_group to 2022-06-19T01:40:20.132151+00:00, run_after=2022-06-20T01:40:20.132151+00:00
[2022-06-20 01:40:20,141] {processor.py:161} INFO - Processing /home/airflow/.local/lib/python3.7/site-packages/airflow/example_dags/example_task_group.py took 0.068 seconds
[2022-06-20 01:40:50,869] {processor.py:153} INFO - Started process (PID=1181) to work on /home/airflow/.local/lib/python3.7/site-packages/airflow/example_dags/example_task_group.py
[2022-06-20 01:40:50,870] {processor.py:641} INFO - Processing file /home/airflow/.local/lib/python3.7/site-packages/airflow/example_dags/example_task_group.py for tasks to queue
[2022-06-20 01:40:50,871] {logging_mixin.py:115} INFO - [2022-06-20 01:40:50,871] {dagbag.py:507} INFO - Filling up the DagBag from /home/airflow/.local/lib/python3.7/site-packages/airflow/example_dags/example_task_group.py
[2022-06-20 01:40:50,878] {processor.py:651} INFO - DAG(s) dict_keys(['example_task_group']) retrieved from /home/airflow/.local/lib/python3.7/site-packages/airflow/example_dags/example_task_group.py
[2022-06-20 01:40:50,897] {logging_mixin.py:115} INFO - [2022-06-20 01:40:50,897] {dag.py:2371} INFO - Sync 1 DAGs
[2022-06-20 01:40:50,911] {logging_mixin.py:115} INFO - [2022-06-20 01:40:50,911] {dag.py:2919} INFO - Setting next_dagrun for example_task_group to 2022-06-19T01:40:50.911158+00:00, run_after=2022-06-20T01:40:50.911158+00:00
[2022-06-20 01:40:50,919] {processor.py:161} INFO - Processing /home/airflow/.local/lib/python3.7/site-packages/airflow/example_dags/example_task_group.py took 0.052 seconds
[2022-06-20 01:41:21,575] {processor.py:153} INFO - Started process (PID=1253) to work on /home/airflow/.local/lib/python3.7/site-packages/airflow/example_dags/example_task_group.py
[2022-06-20 01:41:21,576] {processor.py:641} INFO - Processing file /home/airflow/.local/lib/python3.7/site-packages/airflow/example_dags/example_task_group.py for tasks to queue
[2022-06-20 01:41:21,577] {logging_mixin.py:115} INFO - [2022-06-20 01:41:21,577] {dagbag.py:507} INFO - Filling up the DagBag from /home/airflow/.local/lib/python3.7/site-packages/airflow/example_dags/example_task_group.py
[2022-06-20 01:41:21,582] {processor.py:651} INFO - DAG(s) dict_keys(['example_task_group']) retrieved from /home/airflow/.local/lib/python3.7/site-packages/airflow/example_dags/example_task_group.py
[2022-06-20 01:41:21,601] {logging_mixin.py:115} INFO - [2022-06-20 01:41:21,601] {dag.py:2371} INFO - Sync 1 DAGs
[2022-06-20 01:41:21,615] {logging_mixin.py:115} INFO - [2022-06-20 01:41:21,615] {dag.py:2919} INFO - Setting next_dagrun for example_task_group to 2022-06-19T01:41:21.615358+00:00, run_after=2022-06-20T01:41:21.615358+00:00
[2022-06-20 01:41:21,623] {processor.py:161} INFO - Processing /home/airflow/.local/lib/python3.7/site-packages/airflow/example_dags/example_task_group.py took 0.051 seconds
[2022-06-20 01:41:52,605] {processor.py:153} INFO - Started process (PID=1327) to work on /home/airflow/.local/lib/python3.7/site-packages/airflow/example_dags/example_task_group.py
[2022-06-20 01:41:52,607] {processor.py:641} INFO - Processing file /home/airflow/.local/lib/python3.7/site-packages/airflow/example_dags/example_task_group.py for tasks to queue
[2022-06-20 01:41:52,608] {logging_mixin.py:115} INFO - [2022-06-20 01:41:52,608] {dagbag.py:507} INFO - Filling up the DagBag from /home/airflow/.local/lib/python3.7/site-packages/airflow/example_dags/example_task_group.py
[2022-06-20 01:41:52,613] {processor.py:651} INFO - DAG(s) dict_keys(['example_task_group']) retrieved from /home/airflow/.local/lib/python3.7/site-packages/airflow/example_dags/example_task_group.py
[2022-06-20 01:41:52,632] {logging_mixin.py:115} INFO - [2022-06-20 01:41:52,632] {dag.py:2371} INFO - Sync 1 DAGs
[2022-06-20 01:41:52,644] {logging_mixin.py:115} INFO - [2022-06-20 01:41:52,644] {dag.py:2919} INFO - Setting next_dagrun for example_task_group to 2022-06-19T01:41:52.644643+00:00, run_after=2022-06-20T01:41:52.644643+00:00
[2022-06-20 01:41:52,652] {processor.py:161} INFO - Processing /home/airflow/.local/lib/python3.7/site-packages/airflow/example_dags/example_task_group.py took 0.049 seconds
[2022-06-20 01:42:23,562] {processor.py:153} INFO - Started process (PID=1401) to work on /home/airflow/.local/lib/python3.7/site-packages/airflow/example_dags/example_task_group.py
[2022-06-20 01:42:23,563] {processor.py:641} INFO - Processing file /home/airflow/.local/lib/python3.7/site-packages/airflow/example_dags/example_task_group.py for tasks to queue
[2022-06-20 01:42:23,565] {logging_mixin.py:115} INFO - [2022-06-20 01:42:23,564] {dagbag.py:507} INFO - Filling up the DagBag from /home/airflow/.local/lib/python3.7/site-packages/airflow/example_dags/example_task_group.py
[2022-06-20 01:42:23,570] {processor.py:651} INFO - DAG(s) dict_keys(['example_task_group']) retrieved from /home/airflow/.local/lib/python3.7/site-packages/airflow/example_dags/example_task_group.py
[2022-06-20 01:42:23,592] {logging_mixin.py:115} INFO - [2022-06-20 01:42:23,592] {dag.py:2371} INFO - Sync 1 DAGs
[2022-06-20 01:42:23,605] {logging_mixin.py:115} INFO - [2022-06-20 01:42:23,605] {dag.py:2919} INFO - Setting next_dagrun for example_task_group to 2022-06-19T01:42:23.605256+00:00, run_after=2022-06-20T01:42:23.605256+00:00
[2022-06-20 01:42:23,614] {processor.py:161} INFO - Processing /home/airflow/.local/lib/python3.7/site-packages/airflow/example_dags/example_task_group.py took 0.054 seconds
