[2022-06-20 01:19:34,972] {processor.py:153} INFO - Started process (PID=80) to work on /home/airflow/.local/lib/python3.7/site-packages/airflow/example_dags/example_xcomargs.py
[2022-06-20 01:19:34,974] {processor.py:641} INFO - Processing file /home/airflow/.local/lib/python3.7/site-packages/airflow/example_dags/example_xcomargs.py for tasks to queue
[2022-06-20 01:19:34,976] {logging_mixin.py:115} INFO - [2022-06-20 01:19:34,976] {dagbag.py:507} INFO - Filling up the DagBag from /home/airflow/.local/lib/python3.7/site-packages/airflow/example_dags/example_xcomargs.py
[2022-06-20 01:19:34,989] {processor.py:651} INFO - DAG(s) dict_keys(['example_xcom_args', 'example_xcom_args_with_operators']) retrieved from /home/airflow/.local/lib/python3.7/site-packages/airflow/example_dags/example_xcomargs.py
[2022-06-20 01:19:35,046] {logging_mixin.py:115} INFO - [2022-06-20 01:19:35,046] {dag.py:2371} INFO - Sync 2 DAGs
[2022-06-20 01:19:35,066] {logging_mixin.py:115} INFO - [2022-06-20 01:19:35,066] {dag.py:2919} INFO - Setting next_dagrun for example_xcom_args to None, run_after=None
[2022-06-20 01:19:35,068] {logging_mixin.py:115} INFO - [2022-06-20 01:19:35,067] {dag.py:2919} INFO - Setting next_dagrun for example_xcom_args_with_operators to None, run_after=None
[2022-06-20 01:19:35,084] {processor.py:161} INFO - Processing /home/airflow/.local/lib/python3.7/site-packages/airflow/example_dags/example_xcomargs.py took 0.114 seconds
[2022-06-20 01:22:37,750] {processor.py:153} INFO - Started process (PID=71) to work on /home/airflow/.local/lib/python3.7/site-packages/airflow/example_dags/example_xcomargs.py
[2022-06-20 01:22:37,753] {processor.py:641} INFO - Processing file /home/airflow/.local/lib/python3.7/site-packages/airflow/example_dags/example_xcomargs.py for tasks to queue
[2022-06-20 01:22:37,757] {logging_mixin.py:115} INFO - [2022-06-20 01:22:37,756] {dagbag.py:507} INFO - Filling up the DagBag from /home/airflow/.local/lib/python3.7/site-packages/airflow/example_dags/example_xcomargs.py
[2022-06-20 01:22:37,783] {processor.py:651} INFO - DAG(s) dict_keys(['example_xcom_args', 'example_xcom_args_with_operators']) retrieved from /home/airflow/.local/lib/python3.7/site-packages/airflow/example_dags/example_xcomargs.py
[2022-06-20 01:22:37,865] {logging_mixin.py:115} INFO - [2022-06-20 01:22:37,865] {manager.py:508} INFO - Created Permission View: can delete on DAG:example_xcom_args
[2022-06-20 01:22:37,875] {logging_mixin.py:115} INFO - [2022-06-20 01:22:37,875] {manager.py:508} INFO - Created Permission View: can read on DAG:example_xcom_args
[2022-06-20 01:22:37,886] {logging_mixin.py:115} INFO - [2022-06-20 01:22:37,886] {manager.py:508} INFO - Created Permission View: can edit on DAG:example_xcom_args
[2022-06-20 01:22:37,910] {logging_mixin.py:115} INFO - [2022-06-20 01:22:37,910] {manager.py:508} INFO - Created Permission View: can delete on DAG:example_xcom_args_with_operators
[2022-06-20 01:22:38,082] {logging_mixin.py:115} INFO - [2022-06-20 01:22:38,082] {manager.py:508} INFO - Created Permission View: can read on DAG:example_xcom_args_with_operators
[2022-06-20 01:22:38,095] {logging_mixin.py:115} INFO - [2022-06-20 01:22:38,095] {manager.py:508} INFO - Created Permission View: can edit on DAG:example_xcom_args_with_operators
[2022-06-20 01:22:38,099] {logging_mixin.py:115} INFO - [2022-06-20 01:22:38,099] {dag.py:2371} INFO - Sync 2 DAGs
[2022-06-20 01:22:38,118] {logging_mixin.py:115} INFO - [2022-06-20 01:22:38,118] {dag.py:2390} INFO - Creating ORM DAG for example_xcom_args
[2022-06-20 01:22:38,121] {logging_mixin.py:115} INFO - [2022-06-20 01:22:38,121] {dag.py:2390} INFO - Creating ORM DAG for example_xcom_args_with_operators
[2022-06-20 01:22:38,150] {logging_mixin.py:115} INFO - [2022-06-20 01:22:38,150] {dag.py:2919} INFO - Setting next_dagrun for example_xcom_args to None, run_after=None
[2022-06-20 01:22:38,156] {logging_mixin.py:115} INFO - [2022-06-20 01:22:38,155] {dag.py:2919} INFO - Setting next_dagrun for example_xcom_args_with_operators to None, run_after=None
[2022-06-20 01:22:38,187] {processor.py:161} INFO - Processing /home/airflow/.local/lib/python3.7/site-packages/airflow/example_dags/example_xcomargs.py took 0.440 seconds
[2022-06-20 01:23:08,963] {processor.py:153} INFO - Started process (PID=144) to work on /home/airflow/.local/lib/python3.7/site-packages/airflow/example_dags/example_xcomargs.py
[2022-06-20 01:23:08,971] {processor.py:641} INFO - Processing file /home/airflow/.local/lib/python3.7/site-packages/airflow/example_dags/example_xcomargs.py for tasks to queue
[2022-06-20 01:23:08,972] {logging_mixin.py:115} INFO - [2022-06-20 01:23:08,972] {dagbag.py:507} INFO - Filling up the DagBag from /home/airflow/.local/lib/python3.7/site-packages/airflow/example_dags/example_xcomargs.py
[2022-06-20 01:23:08,988] {processor.py:651} INFO - DAG(s) dict_keys(['example_xcom_args', 'example_xcom_args_with_operators']) retrieved from /home/airflow/.local/lib/python3.7/site-packages/airflow/example_dags/example_xcomargs.py
[2022-06-20 01:23:09,028] {logging_mixin.py:115} INFO - [2022-06-20 01:23:09,028] {dag.py:2371} INFO - Sync 2 DAGs
[2022-06-20 01:23:09,040] {logging_mixin.py:115} INFO - [2022-06-20 01:23:09,040] {dag.py:2919} INFO - Setting next_dagrun for example_xcom_args to None, run_after=None
[2022-06-20 01:23:09,041] {logging_mixin.py:115} INFO - [2022-06-20 01:23:09,041] {dag.py:2919} INFO - Setting next_dagrun for example_xcom_args_with_operators to None, run_after=None
[2022-06-20 01:23:09,142] {processor.py:161} INFO - Processing /home/airflow/.local/lib/python3.7/site-packages/airflow/example_dags/example_xcomargs.py took 0.183 seconds
[2022-06-20 01:23:39,239] {processor.py:153} INFO - Started process (PID=216) to work on /home/airflow/.local/lib/python3.7/site-packages/airflow/example_dags/example_xcomargs.py
[2022-06-20 01:23:39,241] {processor.py:641} INFO - Processing file /home/airflow/.local/lib/python3.7/site-packages/airflow/example_dags/example_xcomargs.py for tasks to queue
[2022-06-20 01:23:39,242] {logging_mixin.py:115} INFO - [2022-06-20 01:23:39,242] {dagbag.py:507} INFO - Filling up the DagBag from /home/airflow/.local/lib/python3.7/site-packages/airflow/example_dags/example_xcomargs.py
[2022-06-20 01:23:39,253] {processor.py:651} INFO - DAG(s) dict_keys(['example_xcom_args', 'example_xcom_args_with_operators']) retrieved from /home/airflow/.local/lib/python3.7/site-packages/airflow/example_dags/example_xcomargs.py
[2022-06-20 01:23:39,291] {logging_mixin.py:115} INFO - [2022-06-20 01:23:39,291] {dag.py:2371} INFO - Sync 2 DAGs
[2022-06-20 01:23:39,407] {logging_mixin.py:115} INFO - [2022-06-20 01:23:39,407] {dag.py:2919} INFO - Setting next_dagrun for example_xcom_args to None, run_after=None
[2022-06-20 01:23:39,409] {logging_mixin.py:115} INFO - [2022-06-20 01:23:39,409] {dag.py:2919} INFO - Setting next_dagrun for example_xcom_args_with_operators to None, run_after=None
[2022-06-20 01:23:39,420] {processor.py:161} INFO - Processing /home/airflow/.local/lib/python3.7/site-packages/airflow/example_dags/example_xcomargs.py took 0.183 seconds
[2022-06-20 01:24:10,289] {processor.py:153} INFO - Started process (PID=288) to work on /home/airflow/.local/lib/python3.7/site-packages/airflow/example_dags/example_xcomargs.py
[2022-06-20 01:24:10,292] {processor.py:641} INFO - Processing file /home/airflow/.local/lib/python3.7/site-packages/airflow/example_dags/example_xcomargs.py for tasks to queue
[2022-06-20 01:24:10,296] {logging_mixin.py:115} INFO - [2022-06-20 01:24:10,296] {dagbag.py:507} INFO - Filling up the DagBag from /home/airflow/.local/lib/python3.7/site-packages/airflow/example_dags/example_xcomargs.py
[2022-06-20 01:24:10,316] {processor.py:651} INFO - DAG(s) dict_keys(['example_xcom_args', 'example_xcom_args_with_operators']) retrieved from /home/airflow/.local/lib/python3.7/site-packages/airflow/example_dags/example_xcomargs.py
[2022-06-20 01:24:10,338] {logging_mixin.py:115} INFO - [2022-06-20 01:24:10,338] {dag.py:2371} INFO - Sync 2 DAGs
[2022-06-20 01:24:10,350] {logging_mixin.py:115} INFO - [2022-06-20 01:24:10,350] {dag.py:2919} INFO - Setting next_dagrun for example_xcom_args to None, run_after=None
[2022-06-20 01:24:10,353] {logging_mixin.py:115} INFO - [2022-06-20 01:24:10,353] {dag.py:2919} INFO - Setting next_dagrun for example_xcom_args_with_operators to None, run_after=None
[2022-06-20 01:24:10,360] {processor.py:161} INFO - Processing /home/airflow/.local/lib/python3.7/site-packages/airflow/example_dags/example_xcomargs.py took 0.076 seconds
[2022-06-20 01:24:40,413] {processor.py:153} INFO - Started process (PID=350) to work on /home/airflow/.local/lib/python3.7/site-packages/airflow/example_dags/example_xcomargs.py
[2022-06-20 01:24:40,414] {processor.py:641} INFO - Processing file /home/airflow/.local/lib/python3.7/site-packages/airflow/example_dags/example_xcomargs.py for tasks to queue
[2022-06-20 01:24:40,415] {logging_mixin.py:115} INFO - [2022-06-20 01:24:40,415] {dagbag.py:507} INFO - Filling up the DagBag from /home/airflow/.local/lib/python3.7/site-packages/airflow/example_dags/example_xcomargs.py
[2022-06-20 01:24:40,426] {processor.py:651} INFO - DAG(s) dict_keys(['example_xcom_args', 'example_xcom_args_with_operators']) retrieved from /home/airflow/.local/lib/python3.7/site-packages/airflow/example_dags/example_xcomargs.py
[2022-06-20 01:24:40,463] {logging_mixin.py:115} INFO - [2022-06-20 01:24:40,463] {dag.py:2371} INFO - Sync 2 DAGs
[2022-06-20 01:24:40,550] {logging_mixin.py:115} INFO - [2022-06-20 01:24:40,550] {dag.py:2919} INFO - Setting next_dagrun for example_xcom_args to None, run_after=None
[2022-06-20 01:24:40,551] {logging_mixin.py:115} INFO - [2022-06-20 01:24:40,551] {dag.py:2919} INFO - Setting next_dagrun for example_xcom_args_with_operators to None, run_after=None
[2022-06-20 01:24:40,560] {processor.py:161} INFO - Processing /home/airflow/.local/lib/python3.7/site-packages/airflow/example_dags/example_xcomargs.py took 0.149 seconds
[2022-06-20 01:25:10,713] {processor.py:153} INFO - Started process (PID=421) to work on /home/airflow/.local/lib/python3.7/site-packages/airflow/example_dags/example_xcomargs.py
[2022-06-20 01:25:10,715] {processor.py:641} INFO - Processing file /home/airflow/.local/lib/python3.7/site-packages/airflow/example_dags/example_xcomargs.py for tasks to queue
[2022-06-20 01:25:10,716] {logging_mixin.py:115} INFO - [2022-06-20 01:25:10,716] {dagbag.py:507} INFO - Filling up the DagBag from /home/airflow/.local/lib/python3.7/site-packages/airflow/example_dags/example_xcomargs.py
[2022-06-20 01:25:10,728] {processor.py:651} INFO - DAG(s) dict_keys(['example_xcom_args', 'example_xcom_args_with_operators']) retrieved from /home/airflow/.local/lib/python3.7/site-packages/airflow/example_dags/example_xcomargs.py
[2022-06-20 01:25:10,770] {logging_mixin.py:115} INFO - [2022-06-20 01:25:10,770] {dag.py:2371} INFO - Sync 2 DAGs
[2022-06-20 01:25:10,859] {logging_mixin.py:115} INFO - [2022-06-20 01:25:10,859] {dag.py:2919} INFO - Setting next_dagrun for example_xcom_args to None, run_after=None
[2022-06-20 01:25:10,860] {logging_mixin.py:115} INFO - [2022-06-20 01:25:10,860] {dag.py:2919} INFO - Setting next_dagrun for example_xcom_args_with_operators to None, run_after=None
[2022-06-20 01:25:10,869] {processor.py:161} INFO - Processing /home/airflow/.local/lib/python3.7/site-packages/airflow/example_dags/example_xcomargs.py took 0.159 seconds
[2022-06-20 01:25:40,901] {processor.py:153} INFO - Started process (PID=493) to work on /home/airflow/.local/lib/python3.7/site-packages/airflow/example_dags/example_xcomargs.py
[2022-06-20 01:25:40,903] {processor.py:641} INFO - Processing file /home/airflow/.local/lib/python3.7/site-packages/airflow/example_dags/example_xcomargs.py for tasks to queue
[2022-06-20 01:25:40,904] {logging_mixin.py:115} INFO - [2022-06-20 01:25:40,904] {dagbag.py:507} INFO - Filling up the DagBag from /home/airflow/.local/lib/python3.7/site-packages/airflow/example_dags/example_xcomargs.py
[2022-06-20 01:25:40,916] {processor.py:651} INFO - DAG(s) dict_keys(['example_xcom_args', 'example_xcom_args_with_operators']) retrieved from /home/airflow/.local/lib/python3.7/site-packages/airflow/example_dags/example_xcomargs.py
[2022-06-20 01:25:40,961] {logging_mixin.py:115} INFO - [2022-06-20 01:25:40,961] {dag.py:2371} INFO - Sync 2 DAGs
[2022-06-20 01:25:41,077] {logging_mixin.py:115} INFO - [2022-06-20 01:25:41,077] {dag.py:2919} INFO - Setting next_dagrun for example_xcom_args to None, run_after=None
[2022-06-20 01:25:41,078] {logging_mixin.py:115} INFO - [2022-06-20 01:25:41,078] {dag.py:2919} INFO - Setting next_dagrun for example_xcom_args_with_operators to None, run_after=None
[2022-06-20 01:25:41,093] {processor.py:161} INFO - Processing /home/airflow/.local/lib/python3.7/site-packages/airflow/example_dags/example_xcomargs.py took 0.194 seconds
[2022-06-20 01:26:11,282] {processor.py:153} INFO - Started process (PID=566) to work on /home/airflow/.local/lib/python3.7/site-packages/airflow/example_dags/example_xcomargs.py
[2022-06-20 01:26:11,284] {processor.py:641} INFO - Processing file /home/airflow/.local/lib/python3.7/site-packages/airflow/example_dags/example_xcomargs.py for tasks to queue
[2022-06-20 01:26:11,285] {logging_mixin.py:115} INFO - [2022-06-20 01:26:11,285] {dagbag.py:507} INFO - Filling up the DagBag from /home/airflow/.local/lib/python3.7/site-packages/airflow/example_dags/example_xcomargs.py
[2022-06-20 01:26:11,296] {processor.py:651} INFO - DAG(s) dict_keys(['example_xcom_args', 'example_xcom_args_with_operators']) retrieved from /home/airflow/.local/lib/python3.7/site-packages/airflow/example_dags/example_xcomargs.py
[2022-06-20 01:26:11,338] {logging_mixin.py:115} INFO - [2022-06-20 01:26:11,338] {dag.py:2371} INFO - Sync 2 DAGs
[2022-06-20 01:26:11,457] {logging_mixin.py:115} INFO - [2022-06-20 01:26:11,457] {dag.py:2919} INFO - Setting next_dagrun for example_xcom_args to None, run_after=None
[2022-06-20 01:26:11,458] {logging_mixin.py:115} INFO - [2022-06-20 01:26:11,458] {dag.py:2919} INFO - Setting next_dagrun for example_xcom_args_with_operators to None, run_after=None
[2022-06-20 01:26:11,468] {processor.py:161} INFO - Processing /home/airflow/.local/lib/python3.7/site-packages/airflow/example_dags/example_xcomargs.py took 0.188 seconds
[2022-06-20 01:26:41,908] {processor.py:153} INFO - Started process (PID=635) to work on /home/airflow/.local/lib/python3.7/site-packages/airflow/example_dags/example_xcomargs.py
[2022-06-20 01:26:41,911] {processor.py:641} INFO - Processing file /home/airflow/.local/lib/python3.7/site-packages/airflow/example_dags/example_xcomargs.py for tasks to queue
[2022-06-20 01:26:41,912] {logging_mixin.py:115} INFO - [2022-06-20 01:26:41,912] {dagbag.py:507} INFO - Filling up the DagBag from /home/airflow/.local/lib/python3.7/site-packages/airflow/example_dags/example_xcomargs.py
[2022-06-20 01:26:41,926] {processor.py:651} INFO - DAG(s) dict_keys(['example_xcom_args', 'example_xcom_args_with_operators']) retrieved from /home/airflow/.local/lib/python3.7/site-packages/airflow/example_dags/example_xcomargs.py
[2022-06-20 01:26:41,972] {logging_mixin.py:115} INFO - [2022-06-20 01:26:41,972] {dag.py:2371} INFO - Sync 2 DAGs
[2022-06-20 01:26:42,067] {logging_mixin.py:115} INFO - [2022-06-20 01:26:42,067] {dag.py:2919} INFO - Setting next_dagrun for example_xcom_args to None, run_after=None
[2022-06-20 01:26:42,068] {logging_mixin.py:115} INFO - [2022-06-20 01:26:42,068] {dag.py:2919} INFO - Setting next_dagrun for example_xcom_args_with_operators to None, run_after=None
[2022-06-20 01:26:42,078] {processor.py:161} INFO - Processing /home/airflow/.local/lib/python3.7/site-packages/airflow/example_dags/example_xcomargs.py took 0.174 seconds
[2022-06-20 01:27:12,103] {processor.py:153} INFO - Started process (PID=707) to work on /home/airflow/.local/lib/python3.7/site-packages/airflow/example_dags/example_xcomargs.py
[2022-06-20 01:27:12,104] {processor.py:641} INFO - Processing file /home/airflow/.local/lib/python3.7/site-packages/airflow/example_dags/example_xcomargs.py for tasks to queue
[2022-06-20 01:27:12,105] {logging_mixin.py:115} INFO - [2022-06-20 01:27:12,105] {dagbag.py:507} INFO - Filling up the DagBag from /home/airflow/.local/lib/python3.7/site-packages/airflow/example_dags/example_xcomargs.py
[2022-06-20 01:27:12,116] {processor.py:651} INFO - DAG(s) dict_keys(['example_xcom_args', 'example_xcom_args_with_operators']) retrieved from /home/airflow/.local/lib/python3.7/site-packages/airflow/example_dags/example_xcomargs.py
[2022-06-20 01:27:12,157] {logging_mixin.py:115} INFO - [2022-06-20 01:27:12,157] {dag.py:2371} INFO - Sync 2 DAGs
[2022-06-20 01:27:12,271] {logging_mixin.py:115} INFO - [2022-06-20 01:27:12,271] {dag.py:2919} INFO - Setting next_dagrun for example_xcom_args to None, run_after=None
[2022-06-20 01:27:12,273] {logging_mixin.py:115} INFO - [2022-06-20 01:27:12,273] {dag.py:2919} INFO - Setting next_dagrun for example_xcom_args_with_operators to None, run_after=None
[2022-06-20 01:27:12,282] {processor.py:161} INFO - Processing /home/airflow/.local/lib/python3.7/site-packages/airflow/example_dags/example_xcomargs.py took 0.181 seconds
[2022-06-20 01:27:42,470] {processor.py:153} INFO - Started process (PID=769) to work on /home/airflow/.local/lib/python3.7/site-packages/airflow/example_dags/example_xcomargs.py
[2022-06-20 01:27:42,472] {processor.py:641} INFO - Processing file /home/airflow/.local/lib/python3.7/site-packages/airflow/example_dags/example_xcomargs.py for tasks to queue
[2022-06-20 01:27:42,474] {logging_mixin.py:115} INFO - [2022-06-20 01:27:42,473] {dagbag.py:507} INFO - Filling up the DagBag from /home/airflow/.local/lib/python3.7/site-packages/airflow/example_dags/example_xcomargs.py
[2022-06-20 01:27:42,492] {processor.py:651} INFO - DAG(s) dict_keys(['example_xcom_args', 'example_xcom_args_with_operators']) retrieved from /home/airflow/.local/lib/python3.7/site-packages/airflow/example_dags/example_xcomargs.py
[2022-06-20 01:27:42,538] {logging_mixin.py:115} INFO - [2022-06-20 01:27:42,537] {dag.py:2371} INFO - Sync 2 DAGs
[2022-06-20 01:27:42,627] {logging_mixin.py:115} INFO - [2022-06-20 01:27:42,626] {dag.py:2919} INFO - Setting next_dagrun for example_xcom_args to None, run_after=None
[2022-06-20 01:27:42,628] {logging_mixin.py:115} INFO - [2022-06-20 01:27:42,627] {dag.py:2919} INFO - Setting next_dagrun for example_xcom_args_with_operators to None, run_after=None
[2022-06-20 01:27:42,636] {processor.py:161} INFO - Processing /home/airflow/.local/lib/python3.7/site-packages/airflow/example_dags/example_xcomargs.py took 0.172 seconds
[2022-06-20 01:28:12,741] {processor.py:153} INFO - Started process (PID=841) to work on /home/airflow/.local/lib/python3.7/site-packages/airflow/example_dags/example_xcomargs.py
[2022-06-20 01:28:12,743] {processor.py:641} INFO - Processing file /home/airflow/.local/lib/python3.7/site-packages/airflow/example_dags/example_xcomargs.py for tasks to queue
[2022-06-20 01:28:12,745] {logging_mixin.py:115} INFO - [2022-06-20 01:28:12,745] {dagbag.py:507} INFO - Filling up the DagBag from /home/airflow/.local/lib/python3.7/site-packages/airflow/example_dags/example_xcomargs.py
[2022-06-20 01:28:12,760] {processor.py:651} INFO - DAG(s) dict_keys(['example_xcom_args', 'example_xcom_args_with_operators']) retrieved from /home/airflow/.local/lib/python3.7/site-packages/airflow/example_dags/example_xcomargs.py
[2022-06-20 01:28:12,804] {logging_mixin.py:115} INFO - [2022-06-20 01:28:12,804] {dag.py:2371} INFO - Sync 2 DAGs
[2022-06-20 01:28:12,889] {logging_mixin.py:115} INFO - [2022-06-20 01:28:12,889] {dag.py:2919} INFO - Setting next_dagrun for example_xcom_args to None, run_after=None
[2022-06-20 01:28:12,891] {logging_mixin.py:115} INFO - [2022-06-20 01:28:12,891] {dag.py:2919} INFO - Setting next_dagrun for example_xcom_args_with_operators to None, run_after=None
[2022-06-20 01:28:12,899] {processor.py:161} INFO - Processing /home/airflow/.local/lib/python3.7/site-packages/airflow/example_dags/example_xcomargs.py took 0.163 seconds
[2022-06-20 01:28:43,536] {processor.py:153} INFO - Started process (PID=913) to work on /home/airflow/.local/lib/python3.7/site-packages/airflow/example_dags/example_xcomargs.py
[2022-06-20 01:28:43,539] {processor.py:641} INFO - Processing file /home/airflow/.local/lib/python3.7/site-packages/airflow/example_dags/example_xcomargs.py for tasks to queue
[2022-06-20 01:28:43,542] {logging_mixin.py:115} INFO - [2022-06-20 01:28:43,542] {dagbag.py:507} INFO - Filling up the DagBag from /home/airflow/.local/lib/python3.7/site-packages/airflow/example_dags/example_xcomargs.py
[2022-06-20 01:28:43,559] {processor.py:651} INFO - DAG(s) dict_keys(['example_xcom_args', 'example_xcom_args_with_operators']) retrieved from /home/airflow/.local/lib/python3.7/site-packages/airflow/example_dags/example_xcomargs.py
[2022-06-20 01:28:43,605] {logging_mixin.py:115} INFO - [2022-06-20 01:28:43,605] {dag.py:2371} INFO - Sync 2 DAGs
[2022-06-20 01:28:43,708] {logging_mixin.py:115} INFO - [2022-06-20 01:28:43,708] {dag.py:2919} INFO - Setting next_dagrun for example_xcom_args to None, run_after=None
[2022-06-20 01:28:43,709] {logging_mixin.py:115} INFO - [2022-06-20 01:28:43,709] {dag.py:2919} INFO - Setting next_dagrun for example_xcom_args_with_operators to None, run_after=None
[2022-06-20 01:28:43,720] {processor.py:161} INFO - Processing /home/airflow/.local/lib/python3.7/site-packages/airflow/example_dags/example_xcomargs.py took 0.188 seconds
[2022-06-20 01:29:14,556] {processor.py:153} INFO - Started process (PID=984) to work on /home/airflow/.local/lib/python3.7/site-packages/airflow/example_dags/example_xcomargs.py
[2022-06-20 01:29:14,557] {processor.py:641} INFO - Processing file /home/airflow/.local/lib/python3.7/site-packages/airflow/example_dags/example_xcomargs.py for tasks to queue
[2022-06-20 01:29:14,558] {logging_mixin.py:115} INFO - [2022-06-20 01:29:14,558] {dagbag.py:507} INFO - Filling up the DagBag from /home/airflow/.local/lib/python3.7/site-packages/airflow/example_dags/example_xcomargs.py
[2022-06-20 01:29:14,568] {processor.py:651} INFO - DAG(s) dict_keys(['example_xcom_args', 'example_xcom_args_with_operators']) retrieved from /home/airflow/.local/lib/python3.7/site-packages/airflow/example_dags/example_xcomargs.py
[2022-06-20 01:29:14,589] {logging_mixin.py:115} INFO - [2022-06-20 01:29:14,589] {dag.py:2371} INFO - Sync 2 DAGs
[2022-06-20 01:29:14,601] {logging_mixin.py:115} INFO - [2022-06-20 01:29:14,601] {dag.py:2919} INFO - Setting next_dagrun for example_xcom_args to None, run_after=None
[2022-06-20 01:29:14,602] {logging_mixin.py:115} INFO - [2022-06-20 01:29:14,602] {dag.py:2919} INFO - Setting next_dagrun for example_xcom_args_with_operators to None, run_after=None
[2022-06-20 01:29:14,613] {processor.py:161} INFO - Processing /home/airflow/.local/lib/python3.7/site-packages/airflow/example_dags/example_xcomargs.py took 0.059 seconds
[2022-06-20 01:29:44,656] {processor.py:153} INFO - Started process (PID=1054) to work on /home/airflow/.local/lib/python3.7/site-packages/airflow/example_dags/example_xcomargs.py
[2022-06-20 01:29:44,658] {processor.py:641} INFO - Processing file /home/airflow/.local/lib/python3.7/site-packages/airflow/example_dags/example_xcomargs.py for tasks to queue
[2022-06-20 01:29:44,659] {logging_mixin.py:115} INFO - [2022-06-20 01:29:44,659] {dagbag.py:507} INFO - Filling up the DagBag from /home/airflow/.local/lib/python3.7/site-packages/airflow/example_dags/example_xcomargs.py
[2022-06-20 01:29:44,669] {processor.py:651} INFO - DAG(s) dict_keys(['example_xcom_args', 'example_xcom_args_with_operators']) retrieved from /home/airflow/.local/lib/python3.7/site-packages/airflow/example_dags/example_xcomargs.py
[2022-06-20 01:29:44,708] {logging_mixin.py:115} INFO - [2022-06-20 01:29:44,708] {dag.py:2371} INFO - Sync 2 DAGs
[2022-06-20 01:29:44,804] {logging_mixin.py:115} INFO - [2022-06-20 01:29:44,804] {dag.py:2919} INFO - Setting next_dagrun for example_xcom_args to None, run_after=None
[2022-06-20 01:29:44,805] {logging_mixin.py:115} INFO - [2022-06-20 01:29:44,805] {dag.py:2919} INFO - Setting next_dagrun for example_xcom_args_with_operators to None, run_after=None
[2022-06-20 01:29:44,816] {processor.py:161} INFO - Processing /home/airflow/.local/lib/python3.7/site-packages/airflow/example_dags/example_xcomargs.py took 0.162 seconds
[2022-06-20 01:30:14,896] {processor.py:153} INFO - Started process (PID=1126) to work on /home/airflow/.local/lib/python3.7/site-packages/airflow/example_dags/example_xcomargs.py
[2022-06-20 01:30:14,899] {processor.py:641} INFO - Processing file /home/airflow/.local/lib/python3.7/site-packages/airflow/example_dags/example_xcomargs.py for tasks to queue
[2022-06-20 01:30:14,900] {logging_mixin.py:115} INFO - [2022-06-20 01:30:14,900] {dagbag.py:507} INFO - Filling up the DagBag from /home/airflow/.local/lib/python3.7/site-packages/airflow/example_dags/example_xcomargs.py
[2022-06-20 01:30:14,911] {processor.py:651} INFO - DAG(s) dict_keys(['example_xcom_args', 'example_xcom_args_with_operators']) retrieved from /home/airflow/.local/lib/python3.7/site-packages/airflow/example_dags/example_xcomargs.py
[2022-06-20 01:30:14,958] {logging_mixin.py:115} INFO - [2022-06-20 01:30:14,958] {dag.py:2371} INFO - Sync 2 DAGs
[2022-06-20 01:30:15,050] {logging_mixin.py:115} INFO - [2022-06-20 01:30:15,050] {dag.py:2919} INFO - Setting next_dagrun for example_xcom_args to None, run_after=None
[2022-06-20 01:30:15,052] {logging_mixin.py:115} INFO - [2022-06-20 01:30:15,052] {dag.py:2919} INFO - Setting next_dagrun for example_xcom_args_with_operators to None, run_after=None
[2022-06-20 01:30:15,069] {processor.py:161} INFO - Processing /home/airflow/.local/lib/python3.7/site-packages/airflow/example_dags/example_xcomargs.py took 0.176 seconds
[2022-06-20 01:30:45,340] {processor.py:153} INFO - Started process (PID=1188) to work on /home/airflow/.local/lib/python3.7/site-packages/airflow/example_dags/example_xcomargs.py
[2022-06-20 01:30:45,342] {processor.py:641} INFO - Processing file /home/airflow/.local/lib/python3.7/site-packages/airflow/example_dags/example_xcomargs.py for tasks to queue
[2022-06-20 01:30:45,343] {logging_mixin.py:115} INFO - [2022-06-20 01:30:45,343] {dagbag.py:507} INFO - Filling up the DagBag from /home/airflow/.local/lib/python3.7/site-packages/airflow/example_dags/example_xcomargs.py
[2022-06-20 01:30:45,354] {processor.py:651} INFO - DAG(s) dict_keys(['example_xcom_args', 'example_xcom_args_with_operators']) retrieved from /home/airflow/.local/lib/python3.7/site-packages/airflow/example_dags/example_xcomargs.py
[2022-06-20 01:30:45,419] {logging_mixin.py:115} INFO - [2022-06-20 01:30:45,419] {dag.py:2371} INFO - Sync 2 DAGs
[2022-06-20 01:30:45,514] {logging_mixin.py:115} INFO - [2022-06-20 01:30:45,514] {dag.py:2919} INFO - Setting next_dagrun for example_xcom_args to None, run_after=None
[2022-06-20 01:30:45,515] {logging_mixin.py:115} INFO - [2022-06-20 01:30:45,515] {dag.py:2919} INFO - Setting next_dagrun for example_xcom_args_with_operators to None, run_after=None
[2022-06-20 01:30:45,523] {processor.py:161} INFO - Processing /home/airflow/.local/lib/python3.7/site-packages/airflow/example_dags/example_xcomargs.py took 0.187 seconds
[2022-06-20 01:31:15,739] {processor.py:153} INFO - Started process (PID=1261) to work on /home/airflow/.local/lib/python3.7/site-packages/airflow/example_dags/example_xcomargs.py
[2022-06-20 01:31:15,740] {processor.py:641} INFO - Processing file /home/airflow/.local/lib/python3.7/site-packages/airflow/example_dags/example_xcomargs.py for tasks to queue
[2022-06-20 01:31:15,741] {logging_mixin.py:115} INFO - [2022-06-20 01:31:15,741] {dagbag.py:507} INFO - Filling up the DagBag from /home/airflow/.local/lib/python3.7/site-packages/airflow/example_dags/example_xcomargs.py
[2022-06-20 01:31:15,754] {processor.py:651} INFO - DAG(s) dict_keys(['example_xcom_args', 'example_xcom_args_with_operators']) retrieved from /home/airflow/.local/lib/python3.7/site-packages/airflow/example_dags/example_xcomargs.py
[2022-06-20 01:31:15,774] {logging_mixin.py:115} INFO - [2022-06-20 01:31:15,774] {dag.py:2371} INFO - Sync 2 DAGs
[2022-06-20 01:31:15,788] {logging_mixin.py:115} INFO - [2022-06-20 01:31:15,788] {dag.py:2919} INFO - Setting next_dagrun for example_xcom_args to None, run_after=None
[2022-06-20 01:31:15,790] {logging_mixin.py:115} INFO - [2022-06-20 01:31:15,790] {dag.py:2919} INFO - Setting next_dagrun for example_xcom_args_with_operators to None, run_after=None
[2022-06-20 01:31:15,799] {processor.py:161} INFO - Processing /home/airflow/.local/lib/python3.7/site-packages/airflow/example_dags/example_xcomargs.py took 0.063 seconds
[2022-06-20 01:31:45,955] {processor.py:153} INFO - Started process (PID=1333) to work on /home/airflow/.local/lib/python3.7/site-packages/airflow/example_dags/example_xcomargs.py
[2022-06-20 01:31:45,957] {processor.py:641} INFO - Processing file /home/airflow/.local/lib/python3.7/site-packages/airflow/example_dags/example_xcomargs.py for tasks to queue
[2022-06-20 01:31:45,958] {logging_mixin.py:115} INFO - [2022-06-20 01:31:45,958] {dagbag.py:507} INFO - Filling up the DagBag from /home/airflow/.local/lib/python3.7/site-packages/airflow/example_dags/example_xcomargs.py
[2022-06-20 01:31:45,972] {processor.py:651} INFO - DAG(s) dict_keys(['example_xcom_args', 'example_xcom_args_with_operators']) retrieved from /home/airflow/.local/lib/python3.7/site-packages/airflow/example_dags/example_xcomargs.py
[2022-06-20 01:31:46,021] {logging_mixin.py:115} INFO - [2022-06-20 01:31:46,021] {dag.py:2371} INFO - Sync 2 DAGs
[2022-06-20 01:31:46,138] {logging_mixin.py:115} INFO - [2022-06-20 01:31:46,138] {dag.py:2919} INFO - Setting next_dagrun for example_xcom_args to None, run_after=None
[2022-06-20 01:31:46,140] {logging_mixin.py:115} INFO - [2022-06-20 01:31:46,139] {dag.py:2919} INFO - Setting next_dagrun for example_xcom_args_with_operators to None, run_after=None
[2022-06-20 01:31:46,155] {processor.py:161} INFO - Processing /home/airflow/.local/lib/python3.7/site-packages/airflow/example_dags/example_xcomargs.py took 0.202 seconds
[2022-06-20 01:32:16,212] {processor.py:153} INFO - Started process (PID=1405) to work on /home/airflow/.local/lib/python3.7/site-packages/airflow/example_dags/example_xcomargs.py
[2022-06-20 01:32:16,219] {processor.py:641} INFO - Processing file /home/airflow/.local/lib/python3.7/site-packages/airflow/example_dags/example_xcomargs.py for tasks to queue
[2022-06-20 01:32:16,223] {logging_mixin.py:115} INFO - [2022-06-20 01:32:16,223] {dagbag.py:507} INFO - Filling up the DagBag from /home/airflow/.local/lib/python3.7/site-packages/airflow/example_dags/example_xcomargs.py
[2022-06-20 01:32:16,237] {processor.py:651} INFO - DAG(s) dict_keys(['example_xcom_args', 'example_xcom_args_with_operators']) retrieved from /home/airflow/.local/lib/python3.7/site-packages/airflow/example_dags/example_xcomargs.py
[2022-06-20 01:32:16,283] {logging_mixin.py:115} INFO - [2022-06-20 01:32:16,283] {dag.py:2371} INFO - Sync 2 DAGs
[2022-06-20 01:32:16,453] {logging_mixin.py:115} INFO - [2022-06-20 01:32:16,453] {dag.py:2919} INFO - Setting next_dagrun for example_xcom_args to None, run_after=None
[2022-06-20 01:32:16,455] {logging_mixin.py:115} INFO - [2022-06-20 01:32:16,455] {dag.py:2919} INFO - Setting next_dagrun for example_xcom_args_with_operators to None, run_after=None
[2022-06-20 01:32:16,462] {processor.py:161} INFO - Processing /home/airflow/.local/lib/python3.7/site-packages/airflow/example_dags/example_xcomargs.py took 0.255 seconds
[2022-06-20 01:32:46,705] {processor.py:153} INFO - Started process (PID=1481) to work on /home/airflow/.local/lib/python3.7/site-packages/airflow/example_dags/example_xcomargs.py
[2022-06-20 01:32:46,706] {processor.py:641} INFO - Processing file /home/airflow/.local/lib/python3.7/site-packages/airflow/example_dags/example_xcomargs.py for tasks to queue
[2022-06-20 01:32:46,707] {logging_mixin.py:115} INFO - [2022-06-20 01:32:46,707] {dagbag.py:507} INFO - Filling up the DagBag from /home/airflow/.local/lib/python3.7/site-packages/airflow/example_dags/example_xcomargs.py
[2022-06-20 01:32:46,718] {processor.py:651} INFO - DAG(s) dict_keys(['example_xcom_args', 'example_xcom_args_with_operators']) retrieved from /home/airflow/.local/lib/python3.7/site-packages/airflow/example_dags/example_xcomargs.py
[2022-06-20 01:32:46,838] {logging_mixin.py:115} INFO - [2022-06-20 01:32:46,838] {dag.py:2371} INFO - Sync 2 DAGs
[2022-06-20 01:32:46,848] {logging_mixin.py:115} INFO - [2022-06-20 01:32:46,847] {dag.py:2919} INFO - Setting next_dagrun for example_xcom_args to None, run_after=None
[2022-06-20 01:32:46,850] {logging_mixin.py:115} INFO - [2022-06-20 01:32:46,850] {dag.py:2919} INFO - Setting next_dagrun for example_xcom_args_with_operators to None, run_after=None
[2022-06-20 01:32:46,858] {processor.py:161} INFO - Processing /home/airflow/.local/lib/python3.7/site-packages/airflow/example_dags/example_xcomargs.py took 0.156 seconds
[2022-06-20 01:33:17,683] {processor.py:153} INFO - Started process (PID=1549) to work on /home/airflow/.local/lib/python3.7/site-packages/airflow/example_dags/example_xcomargs.py
[2022-06-20 01:33:17,685] {processor.py:641} INFO - Processing file /home/airflow/.local/lib/python3.7/site-packages/airflow/example_dags/example_xcomargs.py for tasks to queue
[2022-06-20 01:33:17,687] {logging_mixin.py:115} INFO - [2022-06-20 01:33:17,686] {dagbag.py:507} INFO - Filling up the DagBag from /home/airflow/.local/lib/python3.7/site-packages/airflow/example_dags/example_xcomargs.py
[2022-06-20 01:33:17,703] {processor.py:651} INFO - DAG(s) dict_keys(['example_xcom_args', 'example_xcom_args_with_operators']) retrieved from /home/airflow/.local/lib/python3.7/site-packages/airflow/example_dags/example_xcomargs.py
[2022-06-20 01:33:17,886] {logging_mixin.py:115} INFO - [2022-06-20 01:33:17,886] {dag.py:2371} INFO - Sync 2 DAGs
[2022-06-20 01:33:17,907] {logging_mixin.py:115} INFO - [2022-06-20 01:33:17,907] {dag.py:2919} INFO - Setting next_dagrun for example_xcom_args to None, run_after=None
[2022-06-20 01:33:17,911] {logging_mixin.py:115} INFO - [2022-06-20 01:33:17,911] {dag.py:2919} INFO - Setting next_dagrun for example_xcom_args_with_operators to None, run_after=None
[2022-06-20 01:33:17,924] {processor.py:161} INFO - Processing /home/airflow/.local/lib/python3.7/site-packages/airflow/example_dags/example_xcomargs.py took 0.245 seconds
[2022-06-20 01:33:41,008] {processor.py:153} INFO - Started process (PID=68) to work on /home/airflow/.local/lib/python3.7/site-packages/airflow/example_dags/example_xcomargs.py
[2022-06-20 01:33:41,011] {processor.py:641} INFO - Processing file /home/airflow/.local/lib/python3.7/site-packages/airflow/example_dags/example_xcomargs.py for tasks to queue
[2022-06-20 01:33:41,012] {logging_mixin.py:115} INFO - [2022-06-20 01:33:41,012] {dagbag.py:507} INFO - Filling up the DagBag from /home/airflow/.local/lib/python3.7/site-packages/airflow/example_dags/example_xcomargs.py
[2022-06-20 01:33:41,058] {processor.py:651} INFO - DAG(s) dict_keys(['example_xcom_args', 'example_xcom_args_with_operators']) retrieved from /home/airflow/.local/lib/python3.7/site-packages/airflow/example_dags/example_xcomargs.py
[2022-06-20 01:33:41,112] {logging_mixin.py:115} INFO - [2022-06-20 01:33:41,112] {dag.py:2371} INFO - Sync 2 DAGs
[2022-06-20 01:33:41,151] {logging_mixin.py:115} INFO - [2022-06-20 01:33:41,150] {dag.py:2919} INFO - Setting next_dagrun for example_xcom_args to None, run_after=None
[2022-06-20 01:33:41,153] {logging_mixin.py:115} INFO - [2022-06-20 01:33:41,153] {dag.py:2919} INFO - Setting next_dagrun for example_xcom_args_with_operators to None, run_after=None
[2022-06-20 01:33:41,169] {processor.py:161} INFO - Processing /home/airflow/.local/lib/python3.7/site-packages/airflow/example_dags/example_xcomargs.py took 0.168 seconds
[2022-06-20 01:34:11,258] {processor.py:153} INFO - Started process (PID=133) to work on /home/airflow/.local/lib/python3.7/site-packages/airflow/example_dags/example_xcomargs.py
[2022-06-20 01:34:11,260] {processor.py:641} INFO - Processing file /home/airflow/.local/lib/python3.7/site-packages/airflow/example_dags/example_xcomargs.py for tasks to queue
[2022-06-20 01:34:11,261] {logging_mixin.py:115} INFO - [2022-06-20 01:34:11,261] {dagbag.py:507} INFO - Filling up the DagBag from /home/airflow/.local/lib/python3.7/site-packages/airflow/example_dags/example_xcomargs.py
[2022-06-20 01:34:11,273] {processor.py:651} INFO - DAG(s) dict_keys(['example_xcom_args', 'example_xcom_args_with_operators']) retrieved from /home/airflow/.local/lib/python3.7/site-packages/airflow/example_dags/example_xcomargs.py
[2022-06-20 01:34:11,318] {logging_mixin.py:115} INFO - [2022-06-20 01:34:11,318] {dag.py:2371} INFO - Sync 2 DAGs
[2022-06-20 01:34:11,404] {logging_mixin.py:115} INFO - [2022-06-20 01:34:11,404] {dag.py:2919} INFO - Setting next_dagrun for example_xcom_args to None, run_after=None
[2022-06-20 01:34:11,421] {logging_mixin.py:115} INFO - [2022-06-20 01:34:11,421] {dag.py:2919} INFO - Setting next_dagrun for example_xcom_args_with_operators to None, run_after=None
[2022-06-20 01:34:11,429] {processor.py:161} INFO - Processing /home/airflow/.local/lib/python3.7/site-packages/airflow/example_dags/example_xcomargs.py took 0.173 seconds
[2022-06-20 01:34:42,185] {processor.py:153} INFO - Started process (PID=276) to work on /home/airflow/.local/lib/python3.7/site-packages/airflow/example_dags/example_xcomargs.py
[2022-06-20 01:34:42,186] {processor.py:641} INFO - Processing file /home/airflow/.local/lib/python3.7/site-packages/airflow/example_dags/example_xcomargs.py for tasks to queue
[2022-06-20 01:34:42,188] {logging_mixin.py:115} INFO - [2022-06-20 01:34:42,188] {dagbag.py:507} INFO - Filling up the DagBag from /home/airflow/.local/lib/python3.7/site-packages/airflow/example_dags/example_xcomargs.py
[2022-06-20 01:34:42,200] {processor.py:651} INFO - DAG(s) dict_keys(['example_xcom_args', 'example_xcom_args_with_operators']) retrieved from /home/airflow/.local/lib/python3.7/site-packages/airflow/example_dags/example_xcomargs.py
[2022-06-20 01:34:42,362] {logging_mixin.py:115} INFO - [2022-06-20 01:34:42,362] {dag.py:2371} INFO - Sync 2 DAGs
[2022-06-20 01:34:42,377] {logging_mixin.py:115} INFO - [2022-06-20 01:34:42,377] {dag.py:2919} INFO - Setting next_dagrun for example_xcom_args to None, run_after=None
[2022-06-20 01:34:42,380] {logging_mixin.py:115} INFO - [2022-06-20 01:34:42,380] {dag.py:2919} INFO - Setting next_dagrun for example_xcom_args_with_operators to None, run_after=None
[2022-06-20 01:34:42,394] {processor.py:161} INFO - Processing /home/airflow/.local/lib/python3.7/site-packages/airflow/example_dags/example_xcomargs.py took 0.212 seconds
[2022-06-20 01:35:13,214] {processor.py:153} INFO - Started process (PID=352) to work on /home/airflow/.local/lib/python3.7/site-packages/airflow/example_dags/example_xcomargs.py
[2022-06-20 01:35:13,216] {processor.py:641} INFO - Processing file /home/airflow/.local/lib/python3.7/site-packages/airflow/example_dags/example_xcomargs.py for tasks to queue
[2022-06-20 01:35:13,218] {logging_mixin.py:115} INFO - [2022-06-20 01:35:13,218] {dagbag.py:507} INFO - Filling up the DagBag from /home/airflow/.local/lib/python3.7/site-packages/airflow/example_dags/example_xcomargs.py
[2022-06-20 01:35:13,231] {processor.py:651} INFO - DAG(s) dict_keys(['example_xcom_args', 'example_xcom_args_with_operators']) retrieved from /home/airflow/.local/lib/python3.7/site-packages/airflow/example_dags/example_xcomargs.py
[2022-06-20 01:35:13,351] {logging_mixin.py:115} INFO - [2022-06-20 01:35:13,351] {dag.py:2371} INFO - Sync 2 DAGs
[2022-06-20 01:35:13,362] {logging_mixin.py:115} INFO - [2022-06-20 01:35:13,362] {dag.py:2919} INFO - Setting next_dagrun for example_xcom_args to None, run_after=None
[2022-06-20 01:35:13,363] {logging_mixin.py:115} INFO - [2022-06-20 01:35:13,363] {dag.py:2919} INFO - Setting next_dagrun for example_xcom_args_with_operators to None, run_after=None
[2022-06-20 01:35:13,372] {processor.py:161} INFO - Processing /home/airflow/.local/lib/python3.7/site-packages/airflow/example_dags/example_xcomargs.py took 0.161 seconds
[2022-06-20 01:35:43,729] {processor.py:153} INFO - Started process (PID=427) to work on /home/airflow/.local/lib/python3.7/site-packages/airflow/example_dags/example_xcomargs.py
[2022-06-20 01:35:43,732] {processor.py:641} INFO - Processing file /home/airflow/.local/lib/python3.7/site-packages/airflow/example_dags/example_xcomargs.py for tasks to queue
[2022-06-20 01:35:43,734] {logging_mixin.py:115} INFO - [2022-06-20 01:35:43,734] {dagbag.py:507} INFO - Filling up the DagBag from /home/airflow/.local/lib/python3.7/site-packages/airflow/example_dags/example_xcomargs.py
[2022-06-20 01:35:43,747] {processor.py:651} INFO - DAG(s) dict_keys(['example_xcom_args', 'example_xcom_args_with_operators']) retrieved from /home/airflow/.local/lib/python3.7/site-packages/airflow/example_dags/example_xcomargs.py
[2022-06-20 01:35:43,876] {logging_mixin.py:115} INFO - [2022-06-20 01:35:43,876] {dag.py:2371} INFO - Sync 2 DAGs
[2022-06-20 01:35:43,887] {logging_mixin.py:115} INFO - [2022-06-20 01:35:43,887] {dag.py:2919} INFO - Setting next_dagrun for example_xcom_args to None, run_after=None
[2022-06-20 01:35:43,888] {logging_mixin.py:115} INFO - [2022-06-20 01:35:43,888] {dag.py:2919} INFO - Setting next_dagrun for example_xcom_args_with_operators to None, run_after=None
[2022-06-20 01:35:43,894] {processor.py:161} INFO - Processing /home/airflow/.local/lib/python3.7/site-packages/airflow/example_dags/example_xcomargs.py took 0.168 seconds
[2022-06-20 01:36:14,229] {processor.py:153} INFO - Started process (PID=493) to work on /home/airflow/.local/lib/python3.7/site-packages/airflow/example_dags/example_xcomargs.py
[2022-06-20 01:36:14,231] {processor.py:641} INFO - Processing file /home/airflow/.local/lib/python3.7/site-packages/airflow/example_dags/example_xcomargs.py for tasks to queue
[2022-06-20 01:36:14,234] {logging_mixin.py:115} INFO - [2022-06-20 01:36:14,234] {dagbag.py:507} INFO - Filling up the DagBag from /home/airflow/.local/lib/python3.7/site-packages/airflow/example_dags/example_xcomargs.py
[2022-06-20 01:36:14,245] {processor.py:651} INFO - DAG(s) dict_keys(['example_xcom_args', 'example_xcom_args_with_operators']) retrieved from /home/airflow/.local/lib/python3.7/site-packages/airflow/example_dags/example_xcomargs.py
[2022-06-20 01:36:14,393] {logging_mixin.py:115} INFO - [2022-06-20 01:36:14,393] {dag.py:2371} INFO - Sync 2 DAGs
[2022-06-20 01:36:14,406] {logging_mixin.py:115} INFO - [2022-06-20 01:36:14,406] {dag.py:2919} INFO - Setting next_dagrun for example_xcom_args to None, run_after=None
[2022-06-20 01:36:14,408] {logging_mixin.py:115} INFO - [2022-06-20 01:36:14,408] {dag.py:2919} INFO - Setting next_dagrun for example_xcom_args_with_operators to None, run_after=None
[2022-06-20 01:36:14,418] {processor.py:161} INFO - Processing /home/airflow/.local/lib/python3.7/site-packages/airflow/example_dags/example_xcomargs.py took 0.192 seconds
[2022-06-20 01:36:44,963] {processor.py:153} INFO - Started process (PID=567) to work on /home/airflow/.local/lib/python3.7/site-packages/airflow/example_dags/example_xcomargs.py
[2022-06-20 01:36:44,965] {processor.py:641} INFO - Processing file /home/airflow/.local/lib/python3.7/site-packages/airflow/example_dags/example_xcomargs.py for tasks to queue
[2022-06-20 01:36:44,966] {logging_mixin.py:115} INFO - [2022-06-20 01:36:44,966] {dagbag.py:507} INFO - Filling up the DagBag from /home/airflow/.local/lib/python3.7/site-packages/airflow/example_dags/example_xcomargs.py
[2022-06-20 01:36:44,977] {processor.py:651} INFO - DAG(s) dict_keys(['example_xcom_args', 'example_xcom_args_with_operators']) retrieved from /home/airflow/.local/lib/python3.7/site-packages/airflow/example_dags/example_xcomargs.py
[2022-06-20 01:36:45,093] {logging_mixin.py:115} INFO - [2022-06-20 01:36:45,093] {dag.py:2371} INFO - Sync 2 DAGs
[2022-06-20 01:36:45,103] {logging_mixin.py:115} INFO - [2022-06-20 01:36:45,102] {dag.py:2919} INFO - Setting next_dagrun for example_xcom_args to None, run_after=None
[2022-06-20 01:36:45,104] {logging_mixin.py:115} INFO - [2022-06-20 01:36:45,104] {dag.py:2919} INFO - Setting next_dagrun for example_xcom_args_with_operators to None, run_after=None
[2022-06-20 01:36:45,111] {processor.py:161} INFO - Processing /home/airflow/.local/lib/python3.7/site-packages/airflow/example_dags/example_xcomargs.py took 0.150 seconds
[2022-06-20 01:37:16,030] {processor.py:153} INFO - Started process (PID=642) to work on /home/airflow/.local/lib/python3.7/site-packages/airflow/example_dags/example_xcomargs.py
[2022-06-20 01:37:16,032] {processor.py:641} INFO - Processing file /home/airflow/.local/lib/python3.7/site-packages/airflow/example_dags/example_xcomargs.py for tasks to queue
[2022-06-20 01:37:16,033] {logging_mixin.py:115} INFO - [2022-06-20 01:37:16,033] {dagbag.py:507} INFO - Filling up the DagBag from /home/airflow/.local/lib/python3.7/site-packages/airflow/example_dags/example_xcomargs.py
[2022-06-20 01:37:16,043] {processor.py:651} INFO - DAG(s) dict_keys(['example_xcom_args', 'example_xcom_args_with_operators']) retrieved from /home/airflow/.local/lib/python3.7/site-packages/airflow/example_dags/example_xcomargs.py
[2022-06-20 01:37:16,063] {logging_mixin.py:115} INFO - [2022-06-20 01:37:16,063] {dag.py:2371} INFO - Sync 2 DAGs
[2022-06-20 01:37:16,077] {logging_mixin.py:115} INFO - [2022-06-20 01:37:16,077] {dag.py:2919} INFO - Setting next_dagrun for example_xcom_args to None, run_after=None
[2022-06-20 01:37:16,079] {logging_mixin.py:115} INFO - [2022-06-20 01:37:16,079] {dag.py:2919} INFO - Setting next_dagrun for example_xcom_args_with_operators to None, run_after=None
[2022-06-20 01:37:16,087] {processor.py:161} INFO - Processing /home/airflow/.local/lib/python3.7/site-packages/airflow/example_dags/example_xcomargs.py took 0.059 seconds
[2022-06-20 01:37:46,392] {processor.py:153} INFO - Started process (PID=717) to work on /home/airflow/.local/lib/python3.7/site-packages/airflow/example_dags/example_xcomargs.py
[2022-06-20 01:37:46,394] {processor.py:641} INFO - Processing file /home/airflow/.local/lib/python3.7/site-packages/airflow/example_dags/example_xcomargs.py for tasks to queue
[2022-06-20 01:37:46,396] {logging_mixin.py:115} INFO - [2022-06-20 01:37:46,396] {dagbag.py:507} INFO - Filling up the DagBag from /home/airflow/.local/lib/python3.7/site-packages/airflow/example_dags/example_xcomargs.py
[2022-06-20 01:37:46,408] {processor.py:651} INFO - DAG(s) dict_keys(['example_xcom_args', 'example_xcom_args_with_operators']) retrieved from /home/airflow/.local/lib/python3.7/site-packages/airflow/example_dags/example_xcomargs.py
[2022-06-20 01:37:46,427] {logging_mixin.py:115} INFO - [2022-06-20 01:37:46,427] {dag.py:2371} INFO - Sync 2 DAGs
[2022-06-20 01:37:46,440] {logging_mixin.py:115} INFO - [2022-06-20 01:37:46,439] {dag.py:2919} INFO - Setting next_dagrun for example_xcom_args to None, run_after=None
[2022-06-20 01:37:46,441] {logging_mixin.py:115} INFO - [2022-06-20 01:37:46,441] {dag.py:2919} INFO - Setting next_dagrun for example_xcom_args_with_operators to None, run_after=None
[2022-06-20 01:37:46,449] {processor.py:161} INFO - Processing /home/airflow/.local/lib/python3.7/site-packages/airflow/example_dags/example_xcomargs.py took 0.062 seconds
[2022-06-20 01:38:16,511] {processor.py:153} INFO - Started process (PID=792) to work on /home/airflow/.local/lib/python3.7/site-packages/airflow/example_dags/example_xcomargs.py
[2022-06-20 01:38:16,515] {processor.py:641} INFO - Processing file /home/airflow/.local/lib/python3.7/site-packages/airflow/example_dags/example_xcomargs.py for tasks to queue
[2022-06-20 01:38:16,517] {logging_mixin.py:115} INFO - [2022-06-20 01:38:16,517] {dagbag.py:507} INFO - Filling up the DagBag from /home/airflow/.local/lib/python3.7/site-packages/airflow/example_dags/example_xcomargs.py
[2022-06-20 01:38:16,528] {processor.py:651} INFO - DAG(s) dict_keys(['example_xcom_args', 'example_xcom_args_with_operators']) retrieved from /home/airflow/.local/lib/python3.7/site-packages/airflow/example_dags/example_xcomargs.py
[2022-06-20 01:38:16,554] {logging_mixin.py:115} INFO - [2022-06-20 01:38:16,554] {dag.py:2371} INFO - Sync 2 DAGs
[2022-06-20 01:38:16,567] {logging_mixin.py:115} INFO - [2022-06-20 01:38:16,567] {dag.py:2919} INFO - Setting next_dagrun for example_xcom_args to None, run_after=None
[2022-06-20 01:38:16,569] {logging_mixin.py:115} INFO - [2022-06-20 01:38:16,568] {dag.py:2919} INFO - Setting next_dagrun for example_xcom_args_with_operators to None, run_after=None
[2022-06-20 01:38:16,577] {processor.py:161} INFO - Processing /home/airflow/.local/lib/python3.7/site-packages/airflow/example_dags/example_xcomargs.py took 0.069 seconds
[2022-06-20 01:38:46,916] {processor.py:153} INFO - Started process (PID=867) to work on /home/airflow/.local/lib/python3.7/site-packages/airflow/example_dags/example_xcomargs.py
[2022-06-20 01:38:46,918] {processor.py:641} INFO - Processing file /home/airflow/.local/lib/python3.7/site-packages/airflow/example_dags/example_xcomargs.py for tasks to queue
[2022-06-20 01:38:46,920] {logging_mixin.py:115} INFO - [2022-06-20 01:38:46,920] {dagbag.py:507} INFO - Filling up the DagBag from /home/airflow/.local/lib/python3.7/site-packages/airflow/example_dags/example_xcomargs.py
[2022-06-20 01:38:46,931] {processor.py:651} INFO - DAG(s) dict_keys(['example_xcom_args', 'example_xcom_args_with_operators']) retrieved from /home/airflow/.local/lib/python3.7/site-packages/airflow/example_dags/example_xcomargs.py
[2022-06-20 01:38:47,049] {logging_mixin.py:115} INFO - [2022-06-20 01:38:47,049] {dag.py:2371} INFO - Sync 2 DAGs
[2022-06-20 01:38:47,060] {logging_mixin.py:115} INFO - [2022-06-20 01:38:47,060] {dag.py:2919} INFO - Setting next_dagrun for example_xcom_args to None, run_after=None
[2022-06-20 01:38:47,061] {logging_mixin.py:115} INFO - [2022-06-20 01:38:47,061] {dag.py:2919} INFO - Setting next_dagrun for example_xcom_args_with_operators to None, run_after=None
[2022-06-20 01:38:47,068] {processor.py:161} INFO - Processing /home/airflow/.local/lib/python3.7/site-packages/airflow/example_dags/example_xcomargs.py took 0.154 seconds
[2022-06-20 01:39:17,367] {processor.py:153} INFO - Started process (PID=956) to work on /home/airflow/.local/lib/python3.7/site-packages/airflow/example_dags/example_xcomargs.py
[2022-06-20 01:39:17,368] {processor.py:641} INFO - Processing file /home/airflow/.local/lib/python3.7/site-packages/airflow/example_dags/example_xcomargs.py for tasks to queue
[2022-06-20 01:39:17,369] {logging_mixin.py:115} INFO - [2022-06-20 01:39:17,369] {dagbag.py:507} INFO - Filling up the DagBag from /home/airflow/.local/lib/python3.7/site-packages/airflow/example_dags/example_xcomargs.py
[2022-06-20 01:39:17,381] {processor.py:651} INFO - DAG(s) dict_keys(['example_xcom_args', 'example_xcom_args_with_operators']) retrieved from /home/airflow/.local/lib/python3.7/site-packages/airflow/example_dags/example_xcomargs.py
[2022-06-20 01:39:17,404] {logging_mixin.py:115} INFO - [2022-06-20 01:39:17,404] {dag.py:2371} INFO - Sync 2 DAGs
[2022-06-20 01:39:17,427] {logging_mixin.py:115} INFO - [2022-06-20 01:39:17,427] {dag.py:2919} INFO - Setting next_dagrun for example_xcom_args to None, run_after=None
[2022-06-20 01:39:17,430] {logging_mixin.py:115} INFO - [2022-06-20 01:39:17,430] {dag.py:2919} INFO - Setting next_dagrun for example_xcom_args_with_operators to None, run_after=None
[2022-06-20 01:39:17,441] {processor.py:161} INFO - Processing /home/airflow/.local/lib/python3.7/site-packages/airflow/example_dags/example_xcomargs.py took 0.077 seconds
[2022-06-20 01:39:47,589] {processor.py:153} INFO - Started process (PID=1031) to work on /home/airflow/.local/lib/python3.7/site-packages/airflow/example_dags/example_xcomargs.py
[2022-06-20 01:39:47,591] {processor.py:641} INFO - Processing file /home/airflow/.local/lib/python3.7/site-packages/airflow/example_dags/example_xcomargs.py for tasks to queue
[2022-06-20 01:39:47,592] {logging_mixin.py:115} INFO - [2022-06-20 01:39:47,592] {dagbag.py:507} INFO - Filling up the DagBag from /home/airflow/.local/lib/python3.7/site-packages/airflow/example_dags/example_xcomargs.py
[2022-06-20 01:39:47,604] {processor.py:651} INFO - DAG(s) dict_keys(['example_xcom_args', 'example_xcom_args_with_operators']) retrieved from /home/airflow/.local/lib/python3.7/site-packages/airflow/example_dags/example_xcomargs.py
[2022-06-20 01:39:47,755] {logging_mixin.py:115} INFO - [2022-06-20 01:39:47,755] {dag.py:2371} INFO - Sync 2 DAGs
[2022-06-20 01:39:47,776] {logging_mixin.py:115} INFO - [2022-06-20 01:39:47,775] {dag.py:2919} INFO - Setting next_dagrun for example_xcom_args to None, run_after=None
[2022-06-20 01:39:47,777] {logging_mixin.py:115} INFO - [2022-06-20 01:39:47,777] {dag.py:2919} INFO - Setting next_dagrun for example_xcom_args_with_operators to None, run_after=None
[2022-06-20 01:39:47,793] {processor.py:161} INFO - Processing /home/airflow/.local/lib/python3.7/site-packages/airflow/example_dags/example_xcomargs.py took 0.206 seconds
[2022-06-20 01:40:18,660] {processor.py:153} INFO - Started process (PID=1103) to work on /home/airflow/.local/lib/python3.7/site-packages/airflow/example_dags/example_xcomargs.py
[2022-06-20 01:40:18,662] {processor.py:641} INFO - Processing file /home/airflow/.local/lib/python3.7/site-packages/airflow/example_dags/example_xcomargs.py for tasks to queue
[2022-06-20 01:40:18,665] {logging_mixin.py:115} INFO - [2022-06-20 01:40:18,665] {dagbag.py:507} INFO - Filling up the DagBag from /home/airflow/.local/lib/python3.7/site-packages/airflow/example_dags/example_xcomargs.py
[2022-06-20 01:40:18,677] {processor.py:651} INFO - DAG(s) dict_keys(['example_xcom_args', 'example_xcom_args_with_operators']) retrieved from /home/airflow/.local/lib/python3.7/site-packages/airflow/example_dags/example_xcomargs.py
[2022-06-20 01:40:18,800] {logging_mixin.py:115} INFO - [2022-06-20 01:40:18,800] {dag.py:2371} INFO - Sync 2 DAGs
[2022-06-20 01:40:18,811] {logging_mixin.py:115} INFO - [2022-06-20 01:40:18,811] {dag.py:2919} INFO - Setting next_dagrun for example_xcom_args to None, run_after=None
[2022-06-20 01:40:18,812] {logging_mixin.py:115} INFO - [2022-06-20 01:40:18,812] {dag.py:2919} INFO - Setting next_dagrun for example_xcom_args_with_operators to None, run_after=None
[2022-06-20 01:40:18,822] {processor.py:161} INFO - Processing /home/airflow/.local/lib/python3.7/site-packages/airflow/example_dags/example_xcomargs.py took 0.165 seconds
[2022-06-20 01:40:49,561] {processor.py:153} INFO - Started process (PID=1178) to work on /home/airflow/.local/lib/python3.7/site-packages/airflow/example_dags/example_xcomargs.py
[2022-06-20 01:40:49,563] {processor.py:641} INFO - Processing file /home/airflow/.local/lib/python3.7/site-packages/airflow/example_dags/example_xcomargs.py for tasks to queue
[2022-06-20 01:40:49,564] {logging_mixin.py:115} INFO - [2022-06-20 01:40:49,564] {dagbag.py:507} INFO - Filling up the DagBag from /home/airflow/.local/lib/python3.7/site-packages/airflow/example_dags/example_xcomargs.py
[2022-06-20 01:40:49,574] {processor.py:651} INFO - DAG(s) dict_keys(['example_xcom_args', 'example_xcom_args_with_operators']) retrieved from /home/airflow/.local/lib/python3.7/site-packages/airflow/example_dags/example_xcomargs.py
[2022-06-20 01:40:49,596] {logging_mixin.py:115} INFO - [2022-06-20 01:40:49,595] {dag.py:2371} INFO - Sync 2 DAGs
[2022-06-20 01:40:49,611] {logging_mixin.py:115} INFO - [2022-06-20 01:40:49,611] {dag.py:2919} INFO - Setting next_dagrun for example_xcom_args to None, run_after=None
[2022-06-20 01:40:49,613] {logging_mixin.py:115} INFO - [2022-06-20 01:40:49,612] {dag.py:2919} INFO - Setting next_dagrun for example_xcom_args_with_operators to None, run_after=None
[2022-06-20 01:40:49,624] {processor.py:161} INFO - Processing /home/airflow/.local/lib/python3.7/site-packages/airflow/example_dags/example_xcomargs.py took 0.065 seconds
[2022-06-20 01:41:20,196] {processor.py:153} INFO - Started process (PID=1250) to work on /home/airflow/.local/lib/python3.7/site-packages/airflow/example_dags/example_xcomargs.py
[2022-06-20 01:41:20,198] {processor.py:641} INFO - Processing file /home/airflow/.local/lib/python3.7/site-packages/airflow/example_dags/example_xcomargs.py for tasks to queue
[2022-06-20 01:41:20,199] {logging_mixin.py:115} INFO - [2022-06-20 01:41:20,199] {dagbag.py:507} INFO - Filling up the DagBag from /home/airflow/.local/lib/python3.7/site-packages/airflow/example_dags/example_xcomargs.py
[2022-06-20 01:41:20,209] {processor.py:651} INFO - DAG(s) dict_keys(['example_xcom_args', 'example_xcom_args_with_operators']) retrieved from /home/airflow/.local/lib/python3.7/site-packages/airflow/example_dags/example_xcomargs.py
[2022-06-20 01:41:20,331] {logging_mixin.py:115} INFO - [2022-06-20 01:41:20,331] {dag.py:2371} INFO - Sync 2 DAGs
[2022-06-20 01:41:20,343] {logging_mixin.py:115} INFO - [2022-06-20 01:41:20,343] {dag.py:2919} INFO - Setting next_dagrun for example_xcom_args to None, run_after=None
[2022-06-20 01:41:20,344] {logging_mixin.py:115} INFO - [2022-06-20 01:41:20,344] {dag.py:2919} INFO - Setting next_dagrun for example_xcom_args_with_operators to None, run_after=None
[2022-06-20 01:41:20,351] {processor.py:161} INFO - Processing /home/airflow/.local/lib/python3.7/site-packages/airflow/example_dags/example_xcomargs.py took 0.158 seconds
[2022-06-20 01:41:51,271] {processor.py:153} INFO - Started process (PID=1324) to work on /home/airflow/.local/lib/python3.7/site-packages/airflow/example_dags/example_xcomargs.py
[2022-06-20 01:41:51,272] {processor.py:641} INFO - Processing file /home/airflow/.local/lib/python3.7/site-packages/airflow/example_dags/example_xcomargs.py for tasks to queue
[2022-06-20 01:41:51,274] {logging_mixin.py:115} INFO - [2022-06-20 01:41:51,274] {dagbag.py:507} INFO - Filling up the DagBag from /home/airflow/.local/lib/python3.7/site-packages/airflow/example_dags/example_xcomargs.py
[2022-06-20 01:41:51,286] {processor.py:651} INFO - DAG(s) dict_keys(['example_xcom_args', 'example_xcom_args_with_operators']) retrieved from /home/airflow/.local/lib/python3.7/site-packages/airflow/example_dags/example_xcomargs.py
[2022-06-20 01:41:51,308] {logging_mixin.py:115} INFO - [2022-06-20 01:41:51,308] {dag.py:2371} INFO - Sync 2 DAGs
[2022-06-20 01:41:51,327] {logging_mixin.py:115} INFO - [2022-06-20 01:41:51,327] {dag.py:2919} INFO - Setting next_dagrun for example_xcom_args to None, run_after=None
[2022-06-20 01:41:51,329] {logging_mixin.py:115} INFO - [2022-06-20 01:41:51,329] {dag.py:2919} INFO - Setting next_dagrun for example_xcom_args_with_operators to None, run_after=None
[2022-06-20 01:41:51,337] {processor.py:161} INFO - Processing /home/airflow/.local/lib/python3.7/site-packages/airflow/example_dags/example_xcomargs.py took 0.070 seconds
[2022-06-20 01:42:22,116] {processor.py:153} INFO - Started process (PID=1396) to work on /home/airflow/.local/lib/python3.7/site-packages/airflow/example_dags/example_xcomargs.py
[2022-06-20 01:42:22,118] {processor.py:641} INFO - Processing file /home/airflow/.local/lib/python3.7/site-packages/airflow/example_dags/example_xcomargs.py for tasks to queue
[2022-06-20 01:42:22,121] {logging_mixin.py:115} INFO - [2022-06-20 01:42:22,120] {dagbag.py:507} INFO - Filling up the DagBag from /home/airflow/.local/lib/python3.7/site-packages/airflow/example_dags/example_xcomargs.py
[2022-06-20 01:42:22,133] {processor.py:651} INFO - DAG(s) dict_keys(['example_xcom_args', 'example_xcom_args_with_operators']) retrieved from /home/airflow/.local/lib/python3.7/site-packages/airflow/example_dags/example_xcomargs.py
[2022-06-20 01:42:22,293] {logging_mixin.py:115} INFO - [2022-06-20 01:42:22,293] {dag.py:2371} INFO - Sync 2 DAGs
[2022-06-20 01:42:22,315] {logging_mixin.py:115} INFO - [2022-06-20 01:42:22,315] {dag.py:2919} INFO - Setting next_dagrun for example_xcom_args to None, run_after=None
[2022-06-20 01:42:22,319] {logging_mixin.py:115} INFO - [2022-06-20 01:42:22,319] {dag.py:2919} INFO - Setting next_dagrun for example_xcom_args_with_operators to None, run_after=None
[2022-06-20 01:42:22,342] {processor.py:161} INFO - Processing /home/airflow/.local/lib/python3.7/site-packages/airflow/example_dags/example_xcomargs.py took 0.229 seconds
