[2022-06-20 01:19:35,525] {processor.py:153} INFO - Started process (PID=90) to work on /home/airflow/.local/lib/python3.7/site-packages/airflow/example_dags/example_branch_python_dop_operator_3.py
[2022-06-20 01:19:35,527] {processor.py:641} INFO - Processing file /home/airflow/.local/lib/python3.7/site-packages/airflow/example_dags/example_branch_python_dop_operator_3.py for tasks to queue
[2022-06-20 01:19:35,529] {logging_mixin.py:115} INFO - [2022-06-20 01:19:35,529] {dagbag.py:507} INFO - Filling up the DagBag from /home/airflow/.local/lib/python3.7/site-packages/airflow/example_dags/example_branch_python_dop_operator_3.py
[2022-06-20 01:19:35,537] {processor.py:651} INFO - DAG(s) dict_keys(['example_branch_dop_operator_v3']) retrieved from /home/airflow/.local/lib/python3.7/site-packages/airflow/example_dags/example_branch_python_dop_operator_3.py
[2022-06-20 01:19:35,563] {logging_mixin.py:115} INFO - [2022-06-20 01:19:35,563] {dag.py:2371} INFO - Sync 1 DAGs
[2022-06-20 01:19:35,584] {logging_mixin.py:115} INFO - [2022-06-20 01:19:35,584] {dag.py:2919} INFO - Setting next_dagrun for example_branch_dop_operator_v3 to 2022-06-20T01:18:00+00:00, run_after=2022-06-20T01:19:00+00:00
[2022-06-20 01:19:35,596] {processor.py:161} INFO - Processing /home/airflow/.local/lib/python3.7/site-packages/airflow/example_dags/example_branch_python_dop_operator_3.py took 0.073 seconds
[2022-06-20 01:22:39,678] {processor.py:153} INFO - Started process (PID=81) to work on /home/airflow/.local/lib/python3.7/site-packages/airflow/example_dags/example_branch_python_dop_operator_3.py
[2022-06-20 01:22:39,680] {processor.py:641} INFO - Processing file /home/airflow/.local/lib/python3.7/site-packages/airflow/example_dags/example_branch_python_dop_operator_3.py for tasks to queue
[2022-06-20 01:22:39,685] {logging_mixin.py:115} INFO - [2022-06-20 01:22:39,685] {dagbag.py:507} INFO - Filling up the DagBag from /home/airflow/.local/lib/python3.7/site-packages/airflow/example_dags/example_branch_python_dop_operator_3.py
[2022-06-20 01:22:39,694] {processor.py:651} INFO - DAG(s) dict_keys(['example_branch_dop_operator_v3']) retrieved from /home/airflow/.local/lib/python3.7/site-packages/airflow/example_dags/example_branch_python_dop_operator_3.py
[2022-06-20 01:22:39,752] {logging_mixin.py:115} INFO - [2022-06-20 01:22:39,752] {manager.py:508} INFO - Created Permission View: can delete on DAG:example_branch_dop_operator_v3
[2022-06-20 01:22:39,760] {logging_mixin.py:115} INFO - [2022-06-20 01:22:39,760] {manager.py:508} INFO - Created Permission View: can read on DAG:example_branch_dop_operator_v3
[2022-06-20 01:22:39,766] {logging_mixin.py:115} INFO - [2022-06-20 01:22:39,766] {manager.py:508} INFO - Created Permission View: can edit on DAG:example_branch_dop_operator_v3
[2022-06-20 01:22:39,768] {logging_mixin.py:115} INFO - [2022-06-20 01:22:39,768] {dag.py:2371} INFO - Sync 1 DAGs
[2022-06-20 01:22:39,777] {logging_mixin.py:115} INFO - [2022-06-20 01:22:39,776] {dag.py:2390} INFO - Creating ORM DAG for example_branch_dop_operator_v3
[2022-06-20 01:22:39,869] {logging_mixin.py:115} INFO - [2022-06-20 01:22:39,869] {dag.py:2919} INFO - Setting next_dagrun for example_branch_dop_operator_v3 to 2022-06-20T01:21:00+00:00, run_after=2022-06-20T01:22:00+00:00
[2022-06-20 01:22:39,881] {processor.py:161} INFO - Processing /home/airflow/.local/lib/python3.7/site-packages/airflow/example_dags/example_branch_python_dop_operator_3.py took 0.206 seconds
[2022-06-20 01:23:10,439] {processor.py:153} INFO - Started process (PID=154) to work on /home/airflow/.local/lib/python3.7/site-packages/airflow/example_dags/example_branch_python_dop_operator_3.py
[2022-06-20 01:23:10,441] {processor.py:641} INFO - Processing file /home/airflow/.local/lib/python3.7/site-packages/airflow/example_dags/example_branch_python_dop_operator_3.py for tasks to queue
[2022-06-20 01:23:10,443] {logging_mixin.py:115} INFO - [2022-06-20 01:23:10,443] {dagbag.py:507} INFO - Filling up the DagBag from /home/airflow/.local/lib/python3.7/site-packages/airflow/example_dags/example_branch_python_dop_operator_3.py
[2022-06-20 01:23:10,449] {processor.py:651} INFO - DAG(s) dict_keys(['example_branch_dop_operator_v3']) retrieved from /home/airflow/.local/lib/python3.7/site-packages/airflow/example_dags/example_branch_python_dop_operator_3.py
[2022-06-20 01:23:10,469] {logging_mixin.py:115} INFO - [2022-06-20 01:23:10,469] {dag.py:2371} INFO - Sync 1 DAGs
[2022-06-20 01:23:10,487] {logging_mixin.py:115} INFO - [2022-06-20 01:23:10,487] {dag.py:2919} INFO - Setting next_dagrun for example_branch_dop_operator_v3 to 2022-06-20T01:22:00+00:00, run_after=2022-06-20T01:23:00+00:00
[2022-06-20 01:23:10,498] {processor.py:161} INFO - Processing /home/airflow/.local/lib/python3.7/site-packages/airflow/example_dags/example_branch_python_dop_operator_3.py took 0.063 seconds
[2022-06-20 01:23:40,737] {processor.py:153} INFO - Started process (PID=226) to work on /home/airflow/.local/lib/python3.7/site-packages/airflow/example_dags/example_branch_python_dop_operator_3.py
[2022-06-20 01:23:40,738] {processor.py:641} INFO - Processing file /home/airflow/.local/lib/python3.7/site-packages/airflow/example_dags/example_branch_python_dop_operator_3.py for tasks to queue
[2022-06-20 01:23:40,740] {logging_mixin.py:115} INFO - [2022-06-20 01:23:40,739] {dagbag.py:507} INFO - Filling up the DagBag from /home/airflow/.local/lib/python3.7/site-packages/airflow/example_dags/example_branch_python_dop_operator_3.py
[2022-06-20 01:23:40,746] {processor.py:651} INFO - DAG(s) dict_keys(['example_branch_dop_operator_v3']) retrieved from /home/airflow/.local/lib/python3.7/site-packages/airflow/example_dags/example_branch_python_dop_operator_3.py
[2022-06-20 01:23:40,762] {logging_mixin.py:115} INFO - [2022-06-20 01:23:40,762] {dag.py:2371} INFO - Sync 1 DAGs
[2022-06-20 01:23:40,778] {logging_mixin.py:115} INFO - [2022-06-20 01:23:40,778] {dag.py:2919} INFO - Setting next_dagrun for example_branch_dop_operator_v3 to 2022-06-20T01:22:00+00:00, run_after=2022-06-20T01:23:00+00:00
[2022-06-20 01:23:40,786] {processor.py:161} INFO - Processing /home/airflow/.local/lib/python3.7/site-packages/airflow/example_dags/example_branch_python_dop_operator_3.py took 0.051 seconds
[2022-06-20 01:24:11,743] {processor.py:153} INFO - Started process (PID=298) to work on /home/airflow/.local/lib/python3.7/site-packages/airflow/example_dags/example_branch_python_dop_operator_3.py
[2022-06-20 01:24:11,745] {processor.py:641} INFO - Processing file /home/airflow/.local/lib/python3.7/site-packages/airflow/example_dags/example_branch_python_dop_operator_3.py for tasks to queue
[2022-06-20 01:24:11,746] {logging_mixin.py:115} INFO - [2022-06-20 01:24:11,746] {dagbag.py:507} INFO - Filling up the DagBag from /home/airflow/.local/lib/python3.7/site-packages/airflow/example_dags/example_branch_python_dop_operator_3.py
[2022-06-20 01:24:11,752] {processor.py:651} INFO - DAG(s) dict_keys(['example_branch_dop_operator_v3']) retrieved from /home/airflow/.local/lib/python3.7/site-packages/airflow/example_dags/example_branch_python_dop_operator_3.py
[2022-06-20 01:24:11,772] {logging_mixin.py:115} INFO - [2022-06-20 01:24:11,771] {dag.py:2371} INFO - Sync 1 DAGs
[2022-06-20 01:24:11,789] {logging_mixin.py:115} INFO - [2022-06-20 01:24:11,789] {dag.py:2919} INFO - Setting next_dagrun for example_branch_dop_operator_v3 to 2022-06-20T01:23:00+00:00, run_after=2022-06-20T01:24:00+00:00
[2022-06-20 01:24:11,799] {processor.py:161} INFO - Processing /home/airflow/.local/lib/python3.7/site-packages/airflow/example_dags/example_branch_python_dop_operator_3.py took 0.059 seconds
[2022-06-20 01:24:41,987] {processor.py:153} INFO - Started process (PID=369) to work on /home/airflow/.local/lib/python3.7/site-packages/airflow/example_dags/example_branch_python_dop_operator_3.py
[2022-06-20 01:24:41,989] {processor.py:641} INFO - Processing file /home/airflow/.local/lib/python3.7/site-packages/airflow/example_dags/example_branch_python_dop_operator_3.py for tasks to queue
[2022-06-20 01:24:41,990] {logging_mixin.py:115} INFO - [2022-06-20 01:24:41,990] {dagbag.py:507} INFO - Filling up the DagBag from /home/airflow/.local/lib/python3.7/site-packages/airflow/example_dags/example_branch_python_dop_operator_3.py
[2022-06-20 01:24:41,999] {processor.py:651} INFO - DAG(s) dict_keys(['example_branch_dop_operator_v3']) retrieved from /home/airflow/.local/lib/python3.7/site-packages/airflow/example_dags/example_branch_python_dop_operator_3.py
[2022-06-20 01:24:42,023] {logging_mixin.py:115} INFO - [2022-06-20 01:24:42,022] {dag.py:2371} INFO - Sync 1 DAGs
[2022-06-20 01:24:42,047] {logging_mixin.py:115} INFO - [2022-06-20 01:24:42,046] {dag.py:2919} INFO - Setting next_dagrun for example_branch_dop_operator_v3 to 2022-06-20T01:23:00+00:00, run_after=2022-06-20T01:24:00+00:00
[2022-06-20 01:24:42,063] {processor.py:161} INFO - Processing /home/airflow/.local/lib/python3.7/site-packages/airflow/example_dags/example_branch_python_dop_operator_3.py took 0.079 seconds
[2022-06-20 01:25:12,260] {processor.py:153} INFO - Started process (PID=431) to work on /home/airflow/.local/lib/python3.7/site-packages/airflow/example_dags/example_branch_python_dop_operator_3.py
[2022-06-20 01:25:12,261] {processor.py:641} INFO - Processing file /home/airflow/.local/lib/python3.7/site-packages/airflow/example_dags/example_branch_python_dop_operator_3.py for tasks to queue
[2022-06-20 01:25:12,263] {logging_mixin.py:115} INFO - [2022-06-20 01:25:12,262] {dagbag.py:507} INFO - Filling up the DagBag from /home/airflow/.local/lib/python3.7/site-packages/airflow/example_dags/example_branch_python_dop_operator_3.py
[2022-06-20 01:25:12,268] {processor.py:651} INFO - DAG(s) dict_keys(['example_branch_dop_operator_v3']) retrieved from /home/airflow/.local/lib/python3.7/site-packages/airflow/example_dags/example_branch_python_dop_operator_3.py
[2022-06-20 01:25:12,284] {logging_mixin.py:115} INFO - [2022-06-20 01:25:12,284] {dag.py:2371} INFO - Sync 1 DAGs
[2022-06-20 01:25:12,300] {logging_mixin.py:115} INFO - [2022-06-20 01:25:12,300] {dag.py:2919} INFO - Setting next_dagrun for example_branch_dop_operator_v3 to 2022-06-20T01:24:00+00:00, run_after=2022-06-20T01:25:00+00:00
[2022-06-20 01:25:12,307] {processor.py:161} INFO - Processing /home/airflow/.local/lib/python3.7/site-packages/airflow/example_dags/example_branch_python_dop_operator_3.py took 0.049 seconds
[2022-06-20 01:25:42,479] {processor.py:153} INFO - Started process (PID=503) to work on /home/airflow/.local/lib/python3.7/site-packages/airflow/example_dags/example_branch_python_dop_operator_3.py
[2022-06-20 01:25:42,483] {processor.py:641} INFO - Processing file /home/airflow/.local/lib/python3.7/site-packages/airflow/example_dags/example_branch_python_dop_operator_3.py for tasks to queue
[2022-06-20 01:25:42,486] {logging_mixin.py:115} INFO - [2022-06-20 01:25:42,486] {dagbag.py:507} INFO - Filling up the DagBag from /home/airflow/.local/lib/python3.7/site-packages/airflow/example_dags/example_branch_python_dop_operator_3.py
[2022-06-20 01:25:42,498] {processor.py:651} INFO - DAG(s) dict_keys(['example_branch_dop_operator_v3']) retrieved from /home/airflow/.local/lib/python3.7/site-packages/airflow/example_dags/example_branch_python_dop_operator_3.py
[2022-06-20 01:25:42,515] {logging_mixin.py:115} INFO - [2022-06-20 01:25:42,515] {dag.py:2371} INFO - Sync 1 DAGs
[2022-06-20 01:25:42,530] {logging_mixin.py:115} INFO - [2022-06-20 01:25:42,530] {dag.py:2919} INFO - Setting next_dagrun for example_branch_dop_operator_v3 to 2022-06-20T01:24:00+00:00, run_after=2022-06-20T01:25:00+00:00
[2022-06-20 01:25:42,538] {processor.py:161} INFO - Processing /home/airflow/.local/lib/python3.7/site-packages/airflow/example_dags/example_branch_python_dop_operator_3.py took 0.063 seconds
[2022-06-20 01:26:12,720] {processor.py:153} INFO - Started process (PID=574) to work on /home/airflow/.local/lib/python3.7/site-packages/airflow/example_dags/example_branch_python_dop_operator_3.py
[2022-06-20 01:26:12,727] {processor.py:641} INFO - Processing file /home/airflow/.local/lib/python3.7/site-packages/airflow/example_dags/example_branch_python_dop_operator_3.py for tasks to queue
[2022-06-20 01:26:12,729] {logging_mixin.py:115} INFO - [2022-06-20 01:26:12,729] {dagbag.py:507} INFO - Filling up the DagBag from /home/airflow/.local/lib/python3.7/site-packages/airflow/example_dags/example_branch_python_dop_operator_3.py
[2022-06-20 01:26:12,743] {processor.py:651} INFO - DAG(s) dict_keys(['example_branch_dop_operator_v3']) retrieved from /home/airflow/.local/lib/python3.7/site-packages/airflow/example_dags/example_branch_python_dop_operator_3.py
[2022-06-20 01:26:12,777] {logging_mixin.py:115} INFO - [2022-06-20 01:26:12,777] {dag.py:2371} INFO - Sync 1 DAGs
[2022-06-20 01:26:12,804] {logging_mixin.py:115} INFO - [2022-06-20 01:26:12,804] {dag.py:2919} INFO - Setting next_dagrun for example_branch_dop_operator_v3 to 2022-06-20T01:25:00+00:00, run_after=2022-06-20T01:26:00+00:00
[2022-06-20 01:26:12,813] {processor.py:161} INFO - Processing /home/airflow/.local/lib/python3.7/site-packages/airflow/example_dags/example_branch_python_dop_operator_3.py took 0.097 seconds
[2022-06-20 01:26:43,498] {processor.py:153} INFO - Started process (PID=645) to work on /home/airflow/.local/lib/python3.7/site-packages/airflow/example_dags/example_branch_python_dop_operator_3.py
[2022-06-20 01:26:43,502] {processor.py:641} INFO - Processing file /home/airflow/.local/lib/python3.7/site-packages/airflow/example_dags/example_branch_python_dop_operator_3.py for tasks to queue
[2022-06-20 01:26:43,507] {logging_mixin.py:115} INFO - [2022-06-20 01:26:43,507] {dagbag.py:507} INFO - Filling up the DagBag from /home/airflow/.local/lib/python3.7/site-packages/airflow/example_dags/example_branch_python_dop_operator_3.py
[2022-06-20 01:26:43,515] {processor.py:651} INFO - DAG(s) dict_keys(['example_branch_dop_operator_v3']) retrieved from /home/airflow/.local/lib/python3.7/site-packages/airflow/example_dags/example_branch_python_dop_operator_3.py
[2022-06-20 01:26:43,555] {logging_mixin.py:115} INFO - [2022-06-20 01:26:43,555] {dag.py:2371} INFO - Sync 1 DAGs
[2022-06-20 01:26:43,580] {logging_mixin.py:115} INFO - [2022-06-20 01:26:43,580] {dag.py:2919} INFO - Setting next_dagrun for example_branch_dop_operator_v3 to 2022-06-20T01:25:00+00:00, run_after=2022-06-20T01:26:00+00:00
[2022-06-20 01:26:43,590] {processor.py:161} INFO - Processing /home/airflow/.local/lib/python3.7/site-packages/airflow/example_dags/example_branch_python_dop_operator_3.py took 0.095 seconds
[2022-06-20 01:27:13,707] {processor.py:153} INFO - Started process (PID=717) to work on /home/airflow/.local/lib/python3.7/site-packages/airflow/example_dags/example_branch_python_dop_operator_3.py
[2022-06-20 01:27:13,708] {processor.py:641} INFO - Processing file /home/airflow/.local/lib/python3.7/site-packages/airflow/example_dags/example_branch_python_dop_operator_3.py for tasks to queue
[2022-06-20 01:27:13,709] {logging_mixin.py:115} INFO - [2022-06-20 01:27:13,709] {dagbag.py:507} INFO - Filling up the DagBag from /home/airflow/.local/lib/python3.7/site-packages/airflow/example_dags/example_branch_python_dop_operator_3.py
[2022-06-20 01:27:13,715] {processor.py:651} INFO - DAG(s) dict_keys(['example_branch_dop_operator_v3']) retrieved from /home/airflow/.local/lib/python3.7/site-packages/airflow/example_dags/example_branch_python_dop_operator_3.py
[2022-06-20 01:27:13,733] {logging_mixin.py:115} INFO - [2022-06-20 01:27:13,733] {dag.py:2371} INFO - Sync 1 DAGs
[2022-06-20 01:27:13,747] {logging_mixin.py:115} INFO - [2022-06-20 01:27:13,747] {dag.py:2919} INFO - Setting next_dagrun for example_branch_dop_operator_v3 to 2022-06-20T01:26:00+00:00, run_after=2022-06-20T01:27:00+00:00
[2022-06-20 01:27:13,755] {processor.py:161} INFO - Processing /home/airflow/.local/lib/python3.7/site-packages/airflow/example_dags/example_branch_python_dop_operator_3.py took 0.051 seconds
[2022-06-20 01:27:44,109] {processor.py:153} INFO - Started process (PID=789) to work on /home/airflow/.local/lib/python3.7/site-packages/airflow/example_dags/example_branch_python_dop_operator_3.py
[2022-06-20 01:27:44,111] {processor.py:641} INFO - Processing file /home/airflow/.local/lib/python3.7/site-packages/airflow/example_dags/example_branch_python_dop_operator_3.py for tasks to queue
[2022-06-20 01:27:44,112] {logging_mixin.py:115} INFO - [2022-06-20 01:27:44,112] {dagbag.py:507} INFO - Filling up the DagBag from /home/airflow/.local/lib/python3.7/site-packages/airflow/example_dags/example_branch_python_dop_operator_3.py
[2022-06-20 01:27:44,118] {processor.py:651} INFO - DAG(s) dict_keys(['example_branch_dop_operator_v3']) retrieved from /home/airflow/.local/lib/python3.7/site-packages/airflow/example_dags/example_branch_python_dop_operator_3.py
[2022-06-20 01:27:44,137] {logging_mixin.py:115} INFO - [2022-06-20 01:27:44,137] {dag.py:2371} INFO - Sync 1 DAGs
[2022-06-20 01:27:44,153] {logging_mixin.py:115} INFO - [2022-06-20 01:27:44,153] {dag.py:2919} INFO - Setting next_dagrun for example_branch_dop_operator_v3 to 2022-06-20T01:26:00+00:00, run_after=2022-06-20T01:27:00+00:00
[2022-06-20 01:27:44,162] {processor.py:161} INFO - Processing /home/airflow/.local/lib/python3.7/site-packages/airflow/example_dags/example_branch_python_dop_operator_3.py took 0.055 seconds
[2022-06-20 01:28:14,427] {processor.py:153} INFO - Started process (PID=851) to work on /home/airflow/.local/lib/python3.7/site-packages/airflow/example_dags/example_branch_python_dop_operator_3.py
[2022-06-20 01:28:14,428] {processor.py:641} INFO - Processing file /home/airflow/.local/lib/python3.7/site-packages/airflow/example_dags/example_branch_python_dop_operator_3.py for tasks to queue
[2022-06-20 01:28:14,429] {logging_mixin.py:115} INFO - [2022-06-20 01:28:14,429] {dagbag.py:507} INFO - Filling up the DagBag from /home/airflow/.local/lib/python3.7/site-packages/airflow/example_dags/example_branch_python_dop_operator_3.py
[2022-06-20 01:28:14,436] {processor.py:651} INFO - DAG(s) dict_keys(['example_branch_dop_operator_v3']) retrieved from /home/airflow/.local/lib/python3.7/site-packages/airflow/example_dags/example_branch_python_dop_operator_3.py
[2022-06-20 01:28:14,456] {logging_mixin.py:115} INFO - [2022-06-20 01:28:14,456] {dag.py:2371} INFO - Sync 1 DAGs
[2022-06-20 01:28:14,471] {logging_mixin.py:115} INFO - [2022-06-20 01:28:14,471] {dag.py:2919} INFO - Setting next_dagrun for example_branch_dop_operator_v3 to 2022-06-20T01:27:00+00:00, run_after=2022-06-20T01:28:00+00:00
[2022-06-20 01:28:14,479] {processor.py:161} INFO - Processing /home/airflow/.local/lib/python3.7/site-packages/airflow/example_dags/example_branch_python_dop_operator_3.py took 0.054 seconds
[2022-06-20 01:28:45,127] {processor.py:153} INFO - Started process (PID=923) to work on /home/airflow/.local/lib/python3.7/site-packages/airflow/example_dags/example_branch_python_dop_operator_3.py
[2022-06-20 01:28:45,128] {processor.py:641} INFO - Processing file /home/airflow/.local/lib/python3.7/site-packages/airflow/example_dags/example_branch_python_dop_operator_3.py for tasks to queue
[2022-06-20 01:28:45,130] {logging_mixin.py:115} INFO - [2022-06-20 01:28:45,130] {dagbag.py:507} INFO - Filling up the DagBag from /home/airflow/.local/lib/python3.7/site-packages/airflow/example_dags/example_branch_python_dop_operator_3.py
[2022-06-20 01:28:45,136] {processor.py:651} INFO - DAG(s) dict_keys(['example_branch_dop_operator_v3']) retrieved from /home/airflow/.local/lib/python3.7/site-packages/airflow/example_dags/example_branch_python_dop_operator_3.py
[2022-06-20 01:28:45,155] {logging_mixin.py:115} INFO - [2022-06-20 01:28:45,155] {dag.py:2371} INFO - Sync 1 DAGs
[2022-06-20 01:28:45,170] {logging_mixin.py:115} INFO - [2022-06-20 01:28:45,170] {dag.py:2919} INFO - Setting next_dagrun for example_branch_dop_operator_v3 to 2022-06-20T01:27:00+00:00, run_after=2022-06-20T01:28:00+00:00
[2022-06-20 01:28:45,178] {processor.py:161} INFO - Processing /home/airflow/.local/lib/python3.7/site-packages/airflow/example_dags/example_branch_python_dop_operator_3.py took 0.053 seconds
[2022-06-20 01:29:16,068] {processor.py:153} INFO - Started process (PID=994) to work on /home/airflow/.local/lib/python3.7/site-packages/airflow/example_dags/example_branch_python_dop_operator_3.py
[2022-06-20 01:29:16,071] {processor.py:641} INFO - Processing file /home/airflow/.local/lib/python3.7/site-packages/airflow/example_dags/example_branch_python_dop_operator_3.py for tasks to queue
[2022-06-20 01:29:16,075] {logging_mixin.py:115} INFO - [2022-06-20 01:29:16,075] {dagbag.py:507} INFO - Filling up the DagBag from /home/airflow/.local/lib/python3.7/site-packages/airflow/example_dags/example_branch_python_dop_operator_3.py
[2022-06-20 01:29:16,082] {processor.py:651} INFO - DAG(s) dict_keys(['example_branch_dop_operator_v3']) retrieved from /home/airflow/.local/lib/python3.7/site-packages/airflow/example_dags/example_branch_python_dop_operator_3.py
[2022-06-20 01:29:16,102] {logging_mixin.py:115} INFO - [2022-06-20 01:29:16,102] {dag.py:2371} INFO - Sync 1 DAGs
[2022-06-20 01:29:16,124] {logging_mixin.py:115} INFO - [2022-06-20 01:29:16,124] {dag.py:2919} INFO - Setting next_dagrun for example_branch_dop_operator_v3 to 2022-06-20T01:28:00+00:00, run_after=2022-06-20T01:29:00+00:00
[2022-06-20 01:29:16,135] {processor.py:161} INFO - Processing /home/airflow/.local/lib/python3.7/site-packages/airflow/example_dags/example_branch_python_dop_operator_3.py took 0.069 seconds
[2022-06-20 01:29:46,267] {processor.py:153} INFO - Started process (PID=1065) to work on /home/airflow/.local/lib/python3.7/site-packages/airflow/example_dags/example_branch_python_dop_operator_3.py
[2022-06-20 01:29:46,268] {processor.py:641} INFO - Processing file /home/airflow/.local/lib/python3.7/site-packages/airflow/example_dags/example_branch_python_dop_operator_3.py for tasks to queue
[2022-06-20 01:29:46,269] {logging_mixin.py:115} INFO - [2022-06-20 01:29:46,269] {dagbag.py:507} INFO - Filling up the DagBag from /home/airflow/.local/lib/python3.7/site-packages/airflow/example_dags/example_branch_python_dop_operator_3.py
[2022-06-20 01:29:46,275] {processor.py:651} INFO - DAG(s) dict_keys(['example_branch_dop_operator_v3']) retrieved from /home/airflow/.local/lib/python3.7/site-packages/airflow/example_dags/example_branch_python_dop_operator_3.py
[2022-06-20 01:29:46,292] {logging_mixin.py:115} INFO - [2022-06-20 01:29:46,292] {dag.py:2371} INFO - Sync 1 DAGs
[2022-06-20 01:29:46,308] {logging_mixin.py:115} INFO - [2022-06-20 01:29:46,308] {dag.py:2919} INFO - Setting next_dagrun for example_branch_dop_operator_v3 to 2022-06-20T01:28:00+00:00, run_after=2022-06-20T01:29:00+00:00
[2022-06-20 01:29:46,315] {processor.py:161} INFO - Processing /home/airflow/.local/lib/python3.7/site-packages/airflow/example_dags/example_branch_python_dop_operator_3.py took 0.050 seconds
[2022-06-20 01:30:16,541] {processor.py:153} INFO - Started process (PID=1137) to work on /home/airflow/.local/lib/python3.7/site-packages/airflow/example_dags/example_branch_python_dop_operator_3.py
[2022-06-20 01:30:16,543] {processor.py:641} INFO - Processing file /home/airflow/.local/lib/python3.7/site-packages/airflow/example_dags/example_branch_python_dop_operator_3.py for tasks to queue
[2022-06-20 01:30:16,544] {logging_mixin.py:115} INFO - [2022-06-20 01:30:16,544] {dagbag.py:507} INFO - Filling up the DagBag from /home/airflow/.local/lib/python3.7/site-packages/airflow/example_dags/example_branch_python_dop_operator_3.py
[2022-06-20 01:30:16,549] {processor.py:651} INFO - DAG(s) dict_keys(['example_branch_dop_operator_v3']) retrieved from /home/airflow/.local/lib/python3.7/site-packages/airflow/example_dags/example_branch_python_dop_operator_3.py
[2022-06-20 01:30:16,566] {logging_mixin.py:115} INFO - [2022-06-20 01:30:16,566] {dag.py:2371} INFO - Sync 1 DAGs
[2022-06-20 01:30:16,578] {logging_mixin.py:115} INFO - [2022-06-20 01:30:16,578] {dag.py:2919} INFO - Setting next_dagrun for example_branch_dop_operator_v3 to 2022-06-20T01:29:00+00:00, run_after=2022-06-20T01:30:00+00:00
[2022-06-20 01:30:16,585] {processor.py:161} INFO - Processing /home/airflow/.local/lib/python3.7/site-packages/airflow/example_dags/example_branch_python_dop_operator_3.py took 0.046 seconds
[2022-06-20 01:30:46,940] {processor.py:153} INFO - Started process (PID=1198) to work on /home/airflow/.local/lib/python3.7/site-packages/airflow/example_dags/example_branch_python_dop_operator_3.py
[2022-06-20 01:30:46,942] {processor.py:641} INFO - Processing file /home/airflow/.local/lib/python3.7/site-packages/airflow/example_dags/example_branch_python_dop_operator_3.py for tasks to queue
[2022-06-20 01:30:46,944] {logging_mixin.py:115} INFO - [2022-06-20 01:30:46,944] {dagbag.py:507} INFO - Filling up the DagBag from /home/airflow/.local/lib/python3.7/site-packages/airflow/example_dags/example_branch_python_dop_operator_3.py
[2022-06-20 01:30:46,950] {processor.py:651} INFO - DAG(s) dict_keys(['example_branch_dop_operator_v3']) retrieved from /home/airflow/.local/lib/python3.7/site-packages/airflow/example_dags/example_branch_python_dop_operator_3.py
[2022-06-20 01:30:46,974] {logging_mixin.py:115} INFO - [2022-06-20 01:30:46,974] {dag.py:2371} INFO - Sync 1 DAGs
[2022-06-20 01:30:47,002] {logging_mixin.py:115} INFO - [2022-06-20 01:30:47,002] {dag.py:2919} INFO - Setting next_dagrun for example_branch_dop_operator_v3 to 2022-06-20T01:29:00+00:00, run_after=2022-06-20T01:30:00+00:00
[2022-06-20 01:30:47,020] {processor.py:161} INFO - Processing /home/airflow/.local/lib/python3.7/site-packages/airflow/example_dags/example_branch_python_dop_operator_3.py took 0.082 seconds
[2022-06-20 01:31:17,318] {processor.py:153} INFO - Started process (PID=1271) to work on /home/airflow/.local/lib/python3.7/site-packages/airflow/example_dags/example_branch_python_dop_operator_3.py
[2022-06-20 01:31:17,320] {processor.py:641} INFO - Processing file /home/airflow/.local/lib/python3.7/site-packages/airflow/example_dags/example_branch_python_dop_operator_3.py for tasks to queue
[2022-06-20 01:31:17,321] {logging_mixin.py:115} INFO - [2022-06-20 01:31:17,321] {dagbag.py:507} INFO - Filling up the DagBag from /home/airflow/.local/lib/python3.7/site-packages/airflow/example_dags/example_branch_python_dop_operator_3.py
[2022-06-20 01:31:17,327] {processor.py:651} INFO - DAG(s) dict_keys(['example_branch_dop_operator_v3']) retrieved from /home/airflow/.local/lib/python3.7/site-packages/airflow/example_dags/example_branch_python_dop_operator_3.py
[2022-06-20 01:31:17,343] {logging_mixin.py:115} INFO - [2022-06-20 01:31:17,343] {dag.py:2371} INFO - Sync 1 DAGs
[2022-06-20 01:31:17,358] {logging_mixin.py:115} INFO - [2022-06-20 01:31:17,358] {dag.py:2919} INFO - Setting next_dagrun for example_branch_dop_operator_v3 to 2022-06-20T01:30:00+00:00, run_after=2022-06-20T01:31:00+00:00
[2022-06-20 01:31:17,366] {processor.py:161} INFO - Processing /home/airflow/.local/lib/python3.7/site-packages/airflow/example_dags/example_branch_python_dop_operator_3.py took 0.050 seconds
[2022-06-20 01:31:47,584] {processor.py:153} INFO - Started process (PID=1343) to work on /home/airflow/.local/lib/python3.7/site-packages/airflow/example_dags/example_branch_python_dop_operator_3.py
[2022-06-20 01:31:47,586] {processor.py:641} INFO - Processing file /home/airflow/.local/lib/python3.7/site-packages/airflow/example_dags/example_branch_python_dop_operator_3.py for tasks to queue
[2022-06-20 01:31:47,588] {logging_mixin.py:115} INFO - [2022-06-20 01:31:47,588] {dagbag.py:507} INFO - Filling up the DagBag from /home/airflow/.local/lib/python3.7/site-packages/airflow/example_dags/example_branch_python_dop_operator_3.py
[2022-06-20 01:31:47,594] {processor.py:651} INFO - DAG(s) dict_keys(['example_branch_dop_operator_v3']) retrieved from /home/airflow/.local/lib/python3.7/site-packages/airflow/example_dags/example_branch_python_dop_operator_3.py
[2022-06-20 01:31:47,614] {logging_mixin.py:115} INFO - [2022-06-20 01:31:47,614] {dag.py:2371} INFO - Sync 1 DAGs
[2022-06-20 01:31:47,631] {logging_mixin.py:115} INFO - [2022-06-20 01:31:47,631] {dag.py:2919} INFO - Setting next_dagrun for example_branch_dop_operator_v3 to 2022-06-20T01:30:00+00:00, run_after=2022-06-20T01:31:00+00:00
[2022-06-20 01:31:47,648] {processor.py:161} INFO - Processing /home/airflow/.local/lib/python3.7/site-packages/airflow/example_dags/example_branch_python_dop_operator_3.py took 0.066 seconds
[2022-06-20 01:32:18,045] {processor.py:153} INFO - Started process (PID=1415) to work on /home/airflow/.local/lib/python3.7/site-packages/airflow/example_dags/example_branch_python_dop_operator_3.py
[2022-06-20 01:32:18,048] {processor.py:641} INFO - Processing file /home/airflow/.local/lib/python3.7/site-packages/airflow/example_dags/example_branch_python_dop_operator_3.py for tasks to queue
[2022-06-20 01:32:18,050] {logging_mixin.py:115} INFO - [2022-06-20 01:32:18,049] {dagbag.py:507} INFO - Filling up the DagBag from /home/airflow/.local/lib/python3.7/site-packages/airflow/example_dags/example_branch_python_dop_operator_3.py
[2022-06-20 01:32:18,058] {processor.py:651} INFO - DAG(s) dict_keys(['example_branch_dop_operator_v3']) retrieved from /home/airflow/.local/lib/python3.7/site-packages/airflow/example_dags/example_branch_python_dop_operator_3.py
[2022-06-20 01:32:18,079] {logging_mixin.py:115} INFO - [2022-06-20 01:32:18,078] {dag.py:2371} INFO - Sync 1 DAGs
[2022-06-20 01:32:18,097] {logging_mixin.py:115} INFO - [2022-06-20 01:32:18,097] {dag.py:2919} INFO - Setting next_dagrun for example_branch_dop_operator_v3 to 2022-06-20T01:31:00+00:00, run_after=2022-06-20T01:32:00+00:00
[2022-06-20 01:32:18,108] {processor.py:161} INFO - Processing /home/airflow/.local/lib/python3.7/site-packages/airflow/example_dags/example_branch_python_dop_operator_3.py took 0.065 seconds
[2022-06-20 01:32:48,247] {processor.py:153} INFO - Started process (PID=1491) to work on /home/airflow/.local/lib/python3.7/site-packages/airflow/example_dags/example_branch_python_dop_operator_3.py
[2022-06-20 01:32:48,249] {processor.py:641} INFO - Processing file /home/airflow/.local/lib/python3.7/site-packages/airflow/example_dags/example_branch_python_dop_operator_3.py for tasks to queue
[2022-06-20 01:32:48,250] {logging_mixin.py:115} INFO - [2022-06-20 01:32:48,250] {dagbag.py:507} INFO - Filling up the DagBag from /home/airflow/.local/lib/python3.7/site-packages/airflow/example_dags/example_branch_python_dop_operator_3.py
[2022-06-20 01:32:48,256] {processor.py:651} INFO - DAG(s) dict_keys(['example_branch_dop_operator_v3']) retrieved from /home/airflow/.local/lib/python3.7/site-packages/airflow/example_dags/example_branch_python_dop_operator_3.py
[2022-06-20 01:32:48,274] {logging_mixin.py:115} INFO - [2022-06-20 01:32:48,274] {dag.py:2371} INFO - Sync 1 DAGs
[2022-06-20 01:32:48,290] {logging_mixin.py:115} INFO - [2022-06-20 01:32:48,290] {dag.py:2919} INFO - Setting next_dagrun for example_branch_dop_operator_v3 to 2022-06-20T01:31:00+00:00, run_after=2022-06-20T01:32:00+00:00
[2022-06-20 01:32:48,299] {processor.py:161} INFO - Processing /home/airflow/.local/lib/python3.7/site-packages/airflow/example_dags/example_branch_python_dop_operator_3.py took 0.054 seconds
[2022-06-20 01:33:18,329] {processor.py:153} INFO - Started process (PID=1570) to work on /home/airflow/.local/lib/python3.7/site-packages/airflow/example_dags/example_branch_python_dop_operator_3.py
[2022-06-20 01:33:18,332] {processor.py:641} INFO - Processing file /home/airflow/.local/lib/python3.7/site-packages/airflow/example_dags/example_branch_python_dop_operator_3.py for tasks to queue
[2022-06-20 01:33:18,333] {logging_mixin.py:115} INFO - [2022-06-20 01:33:18,333] {dagbag.py:507} INFO - Filling up the DagBag from /home/airflow/.local/lib/python3.7/site-packages/airflow/example_dags/example_branch_python_dop_operator_3.py
[2022-06-20 01:33:18,341] {processor.py:651} INFO - DAG(s) dict_keys(['example_branch_dop_operator_v3']) retrieved from /home/airflow/.local/lib/python3.7/site-packages/airflow/example_dags/example_branch_python_dop_operator_3.py
[2022-06-20 01:33:18,362] {logging_mixin.py:115} INFO - [2022-06-20 01:33:18,362] {dag.py:2371} INFO - Sync 1 DAGs
[2022-06-20 01:33:18,377] {logging_mixin.py:115} INFO - [2022-06-20 01:33:18,377] {dag.py:2919} INFO - Setting next_dagrun for example_branch_dop_operator_v3 to 2022-06-20T01:32:00+00:00, run_after=2022-06-20T01:33:00+00:00
[2022-06-20 01:33:18,387] {processor.py:161} INFO - Processing /home/airflow/.local/lib/python3.7/site-packages/airflow/example_dags/example_branch_python_dop_operator_3.py took 0.059 seconds
[2022-06-20 01:33:42,596] {processor.py:153} INFO - Started process (PID=78) to work on /home/airflow/.local/lib/python3.7/site-packages/airflow/example_dags/example_branch_python_dop_operator_3.py
[2022-06-20 01:33:42,601] {processor.py:641} INFO - Processing file /home/airflow/.local/lib/python3.7/site-packages/airflow/example_dags/example_branch_python_dop_operator_3.py for tasks to queue
[2022-06-20 01:33:42,609] {logging_mixin.py:115} INFO - [2022-06-20 01:33:42,609] {dagbag.py:507} INFO - Filling up the DagBag from /home/airflow/.local/lib/python3.7/site-packages/airflow/example_dags/example_branch_python_dop_operator_3.py
[2022-06-20 01:33:42,649] {processor.py:651} INFO - DAG(s) dict_keys(['example_branch_dop_operator_v3']) retrieved from /home/airflow/.local/lib/python3.7/site-packages/airflow/example_dags/example_branch_python_dop_operator_3.py
[2022-06-20 01:33:42,699] {logging_mixin.py:115} INFO - [2022-06-20 01:33:42,699] {dag.py:2371} INFO - Sync 1 DAGs
[2022-06-20 01:33:42,735] {logging_mixin.py:115} INFO - [2022-06-20 01:33:42,735] {dag.py:2919} INFO - Setting next_dagrun for example_branch_dop_operator_v3 to 2022-06-20T01:32:00+00:00, run_after=2022-06-20T01:33:00+00:00
[2022-06-20 01:33:42,782] {processor.py:161} INFO - Processing /home/airflow/.local/lib/python3.7/site-packages/airflow/example_dags/example_branch_python_dop_operator_3.py took 0.190 seconds
[2022-06-20 01:34:12,828] {processor.py:153} INFO - Started process (PID=144) to work on /home/airflow/.local/lib/python3.7/site-packages/airflow/example_dags/example_branch_python_dop_operator_3.py
[2022-06-20 01:34:12,832] {processor.py:641} INFO - Processing file /home/airflow/.local/lib/python3.7/site-packages/airflow/example_dags/example_branch_python_dop_operator_3.py for tasks to queue
[2022-06-20 01:34:12,833] {logging_mixin.py:115} INFO - [2022-06-20 01:34:12,833] {dagbag.py:507} INFO - Filling up the DagBag from /home/airflow/.local/lib/python3.7/site-packages/airflow/example_dags/example_branch_python_dop_operator_3.py
[2022-06-20 01:34:12,839] {processor.py:651} INFO - DAG(s) dict_keys(['example_branch_dop_operator_v3']) retrieved from /home/airflow/.local/lib/python3.7/site-packages/airflow/example_dags/example_branch_python_dop_operator_3.py
[2022-06-20 01:34:12,856] {logging_mixin.py:115} INFO - [2022-06-20 01:34:12,856] {dag.py:2371} INFO - Sync 1 DAGs
[2022-06-20 01:34:12,870] {logging_mixin.py:115} INFO - [2022-06-20 01:34:12,870] {dag.py:2919} INFO - Setting next_dagrun for example_branch_dop_operator_v3 to 2022-06-20T01:33:00+00:00, run_after=2022-06-20T01:34:00+00:00
[2022-06-20 01:34:12,877] {processor.py:161} INFO - Processing /home/airflow/.local/lib/python3.7/site-packages/airflow/example_dags/example_branch_python_dop_operator_3.py took 0.051 seconds
[2022-06-20 01:34:43,851] {processor.py:153} INFO - Started process (PID=287) to work on /home/airflow/.local/lib/python3.7/site-packages/airflow/example_dags/example_branch_python_dop_operator_3.py
[2022-06-20 01:34:43,854] {processor.py:641} INFO - Processing file /home/airflow/.local/lib/python3.7/site-packages/airflow/example_dags/example_branch_python_dop_operator_3.py for tasks to queue
[2022-06-20 01:34:43,856] {logging_mixin.py:115} INFO - [2022-06-20 01:34:43,856] {dagbag.py:507} INFO - Filling up the DagBag from /home/airflow/.local/lib/python3.7/site-packages/airflow/example_dags/example_branch_python_dop_operator_3.py
[2022-06-20 01:34:43,868] {processor.py:651} INFO - DAG(s) dict_keys(['example_branch_dop_operator_v3']) retrieved from /home/airflow/.local/lib/python3.7/site-packages/airflow/example_dags/example_branch_python_dop_operator_3.py
[2022-06-20 01:34:43,895] {logging_mixin.py:115} INFO - [2022-06-20 01:34:43,895] {dag.py:2371} INFO - Sync 1 DAGs
[2022-06-20 01:34:43,916] {logging_mixin.py:115} INFO - [2022-06-20 01:34:43,916] {dag.py:2919} INFO - Setting next_dagrun for example_branch_dop_operator_v3 to 2022-06-20T01:33:00+00:00, run_after=2022-06-20T01:34:00+00:00
[2022-06-20 01:34:43,931] {processor.py:161} INFO - Processing /home/airflow/.local/lib/python3.7/site-packages/airflow/example_dags/example_branch_python_dop_operator_3.py took 0.083 seconds
[2022-06-20 01:35:14,811] {processor.py:153} INFO - Started process (PID=363) to work on /home/airflow/.local/lib/python3.7/site-packages/airflow/example_dags/example_branch_python_dop_operator_3.py
[2022-06-20 01:35:14,813] {processor.py:641} INFO - Processing file /home/airflow/.local/lib/python3.7/site-packages/airflow/example_dags/example_branch_python_dop_operator_3.py for tasks to queue
[2022-06-20 01:35:14,814] {logging_mixin.py:115} INFO - [2022-06-20 01:35:14,814] {dagbag.py:507} INFO - Filling up the DagBag from /home/airflow/.local/lib/python3.7/site-packages/airflow/example_dags/example_branch_python_dop_operator_3.py
[2022-06-20 01:35:14,820] {processor.py:651} INFO - DAG(s) dict_keys(['example_branch_dop_operator_v3']) retrieved from /home/airflow/.local/lib/python3.7/site-packages/airflow/example_dags/example_branch_python_dop_operator_3.py
[2022-06-20 01:35:14,836] {logging_mixin.py:115} INFO - [2022-06-20 01:35:14,836] {dag.py:2371} INFO - Sync 1 DAGs
[2022-06-20 01:35:14,853] {logging_mixin.py:115} INFO - [2022-06-20 01:35:14,853] {dag.py:2919} INFO - Setting next_dagrun for example_branch_dop_operator_v3 to 2022-06-20T01:34:00+00:00, run_after=2022-06-20T01:35:00+00:00
[2022-06-20 01:35:14,862] {processor.py:161} INFO - Processing /home/airflow/.local/lib/python3.7/site-packages/airflow/example_dags/example_branch_python_dop_operator_3.py took 0.053 seconds
[2022-06-20 01:35:45,254] {processor.py:153} INFO - Started process (PID=438) to work on /home/airflow/.local/lib/python3.7/site-packages/airflow/example_dags/example_branch_python_dop_operator_3.py
[2022-06-20 01:35:45,256] {processor.py:641} INFO - Processing file /home/airflow/.local/lib/python3.7/site-packages/airflow/example_dags/example_branch_python_dop_operator_3.py for tasks to queue
[2022-06-20 01:35:45,257] {logging_mixin.py:115} INFO - [2022-06-20 01:35:45,257] {dagbag.py:507} INFO - Filling up the DagBag from /home/airflow/.local/lib/python3.7/site-packages/airflow/example_dags/example_branch_python_dop_operator_3.py
[2022-06-20 01:35:45,264] {processor.py:651} INFO - DAG(s) dict_keys(['example_branch_dop_operator_v3']) retrieved from /home/airflow/.local/lib/python3.7/site-packages/airflow/example_dags/example_branch_python_dop_operator_3.py
[2022-06-20 01:35:45,281] {logging_mixin.py:115} INFO - [2022-06-20 01:35:45,281] {dag.py:2371} INFO - Sync 1 DAGs
[2022-06-20 01:35:45,297] {logging_mixin.py:115} INFO - [2022-06-20 01:35:45,297] {dag.py:2919} INFO - Setting next_dagrun for example_branch_dop_operator_v3 to 2022-06-20T01:34:00+00:00, run_after=2022-06-20T01:35:00+00:00
[2022-06-20 01:35:45,305] {processor.py:161} INFO - Processing /home/airflow/.local/lib/python3.7/site-packages/airflow/example_dags/example_branch_python_dop_operator_3.py took 0.053 seconds
[2022-06-20 01:36:15,876] {processor.py:153} INFO - Started process (PID=513) to work on /home/airflow/.local/lib/python3.7/site-packages/airflow/example_dags/example_branch_python_dop_operator_3.py
[2022-06-20 01:36:15,885] {processor.py:641} INFO - Processing file /home/airflow/.local/lib/python3.7/site-packages/airflow/example_dags/example_branch_python_dop_operator_3.py for tasks to queue
[2022-06-20 01:36:15,889] {logging_mixin.py:115} INFO - [2022-06-20 01:36:15,889] {dagbag.py:507} INFO - Filling up the DagBag from /home/airflow/.local/lib/python3.7/site-packages/airflow/example_dags/example_branch_python_dop_operator_3.py
[2022-06-20 01:36:15,901] {processor.py:651} INFO - DAG(s) dict_keys(['example_branch_dop_operator_v3']) retrieved from /home/airflow/.local/lib/python3.7/site-packages/airflow/example_dags/example_branch_python_dop_operator_3.py
[2022-06-20 01:36:15,928] {logging_mixin.py:115} INFO - [2022-06-20 01:36:15,928] {dag.py:2371} INFO - Sync 1 DAGs
[2022-06-20 01:36:15,955] {logging_mixin.py:115} INFO - [2022-06-20 01:36:15,955] {dag.py:2919} INFO - Setting next_dagrun for example_branch_dop_operator_v3 to 2022-06-20T01:35:00+00:00, run_after=2022-06-20T01:36:00+00:00
[2022-06-20 01:36:15,969] {processor.py:161} INFO - Processing /home/airflow/.local/lib/python3.7/site-packages/airflow/example_dags/example_branch_python_dop_operator_3.py took 0.096 seconds
[2022-06-20 01:36:46,741] {processor.py:153} INFO - Started process (PID=578) to work on /home/airflow/.local/lib/python3.7/site-packages/airflow/example_dags/example_branch_python_dop_operator_3.py
[2022-06-20 01:36:46,743] {processor.py:641} INFO - Processing file /home/airflow/.local/lib/python3.7/site-packages/airflow/example_dags/example_branch_python_dop_operator_3.py for tasks to queue
[2022-06-20 01:36:46,744] {logging_mixin.py:115} INFO - [2022-06-20 01:36:46,744] {dagbag.py:507} INFO - Filling up the DagBag from /home/airflow/.local/lib/python3.7/site-packages/airflow/example_dags/example_branch_python_dop_operator_3.py
[2022-06-20 01:36:46,750] {processor.py:651} INFO - DAG(s) dict_keys(['example_branch_dop_operator_v3']) retrieved from /home/airflow/.local/lib/python3.7/site-packages/airflow/example_dags/example_branch_python_dop_operator_3.py
[2022-06-20 01:36:46,769] {logging_mixin.py:115} INFO - [2022-06-20 01:36:46,769] {dag.py:2371} INFO - Sync 1 DAGs
[2022-06-20 01:36:46,784] {logging_mixin.py:115} INFO - [2022-06-20 01:36:46,784] {dag.py:2919} INFO - Setting next_dagrun for example_branch_dop_operator_v3 to 2022-06-20T01:35:00+00:00, run_after=2022-06-20T01:36:00+00:00
[2022-06-20 01:36:46,792] {processor.py:161} INFO - Processing /home/airflow/.local/lib/python3.7/site-packages/airflow/example_dags/example_branch_python_dop_operator_3.py took 0.053 seconds
[2022-06-20 01:37:17,551] {processor.py:153} INFO - Started process (PID=653) to work on /home/airflow/.local/lib/python3.7/site-packages/airflow/example_dags/example_branch_python_dop_operator_3.py
[2022-06-20 01:37:17,553] {processor.py:641} INFO - Processing file /home/airflow/.local/lib/python3.7/site-packages/airflow/example_dags/example_branch_python_dop_operator_3.py for tasks to queue
[2022-06-20 01:37:17,554] {logging_mixin.py:115} INFO - [2022-06-20 01:37:17,554] {dagbag.py:507} INFO - Filling up the DagBag from /home/airflow/.local/lib/python3.7/site-packages/airflow/example_dags/example_branch_python_dop_operator_3.py
[2022-06-20 01:37:17,560] {processor.py:651} INFO - DAG(s) dict_keys(['example_branch_dop_operator_v3']) retrieved from /home/airflow/.local/lib/python3.7/site-packages/airflow/example_dags/example_branch_python_dop_operator_3.py
[2022-06-20 01:37:17,585] {logging_mixin.py:115} INFO - [2022-06-20 01:37:17,584] {dag.py:2371} INFO - Sync 1 DAGs
[2022-06-20 01:37:17,600] {logging_mixin.py:115} INFO - [2022-06-20 01:37:17,600] {dag.py:2919} INFO - Setting next_dagrun for example_branch_dop_operator_v3 to 2022-06-20T01:36:00+00:00, run_after=2022-06-20T01:37:00+00:00
[2022-06-20 01:37:17,609] {processor.py:161} INFO - Processing /home/airflow/.local/lib/python3.7/site-packages/airflow/example_dags/example_branch_python_dop_operator_3.py took 0.060 seconds
[2022-06-20 01:37:47,825] {processor.py:153} INFO - Started process (PID=728) to work on /home/airflow/.local/lib/python3.7/site-packages/airflow/example_dags/example_branch_python_dop_operator_3.py
[2022-06-20 01:37:47,826] {processor.py:641} INFO - Processing file /home/airflow/.local/lib/python3.7/site-packages/airflow/example_dags/example_branch_python_dop_operator_3.py for tasks to queue
[2022-06-20 01:37:47,828] {logging_mixin.py:115} INFO - [2022-06-20 01:37:47,828] {dagbag.py:507} INFO - Filling up the DagBag from /home/airflow/.local/lib/python3.7/site-packages/airflow/example_dags/example_branch_python_dop_operator_3.py
[2022-06-20 01:37:47,834] {processor.py:651} INFO - DAG(s) dict_keys(['example_branch_dop_operator_v3']) retrieved from /home/airflow/.local/lib/python3.7/site-packages/airflow/example_dags/example_branch_python_dop_operator_3.py
[2022-06-20 01:37:47,851] {logging_mixin.py:115} INFO - [2022-06-20 01:37:47,851] {dag.py:2371} INFO - Sync 1 DAGs
[2022-06-20 01:37:47,866] {logging_mixin.py:115} INFO - [2022-06-20 01:37:47,866] {dag.py:2919} INFO - Setting next_dagrun for example_branch_dop_operator_v3 to 2022-06-20T01:36:00+00:00, run_after=2022-06-20T01:37:00+00:00
[2022-06-20 01:37:47,879] {processor.py:161} INFO - Processing /home/airflow/.local/lib/python3.7/site-packages/airflow/example_dags/example_branch_python_dop_operator_3.py took 0.057 seconds
[2022-06-20 01:38:17,967] {processor.py:153} INFO - Started process (PID=803) to work on /home/airflow/.local/lib/python3.7/site-packages/airflow/example_dags/example_branch_python_dop_operator_3.py
[2022-06-20 01:38:17,969] {processor.py:641} INFO - Processing file /home/airflow/.local/lib/python3.7/site-packages/airflow/example_dags/example_branch_python_dop_operator_3.py for tasks to queue
[2022-06-20 01:38:17,969] {logging_mixin.py:115} INFO - [2022-06-20 01:38:17,969] {dagbag.py:507} INFO - Filling up the DagBag from /home/airflow/.local/lib/python3.7/site-packages/airflow/example_dags/example_branch_python_dop_operator_3.py
[2022-06-20 01:38:17,976] {processor.py:651} INFO - DAG(s) dict_keys(['example_branch_dop_operator_v3']) retrieved from /home/airflow/.local/lib/python3.7/site-packages/airflow/example_dags/example_branch_python_dop_operator_3.py
[2022-06-20 01:38:17,994] {logging_mixin.py:115} INFO - [2022-06-20 01:38:17,994] {dag.py:2371} INFO - Sync 1 DAGs
[2022-06-20 01:38:18,023] {logging_mixin.py:115} INFO - [2022-06-20 01:38:18,023] {dag.py:2919} INFO - Setting next_dagrun for example_branch_dop_operator_v3 to 2022-06-20T01:37:00+00:00, run_after=2022-06-20T01:38:00+00:00
[2022-06-20 01:38:18,032] {processor.py:161} INFO - Processing /home/airflow/.local/lib/python3.7/site-packages/airflow/example_dags/example_branch_python_dop_operator_3.py took 0.069 seconds
[2022-06-20 01:38:48,558] {processor.py:153} INFO - Started process (PID=878) to work on /home/airflow/.local/lib/python3.7/site-packages/airflow/example_dags/example_branch_python_dop_operator_3.py
[2022-06-20 01:38:48,560] {processor.py:641} INFO - Processing file /home/airflow/.local/lib/python3.7/site-packages/airflow/example_dags/example_branch_python_dop_operator_3.py for tasks to queue
[2022-06-20 01:38:48,561] {logging_mixin.py:115} INFO - [2022-06-20 01:38:48,561] {dagbag.py:507} INFO - Filling up the DagBag from /home/airflow/.local/lib/python3.7/site-packages/airflow/example_dags/example_branch_python_dop_operator_3.py
[2022-06-20 01:38:48,568] {processor.py:651} INFO - DAG(s) dict_keys(['example_branch_dop_operator_v3']) retrieved from /home/airflow/.local/lib/python3.7/site-packages/airflow/example_dags/example_branch_python_dop_operator_3.py
[2022-06-20 01:38:48,584] {logging_mixin.py:115} INFO - [2022-06-20 01:38:48,584] {dag.py:2371} INFO - Sync 1 DAGs
[2022-06-20 01:38:48,601] {logging_mixin.py:115} INFO - [2022-06-20 01:38:48,600] {dag.py:2919} INFO - Setting next_dagrun for example_branch_dop_operator_v3 to 2022-06-20T01:37:00+00:00, run_after=2022-06-20T01:38:00+00:00
[2022-06-20 01:38:48,610] {processor.py:161} INFO - Processing /home/airflow/.local/lib/python3.7/site-packages/airflow/example_dags/example_branch_python_dop_operator_3.py took 0.055 seconds
[2022-06-20 01:39:19,163] {processor.py:153} INFO - Started process (PID=967) to work on /home/airflow/.local/lib/python3.7/site-packages/airflow/example_dags/example_branch_python_dop_operator_3.py
[2022-06-20 01:39:19,166] {processor.py:641} INFO - Processing file /home/airflow/.local/lib/python3.7/site-packages/airflow/example_dags/example_branch_python_dop_operator_3.py for tasks to queue
[2022-06-20 01:39:19,168] {logging_mixin.py:115} INFO - [2022-06-20 01:39:19,168] {dagbag.py:507} INFO - Filling up the DagBag from /home/airflow/.local/lib/python3.7/site-packages/airflow/example_dags/example_branch_python_dop_operator_3.py
[2022-06-20 01:39:19,176] {processor.py:651} INFO - DAG(s) dict_keys(['example_branch_dop_operator_v3']) retrieved from /home/airflow/.local/lib/python3.7/site-packages/airflow/example_dags/example_branch_python_dop_operator_3.py
[2022-06-20 01:39:19,210] {logging_mixin.py:115} INFO - [2022-06-20 01:39:19,210] {dag.py:2371} INFO - Sync 1 DAGs
[2022-06-20 01:39:19,254] {logging_mixin.py:115} INFO - [2022-06-20 01:39:19,254] {dag.py:2919} INFO - Setting next_dagrun for example_branch_dop_operator_v3 to 2022-06-20T01:38:00+00:00, run_after=2022-06-20T01:39:00+00:00
[2022-06-20 01:39:19,271] {processor.py:161} INFO - Processing /home/airflow/.local/lib/python3.7/site-packages/airflow/example_dags/example_branch_python_dop_operator_3.py took 0.111 seconds
[2022-06-20 01:39:49,420] {processor.py:153} INFO - Started process (PID=1043) to work on /home/airflow/.local/lib/python3.7/site-packages/airflow/example_dags/example_branch_python_dop_operator_3.py
[2022-06-20 01:39:49,422] {processor.py:641} INFO - Processing file /home/airflow/.local/lib/python3.7/site-packages/airflow/example_dags/example_branch_python_dop_operator_3.py for tasks to queue
[2022-06-20 01:39:49,423] {logging_mixin.py:115} INFO - [2022-06-20 01:39:49,423] {dagbag.py:507} INFO - Filling up the DagBag from /home/airflow/.local/lib/python3.7/site-packages/airflow/example_dags/example_branch_python_dop_operator_3.py
[2022-06-20 01:39:49,430] {processor.py:651} INFO - DAG(s) dict_keys(['example_branch_dop_operator_v3']) retrieved from /home/airflow/.local/lib/python3.7/site-packages/airflow/example_dags/example_branch_python_dop_operator_3.py
[2022-06-20 01:39:49,450] {logging_mixin.py:115} INFO - [2022-06-20 01:39:49,450] {dag.py:2371} INFO - Sync 1 DAGs
[2022-06-20 01:39:49,467] {logging_mixin.py:115} INFO - [2022-06-20 01:39:49,467] {dag.py:2919} INFO - Setting next_dagrun for example_branch_dop_operator_v3 to 2022-06-20T01:38:00+00:00, run_after=2022-06-20T01:39:00+00:00
[2022-06-20 01:39:49,477] {processor.py:161} INFO - Processing /home/airflow/.local/lib/python3.7/site-packages/airflow/example_dags/example_branch_python_dop_operator_3.py took 0.059 seconds
[2022-06-20 01:40:20,409] {processor.py:153} INFO - Started process (PID=1114) to work on /home/airflow/.local/lib/python3.7/site-packages/airflow/example_dags/example_branch_python_dop_operator_3.py
[2022-06-20 01:40:20,411] {processor.py:641} INFO - Processing file /home/airflow/.local/lib/python3.7/site-packages/airflow/example_dags/example_branch_python_dop_operator_3.py for tasks to queue
[2022-06-20 01:40:20,413] {logging_mixin.py:115} INFO - [2022-06-20 01:40:20,413] {dagbag.py:507} INFO - Filling up the DagBag from /home/airflow/.local/lib/python3.7/site-packages/airflow/example_dags/example_branch_python_dop_operator_3.py
[2022-06-20 01:40:20,419] {processor.py:651} INFO - DAG(s) dict_keys(['example_branch_dop_operator_v3']) retrieved from /home/airflow/.local/lib/python3.7/site-packages/airflow/example_dags/example_branch_python_dop_operator_3.py
[2022-06-20 01:40:20,439] {logging_mixin.py:115} INFO - [2022-06-20 01:40:20,439] {dag.py:2371} INFO - Sync 1 DAGs
[2022-06-20 01:40:20,464] {logging_mixin.py:115} INFO - [2022-06-20 01:40:20,464] {dag.py:2919} INFO - Setting next_dagrun for example_branch_dop_operator_v3 to 2022-06-20T01:39:00+00:00, run_after=2022-06-20T01:40:00+00:00
[2022-06-20 01:40:20,481] {processor.py:161} INFO - Processing /home/airflow/.local/lib/python3.7/site-packages/airflow/example_dags/example_branch_python_dop_operator_3.py took 0.074 seconds
[2022-06-20 01:40:51,187] {processor.py:153} INFO - Started process (PID=1189) to work on /home/airflow/.local/lib/python3.7/site-packages/airflow/example_dags/example_branch_python_dop_operator_3.py
[2022-06-20 01:40:51,189] {processor.py:641} INFO - Processing file /home/airflow/.local/lib/python3.7/site-packages/airflow/example_dags/example_branch_python_dop_operator_3.py for tasks to queue
[2022-06-20 01:40:51,190] {logging_mixin.py:115} INFO - [2022-06-20 01:40:51,190] {dagbag.py:507} INFO - Filling up the DagBag from /home/airflow/.local/lib/python3.7/site-packages/airflow/example_dags/example_branch_python_dop_operator_3.py
[2022-06-20 01:40:51,196] {processor.py:651} INFO - DAG(s) dict_keys(['example_branch_dop_operator_v3']) retrieved from /home/airflow/.local/lib/python3.7/site-packages/airflow/example_dags/example_branch_python_dop_operator_3.py
[2022-06-20 01:40:51,219] {logging_mixin.py:115} INFO - [2022-06-20 01:40:51,219] {dag.py:2371} INFO - Sync 1 DAGs
[2022-06-20 01:40:51,235] {logging_mixin.py:115} INFO - [2022-06-20 01:40:51,235] {dag.py:2919} INFO - Setting next_dagrun for example_branch_dop_operator_v3 to 2022-06-20T01:39:00+00:00, run_after=2022-06-20T01:40:00+00:00
[2022-06-20 01:40:51,243] {processor.py:161} INFO - Processing /home/airflow/.local/lib/python3.7/site-packages/airflow/example_dags/example_branch_python_dop_operator_3.py took 0.058 seconds
[2022-06-20 01:41:21,891] {processor.py:153} INFO - Started process (PID=1261) to work on /home/airflow/.local/lib/python3.7/site-packages/airflow/example_dags/example_branch_python_dop_operator_3.py
[2022-06-20 01:41:21,893] {processor.py:641} INFO - Processing file /home/airflow/.local/lib/python3.7/site-packages/airflow/example_dags/example_branch_python_dop_operator_3.py for tasks to queue
[2022-06-20 01:41:21,894] {logging_mixin.py:115} INFO - [2022-06-20 01:41:21,894] {dagbag.py:507} INFO - Filling up the DagBag from /home/airflow/.local/lib/python3.7/site-packages/airflow/example_dags/example_branch_python_dop_operator_3.py
[2022-06-20 01:41:21,901] {processor.py:651} INFO - DAG(s) dict_keys(['example_branch_dop_operator_v3']) retrieved from /home/airflow/.local/lib/python3.7/site-packages/airflow/example_dags/example_branch_python_dop_operator_3.py
[2022-06-20 01:41:21,918] {logging_mixin.py:115} INFO - [2022-06-20 01:41:21,918] {dag.py:2371} INFO - Sync 1 DAGs
[2022-06-20 01:41:21,937] {logging_mixin.py:115} INFO - [2022-06-20 01:41:21,937] {dag.py:2919} INFO - Setting next_dagrun for example_branch_dop_operator_v3 to 2022-06-20T01:40:00+00:00, run_after=2022-06-20T01:41:00+00:00
[2022-06-20 01:41:21,945] {processor.py:161} INFO - Processing /home/airflow/.local/lib/python3.7/site-packages/airflow/example_dags/example_branch_python_dop_operator_3.py took 0.056 seconds
[2022-06-20 01:41:52,899] {processor.py:153} INFO - Started process (PID=1335) to work on /home/airflow/.local/lib/python3.7/site-packages/airflow/example_dags/example_branch_python_dop_operator_3.py
[2022-06-20 01:41:52,901] {processor.py:641} INFO - Processing file /home/airflow/.local/lib/python3.7/site-packages/airflow/example_dags/example_branch_python_dop_operator_3.py for tasks to queue
[2022-06-20 01:41:52,903] {logging_mixin.py:115} INFO - [2022-06-20 01:41:52,902] {dagbag.py:507} INFO - Filling up the DagBag from /home/airflow/.local/lib/python3.7/site-packages/airflow/example_dags/example_branch_python_dop_operator_3.py
[2022-06-20 01:41:52,909] {processor.py:651} INFO - DAG(s) dict_keys(['example_branch_dop_operator_v3']) retrieved from /home/airflow/.local/lib/python3.7/site-packages/airflow/example_dags/example_branch_python_dop_operator_3.py
[2022-06-20 01:41:52,927] {logging_mixin.py:115} INFO - [2022-06-20 01:41:52,927] {dag.py:2371} INFO - Sync 1 DAGs
[2022-06-20 01:41:52,942] {logging_mixin.py:115} INFO - [2022-06-20 01:41:52,942] {dag.py:2919} INFO - Setting next_dagrun for example_branch_dop_operator_v3 to 2022-06-20T01:40:00+00:00, run_after=2022-06-20T01:41:00+00:00
[2022-06-20 01:41:52,950] {processor.py:161} INFO - Processing /home/airflow/.local/lib/python3.7/site-packages/airflow/example_dags/example_branch_python_dop_operator_3.py took 0.053 seconds
[2022-06-20 01:42:23,846] {processor.py:153} INFO - Started process (PID=1409) to work on /home/airflow/.local/lib/python3.7/site-packages/airflow/example_dags/example_branch_python_dop_operator_3.py
[2022-06-20 01:42:23,848] {processor.py:641} INFO - Processing file /home/airflow/.local/lib/python3.7/site-packages/airflow/example_dags/example_branch_python_dop_operator_3.py for tasks to queue
[2022-06-20 01:42:23,849] {logging_mixin.py:115} INFO - [2022-06-20 01:42:23,849] {dagbag.py:507} INFO - Filling up the DagBag from /home/airflow/.local/lib/python3.7/site-packages/airflow/example_dags/example_branch_python_dop_operator_3.py
[2022-06-20 01:42:23,856] {processor.py:651} INFO - DAG(s) dict_keys(['example_branch_dop_operator_v3']) retrieved from /home/airflow/.local/lib/python3.7/site-packages/airflow/example_dags/example_branch_python_dop_operator_3.py
[2022-06-20 01:42:23,876] {logging_mixin.py:115} INFO - [2022-06-20 01:42:23,876] {dag.py:2371} INFO - Sync 1 DAGs
[2022-06-20 01:42:23,892] {logging_mixin.py:115} INFO - [2022-06-20 01:42:23,892] {dag.py:2919} INFO - Setting next_dagrun for example_branch_dop_operator_v3 to 2022-06-20T01:41:00+00:00, run_after=2022-06-20T01:42:00+00:00
[2022-06-20 01:42:23,901] {processor.py:161} INFO - Processing /home/airflow/.local/lib/python3.7/site-packages/airflow/example_dags/example_branch_python_dop_operator_3.py took 0.057 seconds
