[2022-06-20 01:19:33,459] {processor.py:153} INFO - Started process (PID=59) to work on /home/airflow/.local/lib/python3.7/site-packages/airflow/example_dags/example_external_task_marker_dag.py
[2022-06-20 01:19:33,467] {processor.py:641} INFO - Processing file /home/airflow/.local/lib/python3.7/site-packages/airflow/example_dags/example_external_task_marker_dag.py for tasks to queue
[2022-06-20 01:19:33,482] {logging_mixin.py:115} INFO - [2022-06-20 01:19:33,482] {dagbag.py:507} INFO - Filling up the DagBag from /home/airflow/.local/lib/python3.7/site-packages/airflow/example_dags/example_external_task_marker_dag.py
[2022-06-20 01:19:33,499] {processor.py:651} INFO - DAG(s) dict_keys(['example_external_task_marker_parent', 'example_external_task_marker_child']) retrieved from /home/airflow/.local/lib/python3.7/site-packages/airflow/example_dags/example_external_task_marker_dag.py
[2022-06-20 01:19:33,608] {logging_mixin.py:115} INFO - [2022-06-20 01:19:33,607] {dag.py:2371} INFO - Sync 2 DAGs
[2022-06-20 01:19:33,637] {logging_mixin.py:115} INFO - [2022-06-20 01:19:33,637] {dag.py:2919} INFO - Setting next_dagrun for example_external_task_marker_child to None, run_after=None
[2022-06-20 01:19:33,638] {logging_mixin.py:115} INFO - [2022-06-20 01:19:33,638] {dag.py:2919} INFO - Setting next_dagrun for example_external_task_marker_parent to None, run_after=None
[2022-06-20 01:19:33,656] {processor.py:161} INFO - Processing /home/airflow/.local/lib/python3.7/site-packages/airflow/example_dags/example_external_task_marker_dag.py took 0.226 seconds
[2022-06-20 01:22:35,442] {processor.py:153} INFO - Started process (PID=58) to work on /home/airflow/.local/lib/python3.7/site-packages/airflow/example_dags/example_external_task_marker_dag.py
[2022-06-20 01:22:35,445] {processor.py:641} INFO - Processing file /home/airflow/.local/lib/python3.7/site-packages/airflow/example_dags/example_external_task_marker_dag.py for tasks to queue
[2022-06-20 01:22:35,448] {logging_mixin.py:115} INFO - [2022-06-20 01:22:35,448] {dagbag.py:507} INFO - Filling up the DagBag from /home/airflow/.local/lib/python3.7/site-packages/airflow/example_dags/example_external_task_marker_dag.py
[2022-06-20 01:22:35,464] {processor.py:651} INFO - DAG(s) dict_keys(['example_external_task_marker_parent', 'example_external_task_marker_child']) retrieved from /home/airflow/.local/lib/python3.7/site-packages/airflow/example_dags/example_external_task_marker_dag.py
[2022-06-20 01:22:35,558] {logging_mixin.py:115} INFO - [2022-06-20 01:22:35,558] {manager.py:508} INFO - Created Permission View: can delete on DAG:example_external_task_marker_parent
[2022-06-20 01:22:35,573] {logging_mixin.py:115} INFO - [2022-06-20 01:22:35,573] {manager.py:508} INFO - Created Permission View: can read on DAG:example_external_task_marker_parent
[2022-06-20 01:22:35,589] {logging_mixin.py:115} INFO - [2022-06-20 01:22:35,589] {manager.py:508} INFO - Created Permission View: can edit on DAG:example_external_task_marker_parent
[2022-06-20 01:22:35,636] {logging_mixin.py:115} INFO - [2022-06-20 01:22:35,635] {manager.py:508} INFO - Created Permission View: can delete on DAG:example_external_task_marker_child
[2022-06-20 01:22:35,649] {logging_mixin.py:115} INFO - [2022-06-20 01:22:35,649] {manager.py:508} INFO - Created Permission View: can read on DAG:example_external_task_marker_child
[2022-06-20 01:22:35,667] {logging_mixin.py:115} INFO - [2022-06-20 01:22:35,667] {manager.py:508} INFO - Created Permission View: can edit on DAG:example_external_task_marker_child
[2022-06-20 01:22:35,669] {logging_mixin.py:115} INFO - [2022-06-20 01:22:35,669] {dag.py:2371} INFO - Sync 2 DAGs
[2022-06-20 01:22:35,688] {logging_mixin.py:115} INFO - [2022-06-20 01:22:35,688] {dag.py:2390} INFO - Creating ORM DAG for example_external_task_marker_parent
[2022-06-20 01:22:35,691] {logging_mixin.py:115} INFO - [2022-06-20 01:22:35,691] {dag.py:2390} INFO - Creating ORM DAG for example_external_task_marker_child
[2022-06-20 01:22:35,868] {logging_mixin.py:115} INFO - [2022-06-20 01:22:35,868] {dag.py:2919} INFO - Setting next_dagrun for example_external_task_marker_child to None, run_after=None
[2022-06-20 01:22:35,873] {logging_mixin.py:115} INFO - [2022-06-20 01:22:35,873] {dag.py:2919} INFO - Setting next_dagrun for example_external_task_marker_parent to None, run_after=None
[2022-06-20 01:22:35,899] {processor.py:161} INFO - Processing /home/airflow/.local/lib/python3.7/site-packages/airflow/example_dags/example_external_task_marker_dag.py took 0.465 seconds
[2022-06-20 01:23:06,227] {processor.py:153} INFO - Started process (PID=131) to work on /home/airflow/.local/lib/python3.7/site-packages/airflow/example_dags/example_external_task_marker_dag.py
[2022-06-20 01:23:06,229] {processor.py:641} INFO - Processing file /home/airflow/.local/lib/python3.7/site-packages/airflow/example_dags/example_external_task_marker_dag.py for tasks to queue
[2022-06-20 01:23:06,230] {logging_mixin.py:115} INFO - [2022-06-20 01:23:06,230] {dagbag.py:507} INFO - Filling up the DagBag from /home/airflow/.local/lib/python3.7/site-packages/airflow/example_dags/example_external_task_marker_dag.py
[2022-06-20 01:23:06,234] {processor.py:651} INFO - DAG(s) dict_keys(['example_external_task_marker_parent', 'example_external_task_marker_child']) retrieved from /home/airflow/.local/lib/python3.7/site-packages/airflow/example_dags/example_external_task_marker_dag.py
[2022-06-20 01:23:06,265] {logging_mixin.py:115} INFO - [2022-06-20 01:23:06,265] {dag.py:2371} INFO - Sync 2 DAGs
[2022-06-20 01:23:06,277] {logging_mixin.py:115} INFO - [2022-06-20 01:23:06,277] {dag.py:2919} INFO - Setting next_dagrun for example_external_task_marker_child to None, run_after=None
[2022-06-20 01:23:06,278] {logging_mixin.py:115} INFO - [2022-06-20 01:23:06,278] {dag.py:2919} INFO - Setting next_dagrun for example_external_task_marker_parent to None, run_after=None
[2022-06-20 01:23:06,285] {processor.py:161} INFO - Processing /home/airflow/.local/lib/python3.7/site-packages/airflow/example_dags/example_external_task_marker_dag.py took 0.066 seconds
[2022-06-20 01:23:36,426] {processor.py:153} INFO - Started process (PID=203) to work on /home/airflow/.local/lib/python3.7/site-packages/airflow/example_dags/example_external_task_marker_dag.py
[2022-06-20 01:23:36,428] {processor.py:641} INFO - Processing file /home/airflow/.local/lib/python3.7/site-packages/airflow/example_dags/example_external_task_marker_dag.py for tasks to queue
[2022-06-20 01:23:36,429] {logging_mixin.py:115} INFO - [2022-06-20 01:23:36,429] {dagbag.py:507} INFO - Filling up the DagBag from /home/airflow/.local/lib/python3.7/site-packages/airflow/example_dags/example_external_task_marker_dag.py
[2022-06-20 01:23:36,433] {processor.py:651} INFO - DAG(s) dict_keys(['example_external_task_marker_parent', 'example_external_task_marker_child']) retrieved from /home/airflow/.local/lib/python3.7/site-packages/airflow/example_dags/example_external_task_marker_dag.py
[2022-06-20 01:23:36,467] {logging_mixin.py:115} INFO - [2022-06-20 01:23:36,467] {dag.py:2371} INFO - Sync 2 DAGs
[2022-06-20 01:23:36,480] {logging_mixin.py:115} INFO - [2022-06-20 01:23:36,480] {dag.py:2919} INFO - Setting next_dagrun for example_external_task_marker_child to None, run_after=None
[2022-06-20 01:23:36,482] {logging_mixin.py:115} INFO - [2022-06-20 01:23:36,482] {dag.py:2919} INFO - Setting next_dagrun for example_external_task_marker_parent to None, run_after=None
[2022-06-20 01:23:36,492] {processor.py:161} INFO - Processing /home/airflow/.local/lib/python3.7/site-packages/airflow/example_dags/example_external_task_marker_dag.py took 0.068 seconds
[2022-06-20 01:24:06,622] {processor.py:153} INFO - Started process (PID=265) to work on /home/airflow/.local/lib/python3.7/site-packages/airflow/example_dags/example_external_task_marker_dag.py
[2022-06-20 01:24:06,623] {processor.py:641} INFO - Processing file /home/airflow/.local/lib/python3.7/site-packages/airflow/example_dags/example_external_task_marker_dag.py for tasks to queue
[2022-06-20 01:24:06,624] {logging_mixin.py:115} INFO - [2022-06-20 01:24:06,624] {dagbag.py:507} INFO - Filling up the DagBag from /home/airflow/.local/lib/python3.7/site-packages/airflow/example_dags/example_external_task_marker_dag.py
[2022-06-20 01:24:06,628] {processor.py:651} INFO - DAG(s) dict_keys(['example_external_task_marker_parent', 'example_external_task_marker_child']) retrieved from /home/airflow/.local/lib/python3.7/site-packages/airflow/example_dags/example_external_task_marker_dag.py
[2022-06-20 01:24:06,656] {logging_mixin.py:115} INFO - [2022-06-20 01:24:06,656] {dag.py:2371} INFO - Sync 2 DAGs
[2022-06-20 01:24:06,670] {logging_mixin.py:115} INFO - [2022-06-20 01:24:06,669] {dag.py:2919} INFO - Setting next_dagrun for example_external_task_marker_child to None, run_after=None
[2022-06-20 01:24:06,671] {logging_mixin.py:115} INFO - [2022-06-20 01:24:06,671] {dag.py:2919} INFO - Setting next_dagrun for example_external_task_marker_parent to None, run_after=None
[2022-06-20 01:24:06,678] {processor.py:161} INFO - Processing /home/airflow/.local/lib/python3.7/site-packages/airflow/example_dags/example_external_task_marker_dag.py took 0.058 seconds
[2022-06-20 01:24:37,624] {processor.py:153} INFO - Started process (PID=337) to work on /home/airflow/.local/lib/python3.7/site-packages/airflow/example_dags/example_external_task_marker_dag.py
[2022-06-20 01:24:37,626] {processor.py:641} INFO - Processing file /home/airflow/.local/lib/python3.7/site-packages/airflow/example_dags/example_external_task_marker_dag.py for tasks to queue
[2022-06-20 01:24:37,628] {logging_mixin.py:115} INFO - [2022-06-20 01:24:37,628] {dagbag.py:507} INFO - Filling up the DagBag from /home/airflow/.local/lib/python3.7/site-packages/airflow/example_dags/example_external_task_marker_dag.py
[2022-06-20 01:24:37,635] {processor.py:651} INFO - DAG(s) dict_keys(['example_external_task_marker_parent', 'example_external_task_marker_child']) retrieved from /home/airflow/.local/lib/python3.7/site-packages/airflow/example_dags/example_external_task_marker_dag.py
[2022-06-20 01:24:37,670] {logging_mixin.py:115} INFO - [2022-06-20 01:24:37,670] {dag.py:2371} INFO - Sync 2 DAGs
[2022-06-20 01:24:37,685] {logging_mixin.py:115} INFO - [2022-06-20 01:24:37,685] {dag.py:2919} INFO - Setting next_dagrun for example_external_task_marker_child to None, run_after=None
[2022-06-20 01:24:37,687] {logging_mixin.py:115} INFO - [2022-06-20 01:24:37,687] {dag.py:2919} INFO - Setting next_dagrun for example_external_task_marker_parent to None, run_after=None
[2022-06-20 01:24:37,697] {processor.py:161} INFO - Processing /home/airflow/.local/lib/python3.7/site-packages/airflow/example_dags/example_external_task_marker_dag.py took 0.076 seconds
[2022-06-20 01:25:07,988] {processor.py:153} INFO - Started process (PID=408) to work on /home/airflow/.local/lib/python3.7/site-packages/airflow/example_dags/example_external_task_marker_dag.py
[2022-06-20 01:25:07,990] {processor.py:641} INFO - Processing file /home/airflow/.local/lib/python3.7/site-packages/airflow/example_dags/example_external_task_marker_dag.py for tasks to queue
[2022-06-20 01:25:07,991] {logging_mixin.py:115} INFO - [2022-06-20 01:25:07,991] {dagbag.py:507} INFO - Filling up the DagBag from /home/airflow/.local/lib/python3.7/site-packages/airflow/example_dags/example_external_task_marker_dag.py
[2022-06-20 01:25:07,994] {processor.py:651} INFO - DAG(s) dict_keys(['example_external_task_marker_parent', 'example_external_task_marker_child']) retrieved from /home/airflow/.local/lib/python3.7/site-packages/airflow/example_dags/example_external_task_marker_dag.py
[2022-06-20 01:25:08,022] {logging_mixin.py:115} INFO - [2022-06-20 01:25:08,022] {dag.py:2371} INFO - Sync 2 DAGs
[2022-06-20 01:25:08,035] {logging_mixin.py:115} INFO - [2022-06-20 01:25:08,035] {dag.py:2919} INFO - Setting next_dagrun for example_external_task_marker_child to None, run_after=None
[2022-06-20 01:25:08,036] {logging_mixin.py:115} INFO - [2022-06-20 01:25:08,036] {dag.py:2919} INFO - Setting next_dagrun for example_external_task_marker_parent to None, run_after=None
[2022-06-20 01:25:08,043] {processor.py:161} INFO - Processing /home/airflow/.local/lib/python3.7/site-packages/airflow/example_dags/example_external_task_marker_dag.py took 0.057 seconds
[2022-06-20 01:25:38,166] {processor.py:153} INFO - Started process (PID=480) to work on /home/airflow/.local/lib/python3.7/site-packages/airflow/example_dags/example_external_task_marker_dag.py
[2022-06-20 01:25:38,168] {processor.py:641} INFO - Processing file /home/airflow/.local/lib/python3.7/site-packages/airflow/example_dags/example_external_task_marker_dag.py for tasks to queue
[2022-06-20 01:25:38,170] {logging_mixin.py:115} INFO - [2022-06-20 01:25:38,170] {dagbag.py:507} INFO - Filling up the DagBag from /home/airflow/.local/lib/python3.7/site-packages/airflow/example_dags/example_external_task_marker_dag.py
[2022-06-20 01:25:38,173] {processor.py:651} INFO - DAG(s) dict_keys(['example_external_task_marker_parent', 'example_external_task_marker_child']) retrieved from /home/airflow/.local/lib/python3.7/site-packages/airflow/example_dags/example_external_task_marker_dag.py
[2022-06-20 01:25:38,209] {logging_mixin.py:115} INFO - [2022-06-20 01:25:38,209] {dag.py:2371} INFO - Sync 2 DAGs
[2022-06-20 01:25:38,224] {logging_mixin.py:115} INFO - [2022-06-20 01:25:38,224] {dag.py:2919} INFO - Setting next_dagrun for example_external_task_marker_child to None, run_after=None
[2022-06-20 01:25:38,226] {logging_mixin.py:115} INFO - [2022-06-20 01:25:38,226] {dag.py:2919} INFO - Setting next_dagrun for example_external_task_marker_parent to None, run_after=None
[2022-06-20 01:25:38,239] {processor.py:161} INFO - Processing /home/airflow/.local/lib/python3.7/site-packages/airflow/example_dags/example_external_task_marker_dag.py took 0.075 seconds
[2022-06-20 01:26:08,452] {processor.py:153} INFO - Started process (PID=551) to work on /home/airflow/.local/lib/python3.7/site-packages/airflow/example_dags/example_external_task_marker_dag.py
[2022-06-20 01:26:08,454] {processor.py:641} INFO - Processing file /home/airflow/.local/lib/python3.7/site-packages/airflow/example_dags/example_external_task_marker_dag.py for tasks to queue
[2022-06-20 01:26:08,455] {logging_mixin.py:115} INFO - [2022-06-20 01:26:08,455] {dagbag.py:507} INFO - Filling up the DagBag from /home/airflow/.local/lib/python3.7/site-packages/airflow/example_dags/example_external_task_marker_dag.py
[2022-06-20 01:26:08,459] {processor.py:651} INFO - DAG(s) dict_keys(['example_external_task_marker_parent', 'example_external_task_marker_child']) retrieved from /home/airflow/.local/lib/python3.7/site-packages/airflow/example_dags/example_external_task_marker_dag.py
[2022-06-20 01:26:08,491] {logging_mixin.py:115} INFO - [2022-06-20 01:26:08,490] {dag.py:2371} INFO - Sync 2 DAGs
[2022-06-20 01:26:08,505] {logging_mixin.py:115} INFO - [2022-06-20 01:26:08,505] {dag.py:2919} INFO - Setting next_dagrun for example_external_task_marker_child to None, run_after=None
[2022-06-20 01:26:08,508] {logging_mixin.py:115} INFO - [2022-06-20 01:26:08,508] {dag.py:2919} INFO - Setting next_dagrun for example_external_task_marker_parent to None, run_after=None
[2022-06-20 01:26:08,516] {processor.py:161} INFO - Processing /home/airflow/.local/lib/python3.7/site-packages/airflow/example_dags/example_external_task_marker_dag.py took 0.066 seconds
[2022-06-20 01:26:39,177] {processor.py:153} INFO - Started process (PID=622) to work on /home/airflow/.local/lib/python3.7/site-packages/airflow/example_dags/example_external_task_marker_dag.py
[2022-06-20 01:26:39,181] {processor.py:641} INFO - Processing file /home/airflow/.local/lib/python3.7/site-packages/airflow/example_dags/example_external_task_marker_dag.py for tasks to queue
[2022-06-20 01:26:39,184] {logging_mixin.py:115} INFO - [2022-06-20 01:26:39,184] {dagbag.py:507} INFO - Filling up the DagBag from /home/airflow/.local/lib/python3.7/site-packages/airflow/example_dags/example_external_task_marker_dag.py
[2022-06-20 01:26:39,192] {processor.py:651} INFO - DAG(s) dict_keys(['example_external_task_marker_parent', 'example_external_task_marker_child']) retrieved from /home/airflow/.local/lib/python3.7/site-packages/airflow/example_dags/example_external_task_marker_dag.py
[2022-06-20 01:26:39,254] {logging_mixin.py:115} INFO - [2022-06-20 01:26:39,254] {dag.py:2371} INFO - Sync 2 DAGs
[2022-06-20 01:26:39,281] {logging_mixin.py:115} INFO - [2022-06-20 01:26:39,281] {dag.py:2919} INFO - Setting next_dagrun for example_external_task_marker_child to None, run_after=None
[2022-06-20 01:26:39,286] {logging_mixin.py:115} INFO - [2022-06-20 01:26:39,286] {dag.py:2919} INFO - Setting next_dagrun for example_external_task_marker_parent to None, run_after=None
[2022-06-20 01:26:39,318] {processor.py:161} INFO - Processing /home/airflow/.local/lib/python3.7/site-packages/airflow/example_dags/example_external_task_marker_dag.py took 0.144 seconds
[2022-06-20 01:27:09,579] {processor.py:153} INFO - Started process (PID=684) to work on /home/airflow/.local/lib/python3.7/site-packages/airflow/example_dags/example_external_task_marker_dag.py
[2022-06-20 01:27:09,580] {processor.py:641} INFO - Processing file /home/airflow/.local/lib/python3.7/site-packages/airflow/example_dags/example_external_task_marker_dag.py for tasks to queue
[2022-06-20 01:27:09,581] {logging_mixin.py:115} INFO - [2022-06-20 01:27:09,581] {dagbag.py:507} INFO - Filling up the DagBag from /home/airflow/.local/lib/python3.7/site-packages/airflow/example_dags/example_external_task_marker_dag.py
[2022-06-20 01:27:09,584] {processor.py:651} INFO - DAG(s) dict_keys(['example_external_task_marker_parent', 'example_external_task_marker_child']) retrieved from /home/airflow/.local/lib/python3.7/site-packages/airflow/example_dags/example_external_task_marker_dag.py
[2022-06-20 01:27:09,615] {logging_mixin.py:115} INFO - [2022-06-20 01:27:09,615] {dag.py:2371} INFO - Sync 2 DAGs
[2022-06-20 01:27:09,629] {logging_mixin.py:115} INFO - [2022-06-20 01:27:09,629] {dag.py:2919} INFO - Setting next_dagrun for example_external_task_marker_child to None, run_after=None
[2022-06-20 01:27:09,631] {logging_mixin.py:115} INFO - [2022-06-20 01:27:09,631] {dag.py:2919} INFO - Setting next_dagrun for example_external_task_marker_parent to None, run_after=None
[2022-06-20 01:27:09,639] {processor.py:161} INFO - Processing /home/airflow/.local/lib/python3.7/site-packages/airflow/example_dags/example_external_task_marker_dag.py took 0.064 seconds
[2022-06-20 01:27:39,839] {processor.py:153} INFO - Started process (PID=756) to work on /home/airflow/.local/lib/python3.7/site-packages/airflow/example_dags/example_external_task_marker_dag.py
[2022-06-20 01:27:39,841] {processor.py:641} INFO - Processing file /home/airflow/.local/lib/python3.7/site-packages/airflow/example_dags/example_external_task_marker_dag.py for tasks to queue
[2022-06-20 01:27:39,842] {logging_mixin.py:115} INFO - [2022-06-20 01:27:39,842] {dagbag.py:507} INFO - Filling up the DagBag from /home/airflow/.local/lib/python3.7/site-packages/airflow/example_dags/example_external_task_marker_dag.py
[2022-06-20 01:27:39,846] {processor.py:651} INFO - DAG(s) dict_keys(['example_external_task_marker_parent', 'example_external_task_marker_child']) retrieved from /home/airflow/.local/lib/python3.7/site-packages/airflow/example_dags/example_external_task_marker_dag.py
[2022-06-20 01:27:39,873] {logging_mixin.py:115} INFO - [2022-06-20 01:27:39,873] {dag.py:2371} INFO - Sync 2 DAGs
[2022-06-20 01:27:39,884] {logging_mixin.py:115} INFO - [2022-06-20 01:27:39,884] {dag.py:2919} INFO - Setting next_dagrun for example_external_task_marker_child to None, run_after=None
[2022-06-20 01:27:39,886] {logging_mixin.py:115} INFO - [2022-06-20 01:27:39,885] {dag.py:2919} INFO - Setting next_dagrun for example_external_task_marker_parent to None, run_after=None
[2022-06-20 01:27:39,893] {processor.py:161} INFO - Processing /home/airflow/.local/lib/python3.7/site-packages/airflow/example_dags/example_external_task_marker_dag.py took 0.056 seconds
[2022-06-20 01:28:10,086] {processor.py:153} INFO - Started process (PID=828) to work on /home/airflow/.local/lib/python3.7/site-packages/airflow/example_dags/example_external_task_marker_dag.py
[2022-06-20 01:28:10,088] {processor.py:641} INFO - Processing file /home/airflow/.local/lib/python3.7/site-packages/airflow/example_dags/example_external_task_marker_dag.py for tasks to queue
[2022-06-20 01:28:10,090] {logging_mixin.py:115} INFO - [2022-06-20 01:28:10,090] {dagbag.py:507} INFO - Filling up the DagBag from /home/airflow/.local/lib/python3.7/site-packages/airflow/example_dags/example_external_task_marker_dag.py
[2022-06-20 01:28:10,093] {processor.py:651} INFO - DAG(s) dict_keys(['example_external_task_marker_parent', 'example_external_task_marker_child']) retrieved from /home/airflow/.local/lib/python3.7/site-packages/airflow/example_dags/example_external_task_marker_dag.py
[2022-06-20 01:28:10,124] {logging_mixin.py:115} INFO - [2022-06-20 01:28:10,124] {dag.py:2371} INFO - Sync 2 DAGs
[2022-06-20 01:28:10,137] {logging_mixin.py:115} INFO - [2022-06-20 01:28:10,137] {dag.py:2919} INFO - Setting next_dagrun for example_external_task_marker_child to None, run_after=None
[2022-06-20 01:28:10,138] {logging_mixin.py:115} INFO - [2022-06-20 01:28:10,138] {dag.py:2919} INFO - Setting next_dagrun for example_external_task_marker_parent to None, run_after=None
[2022-06-20 01:28:10,147] {processor.py:161} INFO - Processing /home/airflow/.local/lib/python3.7/site-packages/airflow/example_dags/example_external_task_marker_dag.py took 0.063 seconds
[2022-06-20 01:28:40,629] {processor.py:153} INFO - Started process (PID=900) to work on /home/airflow/.local/lib/python3.7/site-packages/airflow/example_dags/example_external_task_marker_dag.py
[2022-06-20 01:28:40,639] {processor.py:641} INFO - Processing file /home/airflow/.local/lib/python3.7/site-packages/airflow/example_dags/example_external_task_marker_dag.py for tasks to queue
[2022-06-20 01:28:40,643] {logging_mixin.py:115} INFO - [2022-06-20 01:28:40,643] {dagbag.py:507} INFO - Filling up the DagBag from /home/airflow/.local/lib/python3.7/site-packages/airflow/example_dags/example_external_task_marker_dag.py
[2022-06-20 01:28:40,655] {processor.py:651} INFO - DAG(s) dict_keys(['example_external_task_marker_parent', 'example_external_task_marker_child']) retrieved from /home/airflow/.local/lib/python3.7/site-packages/airflow/example_dags/example_external_task_marker_dag.py
[2022-06-20 01:28:40,748] {logging_mixin.py:115} INFO - [2022-06-20 01:28:40,748] {dag.py:2371} INFO - Sync 2 DAGs
[2022-06-20 01:28:40,789] {logging_mixin.py:115} INFO - [2022-06-20 01:28:40,789] {dag.py:2919} INFO - Setting next_dagrun for example_external_task_marker_child to None, run_after=None
[2022-06-20 01:28:40,794] {logging_mixin.py:115} INFO - [2022-06-20 01:28:40,793] {dag.py:2919} INFO - Setting next_dagrun for example_external_task_marker_parent to None, run_after=None
[2022-06-20 01:28:40,815] {processor.py:161} INFO - Processing /home/airflow/.local/lib/python3.7/site-packages/airflow/example_dags/example_external_task_marker_dag.py took 0.194 seconds
[2022-06-20 01:29:10,977] {processor.py:153} INFO - Started process (PID=971) to work on /home/airflow/.local/lib/python3.7/site-packages/airflow/example_dags/example_external_task_marker_dag.py
[2022-06-20 01:29:10,978] {processor.py:641} INFO - Processing file /home/airflow/.local/lib/python3.7/site-packages/airflow/example_dags/example_external_task_marker_dag.py for tasks to queue
[2022-06-20 01:29:10,979] {logging_mixin.py:115} INFO - [2022-06-20 01:29:10,979] {dagbag.py:507} INFO - Filling up the DagBag from /home/airflow/.local/lib/python3.7/site-packages/airflow/example_dags/example_external_task_marker_dag.py
[2022-06-20 01:29:10,982] {processor.py:651} INFO - DAG(s) dict_keys(['example_external_task_marker_parent', 'example_external_task_marker_child']) retrieved from /home/airflow/.local/lib/python3.7/site-packages/airflow/example_dags/example_external_task_marker_dag.py
[2022-06-20 01:29:11,006] {logging_mixin.py:115} INFO - [2022-06-20 01:29:11,006] {dag.py:2371} INFO - Sync 2 DAGs
[2022-06-20 01:29:11,016] {logging_mixin.py:115} INFO - [2022-06-20 01:29:11,016] {dag.py:2919} INFO - Setting next_dagrun for example_external_task_marker_child to None, run_after=None
[2022-06-20 01:29:11,018] {logging_mixin.py:115} INFO - [2022-06-20 01:29:11,018] {dag.py:2919} INFO - Setting next_dagrun for example_external_task_marker_parent to None, run_after=None
[2022-06-20 01:29:11,024] {processor.py:161} INFO - Processing /home/airflow/.local/lib/python3.7/site-packages/airflow/example_dags/example_external_task_marker_dag.py took 0.049 seconds
[2022-06-20 01:29:41,088] {processor.py:153} INFO - Started process (PID=1032) to work on /home/airflow/.local/lib/python3.7/site-packages/airflow/example_dags/example_external_task_marker_dag.py
[2022-06-20 01:29:41,089] {processor.py:641} INFO - Processing file /home/airflow/.local/lib/python3.7/site-packages/airflow/example_dags/example_external_task_marker_dag.py for tasks to queue
[2022-06-20 01:29:41,090] {logging_mixin.py:115} INFO - [2022-06-20 01:29:41,090] {dagbag.py:507} INFO - Filling up the DagBag from /home/airflow/.local/lib/python3.7/site-packages/airflow/example_dags/example_external_task_marker_dag.py
[2022-06-20 01:29:41,094] {processor.py:651} INFO - DAG(s) dict_keys(['example_external_task_marker_parent', 'example_external_task_marker_child']) retrieved from /home/airflow/.local/lib/python3.7/site-packages/airflow/example_dags/example_external_task_marker_dag.py
[2022-06-20 01:29:41,123] {logging_mixin.py:115} INFO - [2022-06-20 01:29:41,123] {dag.py:2371} INFO - Sync 2 DAGs
[2022-06-20 01:29:41,134] {logging_mixin.py:115} INFO - [2022-06-20 01:29:41,134] {dag.py:2919} INFO - Setting next_dagrun for example_external_task_marker_child to None, run_after=None
[2022-06-20 01:29:41,135] {logging_mixin.py:115} INFO - [2022-06-20 01:29:41,135] {dag.py:2919} INFO - Setting next_dagrun for example_external_task_marker_parent to None, run_after=None
[2022-06-20 01:29:41,142] {processor.py:161} INFO - Processing /home/airflow/.local/lib/python3.7/site-packages/airflow/example_dags/example_external_task_marker_dag.py took 0.056 seconds
[2022-06-20 01:30:11,299] {processor.py:153} INFO - Started process (PID=1104) to work on /home/airflow/.local/lib/python3.7/site-packages/airflow/example_dags/example_external_task_marker_dag.py
[2022-06-20 01:30:11,303] {processor.py:641} INFO - Processing file /home/airflow/.local/lib/python3.7/site-packages/airflow/example_dags/example_external_task_marker_dag.py for tasks to queue
[2022-06-20 01:30:11,304] {logging_mixin.py:115} INFO - [2022-06-20 01:30:11,304] {dagbag.py:507} INFO - Filling up the DagBag from /home/airflow/.local/lib/python3.7/site-packages/airflow/example_dags/example_external_task_marker_dag.py
[2022-06-20 01:30:11,307] {processor.py:651} INFO - DAG(s) dict_keys(['example_external_task_marker_parent', 'example_external_task_marker_child']) retrieved from /home/airflow/.local/lib/python3.7/site-packages/airflow/example_dags/example_external_task_marker_dag.py
[2022-06-20 01:30:11,338] {logging_mixin.py:115} INFO - [2022-06-20 01:30:11,338] {dag.py:2371} INFO - Sync 2 DAGs
[2022-06-20 01:30:11,364] {logging_mixin.py:115} INFO - [2022-06-20 01:30:11,364] {dag.py:2919} INFO - Setting next_dagrun for example_external_task_marker_child to None, run_after=None
[2022-06-20 01:30:11,367] {logging_mixin.py:115} INFO - [2022-06-20 01:30:11,366] {dag.py:2919} INFO - Setting next_dagrun for example_external_task_marker_parent to None, run_after=None
[2022-06-20 01:30:11,377] {processor.py:161} INFO - Processing /home/airflow/.local/lib/python3.7/site-packages/airflow/example_dags/example_external_task_marker_dag.py took 0.081 seconds
[2022-06-20 01:30:41,476] {processor.py:153} INFO - Started process (PID=1175) to work on /home/airflow/.local/lib/python3.7/site-packages/airflow/example_dags/example_external_task_marker_dag.py
[2022-06-20 01:30:41,477] {processor.py:641} INFO - Processing file /home/airflow/.local/lib/python3.7/site-packages/airflow/example_dags/example_external_task_marker_dag.py for tasks to queue
[2022-06-20 01:30:41,479] {logging_mixin.py:115} INFO - [2022-06-20 01:30:41,479] {dagbag.py:507} INFO - Filling up the DagBag from /home/airflow/.local/lib/python3.7/site-packages/airflow/example_dags/example_external_task_marker_dag.py
[2022-06-20 01:30:41,483] {processor.py:651} INFO - DAG(s) dict_keys(['example_external_task_marker_parent', 'example_external_task_marker_child']) retrieved from /home/airflow/.local/lib/python3.7/site-packages/airflow/example_dags/example_external_task_marker_dag.py
[2022-06-20 01:30:41,513] {logging_mixin.py:115} INFO - [2022-06-20 01:30:41,513] {dag.py:2371} INFO - Sync 2 DAGs
[2022-06-20 01:30:41,524] {logging_mixin.py:115} INFO - [2022-06-20 01:30:41,524] {dag.py:2919} INFO - Setting next_dagrun for example_external_task_marker_child to None, run_after=None
[2022-06-20 01:30:41,525] {logging_mixin.py:115} INFO - [2022-06-20 01:30:41,525] {dag.py:2919} INFO - Setting next_dagrun for example_external_task_marker_parent to None, run_after=None
[2022-06-20 01:30:41,532] {processor.py:161} INFO - Processing /home/airflow/.local/lib/python3.7/site-packages/airflow/example_dags/example_external_task_marker_dag.py took 0.058 seconds
[2022-06-20 01:31:11,940] {processor.py:153} INFO - Started process (PID=1248) to work on /home/airflow/.local/lib/python3.7/site-packages/airflow/example_dags/example_external_task_marker_dag.py
[2022-06-20 01:31:11,942] {processor.py:641} INFO - Processing file /home/airflow/.local/lib/python3.7/site-packages/airflow/example_dags/example_external_task_marker_dag.py for tasks to queue
[2022-06-20 01:31:11,943] {logging_mixin.py:115} INFO - [2022-06-20 01:31:11,943] {dagbag.py:507} INFO - Filling up the DagBag from /home/airflow/.local/lib/python3.7/site-packages/airflow/example_dags/example_external_task_marker_dag.py
[2022-06-20 01:31:11,946] {processor.py:651} INFO - DAG(s) dict_keys(['example_external_task_marker_parent', 'example_external_task_marker_child']) retrieved from /home/airflow/.local/lib/python3.7/site-packages/airflow/example_dags/example_external_task_marker_dag.py
[2022-06-20 01:31:11,975] {logging_mixin.py:115} INFO - [2022-06-20 01:31:11,975] {dag.py:2371} INFO - Sync 2 DAGs
[2022-06-20 01:31:11,986] {logging_mixin.py:115} INFO - [2022-06-20 01:31:11,986] {dag.py:2919} INFO - Setting next_dagrun for example_external_task_marker_child to None, run_after=None
[2022-06-20 01:31:11,987] {logging_mixin.py:115} INFO - [2022-06-20 01:31:11,987] {dag.py:2919} INFO - Setting next_dagrun for example_external_task_marker_parent to None, run_after=None
[2022-06-20 01:31:11,994] {processor.py:161} INFO - Processing /home/airflow/.local/lib/python3.7/site-packages/airflow/example_dags/example_external_task_marker_dag.py took 0.056 seconds
[2022-06-20 01:31:42,376] {processor.py:153} INFO - Started process (PID=1320) to work on /home/airflow/.local/lib/python3.7/site-packages/airflow/example_dags/example_external_task_marker_dag.py
[2022-06-20 01:31:42,377] {processor.py:641} INFO - Processing file /home/airflow/.local/lib/python3.7/site-packages/airflow/example_dags/example_external_task_marker_dag.py for tasks to queue
[2022-06-20 01:31:42,378] {logging_mixin.py:115} INFO - [2022-06-20 01:31:42,378] {dagbag.py:507} INFO - Filling up the DagBag from /home/airflow/.local/lib/python3.7/site-packages/airflow/example_dags/example_external_task_marker_dag.py
[2022-06-20 01:31:42,382] {processor.py:651} INFO - DAG(s) dict_keys(['example_external_task_marker_parent', 'example_external_task_marker_child']) retrieved from /home/airflow/.local/lib/python3.7/site-packages/airflow/example_dags/example_external_task_marker_dag.py
[2022-06-20 01:31:42,412] {logging_mixin.py:115} INFO - [2022-06-20 01:31:42,412] {dag.py:2371} INFO - Sync 2 DAGs
[2022-06-20 01:31:42,425] {logging_mixin.py:115} INFO - [2022-06-20 01:31:42,425] {dag.py:2919} INFO - Setting next_dagrun for example_external_task_marker_child to None, run_after=None
[2022-06-20 01:31:42,427] {logging_mixin.py:115} INFO - [2022-06-20 01:31:42,427] {dag.py:2919} INFO - Setting next_dagrun for example_external_task_marker_parent to None, run_after=None
[2022-06-20 01:31:42,434] {processor.py:161} INFO - Processing /home/airflow/.local/lib/python3.7/site-packages/airflow/example_dags/example_external_task_marker_dag.py took 0.061 seconds
[2022-06-20 01:32:12,628] {processor.py:153} INFO - Started process (PID=1382) to work on /home/airflow/.local/lib/python3.7/site-packages/airflow/example_dags/example_external_task_marker_dag.py
[2022-06-20 01:32:12,629] {processor.py:641} INFO - Processing file /home/airflow/.local/lib/python3.7/site-packages/airflow/example_dags/example_external_task_marker_dag.py for tasks to queue
[2022-06-20 01:32:12,631] {logging_mixin.py:115} INFO - [2022-06-20 01:32:12,631] {dagbag.py:507} INFO - Filling up the DagBag from /home/airflow/.local/lib/python3.7/site-packages/airflow/example_dags/example_external_task_marker_dag.py
[2022-06-20 01:32:12,635] {processor.py:651} INFO - DAG(s) dict_keys(['example_external_task_marker_parent', 'example_external_task_marker_child']) retrieved from /home/airflow/.local/lib/python3.7/site-packages/airflow/example_dags/example_external_task_marker_dag.py
[2022-06-20 01:32:12,662] {logging_mixin.py:115} INFO - [2022-06-20 01:32:12,662] {dag.py:2371} INFO - Sync 2 DAGs
[2022-06-20 01:32:12,673] {logging_mixin.py:115} INFO - [2022-06-20 01:32:12,673] {dag.py:2919} INFO - Setting next_dagrun for example_external_task_marker_child to None, run_after=None
[2022-06-20 01:32:12,674] {logging_mixin.py:115} INFO - [2022-06-20 01:32:12,674] {dag.py:2919} INFO - Setting next_dagrun for example_external_task_marker_parent to None, run_after=None
[2022-06-20 01:32:12,681] {processor.py:161} INFO - Processing /home/airflow/.local/lib/python3.7/site-packages/airflow/example_dags/example_external_task_marker_dag.py took 0.055 seconds
[2022-06-20 01:32:43,149] {processor.py:153} INFO - Started process (PID=1459) to work on /home/airflow/.local/lib/python3.7/site-packages/airflow/example_dags/example_external_task_marker_dag.py
[2022-06-20 01:32:43,152] {processor.py:641} INFO - Processing file /home/airflow/.local/lib/python3.7/site-packages/airflow/example_dags/example_external_task_marker_dag.py for tasks to queue
[2022-06-20 01:32:43,153] {logging_mixin.py:115} INFO - [2022-06-20 01:32:43,153] {dagbag.py:507} INFO - Filling up the DagBag from /home/airflow/.local/lib/python3.7/site-packages/airflow/example_dags/example_external_task_marker_dag.py
[2022-06-20 01:32:43,158] {processor.py:651} INFO - DAG(s) dict_keys(['example_external_task_marker_parent', 'example_external_task_marker_child']) retrieved from /home/airflow/.local/lib/python3.7/site-packages/airflow/example_dags/example_external_task_marker_dag.py
[2022-06-20 01:32:43,214] {logging_mixin.py:115} INFO - [2022-06-20 01:32:43,214] {dag.py:2371} INFO - Sync 2 DAGs
[2022-06-20 01:32:43,232] {logging_mixin.py:115} INFO - [2022-06-20 01:32:43,232] {dag.py:2919} INFO - Setting next_dagrun for example_external_task_marker_child to None, run_after=None
[2022-06-20 01:32:43,233] {logging_mixin.py:115} INFO - [2022-06-20 01:32:43,233] {dag.py:2919} INFO - Setting next_dagrun for example_external_task_marker_parent to None, run_after=None
[2022-06-20 01:32:43,244] {processor.py:161} INFO - Processing /home/airflow/.local/lib/python3.7/site-packages/airflow/example_dags/example_external_task_marker_dag.py took 0.098 seconds
[2022-06-20 01:33:13,839] {processor.py:153} INFO - Started process (PID=1536) to work on /home/airflow/.local/lib/python3.7/site-packages/airflow/example_dags/example_external_task_marker_dag.py
[2022-06-20 01:33:13,845] {processor.py:641} INFO - Processing file /home/airflow/.local/lib/python3.7/site-packages/airflow/example_dags/example_external_task_marker_dag.py for tasks to queue
[2022-06-20 01:33:13,849] {logging_mixin.py:115} INFO - [2022-06-20 01:33:13,849] {dagbag.py:507} INFO - Filling up the DagBag from /home/airflow/.local/lib/python3.7/site-packages/airflow/example_dags/example_external_task_marker_dag.py
[2022-06-20 01:33:13,861] {processor.py:651} INFO - DAG(s) dict_keys(['example_external_task_marker_parent', 'example_external_task_marker_child']) retrieved from /home/airflow/.local/lib/python3.7/site-packages/airflow/example_dags/example_external_task_marker_dag.py
[2022-06-20 01:33:13,932] {logging_mixin.py:115} INFO - [2022-06-20 01:33:13,932] {dag.py:2371} INFO - Sync 2 DAGs
[2022-06-20 01:33:13,971] {logging_mixin.py:115} INFO - [2022-06-20 01:33:13,971] {dag.py:2919} INFO - Setting next_dagrun for example_external_task_marker_child to None, run_after=None
[2022-06-20 01:33:13,976] {logging_mixin.py:115} INFO - [2022-06-20 01:33:13,975] {dag.py:2919} INFO - Setting next_dagrun for example_external_task_marker_parent to None, run_after=None
[2022-06-20 01:33:14,009] {processor.py:161} INFO - Processing /home/airflow/.local/lib/python3.7/site-packages/airflow/example_dags/example_external_task_marker_dag.py took 0.176 seconds
[2022-06-20 01:33:39,349] {processor.py:153} INFO - Started process (PID=47) to work on /home/airflow/.local/lib/python3.7/site-packages/airflow/example_dags/example_external_task_marker_dag.py
[2022-06-20 01:33:39,354] {processor.py:641} INFO - Processing file /home/airflow/.local/lib/python3.7/site-packages/airflow/example_dags/example_external_task_marker_dag.py for tasks to queue
[2022-06-20 01:33:39,357] {logging_mixin.py:115} INFO - [2022-06-20 01:33:39,357] {dagbag.py:507} INFO - Filling up the DagBag from /home/airflow/.local/lib/python3.7/site-packages/airflow/example_dags/example_external_task_marker_dag.py
[2022-06-20 01:33:39,364] {processor.py:651} INFO - DAG(s) dict_keys(['example_external_task_marker_parent', 'example_external_task_marker_child']) retrieved from /home/airflow/.local/lib/python3.7/site-packages/airflow/example_dags/example_external_task_marker_dag.py
[2022-06-20 01:33:39,419] {logging_mixin.py:115} INFO - [2022-06-20 01:33:39,419] {dag.py:2371} INFO - Sync 2 DAGs
[2022-06-20 01:33:39,440] {logging_mixin.py:115} INFO - [2022-06-20 01:33:39,440] {dag.py:2919} INFO - Setting next_dagrun for example_external_task_marker_child to None, run_after=None
[2022-06-20 01:33:39,442] {logging_mixin.py:115} INFO - [2022-06-20 01:33:39,442] {dag.py:2919} INFO - Setting next_dagrun for example_external_task_marker_parent to None, run_after=None
[2022-06-20 01:33:39,469] {processor.py:161} INFO - Processing /home/airflow/.local/lib/python3.7/site-packages/airflow/example_dags/example_external_task_marker_dag.py took 0.123 seconds
[2022-06-20 01:34:09,528] {processor.py:153} INFO - Started process (PID=121) to work on /home/airflow/.local/lib/python3.7/site-packages/airflow/example_dags/example_external_task_marker_dag.py
[2022-06-20 01:34:09,532] {processor.py:641} INFO - Processing file /home/airflow/.local/lib/python3.7/site-packages/airflow/example_dags/example_external_task_marker_dag.py for tasks to queue
[2022-06-20 01:34:09,536] {logging_mixin.py:115} INFO - [2022-06-20 01:34:09,536] {dagbag.py:507} INFO - Filling up the DagBag from /home/airflow/.local/lib/python3.7/site-packages/airflow/example_dags/example_external_task_marker_dag.py
[2022-06-20 01:34:09,542] {processor.py:651} INFO - DAG(s) dict_keys(['example_external_task_marker_parent', 'example_external_task_marker_child']) retrieved from /home/airflow/.local/lib/python3.7/site-packages/airflow/example_dags/example_external_task_marker_dag.py
[2022-06-20 01:34:09,581] {logging_mixin.py:115} INFO - [2022-06-20 01:34:09,581] {dag.py:2371} INFO - Sync 2 DAGs
[2022-06-20 01:34:09,596] {logging_mixin.py:115} INFO - [2022-06-20 01:34:09,596] {dag.py:2919} INFO - Setting next_dagrun for example_external_task_marker_child to None, run_after=None
[2022-06-20 01:34:09,598] {logging_mixin.py:115} INFO - [2022-06-20 01:34:09,597] {dag.py:2919} INFO - Setting next_dagrun for example_external_task_marker_parent to None, run_after=None
[2022-06-20 01:34:09,607] {processor.py:161} INFO - Processing /home/airflow/.local/lib/python3.7/site-packages/airflow/example_dags/example_external_task_marker_dag.py took 0.082 seconds
[2022-06-20 01:34:41,166] {processor.py:153} INFO - Started process (PID=264) to work on /home/airflow/.local/lib/python3.7/site-packages/airflow/example_dags/example_external_task_marker_dag.py
[2022-06-20 01:34:41,172] {processor.py:641} INFO - Processing file /home/airflow/.local/lib/python3.7/site-packages/airflow/example_dags/example_external_task_marker_dag.py for tasks to queue
[2022-06-20 01:34:41,178] {logging_mixin.py:115} INFO - [2022-06-20 01:34:41,178] {dagbag.py:507} INFO - Filling up the DagBag from /home/airflow/.local/lib/python3.7/site-packages/airflow/example_dags/example_external_task_marker_dag.py
[2022-06-20 01:34:41,187] {processor.py:651} INFO - DAG(s) dict_keys(['example_external_task_marker_parent', 'example_external_task_marker_child']) retrieved from /home/airflow/.local/lib/python3.7/site-packages/airflow/example_dags/example_external_task_marker_dag.py
[2022-06-20 01:34:41,242] {logging_mixin.py:115} INFO - [2022-06-20 01:34:41,242] {dag.py:2371} INFO - Sync 2 DAGs
[2022-06-20 01:34:41,272] {logging_mixin.py:115} INFO - [2022-06-20 01:34:41,272] {dag.py:2919} INFO - Setting next_dagrun for example_external_task_marker_child to None, run_after=None
[2022-06-20 01:34:41,274] {logging_mixin.py:115} INFO - [2022-06-20 01:34:41,274] {dag.py:2919} INFO - Setting next_dagrun for example_external_task_marker_parent to None, run_after=None
[2022-06-20 01:34:41,291] {processor.py:161} INFO - Processing /home/airflow/.local/lib/python3.7/site-packages/airflow/example_dags/example_external_task_marker_dag.py took 0.129 seconds
[2022-06-20 01:35:11,649] {processor.py:153} INFO - Started process (PID=340) to work on /home/airflow/.local/lib/python3.7/site-packages/airflow/example_dags/example_external_task_marker_dag.py
[2022-06-20 01:35:11,651] {processor.py:641} INFO - Processing file /home/airflow/.local/lib/python3.7/site-packages/airflow/example_dags/example_external_task_marker_dag.py for tasks to queue
[2022-06-20 01:35:11,653] {logging_mixin.py:115} INFO - [2022-06-20 01:35:11,653] {dagbag.py:507} INFO - Filling up the DagBag from /home/airflow/.local/lib/python3.7/site-packages/airflow/example_dags/example_external_task_marker_dag.py
[2022-06-20 01:35:11,657] {processor.py:651} INFO - DAG(s) dict_keys(['example_external_task_marker_parent', 'example_external_task_marker_child']) retrieved from /home/airflow/.local/lib/python3.7/site-packages/airflow/example_dags/example_external_task_marker_dag.py
[2022-06-20 01:35:11,690] {logging_mixin.py:115} INFO - [2022-06-20 01:35:11,689] {dag.py:2371} INFO - Sync 2 DAGs
[2022-06-20 01:35:11,703] {logging_mixin.py:115} INFO - [2022-06-20 01:35:11,703] {dag.py:2919} INFO - Setting next_dagrun for example_external_task_marker_child to None, run_after=None
[2022-06-20 01:35:11,704] {logging_mixin.py:115} INFO - [2022-06-20 01:35:11,704] {dag.py:2919} INFO - Setting next_dagrun for example_external_task_marker_parent to None, run_after=None
[2022-06-20 01:35:11,713] {processor.py:161} INFO - Processing /home/airflow/.local/lib/python3.7/site-packages/airflow/example_dags/example_external_task_marker_dag.py took 0.066 seconds
[2022-06-20 01:35:42,186] {processor.py:153} INFO - Started process (PID=406) to work on /home/airflow/.local/lib/python3.7/site-packages/airflow/example_dags/example_external_task_marker_dag.py
[2022-06-20 01:35:42,188] {processor.py:641} INFO - Processing file /home/airflow/.local/lib/python3.7/site-packages/airflow/example_dags/example_external_task_marker_dag.py for tasks to queue
[2022-06-20 01:35:42,189] {logging_mixin.py:115} INFO - [2022-06-20 01:35:42,189] {dagbag.py:507} INFO - Filling up the DagBag from /home/airflow/.local/lib/python3.7/site-packages/airflow/example_dags/example_external_task_marker_dag.py
[2022-06-20 01:35:42,192] {processor.py:651} INFO - DAG(s) dict_keys(['example_external_task_marker_parent', 'example_external_task_marker_child']) retrieved from /home/airflow/.local/lib/python3.7/site-packages/airflow/example_dags/example_external_task_marker_dag.py
[2022-06-20 01:35:42,221] {logging_mixin.py:115} INFO - [2022-06-20 01:35:42,221] {dag.py:2371} INFO - Sync 2 DAGs
[2022-06-20 01:35:42,235] {logging_mixin.py:115} INFO - [2022-06-20 01:35:42,235] {dag.py:2919} INFO - Setting next_dagrun for example_external_task_marker_child to None, run_after=None
[2022-06-20 01:35:42,236] {logging_mixin.py:115} INFO - [2022-06-20 01:35:42,236] {dag.py:2919} INFO - Setting next_dagrun for example_external_task_marker_parent to None, run_after=None
[2022-06-20 01:35:42,245] {processor.py:161} INFO - Processing /home/airflow/.local/lib/python3.7/site-packages/airflow/example_dags/example_external_task_marker_dag.py took 0.061 seconds
[2022-06-20 01:36:12,681] {processor.py:153} INFO - Started process (PID=481) to work on /home/airflow/.local/lib/python3.7/site-packages/airflow/example_dags/example_external_task_marker_dag.py
[2022-06-20 01:36:12,684] {processor.py:641} INFO - Processing file /home/airflow/.local/lib/python3.7/site-packages/airflow/example_dags/example_external_task_marker_dag.py for tasks to queue
[2022-06-20 01:36:12,685] {logging_mixin.py:115} INFO - [2022-06-20 01:36:12,685] {dagbag.py:507} INFO - Filling up the DagBag from /home/airflow/.local/lib/python3.7/site-packages/airflow/example_dags/example_external_task_marker_dag.py
[2022-06-20 01:36:12,689] {processor.py:651} INFO - DAG(s) dict_keys(['example_external_task_marker_parent', 'example_external_task_marker_child']) retrieved from /home/airflow/.local/lib/python3.7/site-packages/airflow/example_dags/example_external_task_marker_dag.py
[2022-06-20 01:36:12,719] {logging_mixin.py:115} INFO - [2022-06-20 01:36:12,719] {dag.py:2371} INFO - Sync 2 DAGs
[2022-06-20 01:36:12,730] {logging_mixin.py:115} INFO - [2022-06-20 01:36:12,730] {dag.py:2919} INFO - Setting next_dagrun for example_external_task_marker_child to None, run_after=None
[2022-06-20 01:36:12,731] {logging_mixin.py:115} INFO - [2022-06-20 01:36:12,731] {dag.py:2919} INFO - Setting next_dagrun for example_external_task_marker_parent to None, run_after=None
[2022-06-20 01:36:12,738] {processor.py:161} INFO - Processing /home/airflow/.local/lib/python3.7/site-packages/airflow/example_dags/example_external_task_marker_dag.py took 0.060 seconds
[2022-06-20 01:36:43,440] {processor.py:153} INFO - Started process (PID=555) to work on /home/airflow/.local/lib/python3.7/site-packages/airflow/example_dags/example_external_task_marker_dag.py
[2022-06-20 01:36:43,441] {processor.py:641} INFO - Processing file /home/airflow/.local/lib/python3.7/site-packages/airflow/example_dags/example_external_task_marker_dag.py for tasks to queue
[2022-06-20 01:36:43,443] {logging_mixin.py:115} INFO - [2022-06-20 01:36:43,443] {dagbag.py:507} INFO - Filling up the DagBag from /home/airflow/.local/lib/python3.7/site-packages/airflow/example_dags/example_external_task_marker_dag.py
[2022-06-20 01:36:43,446] {processor.py:651} INFO - DAG(s) dict_keys(['example_external_task_marker_parent', 'example_external_task_marker_child']) retrieved from /home/airflow/.local/lib/python3.7/site-packages/airflow/example_dags/example_external_task_marker_dag.py
[2022-06-20 01:36:43,479] {logging_mixin.py:115} INFO - [2022-06-20 01:36:43,479] {dag.py:2371} INFO - Sync 2 DAGs
[2022-06-20 01:36:43,493] {logging_mixin.py:115} INFO - [2022-06-20 01:36:43,493] {dag.py:2919} INFO - Setting next_dagrun for example_external_task_marker_child to None, run_after=None
[2022-06-20 01:36:43,494] {logging_mixin.py:115} INFO - [2022-06-20 01:36:43,494] {dag.py:2919} INFO - Setting next_dagrun for example_external_task_marker_parent to None, run_after=None
[2022-06-20 01:36:43,503] {processor.py:161} INFO - Processing /home/airflow/.local/lib/python3.7/site-packages/airflow/example_dags/example_external_task_marker_dag.py took 0.066 seconds
[2022-06-20 01:37:14,455] {processor.py:153} INFO - Started process (PID=630) to work on /home/airflow/.local/lib/python3.7/site-packages/airflow/example_dags/example_external_task_marker_dag.py
[2022-06-20 01:37:14,457] {processor.py:641} INFO - Processing file /home/airflow/.local/lib/python3.7/site-packages/airflow/example_dags/example_external_task_marker_dag.py for tasks to queue
[2022-06-20 01:37:14,458] {logging_mixin.py:115} INFO - [2022-06-20 01:37:14,458] {dagbag.py:507} INFO - Filling up the DagBag from /home/airflow/.local/lib/python3.7/site-packages/airflow/example_dags/example_external_task_marker_dag.py
[2022-06-20 01:37:14,465] {processor.py:651} INFO - DAG(s) dict_keys(['example_external_task_marker_parent', 'example_external_task_marker_child']) retrieved from /home/airflow/.local/lib/python3.7/site-packages/airflow/example_dags/example_external_task_marker_dag.py
[2022-06-20 01:37:14,504] {logging_mixin.py:115} INFO - [2022-06-20 01:37:14,504] {dag.py:2371} INFO - Sync 2 DAGs
[2022-06-20 01:37:14,518] {logging_mixin.py:115} INFO - [2022-06-20 01:37:14,518] {dag.py:2919} INFO - Setting next_dagrun for example_external_task_marker_child to None, run_after=None
[2022-06-20 01:37:14,519] {logging_mixin.py:115} INFO - [2022-06-20 01:37:14,519] {dag.py:2919} INFO - Setting next_dagrun for example_external_task_marker_parent to None, run_after=None
[2022-06-20 01:37:14,528] {processor.py:161} INFO - Processing /home/airflow/.local/lib/python3.7/site-packages/airflow/example_dags/example_external_task_marker_dag.py took 0.076 seconds
[2022-06-20 01:37:44,833] {processor.py:153} INFO - Started process (PID=705) to work on /home/airflow/.local/lib/python3.7/site-packages/airflow/example_dags/example_external_task_marker_dag.py
[2022-06-20 01:37:44,834] {processor.py:641} INFO - Processing file /home/airflow/.local/lib/python3.7/site-packages/airflow/example_dags/example_external_task_marker_dag.py for tasks to queue
[2022-06-20 01:37:44,835] {logging_mixin.py:115} INFO - [2022-06-20 01:37:44,835] {dagbag.py:507} INFO - Filling up the DagBag from /home/airflow/.local/lib/python3.7/site-packages/airflow/example_dags/example_external_task_marker_dag.py
[2022-06-20 01:37:44,838] {processor.py:651} INFO - DAG(s) dict_keys(['example_external_task_marker_parent', 'example_external_task_marker_child']) retrieved from /home/airflow/.local/lib/python3.7/site-packages/airflow/example_dags/example_external_task_marker_dag.py
[2022-06-20 01:37:44,862] {logging_mixin.py:115} INFO - [2022-06-20 01:37:44,862] {dag.py:2371} INFO - Sync 2 DAGs
[2022-06-20 01:37:44,873] {logging_mixin.py:115} INFO - [2022-06-20 01:37:44,873] {dag.py:2919} INFO - Setting next_dagrun for example_external_task_marker_child to None, run_after=None
[2022-06-20 01:37:44,875] {logging_mixin.py:115} INFO - [2022-06-20 01:37:44,875] {dag.py:2919} INFO - Setting next_dagrun for example_external_task_marker_parent to None, run_after=None
[2022-06-20 01:37:44,883] {processor.py:161} INFO - Processing /home/airflow/.local/lib/python3.7/site-packages/airflow/example_dags/example_external_task_marker_dag.py took 0.052 seconds
[2022-06-20 01:38:14,935] {processor.py:153} INFO - Started process (PID=780) to work on /home/airflow/.local/lib/python3.7/site-packages/airflow/example_dags/example_external_task_marker_dag.py
[2022-06-20 01:38:14,937] {processor.py:641} INFO - Processing file /home/airflow/.local/lib/python3.7/site-packages/airflow/example_dags/example_external_task_marker_dag.py for tasks to queue
[2022-06-20 01:38:14,938] {logging_mixin.py:115} INFO - [2022-06-20 01:38:14,938] {dagbag.py:507} INFO - Filling up the DagBag from /home/airflow/.local/lib/python3.7/site-packages/airflow/example_dags/example_external_task_marker_dag.py
[2022-06-20 01:38:14,941] {processor.py:651} INFO - DAG(s) dict_keys(['example_external_task_marker_parent', 'example_external_task_marker_child']) retrieved from /home/airflow/.local/lib/python3.7/site-packages/airflow/example_dags/example_external_task_marker_dag.py
[2022-06-20 01:38:14,966] {logging_mixin.py:115} INFO - [2022-06-20 01:38:14,966] {dag.py:2371} INFO - Sync 2 DAGs
[2022-06-20 01:38:14,977] {logging_mixin.py:115} INFO - [2022-06-20 01:38:14,977] {dag.py:2919} INFO - Setting next_dagrun for example_external_task_marker_child to None, run_after=None
[2022-06-20 01:38:14,978] {logging_mixin.py:115} INFO - [2022-06-20 01:38:14,978] {dag.py:2919} INFO - Setting next_dagrun for example_external_task_marker_parent to None, run_after=None
[2022-06-20 01:38:14,985] {processor.py:161} INFO - Processing /home/airflow/.local/lib/python3.7/site-packages/airflow/example_dags/example_external_task_marker_dag.py took 0.052 seconds
[2022-06-20 01:38:45,370] {processor.py:153} INFO - Started process (PID=845) to work on /home/airflow/.local/lib/python3.7/site-packages/airflow/example_dags/example_external_task_marker_dag.py
[2022-06-20 01:38:45,373] {processor.py:641} INFO - Processing file /home/airflow/.local/lib/python3.7/site-packages/airflow/example_dags/example_external_task_marker_dag.py for tasks to queue
[2022-06-20 01:38:45,377] {logging_mixin.py:115} INFO - [2022-06-20 01:38:45,376] {dagbag.py:507} INFO - Filling up the DagBag from /home/airflow/.local/lib/python3.7/site-packages/airflow/example_dags/example_external_task_marker_dag.py
[2022-06-20 01:38:45,383] {processor.py:651} INFO - DAG(s) dict_keys(['example_external_task_marker_parent', 'example_external_task_marker_child']) retrieved from /home/airflow/.local/lib/python3.7/site-packages/airflow/example_dags/example_external_task_marker_dag.py
[2022-06-20 01:38:45,422] {logging_mixin.py:115} INFO - [2022-06-20 01:38:45,422] {dag.py:2371} INFO - Sync 2 DAGs
[2022-06-20 01:38:45,448] {logging_mixin.py:115} INFO - [2022-06-20 01:38:45,448] {dag.py:2919} INFO - Setting next_dagrun for example_external_task_marker_child to None, run_after=None
[2022-06-20 01:38:45,452] {logging_mixin.py:115} INFO - [2022-06-20 01:38:45,452] {dag.py:2919} INFO - Setting next_dagrun for example_external_task_marker_parent to None, run_after=None
[2022-06-20 01:38:45,461] {processor.py:161} INFO - Processing /home/airflow/.local/lib/python3.7/site-packages/airflow/example_dags/example_external_task_marker_dag.py took 0.095 seconds
[2022-06-20 01:39:15,913] {processor.py:153} INFO - Started process (PID=944) to work on /home/airflow/.local/lib/python3.7/site-packages/airflow/example_dags/example_external_task_marker_dag.py
[2022-06-20 01:39:15,915] {processor.py:641} INFO - Processing file /home/airflow/.local/lib/python3.7/site-packages/airflow/example_dags/example_external_task_marker_dag.py for tasks to queue
[2022-06-20 01:39:15,916] {logging_mixin.py:115} INFO - [2022-06-20 01:39:15,916] {dagbag.py:507} INFO - Filling up the DagBag from /home/airflow/.local/lib/python3.7/site-packages/airflow/example_dags/example_external_task_marker_dag.py
[2022-06-20 01:39:15,920] {processor.py:651} INFO - DAG(s) dict_keys(['example_external_task_marker_parent', 'example_external_task_marker_child']) retrieved from /home/airflow/.local/lib/python3.7/site-packages/airflow/example_dags/example_external_task_marker_dag.py
[2022-06-20 01:39:15,952] {logging_mixin.py:115} INFO - [2022-06-20 01:39:15,952] {dag.py:2371} INFO - Sync 2 DAGs
[2022-06-20 01:39:15,966] {logging_mixin.py:115} INFO - [2022-06-20 01:39:15,966] {dag.py:2919} INFO - Setting next_dagrun for example_external_task_marker_child to None, run_after=None
[2022-06-20 01:39:15,968] {logging_mixin.py:115} INFO - [2022-06-20 01:39:15,968] {dag.py:2919} INFO - Setting next_dagrun for example_external_task_marker_parent to None, run_after=None
[2022-06-20 01:39:15,975] {processor.py:161} INFO - Processing /home/airflow/.local/lib/python3.7/site-packages/airflow/example_dags/example_external_task_marker_dag.py took 0.065 seconds
[2022-06-20 01:39:46,704] {processor.py:153} INFO - Started process (PID=1020) to work on /home/airflow/.local/lib/python3.7/site-packages/airflow/example_dags/example_external_task_marker_dag.py
[2022-06-20 01:39:46,706] {processor.py:641} INFO - Processing file /home/airflow/.local/lib/python3.7/site-packages/airflow/example_dags/example_external_task_marker_dag.py for tasks to queue
[2022-06-20 01:39:46,708] {logging_mixin.py:115} INFO - [2022-06-20 01:39:46,708] {dagbag.py:507} INFO - Filling up the DagBag from /home/airflow/.local/lib/python3.7/site-packages/airflow/example_dags/example_external_task_marker_dag.py
[2022-06-20 01:39:46,714] {processor.py:651} INFO - DAG(s) dict_keys(['example_external_task_marker_parent', 'example_external_task_marker_child']) retrieved from /home/airflow/.local/lib/python3.7/site-packages/airflow/example_dags/example_external_task_marker_dag.py
[2022-06-20 01:39:46,754] {logging_mixin.py:115} INFO - [2022-06-20 01:39:46,754] {dag.py:2371} INFO - Sync 2 DAGs
[2022-06-20 01:39:46,780] {logging_mixin.py:115} INFO - [2022-06-20 01:39:46,780] {dag.py:2919} INFO - Setting next_dagrun for example_external_task_marker_child to None, run_after=None
[2022-06-20 01:39:46,781] {logging_mixin.py:115} INFO - [2022-06-20 01:39:46,781] {dag.py:2919} INFO - Setting next_dagrun for example_external_task_marker_parent to None, run_after=None
[2022-06-20 01:39:46,793] {processor.py:161} INFO - Processing /home/airflow/.local/lib/python3.7/site-packages/airflow/example_dags/example_external_task_marker_dag.py took 0.092 seconds
[2022-06-20 01:40:17,065] {processor.py:153} INFO - Started process (PID=1091) to work on /home/airflow/.local/lib/python3.7/site-packages/airflow/example_dags/example_external_task_marker_dag.py
[2022-06-20 01:40:17,067] {processor.py:641} INFO - Processing file /home/airflow/.local/lib/python3.7/site-packages/airflow/example_dags/example_external_task_marker_dag.py for tasks to queue
[2022-06-20 01:40:17,068] {logging_mixin.py:115} INFO - [2022-06-20 01:40:17,068] {dagbag.py:507} INFO - Filling up the DagBag from /home/airflow/.local/lib/python3.7/site-packages/airflow/example_dags/example_external_task_marker_dag.py
[2022-06-20 01:40:17,072] {processor.py:651} INFO - DAG(s) dict_keys(['example_external_task_marker_parent', 'example_external_task_marker_child']) retrieved from /home/airflow/.local/lib/python3.7/site-packages/airflow/example_dags/example_external_task_marker_dag.py
[2022-06-20 01:40:17,100] {logging_mixin.py:115} INFO - [2022-06-20 01:40:17,100] {dag.py:2371} INFO - Sync 2 DAGs
[2022-06-20 01:40:17,119] {logging_mixin.py:115} INFO - [2022-06-20 01:40:17,119] {dag.py:2919} INFO - Setting next_dagrun for example_external_task_marker_child to None, run_after=None
[2022-06-20 01:40:17,120] {logging_mixin.py:115} INFO - [2022-06-20 01:40:17,120] {dag.py:2919} INFO - Setting next_dagrun for example_external_task_marker_parent to None, run_after=None
[2022-06-20 01:40:17,130] {processor.py:161} INFO - Processing /home/airflow/.local/lib/python3.7/site-packages/airflow/example_dags/example_external_task_marker_dag.py took 0.067 seconds
[2022-06-20 01:40:48,073] {processor.py:153} INFO - Started process (PID=1166) to work on /home/airflow/.local/lib/python3.7/site-packages/airflow/example_dags/example_external_task_marker_dag.py
[2022-06-20 01:40:48,074] {processor.py:641} INFO - Processing file /home/airflow/.local/lib/python3.7/site-packages/airflow/example_dags/example_external_task_marker_dag.py for tasks to queue
[2022-06-20 01:40:48,075] {logging_mixin.py:115} INFO - [2022-06-20 01:40:48,075] {dagbag.py:507} INFO - Filling up the DagBag from /home/airflow/.local/lib/python3.7/site-packages/airflow/example_dags/example_external_task_marker_dag.py
[2022-06-20 01:40:48,079] {processor.py:651} INFO - DAG(s) dict_keys(['example_external_task_marker_parent', 'example_external_task_marker_child']) retrieved from /home/airflow/.local/lib/python3.7/site-packages/airflow/example_dags/example_external_task_marker_dag.py
[2022-06-20 01:40:48,108] {logging_mixin.py:115} INFO - [2022-06-20 01:40:48,108] {dag.py:2371} INFO - Sync 2 DAGs
[2022-06-20 01:40:48,120] {logging_mixin.py:115} INFO - [2022-06-20 01:40:48,120] {dag.py:2919} INFO - Setting next_dagrun for example_external_task_marker_child to None, run_after=None
[2022-06-20 01:40:48,122] {logging_mixin.py:115} INFO - [2022-06-20 01:40:48,122] {dag.py:2919} INFO - Setting next_dagrun for example_external_task_marker_parent to None, run_after=None
[2022-06-20 01:40:48,128] {processor.py:161} INFO - Processing /home/airflow/.local/lib/python3.7/site-packages/airflow/example_dags/example_external_task_marker_dag.py took 0.057 seconds
[2022-06-20 01:41:18,634] {processor.py:153} INFO - Started process (PID=1238) to work on /home/airflow/.local/lib/python3.7/site-packages/airflow/example_dags/example_external_task_marker_dag.py
[2022-06-20 01:41:18,635] {processor.py:641} INFO - Processing file /home/airflow/.local/lib/python3.7/site-packages/airflow/example_dags/example_external_task_marker_dag.py for tasks to queue
[2022-06-20 01:41:18,638] {logging_mixin.py:115} INFO - [2022-06-20 01:41:18,638] {dagbag.py:507} INFO - Filling up the DagBag from /home/airflow/.local/lib/python3.7/site-packages/airflow/example_dags/example_external_task_marker_dag.py
[2022-06-20 01:41:18,641] {processor.py:651} INFO - DAG(s) dict_keys(['example_external_task_marker_parent', 'example_external_task_marker_child']) retrieved from /home/airflow/.local/lib/python3.7/site-packages/airflow/example_dags/example_external_task_marker_dag.py
[2022-06-20 01:41:18,673] {logging_mixin.py:115} INFO - [2022-06-20 01:41:18,673] {dag.py:2371} INFO - Sync 2 DAGs
[2022-06-20 01:41:18,687] {logging_mixin.py:115} INFO - [2022-06-20 01:41:18,687] {dag.py:2919} INFO - Setting next_dagrun for example_external_task_marker_child to None, run_after=None
[2022-06-20 01:41:18,688] {logging_mixin.py:115} INFO - [2022-06-20 01:41:18,688] {dag.py:2919} INFO - Setting next_dagrun for example_external_task_marker_parent to None, run_after=None
[2022-06-20 01:41:18,696] {processor.py:161} INFO - Processing /home/airflow/.local/lib/python3.7/site-packages/airflow/example_dags/example_external_task_marker_dag.py took 0.064 seconds
[2022-06-20 01:41:49,657] {processor.py:153} INFO - Started process (PID=1300) to work on /home/airflow/.local/lib/python3.7/site-packages/airflow/example_dags/example_external_task_marker_dag.py
[2022-06-20 01:41:49,659] {processor.py:641} INFO - Processing file /home/airflow/.local/lib/python3.7/site-packages/airflow/example_dags/example_external_task_marker_dag.py for tasks to queue
[2022-06-20 01:41:49,660] {logging_mixin.py:115} INFO - [2022-06-20 01:41:49,660] {dagbag.py:507} INFO - Filling up the DagBag from /home/airflow/.local/lib/python3.7/site-packages/airflow/example_dags/example_external_task_marker_dag.py
[2022-06-20 01:41:49,668] {processor.py:651} INFO - DAG(s) dict_keys(['example_external_task_marker_parent', 'example_external_task_marker_child']) retrieved from /home/airflow/.local/lib/python3.7/site-packages/airflow/example_dags/example_external_task_marker_dag.py
[2022-06-20 01:41:49,714] {logging_mixin.py:115} INFO - [2022-06-20 01:41:49,714] {dag.py:2371} INFO - Sync 2 DAGs
[2022-06-20 01:41:49,731] {logging_mixin.py:115} INFO - [2022-06-20 01:41:49,731] {dag.py:2919} INFO - Setting next_dagrun for example_external_task_marker_child to None, run_after=None
[2022-06-20 01:41:49,733] {logging_mixin.py:115} INFO - [2022-06-20 01:41:49,733] {dag.py:2919} INFO - Setting next_dagrun for example_external_task_marker_parent to None, run_after=None
[2022-06-20 01:41:49,743] {processor.py:161} INFO - Processing /home/airflow/.local/lib/python3.7/site-packages/airflow/example_dags/example_external_task_marker_dag.py took 0.089 seconds
[2022-06-20 01:42:20,516] {processor.py:153} INFO - Started process (PID=1377) to work on /home/airflow/.local/lib/python3.7/site-packages/airflow/example_dags/example_external_task_marker_dag.py
[2022-06-20 01:42:20,518] {processor.py:641} INFO - Processing file /home/airflow/.local/lib/python3.7/site-packages/airflow/example_dags/example_external_task_marker_dag.py for tasks to queue
[2022-06-20 01:42:20,519] {logging_mixin.py:115} INFO - [2022-06-20 01:42:20,519] {dagbag.py:507} INFO - Filling up the DagBag from /home/airflow/.local/lib/python3.7/site-packages/airflow/example_dags/example_external_task_marker_dag.py
[2022-06-20 01:42:20,523] {processor.py:651} INFO - DAG(s) dict_keys(['example_external_task_marker_parent', 'example_external_task_marker_child']) retrieved from /home/airflow/.local/lib/python3.7/site-packages/airflow/example_dags/example_external_task_marker_dag.py
[2022-06-20 01:42:20,556] {logging_mixin.py:115} INFO - [2022-06-20 01:42:20,556] {dag.py:2371} INFO - Sync 2 DAGs
[2022-06-20 01:42:20,571] {logging_mixin.py:115} INFO - [2022-06-20 01:42:20,570] {dag.py:2919} INFO - Setting next_dagrun for example_external_task_marker_child to None, run_after=None
[2022-06-20 01:42:20,573] {logging_mixin.py:115} INFO - [2022-06-20 01:42:20,573] {dag.py:2919} INFO - Setting next_dagrun for example_external_task_marker_parent to None, run_after=None
[2022-06-20 01:42:20,583] {processor.py:161} INFO - Processing /home/airflow/.local/lib/python3.7/site-packages/airflow/example_dags/example_external_task_marker_dag.py took 0.069 seconds
