[2022-06-20 01:19:34,376] {processor.py:153} INFO - Started process (PID=74) to work on /home/airflow/.local/lib/python3.7/site-packages/airflow/example_dags/example_time_delta_sensor_async.py
[2022-06-20 01:19:34,379] {processor.py:641} INFO - Processing file /home/airflow/.local/lib/python3.7/site-packages/airflow/example_dags/example_time_delta_sensor_async.py for tasks to queue
[2022-06-20 01:19:34,382] {logging_mixin.py:115} INFO - [2022-06-20 01:19:34,382] {dagbag.py:507} INFO - Filling up the DagBag from /home/airflow/.local/lib/python3.7/site-packages/airflow/example_dags/example_time_delta_sensor_async.py
[2022-06-20 01:19:34,398] {processor.py:651} INFO - DAG(s) dict_keys(['example_time_delta_sensor_async']) retrieved from /home/airflow/.local/lib/python3.7/site-packages/airflow/example_dags/example_time_delta_sensor_async.py
[2022-06-20 01:19:34,472] {logging_mixin.py:115} INFO - [2022-06-20 01:19:34,472] {dag.py:2371} INFO - Sync 1 DAGs
[2022-06-20 01:19:34,521] {logging_mixin.py:115} INFO - [2022-06-20 01:19:34,521] {dag.py:2919} INFO - Setting next_dagrun for example_time_delta_sensor_async to None, run_after=None
[2022-06-20 01:19:34,543] {processor.py:161} INFO - Processing /home/airflow/.local/lib/python3.7/site-packages/airflow/example_dags/example_time_delta_sensor_async.py took 0.176 seconds
[2022-06-20 01:22:36,630] {processor.py:153} INFO - Started process (PID=65) to work on /home/airflow/.local/lib/python3.7/site-packages/airflow/example_dags/example_time_delta_sensor_async.py
[2022-06-20 01:22:36,633] {processor.py:641} INFO - Processing file /home/airflow/.local/lib/python3.7/site-packages/airflow/example_dags/example_time_delta_sensor_async.py for tasks to queue
[2022-06-20 01:22:36,635] {logging_mixin.py:115} INFO - [2022-06-20 01:22:36,635] {dagbag.py:507} INFO - Filling up the DagBag from /home/airflow/.local/lib/python3.7/site-packages/airflow/example_dags/example_time_delta_sensor_async.py
[2022-06-20 01:22:36,645] {processor.py:651} INFO - DAG(s) dict_keys(['example_time_delta_sensor_async']) retrieved from /home/airflow/.local/lib/python3.7/site-packages/airflow/example_dags/example_time_delta_sensor_async.py
[2022-06-20 01:22:36,727] {logging_mixin.py:115} INFO - [2022-06-20 01:22:36,727] {manager.py:508} INFO - Created Permission View: can delete on DAG:example_time_delta_sensor_async
[2022-06-20 01:22:36,735] {logging_mixin.py:115} INFO - [2022-06-20 01:22:36,735] {manager.py:508} INFO - Created Permission View: can read on DAG:example_time_delta_sensor_async
[2022-06-20 01:22:36,741] {logging_mixin.py:115} INFO - [2022-06-20 01:22:36,741] {manager.py:508} INFO - Created Permission View: can edit on DAG:example_time_delta_sensor_async
[2022-06-20 01:22:36,742] {logging_mixin.py:115} INFO - [2022-06-20 01:22:36,742] {dag.py:2371} INFO - Sync 1 DAGs
[2022-06-20 01:22:36,749] {logging_mixin.py:115} INFO - [2022-06-20 01:22:36,749] {dag.py:2390} INFO - Creating ORM DAG for example_time_delta_sensor_async
[2022-06-20 01:22:36,849] {logging_mixin.py:115} INFO - [2022-06-20 01:22:36,849] {dag.py:2919} INFO - Setting next_dagrun for example_time_delta_sensor_async to None, run_after=None
[2022-06-20 01:22:36,864] {processor.py:161} INFO - Processing /home/airflow/.local/lib/python3.7/site-packages/airflow/example_dags/example_time_delta_sensor_async.py took 0.236 seconds
[2022-06-20 01:23:07,580] {processor.py:153} INFO - Started process (PID=138) to work on /home/airflow/.local/lib/python3.7/site-packages/airflow/example_dags/example_time_delta_sensor_async.py
[2022-06-20 01:23:07,582] {processor.py:641} INFO - Processing file /home/airflow/.local/lib/python3.7/site-packages/airflow/example_dags/example_time_delta_sensor_async.py for tasks to queue
[2022-06-20 01:23:07,586] {logging_mixin.py:115} INFO - [2022-06-20 01:23:07,586] {dagbag.py:507} INFO - Filling up the DagBag from /home/airflow/.local/lib/python3.7/site-packages/airflow/example_dags/example_time_delta_sensor_async.py
[2022-06-20 01:23:07,591] {processor.py:651} INFO - DAG(s) dict_keys(['example_time_delta_sensor_async']) retrieved from /home/airflow/.local/lib/python3.7/site-packages/airflow/example_dags/example_time_delta_sensor_async.py
[2022-06-20 01:23:07,625] {logging_mixin.py:115} INFO - [2022-06-20 01:23:07,625] {dag.py:2371} INFO - Sync 1 DAGs
[2022-06-20 01:23:07,640] {logging_mixin.py:115} INFO - [2022-06-20 01:23:07,640] {dag.py:2919} INFO - Setting next_dagrun for example_time_delta_sensor_async to None, run_after=None
[2022-06-20 01:23:07,648] {processor.py:161} INFO - Processing /home/airflow/.local/lib/python3.7/site-packages/airflow/example_dags/example_time_delta_sensor_async.py took 0.073 seconds
[2022-06-20 01:23:37,768] {processor.py:153} INFO - Started process (PID=210) to work on /home/airflow/.local/lib/python3.7/site-packages/airflow/example_dags/example_time_delta_sensor_async.py
[2022-06-20 01:23:37,769] {processor.py:641} INFO - Processing file /home/airflow/.local/lib/python3.7/site-packages/airflow/example_dags/example_time_delta_sensor_async.py for tasks to queue
[2022-06-20 01:23:37,770] {logging_mixin.py:115} INFO - [2022-06-20 01:23:37,770] {dagbag.py:507} INFO - Filling up the DagBag from /home/airflow/.local/lib/python3.7/site-packages/airflow/example_dags/example_time_delta_sensor_async.py
[2022-06-20 01:23:37,774] {processor.py:651} INFO - DAG(s) dict_keys(['example_time_delta_sensor_async']) retrieved from /home/airflow/.local/lib/python3.7/site-packages/airflow/example_dags/example_time_delta_sensor_async.py
[2022-06-20 01:23:37,796] {logging_mixin.py:115} INFO - [2022-06-20 01:23:37,796] {dag.py:2371} INFO - Sync 1 DAGs
[2022-06-20 01:23:37,808] {logging_mixin.py:115} INFO - [2022-06-20 01:23:37,808] {dag.py:2919} INFO - Setting next_dagrun for example_time_delta_sensor_async to None, run_after=None
[2022-06-20 01:23:37,814] {processor.py:161} INFO - Processing /home/airflow/.local/lib/python3.7/site-packages/airflow/example_dags/example_time_delta_sensor_async.py took 0.048 seconds
[2022-06-20 01:24:07,952] {processor.py:153} INFO - Started process (PID=272) to work on /home/airflow/.local/lib/python3.7/site-packages/airflow/example_dags/example_time_delta_sensor_async.py
[2022-06-20 01:24:07,953] {processor.py:641} INFO - Processing file /home/airflow/.local/lib/python3.7/site-packages/airflow/example_dags/example_time_delta_sensor_async.py for tasks to queue
[2022-06-20 01:24:07,954] {logging_mixin.py:115} INFO - [2022-06-20 01:24:07,954] {dagbag.py:507} INFO - Filling up the DagBag from /home/airflow/.local/lib/python3.7/site-packages/airflow/example_dags/example_time_delta_sensor_async.py
[2022-06-20 01:24:07,958] {processor.py:651} INFO - DAG(s) dict_keys(['example_time_delta_sensor_async']) retrieved from /home/airflow/.local/lib/python3.7/site-packages/airflow/example_dags/example_time_delta_sensor_async.py
[2022-06-20 01:24:07,981] {logging_mixin.py:115} INFO - [2022-06-20 01:24:07,981] {dag.py:2371} INFO - Sync 1 DAGs
[2022-06-20 01:24:07,993] {logging_mixin.py:115} INFO - [2022-06-20 01:24:07,993] {dag.py:2919} INFO - Setting next_dagrun for example_time_delta_sensor_async to None, run_after=None
[2022-06-20 01:24:07,999] {processor.py:161} INFO - Processing /home/airflow/.local/lib/python3.7/site-packages/airflow/example_dags/example_time_delta_sensor_async.py took 0.049 seconds
[2022-06-20 01:24:38,975] {processor.py:153} INFO - Started process (PID=344) to work on /home/airflow/.local/lib/python3.7/site-packages/airflow/example_dags/example_time_delta_sensor_async.py
[2022-06-20 01:24:38,977] {processor.py:641} INFO - Processing file /home/airflow/.local/lib/python3.7/site-packages/airflow/example_dags/example_time_delta_sensor_async.py for tasks to queue
[2022-06-20 01:24:38,978] {logging_mixin.py:115} INFO - [2022-06-20 01:24:38,978] {dagbag.py:507} INFO - Filling up the DagBag from /home/airflow/.local/lib/python3.7/site-packages/airflow/example_dags/example_time_delta_sensor_async.py
[2022-06-20 01:24:38,983] {processor.py:651} INFO - DAG(s) dict_keys(['example_time_delta_sensor_async']) retrieved from /home/airflow/.local/lib/python3.7/site-packages/airflow/example_dags/example_time_delta_sensor_async.py
[2022-06-20 01:24:39,008] {logging_mixin.py:115} INFO - [2022-06-20 01:24:39,008] {dag.py:2371} INFO - Sync 1 DAGs
[2022-06-20 01:24:39,021] {logging_mixin.py:115} INFO - [2022-06-20 01:24:39,021] {dag.py:2919} INFO - Setting next_dagrun for example_time_delta_sensor_async to None, run_after=None
[2022-06-20 01:24:39,028] {processor.py:161} INFO - Processing /home/airflow/.local/lib/python3.7/site-packages/airflow/example_dags/example_time_delta_sensor_async.py took 0.054 seconds
[2022-06-20 01:25:09,304] {processor.py:153} INFO - Started process (PID=415) to work on /home/airflow/.local/lib/python3.7/site-packages/airflow/example_dags/example_time_delta_sensor_async.py
[2022-06-20 01:25:09,306] {processor.py:641} INFO - Processing file /home/airflow/.local/lib/python3.7/site-packages/airflow/example_dags/example_time_delta_sensor_async.py for tasks to queue
[2022-06-20 01:25:09,307] {logging_mixin.py:115} INFO - [2022-06-20 01:25:09,307] {dagbag.py:507} INFO - Filling up the DagBag from /home/airflow/.local/lib/python3.7/site-packages/airflow/example_dags/example_time_delta_sensor_async.py
[2022-06-20 01:25:09,311] {processor.py:651} INFO - DAG(s) dict_keys(['example_time_delta_sensor_async']) retrieved from /home/airflow/.local/lib/python3.7/site-packages/airflow/example_dags/example_time_delta_sensor_async.py
[2022-06-20 01:25:09,338] {logging_mixin.py:115} INFO - [2022-06-20 01:25:09,338] {dag.py:2371} INFO - Sync 1 DAGs
[2022-06-20 01:25:09,352] {logging_mixin.py:115} INFO - [2022-06-20 01:25:09,352] {dag.py:2919} INFO - Setting next_dagrun for example_time_delta_sensor_async to None, run_after=None
[2022-06-20 01:25:09,359] {processor.py:161} INFO - Processing /home/airflow/.local/lib/python3.7/site-packages/airflow/example_dags/example_time_delta_sensor_async.py took 0.057 seconds
[2022-06-20 01:25:39,423] {processor.py:153} INFO - Started process (PID=487) to work on /home/airflow/.local/lib/python3.7/site-packages/airflow/example_dags/example_time_delta_sensor_async.py
[2022-06-20 01:25:39,425] {processor.py:641} INFO - Processing file /home/airflow/.local/lib/python3.7/site-packages/airflow/example_dags/example_time_delta_sensor_async.py for tasks to queue
[2022-06-20 01:25:39,426] {logging_mixin.py:115} INFO - [2022-06-20 01:25:39,426] {dagbag.py:507} INFO - Filling up the DagBag from /home/airflow/.local/lib/python3.7/site-packages/airflow/example_dags/example_time_delta_sensor_async.py
[2022-06-20 01:25:39,430] {processor.py:651} INFO - DAG(s) dict_keys(['example_time_delta_sensor_async']) retrieved from /home/airflow/.local/lib/python3.7/site-packages/airflow/example_dags/example_time_delta_sensor_async.py
[2022-06-20 01:25:39,455] {logging_mixin.py:115} INFO - [2022-06-20 01:25:39,455] {dag.py:2371} INFO - Sync 1 DAGs
[2022-06-20 01:25:39,468] {logging_mixin.py:115} INFO - [2022-06-20 01:25:39,468] {dag.py:2919} INFO - Setting next_dagrun for example_time_delta_sensor_async to None, run_after=None
[2022-06-20 01:25:39,477] {processor.py:161} INFO - Processing /home/airflow/.local/lib/python3.7/site-packages/airflow/example_dags/example_time_delta_sensor_async.py took 0.055 seconds
[2022-06-20 01:26:09,848] {processor.py:153} INFO - Started process (PID=558) to work on /home/airflow/.local/lib/python3.7/site-packages/airflow/example_dags/example_time_delta_sensor_async.py
[2022-06-20 01:26:09,849] {processor.py:641} INFO - Processing file /home/airflow/.local/lib/python3.7/site-packages/airflow/example_dags/example_time_delta_sensor_async.py for tasks to queue
[2022-06-20 01:26:09,851] {logging_mixin.py:115} INFO - [2022-06-20 01:26:09,851] {dagbag.py:507} INFO - Filling up the DagBag from /home/airflow/.local/lib/python3.7/site-packages/airflow/example_dags/example_time_delta_sensor_async.py
[2022-06-20 01:26:09,857] {processor.py:651} INFO - DAG(s) dict_keys(['example_time_delta_sensor_async']) retrieved from /home/airflow/.local/lib/python3.7/site-packages/airflow/example_dags/example_time_delta_sensor_async.py
[2022-06-20 01:26:09,885] {logging_mixin.py:115} INFO - [2022-06-20 01:26:09,885] {dag.py:2371} INFO - Sync 1 DAGs
[2022-06-20 01:26:09,899] {logging_mixin.py:115} INFO - [2022-06-20 01:26:09,899] {dag.py:2919} INFO - Setting next_dagrun for example_time_delta_sensor_async to None, run_after=None
[2022-06-20 01:26:09,906] {processor.py:161} INFO - Processing /home/airflow/.local/lib/python3.7/site-packages/airflow/example_dags/example_time_delta_sensor_async.py took 0.061 seconds
[2022-06-20 01:26:40,594] {processor.py:153} INFO - Started process (PID=629) to work on /home/airflow/.local/lib/python3.7/site-packages/airflow/example_dags/example_time_delta_sensor_async.py
[2022-06-20 01:26:40,596] {processor.py:641} INFO - Processing file /home/airflow/.local/lib/python3.7/site-packages/airflow/example_dags/example_time_delta_sensor_async.py for tasks to queue
[2022-06-20 01:26:40,597] {logging_mixin.py:115} INFO - [2022-06-20 01:26:40,597] {dagbag.py:507} INFO - Filling up the DagBag from /home/airflow/.local/lib/python3.7/site-packages/airflow/example_dags/example_time_delta_sensor_async.py
[2022-06-20 01:26:40,602] {processor.py:651} INFO - DAG(s) dict_keys(['example_time_delta_sensor_async']) retrieved from /home/airflow/.local/lib/python3.7/site-packages/airflow/example_dags/example_time_delta_sensor_async.py
[2022-06-20 01:26:40,627] {logging_mixin.py:115} INFO - [2022-06-20 01:26:40,627] {dag.py:2371} INFO - Sync 1 DAGs
[2022-06-20 01:26:40,643] {logging_mixin.py:115} INFO - [2022-06-20 01:26:40,643] {dag.py:2919} INFO - Setting next_dagrun for example_time_delta_sensor_async to None, run_after=None
[2022-06-20 01:26:40,651] {processor.py:161} INFO - Processing /home/airflow/.local/lib/python3.7/site-packages/airflow/example_dags/example_time_delta_sensor_async.py took 0.059 seconds
[2022-06-20 01:27:10,833] {processor.py:153} INFO - Started process (PID=691) to work on /home/airflow/.local/lib/python3.7/site-packages/airflow/example_dags/example_time_delta_sensor_async.py
[2022-06-20 01:27:10,835] {processor.py:641} INFO - Processing file /home/airflow/.local/lib/python3.7/site-packages/airflow/example_dags/example_time_delta_sensor_async.py for tasks to queue
[2022-06-20 01:27:10,837] {logging_mixin.py:115} INFO - [2022-06-20 01:27:10,837] {dagbag.py:507} INFO - Filling up the DagBag from /home/airflow/.local/lib/python3.7/site-packages/airflow/example_dags/example_time_delta_sensor_async.py
[2022-06-20 01:27:10,841] {processor.py:651} INFO - DAG(s) dict_keys(['example_time_delta_sensor_async']) retrieved from /home/airflow/.local/lib/python3.7/site-packages/airflow/example_dags/example_time_delta_sensor_async.py
[2022-06-20 01:27:10,868] {logging_mixin.py:115} INFO - [2022-06-20 01:27:10,868] {dag.py:2371} INFO - Sync 1 DAGs
[2022-06-20 01:27:10,881] {logging_mixin.py:115} INFO - [2022-06-20 01:27:10,881] {dag.py:2919} INFO - Setting next_dagrun for example_time_delta_sensor_async to None, run_after=None
[2022-06-20 01:27:10,888] {processor.py:161} INFO - Processing /home/airflow/.local/lib/python3.7/site-packages/airflow/example_dags/example_time_delta_sensor_async.py took 0.057 seconds
[2022-06-20 01:27:41,194] {processor.py:153} INFO - Started process (PID=763) to work on /home/airflow/.local/lib/python3.7/site-packages/airflow/example_dags/example_time_delta_sensor_async.py
[2022-06-20 01:27:41,196] {processor.py:641} INFO - Processing file /home/airflow/.local/lib/python3.7/site-packages/airflow/example_dags/example_time_delta_sensor_async.py for tasks to queue
[2022-06-20 01:27:41,199] {logging_mixin.py:115} INFO - [2022-06-20 01:27:41,199] {dagbag.py:507} INFO - Filling up the DagBag from /home/airflow/.local/lib/python3.7/site-packages/airflow/example_dags/example_time_delta_sensor_async.py
[2022-06-20 01:27:41,203] {processor.py:651} INFO - DAG(s) dict_keys(['example_time_delta_sensor_async']) retrieved from /home/airflow/.local/lib/python3.7/site-packages/airflow/example_dags/example_time_delta_sensor_async.py
[2022-06-20 01:27:41,231] {logging_mixin.py:115} INFO - [2022-06-20 01:27:41,231] {dag.py:2371} INFO - Sync 1 DAGs
[2022-06-20 01:27:41,244] {logging_mixin.py:115} INFO - [2022-06-20 01:27:41,244] {dag.py:2919} INFO - Setting next_dagrun for example_time_delta_sensor_async to None, run_after=None
[2022-06-20 01:27:41,254] {processor.py:161} INFO - Processing /home/airflow/.local/lib/python3.7/site-packages/airflow/example_dags/example_time_delta_sensor_async.py took 0.062 seconds
[2022-06-20 01:28:11,370] {processor.py:153} INFO - Started process (PID=835) to work on /home/airflow/.local/lib/python3.7/site-packages/airflow/example_dags/example_time_delta_sensor_async.py
[2022-06-20 01:28:11,371] {processor.py:641} INFO - Processing file /home/airflow/.local/lib/python3.7/site-packages/airflow/example_dags/example_time_delta_sensor_async.py for tasks to queue
[2022-06-20 01:28:11,373] {logging_mixin.py:115} INFO - [2022-06-20 01:28:11,373] {dagbag.py:507} INFO - Filling up the DagBag from /home/airflow/.local/lib/python3.7/site-packages/airflow/example_dags/example_time_delta_sensor_async.py
[2022-06-20 01:28:11,377] {processor.py:651} INFO - DAG(s) dict_keys(['example_time_delta_sensor_async']) retrieved from /home/airflow/.local/lib/python3.7/site-packages/airflow/example_dags/example_time_delta_sensor_async.py
[2022-06-20 01:28:11,405] {logging_mixin.py:115} INFO - [2022-06-20 01:28:11,405] {dag.py:2371} INFO - Sync 1 DAGs
[2022-06-20 01:28:11,423] {logging_mixin.py:115} INFO - [2022-06-20 01:28:11,423] {dag.py:2919} INFO - Setting next_dagrun for example_time_delta_sensor_async to None, run_after=None
[2022-06-20 01:28:11,440] {processor.py:161} INFO - Processing /home/airflow/.local/lib/python3.7/site-packages/airflow/example_dags/example_time_delta_sensor_async.py took 0.072 seconds
[2022-06-20 01:28:42,161] {processor.py:153} INFO - Started process (PID=907) to work on /home/airflow/.local/lib/python3.7/site-packages/airflow/example_dags/example_time_delta_sensor_async.py
[2022-06-20 01:28:42,165] {processor.py:641} INFO - Processing file /home/airflow/.local/lib/python3.7/site-packages/airflow/example_dags/example_time_delta_sensor_async.py for tasks to queue
[2022-06-20 01:28:42,168] {logging_mixin.py:115} INFO - [2022-06-20 01:28:42,168] {dagbag.py:507} INFO - Filling up the DagBag from /home/airflow/.local/lib/python3.7/site-packages/airflow/example_dags/example_time_delta_sensor_async.py
[2022-06-20 01:28:42,175] {processor.py:651} INFO - DAG(s) dict_keys(['example_time_delta_sensor_async']) retrieved from /home/airflow/.local/lib/python3.7/site-packages/airflow/example_dags/example_time_delta_sensor_async.py
[2022-06-20 01:28:42,212] {logging_mixin.py:115} INFO - [2022-06-20 01:28:42,212] {dag.py:2371} INFO - Sync 1 DAGs
[2022-06-20 01:28:42,232] {logging_mixin.py:115} INFO - [2022-06-20 01:28:42,232] {dag.py:2919} INFO - Setting next_dagrun for example_time_delta_sensor_async to None, run_after=None
[2022-06-20 01:28:42,246] {processor.py:161} INFO - Processing /home/airflow/.local/lib/python3.7/site-packages/airflow/example_dags/example_time_delta_sensor_async.py took 0.088 seconds
[2022-06-20 01:29:12,269] {processor.py:153} INFO - Started process (PID=978) to work on /home/airflow/.local/lib/python3.7/site-packages/airflow/example_dags/example_time_delta_sensor_async.py
[2022-06-20 01:29:12,271] {processor.py:641} INFO - Processing file /home/airflow/.local/lib/python3.7/site-packages/airflow/example_dags/example_time_delta_sensor_async.py for tasks to queue
[2022-06-20 01:29:12,271] {logging_mixin.py:115} INFO - [2022-06-20 01:29:12,271] {dagbag.py:507} INFO - Filling up the DagBag from /home/airflow/.local/lib/python3.7/site-packages/airflow/example_dags/example_time_delta_sensor_async.py
[2022-06-20 01:29:12,275] {processor.py:651} INFO - DAG(s) dict_keys(['example_time_delta_sensor_async']) retrieved from /home/airflow/.local/lib/python3.7/site-packages/airflow/example_dags/example_time_delta_sensor_async.py
[2022-06-20 01:29:12,296] {logging_mixin.py:115} INFO - [2022-06-20 01:29:12,296] {dag.py:2371} INFO - Sync 1 DAGs
[2022-06-20 01:29:12,308] {logging_mixin.py:115} INFO - [2022-06-20 01:29:12,308] {dag.py:2919} INFO - Setting next_dagrun for example_time_delta_sensor_async to None, run_after=None
[2022-06-20 01:29:12,315] {processor.py:161} INFO - Processing /home/airflow/.local/lib/python3.7/site-packages/airflow/example_dags/example_time_delta_sensor_async.py took 0.048 seconds
[2022-06-20 01:29:42,392] {processor.py:153} INFO - Started process (PID=1049) to work on /home/airflow/.local/lib/python3.7/site-packages/airflow/example_dags/example_time_delta_sensor_async.py
[2022-06-20 01:29:42,394] {processor.py:641} INFO - Processing file /home/airflow/.local/lib/python3.7/site-packages/airflow/example_dags/example_time_delta_sensor_async.py for tasks to queue
[2022-06-20 01:29:42,395] {logging_mixin.py:115} INFO - [2022-06-20 01:29:42,395] {dagbag.py:507} INFO - Filling up the DagBag from /home/airflow/.local/lib/python3.7/site-packages/airflow/example_dags/example_time_delta_sensor_async.py
[2022-06-20 01:29:42,398] {processor.py:651} INFO - DAG(s) dict_keys(['example_time_delta_sensor_async']) retrieved from /home/airflow/.local/lib/python3.7/site-packages/airflow/example_dags/example_time_delta_sensor_async.py
[2022-06-20 01:29:42,429] {logging_mixin.py:115} INFO - [2022-06-20 01:29:42,429] {dag.py:2371} INFO - Sync 1 DAGs
[2022-06-20 01:29:42,443] {logging_mixin.py:115} INFO - [2022-06-20 01:29:42,443] {dag.py:2919} INFO - Setting next_dagrun for example_time_delta_sensor_async to None, run_after=None
[2022-06-20 01:29:42,455] {processor.py:161} INFO - Processing /home/airflow/.local/lib/python3.7/site-packages/airflow/example_dags/example_time_delta_sensor_async.py took 0.065 seconds
[2022-06-20 01:30:12,688] {processor.py:153} INFO - Started process (PID=1111) to work on /home/airflow/.local/lib/python3.7/site-packages/airflow/example_dags/example_time_delta_sensor_async.py
[2022-06-20 01:30:12,691] {processor.py:641} INFO - Processing file /home/airflow/.local/lib/python3.7/site-packages/airflow/example_dags/example_time_delta_sensor_async.py for tasks to queue
[2022-06-20 01:30:12,694] {logging_mixin.py:115} INFO - [2022-06-20 01:30:12,694] {dagbag.py:507} INFO - Filling up the DagBag from /home/airflow/.local/lib/python3.7/site-packages/airflow/example_dags/example_time_delta_sensor_async.py
[2022-06-20 01:30:12,700] {processor.py:651} INFO - DAG(s) dict_keys(['example_time_delta_sensor_async']) retrieved from /home/airflow/.local/lib/python3.7/site-packages/airflow/example_dags/example_time_delta_sensor_async.py
[2022-06-20 01:30:12,738] {logging_mixin.py:115} INFO - [2022-06-20 01:30:12,738] {dag.py:2371} INFO - Sync 1 DAGs
[2022-06-20 01:30:12,780] {logging_mixin.py:115} INFO - [2022-06-20 01:30:12,780] {dag.py:2919} INFO - Setting next_dagrun for example_time_delta_sensor_async to None, run_after=None
[2022-06-20 01:30:12,790] {processor.py:161} INFO - Processing /home/airflow/.local/lib/python3.7/site-packages/airflow/example_dags/example_time_delta_sensor_async.py took 0.106 seconds
[2022-06-20 01:30:42,846] {processor.py:153} INFO - Started process (PID=1182) to work on /home/airflow/.local/lib/python3.7/site-packages/airflow/example_dags/example_time_delta_sensor_async.py
[2022-06-20 01:30:42,848] {processor.py:641} INFO - Processing file /home/airflow/.local/lib/python3.7/site-packages/airflow/example_dags/example_time_delta_sensor_async.py for tasks to queue
[2022-06-20 01:30:42,852] {logging_mixin.py:115} INFO - [2022-06-20 01:30:42,852] {dagbag.py:507} INFO - Filling up the DagBag from /home/airflow/.local/lib/python3.7/site-packages/airflow/example_dags/example_time_delta_sensor_async.py
[2022-06-20 01:30:42,857] {processor.py:651} INFO - DAG(s) dict_keys(['example_time_delta_sensor_async']) retrieved from /home/airflow/.local/lib/python3.7/site-packages/airflow/example_dags/example_time_delta_sensor_async.py
[2022-06-20 01:30:42,893] {logging_mixin.py:115} INFO - [2022-06-20 01:30:42,893] {dag.py:2371} INFO - Sync 1 DAGs
[2022-06-20 01:30:42,907] {logging_mixin.py:115} INFO - [2022-06-20 01:30:42,907] {dag.py:2919} INFO - Setting next_dagrun for example_time_delta_sensor_async to None, run_after=None
[2022-06-20 01:30:42,915] {processor.py:161} INFO - Processing /home/airflow/.local/lib/python3.7/site-packages/airflow/example_dags/example_time_delta_sensor_async.py took 0.071 seconds
[2022-06-20 01:31:13,225] {processor.py:153} INFO - Started process (PID=1255) to work on /home/airflow/.local/lib/python3.7/site-packages/airflow/example_dags/example_time_delta_sensor_async.py
[2022-06-20 01:31:13,230] {processor.py:641} INFO - Processing file /home/airflow/.local/lib/python3.7/site-packages/airflow/example_dags/example_time_delta_sensor_async.py for tasks to queue
[2022-06-20 01:31:13,235] {logging_mixin.py:115} INFO - [2022-06-20 01:31:13,235] {dagbag.py:507} INFO - Filling up the DagBag from /home/airflow/.local/lib/python3.7/site-packages/airflow/example_dags/example_time_delta_sensor_async.py
[2022-06-20 01:31:13,242] {processor.py:651} INFO - DAG(s) dict_keys(['example_time_delta_sensor_async']) retrieved from /home/airflow/.local/lib/python3.7/site-packages/airflow/example_dags/example_time_delta_sensor_async.py
[2022-06-20 01:31:13,383] {logging_mixin.py:115} INFO - [2022-06-20 01:31:13,383] {dag.py:2371} INFO - Sync 1 DAGs
[2022-06-20 01:31:13,418] {logging_mixin.py:115} INFO - [2022-06-20 01:31:13,418] {dag.py:2919} INFO - Setting next_dagrun for example_time_delta_sensor_async to None, run_after=None
[2022-06-20 01:31:13,439] {processor.py:161} INFO - Processing /home/airflow/.local/lib/python3.7/site-packages/airflow/example_dags/example_time_delta_sensor_async.py took 0.217 seconds
[2022-06-20 01:31:43,654] {processor.py:153} INFO - Started process (PID=1327) to work on /home/airflow/.local/lib/python3.7/site-packages/airflow/example_dags/example_time_delta_sensor_async.py
[2022-06-20 01:31:43,655] {processor.py:641} INFO - Processing file /home/airflow/.local/lib/python3.7/site-packages/airflow/example_dags/example_time_delta_sensor_async.py for tasks to queue
[2022-06-20 01:31:43,656] {logging_mixin.py:115} INFO - [2022-06-20 01:31:43,656] {dagbag.py:507} INFO - Filling up the DagBag from /home/airflow/.local/lib/python3.7/site-packages/airflow/example_dags/example_time_delta_sensor_async.py
[2022-06-20 01:31:43,659] {processor.py:651} INFO - DAG(s) dict_keys(['example_time_delta_sensor_async']) retrieved from /home/airflow/.local/lib/python3.7/site-packages/airflow/example_dags/example_time_delta_sensor_async.py
[2022-06-20 01:31:43,684] {logging_mixin.py:115} INFO - [2022-06-20 01:31:43,684] {dag.py:2371} INFO - Sync 1 DAGs
[2022-06-20 01:31:43,696] {logging_mixin.py:115} INFO - [2022-06-20 01:31:43,696] {dag.py:2919} INFO - Setting next_dagrun for example_time_delta_sensor_async to None, run_after=None
[2022-06-20 01:31:43,704] {processor.py:161} INFO - Processing /home/airflow/.local/lib/python3.7/site-packages/airflow/example_dags/example_time_delta_sensor_async.py took 0.052 seconds
[2022-06-20 01:32:13,843] {processor.py:153} INFO - Started process (PID=1399) to work on /home/airflow/.local/lib/python3.7/site-packages/airflow/example_dags/example_time_delta_sensor_async.py
[2022-06-20 01:32:13,844] {processor.py:641} INFO - Processing file /home/airflow/.local/lib/python3.7/site-packages/airflow/example_dags/example_time_delta_sensor_async.py for tasks to queue
[2022-06-20 01:32:13,846] {logging_mixin.py:115} INFO - [2022-06-20 01:32:13,846] {dagbag.py:507} INFO - Filling up the DagBag from /home/airflow/.local/lib/python3.7/site-packages/airflow/example_dags/example_time_delta_sensor_async.py
[2022-06-20 01:32:13,850] {processor.py:651} INFO - DAG(s) dict_keys(['example_time_delta_sensor_async']) retrieved from /home/airflow/.local/lib/python3.7/site-packages/airflow/example_dags/example_time_delta_sensor_async.py
[2022-06-20 01:32:13,875] {logging_mixin.py:115} INFO - [2022-06-20 01:32:13,875] {dag.py:2371} INFO - Sync 1 DAGs
[2022-06-20 01:32:13,889] {logging_mixin.py:115} INFO - [2022-06-20 01:32:13,889] {dag.py:2919} INFO - Setting next_dagrun for example_time_delta_sensor_async to None, run_after=None
[2022-06-20 01:32:13,897] {processor.py:161} INFO - Processing /home/airflow/.local/lib/python3.7/site-packages/airflow/example_dags/example_time_delta_sensor_async.py took 0.057 seconds
[2022-06-20 01:32:44,435] {processor.py:153} INFO - Started process (PID=1466) to work on /home/airflow/.local/lib/python3.7/site-packages/airflow/example_dags/example_time_delta_sensor_async.py
[2022-06-20 01:32:44,437] {processor.py:641} INFO - Processing file /home/airflow/.local/lib/python3.7/site-packages/airflow/example_dags/example_time_delta_sensor_async.py for tasks to queue
[2022-06-20 01:32:44,438] {logging_mixin.py:115} INFO - [2022-06-20 01:32:44,438] {dagbag.py:507} INFO - Filling up the DagBag from /home/airflow/.local/lib/python3.7/site-packages/airflow/example_dags/example_time_delta_sensor_async.py
[2022-06-20 01:32:44,444] {processor.py:651} INFO - DAG(s) dict_keys(['example_time_delta_sensor_async']) retrieved from /home/airflow/.local/lib/python3.7/site-packages/airflow/example_dags/example_time_delta_sensor_async.py
[2022-06-20 01:32:44,471] {logging_mixin.py:115} INFO - [2022-06-20 01:32:44,471] {dag.py:2371} INFO - Sync 1 DAGs
[2022-06-20 01:32:44,483] {logging_mixin.py:115} INFO - [2022-06-20 01:32:44,483] {dag.py:2919} INFO - Setting next_dagrun for example_time_delta_sensor_async to None, run_after=None
[2022-06-20 01:32:44,489] {processor.py:161} INFO - Processing /home/airflow/.local/lib/python3.7/site-packages/airflow/example_dags/example_time_delta_sensor_async.py took 0.057 seconds
[2022-06-20 01:33:15,353] {processor.py:153} INFO - Started process (PID=1543) to work on /home/airflow/.local/lib/python3.7/site-packages/airflow/example_dags/example_time_delta_sensor_async.py
[2022-06-20 01:33:15,356] {processor.py:641} INFO - Processing file /home/airflow/.local/lib/python3.7/site-packages/airflow/example_dags/example_time_delta_sensor_async.py for tasks to queue
[2022-06-20 01:33:15,357] {logging_mixin.py:115} INFO - [2022-06-20 01:33:15,357] {dagbag.py:507} INFO - Filling up the DagBag from /home/airflow/.local/lib/python3.7/site-packages/airflow/example_dags/example_time_delta_sensor_async.py
[2022-06-20 01:33:15,361] {processor.py:651} INFO - DAG(s) dict_keys(['example_time_delta_sensor_async']) retrieved from /home/airflow/.local/lib/python3.7/site-packages/airflow/example_dags/example_time_delta_sensor_async.py
[2022-06-20 01:33:15,396] {logging_mixin.py:115} INFO - [2022-06-20 01:33:15,396] {dag.py:2371} INFO - Sync 1 DAGs
[2022-06-20 01:33:15,412] {logging_mixin.py:115} INFO - [2022-06-20 01:33:15,412] {dag.py:2919} INFO - Setting next_dagrun for example_time_delta_sensor_async to None, run_after=None
[2022-06-20 01:33:15,454] {processor.py:161} INFO - Processing /home/airflow/.local/lib/python3.7/site-packages/airflow/example_dags/example_time_delta_sensor_async.py took 0.103 seconds
[2022-06-20 01:33:40,158] {processor.py:153} INFO - Started process (PID=54) to work on /home/airflow/.local/lib/python3.7/site-packages/airflow/example_dags/example_time_delta_sensor_async.py
[2022-06-20 01:33:40,167] {processor.py:641} INFO - Processing file /home/airflow/.local/lib/python3.7/site-packages/airflow/example_dags/example_time_delta_sensor_async.py for tasks to queue
[2022-06-20 01:33:40,170] {logging_mixin.py:115} INFO - [2022-06-20 01:33:40,170] {dagbag.py:507} INFO - Filling up the DagBag from /home/airflow/.local/lib/python3.7/site-packages/airflow/example_dags/example_time_delta_sensor_async.py
[2022-06-20 01:33:40,180] {processor.py:651} INFO - DAG(s) dict_keys(['example_time_delta_sensor_async']) retrieved from /home/airflow/.local/lib/python3.7/site-packages/airflow/example_dags/example_time_delta_sensor_async.py
[2022-06-20 01:33:40,253] {logging_mixin.py:115} INFO - [2022-06-20 01:33:40,253] {dag.py:2371} INFO - Sync 1 DAGs
[2022-06-20 01:33:40,298] {logging_mixin.py:115} INFO - [2022-06-20 01:33:40,298] {dag.py:2919} INFO - Setting next_dagrun for example_time_delta_sensor_async to None, run_after=None
[2022-06-20 01:33:40,324] {processor.py:161} INFO - Processing /home/airflow/.local/lib/python3.7/site-packages/airflow/example_dags/example_time_delta_sensor_async.py took 0.180 seconds
[2022-06-20 01:34:10,871] {processor.py:153} INFO - Started process (PID=128) to work on /home/airflow/.local/lib/python3.7/site-packages/airflow/example_dags/example_time_delta_sensor_async.py
[2022-06-20 01:34:10,874] {processor.py:641} INFO - Processing file /home/airflow/.local/lib/python3.7/site-packages/airflow/example_dags/example_time_delta_sensor_async.py for tasks to queue
[2022-06-20 01:34:10,877] {logging_mixin.py:115} INFO - [2022-06-20 01:34:10,877] {dagbag.py:507} INFO - Filling up the DagBag from /home/airflow/.local/lib/python3.7/site-packages/airflow/example_dags/example_time_delta_sensor_async.py
[2022-06-20 01:34:10,882] {processor.py:651} INFO - DAG(s) dict_keys(['example_time_delta_sensor_async']) retrieved from /home/airflow/.local/lib/python3.7/site-packages/airflow/example_dags/example_time_delta_sensor_async.py
[2022-06-20 01:34:10,915] {logging_mixin.py:115} INFO - [2022-06-20 01:34:10,915] {dag.py:2371} INFO - Sync 1 DAGs
[2022-06-20 01:34:10,932] {logging_mixin.py:115} INFO - [2022-06-20 01:34:10,932] {dag.py:2919} INFO - Setting next_dagrun for example_time_delta_sensor_async to None, run_after=None
[2022-06-20 01:34:10,946] {processor.py:161} INFO - Processing /home/airflow/.local/lib/python3.7/site-packages/airflow/example_dags/example_time_delta_sensor_async.py took 0.078 seconds
[2022-06-20 01:34:41,727] {processor.py:153} INFO - Started process (PID=271) to work on /home/airflow/.local/lib/python3.7/site-packages/airflow/example_dags/example_time_delta_sensor_async.py
[2022-06-20 01:34:41,737] {processor.py:641} INFO - Processing file /home/airflow/.local/lib/python3.7/site-packages/airflow/example_dags/example_time_delta_sensor_async.py for tasks to queue
[2022-06-20 01:34:41,739] {logging_mixin.py:115} INFO - [2022-06-20 01:34:41,739] {dagbag.py:507} INFO - Filling up the DagBag from /home/airflow/.local/lib/python3.7/site-packages/airflow/example_dags/example_time_delta_sensor_async.py
[2022-06-20 01:34:41,746] {processor.py:651} INFO - DAG(s) dict_keys(['example_time_delta_sensor_async']) retrieved from /home/airflow/.local/lib/python3.7/site-packages/airflow/example_dags/example_time_delta_sensor_async.py
[2022-06-20 01:34:41,789] {logging_mixin.py:115} INFO - [2022-06-20 01:34:41,789] {dag.py:2371} INFO - Sync 1 DAGs
[2022-06-20 01:34:41,810] {logging_mixin.py:115} INFO - [2022-06-20 01:34:41,810] {dag.py:2919} INFO - Setting next_dagrun for example_time_delta_sensor_async to None, run_after=None
[2022-06-20 01:34:41,826] {processor.py:161} INFO - Processing /home/airflow/.local/lib/python3.7/site-packages/airflow/example_dags/example_time_delta_sensor_async.py took 0.106 seconds
[2022-06-20 01:35:11,886] {processor.py:153} INFO - Started process (PID=347) to work on /home/airflow/.local/lib/python3.7/site-packages/airflow/example_dags/example_time_delta_sensor_async.py
[2022-06-20 01:35:11,892] {processor.py:641} INFO - Processing file /home/airflow/.local/lib/python3.7/site-packages/airflow/example_dags/example_time_delta_sensor_async.py for tasks to queue
[2022-06-20 01:35:11,895] {logging_mixin.py:115} INFO - [2022-06-20 01:35:11,895] {dagbag.py:507} INFO - Filling up the DagBag from /home/airflow/.local/lib/python3.7/site-packages/airflow/example_dags/example_time_delta_sensor_async.py
[2022-06-20 01:35:11,902] {processor.py:651} INFO - DAG(s) dict_keys(['example_time_delta_sensor_async']) retrieved from /home/airflow/.local/lib/python3.7/site-packages/airflow/example_dags/example_time_delta_sensor_async.py
[2022-06-20 01:35:11,932] {logging_mixin.py:115} INFO - [2022-06-20 01:35:11,932] {dag.py:2371} INFO - Sync 1 DAGs
[2022-06-20 01:35:11,946] {logging_mixin.py:115} INFO - [2022-06-20 01:35:11,946] {dag.py:2919} INFO - Setting next_dagrun for example_time_delta_sensor_async to None, run_after=None
[2022-06-20 01:35:11,954] {processor.py:161} INFO - Processing /home/airflow/.local/lib/python3.7/site-packages/airflow/example_dags/example_time_delta_sensor_async.py took 0.070 seconds
[2022-06-20 01:35:42,444] {processor.py:153} INFO - Started process (PID=413) to work on /home/airflow/.local/lib/python3.7/site-packages/airflow/example_dags/example_time_delta_sensor_async.py
[2022-06-20 01:35:42,446] {processor.py:641} INFO - Processing file /home/airflow/.local/lib/python3.7/site-packages/airflow/example_dags/example_time_delta_sensor_async.py for tasks to queue
[2022-06-20 01:35:42,447] {logging_mixin.py:115} INFO - [2022-06-20 01:35:42,447] {dagbag.py:507} INFO - Filling up the DagBag from /home/airflow/.local/lib/python3.7/site-packages/airflow/example_dags/example_time_delta_sensor_async.py
[2022-06-20 01:35:42,451] {processor.py:651} INFO - DAG(s) dict_keys(['example_time_delta_sensor_async']) retrieved from /home/airflow/.local/lib/python3.7/site-packages/airflow/example_dags/example_time_delta_sensor_async.py
[2022-06-20 01:35:42,475] {logging_mixin.py:115} INFO - [2022-06-20 01:35:42,475] {dag.py:2371} INFO - Sync 1 DAGs
[2022-06-20 01:35:42,486] {logging_mixin.py:115} INFO - [2022-06-20 01:35:42,486] {dag.py:2919} INFO - Setting next_dagrun for example_time_delta_sensor_async to None, run_after=None
[2022-06-20 01:35:42,492] {processor.py:161} INFO - Processing /home/airflow/.local/lib/python3.7/site-packages/airflow/example_dags/example_time_delta_sensor_async.py took 0.051 seconds
[2022-06-20 01:36:12,977] {processor.py:153} INFO - Started process (PID=488) to work on /home/airflow/.local/lib/python3.7/site-packages/airflow/example_dags/example_time_delta_sensor_async.py
[2022-06-20 01:36:12,978] {processor.py:641} INFO - Processing file /home/airflow/.local/lib/python3.7/site-packages/airflow/example_dags/example_time_delta_sensor_async.py for tasks to queue
[2022-06-20 01:36:12,980] {logging_mixin.py:115} INFO - [2022-06-20 01:36:12,979] {dagbag.py:507} INFO - Filling up the DagBag from /home/airflow/.local/lib/python3.7/site-packages/airflow/example_dags/example_time_delta_sensor_async.py
[2022-06-20 01:36:12,983] {processor.py:651} INFO - DAG(s) dict_keys(['example_time_delta_sensor_async']) retrieved from /home/airflow/.local/lib/python3.7/site-packages/airflow/example_dags/example_time_delta_sensor_async.py
[2022-06-20 01:36:13,008] {logging_mixin.py:115} INFO - [2022-06-20 01:36:13,008] {dag.py:2371} INFO - Sync 1 DAGs
[2022-06-20 01:36:13,020] {logging_mixin.py:115} INFO - [2022-06-20 01:36:13,020] {dag.py:2919} INFO - Setting next_dagrun for example_time_delta_sensor_async to None, run_after=None
[2022-06-20 01:36:13,027] {processor.py:161} INFO - Processing /home/airflow/.local/lib/python3.7/site-packages/airflow/example_dags/example_time_delta_sensor_async.py took 0.052 seconds
[2022-06-20 01:36:43,687] {processor.py:153} INFO - Started process (PID=562) to work on /home/airflow/.local/lib/python3.7/site-packages/airflow/example_dags/example_time_delta_sensor_async.py
[2022-06-20 01:36:43,689] {processor.py:641} INFO - Processing file /home/airflow/.local/lib/python3.7/site-packages/airflow/example_dags/example_time_delta_sensor_async.py for tasks to queue
[2022-06-20 01:36:43,690] {logging_mixin.py:115} INFO - [2022-06-20 01:36:43,690] {dagbag.py:507} INFO - Filling up the DagBag from /home/airflow/.local/lib/python3.7/site-packages/airflow/example_dags/example_time_delta_sensor_async.py
[2022-06-20 01:36:43,694] {processor.py:651} INFO - DAG(s) dict_keys(['example_time_delta_sensor_async']) retrieved from /home/airflow/.local/lib/python3.7/site-packages/airflow/example_dags/example_time_delta_sensor_async.py
[2022-06-20 01:36:43,719] {logging_mixin.py:115} INFO - [2022-06-20 01:36:43,719] {dag.py:2371} INFO - Sync 1 DAGs
[2022-06-20 01:36:43,731] {logging_mixin.py:115} INFO - [2022-06-20 01:36:43,730] {dag.py:2919} INFO - Setting next_dagrun for example_time_delta_sensor_async to None, run_after=None
[2022-06-20 01:36:43,738] {processor.py:161} INFO - Processing /home/airflow/.local/lib/python3.7/site-packages/airflow/example_dags/example_time_delta_sensor_async.py took 0.054 seconds
[2022-06-20 01:37:14,743] {processor.py:153} INFO - Started process (PID=637) to work on /home/airflow/.local/lib/python3.7/site-packages/airflow/example_dags/example_time_delta_sensor_async.py
[2022-06-20 01:37:14,745] {processor.py:641} INFO - Processing file /home/airflow/.local/lib/python3.7/site-packages/airflow/example_dags/example_time_delta_sensor_async.py for tasks to queue
[2022-06-20 01:37:14,747] {logging_mixin.py:115} INFO - [2022-06-20 01:37:14,747] {dagbag.py:507} INFO - Filling up the DagBag from /home/airflow/.local/lib/python3.7/site-packages/airflow/example_dags/example_time_delta_sensor_async.py
[2022-06-20 01:37:14,751] {processor.py:651} INFO - DAG(s) dict_keys(['example_time_delta_sensor_async']) retrieved from /home/airflow/.local/lib/python3.7/site-packages/airflow/example_dags/example_time_delta_sensor_async.py
[2022-06-20 01:37:14,780] {logging_mixin.py:115} INFO - [2022-06-20 01:37:14,780] {dag.py:2371} INFO - Sync 1 DAGs
[2022-06-20 01:37:14,792] {logging_mixin.py:115} INFO - [2022-06-20 01:37:14,792] {dag.py:2919} INFO - Setting next_dagrun for example_time_delta_sensor_async to None, run_after=None
[2022-06-20 01:37:14,799] {processor.py:161} INFO - Processing /home/airflow/.local/lib/python3.7/site-packages/airflow/example_dags/example_time_delta_sensor_async.py took 0.058 seconds
[2022-06-20 01:37:45,200] {processor.py:153} INFO - Started process (PID=712) to work on /home/airflow/.local/lib/python3.7/site-packages/airflow/example_dags/example_time_delta_sensor_async.py
[2022-06-20 01:37:45,202] {processor.py:641} INFO - Processing file /home/airflow/.local/lib/python3.7/site-packages/airflow/example_dags/example_time_delta_sensor_async.py for tasks to queue
[2022-06-20 01:37:45,203] {logging_mixin.py:115} INFO - [2022-06-20 01:37:45,203] {dagbag.py:507} INFO - Filling up the DagBag from /home/airflow/.local/lib/python3.7/site-packages/airflow/example_dags/example_time_delta_sensor_async.py
[2022-06-20 01:37:45,207] {processor.py:651} INFO - DAG(s) dict_keys(['example_time_delta_sensor_async']) retrieved from /home/airflow/.local/lib/python3.7/site-packages/airflow/example_dags/example_time_delta_sensor_async.py
[2022-06-20 01:37:45,231] {logging_mixin.py:115} INFO - [2022-06-20 01:37:45,231] {dag.py:2371} INFO - Sync 1 DAGs
[2022-06-20 01:37:45,242] {logging_mixin.py:115} INFO - [2022-06-20 01:37:45,242] {dag.py:2919} INFO - Setting next_dagrun for example_time_delta_sensor_async to None, run_after=None
[2022-06-20 01:37:45,250] {processor.py:161} INFO - Processing /home/airflow/.local/lib/python3.7/site-packages/airflow/example_dags/example_time_delta_sensor_async.py took 0.052 seconds
[2022-06-20 01:38:15,289] {processor.py:153} INFO - Started process (PID=787) to work on /home/airflow/.local/lib/python3.7/site-packages/airflow/example_dags/example_time_delta_sensor_async.py
[2022-06-20 01:38:15,291] {processor.py:641} INFO - Processing file /home/airflow/.local/lib/python3.7/site-packages/airflow/example_dags/example_time_delta_sensor_async.py for tasks to queue
[2022-06-20 01:38:15,292] {logging_mixin.py:115} INFO - [2022-06-20 01:38:15,292] {dagbag.py:507} INFO - Filling up the DagBag from /home/airflow/.local/lib/python3.7/site-packages/airflow/example_dags/example_time_delta_sensor_async.py
[2022-06-20 01:38:15,296] {processor.py:651} INFO - DAG(s) dict_keys(['example_time_delta_sensor_async']) retrieved from /home/airflow/.local/lib/python3.7/site-packages/airflow/example_dags/example_time_delta_sensor_async.py
[2022-06-20 01:38:15,319] {logging_mixin.py:115} INFO - [2022-06-20 01:38:15,319] {dag.py:2371} INFO - Sync 1 DAGs
[2022-06-20 01:38:15,331] {logging_mixin.py:115} INFO - [2022-06-20 01:38:15,331] {dag.py:2919} INFO - Setting next_dagrun for example_time_delta_sensor_async to None, run_after=None
[2022-06-20 01:38:15,338] {processor.py:161} INFO - Processing /home/airflow/.local/lib/python3.7/site-packages/airflow/example_dags/example_time_delta_sensor_async.py took 0.051 seconds
[2022-06-20 01:38:45,701] {processor.py:153} INFO - Started process (PID=852) to work on /home/airflow/.local/lib/python3.7/site-packages/airflow/example_dags/example_time_delta_sensor_async.py
[2022-06-20 01:38:45,702] {processor.py:641} INFO - Processing file /home/airflow/.local/lib/python3.7/site-packages/airflow/example_dags/example_time_delta_sensor_async.py for tasks to queue
[2022-06-20 01:38:45,704] {logging_mixin.py:115} INFO - [2022-06-20 01:38:45,704] {dagbag.py:507} INFO - Filling up the DagBag from /home/airflow/.local/lib/python3.7/site-packages/airflow/example_dags/example_time_delta_sensor_async.py
[2022-06-20 01:38:45,707] {processor.py:651} INFO - DAG(s) dict_keys(['example_time_delta_sensor_async']) retrieved from /home/airflow/.local/lib/python3.7/site-packages/airflow/example_dags/example_time_delta_sensor_async.py
[2022-06-20 01:38:45,731] {logging_mixin.py:115} INFO - [2022-06-20 01:38:45,731] {dag.py:2371} INFO - Sync 1 DAGs
[2022-06-20 01:38:45,742] {logging_mixin.py:115} INFO - [2022-06-20 01:38:45,742] {dag.py:2919} INFO - Setting next_dagrun for example_time_delta_sensor_async to None, run_after=None
[2022-06-20 01:38:45,748] {processor.py:161} INFO - Processing /home/airflow/.local/lib/python3.7/site-packages/airflow/example_dags/example_time_delta_sensor_async.py took 0.051 seconds
[2022-06-20 01:39:16,205] {processor.py:153} INFO - Started process (PID=951) to work on /home/airflow/.local/lib/python3.7/site-packages/airflow/example_dags/example_time_delta_sensor_async.py
[2022-06-20 01:39:16,206] {processor.py:641} INFO - Processing file /home/airflow/.local/lib/python3.7/site-packages/airflow/example_dags/example_time_delta_sensor_async.py for tasks to queue
[2022-06-20 01:39:16,208] {logging_mixin.py:115} INFO - [2022-06-20 01:39:16,208] {dagbag.py:507} INFO - Filling up the DagBag from /home/airflow/.local/lib/python3.7/site-packages/airflow/example_dags/example_time_delta_sensor_async.py
[2022-06-20 01:39:16,212] {processor.py:651} INFO - DAG(s) dict_keys(['example_time_delta_sensor_async']) retrieved from /home/airflow/.local/lib/python3.7/site-packages/airflow/example_dags/example_time_delta_sensor_async.py
[2022-06-20 01:39:16,235] {logging_mixin.py:115} INFO - [2022-06-20 01:39:16,235] {dag.py:2371} INFO - Sync 1 DAGs
[2022-06-20 01:39:16,247] {logging_mixin.py:115} INFO - [2022-06-20 01:39:16,247] {dag.py:2919} INFO - Setting next_dagrun for example_time_delta_sensor_async to None, run_after=None
[2022-06-20 01:39:16,253] {processor.py:161} INFO - Processing /home/airflow/.local/lib/python3.7/site-packages/airflow/example_dags/example_time_delta_sensor_async.py took 0.050 seconds
[2022-06-20 01:39:47,142] {processor.py:153} INFO - Started process (PID=1027) to work on /home/airflow/.local/lib/python3.7/site-packages/airflow/example_dags/example_time_delta_sensor_async.py
[2022-06-20 01:39:47,144] {processor.py:641} INFO - Processing file /home/airflow/.local/lib/python3.7/site-packages/airflow/example_dags/example_time_delta_sensor_async.py for tasks to queue
[2022-06-20 01:39:47,146] {logging_mixin.py:115} INFO - [2022-06-20 01:39:47,146] {dagbag.py:507} INFO - Filling up the DagBag from /home/airflow/.local/lib/python3.7/site-packages/airflow/example_dags/example_time_delta_sensor_async.py
[2022-06-20 01:39:47,151] {processor.py:651} INFO - DAG(s) dict_keys(['example_time_delta_sensor_async']) retrieved from /home/airflow/.local/lib/python3.7/site-packages/airflow/example_dags/example_time_delta_sensor_async.py
[2022-06-20 01:39:47,195] {logging_mixin.py:115} INFO - [2022-06-20 01:39:47,195] {dag.py:2371} INFO - Sync 1 DAGs
[2022-06-20 01:39:47,244] {logging_mixin.py:115} INFO - [2022-06-20 01:39:47,243] {dag.py:2919} INFO - Setting next_dagrun for example_time_delta_sensor_async to None, run_after=None
[2022-06-20 01:39:47,266] {processor.py:161} INFO - Processing /home/airflow/.local/lib/python3.7/site-packages/airflow/example_dags/example_time_delta_sensor_async.py took 0.127 seconds
[2022-06-20 01:40:17,384] {processor.py:153} INFO - Started process (PID=1098) to work on /home/airflow/.local/lib/python3.7/site-packages/airflow/example_dags/example_time_delta_sensor_async.py
[2022-06-20 01:40:17,386] {processor.py:641} INFO - Processing file /home/airflow/.local/lib/python3.7/site-packages/airflow/example_dags/example_time_delta_sensor_async.py for tasks to queue
[2022-06-20 01:40:17,387] {logging_mixin.py:115} INFO - [2022-06-20 01:40:17,387] {dagbag.py:507} INFO - Filling up the DagBag from /home/airflow/.local/lib/python3.7/site-packages/airflow/example_dags/example_time_delta_sensor_async.py
[2022-06-20 01:40:17,393] {processor.py:651} INFO - DAG(s) dict_keys(['example_time_delta_sensor_async']) retrieved from /home/airflow/.local/lib/python3.7/site-packages/airflow/example_dags/example_time_delta_sensor_async.py
[2022-06-20 01:40:17,416] {logging_mixin.py:115} INFO - [2022-06-20 01:40:17,416] {dag.py:2371} INFO - Sync 1 DAGs
[2022-06-20 01:40:17,428] {logging_mixin.py:115} INFO - [2022-06-20 01:40:17,428] {dag.py:2919} INFO - Setting next_dagrun for example_time_delta_sensor_async to None, run_after=None
[2022-06-20 01:40:17,434] {processor.py:161} INFO - Processing /home/airflow/.local/lib/python3.7/site-packages/airflow/example_dags/example_time_delta_sensor_async.py took 0.052 seconds
[2022-06-20 01:40:48,347] {processor.py:153} INFO - Started process (PID=1173) to work on /home/airflow/.local/lib/python3.7/site-packages/airflow/example_dags/example_time_delta_sensor_async.py
[2022-06-20 01:40:48,348] {processor.py:641} INFO - Processing file /home/airflow/.local/lib/python3.7/site-packages/airflow/example_dags/example_time_delta_sensor_async.py for tasks to queue
[2022-06-20 01:40:48,349] {logging_mixin.py:115} INFO - [2022-06-20 01:40:48,349] {dagbag.py:507} INFO - Filling up the DagBag from /home/airflow/.local/lib/python3.7/site-packages/airflow/example_dags/example_time_delta_sensor_async.py
[2022-06-20 01:40:48,353] {processor.py:651} INFO - DAG(s) dict_keys(['example_time_delta_sensor_async']) retrieved from /home/airflow/.local/lib/python3.7/site-packages/airflow/example_dags/example_time_delta_sensor_async.py
[2022-06-20 01:40:48,377] {logging_mixin.py:115} INFO - [2022-06-20 01:40:48,377] {dag.py:2371} INFO - Sync 1 DAGs
[2022-06-20 01:40:48,389] {logging_mixin.py:115} INFO - [2022-06-20 01:40:48,389] {dag.py:2919} INFO - Setting next_dagrun for example_time_delta_sensor_async to None, run_after=None
[2022-06-20 01:40:48,395] {processor.py:161} INFO - Processing /home/airflow/.local/lib/python3.7/site-packages/airflow/example_dags/example_time_delta_sensor_async.py took 0.050 seconds
[2022-06-20 01:41:18,890] {processor.py:153} INFO - Started process (PID=1245) to work on /home/airflow/.local/lib/python3.7/site-packages/airflow/example_dags/example_time_delta_sensor_async.py
[2022-06-20 01:41:18,892] {processor.py:641} INFO - Processing file /home/airflow/.local/lib/python3.7/site-packages/airflow/example_dags/example_time_delta_sensor_async.py for tasks to queue
[2022-06-20 01:41:18,893] {logging_mixin.py:115} INFO - [2022-06-20 01:41:18,893] {dagbag.py:507} INFO - Filling up the DagBag from /home/airflow/.local/lib/python3.7/site-packages/airflow/example_dags/example_time_delta_sensor_async.py
[2022-06-20 01:41:18,897] {processor.py:651} INFO - DAG(s) dict_keys(['example_time_delta_sensor_async']) retrieved from /home/airflow/.local/lib/python3.7/site-packages/airflow/example_dags/example_time_delta_sensor_async.py
[2022-06-20 01:41:18,923] {logging_mixin.py:115} INFO - [2022-06-20 01:41:18,923] {dag.py:2371} INFO - Sync 1 DAGs
[2022-06-20 01:41:18,936] {logging_mixin.py:115} INFO - [2022-06-20 01:41:18,936] {dag.py:2919} INFO - Setting next_dagrun for example_time_delta_sensor_async to None, run_after=None
[2022-06-20 01:41:18,944] {processor.py:161} INFO - Processing /home/airflow/.local/lib/python3.7/site-packages/airflow/example_dags/example_time_delta_sensor_async.py took 0.057 seconds
[2022-06-20 01:41:50,016] {processor.py:153} INFO - Started process (PID=1319) to work on /home/airflow/.local/lib/python3.7/site-packages/airflow/example_dags/example_time_delta_sensor_async.py
[2022-06-20 01:41:50,018] {processor.py:641} INFO - Processing file /home/airflow/.local/lib/python3.7/site-packages/airflow/example_dags/example_time_delta_sensor_async.py for tasks to queue
[2022-06-20 01:41:50,019] {logging_mixin.py:115} INFO - [2022-06-20 01:41:50,019] {dagbag.py:507} INFO - Filling up the DagBag from /home/airflow/.local/lib/python3.7/site-packages/airflow/example_dags/example_time_delta_sensor_async.py
[2022-06-20 01:41:50,024] {processor.py:651} INFO - DAG(s) dict_keys(['example_time_delta_sensor_async']) retrieved from /home/airflow/.local/lib/python3.7/site-packages/airflow/example_dags/example_time_delta_sensor_async.py
[2022-06-20 01:41:50,052] {logging_mixin.py:115} INFO - [2022-06-20 01:41:50,052] {dag.py:2371} INFO - Sync 1 DAGs
[2022-06-20 01:41:50,071] {logging_mixin.py:115} INFO - [2022-06-20 01:41:50,071] {dag.py:2919} INFO - Setting next_dagrun for example_time_delta_sensor_async to None, run_after=None
[2022-06-20 01:41:50,080] {processor.py:161} INFO - Processing /home/airflow/.local/lib/python3.7/site-packages/airflow/example_dags/example_time_delta_sensor_async.py took 0.066 seconds
[2022-06-20 01:42:20,802] {processor.py:153} INFO - Started process (PID=1384) to work on /home/airflow/.local/lib/python3.7/site-packages/airflow/example_dags/example_time_delta_sensor_async.py
[2022-06-20 01:42:20,803] {processor.py:641} INFO - Processing file /home/airflow/.local/lib/python3.7/site-packages/airflow/example_dags/example_time_delta_sensor_async.py for tasks to queue
[2022-06-20 01:42:20,805] {logging_mixin.py:115} INFO - [2022-06-20 01:42:20,805] {dagbag.py:507} INFO - Filling up the DagBag from /home/airflow/.local/lib/python3.7/site-packages/airflow/example_dags/example_time_delta_sensor_async.py
[2022-06-20 01:42:20,809] {processor.py:651} INFO - DAG(s) dict_keys(['example_time_delta_sensor_async']) retrieved from /home/airflow/.local/lib/python3.7/site-packages/airflow/example_dags/example_time_delta_sensor_async.py
[2022-06-20 01:42:20,840] {logging_mixin.py:115} INFO - [2022-06-20 01:42:20,840] {dag.py:2371} INFO - Sync 1 DAGs
[2022-06-20 01:42:20,857] {logging_mixin.py:115} INFO - [2022-06-20 01:42:20,857] {dag.py:2919} INFO - Setting next_dagrun for example_time_delta_sensor_async to None, run_after=None
[2022-06-20 01:42:20,868] {processor.py:161} INFO - Processing /home/airflow/.local/lib/python3.7/site-packages/airflow/example_dags/example_time_delta_sensor_async.py took 0.069 seconds
