[2022-06-20 01:19:35,911] {processor.py:153} INFO - Started process (PID=95) to work on /home/airflow/.local/lib/python3.7/site-packages/airflow/example_dags/example_branch_labels.py
[2022-06-20 01:19:35,919] {processor.py:641} INFO - Processing file /home/airflow/.local/lib/python3.7/site-packages/airflow/example_dags/example_branch_labels.py for tasks to queue
[2022-06-20 01:19:35,934] {logging_mixin.py:115} INFO - [2022-06-20 01:19:35,934] {dagbag.py:507} INFO - Filling up the DagBag from /home/airflow/.local/lib/python3.7/site-packages/airflow/example_dags/example_branch_labels.py
[2022-06-20 01:19:35,953] {processor.py:651} INFO - DAG(s) dict_keys(['example_branch_labels']) retrieved from /home/airflow/.local/lib/python3.7/site-packages/airflow/example_dags/example_branch_labels.py
[2022-06-20 01:19:35,995] {logging_mixin.py:115} INFO - [2022-06-20 01:19:35,995] {dag.py:2371} INFO - Sync 1 DAGs
[2022-06-20 01:19:36,061] {logging_mixin.py:115} INFO - [2022-06-20 01:19:36,061] {dag.py:2919} INFO - Setting next_dagrun for example_branch_labels to 2022-06-19T00:00:00+00:00, run_after=2022-06-20T00:00:00+00:00
[2022-06-20 01:19:36,081] {processor.py:161} INFO - Processing /home/airflow/.local/lib/python3.7/site-packages/airflow/example_dags/example_branch_labels.py took 0.177 seconds
[2022-06-20 01:22:40,299] {processor.py:153} INFO - Started process (PID=86) to work on /home/airflow/.local/lib/python3.7/site-packages/airflow/example_dags/example_branch_labels.py
[2022-06-20 01:22:40,307] {processor.py:641} INFO - Processing file /home/airflow/.local/lib/python3.7/site-packages/airflow/example_dags/example_branch_labels.py for tasks to queue
[2022-06-20 01:22:40,308] {logging_mixin.py:115} INFO - [2022-06-20 01:22:40,308] {dagbag.py:507} INFO - Filling up the DagBag from /home/airflow/.local/lib/python3.7/site-packages/airflow/example_dags/example_branch_labels.py
[2022-06-20 01:22:40,314] {processor.py:651} INFO - DAG(s) dict_keys(['example_branch_labels']) retrieved from /home/airflow/.local/lib/python3.7/site-packages/airflow/example_dags/example_branch_labels.py
[2022-06-20 01:22:40,371] {logging_mixin.py:115} INFO - [2022-06-20 01:22:40,371] {manager.py:508} INFO - Created Permission View: can delete on DAG:example_branch_labels
[2022-06-20 01:22:40,380] {logging_mixin.py:115} INFO - [2022-06-20 01:22:40,379] {manager.py:508} INFO - Created Permission View: can read on DAG:example_branch_labels
[2022-06-20 01:22:40,392] {logging_mixin.py:115} INFO - [2022-06-20 01:22:40,392] {manager.py:508} INFO - Created Permission View: can edit on DAG:example_branch_labels
[2022-06-20 01:22:40,395] {logging_mixin.py:115} INFO - [2022-06-20 01:22:40,394] {dag.py:2371} INFO - Sync 1 DAGs
[2022-06-20 01:22:40,403] {logging_mixin.py:115} INFO - [2022-06-20 01:22:40,403] {dag.py:2390} INFO - Creating ORM DAG for example_branch_labels
[2022-06-20 01:22:40,509] {logging_mixin.py:115} INFO - [2022-06-20 01:22:40,509] {dag.py:2919} INFO - Setting next_dagrun for example_branch_labels to 2022-06-19T00:00:00+00:00, run_after=2022-06-20T00:00:00+00:00
[2022-06-20 01:22:40,519] {processor.py:161} INFO - Processing /home/airflow/.local/lib/python3.7/site-packages/airflow/example_dags/example_branch_labels.py took 0.222 seconds
[2022-06-20 01:23:10,733] {processor.py:153} INFO - Started process (PID=159) to work on /home/airflow/.local/lib/python3.7/site-packages/airflow/example_dags/example_branch_labels.py
[2022-06-20 01:23:10,735] {processor.py:641} INFO - Processing file /home/airflow/.local/lib/python3.7/site-packages/airflow/example_dags/example_branch_labels.py for tasks to queue
[2022-06-20 01:23:10,737] {logging_mixin.py:115} INFO - [2022-06-20 01:23:10,737] {dagbag.py:507} INFO - Filling up the DagBag from /home/airflow/.local/lib/python3.7/site-packages/airflow/example_dags/example_branch_labels.py
[2022-06-20 01:23:10,742] {processor.py:651} INFO - DAG(s) dict_keys(['example_branch_labels']) retrieved from /home/airflow/.local/lib/python3.7/site-packages/airflow/example_dags/example_branch_labels.py
[2022-06-20 01:23:10,763] {logging_mixin.py:115} INFO - [2022-06-20 01:23:10,763] {dag.py:2371} INFO - Sync 1 DAGs
[2022-06-20 01:23:10,782] {logging_mixin.py:115} INFO - [2022-06-20 01:23:10,782] {dag.py:2919} INFO - Setting next_dagrun for example_branch_labels to 2022-06-19T00:00:00+00:00, run_after=2022-06-20T00:00:00+00:00
[2022-06-20 01:23:10,790] {processor.py:161} INFO - Processing /home/airflow/.local/lib/python3.7/site-packages/airflow/example_dags/example_branch_labels.py took 0.064 seconds
[2022-06-20 01:23:41,014] {processor.py:153} INFO - Started process (PID=231) to work on /home/airflow/.local/lib/python3.7/site-packages/airflow/example_dags/example_branch_labels.py
[2022-06-20 01:23:41,015] {processor.py:641} INFO - Processing file /home/airflow/.local/lib/python3.7/site-packages/airflow/example_dags/example_branch_labels.py for tasks to queue
[2022-06-20 01:23:41,017] {logging_mixin.py:115} INFO - [2022-06-20 01:23:41,017] {dagbag.py:507} INFO - Filling up the DagBag from /home/airflow/.local/lib/python3.7/site-packages/airflow/example_dags/example_branch_labels.py
[2022-06-20 01:23:41,021] {processor.py:651} INFO - DAG(s) dict_keys(['example_branch_labels']) retrieved from /home/airflow/.local/lib/python3.7/site-packages/airflow/example_dags/example_branch_labels.py
[2022-06-20 01:23:41,038] {logging_mixin.py:115} INFO - [2022-06-20 01:23:41,038] {dag.py:2371} INFO - Sync 1 DAGs
[2022-06-20 01:23:41,053] {logging_mixin.py:115} INFO - [2022-06-20 01:23:41,052] {dag.py:2919} INFO - Setting next_dagrun for example_branch_labels to 2022-06-19T00:00:00+00:00, run_after=2022-06-20T00:00:00+00:00
[2022-06-20 01:23:41,061] {processor.py:161} INFO - Processing /home/airflow/.local/lib/python3.7/site-packages/airflow/example_dags/example_branch_labels.py took 0.049 seconds
[2022-06-20 01:24:11,980] {processor.py:153} INFO - Started process (PID=303) to work on /home/airflow/.local/lib/python3.7/site-packages/airflow/example_dags/example_branch_labels.py
[2022-06-20 01:24:11,982] {processor.py:641} INFO - Processing file /home/airflow/.local/lib/python3.7/site-packages/airflow/example_dags/example_branch_labels.py for tasks to queue
[2022-06-20 01:24:11,983] {logging_mixin.py:115} INFO - [2022-06-20 01:24:11,983] {dagbag.py:507} INFO - Filling up the DagBag from /home/airflow/.local/lib/python3.7/site-packages/airflow/example_dags/example_branch_labels.py
[2022-06-20 01:24:11,987] {processor.py:651} INFO - DAG(s) dict_keys(['example_branch_labels']) retrieved from /home/airflow/.local/lib/python3.7/site-packages/airflow/example_dags/example_branch_labels.py
[2022-06-20 01:24:12,004] {logging_mixin.py:115} INFO - [2022-06-20 01:24:12,004] {dag.py:2371} INFO - Sync 1 DAGs
[2022-06-20 01:24:12,017] {logging_mixin.py:115} INFO - [2022-06-20 01:24:12,017] {dag.py:2919} INFO - Setting next_dagrun for example_branch_labels to 2022-06-19T00:00:00+00:00, run_after=2022-06-20T00:00:00+00:00
[2022-06-20 01:24:12,024] {processor.py:161} INFO - Processing /home/airflow/.local/lib/python3.7/site-packages/airflow/example_dags/example_branch_labels.py took 0.045 seconds
[2022-06-20 01:24:42,292] {processor.py:153} INFO - Started process (PID=374) to work on /home/airflow/.local/lib/python3.7/site-packages/airflow/example_dags/example_branch_labels.py
[2022-06-20 01:24:42,294] {processor.py:641} INFO - Processing file /home/airflow/.local/lib/python3.7/site-packages/airflow/example_dags/example_branch_labels.py for tasks to queue
[2022-06-20 01:24:42,295] {logging_mixin.py:115} INFO - [2022-06-20 01:24:42,295] {dagbag.py:507} INFO - Filling up the DagBag from /home/airflow/.local/lib/python3.7/site-packages/airflow/example_dags/example_branch_labels.py
[2022-06-20 01:24:42,301] {processor.py:651} INFO - DAG(s) dict_keys(['example_branch_labels']) retrieved from /home/airflow/.local/lib/python3.7/site-packages/airflow/example_dags/example_branch_labels.py
[2022-06-20 01:24:42,322] {logging_mixin.py:115} INFO - [2022-06-20 01:24:42,322] {dag.py:2371} INFO - Sync 1 DAGs
[2022-06-20 01:24:42,342] {logging_mixin.py:115} INFO - [2022-06-20 01:24:42,342] {dag.py:2919} INFO - Setting next_dagrun for example_branch_labels to 2022-06-19T00:00:00+00:00, run_after=2022-06-20T00:00:00+00:00
[2022-06-20 01:24:42,350] {processor.py:161} INFO - Processing /home/airflow/.local/lib/python3.7/site-packages/airflow/example_dags/example_branch_labels.py took 0.061 seconds
[2022-06-20 01:25:12,496] {processor.py:153} INFO - Started process (PID=436) to work on /home/airflow/.local/lib/python3.7/site-packages/airflow/example_dags/example_branch_labels.py
[2022-06-20 01:25:12,497] {processor.py:641} INFO - Processing file /home/airflow/.local/lib/python3.7/site-packages/airflow/example_dags/example_branch_labels.py for tasks to queue
[2022-06-20 01:25:12,498] {logging_mixin.py:115} INFO - [2022-06-20 01:25:12,498] {dagbag.py:507} INFO - Filling up the DagBag from /home/airflow/.local/lib/python3.7/site-packages/airflow/example_dags/example_branch_labels.py
[2022-06-20 01:25:12,502] {processor.py:651} INFO - DAG(s) dict_keys(['example_branch_labels']) retrieved from /home/airflow/.local/lib/python3.7/site-packages/airflow/example_dags/example_branch_labels.py
[2022-06-20 01:25:12,521] {logging_mixin.py:115} INFO - [2022-06-20 01:25:12,521] {dag.py:2371} INFO - Sync 1 DAGs
[2022-06-20 01:25:12,540] {logging_mixin.py:115} INFO - [2022-06-20 01:25:12,540] {dag.py:2919} INFO - Setting next_dagrun for example_branch_labels to 2022-06-19T00:00:00+00:00, run_after=2022-06-20T00:00:00+00:00
[2022-06-20 01:25:12,548] {processor.py:161} INFO - Processing /home/airflow/.local/lib/python3.7/site-packages/airflow/example_dags/example_branch_labels.py took 0.054 seconds
[2022-06-20 01:25:42,765] {processor.py:153} INFO - Started process (PID=508) to work on /home/airflow/.local/lib/python3.7/site-packages/airflow/example_dags/example_branch_labels.py
[2022-06-20 01:25:42,767] {processor.py:641} INFO - Processing file /home/airflow/.local/lib/python3.7/site-packages/airflow/example_dags/example_branch_labels.py for tasks to queue
[2022-06-20 01:25:42,768] {logging_mixin.py:115} INFO - [2022-06-20 01:25:42,768] {dagbag.py:507} INFO - Filling up the DagBag from /home/airflow/.local/lib/python3.7/site-packages/airflow/example_dags/example_branch_labels.py
[2022-06-20 01:25:42,772] {processor.py:651} INFO - DAG(s) dict_keys(['example_branch_labels']) retrieved from /home/airflow/.local/lib/python3.7/site-packages/airflow/example_dags/example_branch_labels.py
[2022-06-20 01:25:42,791] {logging_mixin.py:115} INFO - [2022-06-20 01:25:42,791] {dag.py:2371} INFO - Sync 1 DAGs
[2022-06-20 01:25:42,804] {logging_mixin.py:115} INFO - [2022-06-20 01:25:42,804] {dag.py:2919} INFO - Setting next_dagrun for example_branch_labels to 2022-06-19T00:00:00+00:00, run_after=2022-06-20T00:00:00+00:00
[2022-06-20 01:25:42,812] {processor.py:161} INFO - Processing /home/airflow/.local/lib/python3.7/site-packages/airflow/example_dags/example_branch_labels.py took 0.049 seconds
[2022-06-20 01:26:13,149] {processor.py:153} INFO - Started process (PID=579) to work on /home/airflow/.local/lib/python3.7/site-packages/airflow/example_dags/example_branch_labels.py
[2022-06-20 01:26:13,154] {processor.py:641} INFO - Processing file /home/airflow/.local/lib/python3.7/site-packages/airflow/example_dags/example_branch_labels.py for tasks to queue
[2022-06-20 01:26:13,157] {logging_mixin.py:115} INFO - [2022-06-20 01:26:13,157] {dagbag.py:507} INFO - Filling up the DagBag from /home/airflow/.local/lib/python3.7/site-packages/airflow/example_dags/example_branch_labels.py
[2022-06-20 01:26:13,164] {processor.py:651} INFO - DAG(s) dict_keys(['example_branch_labels']) retrieved from /home/airflow/.local/lib/python3.7/site-packages/airflow/example_dags/example_branch_labels.py
[2022-06-20 01:26:13,199] {logging_mixin.py:115} INFO - [2022-06-20 01:26:13,199] {dag.py:2371} INFO - Sync 1 DAGs
[2022-06-20 01:26:13,219] {logging_mixin.py:115} INFO - [2022-06-20 01:26:13,219] {dag.py:2919} INFO - Setting next_dagrun for example_branch_labels to 2022-06-19T00:00:00+00:00, run_after=2022-06-20T00:00:00+00:00
[2022-06-20 01:26:13,231] {processor.py:161} INFO - Processing /home/airflow/.local/lib/python3.7/site-packages/airflow/example_dags/example_branch_labels.py took 0.084 seconds
[2022-06-20 01:26:43,891] {processor.py:153} INFO - Started process (PID=650) to work on /home/airflow/.local/lib/python3.7/site-packages/airflow/example_dags/example_branch_labels.py
[2022-06-20 01:26:43,894] {processor.py:641} INFO - Processing file /home/airflow/.local/lib/python3.7/site-packages/airflow/example_dags/example_branch_labels.py for tasks to queue
[2022-06-20 01:26:43,896] {logging_mixin.py:115} INFO - [2022-06-20 01:26:43,896] {dagbag.py:507} INFO - Filling up the DagBag from /home/airflow/.local/lib/python3.7/site-packages/airflow/example_dags/example_branch_labels.py
[2022-06-20 01:26:43,903] {processor.py:651} INFO - DAG(s) dict_keys(['example_branch_labels']) retrieved from /home/airflow/.local/lib/python3.7/site-packages/airflow/example_dags/example_branch_labels.py
[2022-06-20 01:26:43,936] {logging_mixin.py:115} INFO - [2022-06-20 01:26:43,936] {dag.py:2371} INFO - Sync 1 DAGs
[2022-06-20 01:26:43,953] {logging_mixin.py:115} INFO - [2022-06-20 01:26:43,953] {dag.py:2919} INFO - Setting next_dagrun for example_branch_labels to 2022-06-19T00:00:00+00:00, run_after=2022-06-20T00:00:00+00:00
[2022-06-20 01:26:43,966] {processor.py:161} INFO - Processing /home/airflow/.local/lib/python3.7/site-packages/airflow/example_dags/example_branch_labels.py took 0.078 seconds
[2022-06-20 01:27:14,077] {processor.py:153} INFO - Started process (PID=722) to work on /home/airflow/.local/lib/python3.7/site-packages/airflow/example_dags/example_branch_labels.py
[2022-06-20 01:27:14,080] {processor.py:641} INFO - Processing file /home/airflow/.local/lib/python3.7/site-packages/airflow/example_dags/example_branch_labels.py for tasks to queue
[2022-06-20 01:27:14,082] {logging_mixin.py:115} INFO - [2022-06-20 01:27:14,082] {dagbag.py:507} INFO - Filling up the DagBag from /home/airflow/.local/lib/python3.7/site-packages/airflow/example_dags/example_branch_labels.py
[2022-06-20 01:27:14,089] {processor.py:651} INFO - DAG(s) dict_keys(['example_branch_labels']) retrieved from /home/airflow/.local/lib/python3.7/site-packages/airflow/example_dags/example_branch_labels.py
[2022-06-20 01:27:14,107] {logging_mixin.py:115} INFO - [2022-06-20 01:27:14,107] {dag.py:2371} INFO - Sync 1 DAGs
[2022-06-20 01:27:14,120] {logging_mixin.py:115} INFO - [2022-06-20 01:27:14,120] {dag.py:2919} INFO - Setting next_dagrun for example_branch_labels to 2022-06-19T00:00:00+00:00, run_after=2022-06-20T00:00:00+00:00
[2022-06-20 01:27:14,129] {processor.py:161} INFO - Processing /home/airflow/.local/lib/python3.7/site-packages/airflow/example_dags/example_branch_labels.py took 0.054 seconds
[2022-06-20 01:27:44,398] {processor.py:153} INFO - Started process (PID=794) to work on /home/airflow/.local/lib/python3.7/site-packages/airflow/example_dags/example_branch_labels.py
[2022-06-20 01:27:44,400] {processor.py:641} INFO - Processing file /home/airflow/.local/lib/python3.7/site-packages/airflow/example_dags/example_branch_labels.py for tasks to queue
[2022-06-20 01:27:44,402] {logging_mixin.py:115} INFO - [2022-06-20 01:27:44,401] {dagbag.py:507} INFO - Filling up the DagBag from /home/airflow/.local/lib/python3.7/site-packages/airflow/example_dags/example_branch_labels.py
[2022-06-20 01:27:44,406] {processor.py:651} INFO - DAG(s) dict_keys(['example_branch_labels']) retrieved from /home/airflow/.local/lib/python3.7/site-packages/airflow/example_dags/example_branch_labels.py
[2022-06-20 01:27:44,426] {logging_mixin.py:115} INFO - [2022-06-20 01:27:44,426] {dag.py:2371} INFO - Sync 1 DAGs
[2022-06-20 01:27:44,444] {logging_mixin.py:115} INFO - [2022-06-20 01:27:44,444] {dag.py:2919} INFO - Setting next_dagrun for example_branch_labels to 2022-06-19T00:00:00+00:00, run_after=2022-06-20T00:00:00+00:00
[2022-06-20 01:27:44,456] {processor.py:161} INFO - Processing /home/airflow/.local/lib/python3.7/site-packages/airflow/example_dags/example_branch_labels.py took 0.060 seconds
[2022-06-20 01:28:14,638] {processor.py:153} INFO - Started process (PID=856) to work on /home/airflow/.local/lib/python3.7/site-packages/airflow/example_dags/example_branch_labels.py
[2022-06-20 01:28:14,640] {processor.py:641} INFO - Processing file /home/airflow/.local/lib/python3.7/site-packages/airflow/example_dags/example_branch_labels.py for tasks to queue
[2022-06-20 01:28:14,641] {logging_mixin.py:115} INFO - [2022-06-20 01:28:14,641] {dagbag.py:507} INFO - Filling up the DagBag from /home/airflow/.local/lib/python3.7/site-packages/airflow/example_dags/example_branch_labels.py
[2022-06-20 01:28:14,645] {processor.py:651} INFO - DAG(s) dict_keys(['example_branch_labels']) retrieved from /home/airflow/.local/lib/python3.7/site-packages/airflow/example_dags/example_branch_labels.py
[2022-06-20 01:28:14,665] {logging_mixin.py:115} INFO - [2022-06-20 01:28:14,665] {dag.py:2371} INFO - Sync 1 DAGs
[2022-06-20 01:28:14,680] {logging_mixin.py:115} INFO - [2022-06-20 01:28:14,680] {dag.py:2919} INFO - Setting next_dagrun for example_branch_labels to 2022-06-19T00:00:00+00:00, run_after=2022-06-20T00:00:00+00:00
[2022-06-20 01:28:14,686] {processor.py:161} INFO - Processing /home/airflow/.local/lib/python3.7/site-packages/airflow/example_dags/example_branch_labels.py took 0.050 seconds
[2022-06-20 01:28:45,337] {processor.py:153} INFO - Started process (PID=928) to work on /home/airflow/.local/lib/python3.7/site-packages/airflow/example_dags/example_branch_labels.py
[2022-06-20 01:28:45,339] {processor.py:641} INFO - Processing file /home/airflow/.local/lib/python3.7/site-packages/airflow/example_dags/example_branch_labels.py for tasks to queue
[2022-06-20 01:28:45,340] {logging_mixin.py:115} INFO - [2022-06-20 01:28:45,340] {dagbag.py:507} INFO - Filling up the DagBag from /home/airflow/.local/lib/python3.7/site-packages/airflow/example_dags/example_branch_labels.py
[2022-06-20 01:28:45,344] {processor.py:651} INFO - DAG(s) dict_keys(['example_branch_labels']) retrieved from /home/airflow/.local/lib/python3.7/site-packages/airflow/example_dags/example_branch_labels.py
[2022-06-20 01:28:45,362] {logging_mixin.py:115} INFO - [2022-06-20 01:28:45,361] {dag.py:2371} INFO - Sync 1 DAGs
[2022-06-20 01:28:45,378] {logging_mixin.py:115} INFO - [2022-06-20 01:28:45,378] {dag.py:2919} INFO - Setting next_dagrun for example_branch_labels to 2022-06-19T00:00:00+00:00, run_after=2022-06-20T00:00:00+00:00
[2022-06-20 01:28:45,385] {processor.py:161} INFO - Processing /home/airflow/.local/lib/python3.7/site-packages/airflow/example_dags/example_branch_labels.py took 0.051 seconds
[2022-06-20 01:29:16,357] {processor.py:153} INFO - Started process (PID=999) to work on /home/airflow/.local/lib/python3.7/site-packages/airflow/example_dags/example_branch_labels.py
[2022-06-20 01:29:16,359] {processor.py:641} INFO - Processing file /home/airflow/.local/lib/python3.7/site-packages/airflow/example_dags/example_branch_labels.py for tasks to queue
[2022-06-20 01:29:16,360] {logging_mixin.py:115} INFO - [2022-06-20 01:29:16,360] {dagbag.py:507} INFO - Filling up the DagBag from /home/airflow/.local/lib/python3.7/site-packages/airflow/example_dags/example_branch_labels.py
[2022-06-20 01:29:16,364] {processor.py:651} INFO - DAG(s) dict_keys(['example_branch_labels']) retrieved from /home/airflow/.local/lib/python3.7/site-packages/airflow/example_dags/example_branch_labels.py
[2022-06-20 01:29:16,387] {logging_mixin.py:115} INFO - [2022-06-20 01:29:16,387] {dag.py:2371} INFO - Sync 1 DAGs
[2022-06-20 01:29:16,402] {logging_mixin.py:115} INFO - [2022-06-20 01:29:16,402] {dag.py:2919} INFO - Setting next_dagrun for example_branch_labels to 2022-06-19T00:00:00+00:00, run_after=2022-06-20T00:00:00+00:00
[2022-06-20 01:29:16,411] {processor.py:161} INFO - Processing /home/airflow/.local/lib/python3.7/site-packages/airflow/example_dags/example_branch_labels.py took 0.056 seconds
[2022-06-20 01:29:46,495] {processor.py:153} INFO - Started process (PID=1070) to work on /home/airflow/.local/lib/python3.7/site-packages/airflow/example_dags/example_branch_labels.py
[2022-06-20 01:29:46,496] {processor.py:641} INFO - Processing file /home/airflow/.local/lib/python3.7/site-packages/airflow/example_dags/example_branch_labels.py for tasks to queue
[2022-06-20 01:29:46,498] {logging_mixin.py:115} INFO - [2022-06-20 01:29:46,498] {dagbag.py:507} INFO - Filling up the DagBag from /home/airflow/.local/lib/python3.7/site-packages/airflow/example_dags/example_branch_labels.py
[2022-06-20 01:29:46,503] {processor.py:651} INFO - DAG(s) dict_keys(['example_branch_labels']) retrieved from /home/airflow/.local/lib/python3.7/site-packages/airflow/example_dags/example_branch_labels.py
[2022-06-20 01:29:46,523] {logging_mixin.py:115} INFO - [2022-06-20 01:29:46,523] {dag.py:2371} INFO - Sync 1 DAGs
[2022-06-20 01:29:46,540] {logging_mixin.py:115} INFO - [2022-06-20 01:29:46,540] {dag.py:2919} INFO - Setting next_dagrun for example_branch_labels to 2022-06-19T00:00:00+00:00, run_after=2022-06-20T00:00:00+00:00
[2022-06-20 01:29:46,549] {processor.py:161} INFO - Processing /home/airflow/.local/lib/python3.7/site-packages/airflow/example_dags/example_branch_labels.py took 0.056 seconds
[2022-06-20 01:30:16,775] {processor.py:153} INFO - Started process (PID=1142) to work on /home/airflow/.local/lib/python3.7/site-packages/airflow/example_dags/example_branch_labels.py
[2022-06-20 01:30:16,777] {processor.py:641} INFO - Processing file /home/airflow/.local/lib/python3.7/site-packages/airflow/example_dags/example_branch_labels.py for tasks to queue
[2022-06-20 01:30:16,778] {logging_mixin.py:115} INFO - [2022-06-20 01:30:16,778] {dagbag.py:507} INFO - Filling up the DagBag from /home/airflow/.local/lib/python3.7/site-packages/airflow/example_dags/example_branch_labels.py
[2022-06-20 01:30:16,782] {processor.py:651} INFO - DAG(s) dict_keys(['example_branch_labels']) retrieved from /home/airflow/.local/lib/python3.7/site-packages/airflow/example_dags/example_branch_labels.py
[2022-06-20 01:30:16,801] {logging_mixin.py:115} INFO - [2022-06-20 01:30:16,801] {dag.py:2371} INFO - Sync 1 DAGs
[2022-06-20 01:30:16,814] {logging_mixin.py:115} INFO - [2022-06-20 01:30:16,814] {dag.py:2919} INFO - Setting next_dagrun for example_branch_labels to 2022-06-19T00:00:00+00:00, run_after=2022-06-20T00:00:00+00:00
[2022-06-20 01:30:16,821] {processor.py:161} INFO - Processing /home/airflow/.local/lib/python3.7/site-packages/airflow/example_dags/example_branch_labels.py took 0.048 seconds
[2022-06-20 01:30:47,188] {processor.py:153} INFO - Started process (PID=1203) to work on /home/airflow/.local/lib/python3.7/site-packages/airflow/example_dags/example_branch_labels.py
[2022-06-20 01:30:47,189] {processor.py:641} INFO - Processing file /home/airflow/.local/lib/python3.7/site-packages/airflow/example_dags/example_branch_labels.py for tasks to queue
[2022-06-20 01:30:47,191] {logging_mixin.py:115} INFO - [2022-06-20 01:30:47,191] {dagbag.py:507} INFO - Filling up the DagBag from /home/airflow/.local/lib/python3.7/site-packages/airflow/example_dags/example_branch_labels.py
[2022-06-20 01:30:47,194] {processor.py:651} INFO - DAG(s) dict_keys(['example_branch_labels']) retrieved from /home/airflow/.local/lib/python3.7/site-packages/airflow/example_dags/example_branch_labels.py
[2022-06-20 01:30:47,219] {logging_mixin.py:115} INFO - [2022-06-20 01:30:47,219] {dag.py:2371} INFO - Sync 1 DAGs
[2022-06-20 01:30:47,235] {logging_mixin.py:115} INFO - [2022-06-20 01:30:47,235] {dag.py:2919} INFO - Setting next_dagrun for example_branch_labels to 2022-06-19T00:00:00+00:00, run_after=2022-06-20T00:00:00+00:00
[2022-06-20 01:30:47,246] {processor.py:161} INFO - Processing /home/airflow/.local/lib/python3.7/site-packages/airflow/example_dags/example_branch_labels.py took 0.060 seconds
[2022-06-20 01:31:17,600] {processor.py:153} INFO - Started process (PID=1276) to work on /home/airflow/.local/lib/python3.7/site-packages/airflow/example_dags/example_branch_labels.py
[2022-06-20 01:31:17,602] {processor.py:641} INFO - Processing file /home/airflow/.local/lib/python3.7/site-packages/airflow/example_dags/example_branch_labels.py for tasks to queue
[2022-06-20 01:31:17,603] {logging_mixin.py:115} INFO - [2022-06-20 01:31:17,603] {dagbag.py:507} INFO - Filling up the DagBag from /home/airflow/.local/lib/python3.7/site-packages/airflow/example_dags/example_branch_labels.py
[2022-06-20 01:31:17,609] {processor.py:651} INFO - DAG(s) dict_keys(['example_branch_labels']) retrieved from /home/airflow/.local/lib/python3.7/site-packages/airflow/example_dags/example_branch_labels.py
[2022-06-20 01:31:17,627] {logging_mixin.py:115} INFO - [2022-06-20 01:31:17,627] {dag.py:2371} INFO - Sync 1 DAGs
[2022-06-20 01:31:17,641] {logging_mixin.py:115} INFO - [2022-06-20 01:31:17,641] {dag.py:2919} INFO - Setting next_dagrun for example_branch_labels to 2022-06-19T00:00:00+00:00, run_after=2022-06-20T00:00:00+00:00
[2022-06-20 01:31:17,648] {processor.py:161} INFO - Processing /home/airflow/.local/lib/python3.7/site-packages/airflow/example_dags/example_branch_labels.py took 0.049 seconds
[2022-06-20 01:31:47,917] {processor.py:153} INFO - Started process (PID=1348) to work on /home/airflow/.local/lib/python3.7/site-packages/airflow/example_dags/example_branch_labels.py
[2022-06-20 01:31:47,919] {processor.py:641} INFO - Processing file /home/airflow/.local/lib/python3.7/site-packages/airflow/example_dags/example_branch_labels.py for tasks to queue
[2022-06-20 01:31:47,920] {logging_mixin.py:115} INFO - [2022-06-20 01:31:47,919] {dagbag.py:507} INFO - Filling up the DagBag from /home/airflow/.local/lib/python3.7/site-packages/airflow/example_dags/example_branch_labels.py
[2022-06-20 01:31:47,923] {processor.py:651} INFO - DAG(s) dict_keys(['example_branch_labels']) retrieved from /home/airflow/.local/lib/python3.7/site-packages/airflow/example_dags/example_branch_labels.py
[2022-06-20 01:31:47,939] {logging_mixin.py:115} INFO - [2022-06-20 01:31:47,939] {dag.py:2371} INFO - Sync 1 DAGs
[2022-06-20 01:31:47,950] {logging_mixin.py:115} INFO - [2022-06-20 01:31:47,950] {dag.py:2919} INFO - Setting next_dagrun for example_branch_labels to 2022-06-19T00:00:00+00:00, run_after=2022-06-20T00:00:00+00:00
[2022-06-20 01:31:47,956] {processor.py:161} INFO - Processing /home/airflow/.local/lib/python3.7/site-packages/airflow/example_dags/example_branch_labels.py took 0.041 seconds
[2022-06-20 01:32:18,329] {processor.py:153} INFO - Started process (PID=1420) to work on /home/airflow/.local/lib/python3.7/site-packages/airflow/example_dags/example_branch_labels.py
[2022-06-20 01:32:18,331] {processor.py:641} INFO - Processing file /home/airflow/.local/lib/python3.7/site-packages/airflow/example_dags/example_branch_labels.py for tasks to queue
[2022-06-20 01:32:18,334] {logging_mixin.py:115} INFO - [2022-06-20 01:32:18,334] {dagbag.py:507} INFO - Filling up the DagBag from /home/airflow/.local/lib/python3.7/site-packages/airflow/example_dags/example_branch_labels.py
[2022-06-20 01:32:18,342] {processor.py:651} INFO - DAG(s) dict_keys(['example_branch_labels']) retrieved from /home/airflow/.local/lib/python3.7/site-packages/airflow/example_dags/example_branch_labels.py
[2022-06-20 01:32:18,368] {logging_mixin.py:115} INFO - [2022-06-20 01:32:18,368] {dag.py:2371} INFO - Sync 1 DAGs
[2022-06-20 01:32:18,387] {logging_mixin.py:115} INFO - [2022-06-20 01:32:18,387] {dag.py:2919} INFO - Setting next_dagrun for example_branch_labels to 2022-06-19T00:00:00+00:00, run_after=2022-06-20T00:00:00+00:00
[2022-06-20 01:32:18,402] {processor.py:161} INFO - Processing /home/airflow/.local/lib/python3.7/site-packages/airflow/example_dags/example_branch_labels.py took 0.076 seconds
[2022-06-20 01:32:48,792] {processor.py:153} INFO - Started process (PID=1498) to work on /home/airflow/.local/lib/python3.7/site-packages/airflow/example_dags/example_branch_labels.py
[2022-06-20 01:32:48,794] {processor.py:641} INFO - Processing file /home/airflow/.local/lib/python3.7/site-packages/airflow/example_dags/example_branch_labels.py for tasks to queue
[2022-06-20 01:32:48,796] {logging_mixin.py:115} INFO - [2022-06-20 01:32:48,796] {dagbag.py:507} INFO - Filling up the DagBag from /home/airflow/.local/lib/python3.7/site-packages/airflow/example_dags/example_branch_labels.py
[2022-06-20 01:32:48,803] {processor.py:651} INFO - DAG(s) dict_keys(['example_branch_labels']) retrieved from /home/airflow/.local/lib/python3.7/site-packages/airflow/example_dags/example_branch_labels.py
[2022-06-20 01:32:48,822] {logging_mixin.py:115} INFO - [2022-06-20 01:32:48,822] {dag.py:2371} INFO - Sync 1 DAGs
[2022-06-20 01:32:48,837] {logging_mixin.py:115} INFO - [2022-06-20 01:32:48,837] {dag.py:2919} INFO - Setting next_dagrun for example_branch_labels to 2022-06-19T00:00:00+00:00, run_after=2022-06-20T00:00:00+00:00
[2022-06-20 01:32:48,845] {processor.py:161} INFO - Processing /home/airflow/.local/lib/python3.7/site-packages/airflow/example_dags/example_branch_labels.py took 0.055 seconds
[2022-06-20 01:33:19,567] {processor.py:153} INFO - Started process (PID=1575) to work on /home/airflow/.local/lib/python3.7/site-packages/airflow/example_dags/example_branch_labels.py
[2022-06-20 01:33:19,569] {processor.py:641} INFO - Processing file /home/airflow/.local/lib/python3.7/site-packages/airflow/example_dags/example_branch_labels.py for tasks to queue
[2022-06-20 01:33:19,570] {logging_mixin.py:115} INFO - [2022-06-20 01:33:19,570] {dagbag.py:507} INFO - Filling up the DagBag from /home/airflow/.local/lib/python3.7/site-packages/airflow/example_dags/example_branch_labels.py
[2022-06-20 01:33:19,574] {processor.py:651} INFO - DAG(s) dict_keys(['example_branch_labels']) retrieved from /home/airflow/.local/lib/python3.7/site-packages/airflow/example_dags/example_branch_labels.py
[2022-06-20 01:33:19,593] {logging_mixin.py:115} INFO - [2022-06-20 01:33:19,592] {dag.py:2371} INFO - Sync 1 DAGs
[2022-06-20 01:33:19,609] {logging_mixin.py:115} INFO - [2022-06-20 01:33:19,608] {dag.py:2919} INFO - Setting next_dagrun for example_branch_labels to 2022-06-19T00:00:00+00:00, run_after=2022-06-20T00:00:00+00:00
[2022-06-20 01:33:19,616] {processor.py:161} INFO - Processing /home/airflow/.local/lib/python3.7/site-packages/airflow/example_dags/example_branch_labels.py took 0.051 seconds
[2022-06-20 01:33:43,142] {processor.py:153} INFO - Started process (PID=83) to work on /home/airflow/.local/lib/python3.7/site-packages/airflow/example_dags/example_branch_labels.py
[2022-06-20 01:33:43,144] {processor.py:641} INFO - Processing file /home/airflow/.local/lib/python3.7/site-packages/airflow/example_dags/example_branch_labels.py for tasks to queue
[2022-06-20 01:33:43,147] {logging_mixin.py:115} INFO - [2022-06-20 01:33:43,147] {dagbag.py:507} INFO - Filling up the DagBag from /home/airflow/.local/lib/python3.7/site-packages/airflow/example_dags/example_branch_labels.py
[2022-06-20 01:33:43,154] {processor.py:651} INFO - DAG(s) dict_keys(['example_branch_labels']) retrieved from /home/airflow/.local/lib/python3.7/site-packages/airflow/example_dags/example_branch_labels.py
[2022-06-20 01:33:43,196] {logging_mixin.py:115} INFO - [2022-06-20 01:33:43,196] {dag.py:2371} INFO - Sync 1 DAGs
[2022-06-20 01:33:43,229] {logging_mixin.py:115} INFO - [2022-06-20 01:33:43,229] {dag.py:2919} INFO - Setting next_dagrun for example_branch_labels to 2022-06-19T00:00:00+00:00, run_after=2022-06-20T00:00:00+00:00
[2022-06-20 01:33:43,244] {processor.py:161} INFO - Processing /home/airflow/.local/lib/python3.7/site-packages/airflow/example_dags/example_branch_labels.py took 0.105 seconds
[2022-06-20 01:34:14,080] {processor.py:153} INFO - Started process (PID=149) to work on /home/airflow/.local/lib/python3.7/site-packages/airflow/example_dags/example_branch_labels.py
[2022-06-20 01:34:14,083] {processor.py:641} INFO - Processing file /home/airflow/.local/lib/python3.7/site-packages/airflow/example_dags/example_branch_labels.py for tasks to queue
[2022-06-20 01:34:14,086] {logging_mixin.py:115} INFO - [2022-06-20 01:34:14,085] {dagbag.py:507} INFO - Filling up the DagBag from /home/airflow/.local/lib/python3.7/site-packages/airflow/example_dags/example_branch_labels.py
[2022-06-20 01:34:14,092] {processor.py:651} INFO - DAG(s) dict_keys(['example_branch_labels']) retrieved from /home/airflow/.local/lib/python3.7/site-packages/airflow/example_dags/example_branch_labels.py
[2022-06-20 01:34:14,131] {logging_mixin.py:115} INFO - [2022-06-20 01:34:14,131] {dag.py:2371} INFO - Sync 1 DAGs
[2022-06-20 01:34:14,153] {logging_mixin.py:115} INFO - [2022-06-20 01:34:14,153] {dag.py:2919} INFO - Setting next_dagrun for example_branch_labels to 2022-06-19T00:00:00+00:00, run_after=2022-06-20T00:00:00+00:00
[2022-06-20 01:34:14,166] {processor.py:161} INFO - Processing /home/airflow/.local/lib/python3.7/site-packages/airflow/example_dags/example_branch_labels.py took 0.089 seconds
[2022-06-20 01:34:44,280] {processor.py:153} INFO - Started process (PID=292) to work on /home/airflow/.local/lib/python3.7/site-packages/airflow/example_dags/example_branch_labels.py
[2022-06-20 01:34:44,282] {processor.py:641} INFO - Processing file /home/airflow/.local/lib/python3.7/site-packages/airflow/example_dags/example_branch_labels.py for tasks to queue
[2022-06-20 01:34:44,282] {logging_mixin.py:115} INFO - [2022-06-20 01:34:44,282] {dagbag.py:507} INFO - Filling up the DagBag from /home/airflow/.local/lib/python3.7/site-packages/airflow/example_dags/example_branch_labels.py
[2022-06-20 01:34:44,286] {processor.py:651} INFO - DAG(s) dict_keys(['example_branch_labels']) retrieved from /home/airflow/.local/lib/python3.7/site-packages/airflow/example_dags/example_branch_labels.py
[2022-06-20 01:34:44,306] {logging_mixin.py:115} INFO - [2022-06-20 01:34:44,306] {dag.py:2371} INFO - Sync 1 DAGs
[2022-06-20 01:34:44,320] {logging_mixin.py:115} INFO - [2022-06-20 01:34:44,319] {dag.py:2919} INFO - Setting next_dagrun for example_branch_labels to 2022-06-19T00:00:00+00:00, run_after=2022-06-20T00:00:00+00:00
[2022-06-20 01:34:44,327] {processor.py:161} INFO - Processing /home/airflow/.local/lib/python3.7/site-packages/airflow/example_dags/example_branch_labels.py took 0.049 seconds
[2022-06-20 01:35:15,056] {processor.py:153} INFO - Started process (PID=368) to work on /home/airflow/.local/lib/python3.7/site-packages/airflow/example_dags/example_branch_labels.py
[2022-06-20 01:35:15,058] {processor.py:641} INFO - Processing file /home/airflow/.local/lib/python3.7/site-packages/airflow/example_dags/example_branch_labels.py for tasks to queue
[2022-06-20 01:35:15,059] {logging_mixin.py:115} INFO - [2022-06-20 01:35:15,059] {dagbag.py:507} INFO - Filling up the DagBag from /home/airflow/.local/lib/python3.7/site-packages/airflow/example_dags/example_branch_labels.py
[2022-06-20 01:35:15,064] {processor.py:651} INFO - DAG(s) dict_keys(['example_branch_labels']) retrieved from /home/airflow/.local/lib/python3.7/site-packages/airflow/example_dags/example_branch_labels.py
[2022-06-20 01:35:15,082] {logging_mixin.py:115} INFO - [2022-06-20 01:35:15,082] {dag.py:2371} INFO - Sync 1 DAGs
[2022-06-20 01:35:15,096] {logging_mixin.py:115} INFO - [2022-06-20 01:35:15,096] {dag.py:2919} INFO - Setting next_dagrun for example_branch_labels to 2022-06-19T00:00:00+00:00, run_after=2022-06-20T00:00:00+00:00
[2022-06-20 01:35:15,103] {processor.py:161} INFO - Processing /home/airflow/.local/lib/python3.7/site-packages/airflow/example_dags/example_branch_labels.py took 0.049 seconds
[2022-06-20 01:35:45,470] {processor.py:153} INFO - Started process (PID=443) to work on /home/airflow/.local/lib/python3.7/site-packages/airflow/example_dags/example_branch_labels.py
[2022-06-20 01:35:45,471] {processor.py:641} INFO - Processing file /home/airflow/.local/lib/python3.7/site-packages/airflow/example_dags/example_branch_labels.py for tasks to queue
[2022-06-20 01:35:45,472] {logging_mixin.py:115} INFO - [2022-06-20 01:35:45,472] {dagbag.py:507} INFO - Filling up the DagBag from /home/airflow/.local/lib/python3.7/site-packages/airflow/example_dags/example_branch_labels.py
[2022-06-20 01:35:45,477] {processor.py:651} INFO - DAG(s) dict_keys(['example_branch_labels']) retrieved from /home/airflow/.local/lib/python3.7/site-packages/airflow/example_dags/example_branch_labels.py
[2022-06-20 01:35:45,495] {logging_mixin.py:115} INFO - [2022-06-20 01:35:45,495] {dag.py:2371} INFO - Sync 1 DAGs
[2022-06-20 01:35:45,507] {logging_mixin.py:115} INFO - [2022-06-20 01:35:45,507] {dag.py:2919} INFO - Setting next_dagrun for example_branch_labels to 2022-06-19T00:00:00+00:00, run_after=2022-06-20T00:00:00+00:00
[2022-06-20 01:35:45,517] {processor.py:161} INFO - Processing /home/airflow/.local/lib/python3.7/site-packages/airflow/example_dags/example_branch_labels.py took 0.050 seconds
[2022-06-20 01:36:16,307] {processor.py:153} INFO - Started process (PID=518) to work on /home/airflow/.local/lib/python3.7/site-packages/airflow/example_dags/example_branch_labels.py
[2022-06-20 01:36:16,311] {processor.py:641} INFO - Processing file /home/airflow/.local/lib/python3.7/site-packages/airflow/example_dags/example_branch_labels.py for tasks to queue
[2022-06-20 01:36:16,312] {logging_mixin.py:115} INFO - [2022-06-20 01:36:16,312] {dagbag.py:507} INFO - Filling up the DagBag from /home/airflow/.local/lib/python3.7/site-packages/airflow/example_dags/example_branch_labels.py
[2022-06-20 01:36:16,321] {processor.py:651} INFO - DAG(s) dict_keys(['example_branch_labels']) retrieved from /home/airflow/.local/lib/python3.7/site-packages/airflow/example_dags/example_branch_labels.py
[2022-06-20 01:36:16,345] {logging_mixin.py:115} INFO - [2022-06-20 01:36:16,345] {dag.py:2371} INFO - Sync 1 DAGs
[2022-06-20 01:36:16,366] {logging_mixin.py:115} INFO - [2022-06-20 01:36:16,366] {dag.py:2919} INFO - Setting next_dagrun for example_branch_labels to 2022-06-19T00:00:00+00:00, run_after=2022-06-20T00:00:00+00:00
[2022-06-20 01:36:16,379] {processor.py:161} INFO - Processing /home/airflow/.local/lib/python3.7/site-packages/airflow/example_dags/example_branch_labels.py took 0.075 seconds
[2022-06-20 01:36:47,050] {processor.py:153} INFO - Started process (PID=583) to work on /home/airflow/.local/lib/python3.7/site-packages/airflow/example_dags/example_branch_labels.py
[2022-06-20 01:36:47,052] {processor.py:641} INFO - Processing file /home/airflow/.local/lib/python3.7/site-packages/airflow/example_dags/example_branch_labels.py for tasks to queue
[2022-06-20 01:36:47,054] {logging_mixin.py:115} INFO - [2022-06-20 01:36:47,054] {dagbag.py:507} INFO - Filling up the DagBag from /home/airflow/.local/lib/python3.7/site-packages/airflow/example_dags/example_branch_labels.py
[2022-06-20 01:36:47,058] {processor.py:651} INFO - DAG(s) dict_keys(['example_branch_labels']) retrieved from /home/airflow/.local/lib/python3.7/site-packages/airflow/example_dags/example_branch_labels.py
[2022-06-20 01:36:47,078] {logging_mixin.py:115} INFO - [2022-06-20 01:36:47,078] {dag.py:2371} INFO - Sync 1 DAGs
[2022-06-20 01:36:47,092] {logging_mixin.py:115} INFO - [2022-06-20 01:36:47,092] {dag.py:2919} INFO - Setting next_dagrun for example_branch_labels to 2022-06-19T00:00:00+00:00, run_after=2022-06-20T00:00:00+00:00
[2022-06-20 01:36:47,103] {processor.py:161} INFO - Processing /home/airflow/.local/lib/python3.7/site-packages/airflow/example_dags/example_branch_labels.py took 0.055 seconds
[2022-06-20 01:37:17,786] {processor.py:153} INFO - Started process (PID=658) to work on /home/airflow/.local/lib/python3.7/site-packages/airflow/example_dags/example_branch_labels.py
[2022-06-20 01:37:17,788] {processor.py:641} INFO - Processing file /home/airflow/.local/lib/python3.7/site-packages/airflow/example_dags/example_branch_labels.py for tasks to queue
[2022-06-20 01:37:17,789] {logging_mixin.py:115} INFO - [2022-06-20 01:37:17,789] {dagbag.py:507} INFO - Filling up the DagBag from /home/airflow/.local/lib/python3.7/site-packages/airflow/example_dags/example_branch_labels.py
[2022-06-20 01:37:17,793] {processor.py:651} INFO - DAG(s) dict_keys(['example_branch_labels']) retrieved from /home/airflow/.local/lib/python3.7/site-packages/airflow/example_dags/example_branch_labels.py
[2022-06-20 01:37:17,811] {logging_mixin.py:115} INFO - [2022-06-20 01:37:17,811] {dag.py:2371} INFO - Sync 1 DAGs
[2022-06-20 01:37:17,825] {logging_mixin.py:115} INFO - [2022-06-20 01:37:17,825] {dag.py:2919} INFO - Setting next_dagrun for example_branch_labels to 2022-06-19T00:00:00+00:00, run_after=2022-06-20T00:00:00+00:00
[2022-06-20 01:37:17,833] {processor.py:161} INFO - Processing /home/airflow/.local/lib/python3.7/site-packages/airflow/example_dags/example_branch_labels.py took 0.049 seconds
[2022-06-20 01:37:48,023] {processor.py:153} INFO - Started process (PID=733) to work on /home/airflow/.local/lib/python3.7/site-packages/airflow/example_dags/example_branch_labels.py
[2022-06-20 01:37:48,024] {processor.py:641} INFO - Processing file /home/airflow/.local/lib/python3.7/site-packages/airflow/example_dags/example_branch_labels.py for tasks to queue
[2022-06-20 01:37:48,026] {logging_mixin.py:115} INFO - [2022-06-20 01:37:48,026] {dagbag.py:507} INFO - Filling up the DagBag from /home/airflow/.local/lib/python3.7/site-packages/airflow/example_dags/example_branch_labels.py
[2022-06-20 01:37:48,030] {processor.py:651} INFO - DAG(s) dict_keys(['example_branch_labels']) retrieved from /home/airflow/.local/lib/python3.7/site-packages/airflow/example_dags/example_branch_labels.py
[2022-06-20 01:37:48,056] {logging_mixin.py:115} INFO - [2022-06-20 01:37:48,056] {dag.py:2371} INFO - Sync 1 DAGs
[2022-06-20 01:37:48,074] {logging_mixin.py:115} INFO - [2022-06-20 01:37:48,074] {dag.py:2919} INFO - Setting next_dagrun for example_branch_labels to 2022-06-19T00:00:00+00:00, run_after=2022-06-20T00:00:00+00:00
[2022-06-20 01:37:48,084] {processor.py:161} INFO - Processing /home/airflow/.local/lib/python3.7/site-packages/airflow/example_dags/example_branch_labels.py took 0.063 seconds
[2022-06-20 01:38:18,197] {processor.py:153} INFO - Started process (PID=808) to work on /home/airflow/.local/lib/python3.7/site-packages/airflow/example_dags/example_branch_labels.py
[2022-06-20 01:38:18,199] {processor.py:641} INFO - Processing file /home/airflow/.local/lib/python3.7/site-packages/airflow/example_dags/example_branch_labels.py for tasks to queue
[2022-06-20 01:38:18,200] {logging_mixin.py:115} INFO - [2022-06-20 01:38:18,200] {dagbag.py:507} INFO - Filling up the DagBag from /home/airflow/.local/lib/python3.7/site-packages/airflow/example_dags/example_branch_labels.py
[2022-06-20 01:38:18,204] {processor.py:651} INFO - DAG(s) dict_keys(['example_branch_labels']) retrieved from /home/airflow/.local/lib/python3.7/site-packages/airflow/example_dags/example_branch_labels.py
[2022-06-20 01:38:18,223] {logging_mixin.py:115} INFO - [2022-06-20 01:38:18,223] {dag.py:2371} INFO - Sync 1 DAGs
[2022-06-20 01:38:18,237] {logging_mixin.py:115} INFO - [2022-06-20 01:38:18,237] {dag.py:2919} INFO - Setting next_dagrun for example_branch_labels to 2022-06-19T00:00:00+00:00, run_after=2022-06-20T00:00:00+00:00
[2022-06-20 01:38:18,246] {processor.py:161} INFO - Processing /home/airflow/.local/lib/python3.7/site-packages/airflow/example_dags/example_branch_labels.py took 0.051 seconds
[2022-06-20 01:38:48,799] {processor.py:153} INFO - Started process (PID=883) to work on /home/airflow/.local/lib/python3.7/site-packages/airflow/example_dags/example_branch_labels.py
[2022-06-20 01:38:48,801] {processor.py:641} INFO - Processing file /home/airflow/.local/lib/python3.7/site-packages/airflow/example_dags/example_branch_labels.py for tasks to queue
[2022-06-20 01:38:48,802] {logging_mixin.py:115} INFO - [2022-06-20 01:38:48,802] {dagbag.py:507} INFO - Filling up the DagBag from /home/airflow/.local/lib/python3.7/site-packages/airflow/example_dags/example_branch_labels.py
[2022-06-20 01:38:48,806] {processor.py:651} INFO - DAG(s) dict_keys(['example_branch_labels']) retrieved from /home/airflow/.local/lib/python3.7/site-packages/airflow/example_dags/example_branch_labels.py
[2022-06-20 01:38:48,825] {logging_mixin.py:115} INFO - [2022-06-20 01:38:48,825] {dag.py:2371} INFO - Sync 1 DAGs
[2022-06-20 01:38:48,840] {logging_mixin.py:115} INFO - [2022-06-20 01:38:48,840] {dag.py:2919} INFO - Setting next_dagrun for example_branch_labels to 2022-06-19T00:00:00+00:00, run_after=2022-06-20T00:00:00+00:00
[2022-06-20 01:38:48,847] {processor.py:161} INFO - Processing /home/airflow/.local/lib/python3.7/site-packages/airflow/example_dags/example_branch_labels.py took 0.050 seconds
[2022-06-20 01:39:19,473] {processor.py:153} INFO - Started process (PID=985) to work on /home/airflow/.local/lib/python3.7/site-packages/airflow/example_dags/example_branch_labels.py
[2022-06-20 01:39:19,476] {processor.py:641} INFO - Processing file /home/airflow/.local/lib/python3.7/site-packages/airflow/example_dags/example_branch_labels.py for tasks to queue
[2022-06-20 01:39:19,479] {logging_mixin.py:115} INFO - [2022-06-20 01:39:19,479] {dagbag.py:507} INFO - Filling up the DagBag from /home/airflow/.local/lib/python3.7/site-packages/airflow/example_dags/example_branch_labels.py
[2022-06-20 01:39:19,490] {processor.py:651} INFO - DAG(s) dict_keys(['example_branch_labels']) retrieved from /home/airflow/.local/lib/python3.7/site-packages/airflow/example_dags/example_branch_labels.py
[2022-06-20 01:39:19,527] {logging_mixin.py:115} INFO - [2022-06-20 01:39:19,527] {dag.py:2371} INFO - Sync 1 DAGs
[2022-06-20 01:39:19,552] {logging_mixin.py:115} INFO - [2022-06-20 01:39:19,552] {dag.py:2919} INFO - Setting next_dagrun for example_branch_labels to 2022-06-19T00:00:00+00:00, run_after=2022-06-20T00:00:00+00:00
[2022-06-20 01:39:19,568] {processor.py:161} INFO - Processing /home/airflow/.local/lib/python3.7/site-packages/airflow/example_dags/example_branch_labels.py took 0.098 seconds
[2022-06-20 01:39:49,670] {processor.py:153} INFO - Started process (PID=1048) to work on /home/airflow/.local/lib/python3.7/site-packages/airflow/example_dags/example_branch_labels.py
[2022-06-20 01:39:49,671] {processor.py:641} INFO - Processing file /home/airflow/.local/lib/python3.7/site-packages/airflow/example_dags/example_branch_labels.py for tasks to queue
[2022-06-20 01:39:49,672] {logging_mixin.py:115} INFO - [2022-06-20 01:39:49,672] {dagbag.py:507} INFO - Filling up the DagBag from /home/airflow/.local/lib/python3.7/site-packages/airflow/example_dags/example_branch_labels.py
[2022-06-20 01:39:49,676] {processor.py:651} INFO - DAG(s) dict_keys(['example_branch_labels']) retrieved from /home/airflow/.local/lib/python3.7/site-packages/airflow/example_dags/example_branch_labels.py
[2022-06-20 01:39:49,698] {logging_mixin.py:115} INFO - [2022-06-20 01:39:49,698] {dag.py:2371} INFO - Sync 1 DAGs
[2022-06-20 01:39:49,714] {logging_mixin.py:115} INFO - [2022-06-20 01:39:49,714] {dag.py:2919} INFO - Setting next_dagrun for example_branch_labels to 2022-06-19T00:00:00+00:00, run_after=2022-06-20T00:00:00+00:00
[2022-06-20 01:39:49,725] {processor.py:161} INFO - Processing /home/airflow/.local/lib/python3.7/site-packages/airflow/example_dags/example_branch_labels.py took 0.057 seconds
[2022-06-20 01:40:20,703] {processor.py:153} INFO - Started process (PID=1119) to work on /home/airflow/.local/lib/python3.7/site-packages/airflow/example_dags/example_branch_labels.py
[2022-06-20 01:40:20,704] {processor.py:641} INFO - Processing file /home/airflow/.local/lib/python3.7/site-packages/airflow/example_dags/example_branch_labels.py for tasks to queue
[2022-06-20 01:40:20,705] {logging_mixin.py:115} INFO - [2022-06-20 01:40:20,705] {dagbag.py:507} INFO - Filling up the DagBag from /home/airflow/.local/lib/python3.7/site-packages/airflow/example_dags/example_branch_labels.py
[2022-06-20 01:40:20,710] {processor.py:651} INFO - DAG(s) dict_keys(['example_branch_labels']) retrieved from /home/airflow/.local/lib/python3.7/site-packages/airflow/example_dags/example_branch_labels.py
[2022-06-20 01:40:20,727] {logging_mixin.py:115} INFO - [2022-06-20 01:40:20,727] {dag.py:2371} INFO - Sync 1 DAGs
[2022-06-20 01:40:20,740] {logging_mixin.py:115} INFO - [2022-06-20 01:40:20,740] {dag.py:2919} INFO - Setting next_dagrun for example_branch_labels to 2022-06-19T00:00:00+00:00, run_after=2022-06-20T00:00:00+00:00
[2022-06-20 01:40:20,753] {processor.py:161} INFO - Processing /home/airflow/.local/lib/python3.7/site-packages/airflow/example_dags/example_branch_labels.py took 0.052 seconds
[2022-06-20 01:40:51,358] {processor.py:153} INFO - Started process (PID=1194) to work on /home/airflow/.local/lib/python3.7/site-packages/airflow/example_dags/example_branch_labels.py
[2022-06-20 01:40:51,361] {processor.py:641} INFO - Processing file /home/airflow/.local/lib/python3.7/site-packages/airflow/example_dags/example_branch_labels.py for tasks to queue
[2022-06-20 01:40:51,362] {logging_mixin.py:115} INFO - [2022-06-20 01:40:51,362] {dagbag.py:507} INFO - Filling up the DagBag from /home/airflow/.local/lib/python3.7/site-packages/airflow/example_dags/example_branch_labels.py
[2022-06-20 01:40:51,367] {processor.py:651} INFO - DAG(s) dict_keys(['example_branch_labels']) retrieved from /home/airflow/.local/lib/python3.7/site-packages/airflow/example_dags/example_branch_labels.py
[2022-06-20 01:40:51,386] {logging_mixin.py:115} INFO - [2022-06-20 01:40:51,386] {dag.py:2371} INFO - Sync 1 DAGs
[2022-06-20 01:40:51,400] {logging_mixin.py:115} INFO - [2022-06-20 01:40:51,400] {dag.py:2919} INFO - Setting next_dagrun for example_branch_labels to 2022-06-19T00:00:00+00:00, run_after=2022-06-20T00:00:00+00:00
[2022-06-20 01:40:51,407] {processor.py:161} INFO - Processing /home/airflow/.local/lib/python3.7/site-packages/airflow/example_dags/example_branch_labels.py took 0.051 seconds
[2022-06-20 01:41:22,115] {processor.py:153} INFO - Started process (PID=1266) to work on /home/airflow/.local/lib/python3.7/site-packages/airflow/example_dags/example_branch_labels.py
[2022-06-20 01:41:22,117] {processor.py:641} INFO - Processing file /home/airflow/.local/lib/python3.7/site-packages/airflow/example_dags/example_branch_labels.py for tasks to queue
[2022-06-20 01:41:22,118] {logging_mixin.py:115} INFO - [2022-06-20 01:41:22,118] {dagbag.py:507} INFO - Filling up the DagBag from /home/airflow/.local/lib/python3.7/site-packages/airflow/example_dags/example_branch_labels.py
[2022-06-20 01:41:22,122] {processor.py:651} INFO - DAG(s) dict_keys(['example_branch_labels']) retrieved from /home/airflow/.local/lib/python3.7/site-packages/airflow/example_dags/example_branch_labels.py
[2022-06-20 01:41:22,141] {logging_mixin.py:115} INFO - [2022-06-20 01:41:22,141] {dag.py:2371} INFO - Sync 1 DAGs
[2022-06-20 01:41:22,154] {logging_mixin.py:115} INFO - [2022-06-20 01:41:22,153] {dag.py:2919} INFO - Setting next_dagrun for example_branch_labels to 2022-06-19T00:00:00+00:00, run_after=2022-06-20T00:00:00+00:00
[2022-06-20 01:41:22,161] {processor.py:161} INFO - Processing /home/airflow/.local/lib/python3.7/site-packages/airflow/example_dags/example_branch_labels.py took 0.047 seconds
[2022-06-20 01:41:53,099] {processor.py:153} INFO - Started process (PID=1340) to work on /home/airflow/.local/lib/python3.7/site-packages/airflow/example_dags/example_branch_labels.py
[2022-06-20 01:41:53,101] {processor.py:641} INFO - Processing file /home/airflow/.local/lib/python3.7/site-packages/airflow/example_dags/example_branch_labels.py for tasks to queue
[2022-06-20 01:41:53,102] {logging_mixin.py:115} INFO - [2022-06-20 01:41:53,102] {dagbag.py:507} INFO - Filling up the DagBag from /home/airflow/.local/lib/python3.7/site-packages/airflow/example_dags/example_branch_labels.py
[2022-06-20 01:41:53,106] {processor.py:651} INFO - DAG(s) dict_keys(['example_branch_labels']) retrieved from /home/airflow/.local/lib/python3.7/site-packages/airflow/example_dags/example_branch_labels.py
[2022-06-20 01:41:53,128] {logging_mixin.py:115} INFO - [2022-06-20 01:41:53,128] {dag.py:2371} INFO - Sync 1 DAGs
[2022-06-20 01:41:53,144] {logging_mixin.py:115} INFO - [2022-06-20 01:41:53,144] {dag.py:2919} INFO - Setting next_dagrun for example_branch_labels to 2022-06-19T00:00:00+00:00, run_after=2022-06-20T00:00:00+00:00
[2022-06-20 01:41:53,152] {processor.py:161} INFO - Processing /home/airflow/.local/lib/python3.7/site-packages/airflow/example_dags/example_branch_labels.py took 0.055 seconds
[2022-06-20 01:42:24,129] {processor.py:153} INFO - Started process (PID=1414) to work on /home/airflow/.local/lib/python3.7/site-packages/airflow/example_dags/example_branch_labels.py
[2022-06-20 01:42:24,130] {processor.py:641} INFO - Processing file /home/airflow/.local/lib/python3.7/site-packages/airflow/example_dags/example_branch_labels.py for tasks to queue
[2022-06-20 01:42:24,133] {logging_mixin.py:115} INFO - [2022-06-20 01:42:24,133] {dagbag.py:507} INFO - Filling up the DagBag from /home/airflow/.local/lib/python3.7/site-packages/airflow/example_dags/example_branch_labels.py
[2022-06-20 01:42:24,138] {processor.py:651} INFO - DAG(s) dict_keys(['example_branch_labels']) retrieved from /home/airflow/.local/lib/python3.7/site-packages/airflow/example_dags/example_branch_labels.py
[2022-06-20 01:42:24,156] {logging_mixin.py:115} INFO - [2022-06-20 01:42:24,155] {dag.py:2371} INFO - Sync 1 DAGs
[2022-06-20 01:42:24,171] {logging_mixin.py:115} INFO - [2022-06-20 01:42:24,171] {dag.py:2919} INFO - Setting next_dagrun for example_branch_labels to 2022-06-19T00:00:00+00:00, run_after=2022-06-20T00:00:00+00:00
[2022-06-20 01:42:24,180] {processor.py:161} INFO - Processing /home/airflow/.local/lib/python3.7/site-packages/airflow/example_dags/example_branch_labels.py took 0.054 seconds
