[2022-06-20 01:19:35,714] {processor.py:153} INFO - Started process (PID=93) to work on /home/airflow/.local/lib/python3.7/site-packages/airflow/example_dags/tutorial_etl_dag.py
[2022-06-20 01:19:35,717] {processor.py:641} INFO - Processing file /home/airflow/.local/lib/python3.7/site-packages/airflow/example_dags/tutorial_etl_dag.py for tasks to queue
[2022-06-20 01:19:35,720] {logging_mixin.py:115} INFO - [2022-06-20 01:19:35,720] {dagbag.py:507} INFO - Filling up the DagBag from /home/airflow/.local/lib/python3.7/site-packages/airflow/example_dags/tutorial_etl_dag.py
[2022-06-20 01:19:35,727] {processor.py:651} INFO - DAG(s) dict_keys(['tutorial_etl_dag']) retrieved from /home/airflow/.local/lib/python3.7/site-packages/airflow/example_dags/tutorial_etl_dag.py
[2022-06-20 01:19:35,760] {logging_mixin.py:115} INFO - [2022-06-20 01:19:35,760] {dag.py:2371} INFO - Sync 1 DAGs
[2022-06-20 01:19:35,805] {logging_mixin.py:115} INFO - [2022-06-20 01:19:35,805] {dag.py:2919} INFO - Setting next_dagrun for tutorial_etl_dag to None, run_after=None
[2022-06-20 01:19:35,828] {processor.py:161} INFO - Processing /home/airflow/.local/lib/python3.7/site-packages/airflow/example_dags/tutorial_etl_dag.py took 0.116 seconds
[2022-06-20 01:22:40,090] {processor.py:153} INFO - Started process (PID=84) to work on /home/airflow/.local/lib/python3.7/site-packages/airflow/example_dags/tutorial_etl_dag.py
[2022-06-20 01:22:40,091] {processor.py:641} INFO - Processing file /home/airflow/.local/lib/python3.7/site-packages/airflow/example_dags/tutorial_etl_dag.py for tasks to queue
[2022-06-20 01:22:40,095] {logging_mixin.py:115} INFO - [2022-06-20 01:22:40,095] {dagbag.py:507} INFO - Filling up the DagBag from /home/airflow/.local/lib/python3.7/site-packages/airflow/example_dags/tutorial_etl_dag.py
[2022-06-20 01:22:40,102] {processor.py:651} INFO - DAG(s) dict_keys(['tutorial_etl_dag']) retrieved from /home/airflow/.local/lib/python3.7/site-packages/airflow/example_dags/tutorial_etl_dag.py
[2022-06-20 01:22:40,159] {logging_mixin.py:115} INFO - [2022-06-20 01:22:40,158] {manager.py:508} INFO - Created Permission View: can delete on DAG:tutorial_etl_dag
[2022-06-20 01:22:40,169] {logging_mixin.py:115} INFO - [2022-06-20 01:22:40,169] {manager.py:508} INFO - Created Permission View: can read on DAG:tutorial_etl_dag
[2022-06-20 01:22:40,174] {logging_mixin.py:115} INFO - [2022-06-20 01:22:40,174] {manager.py:508} INFO - Created Permission View: can edit on DAG:tutorial_etl_dag
[2022-06-20 01:22:40,176] {logging_mixin.py:115} INFO - [2022-06-20 01:22:40,176] {dag.py:2371} INFO - Sync 1 DAGs
[2022-06-20 01:22:40,182] {logging_mixin.py:115} INFO - [2022-06-20 01:22:40,182] {dag.py:2390} INFO - Creating ORM DAG for tutorial_etl_dag
[2022-06-20 01:22:40,262] {logging_mixin.py:115} INFO - [2022-06-20 01:22:40,262] {dag.py:2919} INFO - Setting next_dagrun for tutorial_etl_dag to None, run_after=None
[2022-06-20 01:22:40,274] {processor.py:161} INFO - Processing /home/airflow/.local/lib/python3.7/site-packages/airflow/example_dags/tutorial_etl_dag.py took 0.186 seconds
[2022-06-20 01:23:10,599] {processor.py:153} INFO - Started process (PID=157) to work on /home/airflow/.local/lib/python3.7/site-packages/airflow/example_dags/tutorial_etl_dag.py
[2022-06-20 01:23:10,601] {processor.py:641} INFO - Processing file /home/airflow/.local/lib/python3.7/site-packages/airflow/example_dags/tutorial_etl_dag.py for tasks to queue
[2022-06-20 01:23:10,603] {logging_mixin.py:115} INFO - [2022-06-20 01:23:10,603] {dagbag.py:507} INFO - Filling up the DagBag from /home/airflow/.local/lib/python3.7/site-packages/airflow/example_dags/tutorial_etl_dag.py
[2022-06-20 01:23:10,608] {processor.py:651} INFO - DAG(s) dict_keys(['tutorial_etl_dag']) retrieved from /home/airflow/.local/lib/python3.7/site-packages/airflow/example_dags/tutorial_etl_dag.py
[2022-06-20 01:23:10,629] {logging_mixin.py:115} INFO - [2022-06-20 01:23:10,629] {dag.py:2371} INFO - Sync 1 DAGs
[2022-06-20 01:23:10,644] {logging_mixin.py:115} INFO - [2022-06-20 01:23:10,644] {dag.py:2919} INFO - Setting next_dagrun for tutorial_etl_dag to None, run_after=None
[2022-06-20 01:23:10,657] {processor.py:161} INFO - Processing /home/airflow/.local/lib/python3.7/site-packages/airflow/example_dags/tutorial_etl_dag.py took 0.063 seconds
[2022-06-20 01:23:40,950] {processor.py:153} INFO - Started process (PID=229) to work on /home/airflow/.local/lib/python3.7/site-packages/airflow/example_dags/tutorial_etl_dag.py
[2022-06-20 01:23:40,952] {processor.py:641} INFO - Processing file /home/airflow/.local/lib/python3.7/site-packages/airflow/example_dags/tutorial_etl_dag.py for tasks to queue
[2022-06-20 01:23:40,953] {logging_mixin.py:115} INFO - [2022-06-20 01:23:40,953] {dagbag.py:507} INFO - Filling up the DagBag from /home/airflow/.local/lib/python3.7/site-packages/airflow/example_dags/tutorial_etl_dag.py
[2022-06-20 01:23:40,958] {processor.py:651} INFO - DAG(s) dict_keys(['tutorial_etl_dag']) retrieved from /home/airflow/.local/lib/python3.7/site-packages/airflow/example_dags/tutorial_etl_dag.py
[2022-06-20 01:23:40,975] {logging_mixin.py:115} INFO - [2022-06-20 01:23:40,975] {dag.py:2371} INFO - Sync 1 DAGs
[2022-06-20 01:23:40,989] {logging_mixin.py:115} INFO - [2022-06-20 01:23:40,989] {dag.py:2919} INFO - Setting next_dagrun for tutorial_etl_dag to None, run_after=None
[2022-06-20 01:23:40,996] {processor.py:161} INFO - Processing /home/airflow/.local/lib/python3.7/site-packages/airflow/example_dags/tutorial_etl_dag.py took 0.048 seconds
[2022-06-20 01:24:11,910] {processor.py:153} INFO - Started process (PID=301) to work on /home/airflow/.local/lib/python3.7/site-packages/airflow/example_dags/tutorial_etl_dag.py
[2022-06-20 01:24:11,911] {processor.py:641} INFO - Processing file /home/airflow/.local/lib/python3.7/site-packages/airflow/example_dags/tutorial_etl_dag.py for tasks to queue
[2022-06-20 01:24:11,912] {logging_mixin.py:115} INFO - [2022-06-20 01:24:11,912] {dagbag.py:507} INFO - Filling up the DagBag from /home/airflow/.local/lib/python3.7/site-packages/airflow/example_dags/tutorial_etl_dag.py
[2022-06-20 01:24:11,917] {processor.py:651} INFO - DAG(s) dict_keys(['tutorial_etl_dag']) retrieved from /home/airflow/.local/lib/python3.7/site-packages/airflow/example_dags/tutorial_etl_dag.py
[2022-06-20 01:24:11,940] {logging_mixin.py:115} INFO - [2022-06-20 01:24:11,940] {dag.py:2371} INFO - Sync 1 DAGs
[2022-06-20 01:24:11,954] {logging_mixin.py:115} INFO - [2022-06-20 01:24:11,954] {dag.py:2919} INFO - Setting next_dagrun for tutorial_etl_dag to None, run_after=None
[2022-06-20 01:24:11,963] {processor.py:161} INFO - Processing /home/airflow/.local/lib/python3.7/site-packages/airflow/example_dags/tutorial_etl_dag.py took 0.056 seconds
[2022-06-20 01:24:42,180] {processor.py:153} INFO - Started process (PID=372) to work on /home/airflow/.local/lib/python3.7/site-packages/airflow/example_dags/tutorial_etl_dag.py
[2022-06-20 01:24:42,183] {processor.py:641} INFO - Processing file /home/airflow/.local/lib/python3.7/site-packages/airflow/example_dags/tutorial_etl_dag.py for tasks to queue
[2022-06-20 01:24:42,184] {logging_mixin.py:115} INFO - [2022-06-20 01:24:42,184] {dagbag.py:507} INFO - Filling up the DagBag from /home/airflow/.local/lib/python3.7/site-packages/airflow/example_dags/tutorial_etl_dag.py
[2022-06-20 01:24:42,189] {processor.py:651} INFO - DAG(s) dict_keys(['tutorial_etl_dag']) retrieved from /home/airflow/.local/lib/python3.7/site-packages/airflow/example_dags/tutorial_etl_dag.py
[2022-06-20 01:24:42,207] {logging_mixin.py:115} INFO - [2022-06-20 01:24:42,207] {dag.py:2371} INFO - Sync 1 DAGs
[2022-06-20 01:24:42,222] {logging_mixin.py:115} INFO - [2022-06-20 01:24:42,222] {dag.py:2919} INFO - Setting next_dagrun for tutorial_etl_dag to None, run_after=None
[2022-06-20 01:24:42,231] {processor.py:161} INFO - Processing /home/airflow/.local/lib/python3.7/site-packages/airflow/example_dags/tutorial_etl_dag.py took 0.053 seconds
[2022-06-20 01:25:12,395] {processor.py:153} INFO - Started process (PID=434) to work on /home/airflow/.local/lib/python3.7/site-packages/airflow/example_dags/tutorial_etl_dag.py
[2022-06-20 01:25:12,396] {processor.py:641} INFO - Processing file /home/airflow/.local/lib/python3.7/site-packages/airflow/example_dags/tutorial_etl_dag.py for tasks to queue
[2022-06-20 01:25:12,398] {logging_mixin.py:115} INFO - [2022-06-20 01:25:12,398] {dagbag.py:507} INFO - Filling up the DagBag from /home/airflow/.local/lib/python3.7/site-packages/airflow/example_dags/tutorial_etl_dag.py
[2022-06-20 01:25:12,404] {processor.py:651} INFO - DAG(s) dict_keys(['tutorial_etl_dag']) retrieved from /home/airflow/.local/lib/python3.7/site-packages/airflow/example_dags/tutorial_etl_dag.py
[2022-06-20 01:25:12,422] {logging_mixin.py:115} INFO - [2022-06-20 01:25:12,422] {dag.py:2371} INFO - Sync 1 DAGs
[2022-06-20 01:25:12,435] {logging_mixin.py:115} INFO - [2022-06-20 01:25:12,435] {dag.py:2919} INFO - Setting next_dagrun for tutorial_etl_dag to None, run_after=None
[2022-06-20 01:25:12,444] {processor.py:161} INFO - Processing /home/airflow/.local/lib/python3.7/site-packages/airflow/example_dags/tutorial_etl_dag.py took 0.051 seconds
[2022-06-20 01:25:42,702] {processor.py:153} INFO - Started process (PID=506) to work on /home/airflow/.local/lib/python3.7/site-packages/airflow/example_dags/tutorial_etl_dag.py
[2022-06-20 01:25:42,703] {processor.py:641} INFO - Processing file /home/airflow/.local/lib/python3.7/site-packages/airflow/example_dags/tutorial_etl_dag.py for tasks to queue
[2022-06-20 01:25:42,704] {logging_mixin.py:115} INFO - [2022-06-20 01:25:42,704] {dagbag.py:507} INFO - Filling up the DagBag from /home/airflow/.local/lib/python3.7/site-packages/airflow/example_dags/tutorial_etl_dag.py
[2022-06-20 01:25:42,709] {processor.py:651} INFO - DAG(s) dict_keys(['tutorial_etl_dag']) retrieved from /home/airflow/.local/lib/python3.7/site-packages/airflow/example_dags/tutorial_etl_dag.py
[2022-06-20 01:25:42,725] {logging_mixin.py:115} INFO - [2022-06-20 01:25:42,725] {dag.py:2371} INFO - Sync 1 DAGs
[2022-06-20 01:25:42,738] {logging_mixin.py:115} INFO - [2022-06-20 01:25:42,738] {dag.py:2919} INFO - Setting next_dagrun for tutorial_etl_dag to None, run_after=None
[2022-06-20 01:25:42,745] {processor.py:161} INFO - Processing /home/airflow/.local/lib/python3.7/site-packages/airflow/example_dags/tutorial_etl_dag.py took 0.045 seconds
[2022-06-20 01:26:12,919] {processor.py:153} INFO - Started process (PID=577) to work on /home/airflow/.local/lib/python3.7/site-packages/airflow/example_dags/tutorial_etl_dag.py
[2022-06-20 01:26:12,922] {processor.py:641} INFO - Processing file /home/airflow/.local/lib/python3.7/site-packages/airflow/example_dags/tutorial_etl_dag.py for tasks to queue
[2022-06-20 01:26:12,924] {logging_mixin.py:115} INFO - [2022-06-20 01:26:12,924] {dagbag.py:507} INFO - Filling up the DagBag from /home/airflow/.local/lib/python3.7/site-packages/airflow/example_dags/tutorial_etl_dag.py
[2022-06-20 01:26:12,929] {processor.py:651} INFO - DAG(s) dict_keys(['tutorial_etl_dag']) retrieved from /home/airflow/.local/lib/python3.7/site-packages/airflow/example_dags/tutorial_etl_dag.py
[2022-06-20 01:26:12,951] {logging_mixin.py:115} INFO - [2022-06-20 01:26:12,951] {dag.py:2371} INFO - Sync 1 DAGs
[2022-06-20 01:26:12,967] {logging_mixin.py:115} INFO - [2022-06-20 01:26:12,967] {dag.py:2919} INFO - Setting next_dagrun for tutorial_etl_dag to None, run_after=None
[2022-06-20 01:26:12,982] {processor.py:161} INFO - Processing /home/airflow/.local/lib/python3.7/site-packages/airflow/example_dags/tutorial_etl_dag.py took 0.066 seconds
[2022-06-20 01:26:43,758] {processor.py:153} INFO - Started process (PID=648) to work on /home/airflow/.local/lib/python3.7/site-packages/airflow/example_dags/tutorial_etl_dag.py
[2022-06-20 01:26:43,762] {processor.py:641} INFO - Processing file /home/airflow/.local/lib/python3.7/site-packages/airflow/example_dags/tutorial_etl_dag.py for tasks to queue
[2022-06-20 01:26:43,768] {logging_mixin.py:115} INFO - [2022-06-20 01:26:43,767] {dagbag.py:507} INFO - Filling up the DagBag from /home/airflow/.local/lib/python3.7/site-packages/airflow/example_dags/tutorial_etl_dag.py
[2022-06-20 01:26:43,778] {processor.py:651} INFO - DAG(s) dict_keys(['tutorial_etl_dag']) retrieved from /home/airflow/.local/lib/python3.7/site-packages/airflow/example_dags/tutorial_etl_dag.py
[2022-06-20 01:26:43,813] {logging_mixin.py:115} INFO - [2022-06-20 01:26:43,813] {dag.py:2371} INFO - Sync 1 DAGs
[2022-06-20 01:26:43,832] {logging_mixin.py:115} INFO - [2022-06-20 01:26:43,832] {dag.py:2919} INFO - Setting next_dagrun for tutorial_etl_dag to None, run_after=None
[2022-06-20 01:26:43,845] {processor.py:161} INFO - Processing /home/airflow/.local/lib/python3.7/site-packages/airflow/example_dags/tutorial_etl_dag.py took 0.089 seconds
[2022-06-20 01:27:14,010] {processor.py:153} INFO - Started process (PID=720) to work on /home/airflow/.local/lib/python3.7/site-packages/airflow/example_dags/tutorial_etl_dag.py
[2022-06-20 01:27:14,011] {processor.py:641} INFO - Processing file /home/airflow/.local/lib/python3.7/site-packages/airflow/example_dags/tutorial_etl_dag.py for tasks to queue
[2022-06-20 01:27:14,012] {logging_mixin.py:115} INFO - [2022-06-20 01:27:14,012] {dagbag.py:507} INFO - Filling up the DagBag from /home/airflow/.local/lib/python3.7/site-packages/airflow/example_dags/tutorial_etl_dag.py
[2022-06-20 01:27:14,017] {processor.py:651} INFO - DAG(s) dict_keys(['tutorial_etl_dag']) retrieved from /home/airflow/.local/lib/python3.7/site-packages/airflow/example_dags/tutorial_etl_dag.py
[2022-06-20 01:27:14,035] {logging_mixin.py:115} INFO - [2022-06-20 01:27:14,035] {dag.py:2371} INFO - Sync 1 DAGs
[2022-06-20 01:27:14,048] {logging_mixin.py:115} INFO - [2022-06-20 01:27:14,048] {dag.py:2919} INFO - Setting next_dagrun for tutorial_etl_dag to None, run_after=None
[2022-06-20 01:27:14,056] {processor.py:161} INFO - Processing /home/airflow/.local/lib/python3.7/site-packages/airflow/example_dags/tutorial_etl_dag.py took 0.049 seconds
[2022-06-20 01:27:44,256] {processor.py:153} INFO - Started process (PID=792) to work on /home/airflow/.local/lib/python3.7/site-packages/airflow/example_dags/tutorial_etl_dag.py
[2022-06-20 01:27:44,257] {processor.py:641} INFO - Processing file /home/airflow/.local/lib/python3.7/site-packages/airflow/example_dags/tutorial_etl_dag.py for tasks to queue
[2022-06-20 01:27:44,259] {logging_mixin.py:115} INFO - [2022-06-20 01:27:44,259] {dagbag.py:507} INFO - Filling up the DagBag from /home/airflow/.local/lib/python3.7/site-packages/airflow/example_dags/tutorial_etl_dag.py
[2022-06-20 01:27:44,265] {processor.py:651} INFO - DAG(s) dict_keys(['tutorial_etl_dag']) retrieved from /home/airflow/.local/lib/python3.7/site-packages/airflow/example_dags/tutorial_etl_dag.py
[2022-06-20 01:27:44,289] {logging_mixin.py:115} INFO - [2022-06-20 01:27:44,289] {dag.py:2371} INFO - Sync 1 DAGs
[2022-06-20 01:27:44,310] {logging_mixin.py:115} INFO - [2022-06-20 01:27:44,309] {dag.py:2919} INFO - Setting next_dagrun for tutorial_etl_dag to None, run_after=None
[2022-06-20 01:27:44,324] {processor.py:161} INFO - Processing /home/airflow/.local/lib/python3.7/site-packages/airflow/example_dags/tutorial_etl_dag.py took 0.071 seconds
[2022-06-20 01:28:14,499] {processor.py:153} INFO - Started process (PID=854) to work on /home/airflow/.local/lib/python3.7/site-packages/airflow/example_dags/tutorial_etl_dag.py
[2022-06-20 01:28:14,500] {processor.py:641} INFO - Processing file /home/airflow/.local/lib/python3.7/site-packages/airflow/example_dags/tutorial_etl_dag.py for tasks to queue
[2022-06-20 01:28:14,501] {logging_mixin.py:115} INFO - [2022-06-20 01:28:14,501] {dagbag.py:507} INFO - Filling up the DagBag from /home/airflow/.local/lib/python3.7/site-packages/airflow/example_dags/tutorial_etl_dag.py
[2022-06-20 01:28:14,506] {processor.py:651} INFO - DAG(s) dict_keys(['tutorial_etl_dag']) retrieved from /home/airflow/.local/lib/python3.7/site-packages/airflow/example_dags/tutorial_etl_dag.py
[2022-06-20 01:28:14,523] {logging_mixin.py:115} INFO - [2022-06-20 01:28:14,523] {dag.py:2371} INFO - Sync 1 DAGs
[2022-06-20 01:28:14,536] {logging_mixin.py:115} INFO - [2022-06-20 01:28:14,536] {dag.py:2919} INFO - Setting next_dagrun for tutorial_etl_dag to None, run_after=None
[2022-06-20 01:28:14,544] {processor.py:161} INFO - Processing /home/airflow/.local/lib/python3.7/site-packages/airflow/example_dags/tutorial_etl_dag.py took 0.048 seconds
[2022-06-20 01:28:45,268] {processor.py:153} INFO - Started process (PID=926) to work on /home/airflow/.local/lib/python3.7/site-packages/airflow/example_dags/tutorial_etl_dag.py
[2022-06-20 01:28:45,271] {processor.py:641} INFO - Processing file /home/airflow/.local/lib/python3.7/site-packages/airflow/example_dags/tutorial_etl_dag.py for tasks to queue
[2022-06-20 01:28:45,272] {logging_mixin.py:115} INFO - [2022-06-20 01:28:45,272] {dagbag.py:507} INFO - Filling up the DagBag from /home/airflow/.local/lib/python3.7/site-packages/airflow/example_dags/tutorial_etl_dag.py
[2022-06-20 01:28:45,277] {processor.py:651} INFO - DAG(s) dict_keys(['tutorial_etl_dag']) retrieved from /home/airflow/.local/lib/python3.7/site-packages/airflow/example_dags/tutorial_etl_dag.py
[2022-06-20 01:28:45,296] {logging_mixin.py:115} INFO - [2022-06-20 01:28:45,296] {dag.py:2371} INFO - Sync 1 DAGs
[2022-06-20 01:28:45,312] {logging_mixin.py:115} INFO - [2022-06-20 01:28:45,312] {dag.py:2919} INFO - Setting next_dagrun for tutorial_etl_dag to None, run_after=None
[2022-06-20 01:28:45,319] {processor.py:161} INFO - Processing /home/airflow/.local/lib/python3.7/site-packages/airflow/example_dags/tutorial_etl_dag.py took 0.052 seconds
[2022-06-20 01:29:16,235] {processor.py:153} INFO - Started process (PID=997) to work on /home/airflow/.local/lib/python3.7/site-packages/airflow/example_dags/tutorial_etl_dag.py
[2022-06-20 01:29:16,236] {processor.py:641} INFO - Processing file /home/airflow/.local/lib/python3.7/site-packages/airflow/example_dags/tutorial_etl_dag.py for tasks to queue
[2022-06-20 01:29:16,238] {logging_mixin.py:115} INFO - [2022-06-20 01:29:16,238] {dagbag.py:507} INFO - Filling up the DagBag from /home/airflow/.local/lib/python3.7/site-packages/airflow/example_dags/tutorial_etl_dag.py
[2022-06-20 01:29:16,243] {processor.py:651} INFO - DAG(s) dict_keys(['tutorial_etl_dag']) retrieved from /home/airflow/.local/lib/python3.7/site-packages/airflow/example_dags/tutorial_etl_dag.py
[2022-06-20 01:29:16,267] {logging_mixin.py:115} INFO - [2022-06-20 01:29:16,267] {dag.py:2371} INFO - Sync 1 DAGs
[2022-06-20 01:29:16,285] {logging_mixin.py:115} INFO - [2022-06-20 01:29:16,285] {dag.py:2919} INFO - Setting next_dagrun for tutorial_etl_dag to None, run_after=None
[2022-06-20 01:29:16,295] {processor.py:161} INFO - Processing /home/airflow/.local/lib/python3.7/site-packages/airflow/example_dags/tutorial_etl_dag.py took 0.062 seconds
[2022-06-20 01:29:46,343] {processor.py:153} INFO - Started process (PID=1067) to work on /home/airflow/.local/lib/python3.7/site-packages/airflow/example_dags/tutorial_etl_dag.py
[2022-06-20 01:29:46,344] {processor.py:641} INFO - Processing file /home/airflow/.local/lib/python3.7/site-packages/airflow/example_dags/tutorial_etl_dag.py for tasks to queue
[2022-06-20 01:29:46,346] {logging_mixin.py:115} INFO - [2022-06-20 01:29:46,346] {dagbag.py:507} INFO - Filling up the DagBag from /home/airflow/.local/lib/python3.7/site-packages/airflow/example_dags/tutorial_etl_dag.py
[2022-06-20 01:29:46,350] {processor.py:651} INFO - DAG(s) dict_keys(['tutorial_etl_dag']) retrieved from /home/airflow/.local/lib/python3.7/site-packages/airflow/example_dags/tutorial_etl_dag.py
[2022-06-20 01:29:46,372] {logging_mixin.py:115} INFO - [2022-06-20 01:29:46,372] {dag.py:2371} INFO - Sync 1 DAGs
[2022-06-20 01:29:46,385] {logging_mixin.py:115} INFO - [2022-06-20 01:29:46,385] {dag.py:2919} INFO - Setting next_dagrun for tutorial_etl_dag to None, run_after=None
[2022-06-20 01:29:46,395] {processor.py:161} INFO - Processing /home/airflow/.local/lib/python3.7/site-packages/airflow/example_dags/tutorial_etl_dag.py took 0.054 seconds
[2022-06-20 01:30:16,668] {processor.py:153} INFO - Started process (PID=1140) to work on /home/airflow/.local/lib/python3.7/site-packages/airflow/example_dags/tutorial_etl_dag.py
[2022-06-20 01:30:16,670] {processor.py:641} INFO - Processing file /home/airflow/.local/lib/python3.7/site-packages/airflow/example_dags/tutorial_etl_dag.py for tasks to queue
[2022-06-20 01:30:16,671] {logging_mixin.py:115} INFO - [2022-06-20 01:30:16,671] {dagbag.py:507} INFO - Filling up the DagBag from /home/airflow/.local/lib/python3.7/site-packages/airflow/example_dags/tutorial_etl_dag.py
[2022-06-20 01:30:16,675] {processor.py:651} INFO - DAG(s) dict_keys(['tutorial_etl_dag']) retrieved from /home/airflow/.local/lib/python3.7/site-packages/airflow/example_dags/tutorial_etl_dag.py
[2022-06-20 01:30:16,693] {logging_mixin.py:115} INFO - [2022-06-20 01:30:16,693] {dag.py:2371} INFO - Sync 1 DAGs
[2022-06-20 01:30:16,707] {logging_mixin.py:115} INFO - [2022-06-20 01:30:16,707] {dag.py:2919} INFO - Setting next_dagrun for tutorial_etl_dag to None, run_after=None
[2022-06-20 01:30:16,716] {processor.py:161} INFO - Processing /home/airflow/.local/lib/python3.7/site-packages/airflow/example_dags/tutorial_etl_dag.py took 0.050 seconds
[2022-06-20 01:30:47,123] {processor.py:153} INFO - Started process (PID=1201) to work on /home/airflow/.local/lib/python3.7/site-packages/airflow/example_dags/tutorial_etl_dag.py
[2022-06-20 01:30:47,124] {processor.py:641} INFO - Processing file /home/airflow/.local/lib/python3.7/site-packages/airflow/example_dags/tutorial_etl_dag.py for tasks to queue
[2022-06-20 01:30:47,125] {logging_mixin.py:115} INFO - [2022-06-20 01:30:47,125] {dagbag.py:507} INFO - Filling up the DagBag from /home/airflow/.local/lib/python3.7/site-packages/airflow/example_dags/tutorial_etl_dag.py
[2022-06-20 01:30:47,130] {processor.py:651} INFO - DAG(s) dict_keys(['tutorial_etl_dag']) retrieved from /home/airflow/.local/lib/python3.7/site-packages/airflow/example_dags/tutorial_etl_dag.py
[2022-06-20 01:30:47,148] {logging_mixin.py:115} INFO - [2022-06-20 01:30:47,148] {dag.py:2371} INFO - Sync 1 DAGs
[2022-06-20 01:30:47,163] {logging_mixin.py:115} INFO - [2022-06-20 01:30:47,163] {dag.py:2919} INFO - Setting next_dagrun for tutorial_etl_dag to None, run_after=None
[2022-06-20 01:30:47,171] {processor.py:161} INFO - Processing /home/airflow/.local/lib/python3.7/site-packages/airflow/example_dags/tutorial_etl_dag.py took 0.051 seconds
[2022-06-20 01:31:17,530] {processor.py:153} INFO - Started process (PID=1274) to work on /home/airflow/.local/lib/python3.7/site-packages/airflow/example_dags/tutorial_etl_dag.py
[2022-06-20 01:31:17,532] {processor.py:641} INFO - Processing file /home/airflow/.local/lib/python3.7/site-packages/airflow/example_dags/tutorial_etl_dag.py for tasks to queue
[2022-06-20 01:31:17,533] {logging_mixin.py:115} INFO - [2022-06-20 01:31:17,533] {dagbag.py:507} INFO - Filling up the DagBag from /home/airflow/.local/lib/python3.7/site-packages/airflow/example_dags/tutorial_etl_dag.py
[2022-06-20 01:31:17,539] {processor.py:651} INFO - DAG(s) dict_keys(['tutorial_etl_dag']) retrieved from /home/airflow/.local/lib/python3.7/site-packages/airflow/example_dags/tutorial_etl_dag.py
[2022-06-20 01:31:17,558] {logging_mixin.py:115} INFO - [2022-06-20 01:31:17,558] {dag.py:2371} INFO - Sync 1 DAGs
[2022-06-20 01:31:17,572] {logging_mixin.py:115} INFO - [2022-06-20 01:31:17,572] {dag.py:2919} INFO - Setting next_dagrun for tutorial_etl_dag to None, run_after=None
[2022-06-20 01:31:17,580] {processor.py:161} INFO - Processing /home/airflow/.local/lib/python3.7/site-packages/airflow/example_dags/tutorial_etl_dag.py took 0.052 seconds
[2022-06-20 01:31:47,852] {processor.py:153} INFO - Started process (PID=1346) to work on /home/airflow/.local/lib/python3.7/site-packages/airflow/example_dags/tutorial_etl_dag.py
[2022-06-20 01:31:47,854] {processor.py:641} INFO - Processing file /home/airflow/.local/lib/python3.7/site-packages/airflow/example_dags/tutorial_etl_dag.py for tasks to queue
[2022-06-20 01:31:47,855] {logging_mixin.py:115} INFO - [2022-06-20 01:31:47,855] {dagbag.py:507} INFO - Filling up the DagBag from /home/airflow/.local/lib/python3.7/site-packages/airflow/example_dags/tutorial_etl_dag.py
[2022-06-20 01:31:47,860] {processor.py:651} INFO - DAG(s) dict_keys(['tutorial_etl_dag']) retrieved from /home/airflow/.local/lib/python3.7/site-packages/airflow/example_dags/tutorial_etl_dag.py
[2022-06-20 01:31:47,878] {logging_mixin.py:115} INFO - [2022-06-20 01:31:47,878] {dag.py:2371} INFO - Sync 1 DAGs
[2022-06-20 01:31:47,892] {logging_mixin.py:115} INFO - [2022-06-20 01:31:47,892] {dag.py:2919} INFO - Setting next_dagrun for tutorial_etl_dag to None, run_after=None
[2022-06-20 01:31:47,900] {processor.py:161} INFO - Processing /home/airflow/.local/lib/python3.7/site-packages/airflow/example_dags/tutorial_etl_dag.py took 0.050 seconds
[2022-06-20 01:32:18,238] {processor.py:153} INFO - Started process (PID=1418) to work on /home/airflow/.local/lib/python3.7/site-packages/airflow/example_dags/tutorial_etl_dag.py
[2022-06-20 01:32:18,241] {processor.py:641} INFO - Processing file /home/airflow/.local/lib/python3.7/site-packages/airflow/example_dags/tutorial_etl_dag.py for tasks to queue
[2022-06-20 01:32:18,243] {logging_mixin.py:115} INFO - [2022-06-20 01:32:18,243] {dagbag.py:507} INFO - Filling up the DagBag from /home/airflow/.local/lib/python3.7/site-packages/airflow/example_dags/tutorial_etl_dag.py
[2022-06-20 01:32:18,248] {processor.py:651} INFO - DAG(s) dict_keys(['tutorial_etl_dag']) retrieved from /home/airflow/.local/lib/python3.7/site-packages/airflow/example_dags/tutorial_etl_dag.py
[2022-06-20 01:32:18,274] {logging_mixin.py:115} INFO - [2022-06-20 01:32:18,274] {dag.py:2371} INFO - Sync 1 DAGs
[2022-06-20 01:32:18,293] {logging_mixin.py:115} INFO - [2022-06-20 01:32:18,293] {dag.py:2919} INFO - Setting next_dagrun for tutorial_etl_dag to None, run_after=None
[2022-06-20 01:32:18,303] {processor.py:161} INFO - Processing /home/airflow/.local/lib/python3.7/site-packages/airflow/example_dags/tutorial_etl_dag.py took 0.067 seconds
[2022-06-20 01:32:48,589] {processor.py:153} INFO - Started process (PID=1495) to work on /home/airflow/.local/lib/python3.7/site-packages/airflow/example_dags/tutorial_etl_dag.py
[2022-06-20 01:32:48,591] {processor.py:641} INFO - Processing file /home/airflow/.local/lib/python3.7/site-packages/airflow/example_dags/tutorial_etl_dag.py for tasks to queue
[2022-06-20 01:32:48,592] {logging_mixin.py:115} INFO - [2022-06-20 01:32:48,592] {dagbag.py:507} INFO - Filling up the DagBag from /home/airflow/.local/lib/python3.7/site-packages/airflow/example_dags/tutorial_etl_dag.py
[2022-06-20 01:32:48,599] {processor.py:651} INFO - DAG(s) dict_keys(['tutorial_etl_dag']) retrieved from /home/airflow/.local/lib/python3.7/site-packages/airflow/example_dags/tutorial_etl_dag.py
[2022-06-20 01:32:48,636] {logging_mixin.py:115} INFO - [2022-06-20 01:32:48,636] {dag.py:2371} INFO - Sync 1 DAGs
[2022-06-20 01:32:48,656] {logging_mixin.py:115} INFO - [2022-06-20 01:32:48,656] {dag.py:2919} INFO - Setting next_dagrun for tutorial_etl_dag to None, run_after=None
[2022-06-20 01:32:48,669] {processor.py:161} INFO - Processing /home/airflow/.local/lib/python3.7/site-packages/airflow/example_dags/tutorial_etl_dag.py took 0.082 seconds
[2022-06-20 01:33:19,454] {processor.py:153} INFO - Started process (PID=1573) to work on /home/airflow/.local/lib/python3.7/site-packages/airflow/example_dags/tutorial_etl_dag.py
[2022-06-20 01:33:19,456] {processor.py:641} INFO - Processing file /home/airflow/.local/lib/python3.7/site-packages/airflow/example_dags/tutorial_etl_dag.py for tasks to queue
[2022-06-20 01:33:19,457] {logging_mixin.py:115} INFO - [2022-06-20 01:33:19,457] {dagbag.py:507} INFO - Filling up the DagBag from /home/airflow/.local/lib/python3.7/site-packages/airflow/example_dags/tutorial_etl_dag.py
[2022-06-20 01:33:19,463] {processor.py:651} INFO - DAG(s) dict_keys(['tutorial_etl_dag']) retrieved from /home/airflow/.local/lib/python3.7/site-packages/airflow/example_dags/tutorial_etl_dag.py
[2022-06-20 01:33:19,481] {logging_mixin.py:115} INFO - [2022-06-20 01:33:19,481] {dag.py:2371} INFO - Sync 1 DAGs
[2022-06-20 01:33:19,495] {logging_mixin.py:115} INFO - [2022-06-20 01:33:19,495] {dag.py:2919} INFO - Setting next_dagrun for tutorial_etl_dag to None, run_after=None
[2022-06-20 01:33:19,506] {processor.py:161} INFO - Processing /home/airflow/.local/lib/python3.7/site-packages/airflow/example_dags/tutorial_etl_dag.py took 0.054 seconds
[2022-06-20 01:33:42,971] {processor.py:153} INFO - Started process (PID=81) to work on /home/airflow/.local/lib/python3.7/site-packages/airflow/example_dags/tutorial_etl_dag.py
[2022-06-20 01:33:42,973] {processor.py:641} INFO - Processing file /home/airflow/.local/lib/python3.7/site-packages/airflow/example_dags/tutorial_etl_dag.py for tasks to queue
[2022-06-20 01:33:42,976] {logging_mixin.py:115} INFO - [2022-06-20 01:33:42,976] {dagbag.py:507} INFO - Filling up the DagBag from /home/airflow/.local/lib/python3.7/site-packages/airflow/example_dags/tutorial_etl_dag.py
[2022-06-20 01:33:42,985] {processor.py:651} INFO - DAG(s) dict_keys(['tutorial_etl_dag']) retrieved from /home/airflow/.local/lib/python3.7/site-packages/airflow/example_dags/tutorial_etl_dag.py
[2022-06-20 01:33:43,043] {logging_mixin.py:115} INFO - [2022-06-20 01:33:43,043] {dag.py:2371} INFO - Sync 1 DAGs
[2022-06-20 01:33:43,079] {logging_mixin.py:115} INFO - [2022-06-20 01:33:43,079] {dag.py:2919} INFO - Setting next_dagrun for tutorial_etl_dag to None, run_after=None
[2022-06-20 01:33:43,105] {processor.py:161} INFO - Processing /home/airflow/.local/lib/python3.7/site-packages/airflow/example_dags/tutorial_etl_dag.py took 0.138 seconds
[2022-06-20 01:34:13,914] {processor.py:153} INFO - Started process (PID=147) to work on /home/airflow/.local/lib/python3.7/site-packages/airflow/example_dags/tutorial_etl_dag.py
[2022-06-20 01:34:13,917] {processor.py:641} INFO - Processing file /home/airflow/.local/lib/python3.7/site-packages/airflow/example_dags/tutorial_etl_dag.py for tasks to queue
[2022-06-20 01:34:13,920] {logging_mixin.py:115} INFO - [2022-06-20 01:34:13,920] {dagbag.py:507} INFO - Filling up the DagBag from /home/airflow/.local/lib/python3.7/site-packages/airflow/example_dags/tutorial_etl_dag.py
[2022-06-20 01:34:13,926] {processor.py:651} INFO - DAG(s) dict_keys(['tutorial_etl_dag']) retrieved from /home/airflow/.local/lib/python3.7/site-packages/airflow/example_dags/tutorial_etl_dag.py
[2022-06-20 01:34:13,948] {logging_mixin.py:115} INFO - [2022-06-20 01:34:13,948] {dag.py:2371} INFO - Sync 1 DAGs
[2022-06-20 01:34:13,971] {logging_mixin.py:115} INFO - [2022-06-20 01:34:13,970] {dag.py:2919} INFO - Setting next_dagrun for tutorial_etl_dag to None, run_after=None
[2022-06-20 01:34:13,984] {processor.py:161} INFO - Processing /home/airflow/.local/lib/python3.7/site-packages/airflow/example_dags/tutorial_etl_dag.py took 0.072 seconds
[2022-06-20 01:34:44,052] {processor.py:153} INFO - Started process (PID=289) to work on /home/airflow/.local/lib/python3.7/site-packages/airflow/example_dags/tutorial_etl_dag.py
[2022-06-20 01:34:44,054] {processor.py:641} INFO - Processing file /home/airflow/.local/lib/python3.7/site-packages/airflow/example_dags/tutorial_etl_dag.py for tasks to queue
[2022-06-20 01:34:44,054] {logging_mixin.py:115} INFO - [2022-06-20 01:34:44,054] {dagbag.py:507} INFO - Filling up the DagBag from /home/airflow/.local/lib/python3.7/site-packages/airflow/example_dags/tutorial_etl_dag.py
[2022-06-20 01:34:44,059] {processor.py:651} INFO - DAG(s) dict_keys(['tutorial_etl_dag']) retrieved from /home/airflow/.local/lib/python3.7/site-packages/airflow/example_dags/tutorial_etl_dag.py
[2022-06-20 01:34:44,077] {logging_mixin.py:115} INFO - [2022-06-20 01:34:44,077] {dag.py:2371} INFO - Sync 1 DAGs
[2022-06-20 01:34:44,091] {logging_mixin.py:115} INFO - [2022-06-20 01:34:44,090] {dag.py:2919} INFO - Setting next_dagrun for tutorial_etl_dag to None, run_after=None
[2022-06-20 01:34:44,097] {processor.py:161} INFO - Processing /home/airflow/.local/lib/python3.7/site-packages/airflow/example_dags/tutorial_etl_dag.py took 0.049 seconds
[2022-06-20 01:35:14,958] {processor.py:153} INFO - Started process (PID=366) to work on /home/airflow/.local/lib/python3.7/site-packages/airflow/example_dags/tutorial_etl_dag.py
[2022-06-20 01:35:14,961] {processor.py:641} INFO - Processing file /home/airflow/.local/lib/python3.7/site-packages/airflow/example_dags/tutorial_etl_dag.py for tasks to queue
[2022-06-20 01:35:14,963] {logging_mixin.py:115} INFO - [2022-06-20 01:35:14,963] {dagbag.py:507} INFO - Filling up the DagBag from /home/airflow/.local/lib/python3.7/site-packages/airflow/example_dags/tutorial_etl_dag.py
[2022-06-20 01:35:14,972] {processor.py:651} INFO - DAG(s) dict_keys(['tutorial_etl_dag']) retrieved from /home/airflow/.local/lib/python3.7/site-packages/airflow/example_dags/tutorial_etl_dag.py
[2022-06-20 01:35:14,998] {logging_mixin.py:115} INFO - [2022-06-20 01:35:14,998] {dag.py:2371} INFO - Sync 1 DAGs
[2022-06-20 01:35:15,014] {logging_mixin.py:115} INFO - [2022-06-20 01:35:15,014] {dag.py:2919} INFO - Setting next_dagrun for tutorial_etl_dag to None, run_after=None
[2022-06-20 01:35:15,021] {processor.py:161} INFO - Processing /home/airflow/.local/lib/python3.7/site-packages/airflow/example_dags/tutorial_etl_dag.py took 0.066 seconds
[2022-06-20 01:35:45,393] {processor.py:153} INFO - Started process (PID=441) to work on /home/airflow/.local/lib/python3.7/site-packages/airflow/example_dags/tutorial_etl_dag.py
[2022-06-20 01:35:45,395] {processor.py:641} INFO - Processing file /home/airflow/.local/lib/python3.7/site-packages/airflow/example_dags/tutorial_etl_dag.py for tasks to queue
[2022-06-20 01:35:45,397] {logging_mixin.py:115} INFO - [2022-06-20 01:35:45,397] {dagbag.py:507} INFO - Filling up the DagBag from /home/airflow/.local/lib/python3.7/site-packages/airflow/example_dags/tutorial_etl_dag.py
[2022-06-20 01:35:45,402] {processor.py:651} INFO - DAG(s) dict_keys(['tutorial_etl_dag']) retrieved from /home/airflow/.local/lib/python3.7/site-packages/airflow/example_dags/tutorial_etl_dag.py
[2022-06-20 01:35:45,422] {logging_mixin.py:115} INFO - [2022-06-20 01:35:45,422] {dag.py:2371} INFO - Sync 1 DAGs
[2022-06-20 01:35:45,436] {logging_mixin.py:115} INFO - [2022-06-20 01:35:45,436] {dag.py:2919} INFO - Setting next_dagrun for tutorial_etl_dag to None, run_after=None
[2022-06-20 01:35:45,444] {processor.py:161} INFO - Processing /home/airflow/.local/lib/python3.7/site-packages/airflow/example_dags/tutorial_etl_dag.py took 0.054 seconds
[2022-06-20 01:36:16,170] {processor.py:153} INFO - Started process (PID=516) to work on /home/airflow/.local/lib/python3.7/site-packages/airflow/example_dags/tutorial_etl_dag.py
[2022-06-20 01:36:16,175] {processor.py:641} INFO - Processing file /home/airflow/.local/lib/python3.7/site-packages/airflow/example_dags/tutorial_etl_dag.py for tasks to queue
[2022-06-20 01:36:16,177] {logging_mixin.py:115} INFO - [2022-06-20 01:36:16,177] {dagbag.py:507} INFO - Filling up the DagBag from /home/airflow/.local/lib/python3.7/site-packages/airflow/example_dags/tutorial_etl_dag.py
[2022-06-20 01:36:16,187] {processor.py:651} INFO - DAG(s) dict_keys(['tutorial_etl_dag']) retrieved from /home/airflow/.local/lib/python3.7/site-packages/airflow/example_dags/tutorial_etl_dag.py
[2022-06-20 01:36:16,216] {logging_mixin.py:115} INFO - [2022-06-20 01:36:16,215] {dag.py:2371} INFO - Sync 1 DAGs
[2022-06-20 01:36:16,243] {logging_mixin.py:115} INFO - [2022-06-20 01:36:16,242] {dag.py:2919} INFO - Setting next_dagrun for tutorial_etl_dag to None, run_after=None
[2022-06-20 01:36:16,266] {processor.py:161} INFO - Processing /home/airflow/.local/lib/python3.7/site-packages/airflow/example_dags/tutorial_etl_dag.py took 0.101 seconds
[2022-06-20 01:36:46,924] {processor.py:153} INFO - Started process (PID=581) to work on /home/airflow/.local/lib/python3.7/site-packages/airflow/example_dags/tutorial_etl_dag.py
[2022-06-20 01:36:46,928] {processor.py:641} INFO - Processing file /home/airflow/.local/lib/python3.7/site-packages/airflow/example_dags/tutorial_etl_dag.py for tasks to queue
[2022-06-20 01:36:46,932] {logging_mixin.py:115} INFO - [2022-06-20 01:36:46,932] {dagbag.py:507} INFO - Filling up the DagBag from /home/airflow/.local/lib/python3.7/site-packages/airflow/example_dags/tutorial_etl_dag.py
[2022-06-20 01:36:46,941] {processor.py:651} INFO - DAG(s) dict_keys(['tutorial_etl_dag']) retrieved from /home/airflow/.local/lib/python3.7/site-packages/airflow/example_dags/tutorial_etl_dag.py
[2022-06-20 01:36:46,970] {logging_mixin.py:115} INFO - [2022-06-20 01:36:46,970] {dag.py:2371} INFO - Sync 1 DAGs
[2022-06-20 01:36:46,989] {logging_mixin.py:115} INFO - [2022-06-20 01:36:46,989] {dag.py:2919} INFO - Setting next_dagrun for tutorial_etl_dag to None, run_after=None
[2022-06-20 01:36:46,999] {processor.py:161} INFO - Processing /home/airflow/.local/lib/python3.7/site-packages/airflow/example_dags/tutorial_etl_dag.py took 0.081 seconds
[2022-06-20 01:37:17,709] {processor.py:153} INFO - Started process (PID=656) to work on /home/airflow/.local/lib/python3.7/site-packages/airflow/example_dags/tutorial_etl_dag.py
[2022-06-20 01:37:17,712] {processor.py:641} INFO - Processing file /home/airflow/.local/lib/python3.7/site-packages/airflow/example_dags/tutorial_etl_dag.py for tasks to queue
[2022-06-20 01:37:17,714] {logging_mixin.py:115} INFO - [2022-06-20 01:37:17,714] {dagbag.py:507} INFO - Filling up the DagBag from /home/airflow/.local/lib/python3.7/site-packages/airflow/example_dags/tutorial_etl_dag.py
[2022-06-20 01:37:17,719] {processor.py:651} INFO - DAG(s) dict_keys(['tutorial_etl_dag']) retrieved from /home/airflow/.local/lib/python3.7/site-packages/airflow/example_dags/tutorial_etl_dag.py
[2022-06-20 01:37:17,740] {logging_mixin.py:115} INFO - [2022-06-20 01:37:17,740] {dag.py:2371} INFO - Sync 1 DAGs
[2022-06-20 01:37:17,753] {logging_mixin.py:115} INFO - [2022-06-20 01:37:17,753] {dag.py:2919} INFO - Setting next_dagrun for tutorial_etl_dag to None, run_after=None
[2022-06-20 01:37:17,762] {processor.py:161} INFO - Processing /home/airflow/.local/lib/python3.7/site-packages/airflow/example_dags/tutorial_etl_dag.py took 0.055 seconds
[2022-06-20 01:37:47,952] {processor.py:153} INFO - Started process (PID=731) to work on /home/airflow/.local/lib/python3.7/site-packages/airflow/example_dags/tutorial_etl_dag.py
[2022-06-20 01:37:47,955] {processor.py:641} INFO - Processing file /home/airflow/.local/lib/python3.7/site-packages/airflow/example_dags/tutorial_etl_dag.py for tasks to queue
[2022-06-20 01:37:47,956] {logging_mixin.py:115} INFO - [2022-06-20 01:37:47,956] {dagbag.py:507} INFO - Filling up the DagBag from /home/airflow/.local/lib/python3.7/site-packages/airflow/example_dags/tutorial_etl_dag.py
[2022-06-20 01:37:47,961] {processor.py:651} INFO - DAG(s) dict_keys(['tutorial_etl_dag']) retrieved from /home/airflow/.local/lib/python3.7/site-packages/airflow/example_dags/tutorial_etl_dag.py
[2022-06-20 01:37:47,979] {logging_mixin.py:115} INFO - [2022-06-20 01:37:47,979] {dag.py:2371} INFO - Sync 1 DAGs
[2022-06-20 01:37:47,993] {logging_mixin.py:115} INFO - [2022-06-20 01:37:47,993] {dag.py:2919} INFO - Setting next_dagrun for tutorial_etl_dag to None, run_after=None
[2022-06-20 01:37:48,002] {processor.py:161} INFO - Processing /home/airflow/.local/lib/python3.7/site-packages/airflow/example_dags/tutorial_etl_dag.py took 0.052 seconds
[2022-06-20 01:38:18,127] {processor.py:153} INFO - Started process (PID=806) to work on /home/airflow/.local/lib/python3.7/site-packages/airflow/example_dags/tutorial_etl_dag.py
[2022-06-20 01:38:18,128] {processor.py:641} INFO - Processing file /home/airflow/.local/lib/python3.7/site-packages/airflow/example_dags/tutorial_etl_dag.py for tasks to queue
[2022-06-20 01:38:18,130] {logging_mixin.py:115} INFO - [2022-06-20 01:38:18,129] {dagbag.py:507} INFO - Filling up the DagBag from /home/airflow/.local/lib/python3.7/site-packages/airflow/example_dags/tutorial_etl_dag.py
[2022-06-20 01:38:18,136] {processor.py:651} INFO - DAG(s) dict_keys(['tutorial_etl_dag']) retrieved from /home/airflow/.local/lib/python3.7/site-packages/airflow/example_dags/tutorial_etl_dag.py
[2022-06-20 01:38:18,155] {logging_mixin.py:115} INFO - [2022-06-20 01:38:18,155] {dag.py:2371} INFO - Sync 1 DAGs
[2022-06-20 01:38:18,168] {logging_mixin.py:115} INFO - [2022-06-20 01:38:18,168] {dag.py:2919} INFO - Setting next_dagrun for tutorial_etl_dag to None, run_after=None
[2022-06-20 01:38:18,177] {processor.py:161} INFO - Processing /home/airflow/.local/lib/python3.7/site-packages/airflow/example_dags/tutorial_etl_dag.py took 0.053 seconds
[2022-06-20 01:38:48,696] {processor.py:153} INFO - Started process (PID=881) to work on /home/airflow/.local/lib/python3.7/site-packages/airflow/example_dags/tutorial_etl_dag.py
[2022-06-20 01:38:48,698] {processor.py:641} INFO - Processing file /home/airflow/.local/lib/python3.7/site-packages/airflow/example_dags/tutorial_etl_dag.py for tasks to queue
[2022-06-20 01:38:48,699] {logging_mixin.py:115} INFO - [2022-06-20 01:38:48,699] {dagbag.py:507} INFO - Filling up the DagBag from /home/airflow/.local/lib/python3.7/site-packages/airflow/example_dags/tutorial_etl_dag.py
[2022-06-20 01:38:48,704] {processor.py:651} INFO - DAG(s) dict_keys(['tutorial_etl_dag']) retrieved from /home/airflow/.local/lib/python3.7/site-packages/airflow/example_dags/tutorial_etl_dag.py
[2022-06-20 01:38:48,723] {logging_mixin.py:115} INFO - [2022-06-20 01:38:48,723] {dag.py:2371} INFO - Sync 1 DAGs
[2022-06-20 01:38:48,737] {logging_mixin.py:115} INFO - [2022-06-20 01:38:48,737] {dag.py:2919} INFO - Setting next_dagrun for tutorial_etl_dag to None, run_after=None
[2022-06-20 01:38:48,746] {processor.py:161} INFO - Processing /home/airflow/.local/lib/python3.7/site-packages/airflow/example_dags/tutorial_etl_dag.py took 0.052 seconds
[2022-06-20 01:39:19,375] {processor.py:153} INFO - Started process (PID=981) to work on /home/airflow/.local/lib/python3.7/site-packages/airflow/example_dags/tutorial_etl_dag.py
[2022-06-20 01:39:19,377] {processor.py:641} INFO - Processing file /home/airflow/.local/lib/python3.7/site-packages/airflow/example_dags/tutorial_etl_dag.py for tasks to queue
[2022-06-20 01:39:19,379] {logging_mixin.py:115} INFO - [2022-06-20 01:39:19,379] {dagbag.py:507} INFO - Filling up the DagBag from /home/airflow/.local/lib/python3.7/site-packages/airflow/example_dags/tutorial_etl_dag.py
[2022-06-20 01:39:19,388] {processor.py:651} INFO - DAG(s) dict_keys(['tutorial_etl_dag']) retrieved from /home/airflow/.local/lib/python3.7/site-packages/airflow/example_dags/tutorial_etl_dag.py
[2022-06-20 01:39:19,410] {logging_mixin.py:115} INFO - [2022-06-20 01:39:19,410] {dag.py:2371} INFO - Sync 1 DAGs
[2022-06-20 01:39:19,427] {logging_mixin.py:115} INFO - [2022-06-20 01:39:19,427] {dag.py:2919} INFO - Setting next_dagrun for tutorial_etl_dag to None, run_after=None
[2022-06-20 01:39:19,439] {processor.py:161} INFO - Processing /home/airflow/.local/lib/python3.7/site-packages/airflow/example_dags/tutorial_etl_dag.py took 0.066 seconds
[2022-06-20 01:39:49,589] {processor.py:153} INFO - Started process (PID=1046) to work on /home/airflow/.local/lib/python3.7/site-packages/airflow/example_dags/tutorial_etl_dag.py
[2022-06-20 01:39:49,591] {processor.py:641} INFO - Processing file /home/airflow/.local/lib/python3.7/site-packages/airflow/example_dags/tutorial_etl_dag.py for tasks to queue
[2022-06-20 01:39:49,592] {logging_mixin.py:115} INFO - [2022-06-20 01:39:49,592] {dagbag.py:507} INFO - Filling up the DagBag from /home/airflow/.local/lib/python3.7/site-packages/airflow/example_dags/tutorial_etl_dag.py
[2022-06-20 01:39:49,597] {processor.py:651} INFO - DAG(s) dict_keys(['tutorial_etl_dag']) retrieved from /home/airflow/.local/lib/python3.7/site-packages/airflow/example_dags/tutorial_etl_dag.py
[2022-06-20 01:39:49,618] {logging_mixin.py:115} INFO - [2022-06-20 01:39:49,617] {dag.py:2371} INFO - Sync 1 DAGs
[2022-06-20 01:39:49,633] {logging_mixin.py:115} INFO - [2022-06-20 01:39:49,633] {dag.py:2919} INFO - Setting next_dagrun for tutorial_etl_dag to None, run_after=None
[2022-06-20 01:39:49,640] {processor.py:161} INFO - Processing /home/airflow/.local/lib/python3.7/site-packages/airflow/example_dags/tutorial_etl_dag.py took 0.054 seconds
[2022-06-20 01:40:20,628] {processor.py:153} INFO - Started process (PID=1117) to work on /home/airflow/.local/lib/python3.7/site-packages/airflow/example_dags/tutorial_etl_dag.py
[2022-06-20 01:40:20,631] {processor.py:641} INFO - Processing file /home/airflow/.local/lib/python3.7/site-packages/airflow/example_dags/tutorial_etl_dag.py for tasks to queue
[2022-06-20 01:40:20,632] {logging_mixin.py:115} INFO - [2022-06-20 01:40:20,632] {dagbag.py:507} INFO - Filling up the DagBag from /home/airflow/.local/lib/python3.7/site-packages/airflow/example_dags/tutorial_etl_dag.py
[2022-06-20 01:40:20,637] {processor.py:651} INFO - DAG(s) dict_keys(['tutorial_etl_dag']) retrieved from /home/airflow/.local/lib/python3.7/site-packages/airflow/example_dags/tutorial_etl_dag.py
[2022-06-20 01:40:20,655] {logging_mixin.py:115} INFO - [2022-06-20 01:40:20,655] {dag.py:2371} INFO - Sync 1 DAGs
[2022-06-20 01:40:20,672] {logging_mixin.py:115} INFO - [2022-06-20 01:40:20,672] {dag.py:2919} INFO - Setting next_dagrun for tutorial_etl_dag to None, run_after=None
[2022-06-20 01:40:20,683] {processor.py:161} INFO - Processing /home/airflow/.local/lib/python3.7/site-packages/airflow/example_dags/tutorial_etl_dag.py took 0.057 seconds
[2022-06-20 01:40:51,284] {processor.py:153} INFO - Started process (PID=1192) to work on /home/airflow/.local/lib/python3.7/site-packages/airflow/example_dags/tutorial_etl_dag.py
[2022-06-20 01:40:51,286] {processor.py:641} INFO - Processing file /home/airflow/.local/lib/python3.7/site-packages/airflow/example_dags/tutorial_etl_dag.py for tasks to queue
[2022-06-20 01:40:51,287] {logging_mixin.py:115} INFO - [2022-06-20 01:40:51,287] {dagbag.py:507} INFO - Filling up the DagBag from /home/airflow/.local/lib/python3.7/site-packages/airflow/example_dags/tutorial_etl_dag.py
[2022-06-20 01:40:51,293] {processor.py:651} INFO - DAG(s) dict_keys(['tutorial_etl_dag']) retrieved from /home/airflow/.local/lib/python3.7/site-packages/airflow/example_dags/tutorial_etl_dag.py
[2022-06-20 01:40:51,312] {logging_mixin.py:115} INFO - [2022-06-20 01:40:51,312] {dag.py:2371} INFO - Sync 1 DAGs
[2022-06-20 01:40:51,325] {logging_mixin.py:115} INFO - [2022-06-20 01:40:51,325] {dag.py:2919} INFO - Setting next_dagrun for tutorial_etl_dag to None, run_after=None
[2022-06-20 01:40:51,335] {processor.py:161} INFO - Processing /home/airflow/.local/lib/python3.7/site-packages/airflow/example_dags/tutorial_etl_dag.py took 0.053 seconds
[2022-06-20 01:41:22,048] {processor.py:153} INFO - Started process (PID=1264) to work on /home/airflow/.local/lib/python3.7/site-packages/airflow/example_dags/tutorial_etl_dag.py
[2022-06-20 01:41:22,050] {processor.py:641} INFO - Processing file /home/airflow/.local/lib/python3.7/site-packages/airflow/example_dags/tutorial_etl_dag.py for tasks to queue
[2022-06-20 01:41:22,052] {logging_mixin.py:115} INFO - [2022-06-20 01:41:22,052] {dagbag.py:507} INFO - Filling up the DagBag from /home/airflow/.local/lib/python3.7/site-packages/airflow/example_dags/tutorial_etl_dag.py
[2022-06-20 01:41:22,058] {processor.py:651} INFO - DAG(s) dict_keys(['tutorial_etl_dag']) retrieved from /home/airflow/.local/lib/python3.7/site-packages/airflow/example_dags/tutorial_etl_dag.py
[2022-06-20 01:41:22,075] {logging_mixin.py:115} INFO - [2022-06-20 01:41:22,075] {dag.py:2371} INFO - Sync 1 DAGs
[2022-06-20 01:41:22,087] {logging_mixin.py:115} INFO - [2022-06-20 01:41:22,087] {dag.py:2919} INFO - Setting next_dagrun for tutorial_etl_dag to None, run_after=None
[2022-06-20 01:41:22,093] {processor.py:161} INFO - Processing /home/airflow/.local/lib/python3.7/site-packages/airflow/example_dags/tutorial_etl_dag.py took 0.048 seconds
[2022-06-20 01:41:53,006] {processor.py:153} INFO - Started process (PID=1338) to work on /home/airflow/.local/lib/python3.7/site-packages/airflow/example_dags/tutorial_etl_dag.py
[2022-06-20 01:41:53,008] {processor.py:641} INFO - Processing file /home/airflow/.local/lib/python3.7/site-packages/airflow/example_dags/tutorial_etl_dag.py for tasks to queue
[2022-06-20 01:41:53,010] {logging_mixin.py:115} INFO - [2022-06-20 01:41:53,010] {dagbag.py:507} INFO - Filling up the DagBag from /home/airflow/.local/lib/python3.7/site-packages/airflow/example_dags/tutorial_etl_dag.py
[2022-06-20 01:41:53,015] {processor.py:651} INFO - DAG(s) dict_keys(['tutorial_etl_dag']) retrieved from /home/airflow/.local/lib/python3.7/site-packages/airflow/example_dags/tutorial_etl_dag.py
[2022-06-20 01:41:53,044] {logging_mixin.py:115} INFO - [2022-06-20 01:41:53,044] {dag.py:2371} INFO - Sync 1 DAGs
[2022-06-20 01:41:53,062] {logging_mixin.py:115} INFO - [2022-06-20 01:41:53,062] {dag.py:2919} INFO - Setting next_dagrun for tutorial_etl_dag to None, run_after=None
[2022-06-20 01:41:53,074] {processor.py:161} INFO - Processing /home/airflow/.local/lib/python3.7/site-packages/airflow/example_dags/tutorial_etl_dag.py took 0.070 seconds
[2022-06-20 01:42:23,995] {processor.py:153} INFO - Started process (PID=1412) to work on /home/airflow/.local/lib/python3.7/site-packages/airflow/example_dags/tutorial_etl_dag.py
[2022-06-20 01:42:23,997] {processor.py:641} INFO - Processing file /home/airflow/.local/lib/python3.7/site-packages/airflow/example_dags/tutorial_etl_dag.py for tasks to queue
[2022-06-20 01:42:23,998] {logging_mixin.py:115} INFO - [2022-06-20 01:42:23,998] {dagbag.py:507} INFO - Filling up the DagBag from /home/airflow/.local/lib/python3.7/site-packages/airflow/example_dags/tutorial_etl_dag.py
[2022-06-20 01:42:24,006] {processor.py:651} INFO - DAG(s) dict_keys(['tutorial_etl_dag']) retrieved from /home/airflow/.local/lib/python3.7/site-packages/airflow/example_dags/tutorial_etl_dag.py
[2022-06-20 01:42:24,026] {logging_mixin.py:115} INFO - [2022-06-20 01:42:24,026] {dag.py:2371} INFO - Sync 1 DAGs
[2022-06-20 01:42:24,040] {logging_mixin.py:115} INFO - [2022-06-20 01:42:24,040] {dag.py:2919} INFO - Setting next_dagrun for tutorial_etl_dag to None, run_after=None
[2022-06-20 01:42:24,047] {processor.py:161} INFO - Processing /home/airflow/.local/lib/python3.7/site-packages/airflow/example_dags/tutorial_etl_dag.py took 0.056 seconds
