[2022-06-22 00:00:01,337] {taskinstance.py:1159} INFO - Dependencies all met for <TaskInstance: 5_2_branch_dag.pick_erp_system scheduled__2022-06-21T00:00:00+00:00 [queued]>
[2022-06-22 00:00:01,345] {taskinstance.py:1159} INFO - Dependencies all met for <TaskInstance: 5_2_branch_dag.pick_erp_system scheduled__2022-06-21T00:00:00+00:00 [queued]>
[2022-06-22 00:00:01,347] {taskinstance.py:1356} INFO - 
--------------------------------------------------------------------------------
[2022-06-22 00:00:01,348] {taskinstance.py:1357} INFO - Starting attempt 1 of 1
[2022-06-22 00:00:01,349] {taskinstance.py:1358} INFO - 
--------------------------------------------------------------------------------
[2022-06-22 00:00:01,359] {taskinstance.py:1377} INFO - Executing <Task(BranchPythonOperator): pick_erp_system> on 2022-06-21 00:00:00+00:00
[2022-06-22 00:00:01,364] {standard_task_runner.py:52} INFO - Started process 50486 to run task
[2022-06-22 00:00:01,368] {standard_task_runner.py:79} INFO - Running: ['***', 'tasks', 'run', '5_2_branch_dag', 'pick_erp_system', 'scheduled__2022-06-21T00:00:00+00:00', '--job-id', '64', '--raw', '--subdir', 'DAGS_FOLDER/chapter05/5_2_branch_dag.py', '--cfg-path', '/tmp/tmpf5o3ugcg', '--error-file', '/tmp/tmp67gwvz0z']
[2022-06-22 00:00:01,370] {standard_task_runner.py:80} INFO - Job 64: Subtask pick_erp_system
[2022-06-22 00:00:01,409] {task_command.py:369} INFO - Running <TaskInstance: 5_2_branch_dag.pick_erp_system scheduled__2022-06-21T00:00:00+00:00 [running]> on host 69ff35f06aa7
[2022-06-22 00:00:01,456] {taskinstance.py:1571} INFO - Exporting the following env vars:
AIRFLOW_CTX_DAG_OWNER=***
AIRFLOW_CTX_DAG_ID=5_2_branch_dag
AIRFLOW_CTX_TASK_ID=pick_erp_system
AIRFLOW_CTX_EXECUTION_DATE=2022-06-21T00:00:00+00:00
AIRFLOW_CTX_TRY_NUMBER=1
AIRFLOW_CTX_DAG_RUN_ID=scheduled__2022-06-21T00:00:00+00:00
[2022-06-22 00:00:01,459] {warnings.py:110} WARNING - /home/***/.local/lib/python3.7/site-packages/***/utils/context.py:290: AirflowContextDeprecationWarning: Accessing 'execution_date' from the template is deprecated and will be removed in a future version. Please use 'data_interval_start' or 'logical_date' instead.
  warnings.warn(_create_deprecation_warning(k, replacements))

[2022-06-22 00:00:01,460] {python.py:173} INFO - Done. Returned value was: fetch_sales_new
[2022-06-22 00:00:01,461] {skipmixin.py:140} INFO - Following branch fetch_sales_new
[2022-06-22 00:00:01,462] {skipmixin.py:175} INFO - Skipping tasks ['fetch_sales_old']
[2022-06-22 00:00:01,494] {taskinstance.py:1400} INFO - Marking task as SUCCESS. dag_id=5_2_branch_dag, task_id=pick_erp_system, execution_date=20220621T000000, start_date=20220622T000001, end_date=20220622T000001
[2022-06-22 00:00:01,552] {local_task_job.py:156} INFO - Task exited with return code 0
[2022-06-22 00:00:01,599] {local_task_job.py:273} INFO - 1 downstream tasks scheduled from follow-on schedule check
