[2022-06-15 01:00:00,315] {taskinstance.py:1159} INFO - Dependencies all met for <TaskInstance: listing_4_05.get_data scheduled__2022-06-15T00:00:00+00:00 [queued]>
[2022-06-15 01:00:00,321] {taskinstance.py:1159} INFO - Dependencies all met for <TaskInstance: listing_4_05.get_data scheduled__2022-06-15T00:00:00+00:00 [queued]>
[2022-06-15 01:00:00,323] {taskinstance.py:1356} INFO - 
--------------------------------------------------------------------------------
[2022-06-15 01:00:00,323] {taskinstance.py:1357} INFO - Starting attempt 1 of 1
[2022-06-15 01:00:00,324] {taskinstance.py:1358} INFO - 
--------------------------------------------------------------------------------
[2022-06-15 01:00:00,332] {taskinstance.py:1377} INFO - Executing <Task(PythonOperator): get_data> on 2022-06-15 00:00:00+00:00
[2022-06-15 01:00:00,337] {standard_task_runner.py:52} INFO - Started process 78022 to run task
[2022-06-15 01:00:00,340] {standard_task_runner.py:79} INFO - Running: ['***', 'tasks', 'run', 'listing_4_05', 'get_data', 'scheduled__2022-06-15T00:00:00+00:00', '--job-id', '168', '--raw', '--subdir', 'DAGS_FOLDER/listing_4_5.py', '--cfg-path', '/tmp/tmp8j3djybo', '--error-file', '/tmp/tmpjwawdxx4']
[2022-06-15 01:00:00,341] {standard_task_runner.py:80} INFO - Job 168: Subtask get_data
[2022-06-15 01:00:00,379] {task_command.py:369} INFO - Running <TaskInstance: listing_4_05.get_data scheduled__2022-06-15T00:00:00+00:00 [running]> on host 48de8cc79e8d
[2022-06-15 01:00:00,423] {taskinstance.py:1571} INFO - Exporting the following env vars:
AIRFLOW_CTX_DAG_OWNER=***
AIRFLOW_CTX_DAG_ID=listing_4_05
AIRFLOW_CTX_TASK_ID=get_data
AIRFLOW_CTX_EXECUTION_DATE=2022-06-15T00:00:00+00:00
AIRFLOW_CTX_TRY_NUMBER=1
AIRFLOW_CTX_DAG_RUN_ID=scheduled__2022-06-15T00:00:00+00:00
[2022-06-15 01:00:00,426] {warnings.py:110} WARNING - /home/***/.local/lib/python3.7/site-packages/***/utils/context.py:202: AirflowContextDeprecationWarning: Accessing 'execution_date' from the template is deprecated and will be removed in a future version. Please use 'data_interval_start' or 'logical_date' instead.
  warnings.warn(_create_deprecation_warning(key, self._deprecation_replacements[key]))

[2022-06-15 01:00:25,051] {python.py:173} INFO - Done. Returned value was: None
[2022-06-15 01:00:25,074] {taskinstance.py:1400} INFO - Marking task as SUCCESS. dag_id=listing_4_05, task_id=get_data, execution_date=20220615T000000, start_date=20220615T010000, end_date=20220615T010025
[2022-06-15 01:00:25,115] {local_task_job.py:156} INFO - Task exited with return code 0
[2022-06-15 01:00:25,131] {local_task_job.py:273} INFO - 0 downstream tasks scheduled from follow-on schedule check
