[2022-06-26 13:37:33,468] {processor.py:153} INFO - Started process (PID=69) to work on /opt/airflow/dags/chapter05/10_xcoms_template.py
[2022-06-26 13:37:33,470] {processor.py:641} INFO - Processing file /opt/airflow/dags/chapter05/10_xcoms_template.py for tasks to queue
[2022-06-26 13:37:33,472] {logging_mixin.py:115} INFO - [2022-06-26 13:37:33,472] {dagbag.py:507} INFO - Filling up the DagBag from /opt/airflow/dags/chapter05/10_xcoms_template.py
[2022-06-26 13:37:33,492] {processor.py:651} INFO - DAG(s) dict_keys(['10_xcoms_template']) retrieved from /opt/airflow/dags/chapter05/10_xcoms_template.py
[2022-06-26 13:37:33,569] {logging_mixin.py:115} INFO - [2022-06-26 13:37:33,569] {manager.py:508} INFO - Created Permission View: can read on DAG:10_xcoms_template
[2022-06-26 13:37:33,581] {logging_mixin.py:115} INFO - [2022-06-26 13:37:33,581] {manager.py:508} INFO - Created Permission View: can edit on DAG:10_xcoms_template
[2022-06-26 13:37:33,590] {logging_mixin.py:115} INFO - [2022-06-26 13:37:33,590] {manager.py:508} INFO - Created Permission View: can delete on DAG:10_xcoms_template
[2022-06-26 13:37:33,593] {logging_mixin.py:115} INFO - [2022-06-26 13:37:33,593] {dag.py:2371} INFO - Sync 1 DAGs
[2022-06-26 13:37:33,605] {logging_mixin.py:115} INFO - [2022-06-26 13:37:33,605] {dag.py:2390} INFO - Creating ORM DAG for 10_xcoms_template
[2022-06-26 13:37:33,765] {logging_mixin.py:115} INFO - [2022-06-26 13:37:33,765] {dag.py:2919} INFO - Setting next_dagrun for 10_xcoms_template to 2022-06-23T00:00:00+00:00, run_after=2022-06-24T00:00:00+00:00
[2022-06-26 13:37:33,793] {processor.py:161} INFO - Processing /opt/airflow/dags/chapter05/10_xcoms_template.py took 0.332 seconds
[2022-06-26 13:38:04,354] {processor.py:153} INFO - Started process (PID=130) to work on /opt/airflow/dags/chapter05/10_xcoms_template.py
[2022-06-26 13:38:04,356] {processor.py:641} INFO - Processing file /opt/airflow/dags/chapter05/10_xcoms_template.py for tasks to queue
[2022-06-26 13:38:04,357] {logging_mixin.py:115} INFO - [2022-06-26 13:38:04,357] {dagbag.py:507} INFO - Filling up the DagBag from /opt/airflow/dags/chapter05/10_xcoms_template.py
[2022-06-26 13:38:04,368] {processor.py:651} INFO - DAG(s) dict_keys(['10_xcoms_template']) retrieved from /opt/airflow/dags/chapter05/10_xcoms_template.py
[2022-06-26 13:38:04,385] {logging_mixin.py:115} INFO - [2022-06-26 13:38:04,385] {dag.py:2371} INFO - Sync 1 DAGs
[2022-06-26 13:38:04,397] {logging_mixin.py:115} INFO - [2022-06-26 13:38:04,397] {dag.py:2919} INFO - Setting next_dagrun for 10_xcoms_template to 2022-06-23T00:00:00+00:00, run_after=2022-06-24T00:00:00+00:00
[2022-06-26 13:38:04,403] {processor.py:161} INFO - Processing /opt/airflow/dags/chapter05/10_xcoms_template.py took 0.051 seconds
[2022-06-26 13:38:34,974] {processor.py:153} INFO - Started process (PID=181) to work on /opt/airflow/dags/chapter05/10_xcoms_template.py
[2022-06-26 13:38:34,976] {processor.py:641} INFO - Processing file /opt/airflow/dags/chapter05/10_xcoms_template.py for tasks to queue
[2022-06-26 13:38:34,977] {logging_mixin.py:115} INFO - [2022-06-26 13:38:34,977] {dagbag.py:507} INFO - Filling up the DagBag from /opt/airflow/dags/chapter05/10_xcoms_template.py
[2022-06-26 13:38:34,987] {processor.py:651} INFO - DAG(s) dict_keys(['10_xcoms_template']) retrieved from /opt/airflow/dags/chapter05/10_xcoms_template.py
[2022-06-26 13:38:35,004] {logging_mixin.py:115} INFO - [2022-06-26 13:38:35,004] {dag.py:2371} INFO - Sync 1 DAGs
[2022-06-26 13:38:35,017] {logging_mixin.py:115} INFO - [2022-06-26 13:38:35,017] {dag.py:2919} INFO - Setting next_dagrun for 10_xcoms_template to 2022-06-23T00:00:00+00:00, run_after=2022-06-24T00:00:00+00:00
[2022-06-26 13:38:35,024] {processor.py:161} INFO - Processing /opt/airflow/dags/chapter05/10_xcoms_template.py took 0.054 seconds
[2022-06-26 13:39:05,641] {processor.py:153} INFO - Started process (PID=243) to work on /opt/airflow/dags/chapter05/10_xcoms_template.py
[2022-06-26 13:39:05,643] {processor.py:641} INFO - Processing file /opt/airflow/dags/chapter05/10_xcoms_template.py for tasks to queue
[2022-06-26 13:39:05,644] {logging_mixin.py:115} INFO - [2022-06-26 13:39:05,644] {dagbag.py:507} INFO - Filling up the DagBag from /opt/airflow/dags/chapter05/10_xcoms_template.py
[2022-06-26 13:39:05,654] {processor.py:651} INFO - DAG(s) dict_keys(['10_xcoms_template']) retrieved from /opt/airflow/dags/chapter05/10_xcoms_template.py
[2022-06-26 13:39:05,678] {logging_mixin.py:115} INFO - [2022-06-26 13:39:05,678] {dag.py:2371} INFO - Sync 1 DAGs
[2022-06-26 13:39:05,692] {logging_mixin.py:115} INFO - [2022-06-26 13:39:05,692] {dag.py:2919} INFO - Setting next_dagrun for 10_xcoms_template to 2022-06-23T00:00:00+00:00, run_after=2022-06-24T00:00:00+00:00
[2022-06-26 13:39:05,699] {processor.py:161} INFO - Processing /opt/airflow/dags/chapter05/10_xcoms_template.py took 0.063 seconds
[2022-06-26 13:39:35,846] {processor.py:153} INFO - Started process (PID=304) to work on /opt/airflow/dags/chapter05/10_xcoms_template.py
[2022-06-26 13:39:35,848] {processor.py:641} INFO - Processing file /opt/airflow/dags/chapter05/10_xcoms_template.py for tasks to queue
[2022-06-26 13:39:35,849] {logging_mixin.py:115} INFO - [2022-06-26 13:39:35,849] {dagbag.py:507} INFO - Filling up the DagBag from /opt/airflow/dags/chapter05/10_xcoms_template.py
[2022-06-26 13:39:35,859] {processor.py:651} INFO - DAG(s) dict_keys(['10_xcoms_template']) retrieved from /opt/airflow/dags/chapter05/10_xcoms_template.py
[2022-06-26 13:39:35,876] {logging_mixin.py:115} INFO - [2022-06-26 13:39:35,876] {dag.py:2371} INFO - Sync 1 DAGs
[2022-06-26 13:39:35,888] {logging_mixin.py:115} INFO - [2022-06-26 13:39:35,888] {dag.py:2919} INFO - Setting next_dagrun for 10_xcoms_template to 2022-06-23T00:00:00+00:00, run_after=2022-06-24T00:00:00+00:00
[2022-06-26 13:39:35,894] {processor.py:161} INFO - Processing /opt/airflow/dags/chapter05/10_xcoms_template.py took 0.052 seconds
[2022-06-26 13:40:06,202] {processor.py:153} INFO - Started process (PID=364) to work on /opt/airflow/dags/chapter05/10_xcoms_template.py
[2022-06-26 13:40:06,203] {processor.py:641} INFO - Processing file /opt/airflow/dags/chapter05/10_xcoms_template.py for tasks to queue
[2022-06-26 13:40:06,207] {logging_mixin.py:115} INFO - [2022-06-26 13:40:06,207] {dagbag.py:507} INFO - Filling up the DagBag from /opt/airflow/dags/chapter05/10_xcoms_template.py
[2022-06-26 13:40:06,220] {processor.py:651} INFO - DAG(s) dict_keys(['10_xcoms_template']) retrieved from /opt/airflow/dags/chapter05/10_xcoms_template.py
[2022-06-26 13:40:06,239] {logging_mixin.py:115} INFO - [2022-06-26 13:40:06,239] {dag.py:2371} INFO - Sync 1 DAGs
[2022-06-26 13:40:06,250] {logging_mixin.py:115} INFO - [2022-06-26 13:40:06,250] {dag.py:2919} INFO - Setting next_dagrun for 10_xcoms_template to 2022-06-23T00:00:00+00:00, run_after=2022-06-24T00:00:00+00:00
[2022-06-26 13:40:06,257] {processor.py:161} INFO - Processing /opt/airflow/dags/chapter05/10_xcoms_template.py took 0.058 seconds
[2022-06-26 13:40:37,134] {processor.py:153} INFO - Started process (PID=426) to work on /opt/airflow/dags/chapter05/10_xcoms_template.py
[2022-06-26 13:40:37,136] {processor.py:641} INFO - Processing file /opt/airflow/dags/chapter05/10_xcoms_template.py for tasks to queue
[2022-06-26 13:40:37,137] {logging_mixin.py:115} INFO - [2022-06-26 13:40:37,137] {dagbag.py:507} INFO - Filling up the DagBag from /opt/airflow/dags/chapter05/10_xcoms_template.py
[2022-06-26 13:40:37,146] {processor.py:651} INFO - DAG(s) dict_keys(['10_xcoms_template']) retrieved from /opt/airflow/dags/chapter05/10_xcoms_template.py
[2022-06-26 13:40:37,171] {logging_mixin.py:115} INFO - [2022-06-26 13:40:37,171] {dag.py:2371} INFO - Sync 1 DAGs
[2022-06-26 13:40:37,189] {logging_mixin.py:115} INFO - [2022-06-26 13:40:37,189] {dag.py:2919} INFO - Setting next_dagrun for 10_xcoms_template to 2022-06-23T00:00:00+00:00, run_after=2022-06-24T00:00:00+00:00
[2022-06-26 13:40:37,203] {processor.py:161} INFO - Processing /opt/airflow/dags/chapter05/10_xcoms_template.py took 0.073 seconds
[2022-06-26 13:41:08,001] {processor.py:153} INFO - Started process (PID=490) to work on /opt/airflow/dags/chapter05/10_xcoms_template.py
[2022-06-26 13:41:08,008] {processor.py:641} INFO - Processing file /opt/airflow/dags/chapter05/10_xcoms_template.py for tasks to queue
[2022-06-26 13:41:08,012] {logging_mixin.py:115} INFO - [2022-06-26 13:41:08,012] {dagbag.py:507} INFO - Filling up the DagBag from /opt/airflow/dags/chapter05/10_xcoms_template.py
[2022-06-26 13:41:08,025] {processor.py:651} INFO - DAG(s) dict_keys(['10_xcoms_template']) retrieved from /opt/airflow/dags/chapter05/10_xcoms_template.py
[2022-06-26 13:41:08,046] {logging_mixin.py:115} INFO - [2022-06-26 13:41:08,046] {dag.py:2371} INFO - Sync 1 DAGs
[2022-06-26 13:41:08,071] {logging_mixin.py:115} INFO - [2022-06-26 13:41:08,070] {dag.py:2919} INFO - Setting next_dagrun for 10_xcoms_template to 2022-06-23T00:00:00+00:00, run_after=2022-06-24T00:00:00+00:00
[2022-06-26 13:41:08,080] {processor.py:161} INFO - Processing /opt/airflow/dags/chapter05/10_xcoms_template.py took 0.080 seconds
[2022-06-26 13:41:38,710] {processor.py:153} INFO - Started process (PID=553) to work on /opt/airflow/dags/chapter05/10_xcoms_template.py
[2022-06-26 13:41:38,712] {processor.py:641} INFO - Processing file /opt/airflow/dags/chapter05/10_xcoms_template.py for tasks to queue
[2022-06-26 13:41:38,713] {logging_mixin.py:115} INFO - [2022-06-26 13:41:38,713] {dagbag.py:507} INFO - Filling up the DagBag from /opt/airflow/dags/chapter05/10_xcoms_template.py
[2022-06-26 13:41:38,726] {processor.py:651} INFO - DAG(s) dict_keys(['10_xcoms_template']) retrieved from /opt/airflow/dags/chapter05/10_xcoms_template.py
[2022-06-26 13:41:38,747] {logging_mixin.py:115} INFO - [2022-06-26 13:41:38,747] {dag.py:2371} INFO - Sync 1 DAGs
[2022-06-26 13:41:38,764] {logging_mixin.py:115} INFO - [2022-06-26 13:41:38,764] {dag.py:2919} INFO - Setting next_dagrun for 10_xcoms_template to 2022-06-23T00:00:00+00:00, run_after=2022-06-24T00:00:00+00:00
[2022-06-26 13:41:38,775] {processor.py:161} INFO - Processing /opt/airflow/dags/chapter05/10_xcoms_template.py took 0.069 seconds
[2022-06-26 13:42:09,401] {processor.py:153} INFO - Started process (PID=607) to work on /opt/airflow/dags/chapter05/10_xcoms_template.py
[2022-06-26 13:42:09,402] {processor.py:641} INFO - Processing file /opt/airflow/dags/chapter05/10_xcoms_template.py for tasks to queue
[2022-06-26 13:42:09,403] {logging_mixin.py:115} INFO - [2022-06-26 13:42:09,403] {dagbag.py:507} INFO - Filling up the DagBag from /opt/airflow/dags/chapter05/10_xcoms_template.py
[2022-06-26 13:42:09,413] {processor.py:651} INFO - DAG(s) dict_keys(['10_xcoms_template']) retrieved from /opt/airflow/dags/chapter05/10_xcoms_template.py
[2022-06-26 13:42:09,429] {logging_mixin.py:115} INFO - [2022-06-26 13:42:09,429] {dag.py:2371} INFO - Sync 1 DAGs
[2022-06-26 13:42:09,441] {logging_mixin.py:115} INFO - [2022-06-26 13:42:09,441] {dag.py:2919} INFO - Setting next_dagrun for 10_xcoms_template to 2022-06-23T00:00:00+00:00, run_after=2022-06-24T00:00:00+00:00
[2022-06-26 13:42:09,447] {processor.py:161} INFO - Processing /opt/airflow/dags/chapter05/10_xcoms_template.py took 0.051 seconds
[2022-06-26 13:42:40,231] {processor.py:153} INFO - Started process (PID=668) to work on /opt/airflow/dags/chapter05/10_xcoms_template.py
[2022-06-26 13:42:40,233] {processor.py:641} INFO - Processing file /opt/airflow/dags/chapter05/10_xcoms_template.py for tasks to queue
[2022-06-26 13:42:40,234] {logging_mixin.py:115} INFO - [2022-06-26 13:42:40,234] {dagbag.py:507} INFO - Filling up the DagBag from /opt/airflow/dags/chapter05/10_xcoms_template.py
[2022-06-26 13:42:40,245] {processor.py:651} INFO - DAG(s) dict_keys(['10_xcoms_template']) retrieved from /opt/airflow/dags/chapter05/10_xcoms_template.py
[2022-06-26 13:42:40,263] {logging_mixin.py:115} INFO - [2022-06-26 13:42:40,263] {dag.py:2371} INFO - Sync 1 DAGs
[2022-06-26 13:42:40,276] {logging_mixin.py:115} INFO - [2022-06-26 13:42:40,275] {dag.py:2919} INFO - Setting next_dagrun for 10_xcoms_template to 2022-06-23T00:00:00+00:00, run_after=2022-06-24T00:00:00+00:00
[2022-06-26 13:42:40,283] {processor.py:161} INFO - Processing /opt/airflow/dags/chapter05/10_xcoms_template.py took 0.054 seconds
[2022-06-26 13:43:10,989] {processor.py:153} INFO - Started process (PID=729) to work on /opt/airflow/dags/chapter05/10_xcoms_template.py
[2022-06-26 13:43:10,991] {processor.py:641} INFO - Processing file /opt/airflow/dags/chapter05/10_xcoms_template.py for tasks to queue
[2022-06-26 13:43:10,992] {logging_mixin.py:115} INFO - [2022-06-26 13:43:10,992] {dagbag.py:507} INFO - Filling up the DagBag from /opt/airflow/dags/chapter05/10_xcoms_template.py
[2022-06-26 13:43:11,008] {processor.py:651} INFO - DAG(s) dict_keys(['10_xcoms_template']) retrieved from /opt/airflow/dags/chapter05/10_xcoms_template.py
[2022-06-26 13:43:11,026] {logging_mixin.py:115} INFO - [2022-06-26 13:43:11,026] {dag.py:2371} INFO - Sync 1 DAGs
[2022-06-26 13:43:11,040] {logging_mixin.py:115} INFO - [2022-06-26 13:43:11,040] {dag.py:2919} INFO - Setting next_dagrun for 10_xcoms_template to 2022-06-23T00:00:00+00:00, run_after=2022-06-24T00:00:00+00:00
[2022-06-26 13:43:11,047] {processor.py:161} INFO - Processing /opt/airflow/dags/chapter05/10_xcoms_template.py took 0.060 seconds
[2022-06-26 13:43:41,656] {processor.py:153} INFO - Started process (PID=790) to work on /opt/airflow/dags/chapter05/10_xcoms_template.py
[2022-06-26 13:43:41,661] {processor.py:641} INFO - Processing file /opt/airflow/dags/chapter05/10_xcoms_template.py for tasks to queue
[2022-06-26 13:43:41,666] {logging_mixin.py:115} INFO - [2022-06-26 13:43:41,666] {dagbag.py:507} INFO - Filling up the DagBag from /opt/airflow/dags/chapter05/10_xcoms_template.py
[2022-06-26 13:43:41,696] {processor.py:651} INFO - DAG(s) dict_keys(['10_xcoms_template']) retrieved from /opt/airflow/dags/chapter05/10_xcoms_template.py
[2022-06-26 13:43:41,734] {logging_mixin.py:115} INFO - [2022-06-26 13:43:41,734] {dag.py:2371} INFO - Sync 1 DAGs
[2022-06-26 13:43:41,764] {logging_mixin.py:115} INFO - [2022-06-26 13:43:41,764] {dag.py:2919} INFO - Setting next_dagrun for 10_xcoms_template to 2022-06-23T00:00:00+00:00, run_after=2022-06-24T00:00:00+00:00
[2022-06-26 13:43:41,778] {processor.py:161} INFO - Processing /opt/airflow/dags/chapter05/10_xcoms_template.py took 0.125 seconds
[2022-06-26 13:44:12,055] {processor.py:153} INFO - Started process (PID=851) to work on /opt/airflow/dags/chapter05/10_xcoms_template.py
[2022-06-26 13:44:12,057] {processor.py:641} INFO - Processing file /opt/airflow/dags/chapter05/10_xcoms_template.py for tasks to queue
[2022-06-26 13:44:12,058] {logging_mixin.py:115} INFO - [2022-06-26 13:44:12,058] {dagbag.py:507} INFO - Filling up the DagBag from /opt/airflow/dags/chapter05/10_xcoms_template.py
[2022-06-26 13:44:12,067] {processor.py:651} INFO - DAG(s) dict_keys(['10_xcoms_template']) retrieved from /opt/airflow/dags/chapter05/10_xcoms_template.py
[2022-06-26 13:44:12,082] {logging_mixin.py:115} INFO - [2022-06-26 13:44:12,082] {dag.py:2371} INFO - Sync 1 DAGs
[2022-06-26 13:44:12,095] {logging_mixin.py:115} INFO - [2022-06-26 13:44:12,095] {dag.py:2919} INFO - Setting next_dagrun for 10_xcoms_template to 2022-06-23T00:00:00+00:00, run_after=2022-06-24T00:00:00+00:00
[2022-06-26 13:44:12,101] {processor.py:161} INFO - Processing /opt/airflow/dags/chapter05/10_xcoms_template.py took 0.048 seconds
[2022-06-26 13:44:43,025] {processor.py:153} INFO - Started process (PID=911) to work on /opt/airflow/dags/chapter05/10_xcoms_template.py
[2022-06-26 13:44:43,026] {processor.py:641} INFO - Processing file /opt/airflow/dags/chapter05/10_xcoms_template.py for tasks to queue
[2022-06-26 13:44:43,029] {logging_mixin.py:115} INFO - [2022-06-26 13:44:43,028] {dagbag.py:507} INFO - Filling up the DagBag from /opt/airflow/dags/chapter05/10_xcoms_template.py
[2022-06-26 13:44:43,040] {processor.py:651} INFO - DAG(s) dict_keys(['10_xcoms_template']) retrieved from /opt/airflow/dags/chapter05/10_xcoms_template.py
[2022-06-26 13:44:43,060] {logging_mixin.py:115} INFO - [2022-06-26 13:44:43,060] {dag.py:2371} INFO - Sync 1 DAGs
[2022-06-26 13:44:43,076] {logging_mixin.py:115} INFO - [2022-06-26 13:44:43,076] {dag.py:2919} INFO - Setting next_dagrun for 10_xcoms_template to 2022-06-23T00:00:00+00:00, run_after=2022-06-24T00:00:00+00:00
[2022-06-26 13:44:43,089] {processor.py:161} INFO - Processing /opt/airflow/dags/chapter05/10_xcoms_template.py took 0.068 seconds
[2022-06-26 13:45:13,786] {processor.py:153} INFO - Started process (PID=962) to work on /opt/airflow/dags/chapter05/10_xcoms_template.py
[2022-06-26 13:45:13,789] {processor.py:641} INFO - Processing file /opt/airflow/dags/chapter05/10_xcoms_template.py for tasks to queue
[2022-06-26 13:45:13,791] {logging_mixin.py:115} INFO - [2022-06-26 13:45:13,790] {dagbag.py:507} INFO - Filling up the DagBag from /opt/airflow/dags/chapter05/10_xcoms_template.py
[2022-06-26 13:45:13,801] {processor.py:651} INFO - DAG(s) dict_keys(['10_xcoms_template']) retrieved from /opt/airflow/dags/chapter05/10_xcoms_template.py
[2022-06-26 13:45:13,818] {logging_mixin.py:115} INFO - [2022-06-26 13:45:13,818] {dag.py:2371} INFO - Sync 1 DAGs
[2022-06-26 13:45:13,834] {logging_mixin.py:115} INFO - [2022-06-26 13:45:13,834] {dag.py:2919} INFO - Setting next_dagrun for 10_xcoms_template to 2022-06-23T00:00:00+00:00, run_after=2022-06-24T00:00:00+00:00
[2022-06-26 13:45:13,842] {processor.py:161} INFO - Processing /opt/airflow/dags/chapter05/10_xcoms_template.py took 0.058 seconds
[2022-06-26 13:45:44,588] {processor.py:153} INFO - Started process (PID=1022) to work on /opt/airflow/dags/chapter05/10_xcoms_template.py
[2022-06-26 13:45:44,590] {processor.py:641} INFO - Processing file /opt/airflow/dags/chapter05/10_xcoms_template.py for tasks to queue
[2022-06-26 13:45:44,591] {logging_mixin.py:115} INFO - [2022-06-26 13:45:44,590] {dagbag.py:507} INFO - Filling up the DagBag from /opt/airflow/dags/chapter05/10_xcoms_template.py
[2022-06-26 13:45:44,601] {processor.py:651} INFO - DAG(s) dict_keys(['10_xcoms_template']) retrieved from /opt/airflow/dags/chapter05/10_xcoms_template.py
[2022-06-26 13:45:44,618] {logging_mixin.py:115} INFO - [2022-06-26 13:45:44,618] {dag.py:2371} INFO - Sync 1 DAGs
[2022-06-26 13:45:44,631] {logging_mixin.py:115} INFO - [2022-06-26 13:45:44,630] {dag.py:2919} INFO - Setting next_dagrun for 10_xcoms_template to 2022-06-23T00:00:00+00:00, run_after=2022-06-24T00:00:00+00:00
[2022-06-26 13:45:44,637] {processor.py:161} INFO - Processing /opt/airflow/dags/chapter05/10_xcoms_template.py took 0.051 seconds
[2022-06-26 13:46:15,328] {processor.py:153} INFO - Started process (PID=1084) to work on /opt/airflow/dags/chapter05/10_xcoms_template.py
[2022-06-26 13:46:15,330] {processor.py:641} INFO - Processing file /opt/airflow/dags/chapter05/10_xcoms_template.py for tasks to queue
[2022-06-26 13:46:15,331] {logging_mixin.py:115} INFO - [2022-06-26 13:46:15,331] {dagbag.py:507} INFO - Filling up the DagBag from /opt/airflow/dags/chapter05/10_xcoms_template.py
[2022-06-26 13:46:15,343] {processor.py:651} INFO - DAG(s) dict_keys(['10_xcoms_template']) retrieved from /opt/airflow/dags/chapter05/10_xcoms_template.py
[2022-06-26 13:46:15,361] {logging_mixin.py:115} INFO - [2022-06-26 13:46:15,361] {dag.py:2371} INFO - Sync 1 DAGs
[2022-06-26 13:46:15,375] {logging_mixin.py:115} INFO - [2022-06-26 13:46:15,374] {dag.py:2919} INFO - Setting next_dagrun for 10_xcoms_template to 2022-06-23T00:00:00+00:00, run_after=2022-06-24T00:00:00+00:00
[2022-06-26 13:46:15,382] {processor.py:161} INFO - Processing /opt/airflow/dags/chapter05/10_xcoms_template.py took 0.057 seconds
[2022-06-26 13:46:46,166] {processor.py:153} INFO - Started process (PID=1145) to work on /opt/airflow/dags/chapter05/10_xcoms_template.py
[2022-06-26 13:46:46,167] {processor.py:641} INFO - Processing file /opt/airflow/dags/chapter05/10_xcoms_template.py for tasks to queue
[2022-06-26 13:46:46,168] {logging_mixin.py:115} INFO - [2022-06-26 13:46:46,168] {dagbag.py:507} INFO - Filling up the DagBag from /opt/airflow/dags/chapter05/10_xcoms_template.py
[2022-06-26 13:46:46,178] {processor.py:651} INFO - DAG(s) dict_keys(['10_xcoms_template']) retrieved from /opt/airflow/dags/chapter05/10_xcoms_template.py
[2022-06-26 13:46:46,194] {logging_mixin.py:115} INFO - [2022-06-26 13:46:46,194] {dag.py:2371} INFO - Sync 1 DAGs
[2022-06-26 13:46:46,207] {logging_mixin.py:115} INFO - [2022-06-26 13:46:46,207] {dag.py:2919} INFO - Setting next_dagrun for 10_xcoms_template to 2022-06-23T00:00:00+00:00, run_after=2022-06-24T00:00:00+00:00
[2022-06-26 13:46:46,213] {processor.py:161} INFO - Processing /opt/airflow/dags/chapter05/10_xcoms_template.py took 0.049 seconds
[2022-06-26 13:47:17,065] {processor.py:153} INFO - Started process (PID=1206) to work on /opt/airflow/dags/chapter05/10_xcoms_template.py
[2022-06-26 13:47:17,067] {processor.py:641} INFO - Processing file /opt/airflow/dags/chapter05/10_xcoms_template.py for tasks to queue
[2022-06-26 13:47:17,068] {logging_mixin.py:115} INFO - [2022-06-26 13:47:17,068] {dagbag.py:507} INFO - Filling up the DagBag from /opt/airflow/dags/chapter05/10_xcoms_template.py
[2022-06-26 13:47:17,078] {processor.py:651} INFO - DAG(s) dict_keys(['10_xcoms_template']) retrieved from /opt/airflow/dags/chapter05/10_xcoms_template.py
[2022-06-26 13:47:17,095] {logging_mixin.py:115} INFO - [2022-06-26 13:47:17,095] {dag.py:2371} INFO - Sync 1 DAGs
[2022-06-26 13:47:17,110] {logging_mixin.py:115} INFO - [2022-06-26 13:47:17,110] {dag.py:2919} INFO - Setting next_dagrun for 10_xcoms_template to 2022-06-23T00:00:00+00:00, run_after=2022-06-24T00:00:00+00:00
[2022-06-26 13:47:17,117] {processor.py:161} INFO - Processing /opt/airflow/dags/chapter05/10_xcoms_template.py took 0.054 seconds
[2022-06-26 13:47:48,005] {processor.py:153} INFO - Started process (PID=1267) to work on /opt/airflow/dags/chapter05/10_xcoms_template.py
[2022-06-26 13:47:48,008] {processor.py:641} INFO - Processing file /opt/airflow/dags/chapter05/10_xcoms_template.py for tasks to queue
[2022-06-26 13:47:48,011] {logging_mixin.py:115} INFO - [2022-06-26 13:47:48,011] {dagbag.py:507} INFO - Filling up the DagBag from /opt/airflow/dags/chapter05/10_xcoms_template.py
[2022-06-26 13:47:48,027] {processor.py:651} INFO - DAG(s) dict_keys(['10_xcoms_template']) retrieved from /opt/airflow/dags/chapter05/10_xcoms_template.py
[2022-06-26 13:47:48,046] {logging_mixin.py:115} INFO - [2022-06-26 13:47:48,046] {dag.py:2371} INFO - Sync 1 DAGs
[2022-06-26 13:47:48,060] {logging_mixin.py:115} INFO - [2022-06-26 13:47:48,060] {dag.py:2919} INFO - Setting next_dagrun for 10_xcoms_template to 2022-06-23T00:00:00+00:00, run_after=2022-06-24T00:00:00+00:00
[2022-06-26 13:47:48,072] {processor.py:161} INFO - Processing /opt/airflow/dags/chapter05/10_xcoms_template.py took 0.070 seconds
[2022-06-26 13:48:18,911] {processor.py:153} INFO - Started process (PID=1327) to work on /opt/airflow/dags/chapter05/10_xcoms_template.py
[2022-06-26 13:48:18,913] {processor.py:641} INFO - Processing file /opt/airflow/dags/chapter05/10_xcoms_template.py for tasks to queue
[2022-06-26 13:48:18,914] {logging_mixin.py:115} INFO - [2022-06-26 13:48:18,914] {dagbag.py:507} INFO - Filling up the DagBag from /opt/airflow/dags/chapter05/10_xcoms_template.py
[2022-06-26 13:48:18,923] {processor.py:651} INFO - DAG(s) dict_keys(['10_xcoms_template']) retrieved from /opt/airflow/dags/chapter05/10_xcoms_template.py
[2022-06-26 13:48:18,941] {logging_mixin.py:115} INFO - [2022-06-26 13:48:18,941] {dag.py:2371} INFO - Sync 1 DAGs
[2022-06-26 13:48:18,954] {logging_mixin.py:115} INFO - [2022-06-26 13:48:18,954] {dag.py:2919} INFO - Setting next_dagrun for 10_xcoms_template to 2022-06-23T00:00:00+00:00, run_after=2022-06-24T00:00:00+00:00
[2022-06-26 13:48:18,961] {processor.py:161} INFO - Processing /opt/airflow/dags/chapter05/10_xcoms_template.py took 0.052 seconds
[2022-06-26 13:48:49,657] {processor.py:153} INFO - Started process (PID=1388) to work on /opt/airflow/dags/chapter05/10_xcoms_template.py
[2022-06-26 13:48:49,658] {processor.py:641} INFO - Processing file /opt/airflow/dags/chapter05/10_xcoms_template.py for tasks to queue
[2022-06-26 13:48:49,659] {logging_mixin.py:115} INFO - [2022-06-26 13:48:49,659] {dagbag.py:507} INFO - Filling up the DagBag from /opt/airflow/dags/chapter05/10_xcoms_template.py
[2022-06-26 13:48:49,669] {processor.py:651} INFO - DAG(s) dict_keys(['10_xcoms_template']) retrieved from /opt/airflow/dags/chapter05/10_xcoms_template.py
[2022-06-26 13:48:49,685] {logging_mixin.py:115} INFO - [2022-06-26 13:48:49,685] {dag.py:2371} INFO - Sync 1 DAGs
[2022-06-26 13:48:49,697] {logging_mixin.py:115} INFO - [2022-06-26 13:48:49,696] {dag.py:2919} INFO - Setting next_dagrun for 10_xcoms_template to 2022-06-23T00:00:00+00:00, run_after=2022-06-24T00:00:00+00:00
[2022-06-26 13:48:49,702] {processor.py:161} INFO - Processing /opt/airflow/dags/chapter05/10_xcoms_template.py took 0.048 seconds
[2022-06-26 13:49:20,336] {processor.py:153} INFO - Started process (PID=1438) to work on /opt/airflow/dags/chapter05/10_xcoms_template.py
[2022-06-26 13:49:20,339] {processor.py:641} INFO - Processing file /opt/airflow/dags/chapter05/10_xcoms_template.py for tasks to queue
[2022-06-26 13:49:20,341] {logging_mixin.py:115} INFO - [2022-06-26 13:49:20,341] {dagbag.py:507} INFO - Filling up the DagBag from /opt/airflow/dags/chapter05/10_xcoms_template.py
[2022-06-26 13:49:20,355] {processor.py:651} INFO - DAG(s) dict_keys(['10_xcoms_template']) retrieved from /opt/airflow/dags/chapter05/10_xcoms_template.py
[2022-06-26 13:49:20,387] {logging_mixin.py:115} INFO - [2022-06-26 13:49:20,387] {dag.py:2371} INFO - Sync 1 DAGs
[2022-06-26 13:49:20,409] {logging_mixin.py:115} INFO - [2022-06-26 13:49:20,409] {dag.py:2919} INFO - Setting next_dagrun for 10_xcoms_template to 2022-06-23T00:00:00+00:00, run_after=2022-06-24T00:00:00+00:00
[2022-06-26 13:49:20,418] {processor.py:161} INFO - Processing /opt/airflow/dags/chapter05/10_xcoms_template.py took 0.084 seconds
[2022-06-26 13:49:51,043] {processor.py:153} INFO - Started process (PID=1499) to work on /opt/airflow/dags/chapter05/10_xcoms_template.py
[2022-06-26 13:49:51,044] {processor.py:641} INFO - Processing file /opt/airflow/dags/chapter05/10_xcoms_template.py for tasks to queue
[2022-06-26 13:49:51,045] {logging_mixin.py:115} INFO - [2022-06-26 13:49:51,045] {dagbag.py:507} INFO - Filling up the DagBag from /opt/airflow/dags/chapter05/10_xcoms_template.py
[2022-06-26 13:49:51,055] {processor.py:651} INFO - DAG(s) dict_keys(['10_xcoms_template']) retrieved from /opt/airflow/dags/chapter05/10_xcoms_template.py
[2022-06-26 13:49:51,071] {logging_mixin.py:115} INFO - [2022-06-26 13:49:51,071] {dag.py:2371} INFO - Sync 1 DAGs
[2022-06-26 13:49:51,084] {logging_mixin.py:115} INFO - [2022-06-26 13:49:51,084] {dag.py:2919} INFO - Setting next_dagrun for 10_xcoms_template to 2022-06-23T00:00:00+00:00, run_after=2022-06-24T00:00:00+00:00
[2022-06-26 13:49:51,090] {processor.py:161} INFO - Processing /opt/airflow/dags/chapter05/10_xcoms_template.py took 0.049 seconds
[2022-06-26 13:50:21,980] {processor.py:153} INFO - Started process (PID=1561) to work on /opt/airflow/dags/chapter05/10_xcoms_template.py
[2022-06-26 13:50:21,981] {processor.py:641} INFO - Processing file /opt/airflow/dags/chapter05/10_xcoms_template.py for tasks to queue
[2022-06-26 13:50:21,983] {logging_mixin.py:115} INFO - [2022-06-26 13:50:21,983] {dagbag.py:507} INFO - Filling up the DagBag from /opt/airflow/dags/chapter05/10_xcoms_template.py
[2022-06-26 13:50:21,994] {processor.py:651} INFO - DAG(s) dict_keys(['10_xcoms_template']) retrieved from /opt/airflow/dags/chapter05/10_xcoms_template.py
[2022-06-26 13:50:22,014] {logging_mixin.py:115} INFO - [2022-06-26 13:50:22,014] {dag.py:2371} INFO - Sync 1 DAGs
[2022-06-26 13:50:22,027] {logging_mixin.py:115} INFO - [2022-06-26 13:50:22,027] {dag.py:2919} INFO - Setting next_dagrun for 10_xcoms_template to 2022-06-23T00:00:00+00:00, run_after=2022-06-24T00:00:00+00:00
[2022-06-26 13:50:22,035] {processor.py:161} INFO - Processing /opt/airflow/dags/chapter05/10_xcoms_template.py took 0.060 seconds
[2022-06-26 13:50:52,636] {processor.py:153} INFO - Started process (PID=1622) to work on /opt/airflow/dags/chapter05/10_xcoms_template.py
[2022-06-26 13:50:52,637] {processor.py:641} INFO - Processing file /opt/airflow/dags/chapter05/10_xcoms_template.py for tasks to queue
[2022-06-26 13:50:52,639] {logging_mixin.py:115} INFO - [2022-06-26 13:50:52,639] {dagbag.py:507} INFO - Filling up the DagBag from /opt/airflow/dags/chapter05/10_xcoms_template.py
[2022-06-26 13:50:52,649] {processor.py:651} INFO - DAG(s) dict_keys(['10_xcoms_template']) retrieved from /opt/airflow/dags/chapter05/10_xcoms_template.py
[2022-06-26 13:50:52,671] {logging_mixin.py:115} INFO - [2022-06-26 13:50:52,670] {dag.py:2371} INFO - Sync 1 DAGs
[2022-06-26 13:50:52,686] {logging_mixin.py:115} INFO - [2022-06-26 13:50:52,686] {dag.py:2919} INFO - Setting next_dagrun for 10_xcoms_template to 2022-06-23T00:00:00+00:00, run_after=2022-06-24T00:00:00+00:00
[2022-06-26 13:50:52,693] {processor.py:161} INFO - Processing /opt/airflow/dags/chapter05/10_xcoms_template.py took 0.060 seconds
[2022-06-26 13:51:23,402] {processor.py:153} INFO - Started process (PID=1682) to work on /opt/airflow/dags/chapter05/10_xcoms_template.py
[2022-06-26 13:51:23,404] {processor.py:641} INFO - Processing file /opt/airflow/dags/chapter05/10_xcoms_template.py for tasks to queue
[2022-06-26 13:51:23,405] {logging_mixin.py:115} INFO - [2022-06-26 13:51:23,405] {dagbag.py:507} INFO - Filling up the DagBag from /opt/airflow/dags/chapter05/10_xcoms_template.py
[2022-06-26 13:51:23,415] {processor.py:651} INFO - DAG(s) dict_keys(['10_xcoms_template']) retrieved from /opt/airflow/dags/chapter05/10_xcoms_template.py
[2022-06-26 13:51:23,434] {logging_mixin.py:115} INFO - [2022-06-26 13:51:23,434] {dag.py:2371} INFO - Sync 1 DAGs
[2022-06-26 13:51:23,447] {logging_mixin.py:115} INFO - [2022-06-26 13:51:23,447] {dag.py:2919} INFO - Setting next_dagrun for 10_xcoms_template to 2022-06-23T00:00:00+00:00, run_after=2022-06-24T00:00:00+00:00
[2022-06-26 13:51:23,454] {processor.py:161} INFO - Processing /opt/airflow/dags/chapter05/10_xcoms_template.py took 0.053 seconds
[2022-06-26 13:51:54,162] {processor.py:153} INFO - Started process (PID=1742) to work on /opt/airflow/dags/chapter05/10_xcoms_template.py
[2022-06-26 13:51:54,163] {processor.py:641} INFO - Processing file /opt/airflow/dags/chapter05/10_xcoms_template.py for tasks to queue
[2022-06-26 13:51:54,165] {logging_mixin.py:115} INFO - [2022-06-26 13:51:54,165] {dagbag.py:507} INFO - Filling up the DagBag from /opt/airflow/dags/chapter05/10_xcoms_template.py
[2022-06-26 13:51:54,175] {processor.py:651} INFO - DAG(s) dict_keys(['10_xcoms_template']) retrieved from /opt/airflow/dags/chapter05/10_xcoms_template.py
[2022-06-26 13:51:54,193] {logging_mixin.py:115} INFO - [2022-06-26 13:51:54,193] {dag.py:2371} INFO - Sync 1 DAGs
[2022-06-26 13:51:54,206] {logging_mixin.py:115} INFO - [2022-06-26 13:51:54,206] {dag.py:2919} INFO - Setting next_dagrun for 10_xcoms_template to 2022-06-23T00:00:00+00:00, run_after=2022-06-24T00:00:00+00:00
[2022-06-26 13:51:54,213] {processor.py:161} INFO - Processing /opt/airflow/dags/chapter05/10_xcoms_template.py took 0.053 seconds
[2022-06-26 13:52:25,113] {processor.py:153} INFO - Started process (PID=1803) to work on /opt/airflow/dags/chapter05/10_xcoms_template.py
[2022-06-26 13:52:25,114] {processor.py:641} INFO - Processing file /opt/airflow/dags/chapter05/10_xcoms_template.py for tasks to queue
[2022-06-26 13:52:25,116] {logging_mixin.py:115} INFO - [2022-06-26 13:52:25,116] {dagbag.py:507} INFO - Filling up the DagBag from /opt/airflow/dags/chapter05/10_xcoms_template.py
[2022-06-26 13:52:25,125] {processor.py:651} INFO - DAG(s) dict_keys(['10_xcoms_template']) retrieved from /opt/airflow/dags/chapter05/10_xcoms_template.py
[2022-06-26 13:52:25,143] {logging_mixin.py:115} INFO - [2022-06-26 13:52:25,143] {dag.py:2371} INFO - Sync 1 DAGs
[2022-06-26 13:52:25,156] {logging_mixin.py:115} INFO - [2022-06-26 13:52:25,156] {dag.py:2919} INFO - Setting next_dagrun for 10_xcoms_template to 2022-06-23T00:00:00+00:00, run_after=2022-06-24T00:00:00+00:00
[2022-06-26 13:52:25,163] {processor.py:161} INFO - Processing /opt/airflow/dags/chapter05/10_xcoms_template.py took 0.053 seconds
[2022-06-26 13:52:56,054] {processor.py:153} INFO - Started process (PID=1863) to work on /opt/airflow/dags/chapter05/10_xcoms_template.py
[2022-06-26 13:52:56,056] {processor.py:641} INFO - Processing file /opt/airflow/dags/chapter05/10_xcoms_template.py for tasks to queue
[2022-06-26 13:52:56,057] {logging_mixin.py:115} INFO - [2022-06-26 13:52:56,057] {dagbag.py:507} INFO - Filling up the DagBag from /opt/airflow/dags/chapter05/10_xcoms_template.py
[2022-06-26 13:52:56,068] {processor.py:651} INFO - DAG(s) dict_keys(['10_xcoms_template']) retrieved from /opt/airflow/dags/chapter05/10_xcoms_template.py
[2022-06-26 13:52:56,090] {logging_mixin.py:115} INFO - [2022-06-26 13:52:56,090] {dag.py:2371} INFO - Sync 1 DAGs
[2022-06-26 13:52:56,105] {logging_mixin.py:115} INFO - [2022-06-26 13:52:56,105] {dag.py:2919} INFO - Setting next_dagrun for 10_xcoms_template to 2022-06-23T00:00:00+00:00, run_after=2022-06-24T00:00:00+00:00
[2022-06-26 13:52:56,115] {processor.py:161} INFO - Processing /opt/airflow/dags/chapter05/10_xcoms_template.py took 0.063 seconds
[2022-06-26 13:53:26,892] {processor.py:153} INFO - Started process (PID=1914) to work on /opt/airflow/dags/chapter05/10_xcoms_template.py
[2022-06-26 13:53:26,894] {processor.py:641} INFO - Processing file /opt/airflow/dags/chapter05/10_xcoms_template.py for tasks to queue
[2022-06-26 13:53:26,895] {logging_mixin.py:115} INFO - [2022-06-26 13:53:26,895] {dagbag.py:507} INFO - Filling up the DagBag from /opt/airflow/dags/chapter05/10_xcoms_template.py
[2022-06-26 13:53:26,906] {processor.py:651} INFO - DAG(s) dict_keys(['10_xcoms_template']) retrieved from /opt/airflow/dags/chapter05/10_xcoms_template.py
[2022-06-26 13:53:26,922] {logging_mixin.py:115} INFO - [2022-06-26 13:53:26,922] {dag.py:2371} INFO - Sync 1 DAGs
[2022-06-26 13:53:26,934] {logging_mixin.py:115} INFO - [2022-06-26 13:53:26,934] {dag.py:2919} INFO - Setting next_dagrun for 10_xcoms_template to 2022-06-23T00:00:00+00:00, run_after=2022-06-24T00:00:00+00:00
[2022-06-26 13:53:26,940] {processor.py:161} INFO - Processing /opt/airflow/dags/chapter05/10_xcoms_template.py took 0.050 seconds
[2022-06-26 13:53:57,943] {processor.py:153} INFO - Started process (PID=1975) to work on /opt/airflow/dags/chapter05/10_xcoms_template.py
[2022-06-26 13:53:57,945] {processor.py:641} INFO - Processing file /opt/airflow/dags/chapter05/10_xcoms_template.py for tasks to queue
[2022-06-26 13:53:57,947] {logging_mixin.py:115} INFO - [2022-06-26 13:53:57,947] {dagbag.py:507} INFO - Filling up the DagBag from /opt/airflow/dags/chapter05/10_xcoms_template.py
[2022-06-26 13:53:57,964] {processor.py:651} INFO - DAG(s) dict_keys(['10_xcoms_template']) retrieved from /opt/airflow/dags/chapter05/10_xcoms_template.py
[2022-06-26 13:53:57,990] {logging_mixin.py:115} INFO - [2022-06-26 13:53:57,990] {dag.py:2371} INFO - Sync 1 DAGs
[2022-06-26 13:53:58,006] {logging_mixin.py:115} INFO - [2022-06-26 13:53:58,006] {dag.py:2919} INFO - Setting next_dagrun for 10_xcoms_template to 2022-06-23T00:00:00+00:00, run_after=2022-06-24T00:00:00+00:00
[2022-06-26 13:53:58,014] {processor.py:161} INFO - Processing /opt/airflow/dags/chapter05/10_xcoms_template.py took 0.075 seconds
[2022-06-26 13:54:28,851] {processor.py:153} INFO - Started process (PID=2035) to work on /opt/airflow/dags/chapter05/10_xcoms_template.py
[2022-06-26 13:54:28,852] {processor.py:641} INFO - Processing file /opt/airflow/dags/chapter05/10_xcoms_template.py for tasks to queue
[2022-06-26 13:54:28,853] {logging_mixin.py:115} INFO - [2022-06-26 13:54:28,853] {dagbag.py:507} INFO - Filling up the DagBag from /opt/airflow/dags/chapter05/10_xcoms_template.py
[2022-06-26 13:54:28,864] {processor.py:651} INFO - DAG(s) dict_keys(['10_xcoms_template']) retrieved from /opt/airflow/dags/chapter05/10_xcoms_template.py
[2022-06-26 13:54:28,882] {logging_mixin.py:115} INFO - [2022-06-26 13:54:28,882] {dag.py:2371} INFO - Sync 1 DAGs
[2022-06-26 13:54:28,896] {logging_mixin.py:115} INFO - [2022-06-26 13:54:28,895] {dag.py:2919} INFO - Setting next_dagrun for 10_xcoms_template to 2022-06-23T00:00:00+00:00, run_after=2022-06-24T00:00:00+00:00
[2022-06-26 13:54:28,903] {processor.py:161} INFO - Processing /opt/airflow/dags/chapter05/10_xcoms_template.py took 0.055 seconds
[2022-06-26 13:54:59,678] {processor.py:153} INFO - Started process (PID=2096) to work on /opt/airflow/dags/chapter05/10_xcoms_template.py
[2022-06-26 13:54:59,680] {processor.py:641} INFO - Processing file /opt/airflow/dags/chapter05/10_xcoms_template.py for tasks to queue
[2022-06-26 13:54:59,681] {logging_mixin.py:115} INFO - [2022-06-26 13:54:59,681] {dagbag.py:507} INFO - Filling up the DagBag from /opt/airflow/dags/chapter05/10_xcoms_template.py
[2022-06-26 13:54:59,694] {processor.py:651} INFO - DAG(s) dict_keys(['10_xcoms_template']) retrieved from /opt/airflow/dags/chapter05/10_xcoms_template.py
[2022-06-26 13:54:59,718] {logging_mixin.py:115} INFO - [2022-06-26 13:54:59,718] {dag.py:2371} INFO - Sync 1 DAGs
[2022-06-26 13:54:59,735] {logging_mixin.py:115} INFO - [2022-06-26 13:54:59,735] {dag.py:2919} INFO - Setting next_dagrun for 10_xcoms_template to 2022-06-23T00:00:00+00:00, run_after=2022-06-24T00:00:00+00:00
[2022-06-26 13:54:59,743] {processor.py:161} INFO - Processing /opt/airflow/dags/chapter05/10_xcoms_template.py took 0.067 seconds
[2022-06-26 13:55:30,739] {processor.py:153} INFO - Started process (PID=2156) to work on /opt/airflow/dags/chapter05/10_xcoms_template.py
[2022-06-26 13:55:30,741] {processor.py:641} INFO - Processing file /opt/airflow/dags/chapter05/10_xcoms_template.py for tasks to queue
[2022-06-26 13:55:30,743] {logging_mixin.py:115} INFO - [2022-06-26 13:55:30,743] {dagbag.py:507} INFO - Filling up the DagBag from /opt/airflow/dags/chapter05/10_xcoms_template.py
[2022-06-26 13:55:30,755] {processor.py:651} INFO - DAG(s) dict_keys(['10_xcoms_template']) retrieved from /opt/airflow/dags/chapter05/10_xcoms_template.py
[2022-06-26 13:55:30,778] {logging_mixin.py:115} INFO - [2022-06-26 13:55:30,777] {dag.py:2371} INFO - Sync 1 DAGs
[2022-06-26 13:55:30,794] {logging_mixin.py:115} INFO - [2022-06-26 13:55:30,794] {dag.py:2919} INFO - Setting next_dagrun for 10_xcoms_template to 2022-06-23T00:00:00+00:00, run_after=2022-06-24T00:00:00+00:00
[2022-06-26 13:55:30,808] {processor.py:161} INFO - Processing /opt/airflow/dags/chapter05/10_xcoms_template.py took 0.071 seconds
[2022-06-26 13:56:00,858] {processor.py:153} INFO - Started process (PID=2217) to work on /opt/airflow/dags/chapter05/10_xcoms_template.py
[2022-06-26 13:56:00,860] {processor.py:641} INFO - Processing file /opt/airflow/dags/chapter05/10_xcoms_template.py for tasks to queue
[2022-06-26 13:56:00,862] {logging_mixin.py:115} INFO - [2022-06-26 13:56:00,862] {dagbag.py:507} INFO - Filling up the DagBag from /opt/airflow/dags/chapter05/10_xcoms_template.py
[2022-06-26 13:56:00,873] {processor.py:651} INFO - DAG(s) dict_keys(['10_xcoms_template']) retrieved from /opt/airflow/dags/chapter05/10_xcoms_template.py
[2022-06-26 13:56:00,890] {logging_mixin.py:115} INFO - [2022-06-26 13:56:00,890] {dag.py:2371} INFO - Sync 1 DAGs
[2022-06-26 13:56:00,903] {logging_mixin.py:115} INFO - [2022-06-26 13:56:00,903] {dag.py:2919} INFO - Setting next_dagrun for 10_xcoms_template to 2022-06-23T00:00:00+00:00, run_after=2022-06-24T00:00:00+00:00
[2022-06-26 13:56:00,910] {processor.py:161} INFO - Processing /opt/airflow/dags/chapter05/10_xcoms_template.py took 0.054 seconds
[2022-06-26 13:56:31,648] {processor.py:153} INFO - Started process (PID=2279) to work on /opt/airflow/dags/chapter05/10_xcoms_template.py
[2022-06-26 13:56:31,651] {processor.py:641} INFO - Processing file /opt/airflow/dags/chapter05/10_xcoms_template.py for tasks to queue
[2022-06-26 13:56:31,652] {logging_mixin.py:115} INFO - [2022-06-26 13:56:31,652] {dagbag.py:507} INFO - Filling up the DagBag from /opt/airflow/dags/chapter05/10_xcoms_template.py
[2022-06-26 13:56:31,665] {processor.py:651} INFO - DAG(s) dict_keys(['10_xcoms_template']) retrieved from /opt/airflow/dags/chapter05/10_xcoms_template.py
[2022-06-26 13:56:31,687] {logging_mixin.py:115} INFO - [2022-06-26 13:56:31,687] {dag.py:2371} INFO - Sync 1 DAGs
[2022-06-26 13:56:31,702] {logging_mixin.py:115} INFO - [2022-06-26 13:56:31,702] {dag.py:2919} INFO - Setting next_dagrun for 10_xcoms_template to 2022-06-23T00:00:00+00:00, run_after=2022-06-24T00:00:00+00:00
[2022-06-26 13:56:31,711] {processor.py:161} INFO - Processing /opt/airflow/dags/chapter05/10_xcoms_template.py took 0.065 seconds
[2022-06-26 13:57:02,839] {processor.py:153} INFO - Started process (PID=2330) to work on /opt/airflow/dags/chapter05/10_xcoms_template.py
[2022-06-26 13:57:02,840] {processor.py:641} INFO - Processing file /opt/airflow/dags/chapter05/10_xcoms_template.py for tasks to queue
[2022-06-26 13:57:02,842] {logging_mixin.py:115} INFO - [2022-06-26 13:57:02,842] {dagbag.py:507} INFO - Filling up the DagBag from /opt/airflow/dags/chapter05/10_xcoms_template.py
[2022-06-26 13:57:02,854] {processor.py:651} INFO - DAG(s) dict_keys(['10_xcoms_template']) retrieved from /opt/airflow/dags/chapter05/10_xcoms_template.py
[2022-06-26 13:57:02,875] {logging_mixin.py:115} INFO - [2022-06-26 13:57:02,875] {dag.py:2371} INFO - Sync 1 DAGs
[2022-06-26 13:57:02,890] {logging_mixin.py:115} INFO - [2022-06-26 13:57:02,890] {dag.py:2919} INFO - Setting next_dagrun for 10_xcoms_template to 2022-06-23T00:00:00+00:00, run_after=2022-06-24T00:00:00+00:00
[2022-06-26 13:57:02,902] {processor.py:161} INFO - Processing /opt/airflow/dags/chapter05/10_xcoms_template.py took 0.065 seconds
[2022-06-26 13:57:32,965] {processor.py:153} INFO - Started process (PID=2391) to work on /opt/airflow/dags/chapter05/10_xcoms_template.py
[2022-06-26 13:57:32,966] {processor.py:641} INFO - Processing file /opt/airflow/dags/chapter05/10_xcoms_template.py for tasks to queue
[2022-06-26 13:57:32,967] {logging_mixin.py:115} INFO - [2022-06-26 13:57:32,967] {dagbag.py:507} INFO - Filling up the DagBag from /opt/airflow/dags/chapter05/10_xcoms_template.py
[2022-06-26 13:57:32,978] {processor.py:651} INFO - DAG(s) dict_keys(['10_xcoms_template']) retrieved from /opt/airflow/dags/chapter05/10_xcoms_template.py
[2022-06-26 13:57:32,997] {logging_mixin.py:115} INFO - [2022-06-26 13:57:32,997] {dag.py:2371} INFO - Sync 1 DAGs
[2022-06-26 13:57:33,011] {logging_mixin.py:115} INFO - [2022-06-26 13:57:33,011] {dag.py:2919} INFO - Setting next_dagrun for 10_xcoms_template to 2022-06-23T00:00:00+00:00, run_after=2022-06-24T00:00:00+00:00
[2022-06-26 13:57:33,018] {processor.py:161} INFO - Processing /opt/airflow/dags/chapter05/10_xcoms_template.py took 0.056 seconds
[2022-06-26 13:58:03,850] {processor.py:153} INFO - Started process (PID=2452) to work on /opt/airflow/dags/chapter05/10_xcoms_template.py
[2022-06-26 13:58:03,852] {processor.py:641} INFO - Processing file /opt/airflow/dags/chapter05/10_xcoms_template.py for tasks to queue
[2022-06-26 13:58:03,853] {logging_mixin.py:115} INFO - [2022-06-26 13:58:03,853] {dagbag.py:507} INFO - Filling up the DagBag from /opt/airflow/dags/chapter05/10_xcoms_template.py
[2022-06-26 13:58:03,863] {processor.py:651} INFO - DAG(s) dict_keys(['10_xcoms_template']) retrieved from /opt/airflow/dags/chapter05/10_xcoms_template.py
[2022-06-26 13:58:03,882] {logging_mixin.py:115} INFO - [2022-06-26 13:58:03,882] {dag.py:2371} INFO - Sync 1 DAGs
[2022-06-26 13:58:03,895] {logging_mixin.py:115} INFO - [2022-06-26 13:58:03,895] {dag.py:2919} INFO - Setting next_dagrun for 10_xcoms_template to 2022-06-23T00:00:00+00:00, run_after=2022-06-24T00:00:00+00:00
[2022-06-26 13:58:03,903] {processor.py:161} INFO - Processing /opt/airflow/dags/chapter05/10_xcoms_template.py took 0.055 seconds
[2022-06-26 13:58:35,088] {processor.py:153} INFO - Started process (PID=2513) to work on /opt/airflow/dags/chapter05/10_xcoms_template.py
[2022-06-26 13:58:35,090] {processor.py:641} INFO - Processing file /opt/airflow/dags/chapter05/10_xcoms_template.py for tasks to queue
[2022-06-26 13:58:35,093] {logging_mixin.py:115} INFO - [2022-06-26 13:58:35,093] {dagbag.py:507} INFO - Filling up the DagBag from /opt/airflow/dags/chapter05/10_xcoms_template.py
[2022-06-26 13:58:35,109] {processor.py:651} INFO - DAG(s) dict_keys(['10_xcoms_template']) retrieved from /opt/airflow/dags/chapter05/10_xcoms_template.py
[2022-06-26 13:58:35,134] {logging_mixin.py:115} INFO - [2022-06-26 13:58:35,134] {dag.py:2371} INFO - Sync 1 DAGs
[2022-06-26 13:58:35,150] {logging_mixin.py:115} INFO - [2022-06-26 13:58:35,150] {dag.py:2919} INFO - Setting next_dagrun for 10_xcoms_template to 2022-06-23T00:00:00+00:00, run_after=2022-06-24T00:00:00+00:00
[2022-06-26 13:58:35,160] {processor.py:161} INFO - Processing /opt/airflow/dags/chapter05/10_xcoms_template.py took 0.075 seconds
[2022-06-26 13:59:05,823] {processor.py:153} INFO - Started process (PID=2573) to work on /opt/airflow/dags/chapter05/10_xcoms_template.py
[2022-06-26 13:59:05,825] {processor.py:641} INFO - Processing file /opt/airflow/dags/chapter05/10_xcoms_template.py for tasks to queue
[2022-06-26 13:59:05,827] {logging_mixin.py:115} INFO - [2022-06-26 13:59:05,827] {dagbag.py:507} INFO - Filling up the DagBag from /opt/airflow/dags/chapter05/10_xcoms_template.py
[2022-06-26 13:59:05,837] {processor.py:651} INFO - DAG(s) dict_keys(['10_xcoms_template']) retrieved from /opt/airflow/dags/chapter05/10_xcoms_template.py
[2022-06-26 13:59:05,855] {logging_mixin.py:115} INFO - [2022-06-26 13:59:05,855] {dag.py:2371} INFO - Sync 1 DAGs
[2022-06-26 13:59:05,870] {logging_mixin.py:115} INFO - [2022-06-26 13:59:05,869] {dag.py:2919} INFO - Setting next_dagrun for 10_xcoms_template to 2022-06-23T00:00:00+00:00, run_after=2022-06-24T00:00:00+00:00
[2022-06-26 13:59:05,881] {processor.py:161} INFO - Processing /opt/airflow/dags/chapter05/10_xcoms_template.py took 0.060 seconds
[2022-06-26 13:59:36,512] {processor.py:153} INFO - Started process (PID=2634) to work on /opt/airflow/dags/chapter05/10_xcoms_template.py
[2022-06-26 13:59:36,514] {processor.py:641} INFO - Processing file /opt/airflow/dags/chapter05/10_xcoms_template.py for tasks to queue
[2022-06-26 13:59:36,515] {logging_mixin.py:115} INFO - [2022-06-26 13:59:36,515] {dagbag.py:507} INFO - Filling up the DagBag from /opt/airflow/dags/chapter05/10_xcoms_template.py
[2022-06-26 13:59:36,527] {processor.py:651} INFO - DAG(s) dict_keys(['10_xcoms_template']) retrieved from /opt/airflow/dags/chapter05/10_xcoms_template.py
[2022-06-26 13:59:36,549] {logging_mixin.py:115} INFO - [2022-06-26 13:59:36,549] {dag.py:2371} INFO - Sync 1 DAGs
[2022-06-26 13:59:36,572] {logging_mixin.py:115} INFO - [2022-06-26 13:59:36,572] {dag.py:2919} INFO - Setting next_dagrun for 10_xcoms_template to 2022-06-23T00:00:00+00:00, run_after=2022-06-24T00:00:00+00:00
[2022-06-26 13:59:36,583] {processor.py:161} INFO - Processing /opt/airflow/dags/chapter05/10_xcoms_template.py took 0.073 seconds
[2022-06-26 14:00:07,221] {processor.py:153} INFO - Started process (PID=2697) to work on /opt/airflow/dags/chapter05/10_xcoms_template.py
[2022-06-26 14:00:07,224] {processor.py:641} INFO - Processing file /opt/airflow/dags/chapter05/10_xcoms_template.py for tasks to queue
[2022-06-26 14:00:07,226] {logging_mixin.py:115} INFO - [2022-06-26 14:00:07,226] {dagbag.py:507} INFO - Filling up the DagBag from /opt/airflow/dags/chapter05/10_xcoms_template.py
[2022-06-26 14:00:07,240] {processor.py:651} INFO - DAG(s) dict_keys(['10_xcoms_template']) retrieved from /opt/airflow/dags/chapter05/10_xcoms_template.py
[2022-06-26 14:00:07,265] {logging_mixin.py:115} INFO - [2022-06-26 14:00:07,265] {dag.py:2371} INFO - Sync 1 DAGs
[2022-06-26 14:00:07,281] {logging_mixin.py:115} INFO - [2022-06-26 14:00:07,281] {dag.py:2919} INFO - Setting next_dagrun for 10_xcoms_template to 2022-06-23T00:00:00+00:00, run_after=2022-06-24T00:00:00+00:00
[2022-06-26 14:00:07,291] {processor.py:161} INFO - Processing /opt/airflow/dags/chapter05/10_xcoms_template.py took 0.072 seconds
[2022-06-26 14:00:37,919] {processor.py:153} INFO - Started process (PID=2748) to work on /opt/airflow/dags/chapter05/10_xcoms_template.py
[2022-06-26 14:00:37,922] {processor.py:641} INFO - Processing file /opt/airflow/dags/chapter05/10_xcoms_template.py for tasks to queue
[2022-06-26 14:00:37,923] {logging_mixin.py:115} INFO - [2022-06-26 14:00:37,923] {dagbag.py:507} INFO - Filling up the DagBag from /opt/airflow/dags/chapter05/10_xcoms_template.py
[2022-06-26 14:00:37,933] {processor.py:651} INFO - DAG(s) dict_keys(['10_xcoms_template']) retrieved from /opt/airflow/dags/chapter05/10_xcoms_template.py
[2022-06-26 14:00:37,952] {logging_mixin.py:115} INFO - [2022-06-26 14:00:37,951] {dag.py:2371} INFO - Sync 1 DAGs
[2022-06-26 14:00:37,967] {logging_mixin.py:115} INFO - [2022-06-26 14:00:37,967] {dag.py:2919} INFO - Setting next_dagrun for 10_xcoms_template to 2022-06-23T00:00:00+00:00, run_after=2022-06-24T00:00:00+00:00
[2022-06-26 14:00:37,975] {processor.py:161} INFO - Processing /opt/airflow/dags/chapter05/10_xcoms_template.py took 0.059 seconds
[2022-06-26 14:01:08,668] {processor.py:153} INFO - Started process (PID=2809) to work on /opt/airflow/dags/chapter05/10_xcoms_template.py
[2022-06-26 14:01:08,670] {processor.py:641} INFO - Processing file /opt/airflow/dags/chapter05/10_xcoms_template.py for tasks to queue
[2022-06-26 14:01:08,673] {logging_mixin.py:115} INFO - [2022-06-26 14:01:08,672] {dagbag.py:507} INFO - Filling up the DagBag from /opt/airflow/dags/chapter05/10_xcoms_template.py
[2022-06-26 14:01:08,684] {processor.py:651} INFO - DAG(s) dict_keys(['10_xcoms_template']) retrieved from /opt/airflow/dags/chapter05/10_xcoms_template.py
[2022-06-26 14:01:08,705] {logging_mixin.py:115} INFO - [2022-06-26 14:01:08,705] {dag.py:2371} INFO - Sync 1 DAGs
[2022-06-26 14:01:08,719] {logging_mixin.py:115} INFO - [2022-06-26 14:01:08,718] {dag.py:2919} INFO - Setting next_dagrun for 10_xcoms_template to 2022-06-23T00:00:00+00:00, run_after=2022-06-24T00:00:00+00:00
[2022-06-26 14:01:08,726] {processor.py:161} INFO - Processing /opt/airflow/dags/chapter05/10_xcoms_template.py took 0.060 seconds
[2022-06-26 14:01:39,350] {processor.py:153} INFO - Started process (PID=2870) to work on /opt/airflow/dags/chapter05/10_xcoms_template.py
[2022-06-26 14:01:39,352] {processor.py:641} INFO - Processing file /opt/airflow/dags/chapter05/10_xcoms_template.py for tasks to queue
[2022-06-26 14:01:39,354] {logging_mixin.py:115} INFO - [2022-06-26 14:01:39,354] {dagbag.py:507} INFO - Filling up the DagBag from /opt/airflow/dags/chapter05/10_xcoms_template.py
[2022-06-26 14:01:39,364] {processor.py:651} INFO - DAG(s) dict_keys(['10_xcoms_template']) retrieved from /opt/airflow/dags/chapter05/10_xcoms_template.py
[2022-06-26 14:01:39,384] {logging_mixin.py:115} INFO - [2022-06-26 14:01:39,384] {dag.py:2371} INFO - Sync 1 DAGs
[2022-06-26 14:01:39,408] {logging_mixin.py:115} INFO - [2022-06-26 14:01:39,408] {dag.py:2919} INFO - Setting next_dagrun for 10_xcoms_template to 2022-06-23T00:00:00+00:00, run_after=2022-06-24T00:00:00+00:00
[2022-06-26 14:01:39,418] {processor.py:161} INFO - Processing /opt/airflow/dags/chapter05/10_xcoms_template.py took 0.070 seconds
[2022-06-26 14:02:10,461] {processor.py:153} INFO - Started process (PID=2931) to work on /opt/airflow/dags/chapter05/10_xcoms_template.py
[2022-06-26 14:02:10,463] {processor.py:641} INFO - Processing file /opt/airflow/dags/chapter05/10_xcoms_template.py for tasks to queue
[2022-06-26 14:02:10,465] {logging_mixin.py:115} INFO - [2022-06-26 14:02:10,465] {dagbag.py:507} INFO - Filling up the DagBag from /opt/airflow/dags/chapter05/10_xcoms_template.py
[2022-06-26 14:02:10,491] {processor.py:651} INFO - DAG(s) dict_keys(['10_xcoms_template']) retrieved from /opt/airflow/dags/chapter05/10_xcoms_template.py
[2022-06-26 14:02:10,520] {logging_mixin.py:115} INFO - [2022-06-26 14:02:10,520] {dag.py:2371} INFO - Sync 1 DAGs
[2022-06-26 14:02:10,538] {logging_mixin.py:115} INFO - [2022-06-26 14:02:10,538] {dag.py:2919} INFO - Setting next_dagrun for 10_xcoms_template to 2022-06-23T00:00:00+00:00, run_after=2022-06-24T00:00:00+00:00
[2022-06-26 14:02:10,552] {processor.py:161} INFO - Processing /opt/airflow/dags/chapter05/10_xcoms_template.py took 0.094 seconds
[2022-06-26 14:02:41,404] {processor.py:153} INFO - Started process (PID=2992) to work on /opt/airflow/dags/chapter05/10_xcoms_template.py
[2022-06-26 14:02:41,406] {processor.py:641} INFO - Processing file /opt/airflow/dags/chapter05/10_xcoms_template.py for tasks to queue
[2022-06-26 14:02:41,409] {logging_mixin.py:115} INFO - [2022-06-26 14:02:41,409] {dagbag.py:507} INFO - Filling up the DagBag from /opt/airflow/dags/chapter05/10_xcoms_template.py
[2022-06-26 14:02:41,432] {processor.py:651} INFO - DAG(s) dict_keys(['10_xcoms_template']) retrieved from /opt/airflow/dags/chapter05/10_xcoms_template.py
[2022-06-26 14:02:41,462] {logging_mixin.py:115} INFO - [2022-06-26 14:02:41,462] {dag.py:2371} INFO - Sync 1 DAGs
[2022-06-26 14:02:41,480] {logging_mixin.py:115} INFO - [2022-06-26 14:02:41,480] {dag.py:2919} INFO - Setting next_dagrun for 10_xcoms_template to 2022-06-23T00:00:00+00:00, run_after=2022-06-24T00:00:00+00:00
[2022-06-26 14:02:41,493] {processor.py:161} INFO - Processing /opt/airflow/dags/chapter05/10_xcoms_template.py took 0.092 seconds
[2022-06-26 14:03:12,341] {processor.py:153} INFO - Started process (PID=3053) to work on /opt/airflow/dags/chapter05/10_xcoms_template.py
[2022-06-26 14:03:12,343] {processor.py:641} INFO - Processing file /opt/airflow/dags/chapter05/10_xcoms_template.py for tasks to queue
[2022-06-26 14:03:12,344] {logging_mixin.py:115} INFO - [2022-06-26 14:03:12,344] {dagbag.py:507} INFO - Filling up the DagBag from /opt/airflow/dags/chapter05/10_xcoms_template.py
[2022-06-26 14:03:12,358] {processor.py:651} INFO - DAG(s) dict_keys(['10_xcoms_template']) retrieved from /opt/airflow/dags/chapter05/10_xcoms_template.py
[2022-06-26 14:03:12,382] {logging_mixin.py:115} INFO - [2022-06-26 14:03:12,382] {dag.py:2371} INFO - Sync 1 DAGs
[2022-06-26 14:03:12,398] {logging_mixin.py:115} INFO - [2022-06-26 14:03:12,398] {dag.py:2919} INFO - Setting next_dagrun for 10_xcoms_template to 2022-06-23T00:00:00+00:00, run_after=2022-06-24T00:00:00+00:00
[2022-06-26 14:03:12,415] {processor.py:161} INFO - Processing /opt/airflow/dags/chapter05/10_xcoms_template.py took 0.076 seconds
[2022-06-26 14:03:43,207] {processor.py:153} INFO - Started process (PID=3114) to work on /opt/airflow/dags/chapter05/10_xcoms_template.py
[2022-06-26 14:03:43,209] {processor.py:641} INFO - Processing file /opt/airflow/dags/chapter05/10_xcoms_template.py for tasks to queue
[2022-06-26 14:03:43,210] {logging_mixin.py:115} INFO - [2022-06-26 14:03:43,210] {dagbag.py:507} INFO - Filling up the DagBag from /opt/airflow/dags/chapter05/10_xcoms_template.py
[2022-06-26 14:03:43,220] {processor.py:651} INFO - DAG(s) dict_keys(['10_xcoms_template']) retrieved from /opt/airflow/dags/chapter05/10_xcoms_template.py
[2022-06-26 14:03:43,245] {logging_mixin.py:115} INFO - [2022-06-26 14:03:43,244] {dag.py:2371} INFO - Sync 1 DAGs
[2022-06-26 14:03:43,265] {logging_mixin.py:115} INFO - [2022-06-26 14:03:43,264] {dag.py:2919} INFO - Setting next_dagrun for 10_xcoms_template to 2022-06-23T00:00:00+00:00, run_after=2022-06-24T00:00:00+00:00
[2022-06-26 14:03:43,275] {processor.py:161} INFO - Processing /opt/airflow/dags/chapter05/10_xcoms_template.py took 0.071 seconds
[2022-06-26 14:04:14,210] {processor.py:153} INFO - Started process (PID=3165) to work on /opt/airflow/dags/chapter05/10_xcoms_template.py
[2022-06-26 14:04:14,213] {processor.py:641} INFO - Processing file /opt/airflow/dags/chapter05/10_xcoms_template.py for tasks to queue
[2022-06-26 14:04:14,214] {logging_mixin.py:115} INFO - [2022-06-26 14:04:14,213] {dagbag.py:507} INFO - Filling up the DagBag from /opt/airflow/dags/chapter05/10_xcoms_template.py
[2022-06-26 14:04:14,227] {processor.py:651} INFO - DAG(s) dict_keys(['10_xcoms_template']) retrieved from /opt/airflow/dags/chapter05/10_xcoms_template.py
[2022-06-26 14:04:14,247] {logging_mixin.py:115} INFO - [2022-06-26 14:04:14,247] {dag.py:2371} INFO - Sync 1 DAGs
[2022-06-26 14:04:14,263] {logging_mixin.py:115} INFO - [2022-06-26 14:04:14,263] {dag.py:2919} INFO - Setting next_dagrun for 10_xcoms_template to 2022-06-23T00:00:00+00:00, run_after=2022-06-24T00:00:00+00:00
[2022-06-26 14:04:14,280] {processor.py:161} INFO - Processing /opt/airflow/dags/chapter05/10_xcoms_template.py took 0.071 seconds
[2022-06-26 14:04:45,036] {processor.py:153} INFO - Started process (PID=3227) to work on /opt/airflow/dags/chapter05/10_xcoms_template.py
[2022-06-26 14:04:45,038] {processor.py:641} INFO - Processing file /opt/airflow/dags/chapter05/10_xcoms_template.py for tasks to queue
[2022-06-26 14:04:45,039] {logging_mixin.py:115} INFO - [2022-06-26 14:04:45,039] {dagbag.py:507} INFO - Filling up the DagBag from /opt/airflow/dags/chapter05/10_xcoms_template.py
[2022-06-26 14:04:45,053] {processor.py:651} INFO - DAG(s) dict_keys(['10_xcoms_template']) retrieved from /opt/airflow/dags/chapter05/10_xcoms_template.py
[2022-06-26 14:04:45,073] {logging_mixin.py:115} INFO - [2022-06-26 14:04:45,073] {dag.py:2371} INFO - Sync 1 DAGs
[2022-06-26 14:04:45,090] {logging_mixin.py:115} INFO - [2022-06-26 14:04:45,090] {dag.py:2919} INFO - Setting next_dagrun for 10_xcoms_template to 2022-06-23T00:00:00+00:00, run_after=2022-06-24T00:00:00+00:00
[2022-06-26 14:04:45,100] {processor.py:161} INFO - Processing /opt/airflow/dags/chapter05/10_xcoms_template.py took 0.066 seconds
[2022-06-26 14:05:15,914] {processor.py:153} INFO - Started process (PID=3288) to work on /opt/airflow/dags/chapter05/10_xcoms_template.py
[2022-06-26 14:05:15,916] {processor.py:641} INFO - Processing file /opt/airflow/dags/chapter05/10_xcoms_template.py for tasks to queue
[2022-06-26 14:05:15,918] {logging_mixin.py:115} INFO - [2022-06-26 14:05:15,918] {dagbag.py:507} INFO - Filling up the DagBag from /opt/airflow/dags/chapter05/10_xcoms_template.py
[2022-06-26 14:05:15,934] {processor.py:651} INFO - DAG(s) dict_keys(['10_xcoms_template']) retrieved from /opt/airflow/dags/chapter05/10_xcoms_template.py
[2022-06-26 14:05:15,962] {logging_mixin.py:115} INFO - [2022-06-26 14:05:15,962] {dag.py:2371} INFO - Sync 1 DAGs
[2022-06-26 14:05:15,984] {logging_mixin.py:115} INFO - [2022-06-26 14:05:15,984] {dag.py:2919} INFO - Setting next_dagrun for 10_xcoms_template to 2022-06-23T00:00:00+00:00, run_after=2022-06-24T00:00:00+00:00
[2022-06-26 14:05:15,998] {processor.py:161} INFO - Processing /opt/airflow/dags/chapter05/10_xcoms_template.py took 0.087 seconds
[2022-06-26 14:05:46,335] {processor.py:153} INFO - Started process (PID=3349) to work on /opt/airflow/dags/chapter05/10_xcoms_template.py
[2022-06-26 14:05:46,336] {processor.py:641} INFO - Processing file /opt/airflow/dags/chapter05/10_xcoms_template.py for tasks to queue
[2022-06-26 14:05:46,337] {logging_mixin.py:115} INFO - [2022-06-26 14:05:46,337] {dagbag.py:507} INFO - Filling up the DagBag from /opt/airflow/dags/chapter05/10_xcoms_template.py
[2022-06-26 14:05:46,348] {processor.py:651} INFO - DAG(s) dict_keys(['10_xcoms_template']) retrieved from /opt/airflow/dags/chapter05/10_xcoms_template.py
[2022-06-26 14:05:46,367] {logging_mixin.py:115} INFO - [2022-06-26 14:05:46,367] {dag.py:2371} INFO - Sync 1 DAGs
[2022-06-26 14:05:46,382] {logging_mixin.py:115} INFO - [2022-06-26 14:05:46,382] {dag.py:2919} INFO - Setting next_dagrun for 10_xcoms_template to 2022-06-23T00:00:00+00:00, run_after=2022-06-24T00:00:00+00:00
[2022-06-26 14:05:46,392] {processor.py:161} INFO - Processing /opt/airflow/dags/chapter05/10_xcoms_template.py took 0.060 seconds
[2022-06-26 14:09:53,155] {processor.py:153} INFO - Started process (PID=3400) to work on /opt/airflow/dags/chapter05/10_xcoms_template.py
[2022-06-26 14:09:53,158] {processor.py:641} INFO - Processing file /opt/airflow/dags/chapter05/10_xcoms_template.py for tasks to queue
[2022-06-26 14:09:53,160] {logging_mixin.py:115} INFO - [2022-06-26 14:09:53,160] {dagbag.py:507} INFO - Filling up the DagBag from /opt/airflow/dags/chapter05/10_xcoms_template.py
[2022-06-26 14:09:53,178] {processor.py:651} INFO - DAG(s) dict_keys(['10_xcoms_template']) retrieved from /opt/airflow/dags/chapter05/10_xcoms_template.py
[2022-06-26 14:09:53,206] {logging_mixin.py:115} INFO - [2022-06-26 14:09:53,206] {dag.py:2371} INFO - Sync 1 DAGs
[2022-06-26 14:09:53,234] {logging_mixin.py:115} INFO - [2022-06-26 14:09:53,234] {dag.py:2919} INFO - Setting next_dagrun for 10_xcoms_template to 2022-06-23T00:00:00+00:00, run_after=2022-06-24T00:00:00+00:00
[2022-06-26 14:09:53,364] {processor.py:161} INFO - Processing /opt/airflow/dags/chapter05/10_xcoms_template.py took 0.214 seconds
[2022-06-26 14:10:23,877] {processor.py:153} INFO - Started process (PID=3461) to work on /opt/airflow/dags/chapter05/10_xcoms_template.py
[2022-06-26 14:10:23,879] {processor.py:641} INFO - Processing file /opt/airflow/dags/chapter05/10_xcoms_template.py for tasks to queue
[2022-06-26 14:10:23,880] {logging_mixin.py:115} INFO - [2022-06-26 14:10:23,880] {dagbag.py:507} INFO - Filling up the DagBag from /opt/airflow/dags/chapter05/10_xcoms_template.py
[2022-06-26 14:10:23,894] {processor.py:651} INFO - DAG(s) dict_keys(['10_xcoms_template']) retrieved from /opt/airflow/dags/chapter05/10_xcoms_template.py
[2022-06-26 14:10:23,921] {logging_mixin.py:115} INFO - [2022-06-26 14:10:23,920] {dag.py:2371} INFO - Sync 1 DAGs
[2022-06-26 14:10:23,938] {logging_mixin.py:115} INFO - [2022-06-26 14:10:23,938] {dag.py:2919} INFO - Setting next_dagrun for 10_xcoms_template to 2022-06-23T00:00:00+00:00, run_after=2022-06-24T00:00:00+00:00
[2022-06-26 14:10:24,034] {processor.py:161} INFO - Processing /opt/airflow/dags/chapter05/10_xcoms_template.py took 0.159 seconds
[2022-06-26 14:10:54,181] {processor.py:153} INFO - Started process (PID=3512) to work on /opt/airflow/dags/chapter05/10_xcoms_template.py
[2022-06-26 14:10:54,183] {processor.py:641} INFO - Processing file /opt/airflow/dags/chapter05/10_xcoms_template.py for tasks to queue
[2022-06-26 14:10:54,184] {logging_mixin.py:115} INFO - [2022-06-26 14:10:54,184] {dagbag.py:507} INFO - Filling up the DagBag from /opt/airflow/dags/chapter05/10_xcoms_template.py
[2022-06-26 14:10:54,195] {processor.py:651} INFO - DAG(s) dict_keys(['10_xcoms_template']) retrieved from /opt/airflow/dags/chapter05/10_xcoms_template.py
[2022-06-26 14:10:54,213] {logging_mixin.py:115} INFO - [2022-06-26 14:10:54,213] {dag.py:2371} INFO - Sync 1 DAGs
[2022-06-26 14:10:54,230] {logging_mixin.py:115} INFO - [2022-06-26 14:10:54,229] {dag.py:2919} INFO - Setting next_dagrun for 10_xcoms_template to 2022-06-23T00:00:00+00:00, run_after=2022-06-24T00:00:00+00:00
[2022-06-26 14:10:54,319] {processor.py:161} INFO - Processing /opt/airflow/dags/chapter05/10_xcoms_template.py took 0.141 seconds
[2022-06-26 14:11:24,614] {processor.py:153} INFO - Started process (PID=3573) to work on /opt/airflow/dags/chapter05/10_xcoms_template.py
[2022-06-26 14:11:24,616] {processor.py:641} INFO - Processing file /opt/airflow/dags/chapter05/10_xcoms_template.py for tasks to queue
[2022-06-26 14:11:24,618] {logging_mixin.py:115} INFO - [2022-06-26 14:11:24,618] {dagbag.py:507} INFO - Filling up the DagBag from /opt/airflow/dags/chapter05/10_xcoms_template.py
[2022-06-26 14:11:24,630] {processor.py:651} INFO - DAG(s) dict_keys(['10_xcoms_template']) retrieved from /opt/airflow/dags/chapter05/10_xcoms_template.py
[2022-06-26 14:11:24,654] {logging_mixin.py:115} INFO - [2022-06-26 14:11:24,654] {dag.py:2371} INFO - Sync 1 DAGs
[2022-06-26 14:11:24,671] {logging_mixin.py:115} INFO - [2022-06-26 14:11:24,671] {dag.py:2919} INFO - Setting next_dagrun for 10_xcoms_template to 2022-06-23T00:00:00+00:00, run_after=2022-06-24T00:00:00+00:00
[2022-06-26 14:11:24,778] {processor.py:161} INFO - Processing /opt/airflow/dags/chapter05/10_xcoms_template.py took 0.167 seconds
[2022-06-26 14:11:54,871] {processor.py:153} INFO - Started process (PID=3634) to work on /opt/airflow/dags/chapter05/10_xcoms_template.py
[2022-06-26 14:11:54,874] {processor.py:641} INFO - Processing file /opt/airflow/dags/chapter05/10_xcoms_template.py for tasks to queue
[2022-06-26 14:11:54,875] {logging_mixin.py:115} INFO - [2022-06-26 14:11:54,875] {dagbag.py:507} INFO - Filling up the DagBag from /opt/airflow/dags/chapter05/10_xcoms_template.py
[2022-06-26 14:11:54,886] {processor.py:651} INFO - DAG(s) dict_keys(['10_xcoms_template']) retrieved from /opt/airflow/dags/chapter05/10_xcoms_template.py
[2022-06-26 14:11:54,906] {logging_mixin.py:115} INFO - [2022-06-26 14:11:54,906] {dag.py:2371} INFO - Sync 1 DAGs
[2022-06-26 14:11:54,921] {logging_mixin.py:115} INFO - [2022-06-26 14:11:54,921] {dag.py:2919} INFO - Setting next_dagrun for 10_xcoms_template to 2022-06-23T00:00:00+00:00, run_after=2022-06-24T00:00:00+00:00
[2022-06-26 14:11:55,017] {processor.py:161} INFO - Processing /opt/airflow/dags/chapter05/10_xcoms_template.py took 0.149 seconds
[2022-06-26 14:12:25,123] {processor.py:153} INFO - Started process (PID=3695) to work on /opt/airflow/dags/chapter05/10_xcoms_template.py
[2022-06-26 14:12:25,124] {processor.py:641} INFO - Processing file /opt/airflow/dags/chapter05/10_xcoms_template.py for tasks to queue
[2022-06-26 14:12:25,126] {logging_mixin.py:115} INFO - [2022-06-26 14:12:25,126] {dagbag.py:507} INFO - Filling up the DagBag from /opt/airflow/dags/chapter05/10_xcoms_template.py
[2022-06-26 14:12:25,138] {processor.py:651} INFO - DAG(s) dict_keys(['10_xcoms_template']) retrieved from /opt/airflow/dags/chapter05/10_xcoms_template.py
[2022-06-26 14:12:25,157] {logging_mixin.py:115} INFO - [2022-06-26 14:12:25,157] {dag.py:2371} INFO - Sync 1 DAGs
[2022-06-26 14:12:25,171] {logging_mixin.py:115} INFO - [2022-06-26 14:12:25,171] {dag.py:2919} INFO - Setting next_dagrun for 10_xcoms_template to 2022-06-23T00:00:00+00:00, run_after=2022-06-24T00:00:00+00:00
[2022-06-26 14:12:25,256] {processor.py:161} INFO - Processing /opt/airflow/dags/chapter05/10_xcoms_template.py took 0.136 seconds
[2022-06-26 14:12:55,982] {processor.py:153} INFO - Started process (PID=4250) to work on /opt/airflow/dags/chapter05/10_xcoms_template.py
[2022-06-26 14:12:55,984] {processor.py:641} INFO - Processing file /opt/airflow/dags/chapter05/10_xcoms_template.py for tasks to queue
[2022-06-26 14:12:55,987] {logging_mixin.py:115} INFO - [2022-06-26 14:12:55,986] {dagbag.py:507} INFO - Filling up the DagBag from /opt/airflow/dags/chapter05/10_xcoms_template.py
[2022-06-26 14:12:56,001] {processor.py:651} INFO - DAG(s) dict_keys(['10_xcoms_template']) retrieved from /opt/airflow/dags/chapter05/10_xcoms_template.py
[2022-06-26 14:12:56,028] {logging_mixin.py:115} INFO - [2022-06-26 14:12:56,028] {dag.py:2371} INFO - Sync 1 DAGs
[2022-06-26 14:12:56,048] {logging_mixin.py:115} INFO - [2022-06-26 14:12:56,047] {dag.py:2919} INFO - Setting next_dagrun for 10_xcoms_template to 2022-06-23T00:00:00+00:00, run_after=2022-06-24T00:00:00+00:00
[2022-06-26 14:12:56,149] {processor.py:161} INFO - Processing /opt/airflow/dags/chapter05/10_xcoms_template.py took 0.172 seconds
[2022-06-26 14:13:26,373] {processor.py:153} INFO - Started process (PID=4744) to work on /opt/airflow/dags/chapter05/10_xcoms_template.py
[2022-06-26 14:13:26,375] {processor.py:641} INFO - Processing file /opt/airflow/dags/chapter05/10_xcoms_template.py for tasks to queue
[2022-06-26 14:13:26,377] {logging_mixin.py:115} INFO - [2022-06-26 14:13:26,377] {dagbag.py:507} INFO - Filling up the DagBag from /opt/airflow/dags/chapter05/10_xcoms_template.py
[2022-06-26 14:13:26,393] {processor.py:651} INFO - DAG(s) dict_keys(['10_xcoms_template']) retrieved from /opt/airflow/dags/chapter05/10_xcoms_template.py
[2022-06-26 14:13:26,415] {logging_mixin.py:115} INFO - [2022-06-26 14:13:26,415] {dag.py:2371} INFO - Sync 1 DAGs
[2022-06-26 14:13:26,432] {logging_mixin.py:115} INFO - [2022-06-26 14:13:26,432] {dag.py:2919} INFO - Setting next_dagrun for 10_xcoms_template to 2022-06-23T00:00:00+00:00, run_after=2022-06-24T00:00:00+00:00
[2022-06-26 14:13:26,528] {processor.py:161} INFO - Processing /opt/airflow/dags/chapter05/10_xcoms_template.py took 0.157 seconds
[2022-06-26 14:13:56,978] {processor.py:153} INFO - Started process (PID=5733) to work on /opt/airflow/dags/chapter05/10_xcoms_template.py
[2022-06-26 14:13:56,980] {processor.py:641} INFO - Processing file /opt/airflow/dags/chapter05/10_xcoms_template.py for tasks to queue
[2022-06-26 14:13:56,981] {logging_mixin.py:115} INFO - [2022-06-26 14:13:56,981] {dagbag.py:507} INFO - Filling up the DagBag from /opt/airflow/dags/chapter05/10_xcoms_template.py
[2022-06-26 14:13:57,003] {processor.py:651} INFO - DAG(s) dict_keys(['10_xcoms_template']) retrieved from /opt/airflow/dags/chapter05/10_xcoms_template.py
[2022-06-26 14:13:57,029] {logging_mixin.py:115} INFO - [2022-06-26 14:13:57,028] {dag.py:2371} INFO - Sync 1 DAGs
[2022-06-26 14:13:57,046] {logging_mixin.py:115} INFO - [2022-06-26 14:13:57,046] {dag.py:2919} INFO - Setting next_dagrun for 10_xcoms_template to 2022-06-23T00:00:00+00:00, run_after=2022-06-24T00:00:00+00:00
[2022-06-26 14:13:57,157] {processor.py:161} INFO - Processing /opt/airflow/dags/chapter05/10_xcoms_template.py took 0.181 seconds
[2022-06-26 14:14:27,261] {processor.py:153} INFO - Started process (PID=6101) to work on /opt/airflow/dags/chapter05/10_xcoms_template.py
[2022-06-26 14:14:27,263] {processor.py:641} INFO - Processing file /opt/airflow/dags/chapter05/10_xcoms_template.py for tasks to queue
[2022-06-26 14:14:27,264] {logging_mixin.py:115} INFO - [2022-06-26 14:14:27,264] {dagbag.py:507} INFO - Filling up the DagBag from /opt/airflow/dags/chapter05/10_xcoms_template.py
[2022-06-26 14:14:27,274] {processor.py:651} INFO - DAG(s) dict_keys(['10_xcoms_template']) retrieved from /opt/airflow/dags/chapter05/10_xcoms_template.py
[2022-06-26 14:14:27,294] {logging_mixin.py:115} INFO - [2022-06-26 14:14:27,294] {dag.py:2371} INFO - Sync 1 DAGs
[2022-06-26 14:14:27,310] {logging_mixin.py:115} INFO - [2022-06-26 14:14:27,310] {dag.py:2919} INFO - Setting next_dagrun for 10_xcoms_template to 2022-06-23T00:00:00+00:00, run_after=2022-06-24T00:00:00+00:00
[2022-06-26 14:14:27,409] {processor.py:161} INFO - Processing /opt/airflow/dags/chapter05/10_xcoms_template.py took 0.150 seconds
[2022-06-26 14:14:57,856] {processor.py:153} INFO - Started process (PID=6471) to work on /opt/airflow/dags/chapter05/10_xcoms_template.py
[2022-06-26 14:14:57,858] {processor.py:641} INFO - Processing file /opt/airflow/dags/chapter05/10_xcoms_template.py for tasks to queue
[2022-06-26 14:14:57,861] {logging_mixin.py:115} INFO - [2022-06-26 14:14:57,860] {dagbag.py:507} INFO - Filling up the DagBag from /opt/airflow/dags/chapter05/10_xcoms_template.py
[2022-06-26 14:14:57,874] {processor.py:651} INFO - DAG(s) dict_keys(['10_xcoms_template']) retrieved from /opt/airflow/dags/chapter05/10_xcoms_template.py
[2022-06-26 14:14:57,896] {logging_mixin.py:115} INFO - [2022-06-26 14:14:57,896] {dag.py:2371} INFO - Sync 1 DAGs
[2022-06-26 14:14:57,997] {logging_mixin.py:115} INFO - [2022-06-26 14:14:57,997] {dag.py:2919} INFO - Setting next_dagrun for 10_xcoms_template to 2022-06-23T00:00:00+00:00, run_after=2022-06-24T00:00:00+00:00
[2022-06-26 14:14:58,008] {processor.py:161} INFO - Processing /opt/airflow/dags/chapter05/10_xcoms_template.py took 0.154 seconds
[2022-06-26 14:15:28,585] {processor.py:153} INFO - Started process (PID=6844) to work on /opt/airflow/dags/chapter05/10_xcoms_template.py
[2022-06-26 14:15:28,587] {processor.py:641} INFO - Processing file /opt/airflow/dags/chapter05/10_xcoms_template.py for tasks to queue
[2022-06-26 14:15:28,589] {logging_mixin.py:115} INFO - [2022-06-26 14:15:28,589] {dagbag.py:507} INFO - Filling up the DagBag from /opt/airflow/dags/chapter05/10_xcoms_template.py
[2022-06-26 14:15:28,602] {processor.py:651} INFO - DAG(s) dict_keys(['10_xcoms_template']) retrieved from /opt/airflow/dags/chapter05/10_xcoms_template.py
[2022-06-26 14:15:28,622] {logging_mixin.py:115} INFO - [2022-06-26 14:15:28,622] {dag.py:2371} INFO - Sync 1 DAGs
[2022-06-26 14:15:28,727] {logging_mixin.py:115} INFO - [2022-06-26 14:15:28,727] {dag.py:2919} INFO - Setting next_dagrun for 10_xcoms_template to 2022-06-23T00:00:00+00:00, run_after=2022-06-24T00:00:00+00:00
[2022-06-26 14:15:28,734] {processor.py:161} INFO - Processing /opt/airflow/dags/chapter05/10_xcoms_template.py took 0.151 seconds
[2022-06-26 14:15:59,489] {processor.py:153} INFO - Started process (PID=7458) to work on /opt/airflow/dags/chapter05/10_xcoms_template.py
[2022-06-26 14:15:59,491] {processor.py:641} INFO - Processing file /opt/airflow/dags/chapter05/10_xcoms_template.py for tasks to queue
[2022-06-26 14:15:59,493] {logging_mixin.py:115} INFO - [2022-06-26 14:15:59,493] {dagbag.py:507} INFO - Filling up the DagBag from /opt/airflow/dags/chapter05/10_xcoms_template.py
[2022-06-26 14:15:59,513] {processor.py:651} INFO - DAG(s) dict_keys(['10_xcoms_template']) retrieved from /opt/airflow/dags/chapter05/10_xcoms_template.py
[2022-06-26 14:15:59,540] {logging_mixin.py:115} INFO - [2022-06-26 14:15:59,540] {dag.py:2371} INFO - Sync 1 DAGs
[2022-06-26 14:15:59,666] {logging_mixin.py:115} INFO - [2022-06-26 14:15:59,666] {dag.py:2919} INFO - Setting next_dagrun for 10_xcoms_template to 2022-06-23T00:00:00+00:00, run_after=2022-06-24T00:00:00+00:00
[2022-06-26 14:15:59,675] {processor.py:161} INFO - Processing /opt/airflow/dags/chapter05/10_xcoms_template.py took 0.188 seconds
[2022-06-26 14:16:30,309] {processor.py:153} INFO - Started process (PID=9132) to work on /opt/airflow/dags/chapter05/10_xcoms_template.py
[2022-06-26 14:16:30,312] {processor.py:641} INFO - Processing file /opt/airflow/dags/chapter05/10_xcoms_template.py for tasks to queue
[2022-06-26 14:16:30,315] {logging_mixin.py:115} INFO - [2022-06-26 14:16:30,315] {dagbag.py:507} INFO - Filling up the DagBag from /opt/airflow/dags/chapter05/10_xcoms_template.py
[2022-06-26 14:16:30,329] {processor.py:651} INFO - DAG(s) dict_keys(['10_xcoms_template']) retrieved from /opt/airflow/dags/chapter05/10_xcoms_template.py
[2022-06-26 14:16:30,352] {logging_mixin.py:115} INFO - [2022-06-26 14:16:30,352] {dag.py:2371} INFO - Sync 1 DAGs
[2022-06-26 14:16:30,470] {logging_mixin.py:115} INFO - [2022-06-26 14:16:30,470] {dag.py:2919} INFO - Setting next_dagrun for 10_xcoms_template to 2022-06-23T00:00:00+00:00, run_after=2022-06-24T00:00:00+00:00
[2022-06-26 14:16:30,480] {processor.py:161} INFO - Processing /opt/airflow/dags/chapter05/10_xcoms_template.py took 0.173 seconds
[2022-06-26 14:17:00,547] {processor.py:153} INFO - Started process (PID=9903) to work on /opt/airflow/dags/chapter05/10_xcoms_template.py
[2022-06-26 14:17:00,549] {processor.py:641} INFO - Processing file /opt/airflow/dags/chapter05/10_xcoms_template.py for tasks to queue
[2022-06-26 14:17:00,551] {logging_mixin.py:115} INFO - [2022-06-26 14:17:00,551] {dagbag.py:507} INFO - Filling up the DagBag from /opt/airflow/dags/chapter05/10_xcoms_template.py
[2022-06-26 14:17:00,561] {processor.py:651} INFO - DAG(s) dict_keys(['10_xcoms_template']) retrieved from /opt/airflow/dags/chapter05/10_xcoms_template.py
[2022-06-26 14:17:00,578] {logging_mixin.py:115} INFO - [2022-06-26 14:17:00,578] {dag.py:2371} INFO - Sync 1 DAGs
[2022-06-26 14:17:00,664] {logging_mixin.py:115} INFO - [2022-06-26 14:17:00,664] {dag.py:2919} INFO - Setting next_dagrun for 10_xcoms_template to 2022-06-23T00:00:00+00:00, run_after=2022-06-24T00:00:00+00:00
[2022-06-26 14:17:00,672] {processor.py:161} INFO - Processing /opt/airflow/dags/chapter05/10_xcoms_template.py took 0.127 seconds
[2022-06-26 14:17:31,207] {processor.py:153} INFO - Started process (PID=10953) to work on /opt/airflow/dags/chapter05/10_xcoms_template.py
[2022-06-26 14:17:31,209] {processor.py:641} INFO - Processing file /opt/airflow/dags/chapter05/10_xcoms_template.py for tasks to queue
[2022-06-26 14:17:31,211] {logging_mixin.py:115} INFO - [2022-06-26 14:17:31,211] {dagbag.py:507} INFO - Filling up the DagBag from /opt/airflow/dags/chapter05/10_xcoms_template.py
[2022-06-26 14:17:31,227] {processor.py:651} INFO - DAG(s) dict_keys(['10_xcoms_template']) retrieved from /opt/airflow/dags/chapter05/10_xcoms_template.py
[2022-06-26 14:17:31,254] {logging_mixin.py:115} INFO - [2022-06-26 14:17:31,254] {dag.py:2371} INFO - Sync 1 DAGs
[2022-06-26 14:17:31,376] {logging_mixin.py:115} INFO - [2022-06-26 14:17:31,376] {dag.py:2919} INFO - Setting next_dagrun for 10_xcoms_template to 2022-06-23T00:00:00+00:00, run_after=2022-06-24T00:00:00+00:00
[2022-06-26 14:17:31,387] {processor.py:161} INFO - Processing /opt/airflow/dags/chapter05/10_xcoms_template.py took 0.183 seconds
[2022-06-26 14:18:01,694] {processor.py:153} INFO - Started process (PID=11404) to work on /opt/airflow/dags/chapter05/10_xcoms_template.py
[2022-06-26 14:18:01,696] {processor.py:641} INFO - Processing file /opt/airflow/dags/chapter05/10_xcoms_template.py for tasks to queue
[2022-06-26 14:18:01,698] {logging_mixin.py:115} INFO - [2022-06-26 14:18:01,698] {dagbag.py:507} INFO - Filling up the DagBag from /opt/airflow/dags/chapter05/10_xcoms_template.py
[2022-06-26 14:18:01,710] {processor.py:651} INFO - DAG(s) dict_keys(['10_xcoms_template']) retrieved from /opt/airflow/dags/chapter05/10_xcoms_template.py
[2022-06-26 14:18:01,732] {logging_mixin.py:115} INFO - [2022-06-26 14:18:01,732] {dag.py:2371} INFO - Sync 1 DAGs
[2022-06-26 14:18:01,845] {logging_mixin.py:115} INFO - [2022-06-26 14:18:01,845] {dag.py:2919} INFO - Setting next_dagrun for 10_xcoms_template to 2022-06-23T00:00:00+00:00, run_after=2022-06-24T00:00:00+00:00
[2022-06-26 14:18:01,858] {processor.py:161} INFO - Processing /opt/airflow/dags/chapter05/10_xcoms_template.py took 0.167 seconds
[2022-06-26 14:18:32,705] {processor.py:153} INFO - Started process (PID=12227) to work on /opt/airflow/dags/chapter05/10_xcoms_template.py
[2022-06-26 14:18:32,707] {processor.py:641} INFO - Processing file /opt/airflow/dags/chapter05/10_xcoms_template.py for tasks to queue
[2022-06-26 14:18:32,709] {logging_mixin.py:115} INFO - [2022-06-26 14:18:32,709] {dagbag.py:507} INFO - Filling up the DagBag from /opt/airflow/dags/chapter05/10_xcoms_template.py
[2022-06-26 14:18:32,720] {processor.py:651} INFO - DAG(s) dict_keys(['10_xcoms_template']) retrieved from /opt/airflow/dags/chapter05/10_xcoms_template.py
[2022-06-26 14:18:32,739] {logging_mixin.py:115} INFO - [2022-06-26 14:18:32,739] {dag.py:2371} INFO - Sync 1 DAGs
[2022-06-26 14:18:32,846] {logging_mixin.py:115} INFO - [2022-06-26 14:18:32,846] {dag.py:2919} INFO - Setting next_dagrun for 10_xcoms_template to 2022-06-23T00:00:00+00:00, run_after=2022-06-24T00:00:00+00:00
[2022-06-26 14:18:32,854] {processor.py:161} INFO - Processing /opt/airflow/dags/chapter05/10_xcoms_template.py took 0.152 seconds
[2022-06-26 14:19:03,587] {processor.py:153} INFO - Started process (PID=12607) to work on /opt/airflow/dags/chapter05/10_xcoms_template.py
[2022-06-26 14:19:03,593] {processor.py:641} INFO - Processing file /opt/airflow/dags/chapter05/10_xcoms_template.py for tasks to queue
[2022-06-26 14:19:03,595] {logging_mixin.py:115} INFO - [2022-06-26 14:19:03,595] {dagbag.py:507} INFO - Filling up the DagBag from /opt/airflow/dags/chapter05/10_xcoms_template.py
[2022-06-26 14:19:03,616] {processor.py:651} INFO - DAG(s) dict_keys(['10_xcoms_template']) retrieved from /opt/airflow/dags/chapter05/10_xcoms_template.py
[2022-06-26 14:19:03,646] {logging_mixin.py:115} INFO - [2022-06-26 14:19:03,646] {dag.py:2371} INFO - Sync 1 DAGs
[2022-06-26 14:19:03,748] {logging_mixin.py:115} INFO - [2022-06-26 14:19:03,748] {dag.py:2919} INFO - Setting next_dagrun for 10_xcoms_template to 2022-06-23T00:00:00+00:00, run_after=2022-06-24T00:00:00+00:00
[2022-06-26 14:19:03,756] {processor.py:161} INFO - Processing /opt/airflow/dags/chapter05/10_xcoms_template.py took 0.174 seconds
[2022-06-26 14:19:34,460] {processor.py:153} INFO - Started process (PID=13588) to work on /opt/airflow/dags/chapter05/10_xcoms_template.py
[2022-06-26 14:19:34,463] {processor.py:641} INFO - Processing file /opt/airflow/dags/chapter05/10_xcoms_template.py for tasks to queue
[2022-06-26 14:19:34,466] {logging_mixin.py:115} INFO - [2022-06-26 14:19:34,466] {dagbag.py:507} INFO - Filling up the DagBag from /opt/airflow/dags/chapter05/10_xcoms_template.py
[2022-06-26 14:19:34,486] {processor.py:651} INFO - DAG(s) dict_keys(['10_xcoms_template']) retrieved from /opt/airflow/dags/chapter05/10_xcoms_template.py
[2022-06-26 14:19:34,512] {logging_mixin.py:115} INFO - [2022-06-26 14:19:34,512] {dag.py:2371} INFO - Sync 1 DAGs
[2022-06-26 14:19:34,630] {logging_mixin.py:115} INFO - [2022-06-26 14:19:34,629] {dag.py:2919} INFO - Setting next_dagrun for 10_xcoms_template to 2022-06-23T00:00:00+00:00, run_after=2022-06-24T00:00:00+00:00
[2022-06-26 14:19:34,648] {processor.py:161} INFO - Processing /opt/airflow/dags/chapter05/10_xcoms_template.py took 0.195 seconds
[2022-06-26 14:20:05,419] {processor.py:153} INFO - Started process (PID=14560) to work on /opt/airflow/dags/chapter05/10_xcoms_template.py
[2022-06-26 14:20:05,422] {processor.py:641} INFO - Processing file /opt/airflow/dags/chapter05/10_xcoms_template.py for tasks to queue
[2022-06-26 14:20:05,423] {logging_mixin.py:115} INFO - [2022-06-26 14:20:05,423] {dagbag.py:507} INFO - Filling up the DagBag from /opt/airflow/dags/chapter05/10_xcoms_template.py
[2022-06-26 14:20:05,434] {processor.py:651} INFO - DAG(s) dict_keys(['10_xcoms_template']) retrieved from /opt/airflow/dags/chapter05/10_xcoms_template.py
[2022-06-26 14:20:05,454] {logging_mixin.py:115} INFO - [2022-06-26 14:20:05,454] {dag.py:2371} INFO - Sync 1 DAGs
[2022-06-26 14:20:05,601] {logging_mixin.py:115} INFO - [2022-06-26 14:20:05,601] {dag.py:2919} INFO - Setting next_dagrun for 10_xcoms_template to 2022-06-23T00:00:00+00:00, run_after=2022-06-24T00:00:00+00:00
[2022-06-26 14:20:05,610] {processor.py:161} INFO - Processing /opt/airflow/dags/chapter05/10_xcoms_template.py took 0.193 seconds
[2022-06-26 14:53:10,266] {processor.py:153} INFO - Started process (PID=14839) to work on /opt/airflow/dags/chapter05/10_xcoms_template.py
[2022-06-26 14:53:10,270] {processor.py:641} INFO - Processing file /opt/airflow/dags/chapter05/10_xcoms_template.py for tasks to queue
[2022-06-26 14:53:10,272] {logging_mixin.py:115} INFO - [2022-06-26 14:53:10,272] {dagbag.py:507} INFO - Filling up the DagBag from /opt/airflow/dags/chapter05/10_xcoms_template.py
[2022-06-26 14:53:10,299] {processor.py:651} INFO - DAG(s) dict_keys(['10_xcoms_template']) retrieved from /opt/airflow/dags/chapter05/10_xcoms_template.py
[2022-06-26 14:53:10,329] {logging_mixin.py:115} INFO - [2022-06-26 14:53:10,329] {dag.py:2371} INFO - Sync 1 DAGs
[2022-06-26 14:53:10,466] {logging_mixin.py:115} INFO - [2022-06-26 14:53:10,466] {dag.py:2919} INFO - Setting next_dagrun for 10_xcoms_template to 2022-06-23T00:00:00+00:00, run_after=2022-06-24T00:00:00+00:00
[2022-06-26 14:53:10,487] {processor.py:161} INFO - Processing /opt/airflow/dags/chapter05/10_xcoms_template.py took 0.224 seconds
[2022-06-26 16:16:01,165] {processor.py:153} INFO - Started process (PID=15211) to work on /opt/airflow/dags/chapter05/10_xcoms_template.py
[2022-06-26 16:16:01,167] {processor.py:641} INFO - Processing file /opt/airflow/dags/chapter05/10_xcoms_template.py for tasks to queue
[2022-06-26 16:16:01,169] {logging_mixin.py:115} INFO - [2022-06-26 16:16:01,169] {dagbag.py:507} INFO - Filling up the DagBag from /opt/airflow/dags/chapter05/10_xcoms_template.py
[2022-06-26 16:16:01,185] {processor.py:651} INFO - DAG(s) dict_keys(['10_xcoms_template']) retrieved from /opt/airflow/dags/chapter05/10_xcoms_template.py
[2022-06-26 16:16:01,335] {logging_mixin.py:115} INFO - [2022-06-26 16:16:01,335] {dag.py:2371} INFO - Sync 1 DAGs
[2022-06-26 16:16:01,361] {logging_mixin.py:115} INFO - [2022-06-26 16:16:01,361] {dag.py:2919} INFO - Setting next_dagrun for 10_xcoms_template to 2022-06-23T00:00:00+00:00, run_after=2022-06-24T00:00:00+00:00
[2022-06-26 16:16:01,373] {processor.py:161} INFO - Processing /opt/airflow/dags/chapter05/10_xcoms_template.py took 0.210 seconds
[2022-06-26 17:21:22,540] {processor.py:153} INFO - Started process (PID=15564) to work on /opt/airflow/dags/chapter05/10_xcoms_template.py
[2022-06-26 17:21:22,543] {processor.py:641} INFO - Processing file /opt/airflow/dags/chapter05/10_xcoms_template.py for tasks to queue
[2022-06-26 17:21:22,547] {logging_mixin.py:115} INFO - [2022-06-26 17:21:22,546] {dagbag.py:507} INFO - Filling up the DagBag from /opt/airflow/dags/chapter05/10_xcoms_template.py
[2022-06-26 17:21:22,563] {processor.py:651} INFO - DAG(s) dict_keys(['10_xcoms_template']) retrieved from /opt/airflow/dags/chapter05/10_xcoms_template.py
[2022-06-26 17:21:22,714] {logging_mixin.py:115} INFO - [2022-06-26 17:21:22,714] {dag.py:2371} INFO - Sync 1 DAGs
[2022-06-26 17:21:22,735] {logging_mixin.py:115} INFO - [2022-06-26 17:21:22,735] {dag.py:2919} INFO - Setting next_dagrun for 10_xcoms_template to 2022-06-23T00:00:00+00:00, run_after=2022-06-24T00:00:00+00:00
[2022-06-26 17:21:22,751] {processor.py:161} INFO - Processing /opt/airflow/dags/chapter05/10_xcoms_template.py took 0.214 seconds
[2022-06-26 18:41:38,745] {processor.py:153} INFO - Started process (PID=15927) to work on /opt/airflow/dags/chapter05/10_xcoms_template.py
[2022-06-26 18:41:38,748] {processor.py:641} INFO - Processing file /opt/airflow/dags/chapter05/10_xcoms_template.py for tasks to queue
[2022-06-26 18:41:38,751] {logging_mixin.py:115} INFO - [2022-06-26 18:41:38,751] {dagbag.py:507} INFO - Filling up the DagBag from /opt/airflow/dags/chapter05/10_xcoms_template.py
[2022-06-26 18:41:38,901] {processor.py:651} INFO - DAG(s) dict_keys(['10_xcoms_template']) retrieved from /opt/airflow/dags/chapter05/10_xcoms_template.py
[2022-06-26 18:41:38,921] {logging_mixin.py:115} INFO - [2022-06-26 18:41:38,921] {dag.py:2371} INFO - Sync 1 DAGs
[2022-06-26 18:41:38,936] {logging_mixin.py:115} INFO - [2022-06-26 18:41:38,936] {dag.py:2919} INFO - Setting next_dagrun for 10_xcoms_template to 2022-06-23T00:00:00+00:00, run_after=2022-06-24T00:00:00+00:00
[2022-06-26 18:41:38,946] {processor.py:161} INFO - Processing /opt/airflow/dags/chapter05/10_xcoms_template.py took 0.204 seconds
[2022-06-26 20:03:40,047] {processor.py:153} INFO - Started process (PID=16202) to work on /opt/airflow/dags/chapter05/10_xcoms_template.py
[2022-06-26 20:03:40,049] {processor.py:641} INFO - Processing file /opt/airflow/dags/chapter05/10_xcoms_template.py for tasks to queue
[2022-06-26 20:03:40,051] {logging_mixin.py:115} INFO - [2022-06-26 20:03:40,051] {dagbag.py:507} INFO - Filling up the DagBag from /opt/airflow/dags/chapter05/10_xcoms_template.py
[2022-06-26 20:03:40,083] {processor.py:651} INFO - DAG(s) dict_keys(['10_xcoms_template']) retrieved from /opt/airflow/dags/chapter05/10_xcoms_template.py
[2022-06-26 20:03:40,113] {logging_mixin.py:115} INFO - [2022-06-26 20:03:40,113] {dag.py:2371} INFO - Sync 1 DAGs
[2022-06-26 20:03:40,137] {logging_mixin.py:115} INFO - [2022-06-26 20:03:40,137] {dag.py:2919} INFO - Setting next_dagrun for 10_xcoms_template to 2022-06-23T00:00:00+00:00, run_after=2022-06-24T00:00:00+00:00
[2022-06-26 20:03:40,152] {processor.py:161} INFO - Processing /opt/airflow/dags/chapter05/10_xcoms_template.py took 0.109 seconds
[2022-06-26 21:23:33,229] {processor.py:153} INFO - Started process (PID=16482) to work on /opt/airflow/dags/chapter05/10_xcoms_template.py
[2022-06-26 21:23:33,237] {processor.py:641} INFO - Processing file /opt/airflow/dags/chapter05/10_xcoms_template.py for tasks to queue
[2022-06-26 21:23:33,241] {logging_mixin.py:115} INFO - [2022-06-26 21:23:33,240] {dagbag.py:507} INFO - Filling up the DagBag from /opt/airflow/dags/chapter05/10_xcoms_template.py
[2022-06-26 21:23:33,304] {processor.py:651} INFO - DAG(s) dict_keys(['10_xcoms_template']) retrieved from /opt/airflow/dags/chapter05/10_xcoms_template.py
[2022-06-26 21:23:33,359] {logging_mixin.py:115} INFO - [2022-06-26 21:23:33,359] {dag.py:2371} INFO - Sync 1 DAGs
[2022-06-26 21:23:33,397] {logging_mixin.py:115} INFO - [2022-06-26 21:23:33,397] {dag.py:2919} INFO - Setting next_dagrun for 10_xcoms_template to 2022-06-23T00:00:00+00:00, run_after=2022-06-24T00:00:00+00:00
[2022-06-26 21:23:33,428] {processor.py:161} INFO - Processing /opt/airflow/dags/chapter05/10_xcoms_template.py took 0.208 seconds
[2022-06-26 22:29:32,618] {processor.py:153} INFO - Started process (PID=16769) to work on /opt/airflow/dags/chapter05/10_xcoms_template.py
[2022-06-26 22:29:32,621] {processor.py:641} INFO - Processing file /opt/airflow/dags/chapter05/10_xcoms_template.py for tasks to queue
[2022-06-26 22:29:32,623] {logging_mixin.py:115} INFO - [2022-06-26 22:29:32,623] {dagbag.py:507} INFO - Filling up the DagBag from /opt/airflow/dags/chapter05/10_xcoms_template.py
[2022-06-26 22:29:32,651] {processor.py:651} INFO - DAG(s) dict_keys(['10_xcoms_template']) retrieved from /opt/airflow/dags/chapter05/10_xcoms_template.py
[2022-06-26 22:29:32,686] {logging_mixin.py:115} INFO - [2022-06-26 22:29:32,686] {dag.py:2371} INFO - Sync 1 DAGs
[2022-06-26 22:29:32,708] {logging_mixin.py:115} INFO - [2022-06-26 22:29:32,708] {dag.py:2919} INFO - Setting next_dagrun for 10_xcoms_template to 2022-06-23T00:00:00+00:00, run_after=2022-06-24T00:00:00+00:00
[2022-06-26 22:29:32,726] {processor.py:161} INFO - Processing /opt/airflow/dags/chapter05/10_xcoms_template.py took 0.111 seconds
[2022-06-26 23:11:57,796] {processor.py:153} INFO - Started process (PID=17074) to work on /opt/airflow/dags/chapter05/10_xcoms_template.py
[2022-06-26 23:11:57,799] {processor.py:641} INFO - Processing file /opt/airflow/dags/chapter05/10_xcoms_template.py for tasks to queue
[2022-06-26 23:11:57,802] {logging_mixin.py:115} INFO - [2022-06-26 23:11:57,802] {dagbag.py:507} INFO - Filling up the DagBag from /opt/airflow/dags/chapter05/10_xcoms_template.py
[2022-06-26 23:11:57,820] {processor.py:651} INFO - DAG(s) dict_keys(['10_xcoms_template']) retrieved from /opt/airflow/dags/chapter05/10_xcoms_template.py
[2022-06-26 23:11:57,849] {logging_mixin.py:115} INFO - [2022-06-26 23:11:57,848] {dag.py:2371} INFO - Sync 1 DAGs
[2022-06-26 23:11:57,870] {logging_mixin.py:115} INFO - [2022-06-26 23:11:57,870] {dag.py:2919} INFO - Setting next_dagrun for 10_xcoms_template to 2022-06-23T00:00:00+00:00, run_after=2022-06-24T00:00:00+00:00
[2022-06-26 23:11:57,902] {processor.py:161} INFO - Processing /opt/airflow/dags/chapter05/10_xcoms_template.py took 0.108 seconds
[2022-06-26 23:12:28,806] {processor.py:153} INFO - Started process (PID=17368) to work on /opt/airflow/dags/chapter05/10_xcoms_template.py
[2022-06-26 23:12:28,809] {processor.py:641} INFO - Processing file /opt/airflow/dags/chapter05/10_xcoms_template.py for tasks to queue
[2022-06-26 23:12:28,812] {logging_mixin.py:115} INFO - [2022-06-26 23:12:28,812] {dagbag.py:507} INFO - Filling up the DagBag from /opt/airflow/dags/chapter05/10_xcoms_template.py
[2022-06-26 23:12:28,825] {processor.py:651} INFO - DAG(s) dict_keys(['10_xcoms_template']) retrieved from /opt/airflow/dags/chapter05/10_xcoms_template.py
[2022-06-26 23:12:28,847] {logging_mixin.py:115} INFO - [2022-06-26 23:12:28,847] {dag.py:2371} INFO - Sync 1 DAGs
[2022-06-26 23:12:28,865] {logging_mixin.py:115} INFO - [2022-06-26 23:12:28,865] {dag.py:2919} INFO - Setting next_dagrun for 10_xcoms_template to 2022-06-23T00:00:00+00:00, run_after=2022-06-24T00:00:00+00:00
[2022-06-26 23:12:28,874] {processor.py:161} INFO - Processing /opt/airflow/dags/chapter05/10_xcoms_template.py took 0.071 seconds
[2022-06-26 23:12:59,609] {processor.py:153} INFO - Started process (PID=17641) to work on /opt/airflow/dags/chapter05/10_xcoms_template.py
[2022-06-26 23:12:59,611] {processor.py:641} INFO - Processing file /opt/airflow/dags/chapter05/10_xcoms_template.py for tasks to queue
[2022-06-26 23:12:59,613] {logging_mixin.py:115} INFO - [2022-06-26 23:12:59,613] {dagbag.py:507} INFO - Filling up the DagBag from /opt/airflow/dags/chapter05/10_xcoms_template.py
[2022-06-26 23:12:59,629] {processor.py:651} INFO - DAG(s) dict_keys(['10_xcoms_template']) retrieved from /opt/airflow/dags/chapter05/10_xcoms_template.py
[2022-06-26 23:12:59,650] {logging_mixin.py:115} INFO - [2022-06-26 23:12:59,650] {dag.py:2371} INFO - Sync 1 DAGs
[2022-06-26 23:12:59,664] {logging_mixin.py:115} INFO - [2022-06-26 23:12:59,664] {dag.py:2919} INFO - Setting next_dagrun for 10_xcoms_template to 2022-06-23T00:00:00+00:00, run_after=2022-06-24T00:00:00+00:00
[2022-06-26 23:12:59,672] {processor.py:161} INFO - Processing /opt/airflow/dags/chapter05/10_xcoms_template.py took 0.066 seconds
[2022-06-26 23:31:50,595] {processor.py:153} INFO - Started process (PID=17909) to work on /opt/airflow/dags/chapter05/10_xcoms_template.py
[2022-06-26 23:31:50,606] {processor.py:641} INFO - Processing file /opt/airflow/dags/chapter05/10_xcoms_template.py for tasks to queue
[2022-06-26 23:31:50,611] {logging_mixin.py:115} INFO - [2022-06-26 23:31:50,611] {dagbag.py:507} INFO - Filling up the DagBag from /opt/airflow/dags/chapter05/10_xcoms_template.py
[2022-06-26 23:31:50,651] {processor.py:651} INFO - DAG(s) dict_keys(['10_xcoms_template']) retrieved from /opt/airflow/dags/chapter05/10_xcoms_template.py
[2022-06-26 23:31:50,698] {logging_mixin.py:115} INFO - [2022-06-26 23:31:50,698] {dag.py:2371} INFO - Sync 1 DAGs
[2022-06-26 23:31:50,719] {logging_mixin.py:115} INFO - [2022-06-26 23:31:50,719] {dag.py:2919} INFO - Setting next_dagrun for 10_xcoms_template to 2022-06-23T00:00:00+00:00, run_after=2022-06-24T00:00:00+00:00
[2022-06-26 23:31:50,733] {processor.py:161} INFO - Processing /opt/airflow/dags/chapter05/10_xcoms_template.py took 0.142 seconds
