[2022-06-26 13:37:32,539] {processor.py:153} INFO - Started process (PID=65) to work on /opt/airflow/dags/chapter05/5_3_trigger_rule.py
[2022-06-26 13:37:32,542] {processor.py:641} INFO - Processing file /opt/airflow/dags/chapter05/5_3_trigger_rule.py for tasks to queue
[2022-06-26 13:37:32,547] {logging_mixin.py:115} INFO - [2022-06-26 13:37:32,547] {dagbag.py:507} INFO - Filling up the DagBag from /opt/airflow/dags/chapter05/5_3_trigger_rule.py
[2022-06-26 13:37:32,593] {processor.py:651} INFO - DAG(s) dict_keys(['04_branch_dag_join']) retrieved from /opt/airflow/dags/chapter05/5_3_trigger_rule.py
[2022-06-26 13:37:32,744] {logging_mixin.py:115} INFO - [2022-06-26 13:37:32,744] {manager.py:508} INFO - Created Permission View: can read on DAG:04_branch_dag_join
[2022-06-26 13:37:32,759] {logging_mixin.py:115} INFO - [2022-06-26 13:37:32,759] {manager.py:508} INFO - Created Permission View: can edit on DAG:04_branch_dag_join
[2022-06-26 13:37:32,772] {logging_mixin.py:115} INFO - [2022-06-26 13:37:32,772] {manager.py:508} INFO - Created Permission View: can delete on DAG:04_branch_dag_join
[2022-06-26 13:37:32,774] {logging_mixin.py:115} INFO - [2022-06-26 13:37:32,774] {dag.py:2371} INFO - Sync 1 DAGs
[2022-06-26 13:37:32,792] {logging_mixin.py:115} INFO - [2022-06-26 13:37:32,792] {dag.py:2390} INFO - Creating ORM DAG for 04_branch_dag_join
[2022-06-26 13:37:33,021] {logging_mixin.py:115} INFO - [2022-06-26 13:37:33,021] {dag.py:2919} INFO - Setting next_dagrun for 04_branch_dag_join to 2022-06-23T00:00:00+00:00, run_after=2022-06-24T00:00:00+00:00
[2022-06-26 13:37:33,046] {processor.py:161} INFO - Processing /opt/airflow/dags/chapter05/5_3_trigger_rule.py took 0.512 seconds
[2022-06-26 13:38:03,165] {processor.py:153} INFO - Started process (PID=126) to work on /opt/airflow/dags/chapter05/5_3_trigger_rule.py
[2022-06-26 13:38:03,167] {processor.py:641} INFO - Processing file /opt/airflow/dags/chapter05/5_3_trigger_rule.py for tasks to queue
[2022-06-26 13:38:03,168] {logging_mixin.py:115} INFO - [2022-06-26 13:38:03,168] {dagbag.py:507} INFO - Filling up the DagBag from /opt/airflow/dags/chapter05/5_3_trigger_rule.py
[2022-06-26 13:38:03,186] {processor.py:651} INFO - DAG(s) dict_keys(['04_branch_dag_join']) retrieved from /opt/airflow/dags/chapter05/5_3_trigger_rule.py
[2022-06-26 13:38:03,205] {logging_mixin.py:115} INFO - [2022-06-26 13:38:03,205] {dag.py:2371} INFO - Sync 1 DAGs
[2022-06-26 13:38:03,220] {logging_mixin.py:115} INFO - [2022-06-26 13:38:03,220] {dag.py:2919} INFO - Setting next_dagrun for 04_branch_dag_join to 2022-06-23T00:00:00+00:00, run_after=2022-06-24T00:00:00+00:00
[2022-06-26 13:38:03,229] {processor.py:161} INFO - Processing /opt/airflow/dags/chapter05/5_3_trigger_rule.py took 0.066 seconds
[2022-06-26 13:38:33,792] {processor.py:153} INFO - Started process (PID=177) to work on /opt/airflow/dags/chapter05/5_3_trigger_rule.py
[2022-06-26 13:38:33,793] {processor.py:641} INFO - Processing file /opt/airflow/dags/chapter05/5_3_trigger_rule.py for tasks to queue
[2022-06-26 13:38:33,795] {logging_mixin.py:115} INFO - [2022-06-26 13:38:33,795] {dagbag.py:507} INFO - Filling up the DagBag from /opt/airflow/dags/chapter05/5_3_trigger_rule.py
[2022-06-26 13:38:33,809] {processor.py:651} INFO - DAG(s) dict_keys(['04_branch_dag_join']) retrieved from /opt/airflow/dags/chapter05/5_3_trigger_rule.py
[2022-06-26 13:38:33,829] {logging_mixin.py:115} INFO - [2022-06-26 13:38:33,828] {dag.py:2371} INFO - Sync 1 DAGs
[2022-06-26 13:38:33,844] {logging_mixin.py:115} INFO - [2022-06-26 13:38:33,844] {dag.py:2919} INFO - Setting next_dagrun for 04_branch_dag_join to 2022-06-23T00:00:00+00:00, run_after=2022-06-24T00:00:00+00:00
[2022-06-26 13:38:33,852] {processor.py:161} INFO - Processing /opt/airflow/dags/chapter05/5_3_trigger_rule.py took 0.065 seconds
[2022-06-26 13:39:04,467] {processor.py:153} INFO - Started process (PID=239) to work on /opt/airflow/dags/chapter05/5_3_trigger_rule.py
[2022-06-26 13:39:04,469] {processor.py:641} INFO - Processing file /opt/airflow/dags/chapter05/5_3_trigger_rule.py for tasks to queue
[2022-06-26 13:39:04,470] {logging_mixin.py:115} INFO - [2022-06-26 13:39:04,470] {dagbag.py:507} INFO - Filling up the DagBag from /opt/airflow/dags/chapter05/5_3_trigger_rule.py
[2022-06-26 13:39:04,480] {processor.py:651} INFO - DAG(s) dict_keys(['04_branch_dag_join']) retrieved from /opt/airflow/dags/chapter05/5_3_trigger_rule.py
[2022-06-26 13:39:04,500] {logging_mixin.py:115} INFO - [2022-06-26 13:39:04,500] {dag.py:2371} INFO - Sync 1 DAGs
[2022-06-26 13:39:04,517] {logging_mixin.py:115} INFO - [2022-06-26 13:39:04,517] {dag.py:2919} INFO - Setting next_dagrun for 04_branch_dag_join to 2022-06-23T00:00:00+00:00, run_after=2022-06-24T00:00:00+00:00
[2022-06-26 13:39:04,524] {processor.py:161} INFO - Processing /opt/airflow/dags/chapter05/5_3_trigger_rule.py took 0.062 seconds
[2022-06-26 13:39:34,612] {processor.py:153} INFO - Started process (PID=300) to work on /opt/airflow/dags/chapter05/5_3_trigger_rule.py
[2022-06-26 13:39:34,613] {processor.py:641} INFO - Processing file /opt/airflow/dags/chapter05/5_3_trigger_rule.py for tasks to queue
[2022-06-26 13:39:34,614] {logging_mixin.py:115} INFO - [2022-06-26 13:39:34,614] {dagbag.py:507} INFO - Filling up the DagBag from /opt/airflow/dags/chapter05/5_3_trigger_rule.py
[2022-06-26 13:39:34,628] {processor.py:651} INFO - DAG(s) dict_keys(['04_branch_dag_join']) retrieved from /opt/airflow/dags/chapter05/5_3_trigger_rule.py
[2022-06-26 13:39:34,653] {logging_mixin.py:115} INFO - [2022-06-26 13:39:34,653] {dag.py:2371} INFO - Sync 1 DAGs
[2022-06-26 13:39:34,716] {logging_mixin.py:115} INFO - [2022-06-26 13:39:34,716] {dag.py:2919} INFO - Setting next_dagrun for 04_branch_dag_join to 2022-06-23T00:00:00+00:00, run_after=2022-06-24T00:00:00+00:00
[2022-06-26 13:39:34,732] {processor.py:161} INFO - Processing /opt/airflow/dags/chapter05/5_3_trigger_rule.py took 0.125 seconds
[2022-06-26 13:40:05,109] {processor.py:153} INFO - Started process (PID=360) to work on /opt/airflow/dags/chapter05/5_3_trigger_rule.py
[2022-06-26 13:40:05,113] {processor.py:641} INFO - Processing file /opt/airflow/dags/chapter05/5_3_trigger_rule.py for tasks to queue
[2022-06-26 13:40:05,119] {logging_mixin.py:115} INFO - [2022-06-26 13:40:05,119] {dagbag.py:507} INFO - Filling up the DagBag from /opt/airflow/dags/chapter05/5_3_trigger_rule.py
[2022-06-26 13:40:05,138] {processor.py:651} INFO - DAG(s) dict_keys(['04_branch_dag_join']) retrieved from /opt/airflow/dags/chapter05/5_3_trigger_rule.py
[2022-06-26 13:40:05,157] {logging_mixin.py:115} INFO - [2022-06-26 13:40:05,157] {dag.py:2371} INFO - Sync 1 DAGs
[2022-06-26 13:40:05,174] {logging_mixin.py:115} INFO - [2022-06-26 13:40:05,173] {dag.py:2919} INFO - Setting next_dagrun for 04_branch_dag_join to 2022-06-23T00:00:00+00:00, run_after=2022-06-24T00:00:00+00:00
[2022-06-26 13:40:05,181] {processor.py:161} INFO - Processing /opt/airflow/dags/chapter05/5_3_trigger_rule.py took 0.074 seconds
[2022-06-26 13:40:35,926] {processor.py:153} INFO - Started process (PID=422) to work on /opt/airflow/dags/chapter05/5_3_trigger_rule.py
[2022-06-26 13:40:35,927] {processor.py:641} INFO - Processing file /opt/airflow/dags/chapter05/5_3_trigger_rule.py for tasks to queue
[2022-06-26 13:40:35,929] {logging_mixin.py:115} INFO - [2022-06-26 13:40:35,928] {dagbag.py:507} INFO - Filling up the DagBag from /opt/airflow/dags/chapter05/5_3_trigger_rule.py
[2022-06-26 13:40:35,945] {processor.py:651} INFO - DAG(s) dict_keys(['04_branch_dag_join']) retrieved from /opt/airflow/dags/chapter05/5_3_trigger_rule.py
[2022-06-26 13:40:35,976] {logging_mixin.py:115} INFO - [2022-06-26 13:40:35,976] {dag.py:2371} INFO - Sync 1 DAGs
[2022-06-26 13:40:36,004] {logging_mixin.py:115} INFO - [2022-06-26 13:40:36,004] {dag.py:2919} INFO - Setting next_dagrun for 04_branch_dag_join to 2022-06-23T00:00:00+00:00, run_after=2022-06-24T00:00:00+00:00
[2022-06-26 13:40:36,021] {processor.py:161} INFO - Processing /opt/airflow/dags/chapter05/5_3_trigger_rule.py took 0.100 seconds
[2022-06-26 13:41:06,831] {processor.py:153} INFO - Started process (PID=486) to work on /opt/airflow/dags/chapter05/5_3_trigger_rule.py
[2022-06-26 13:41:06,834] {processor.py:641} INFO - Processing file /opt/airflow/dags/chapter05/5_3_trigger_rule.py for tasks to queue
[2022-06-26 13:41:06,836] {logging_mixin.py:115} INFO - [2022-06-26 13:41:06,835] {dagbag.py:507} INFO - Filling up the DagBag from /opt/airflow/dags/chapter05/5_3_trigger_rule.py
[2022-06-26 13:41:06,847] {processor.py:651} INFO - DAG(s) dict_keys(['04_branch_dag_join']) retrieved from /opt/airflow/dags/chapter05/5_3_trigger_rule.py
[2022-06-26 13:41:06,871] {logging_mixin.py:115} INFO - [2022-06-26 13:41:06,871] {dag.py:2371} INFO - Sync 1 DAGs
[2022-06-26 13:41:06,889] {logging_mixin.py:115} INFO - [2022-06-26 13:41:06,889] {dag.py:2919} INFO - Setting next_dagrun for 04_branch_dag_join to 2022-06-23T00:00:00+00:00, run_after=2022-06-24T00:00:00+00:00
[2022-06-26 13:41:06,900] {processor.py:161} INFO - Processing /opt/airflow/dags/chapter05/5_3_trigger_rule.py took 0.073 seconds
[2022-06-26 13:41:37,512] {processor.py:153} INFO - Started process (PID=537) to work on /opt/airflow/dags/chapter05/5_3_trigger_rule.py
[2022-06-26 13:41:37,514] {processor.py:641} INFO - Processing file /opt/airflow/dags/chapter05/5_3_trigger_rule.py for tasks to queue
[2022-06-26 13:41:37,516] {logging_mixin.py:115} INFO - [2022-06-26 13:41:37,516] {dagbag.py:507} INFO - Filling up the DagBag from /opt/airflow/dags/chapter05/5_3_trigger_rule.py
[2022-06-26 13:41:37,530] {processor.py:651} INFO - DAG(s) dict_keys(['04_branch_dag_join']) retrieved from /opt/airflow/dags/chapter05/5_3_trigger_rule.py
[2022-06-26 13:41:37,552] {logging_mixin.py:115} INFO - [2022-06-26 13:41:37,552] {dag.py:2371} INFO - Sync 1 DAGs
[2022-06-26 13:41:37,568] {logging_mixin.py:115} INFO - [2022-06-26 13:41:37,568] {dag.py:2919} INFO - Setting next_dagrun for 04_branch_dag_join to 2022-06-23T00:00:00+00:00, run_after=2022-06-24T00:00:00+00:00
[2022-06-26 13:41:37,580] {processor.py:161} INFO - Processing /opt/airflow/dags/chapter05/5_3_trigger_rule.py took 0.074 seconds
[2022-06-26 13:42:08,220] {processor.py:153} INFO - Started process (PID=603) to work on /opt/airflow/dags/chapter05/5_3_trigger_rule.py
[2022-06-26 13:42:08,221] {processor.py:641} INFO - Processing file /opt/airflow/dags/chapter05/5_3_trigger_rule.py for tasks to queue
[2022-06-26 13:42:08,222] {logging_mixin.py:115} INFO - [2022-06-26 13:42:08,222] {dagbag.py:507} INFO - Filling up the DagBag from /opt/airflow/dags/chapter05/5_3_trigger_rule.py
[2022-06-26 13:42:08,236] {processor.py:651} INFO - DAG(s) dict_keys(['04_branch_dag_join']) retrieved from /opt/airflow/dags/chapter05/5_3_trigger_rule.py
[2022-06-26 13:42:08,256] {logging_mixin.py:115} INFO - [2022-06-26 13:42:08,256] {dag.py:2371} INFO - Sync 1 DAGs
[2022-06-26 13:42:08,271] {logging_mixin.py:115} INFO - [2022-06-26 13:42:08,271] {dag.py:2919} INFO - Setting next_dagrun for 04_branch_dag_join to 2022-06-23T00:00:00+00:00, run_after=2022-06-24T00:00:00+00:00
[2022-06-26 13:42:08,278] {processor.py:161} INFO - Processing /opt/airflow/dags/chapter05/5_3_trigger_rule.py took 0.063 seconds
[2022-06-26 13:42:39,050] {processor.py:153} INFO - Started process (PID=664) to work on /opt/airflow/dags/chapter05/5_3_trigger_rule.py
[2022-06-26 13:42:39,052] {processor.py:641} INFO - Processing file /opt/airflow/dags/chapter05/5_3_trigger_rule.py for tasks to queue
[2022-06-26 13:42:39,053] {logging_mixin.py:115} INFO - [2022-06-26 13:42:39,053] {dagbag.py:507} INFO - Filling up the DagBag from /opt/airflow/dags/chapter05/5_3_trigger_rule.py
[2022-06-26 13:42:39,065] {processor.py:651} INFO - DAG(s) dict_keys(['04_branch_dag_join']) retrieved from /opt/airflow/dags/chapter05/5_3_trigger_rule.py
[2022-06-26 13:42:39,088] {logging_mixin.py:115} INFO - [2022-06-26 13:42:39,088] {dag.py:2371} INFO - Sync 1 DAGs
[2022-06-26 13:42:39,102] {logging_mixin.py:115} INFO - [2022-06-26 13:42:39,102] {dag.py:2919} INFO - Setting next_dagrun for 04_branch_dag_join to 2022-06-23T00:00:00+00:00, run_after=2022-06-24T00:00:00+00:00
[2022-06-26 13:42:39,111] {processor.py:161} INFO - Processing /opt/airflow/dags/chapter05/5_3_trigger_rule.py took 0.063 seconds
[2022-06-26 13:43:09,796] {processor.py:153} INFO - Started process (PID=725) to work on /opt/airflow/dags/chapter05/5_3_trigger_rule.py
[2022-06-26 13:43:09,797] {processor.py:641} INFO - Processing file /opt/airflow/dags/chapter05/5_3_trigger_rule.py for tasks to queue
[2022-06-26 13:43:09,799] {logging_mixin.py:115} INFO - [2022-06-26 13:43:09,799] {dagbag.py:507} INFO - Filling up the DagBag from /opt/airflow/dags/chapter05/5_3_trigger_rule.py
[2022-06-26 13:43:09,813] {processor.py:651} INFO - DAG(s) dict_keys(['04_branch_dag_join']) retrieved from /opt/airflow/dags/chapter05/5_3_trigger_rule.py
[2022-06-26 13:43:09,843] {logging_mixin.py:115} INFO - [2022-06-26 13:43:09,843] {dag.py:2371} INFO - Sync 1 DAGs
[2022-06-26 13:43:09,859] {logging_mixin.py:115} INFO - [2022-06-26 13:43:09,859] {dag.py:2919} INFO - Setting next_dagrun for 04_branch_dag_join to 2022-06-23T00:00:00+00:00, run_after=2022-06-24T00:00:00+00:00
[2022-06-26 13:43:09,868] {processor.py:161} INFO - Processing /opt/airflow/dags/chapter05/5_3_trigger_rule.py took 0.075 seconds
[2022-06-26 13:43:40,449] {processor.py:153} INFO - Started process (PID=786) to work on /opt/airflow/dags/chapter05/5_3_trigger_rule.py
[2022-06-26 13:43:40,450] {processor.py:641} INFO - Processing file /opt/airflow/dags/chapter05/5_3_trigger_rule.py for tasks to queue
[2022-06-26 13:43:40,452] {logging_mixin.py:115} INFO - [2022-06-26 13:43:40,451] {dagbag.py:507} INFO - Filling up the DagBag from /opt/airflow/dags/chapter05/5_3_trigger_rule.py
[2022-06-26 13:43:40,463] {processor.py:651} INFO - DAG(s) dict_keys(['04_branch_dag_join']) retrieved from /opt/airflow/dags/chapter05/5_3_trigger_rule.py
[2022-06-26 13:43:40,484] {logging_mixin.py:115} INFO - [2022-06-26 13:43:40,483] {dag.py:2371} INFO - Sync 1 DAGs
[2022-06-26 13:43:40,498] {logging_mixin.py:115} INFO - [2022-06-26 13:43:40,498] {dag.py:2919} INFO - Setting next_dagrun for 04_branch_dag_join to 2022-06-23T00:00:00+00:00, run_after=2022-06-24T00:00:00+00:00
[2022-06-26 13:43:40,506] {processor.py:161} INFO - Processing /opt/airflow/dags/chapter05/5_3_trigger_rule.py took 0.059 seconds
[2022-06-26 13:44:10,824] {processor.py:153} INFO - Started process (PID=846) to work on /opt/airflow/dags/chapter05/5_3_trigger_rule.py
[2022-06-26 13:44:10,826] {processor.py:641} INFO - Processing file /opt/airflow/dags/chapter05/5_3_trigger_rule.py for tasks to queue
[2022-06-26 13:44:10,828] {logging_mixin.py:115} INFO - [2022-06-26 13:44:10,828] {dagbag.py:507} INFO - Filling up the DagBag from /opt/airflow/dags/chapter05/5_3_trigger_rule.py
[2022-06-26 13:44:10,840] {processor.py:651} INFO - DAG(s) dict_keys(['04_branch_dag_join']) retrieved from /opt/airflow/dags/chapter05/5_3_trigger_rule.py
[2022-06-26 13:44:10,859] {logging_mixin.py:115} INFO - [2022-06-26 13:44:10,859] {dag.py:2371} INFO - Sync 1 DAGs
[2022-06-26 13:44:10,872] {logging_mixin.py:115} INFO - [2022-06-26 13:44:10,872] {dag.py:2919} INFO - Setting next_dagrun for 04_branch_dag_join to 2022-06-23T00:00:00+00:00, run_after=2022-06-24T00:00:00+00:00
[2022-06-26 13:44:10,881] {processor.py:161} INFO - Processing /opt/airflow/dags/chapter05/5_3_trigger_rule.py took 0.059 seconds
[2022-06-26 13:44:41,817] {processor.py:153} INFO - Started process (PID=907) to work on /opt/airflow/dags/chapter05/5_3_trigger_rule.py
[2022-06-26 13:44:41,819] {processor.py:641} INFO - Processing file /opt/airflow/dags/chapter05/5_3_trigger_rule.py for tasks to queue
[2022-06-26 13:44:41,822] {logging_mixin.py:115} INFO - [2022-06-26 13:44:41,822] {dagbag.py:507} INFO - Filling up the DagBag from /opt/airflow/dags/chapter05/5_3_trigger_rule.py
[2022-06-26 13:44:41,837] {processor.py:651} INFO - DAG(s) dict_keys(['04_branch_dag_join']) retrieved from /opt/airflow/dags/chapter05/5_3_trigger_rule.py
[2022-06-26 13:44:41,862] {logging_mixin.py:115} INFO - [2022-06-26 13:44:41,862] {dag.py:2371} INFO - Sync 1 DAGs
[2022-06-26 13:44:41,879] {logging_mixin.py:115} INFO - [2022-06-26 13:44:41,879] {dag.py:2919} INFO - Setting next_dagrun for 04_branch_dag_join to 2022-06-23T00:00:00+00:00, run_after=2022-06-24T00:00:00+00:00
[2022-06-26 13:44:41,893] {processor.py:161} INFO - Processing /opt/airflow/dags/chapter05/5_3_trigger_rule.py took 0.079 seconds
[2022-06-26 13:45:12,633] {processor.py:153} INFO - Started process (PID=958) to work on /opt/airflow/dags/chapter05/5_3_trigger_rule.py
[2022-06-26 13:45:12,634] {processor.py:641} INFO - Processing file /opt/airflow/dags/chapter05/5_3_trigger_rule.py for tasks to queue
[2022-06-26 13:45:12,636] {logging_mixin.py:115} INFO - [2022-06-26 13:45:12,636] {dagbag.py:507} INFO - Filling up the DagBag from /opt/airflow/dags/chapter05/5_3_trigger_rule.py
[2022-06-26 13:45:12,646] {processor.py:651} INFO - DAG(s) dict_keys(['04_branch_dag_join']) retrieved from /opt/airflow/dags/chapter05/5_3_trigger_rule.py
[2022-06-26 13:45:12,666] {logging_mixin.py:115} INFO - [2022-06-26 13:45:12,666] {dag.py:2371} INFO - Sync 1 DAGs
[2022-06-26 13:45:12,680] {logging_mixin.py:115} INFO - [2022-06-26 13:45:12,680] {dag.py:2919} INFO - Setting next_dagrun for 04_branch_dag_join to 2022-06-23T00:00:00+00:00, run_after=2022-06-24T00:00:00+00:00
[2022-06-26 13:45:12,689] {processor.py:161} INFO - Processing /opt/airflow/dags/chapter05/5_3_trigger_rule.py took 0.059 seconds
[2022-06-26 13:45:43,429] {processor.py:153} INFO - Started process (PID=1018) to work on /opt/airflow/dags/chapter05/5_3_trigger_rule.py
[2022-06-26 13:45:43,430] {processor.py:641} INFO - Processing file /opt/airflow/dags/chapter05/5_3_trigger_rule.py for tasks to queue
[2022-06-26 13:45:43,432] {logging_mixin.py:115} INFO - [2022-06-26 13:45:43,432] {dagbag.py:507} INFO - Filling up the DagBag from /opt/airflow/dags/chapter05/5_3_trigger_rule.py
[2022-06-26 13:45:43,441] {processor.py:651} INFO - DAG(s) dict_keys(['04_branch_dag_join']) retrieved from /opt/airflow/dags/chapter05/5_3_trigger_rule.py
[2022-06-26 13:45:43,462] {logging_mixin.py:115} INFO - [2022-06-26 13:45:43,461] {dag.py:2371} INFO - Sync 1 DAGs
[2022-06-26 13:45:43,478] {logging_mixin.py:115} INFO - [2022-06-26 13:45:43,478] {dag.py:2919} INFO - Setting next_dagrun for 04_branch_dag_join to 2022-06-23T00:00:00+00:00, run_after=2022-06-24T00:00:00+00:00
[2022-06-26 13:45:43,485] {processor.py:161} INFO - Processing /opt/airflow/dags/chapter05/5_3_trigger_rule.py took 0.058 seconds
[2022-06-26 13:46:14,242] {processor.py:153} INFO - Started process (PID=1080) to work on /opt/airflow/dags/chapter05/5_3_trigger_rule.py
[2022-06-26 13:46:14,243] {processor.py:641} INFO - Processing file /opt/airflow/dags/chapter05/5_3_trigger_rule.py for tasks to queue
[2022-06-26 13:46:14,244] {logging_mixin.py:115} INFO - [2022-06-26 13:46:14,244] {dagbag.py:507} INFO - Filling up the DagBag from /opt/airflow/dags/chapter05/5_3_trigger_rule.py
[2022-06-26 13:46:14,256] {processor.py:651} INFO - DAG(s) dict_keys(['04_branch_dag_join']) retrieved from /opt/airflow/dags/chapter05/5_3_trigger_rule.py
[2022-06-26 13:46:14,275] {logging_mixin.py:115} INFO - [2022-06-26 13:46:14,274] {dag.py:2371} INFO - Sync 1 DAGs
[2022-06-26 13:46:14,288] {logging_mixin.py:115} INFO - [2022-06-26 13:46:14,288] {dag.py:2919} INFO - Setting next_dagrun for 04_branch_dag_join to 2022-06-23T00:00:00+00:00, run_after=2022-06-24T00:00:00+00:00
[2022-06-26 13:46:14,295] {processor.py:161} INFO - Processing /opt/airflow/dags/chapter05/5_3_trigger_rule.py took 0.056 seconds
[2022-06-26 13:46:44,973] {processor.py:153} INFO - Started process (PID=1141) to work on /opt/airflow/dags/chapter05/5_3_trigger_rule.py
[2022-06-26 13:46:44,976] {processor.py:641} INFO - Processing file /opt/airflow/dags/chapter05/5_3_trigger_rule.py for tasks to queue
[2022-06-26 13:46:44,977] {logging_mixin.py:115} INFO - [2022-06-26 13:46:44,977] {dagbag.py:507} INFO - Filling up the DagBag from /opt/airflow/dags/chapter05/5_3_trigger_rule.py
[2022-06-26 13:46:44,995] {processor.py:651} INFO - DAG(s) dict_keys(['04_branch_dag_join']) retrieved from /opt/airflow/dags/chapter05/5_3_trigger_rule.py
[2022-06-26 13:46:45,030] {logging_mixin.py:115} INFO - [2022-06-26 13:46:45,030] {dag.py:2371} INFO - Sync 1 DAGs
[2022-06-26 13:46:45,059] {logging_mixin.py:115} INFO - [2022-06-26 13:46:45,059] {dag.py:2919} INFO - Setting next_dagrun for 04_branch_dag_join to 2022-06-23T00:00:00+00:00, run_after=2022-06-24T00:00:00+00:00
[2022-06-26 13:46:45,068] {processor.py:161} INFO - Processing /opt/airflow/dags/chapter05/5_3_trigger_rule.py took 0.098 seconds
[2022-06-26 13:47:15,899] {processor.py:153} INFO - Started process (PID=1202) to work on /opt/airflow/dags/chapter05/5_3_trigger_rule.py
[2022-06-26 13:47:15,901] {processor.py:641} INFO - Processing file /opt/airflow/dags/chapter05/5_3_trigger_rule.py for tasks to queue
[2022-06-26 13:47:15,903] {logging_mixin.py:115} INFO - [2022-06-26 13:47:15,903] {dagbag.py:507} INFO - Filling up the DagBag from /opt/airflow/dags/chapter05/5_3_trigger_rule.py
[2022-06-26 13:47:15,914] {processor.py:651} INFO - DAG(s) dict_keys(['04_branch_dag_join']) retrieved from /opt/airflow/dags/chapter05/5_3_trigger_rule.py
[2022-06-26 13:47:15,932] {logging_mixin.py:115} INFO - [2022-06-26 13:47:15,932] {dag.py:2371} INFO - Sync 1 DAGs
[2022-06-26 13:47:15,947] {logging_mixin.py:115} INFO - [2022-06-26 13:47:15,947] {dag.py:2919} INFO - Setting next_dagrun for 04_branch_dag_join to 2022-06-23T00:00:00+00:00, run_after=2022-06-24T00:00:00+00:00
[2022-06-26 13:47:15,956] {processor.py:161} INFO - Processing /opt/airflow/dags/chapter05/5_3_trigger_rule.py took 0.058 seconds
[2022-06-26 13:47:46,821] {processor.py:153} INFO - Started process (PID=1263) to work on /opt/airflow/dags/chapter05/5_3_trigger_rule.py
[2022-06-26 13:47:46,822] {processor.py:641} INFO - Processing file /opt/airflow/dags/chapter05/5_3_trigger_rule.py for tasks to queue
[2022-06-26 13:47:46,823] {logging_mixin.py:115} INFO - [2022-06-26 13:47:46,823] {dagbag.py:507} INFO - Filling up the DagBag from /opt/airflow/dags/chapter05/5_3_trigger_rule.py
[2022-06-26 13:47:46,834] {processor.py:651} INFO - DAG(s) dict_keys(['04_branch_dag_join']) retrieved from /opt/airflow/dags/chapter05/5_3_trigger_rule.py
[2022-06-26 13:47:46,856] {logging_mixin.py:115} INFO - [2022-06-26 13:47:46,856] {dag.py:2371} INFO - Sync 1 DAGs
[2022-06-26 13:47:46,870] {logging_mixin.py:115} INFO - [2022-06-26 13:47:46,870] {dag.py:2919} INFO - Setting next_dagrun for 04_branch_dag_join to 2022-06-23T00:00:00+00:00, run_after=2022-06-24T00:00:00+00:00
[2022-06-26 13:47:46,877] {processor.py:161} INFO - Processing /opt/airflow/dags/chapter05/5_3_trigger_rule.py took 0.059 seconds
[2022-06-26 13:48:17,751] {processor.py:153} INFO - Started process (PID=1323) to work on /opt/airflow/dags/chapter05/5_3_trigger_rule.py
[2022-06-26 13:48:17,753] {processor.py:641} INFO - Processing file /opt/airflow/dags/chapter05/5_3_trigger_rule.py for tasks to queue
[2022-06-26 13:48:17,754] {logging_mixin.py:115} INFO - [2022-06-26 13:48:17,754] {dagbag.py:507} INFO - Filling up the DagBag from /opt/airflow/dags/chapter05/5_3_trigger_rule.py
[2022-06-26 13:48:17,765] {processor.py:651} INFO - DAG(s) dict_keys(['04_branch_dag_join']) retrieved from /opt/airflow/dags/chapter05/5_3_trigger_rule.py
[2022-06-26 13:48:17,792] {logging_mixin.py:115} INFO - [2022-06-26 13:48:17,792] {dag.py:2371} INFO - Sync 1 DAGs
[2022-06-26 13:48:17,807] {logging_mixin.py:115} INFO - [2022-06-26 13:48:17,807] {dag.py:2919} INFO - Setting next_dagrun for 04_branch_dag_join to 2022-06-23T00:00:00+00:00, run_after=2022-06-24T00:00:00+00:00
[2022-06-26 13:48:17,815] {processor.py:161} INFO - Processing /opt/airflow/dags/chapter05/5_3_trigger_rule.py took 0.066 seconds
[2022-06-26 13:48:48,500] {processor.py:153} INFO - Started process (PID=1374) to work on /opt/airflow/dags/chapter05/5_3_trigger_rule.py
[2022-06-26 13:48:48,502] {processor.py:641} INFO - Processing file /opt/airflow/dags/chapter05/5_3_trigger_rule.py for tasks to queue
[2022-06-26 13:48:48,503] {logging_mixin.py:115} INFO - [2022-06-26 13:48:48,503] {dagbag.py:507} INFO - Filling up the DagBag from /opt/airflow/dags/chapter05/5_3_trigger_rule.py
[2022-06-26 13:48:48,515] {processor.py:651} INFO - DAG(s) dict_keys(['04_branch_dag_join']) retrieved from /opt/airflow/dags/chapter05/5_3_trigger_rule.py
[2022-06-26 13:48:48,539] {logging_mixin.py:115} INFO - [2022-06-26 13:48:48,539] {dag.py:2371} INFO - Sync 1 DAGs
[2022-06-26 13:48:48,554] {logging_mixin.py:115} INFO - [2022-06-26 13:48:48,554] {dag.py:2919} INFO - Setting next_dagrun for 04_branch_dag_join to 2022-06-23T00:00:00+00:00, run_after=2022-06-24T00:00:00+00:00
[2022-06-26 13:48:48,562] {processor.py:161} INFO - Processing /opt/airflow/dags/chapter05/5_3_trigger_rule.py took 0.064 seconds
[2022-06-26 13:49:19,183] {processor.py:153} INFO - Started process (PID=1434) to work on /opt/airflow/dags/chapter05/5_3_trigger_rule.py
[2022-06-26 13:49:19,185] {processor.py:641} INFO - Processing file /opt/airflow/dags/chapter05/5_3_trigger_rule.py for tasks to queue
[2022-06-26 13:49:19,185] {logging_mixin.py:115} INFO - [2022-06-26 13:49:19,185] {dagbag.py:507} INFO - Filling up the DagBag from /opt/airflow/dags/chapter05/5_3_trigger_rule.py
[2022-06-26 13:49:19,197] {processor.py:651} INFO - DAG(s) dict_keys(['04_branch_dag_join']) retrieved from /opt/airflow/dags/chapter05/5_3_trigger_rule.py
[2022-06-26 13:49:19,220] {logging_mixin.py:115} INFO - [2022-06-26 13:49:19,220] {dag.py:2371} INFO - Sync 1 DAGs
[2022-06-26 13:49:19,233] {logging_mixin.py:115} INFO - [2022-06-26 13:49:19,233] {dag.py:2919} INFO - Setting next_dagrun for 04_branch_dag_join to 2022-06-23T00:00:00+00:00, run_after=2022-06-24T00:00:00+00:00
[2022-06-26 13:49:19,242] {processor.py:161} INFO - Processing /opt/airflow/dags/chapter05/5_3_trigger_rule.py took 0.061 seconds
[2022-06-26 13:49:49,884] {processor.py:153} INFO - Started process (PID=1495) to work on /opt/airflow/dags/chapter05/5_3_trigger_rule.py
[2022-06-26 13:49:49,885] {processor.py:641} INFO - Processing file /opt/airflow/dags/chapter05/5_3_trigger_rule.py for tasks to queue
[2022-06-26 13:49:49,886] {logging_mixin.py:115} INFO - [2022-06-26 13:49:49,886] {dagbag.py:507} INFO - Filling up the DagBag from /opt/airflow/dags/chapter05/5_3_trigger_rule.py
[2022-06-26 13:49:49,897] {processor.py:651} INFO - DAG(s) dict_keys(['04_branch_dag_join']) retrieved from /opt/airflow/dags/chapter05/5_3_trigger_rule.py
[2022-06-26 13:49:49,916] {logging_mixin.py:115} INFO - [2022-06-26 13:49:49,916] {dag.py:2371} INFO - Sync 1 DAGs
[2022-06-26 13:49:49,931] {logging_mixin.py:115} INFO - [2022-06-26 13:49:49,931] {dag.py:2919} INFO - Setting next_dagrun for 04_branch_dag_join to 2022-06-23T00:00:00+00:00, run_after=2022-06-24T00:00:00+00:00
[2022-06-26 13:49:49,941] {processor.py:161} INFO - Processing /opt/airflow/dags/chapter05/5_3_trigger_rule.py took 0.060 seconds
[2022-06-26 13:50:20,800] {processor.py:153} INFO - Started process (PID=1557) to work on /opt/airflow/dags/chapter05/5_3_trigger_rule.py
[2022-06-26 13:50:20,802] {processor.py:641} INFO - Processing file /opt/airflow/dags/chapter05/5_3_trigger_rule.py for tasks to queue
[2022-06-26 13:50:20,803] {logging_mixin.py:115} INFO - [2022-06-26 13:50:20,803] {dagbag.py:507} INFO - Filling up the DagBag from /opt/airflow/dags/chapter05/5_3_trigger_rule.py
[2022-06-26 13:50:20,815] {processor.py:651} INFO - DAG(s) dict_keys(['04_branch_dag_join']) retrieved from /opt/airflow/dags/chapter05/5_3_trigger_rule.py
[2022-06-26 13:50:20,836] {logging_mixin.py:115} INFO - [2022-06-26 13:50:20,836] {dag.py:2371} INFO - Sync 1 DAGs
[2022-06-26 13:50:20,854] {logging_mixin.py:115} INFO - [2022-06-26 13:50:20,854] {dag.py:2919} INFO - Setting next_dagrun for 04_branch_dag_join to 2022-06-23T00:00:00+00:00, run_after=2022-06-24T00:00:00+00:00
[2022-06-26 13:50:20,863] {processor.py:161} INFO - Processing /opt/airflow/dags/chapter05/5_3_trigger_rule.py took 0.065 seconds
[2022-06-26 13:50:51,450] {processor.py:153} INFO - Started process (PID=1618) to work on /opt/airflow/dags/chapter05/5_3_trigger_rule.py
[2022-06-26 13:50:51,452] {processor.py:641} INFO - Processing file /opt/airflow/dags/chapter05/5_3_trigger_rule.py for tasks to queue
[2022-06-26 13:50:51,453] {logging_mixin.py:115} INFO - [2022-06-26 13:50:51,453] {dagbag.py:507} INFO - Filling up the DagBag from /opt/airflow/dags/chapter05/5_3_trigger_rule.py
[2022-06-26 13:50:51,463] {processor.py:651} INFO - DAG(s) dict_keys(['04_branch_dag_join']) retrieved from /opt/airflow/dags/chapter05/5_3_trigger_rule.py
[2022-06-26 13:50:51,483] {logging_mixin.py:115} INFO - [2022-06-26 13:50:51,482] {dag.py:2371} INFO - Sync 1 DAGs
[2022-06-26 13:50:51,496] {logging_mixin.py:115} INFO - [2022-06-26 13:50:51,496] {dag.py:2919} INFO - Setting next_dagrun for 04_branch_dag_join to 2022-06-23T00:00:00+00:00, run_after=2022-06-24T00:00:00+00:00
[2022-06-26 13:50:51,504] {processor.py:161} INFO - Processing /opt/airflow/dags/chapter05/5_3_trigger_rule.py took 0.056 seconds
[2022-06-26 13:51:22,220] {processor.py:153} INFO - Started process (PID=1678) to work on /opt/airflow/dags/chapter05/5_3_trigger_rule.py
[2022-06-26 13:51:22,222] {processor.py:641} INFO - Processing file /opt/airflow/dags/chapter05/5_3_trigger_rule.py for tasks to queue
[2022-06-26 13:51:22,223] {logging_mixin.py:115} INFO - [2022-06-26 13:51:22,223] {dagbag.py:507} INFO - Filling up the DagBag from /opt/airflow/dags/chapter05/5_3_trigger_rule.py
[2022-06-26 13:51:22,234] {processor.py:651} INFO - DAG(s) dict_keys(['04_branch_dag_join']) retrieved from /opt/airflow/dags/chapter05/5_3_trigger_rule.py
[2022-06-26 13:51:22,254] {logging_mixin.py:115} INFO - [2022-06-26 13:51:22,254] {dag.py:2371} INFO - Sync 1 DAGs
[2022-06-26 13:51:22,269] {logging_mixin.py:115} INFO - [2022-06-26 13:51:22,269] {dag.py:2919} INFO - Setting next_dagrun for 04_branch_dag_join to 2022-06-23T00:00:00+00:00, run_after=2022-06-24T00:00:00+00:00
[2022-06-26 13:51:22,278] {processor.py:161} INFO - Processing /opt/airflow/dags/chapter05/5_3_trigger_rule.py took 0.060 seconds
[2022-06-26 13:51:53,003] {processor.py:153} INFO - Started process (PID=1738) to work on /opt/airflow/dags/chapter05/5_3_trigger_rule.py
[2022-06-26 13:51:53,004] {processor.py:641} INFO - Processing file /opt/airflow/dags/chapter05/5_3_trigger_rule.py for tasks to queue
[2022-06-26 13:51:53,005] {logging_mixin.py:115} INFO - [2022-06-26 13:51:53,005] {dagbag.py:507} INFO - Filling up the DagBag from /opt/airflow/dags/chapter05/5_3_trigger_rule.py
[2022-06-26 13:51:53,016] {processor.py:651} INFO - DAG(s) dict_keys(['04_branch_dag_join']) retrieved from /opt/airflow/dags/chapter05/5_3_trigger_rule.py
[2022-06-26 13:51:53,035] {logging_mixin.py:115} INFO - [2022-06-26 13:51:53,035] {dag.py:2371} INFO - Sync 1 DAGs
[2022-06-26 13:51:53,049] {logging_mixin.py:115} INFO - [2022-06-26 13:51:53,048] {dag.py:2919} INFO - Setting next_dagrun for 04_branch_dag_join to 2022-06-23T00:00:00+00:00, run_after=2022-06-24T00:00:00+00:00
[2022-06-26 13:51:53,058] {processor.py:161} INFO - Processing /opt/airflow/dags/chapter05/5_3_trigger_rule.py took 0.057 seconds
[2022-06-26 13:52:23,927] {processor.py:153} INFO - Started process (PID=1799) to work on /opt/airflow/dags/chapter05/5_3_trigger_rule.py
[2022-06-26 13:52:23,929] {processor.py:641} INFO - Processing file /opt/airflow/dags/chapter05/5_3_trigger_rule.py for tasks to queue
[2022-06-26 13:52:23,930] {logging_mixin.py:115} INFO - [2022-06-26 13:52:23,930] {dagbag.py:507} INFO - Filling up the DagBag from /opt/airflow/dags/chapter05/5_3_trigger_rule.py
[2022-06-26 13:52:23,941] {processor.py:651} INFO - DAG(s) dict_keys(['04_branch_dag_join']) retrieved from /opt/airflow/dags/chapter05/5_3_trigger_rule.py
[2022-06-26 13:52:23,963] {logging_mixin.py:115} INFO - [2022-06-26 13:52:23,963] {dag.py:2371} INFO - Sync 1 DAGs
[2022-06-26 13:52:23,981] {logging_mixin.py:115} INFO - [2022-06-26 13:52:23,980] {dag.py:2919} INFO - Setting next_dagrun for 04_branch_dag_join to 2022-06-23T00:00:00+00:00, run_after=2022-06-24T00:00:00+00:00
[2022-06-26 13:52:23,993] {processor.py:161} INFO - Processing /opt/airflow/dags/chapter05/5_3_trigger_rule.py took 0.070 seconds
[2022-06-26 13:52:54,956] {processor.py:153} INFO - Started process (PID=1849) to work on /opt/airflow/dags/chapter05/5_3_trigger_rule.py
[2022-06-26 13:52:54,957] {processor.py:641} INFO - Processing file /opt/airflow/dags/chapter05/5_3_trigger_rule.py for tasks to queue
[2022-06-26 13:52:54,960] {logging_mixin.py:115} INFO - [2022-06-26 13:52:54,960] {dagbag.py:507} INFO - Filling up the DagBag from /opt/airflow/dags/chapter05/5_3_trigger_rule.py
[2022-06-26 13:52:54,973] {processor.py:651} INFO - DAG(s) dict_keys(['04_branch_dag_join']) retrieved from /opt/airflow/dags/chapter05/5_3_trigger_rule.py
[2022-06-26 13:52:54,993] {logging_mixin.py:115} INFO - [2022-06-26 13:52:54,993] {dag.py:2371} INFO - Sync 1 DAGs
[2022-06-26 13:52:55,007] {logging_mixin.py:115} INFO - [2022-06-26 13:52:55,007] {dag.py:2919} INFO - Setting next_dagrun for 04_branch_dag_join to 2022-06-23T00:00:00+00:00, run_after=2022-06-24T00:00:00+00:00
[2022-06-26 13:52:55,015] {processor.py:161} INFO - Processing /opt/airflow/dags/chapter05/5_3_trigger_rule.py took 0.062 seconds
[2022-06-26 13:53:25,720] {processor.py:153} INFO - Started process (PID=1910) to work on /opt/airflow/dags/chapter05/5_3_trigger_rule.py
[2022-06-26 13:53:25,721] {processor.py:641} INFO - Processing file /opt/airflow/dags/chapter05/5_3_trigger_rule.py for tasks to queue
[2022-06-26 13:53:25,723] {logging_mixin.py:115} INFO - [2022-06-26 13:53:25,722] {dagbag.py:507} INFO - Filling up the DagBag from /opt/airflow/dags/chapter05/5_3_trigger_rule.py
[2022-06-26 13:53:25,733] {processor.py:651} INFO - DAG(s) dict_keys(['04_branch_dag_join']) retrieved from /opt/airflow/dags/chapter05/5_3_trigger_rule.py
[2022-06-26 13:53:25,753] {logging_mixin.py:115} INFO - [2022-06-26 13:53:25,753] {dag.py:2371} INFO - Sync 1 DAGs
[2022-06-26 13:53:25,770] {logging_mixin.py:115} INFO - [2022-06-26 13:53:25,770] {dag.py:2919} INFO - Setting next_dagrun for 04_branch_dag_join to 2022-06-23T00:00:00+00:00, run_after=2022-06-24T00:00:00+00:00
[2022-06-26 13:53:25,777] {processor.py:161} INFO - Processing /opt/airflow/dags/chapter05/5_3_trigger_rule.py took 0.060 seconds
[2022-06-26 13:53:56,719] {processor.py:153} INFO - Started process (PID=1971) to work on /opt/airflow/dags/chapter05/5_3_trigger_rule.py
[2022-06-26 13:53:56,721] {processor.py:641} INFO - Processing file /opt/airflow/dags/chapter05/5_3_trigger_rule.py for tasks to queue
[2022-06-26 13:53:56,723] {logging_mixin.py:115} INFO - [2022-06-26 13:53:56,723] {dagbag.py:507} INFO - Filling up the DagBag from /opt/airflow/dags/chapter05/5_3_trigger_rule.py
[2022-06-26 13:53:56,736] {processor.py:651} INFO - DAG(s) dict_keys(['04_branch_dag_join']) retrieved from /opt/airflow/dags/chapter05/5_3_trigger_rule.py
[2022-06-26 13:53:56,760] {logging_mixin.py:115} INFO - [2022-06-26 13:53:56,760] {dag.py:2371} INFO - Sync 1 DAGs
[2022-06-26 13:53:56,778] {logging_mixin.py:115} INFO - [2022-06-26 13:53:56,778] {dag.py:2919} INFO - Setting next_dagrun for 04_branch_dag_join to 2022-06-23T00:00:00+00:00, run_after=2022-06-24T00:00:00+00:00
[2022-06-26 13:53:56,786] {processor.py:161} INFO - Processing /opt/airflow/dags/chapter05/5_3_trigger_rule.py took 0.070 seconds
[2022-06-26 13:54:27,681] {processor.py:153} INFO - Started process (PID=2031) to work on /opt/airflow/dags/chapter05/5_3_trigger_rule.py
[2022-06-26 13:54:27,684] {processor.py:641} INFO - Processing file /opt/airflow/dags/chapter05/5_3_trigger_rule.py for tasks to queue
[2022-06-26 13:54:27,686] {logging_mixin.py:115} INFO - [2022-06-26 13:54:27,686] {dagbag.py:507} INFO - Filling up the DagBag from /opt/airflow/dags/chapter05/5_3_trigger_rule.py
[2022-06-26 13:54:27,702] {processor.py:651} INFO - DAG(s) dict_keys(['04_branch_dag_join']) retrieved from /opt/airflow/dags/chapter05/5_3_trigger_rule.py
[2022-06-26 13:54:27,724] {logging_mixin.py:115} INFO - [2022-06-26 13:54:27,724] {dag.py:2371} INFO - Sync 1 DAGs
[2022-06-26 13:54:27,741] {logging_mixin.py:115} INFO - [2022-06-26 13:54:27,741] {dag.py:2919} INFO - Setting next_dagrun for 04_branch_dag_join to 2022-06-23T00:00:00+00:00, run_after=2022-06-24T00:00:00+00:00
[2022-06-26 13:54:27,750] {processor.py:161} INFO - Processing /opt/airflow/dags/chapter05/5_3_trigger_rule.py took 0.071 seconds
[2022-06-26 13:54:58,486] {processor.py:153} INFO - Started process (PID=2092) to work on /opt/airflow/dags/chapter05/5_3_trigger_rule.py
[2022-06-26 13:54:58,488] {processor.py:641} INFO - Processing file /opt/airflow/dags/chapter05/5_3_trigger_rule.py for tasks to queue
[2022-06-26 13:54:58,490] {logging_mixin.py:115} INFO - [2022-06-26 13:54:58,490] {dagbag.py:507} INFO - Filling up the DagBag from /opt/airflow/dags/chapter05/5_3_trigger_rule.py
[2022-06-26 13:54:58,503] {processor.py:651} INFO - DAG(s) dict_keys(['04_branch_dag_join']) retrieved from /opt/airflow/dags/chapter05/5_3_trigger_rule.py
[2022-06-26 13:54:58,523] {logging_mixin.py:115} INFO - [2022-06-26 13:54:58,523] {dag.py:2371} INFO - Sync 1 DAGs
[2022-06-26 13:54:58,546] {logging_mixin.py:115} INFO - [2022-06-26 13:54:58,546] {dag.py:2919} INFO - Setting next_dagrun for 04_branch_dag_join to 2022-06-23T00:00:00+00:00, run_after=2022-06-24T00:00:00+00:00
[2022-06-26 13:54:58,554] {processor.py:161} INFO - Processing /opt/airflow/dags/chapter05/5_3_trigger_rule.py took 0.070 seconds
[2022-06-26 13:55:29,533] {processor.py:153} INFO - Started process (PID=2152) to work on /opt/airflow/dags/chapter05/5_3_trigger_rule.py
[2022-06-26 13:55:29,534] {processor.py:641} INFO - Processing file /opt/airflow/dags/chapter05/5_3_trigger_rule.py for tasks to queue
[2022-06-26 13:55:29,536] {logging_mixin.py:115} INFO - [2022-06-26 13:55:29,536] {dagbag.py:507} INFO - Filling up the DagBag from /opt/airflow/dags/chapter05/5_3_trigger_rule.py
[2022-06-26 13:55:29,559] {processor.py:651} INFO - DAG(s) dict_keys(['04_branch_dag_join']) retrieved from /opt/airflow/dags/chapter05/5_3_trigger_rule.py
[2022-06-26 13:55:29,585] {logging_mixin.py:115} INFO - [2022-06-26 13:55:29,585] {dag.py:2371} INFO - Sync 1 DAGs
[2022-06-26 13:55:29,603] {logging_mixin.py:115} INFO - [2022-06-26 13:55:29,603] {dag.py:2919} INFO - Setting next_dagrun for 04_branch_dag_join to 2022-06-23T00:00:00+00:00, run_after=2022-06-24T00:00:00+00:00
[2022-06-26 13:55:29,612] {processor.py:161} INFO - Processing /opt/airflow/dags/chapter05/5_3_trigger_rule.py took 0.082 seconds
[2022-06-26 13:56:00,705] {processor.py:153} INFO - Started process (PID=2213) to work on /opt/airflow/dags/chapter05/5_3_trigger_rule.py
[2022-06-26 13:56:00,706] {processor.py:641} INFO - Processing file /opt/airflow/dags/chapter05/5_3_trigger_rule.py for tasks to queue
[2022-06-26 13:56:00,709] {logging_mixin.py:115} INFO - [2022-06-26 13:56:00,709] {dagbag.py:507} INFO - Filling up the DagBag from /opt/airflow/dags/chapter05/5_3_trigger_rule.py
[2022-06-26 13:56:00,721] {processor.py:651} INFO - DAG(s) dict_keys(['04_branch_dag_join']) retrieved from /opt/airflow/dags/chapter05/5_3_trigger_rule.py
[2022-06-26 13:56:00,740] {logging_mixin.py:115} INFO - [2022-06-26 13:56:00,740] {dag.py:2371} INFO - Sync 1 DAGs
[2022-06-26 13:56:00,754] {logging_mixin.py:115} INFO - [2022-06-26 13:56:00,753] {dag.py:2919} INFO - Setting next_dagrun for 04_branch_dag_join to 2022-06-23T00:00:00+00:00, run_after=2022-06-24T00:00:00+00:00
[2022-06-26 13:56:00,761] {processor.py:161} INFO - Processing /opt/airflow/dags/chapter05/5_3_trigger_rule.py took 0.059 seconds
[2022-06-26 13:56:31,497] {processor.py:153} INFO - Started process (PID=2275) to work on /opt/airflow/dags/chapter05/5_3_trigger_rule.py
[2022-06-26 13:56:31,499] {processor.py:641} INFO - Processing file /opt/airflow/dags/chapter05/5_3_trigger_rule.py for tasks to queue
[2022-06-26 13:56:31,500] {logging_mixin.py:115} INFO - [2022-06-26 13:56:31,500] {dagbag.py:507} INFO - Filling up the DagBag from /opt/airflow/dags/chapter05/5_3_trigger_rule.py
[2022-06-26 13:56:31,510] {processor.py:651} INFO - DAG(s) dict_keys(['04_branch_dag_join']) retrieved from /opt/airflow/dags/chapter05/5_3_trigger_rule.py
[2022-06-26 13:56:31,531] {logging_mixin.py:115} INFO - [2022-06-26 13:56:31,531] {dag.py:2371} INFO - Sync 1 DAGs
[2022-06-26 13:56:31,545] {logging_mixin.py:115} INFO - [2022-06-26 13:56:31,545] {dag.py:2919} INFO - Setting next_dagrun for 04_branch_dag_join to 2022-06-23T00:00:00+00:00, run_after=2022-06-24T00:00:00+00:00
[2022-06-26 13:56:31,554] {processor.py:161} INFO - Processing /opt/airflow/dags/chapter05/5_3_trigger_rule.py took 0.058 seconds
[2022-06-26 13:57:02,485] {processor.py:153} INFO - Started process (PID=2326) to work on /opt/airflow/dags/chapter05/5_3_trigger_rule.py
[2022-06-26 13:57:02,486] {processor.py:641} INFO - Processing file /opt/airflow/dags/chapter05/5_3_trigger_rule.py for tasks to queue
[2022-06-26 13:57:02,489] {logging_mixin.py:115} INFO - [2022-06-26 13:57:02,489] {dagbag.py:507} INFO - Filling up the DagBag from /opt/airflow/dags/chapter05/5_3_trigger_rule.py
[2022-06-26 13:57:02,505] {processor.py:651} INFO - DAG(s) dict_keys(['04_branch_dag_join']) retrieved from /opt/airflow/dags/chapter05/5_3_trigger_rule.py
[2022-06-26 13:57:02,531] {logging_mixin.py:115} INFO - [2022-06-26 13:57:02,531] {dag.py:2371} INFO - Sync 1 DAGs
[2022-06-26 13:57:02,549] {logging_mixin.py:115} INFO - [2022-06-26 13:57:02,548] {dag.py:2919} INFO - Setting next_dagrun for 04_branch_dag_join to 2022-06-23T00:00:00+00:00, run_after=2022-06-24T00:00:00+00:00
[2022-06-26 13:57:02,558] {processor.py:161} INFO - Processing /opt/airflow/dags/chapter05/5_3_trigger_rule.py took 0.075 seconds
[2022-06-26 13:57:32,804] {processor.py:153} INFO - Started process (PID=2387) to work on /opt/airflow/dags/chapter05/5_3_trigger_rule.py
[2022-06-26 13:57:32,805] {processor.py:641} INFO - Processing file /opt/airflow/dags/chapter05/5_3_trigger_rule.py for tasks to queue
[2022-06-26 13:57:32,807] {logging_mixin.py:115} INFO - [2022-06-26 13:57:32,807] {dagbag.py:507} INFO - Filling up the DagBag from /opt/airflow/dags/chapter05/5_3_trigger_rule.py
[2022-06-26 13:57:32,820] {processor.py:651} INFO - DAG(s) dict_keys(['04_branch_dag_join']) retrieved from /opt/airflow/dags/chapter05/5_3_trigger_rule.py
[2022-06-26 13:57:32,840] {logging_mixin.py:115} INFO - [2022-06-26 13:57:32,840] {dag.py:2371} INFO - Sync 1 DAGs
[2022-06-26 13:57:32,856] {logging_mixin.py:115} INFO - [2022-06-26 13:57:32,856] {dag.py:2919} INFO - Setting next_dagrun for 04_branch_dag_join to 2022-06-23T00:00:00+00:00, run_after=2022-06-24T00:00:00+00:00
[2022-06-26 13:57:32,867] {processor.py:161} INFO - Processing /opt/airflow/dags/chapter05/5_3_trigger_rule.py took 0.066 seconds
[2022-06-26 13:58:03,693] {processor.py:153} INFO - Started process (PID=2448) to work on /opt/airflow/dags/chapter05/5_3_trigger_rule.py
[2022-06-26 13:58:03,694] {processor.py:641} INFO - Processing file /opt/airflow/dags/chapter05/5_3_trigger_rule.py for tasks to queue
[2022-06-26 13:58:03,695] {logging_mixin.py:115} INFO - [2022-06-26 13:58:03,695] {dagbag.py:507} INFO - Filling up the DagBag from /opt/airflow/dags/chapter05/5_3_trigger_rule.py
[2022-06-26 13:58:03,706] {processor.py:651} INFO - DAG(s) dict_keys(['04_branch_dag_join']) retrieved from /opt/airflow/dags/chapter05/5_3_trigger_rule.py
[2022-06-26 13:58:03,722] {logging_mixin.py:115} INFO - [2022-06-26 13:58:03,722] {dag.py:2371} INFO - Sync 1 DAGs
[2022-06-26 13:58:03,735] {logging_mixin.py:115} INFO - [2022-06-26 13:58:03,735] {dag.py:2919} INFO - Setting next_dagrun for 04_branch_dag_join to 2022-06-23T00:00:00+00:00, run_after=2022-06-24T00:00:00+00:00
[2022-06-26 13:58:03,741] {processor.py:161} INFO - Processing /opt/airflow/dags/chapter05/5_3_trigger_rule.py took 0.051 seconds
[2022-06-26 13:58:34,893] {processor.py:153} INFO - Started process (PID=2509) to work on /opt/airflow/dags/chapter05/5_3_trigger_rule.py
[2022-06-26 13:58:34,895] {processor.py:641} INFO - Processing file /opt/airflow/dags/chapter05/5_3_trigger_rule.py for tasks to queue
[2022-06-26 13:58:34,897] {logging_mixin.py:115} INFO - [2022-06-26 13:58:34,897] {dagbag.py:507} INFO - Filling up the DagBag from /opt/airflow/dags/chapter05/5_3_trigger_rule.py
[2022-06-26 13:58:34,908] {processor.py:651} INFO - DAG(s) dict_keys(['04_branch_dag_join']) retrieved from /opt/airflow/dags/chapter05/5_3_trigger_rule.py
[2022-06-26 13:58:34,934] {logging_mixin.py:115} INFO - [2022-06-26 13:58:34,934] {dag.py:2371} INFO - Sync 1 DAGs
[2022-06-26 13:58:34,951] {logging_mixin.py:115} INFO - [2022-06-26 13:58:34,951] {dag.py:2919} INFO - Setting next_dagrun for 04_branch_dag_join to 2022-06-23T00:00:00+00:00, run_after=2022-06-24T00:00:00+00:00
[2022-06-26 13:58:34,962] {processor.py:161} INFO - Processing /opt/airflow/dags/chapter05/5_3_trigger_rule.py took 0.071 seconds
[2022-06-26 13:59:05,659] {processor.py:153} INFO - Started process (PID=2569) to work on /opt/airflow/dags/chapter05/5_3_trigger_rule.py
[2022-06-26 13:59:05,662] {processor.py:641} INFO - Processing file /opt/airflow/dags/chapter05/5_3_trigger_rule.py for tasks to queue
[2022-06-26 13:59:05,664] {logging_mixin.py:115} INFO - [2022-06-26 13:59:05,664] {dagbag.py:507} INFO - Filling up the DagBag from /opt/airflow/dags/chapter05/5_3_trigger_rule.py
[2022-06-26 13:59:05,679] {processor.py:651} INFO - DAG(s) dict_keys(['04_branch_dag_join']) retrieved from /opt/airflow/dags/chapter05/5_3_trigger_rule.py
[2022-06-26 13:59:05,700] {logging_mixin.py:115} INFO - [2022-06-26 13:59:05,700] {dag.py:2371} INFO - Sync 1 DAGs
[2022-06-26 13:59:05,716] {logging_mixin.py:115} INFO - [2022-06-26 13:59:05,716] {dag.py:2919} INFO - Setting next_dagrun for 04_branch_dag_join to 2022-06-23T00:00:00+00:00, run_after=2022-06-24T00:00:00+00:00
[2022-06-26 13:59:05,726] {processor.py:161} INFO - Processing /opt/airflow/dags/chapter05/5_3_trigger_rule.py took 0.069 seconds
[2022-06-26 13:59:36,333] {processor.py:153} INFO - Started process (PID=2630) to work on /opt/airflow/dags/chapter05/5_3_trigger_rule.py
[2022-06-26 13:59:36,335] {processor.py:641} INFO - Processing file /opt/airflow/dags/chapter05/5_3_trigger_rule.py for tasks to queue
[2022-06-26 13:59:36,336] {logging_mixin.py:115} INFO - [2022-06-26 13:59:36,336] {dagbag.py:507} INFO - Filling up the DagBag from /opt/airflow/dags/chapter05/5_3_trigger_rule.py
[2022-06-26 13:59:36,349] {processor.py:651} INFO - DAG(s) dict_keys(['04_branch_dag_join']) retrieved from /opt/airflow/dags/chapter05/5_3_trigger_rule.py
[2022-06-26 13:59:36,370] {logging_mixin.py:115} INFO - [2022-06-26 13:59:36,370] {dag.py:2371} INFO - Sync 1 DAGs
[2022-06-26 13:59:36,384] {logging_mixin.py:115} INFO - [2022-06-26 13:59:36,384] {dag.py:2919} INFO - Setting next_dagrun for 04_branch_dag_join to 2022-06-23T00:00:00+00:00, run_after=2022-06-24T00:00:00+00:00
[2022-06-26 13:59:36,402] {processor.py:161} INFO - Processing /opt/airflow/dags/chapter05/5_3_trigger_rule.py took 0.071 seconds
[2022-06-26 14:00:07,038] {processor.py:153} INFO - Started process (PID=2693) to work on /opt/airflow/dags/chapter05/5_3_trigger_rule.py
[2022-06-26 14:00:07,040] {processor.py:641} INFO - Processing file /opt/airflow/dags/chapter05/5_3_trigger_rule.py for tasks to queue
[2022-06-26 14:00:07,042] {logging_mixin.py:115} INFO - [2022-06-26 14:00:07,042] {dagbag.py:507} INFO - Filling up the DagBag from /opt/airflow/dags/chapter05/5_3_trigger_rule.py
[2022-06-26 14:00:07,056] {processor.py:651} INFO - DAG(s) dict_keys(['04_branch_dag_join']) retrieved from /opt/airflow/dags/chapter05/5_3_trigger_rule.py
[2022-06-26 14:00:07,082] {logging_mixin.py:115} INFO - [2022-06-26 14:00:07,082] {dag.py:2371} INFO - Sync 1 DAGs
[2022-06-26 14:00:07,096] {logging_mixin.py:115} INFO - [2022-06-26 14:00:07,096] {dag.py:2919} INFO - Setting next_dagrun for 04_branch_dag_join to 2022-06-23T00:00:00+00:00, run_after=2022-06-24T00:00:00+00:00
[2022-06-26 14:00:07,106] {processor.py:161} INFO - Processing /opt/airflow/dags/chapter05/5_3_trigger_rule.py took 0.069 seconds
[2022-06-26 14:00:37,762] {processor.py:153} INFO - Started process (PID=2744) to work on /opt/airflow/dags/chapter05/5_3_trigger_rule.py
[2022-06-26 14:00:37,763] {processor.py:641} INFO - Processing file /opt/airflow/dags/chapter05/5_3_trigger_rule.py for tasks to queue
[2022-06-26 14:00:37,764] {logging_mixin.py:115} INFO - [2022-06-26 14:00:37,764] {dagbag.py:507} INFO - Filling up the DagBag from /opt/airflow/dags/chapter05/5_3_trigger_rule.py
[2022-06-26 14:00:37,775] {processor.py:651} INFO - DAG(s) dict_keys(['04_branch_dag_join']) retrieved from /opt/airflow/dags/chapter05/5_3_trigger_rule.py
[2022-06-26 14:00:37,794] {logging_mixin.py:115} INFO - [2022-06-26 14:00:37,794] {dag.py:2371} INFO - Sync 1 DAGs
[2022-06-26 14:00:37,809] {logging_mixin.py:115} INFO - [2022-06-26 14:00:37,809] {dag.py:2919} INFO - Setting next_dagrun for 04_branch_dag_join to 2022-06-23T00:00:00+00:00, run_after=2022-06-24T00:00:00+00:00
[2022-06-26 14:00:37,817] {processor.py:161} INFO - Processing /opt/airflow/dags/chapter05/5_3_trigger_rule.py took 0.058 seconds
[2022-06-26 14:01:08,508] {processor.py:153} INFO - Started process (PID=2805) to work on /opt/airflow/dags/chapter05/5_3_trigger_rule.py
[2022-06-26 14:01:08,510] {processor.py:641} INFO - Processing file /opt/airflow/dags/chapter05/5_3_trigger_rule.py for tasks to queue
[2022-06-26 14:01:08,511] {logging_mixin.py:115} INFO - [2022-06-26 14:01:08,511] {dagbag.py:507} INFO - Filling up the DagBag from /opt/airflow/dags/chapter05/5_3_trigger_rule.py
[2022-06-26 14:01:08,521] {processor.py:651} INFO - DAG(s) dict_keys(['04_branch_dag_join']) retrieved from /opt/airflow/dags/chapter05/5_3_trigger_rule.py
[2022-06-26 14:01:08,543] {logging_mixin.py:115} INFO - [2022-06-26 14:01:08,543] {dag.py:2371} INFO - Sync 1 DAGs
[2022-06-26 14:01:08,558] {logging_mixin.py:115} INFO - [2022-06-26 14:01:08,558] {dag.py:2919} INFO - Setting next_dagrun for 04_branch_dag_join to 2022-06-23T00:00:00+00:00, run_after=2022-06-24T00:00:00+00:00
[2022-06-26 14:01:08,566] {processor.py:161} INFO - Processing /opt/airflow/dags/chapter05/5_3_trigger_rule.py took 0.060 seconds
[2022-06-26 14:01:39,196] {processor.py:153} INFO - Started process (PID=2866) to work on /opt/airflow/dags/chapter05/5_3_trigger_rule.py
[2022-06-26 14:01:39,198] {processor.py:641} INFO - Processing file /opt/airflow/dags/chapter05/5_3_trigger_rule.py for tasks to queue
[2022-06-26 14:01:39,199] {logging_mixin.py:115} INFO - [2022-06-26 14:01:39,199] {dagbag.py:507} INFO - Filling up the DagBag from /opt/airflow/dags/chapter05/5_3_trigger_rule.py
[2022-06-26 14:01:39,209] {processor.py:651} INFO - DAG(s) dict_keys(['04_branch_dag_join']) retrieved from /opt/airflow/dags/chapter05/5_3_trigger_rule.py
[2022-06-26 14:01:39,230] {logging_mixin.py:115} INFO - [2022-06-26 14:01:39,230] {dag.py:2371} INFO - Sync 1 DAGs
[2022-06-26 14:01:39,245] {logging_mixin.py:115} INFO - [2022-06-26 14:01:39,245] {dag.py:2919} INFO - Setting next_dagrun for 04_branch_dag_join to 2022-06-23T00:00:00+00:00, run_after=2022-06-24T00:00:00+00:00
[2022-06-26 14:01:39,254] {processor.py:161} INFO - Processing /opt/airflow/dags/chapter05/5_3_trigger_rule.py took 0.061 seconds
[2022-06-26 14:02:10,266] {processor.py:153} INFO - Started process (PID=2927) to work on /opt/airflow/dags/chapter05/5_3_trigger_rule.py
[2022-06-26 14:02:10,268] {processor.py:641} INFO - Processing file /opt/airflow/dags/chapter05/5_3_trigger_rule.py for tasks to queue
[2022-06-26 14:02:10,269] {logging_mixin.py:115} INFO - [2022-06-26 14:02:10,269] {dagbag.py:507} INFO - Filling up the DagBag from /opt/airflow/dags/chapter05/5_3_trigger_rule.py
[2022-06-26 14:02:10,284] {processor.py:651} INFO - DAG(s) dict_keys(['04_branch_dag_join']) retrieved from /opt/airflow/dags/chapter05/5_3_trigger_rule.py
[2022-06-26 14:02:10,308] {logging_mixin.py:115} INFO - [2022-06-26 14:02:10,308] {dag.py:2371} INFO - Sync 1 DAGs
[2022-06-26 14:02:10,323] {logging_mixin.py:115} INFO - [2022-06-26 14:02:10,323] {dag.py:2919} INFO - Setting next_dagrun for 04_branch_dag_join to 2022-06-23T00:00:00+00:00, run_after=2022-06-24T00:00:00+00:00
[2022-06-26 14:02:10,333] {processor.py:161} INFO - Processing /opt/airflow/dags/chapter05/5_3_trigger_rule.py took 0.070 seconds
[2022-06-26 14:02:41,197] {processor.py:153} INFO - Started process (PID=2988) to work on /opt/airflow/dags/chapter05/5_3_trigger_rule.py
[2022-06-26 14:02:41,200] {processor.py:641} INFO - Processing file /opt/airflow/dags/chapter05/5_3_trigger_rule.py for tasks to queue
[2022-06-26 14:02:41,201] {logging_mixin.py:115} INFO - [2022-06-26 14:02:41,201] {dagbag.py:507} INFO - Filling up the DagBag from /opt/airflow/dags/chapter05/5_3_trigger_rule.py
[2022-06-26 14:02:41,217] {processor.py:651} INFO - DAG(s) dict_keys(['04_branch_dag_join']) retrieved from /opt/airflow/dags/chapter05/5_3_trigger_rule.py
[2022-06-26 14:02:41,241] {logging_mixin.py:115} INFO - [2022-06-26 14:02:41,240] {dag.py:2371} INFO - Sync 1 DAGs
[2022-06-26 14:02:41,263] {logging_mixin.py:115} INFO - [2022-06-26 14:02:41,263] {dag.py:2919} INFO - Setting next_dagrun for 04_branch_dag_join to 2022-06-23T00:00:00+00:00, run_after=2022-06-24T00:00:00+00:00
[2022-06-26 14:02:41,281] {processor.py:161} INFO - Processing /opt/airflow/dags/chapter05/5_3_trigger_rule.py took 0.086 seconds
[2022-06-26 14:03:12,162] {processor.py:153} INFO - Started process (PID=3049) to work on /opt/airflow/dags/chapter05/5_3_trigger_rule.py
[2022-06-26 14:03:12,164] {processor.py:641} INFO - Processing file /opt/airflow/dags/chapter05/5_3_trigger_rule.py for tasks to queue
[2022-06-26 14:03:12,165] {logging_mixin.py:115} INFO - [2022-06-26 14:03:12,165] {dagbag.py:507} INFO - Filling up the DagBag from /opt/airflow/dags/chapter05/5_3_trigger_rule.py
[2022-06-26 14:03:12,176] {processor.py:651} INFO - DAG(s) dict_keys(['04_branch_dag_join']) retrieved from /opt/airflow/dags/chapter05/5_3_trigger_rule.py
[2022-06-26 14:03:12,197] {logging_mixin.py:115} INFO - [2022-06-26 14:03:12,197] {dag.py:2371} INFO - Sync 1 DAGs
[2022-06-26 14:03:12,214] {logging_mixin.py:115} INFO - [2022-06-26 14:03:12,214] {dag.py:2919} INFO - Setting next_dagrun for 04_branch_dag_join to 2022-06-23T00:00:00+00:00, run_after=2022-06-24T00:00:00+00:00
[2022-06-26 14:03:12,224] {processor.py:161} INFO - Processing /opt/airflow/dags/chapter05/5_3_trigger_rule.py took 0.065 seconds
[2022-06-26 14:03:42,997] {processor.py:153} INFO - Started process (PID=3110) to work on /opt/airflow/dags/chapter05/5_3_trigger_rule.py
[2022-06-26 14:03:42,998] {processor.py:641} INFO - Processing file /opt/airflow/dags/chapter05/5_3_trigger_rule.py for tasks to queue
[2022-06-26 14:03:43,000] {logging_mixin.py:115} INFO - [2022-06-26 14:03:43,000] {dagbag.py:507} INFO - Filling up the DagBag from /opt/airflow/dags/chapter05/5_3_trigger_rule.py
[2022-06-26 14:03:43,015] {processor.py:651} INFO - DAG(s) dict_keys(['04_branch_dag_join']) retrieved from /opt/airflow/dags/chapter05/5_3_trigger_rule.py
[2022-06-26 14:03:43,038] {logging_mixin.py:115} INFO - [2022-06-26 14:03:43,038] {dag.py:2371} INFO - Sync 1 DAGs
[2022-06-26 14:03:43,057] {logging_mixin.py:115} INFO - [2022-06-26 14:03:43,057] {dag.py:2919} INFO - Setting next_dagrun for 04_branch_dag_join to 2022-06-23T00:00:00+00:00, run_after=2022-06-24T00:00:00+00:00
[2022-06-26 14:03:43,074] {processor.py:161} INFO - Processing /opt/airflow/dags/chapter05/5_3_trigger_rule.py took 0.080 seconds
[2022-06-26 14:04:14,018] {processor.py:153} INFO - Started process (PID=3161) to work on /opt/airflow/dags/chapter05/5_3_trigger_rule.py
[2022-06-26 14:04:14,020] {processor.py:641} INFO - Processing file /opt/airflow/dags/chapter05/5_3_trigger_rule.py for tasks to queue
[2022-06-26 14:04:14,021] {logging_mixin.py:115} INFO - [2022-06-26 14:04:14,021] {dagbag.py:507} INFO - Filling up the DagBag from /opt/airflow/dags/chapter05/5_3_trigger_rule.py
[2022-06-26 14:04:14,032] {processor.py:651} INFO - DAG(s) dict_keys(['04_branch_dag_join']) retrieved from /opt/airflow/dags/chapter05/5_3_trigger_rule.py
[2022-06-26 14:04:14,054] {logging_mixin.py:115} INFO - [2022-06-26 14:04:14,054] {dag.py:2371} INFO - Sync 1 DAGs
[2022-06-26 14:04:14,069] {logging_mixin.py:115} INFO - [2022-06-26 14:04:14,069] {dag.py:2919} INFO - Setting next_dagrun for 04_branch_dag_join to 2022-06-23T00:00:00+00:00, run_after=2022-06-24T00:00:00+00:00
[2022-06-26 14:04:14,081] {processor.py:161} INFO - Processing /opt/airflow/dags/chapter05/5_3_trigger_rule.py took 0.065 seconds
[2022-06-26 14:04:44,847] {processor.py:153} INFO - Started process (PID=3223) to work on /opt/airflow/dags/chapter05/5_3_trigger_rule.py
[2022-06-26 14:04:44,848] {processor.py:641} INFO - Processing file /opt/airflow/dags/chapter05/5_3_trigger_rule.py for tasks to queue
[2022-06-26 14:04:44,851] {logging_mixin.py:115} INFO - [2022-06-26 14:04:44,851] {dagbag.py:507} INFO - Filling up the DagBag from /opt/airflow/dags/chapter05/5_3_trigger_rule.py
[2022-06-26 14:04:44,862] {processor.py:651} INFO - DAG(s) dict_keys(['04_branch_dag_join']) retrieved from /opt/airflow/dags/chapter05/5_3_trigger_rule.py
[2022-06-26 14:04:44,881] {logging_mixin.py:115} INFO - [2022-06-26 14:04:44,881] {dag.py:2371} INFO - Sync 1 DAGs
[2022-06-26 14:04:44,894] {logging_mixin.py:115} INFO - [2022-06-26 14:04:44,894] {dag.py:2919} INFO - Setting next_dagrun for 04_branch_dag_join to 2022-06-23T00:00:00+00:00, run_after=2022-06-24T00:00:00+00:00
[2022-06-26 14:04:44,902] {processor.py:161} INFO - Processing /opt/airflow/dags/chapter05/5_3_trigger_rule.py took 0.057 seconds
[2022-06-26 14:05:15,698] {processor.py:153} INFO - Started process (PID=3284) to work on /opt/airflow/dags/chapter05/5_3_trigger_rule.py
[2022-06-26 14:05:15,700] {processor.py:641} INFO - Processing file /opt/airflow/dags/chapter05/5_3_trigger_rule.py for tasks to queue
[2022-06-26 14:05:15,701] {logging_mixin.py:115} INFO - [2022-06-26 14:05:15,701] {dagbag.py:507} INFO - Filling up the DagBag from /opt/airflow/dags/chapter05/5_3_trigger_rule.py
[2022-06-26 14:05:15,712] {processor.py:651} INFO - DAG(s) dict_keys(['04_branch_dag_join']) retrieved from /opt/airflow/dags/chapter05/5_3_trigger_rule.py
[2022-06-26 14:05:15,735] {logging_mixin.py:115} INFO - [2022-06-26 14:05:15,735] {dag.py:2371} INFO - Sync 1 DAGs
[2022-06-26 14:05:15,749] {logging_mixin.py:115} INFO - [2022-06-26 14:05:15,749] {dag.py:2919} INFO - Setting next_dagrun for 04_branch_dag_join to 2022-06-23T00:00:00+00:00, run_after=2022-06-24T00:00:00+00:00
[2022-06-26 14:05:15,757] {processor.py:161} INFO - Processing /opt/airflow/dags/chapter05/5_3_trigger_rule.py took 0.061 seconds
[2022-06-26 14:05:46,181] {processor.py:153} INFO - Started process (PID=3345) to work on /opt/airflow/dags/chapter05/5_3_trigger_rule.py
[2022-06-26 14:05:46,182] {processor.py:641} INFO - Processing file /opt/airflow/dags/chapter05/5_3_trigger_rule.py for tasks to queue
[2022-06-26 14:05:46,183] {logging_mixin.py:115} INFO - [2022-06-26 14:05:46,183] {dagbag.py:507} INFO - Filling up the DagBag from /opt/airflow/dags/chapter05/5_3_trigger_rule.py
[2022-06-26 14:05:46,194] {processor.py:651} INFO - DAG(s) dict_keys(['04_branch_dag_join']) retrieved from /opt/airflow/dags/chapter05/5_3_trigger_rule.py
[2022-06-26 14:05:46,213] {logging_mixin.py:115} INFO - [2022-06-26 14:05:46,213] {dag.py:2371} INFO - Sync 1 DAGs
[2022-06-26 14:05:46,227] {logging_mixin.py:115} INFO - [2022-06-26 14:05:46,227] {dag.py:2919} INFO - Setting next_dagrun for 04_branch_dag_join to 2022-06-23T00:00:00+00:00, run_after=2022-06-24T00:00:00+00:00
[2022-06-26 14:05:46,237] {processor.py:161} INFO - Processing /opt/airflow/dags/chapter05/5_3_trigger_rule.py took 0.059 seconds
[2022-06-26 14:09:52,619] {processor.py:153} INFO - Started process (PID=3396) to work on /opt/airflow/dags/chapter05/5_3_trigger_rule.py
[2022-06-26 14:09:52,621] {processor.py:641} INFO - Processing file /opt/airflow/dags/chapter05/5_3_trigger_rule.py for tasks to queue
[2022-06-26 14:09:52,625] {logging_mixin.py:115} INFO - [2022-06-26 14:09:52,625] {dagbag.py:507} INFO - Filling up the DagBag from /opt/airflow/dags/chapter05/5_3_trigger_rule.py
[2022-06-26 14:09:52,643] {processor.py:651} INFO - DAG(s) dict_keys(['04_branch_dag_join']) retrieved from /opt/airflow/dags/chapter05/5_3_trigger_rule.py
[2022-06-26 14:09:52,666] {logging_mixin.py:115} INFO - [2022-06-26 14:09:52,665] {dag.py:2371} INFO - Sync 1 DAGs
[2022-06-26 14:09:52,688] {logging_mixin.py:115} INFO - [2022-06-26 14:09:52,688] {dag.py:2919} INFO - Setting next_dagrun for 04_branch_dag_join to 2022-06-23T00:00:00+00:00, run_after=2022-06-24T00:00:00+00:00
[2022-06-26 14:09:52,834] {processor.py:161} INFO - Processing /opt/airflow/dags/chapter05/5_3_trigger_rule.py took 0.218 seconds
[2022-06-26 14:10:23,474] {processor.py:153} INFO - Started process (PID=3447) to work on /opt/airflow/dags/chapter05/5_3_trigger_rule.py
[2022-06-26 14:10:23,479] {processor.py:641} INFO - Processing file /opt/airflow/dags/chapter05/5_3_trigger_rule.py for tasks to queue
[2022-06-26 14:10:23,481] {logging_mixin.py:115} INFO - [2022-06-26 14:10:23,481] {dagbag.py:507} INFO - Filling up the DagBag from /opt/airflow/dags/chapter05/5_3_trigger_rule.py
[2022-06-26 14:10:23,500] {processor.py:651} INFO - DAG(s) dict_keys(['04_branch_dag_join']) retrieved from /opt/airflow/dags/chapter05/5_3_trigger_rule.py
[2022-06-26 14:10:23,540] {logging_mixin.py:115} INFO - [2022-06-26 14:10:23,540] {dag.py:2371} INFO - Sync 1 DAGs
[2022-06-26 14:10:23,559] {logging_mixin.py:115} INFO - [2022-06-26 14:10:23,559] {dag.py:2919} INFO - Setting next_dagrun for 04_branch_dag_join to 2022-06-23T00:00:00+00:00, run_after=2022-06-24T00:00:00+00:00
[2022-06-26 14:10:23,651] {processor.py:161} INFO - Processing /opt/airflow/dags/chapter05/5_3_trigger_rule.py took 0.180 seconds
[2022-06-26 14:10:53,820] {processor.py:153} INFO - Started process (PID=3508) to work on /opt/airflow/dags/chapter05/5_3_trigger_rule.py
[2022-06-26 14:10:53,821] {processor.py:641} INFO - Processing file /opt/airflow/dags/chapter05/5_3_trigger_rule.py for tasks to queue
[2022-06-26 14:10:53,823] {logging_mixin.py:115} INFO - [2022-06-26 14:10:53,823] {dagbag.py:507} INFO - Filling up the DagBag from /opt/airflow/dags/chapter05/5_3_trigger_rule.py
[2022-06-26 14:10:53,836] {processor.py:651} INFO - DAG(s) dict_keys(['04_branch_dag_join']) retrieved from /opt/airflow/dags/chapter05/5_3_trigger_rule.py
[2022-06-26 14:10:53,855] {logging_mixin.py:115} INFO - [2022-06-26 14:10:53,855] {dag.py:2371} INFO - Sync 1 DAGs
[2022-06-26 14:10:53,869] {logging_mixin.py:115} INFO - [2022-06-26 14:10:53,869] {dag.py:2919} INFO - Setting next_dagrun for 04_branch_dag_join to 2022-06-23T00:00:00+00:00, run_after=2022-06-24T00:00:00+00:00
[2022-06-26 14:10:53,958] {processor.py:161} INFO - Processing /opt/airflow/dags/chapter05/5_3_trigger_rule.py took 0.140 seconds
[2022-06-26 14:11:24,232] {processor.py:153} INFO - Started process (PID=3569) to work on /opt/airflow/dags/chapter05/5_3_trigger_rule.py
[2022-06-26 14:11:24,234] {processor.py:641} INFO - Processing file /opt/airflow/dags/chapter05/5_3_trigger_rule.py for tasks to queue
[2022-06-26 14:11:24,235] {logging_mixin.py:115} INFO - [2022-06-26 14:11:24,235] {dagbag.py:507} INFO - Filling up the DagBag from /opt/airflow/dags/chapter05/5_3_trigger_rule.py
[2022-06-26 14:11:24,251] {processor.py:651} INFO - DAG(s) dict_keys(['04_branch_dag_join']) retrieved from /opt/airflow/dags/chapter05/5_3_trigger_rule.py
[2022-06-26 14:11:24,274] {logging_mixin.py:115} INFO - [2022-06-26 14:11:24,274] {dag.py:2371} INFO - Sync 1 DAGs
[2022-06-26 14:11:24,291] {logging_mixin.py:115} INFO - [2022-06-26 14:11:24,291] {dag.py:2919} INFO - Setting next_dagrun for 04_branch_dag_join to 2022-06-23T00:00:00+00:00, run_after=2022-06-24T00:00:00+00:00
[2022-06-26 14:11:24,392] {processor.py:161} INFO - Processing /opt/airflow/dags/chapter05/5_3_trigger_rule.py took 0.162 seconds
[2022-06-26 14:11:54,512] {processor.py:153} INFO - Started process (PID=3630) to work on /opt/airflow/dags/chapter05/5_3_trigger_rule.py
[2022-06-26 14:11:54,515] {processor.py:641} INFO - Processing file /opt/airflow/dags/chapter05/5_3_trigger_rule.py for tasks to queue
[2022-06-26 14:11:54,516] {logging_mixin.py:115} INFO - [2022-06-26 14:11:54,516] {dagbag.py:507} INFO - Filling up the DagBag from /opt/airflow/dags/chapter05/5_3_trigger_rule.py
[2022-06-26 14:11:54,529] {processor.py:651} INFO - DAG(s) dict_keys(['04_branch_dag_join']) retrieved from /opt/airflow/dags/chapter05/5_3_trigger_rule.py
[2022-06-26 14:11:54,552] {logging_mixin.py:115} INFO - [2022-06-26 14:11:54,552] {dag.py:2371} INFO - Sync 1 DAGs
[2022-06-26 14:11:54,568] {logging_mixin.py:115} INFO - [2022-06-26 14:11:54,568] {dag.py:2919} INFO - Setting next_dagrun for 04_branch_dag_join to 2022-06-23T00:00:00+00:00, run_after=2022-06-24T00:00:00+00:00
[2022-06-26 14:11:54,663] {processor.py:161} INFO - Processing /opt/airflow/dags/chapter05/5_3_trigger_rule.py took 0.152 seconds
[2022-06-26 14:12:24,807] {processor.py:153} INFO - Started process (PID=3691) to work on /opt/airflow/dags/chapter05/5_3_trigger_rule.py
[2022-06-26 14:12:24,809] {processor.py:641} INFO - Processing file /opt/airflow/dags/chapter05/5_3_trigger_rule.py for tasks to queue
[2022-06-26 14:12:24,810] {logging_mixin.py:115} INFO - [2022-06-26 14:12:24,810] {dagbag.py:507} INFO - Filling up the DagBag from /opt/airflow/dags/chapter05/5_3_trigger_rule.py
[2022-06-26 14:12:24,821] {processor.py:651} INFO - DAG(s) dict_keys(['04_branch_dag_join']) retrieved from /opt/airflow/dags/chapter05/5_3_trigger_rule.py
[2022-06-26 14:12:24,839] {logging_mixin.py:115} INFO - [2022-06-26 14:12:24,839] {dag.py:2371} INFO - Sync 1 DAGs
[2022-06-26 14:12:24,854] {logging_mixin.py:115} INFO - [2022-06-26 14:12:24,854] {dag.py:2919} INFO - Setting next_dagrun for 04_branch_dag_join to 2022-06-23T00:00:00+00:00, run_after=2022-06-24T00:00:00+00:00
[2022-06-26 14:12:24,940] {processor.py:161} INFO - Processing /opt/airflow/dags/chapter05/5_3_trigger_rule.py took 0.135 seconds
[2022-06-26 14:12:55,512] {processor.py:153} INFO - Started process (PID=4242) to work on /opt/airflow/dags/chapter05/5_3_trigger_rule.py
[2022-06-26 14:12:55,515] {processor.py:641} INFO - Processing file /opt/airflow/dags/chapter05/5_3_trigger_rule.py for tasks to queue
[2022-06-26 14:12:55,518] {logging_mixin.py:115} INFO - [2022-06-26 14:12:55,518] {dagbag.py:507} INFO - Filling up the DagBag from /opt/airflow/dags/chapter05/5_3_trigger_rule.py
[2022-06-26 14:12:55,535] {processor.py:651} INFO - DAG(s) dict_keys(['04_branch_dag_join']) retrieved from /opt/airflow/dags/chapter05/5_3_trigger_rule.py
[2022-06-26 14:12:55,567] {logging_mixin.py:115} INFO - [2022-06-26 14:12:55,567] {dag.py:2371} INFO - Sync 1 DAGs
[2022-06-26 14:12:55,590] {logging_mixin.py:115} INFO - [2022-06-26 14:12:55,590] {dag.py:2919} INFO - Setting next_dagrun for 04_branch_dag_join to 2022-06-23T00:00:00+00:00, run_after=2022-06-24T00:00:00+00:00
[2022-06-26 14:12:55,707] {processor.py:161} INFO - Processing /opt/airflow/dags/chapter05/5_3_trigger_rule.py took 0.198 seconds
[2022-06-26 14:13:26,032] {processor.py:153} INFO - Started process (PID=4737) to work on /opt/airflow/dags/chapter05/5_3_trigger_rule.py
[2022-06-26 14:13:26,034] {processor.py:641} INFO - Processing file /opt/airflow/dags/chapter05/5_3_trigger_rule.py for tasks to queue
[2022-06-26 14:13:26,035] {logging_mixin.py:115} INFO - [2022-06-26 14:13:26,035] {dagbag.py:507} INFO - Filling up the DagBag from /opt/airflow/dags/chapter05/5_3_trigger_rule.py
[2022-06-26 14:13:26,049] {processor.py:651} INFO - DAG(s) dict_keys(['04_branch_dag_join']) retrieved from /opt/airflow/dags/chapter05/5_3_trigger_rule.py
[2022-06-26 14:13:26,068] {logging_mixin.py:115} INFO - [2022-06-26 14:13:26,068] {dag.py:2371} INFO - Sync 1 DAGs
[2022-06-26 14:13:26,082] {logging_mixin.py:115} INFO - [2022-06-26 14:13:26,082] {dag.py:2919} INFO - Setting next_dagrun for 04_branch_dag_join to 2022-06-23T00:00:00+00:00, run_after=2022-06-24T00:00:00+00:00
[2022-06-26 14:13:26,165] {processor.py:161} INFO - Processing /opt/airflow/dags/chapter05/5_3_trigger_rule.py took 0.135 seconds
[2022-06-26 14:13:56,613] {processor.py:153} INFO - Started process (PID=5729) to work on /opt/airflow/dags/chapter05/5_3_trigger_rule.py
[2022-06-26 14:13:56,616] {processor.py:641} INFO - Processing file /opt/airflow/dags/chapter05/5_3_trigger_rule.py for tasks to queue
[2022-06-26 14:13:56,618] {logging_mixin.py:115} INFO - [2022-06-26 14:13:56,618] {dagbag.py:507} INFO - Filling up the DagBag from /opt/airflow/dags/chapter05/5_3_trigger_rule.py
[2022-06-26 14:13:56,638] {processor.py:651} INFO - DAG(s) dict_keys(['04_branch_dag_join']) retrieved from /opt/airflow/dags/chapter05/5_3_trigger_rule.py
[2022-06-26 14:13:56,659] {logging_mixin.py:115} INFO - [2022-06-26 14:13:56,659] {dag.py:2371} INFO - Sync 1 DAGs
[2022-06-26 14:13:56,680] {logging_mixin.py:115} INFO - [2022-06-26 14:13:56,680] {dag.py:2919} INFO - Setting next_dagrun for 04_branch_dag_join to 2022-06-23T00:00:00+00:00, run_after=2022-06-24T00:00:00+00:00
[2022-06-26 14:13:56,775] {processor.py:161} INFO - Processing /opt/airflow/dags/chapter05/5_3_trigger_rule.py took 0.165 seconds
[2022-06-26 14:14:26,916] {processor.py:153} INFO - Started process (PID=6091) to work on /opt/airflow/dags/chapter05/5_3_trigger_rule.py
[2022-06-26 14:14:26,917] {processor.py:641} INFO - Processing file /opt/airflow/dags/chapter05/5_3_trigger_rule.py for tasks to queue
[2022-06-26 14:14:26,919] {logging_mixin.py:115} INFO - [2022-06-26 14:14:26,918] {dagbag.py:507} INFO - Filling up the DagBag from /opt/airflow/dags/chapter05/5_3_trigger_rule.py
[2022-06-26 14:14:26,928] {processor.py:651} INFO - DAG(s) dict_keys(['04_branch_dag_join']) retrieved from /opt/airflow/dags/chapter05/5_3_trigger_rule.py
[2022-06-26 14:14:26,946] {logging_mixin.py:115} INFO - [2022-06-26 14:14:26,946] {dag.py:2371} INFO - Sync 1 DAGs
[2022-06-26 14:14:26,960] {logging_mixin.py:115} INFO - [2022-06-26 14:14:26,960] {dag.py:2919} INFO - Setting next_dagrun for 04_branch_dag_join to 2022-06-23T00:00:00+00:00, run_after=2022-06-24T00:00:00+00:00
[2022-06-26 14:14:27,049] {processor.py:161} INFO - Processing /opt/airflow/dags/chapter05/5_3_trigger_rule.py took 0.135 seconds
[2022-06-26 14:14:57,509] {processor.py:153} INFO - Started process (PID=6463) to work on /opt/airflow/dags/chapter05/5_3_trigger_rule.py
[2022-06-26 14:14:57,510] {processor.py:641} INFO - Processing file /opt/airflow/dags/chapter05/5_3_trigger_rule.py for tasks to queue
[2022-06-26 14:14:57,512] {logging_mixin.py:115} INFO - [2022-06-26 14:14:57,512] {dagbag.py:507} INFO - Filling up the DagBag from /opt/airflow/dags/chapter05/5_3_trigger_rule.py
[2022-06-26 14:14:57,523] {processor.py:651} INFO - DAG(s) dict_keys(['04_branch_dag_join']) retrieved from /opt/airflow/dags/chapter05/5_3_trigger_rule.py
[2022-06-26 14:14:57,541] {logging_mixin.py:115} INFO - [2022-06-26 14:14:57,541] {dag.py:2371} INFO - Sync 1 DAGs
[2022-06-26 14:14:57,636] {logging_mixin.py:115} INFO - [2022-06-26 14:14:57,636] {dag.py:2919} INFO - Setting next_dagrun for 04_branch_dag_join to 2022-06-23T00:00:00+00:00, run_after=2022-06-24T00:00:00+00:00
[2022-06-26 14:14:57,646] {processor.py:161} INFO - Processing /opt/airflow/dags/chapter05/5_3_trigger_rule.py took 0.140 seconds
[2022-06-26 14:15:28,227] {processor.py:153} INFO - Started process (PID=6837) to work on /opt/airflow/dags/chapter05/5_3_trigger_rule.py
[2022-06-26 14:15:28,229] {processor.py:641} INFO - Processing file /opt/airflow/dags/chapter05/5_3_trigger_rule.py for tasks to queue
[2022-06-26 14:15:28,230] {logging_mixin.py:115} INFO - [2022-06-26 14:15:28,230] {dagbag.py:507} INFO - Filling up the DagBag from /opt/airflow/dags/chapter05/5_3_trigger_rule.py
[2022-06-26 14:15:28,242] {processor.py:651} INFO - DAG(s) dict_keys(['04_branch_dag_join']) retrieved from /opt/airflow/dags/chapter05/5_3_trigger_rule.py
[2022-06-26 14:15:28,262] {logging_mixin.py:115} INFO - [2022-06-26 14:15:28,262] {dag.py:2371} INFO - Sync 1 DAGs
[2022-06-26 14:15:28,364] {logging_mixin.py:115} INFO - [2022-06-26 14:15:28,364] {dag.py:2919} INFO - Setting next_dagrun for 04_branch_dag_join to 2022-06-23T00:00:00+00:00, run_after=2022-06-24T00:00:00+00:00
[2022-06-26 14:15:28,373] {processor.py:161} INFO - Processing /opt/airflow/dags/chapter05/5_3_trigger_rule.py took 0.148 seconds
[2022-06-26 14:15:59,080] {processor.py:153} INFO - Started process (PID=7450) to work on /opt/airflow/dags/chapter05/5_3_trigger_rule.py
[2022-06-26 14:15:59,083] {processor.py:641} INFO - Processing file /opt/airflow/dags/chapter05/5_3_trigger_rule.py for tasks to queue
[2022-06-26 14:15:59,085] {logging_mixin.py:115} INFO - [2022-06-26 14:15:59,085] {dagbag.py:507} INFO - Filling up the DagBag from /opt/airflow/dags/chapter05/5_3_trigger_rule.py
[2022-06-26 14:15:59,104] {processor.py:651} INFO - DAG(s) dict_keys(['04_branch_dag_join']) retrieved from /opt/airflow/dags/chapter05/5_3_trigger_rule.py
[2022-06-26 14:15:59,142] {logging_mixin.py:115} INFO - [2022-06-26 14:15:59,142] {dag.py:2371} INFO - Sync 1 DAGs
[2022-06-26 14:15:59,268] {logging_mixin.py:115} INFO - [2022-06-26 14:15:59,268] {dag.py:2919} INFO - Setting next_dagrun for 04_branch_dag_join to 2022-06-23T00:00:00+00:00, run_after=2022-06-24T00:00:00+00:00
[2022-06-26 14:15:59,278] {processor.py:161} INFO - Processing /opt/airflow/dags/chapter05/5_3_trigger_rule.py took 0.201 seconds
[2022-06-26 14:16:29,850] {processor.py:153} INFO - Started process (PID=9125) to work on /opt/airflow/dags/chapter05/5_3_trigger_rule.py
[2022-06-26 14:16:29,852] {processor.py:641} INFO - Processing file /opt/airflow/dags/chapter05/5_3_trigger_rule.py for tasks to queue
[2022-06-26 14:16:29,853] {logging_mixin.py:115} INFO - [2022-06-26 14:16:29,853] {dagbag.py:507} INFO - Filling up the DagBag from /opt/airflow/dags/chapter05/5_3_trigger_rule.py
[2022-06-26 14:16:29,867] {processor.py:651} INFO - DAG(s) dict_keys(['04_branch_dag_join']) retrieved from /opt/airflow/dags/chapter05/5_3_trigger_rule.py
[2022-06-26 14:16:29,890] {logging_mixin.py:115} INFO - [2022-06-26 14:16:29,890] {dag.py:2371} INFO - Sync 1 DAGs
[2022-06-26 14:16:30,030] {logging_mixin.py:115} INFO - [2022-06-26 14:16:30,030] {dag.py:2919} INFO - Setting next_dagrun for 04_branch_dag_join to 2022-06-23T00:00:00+00:00, run_after=2022-06-24T00:00:00+00:00
[2022-06-26 14:16:30,041] {processor.py:161} INFO - Processing /opt/airflow/dags/chapter05/5_3_trigger_rule.py took 0.193 seconds
[2022-06-26 14:17:00,237] {processor.py:153} INFO - Started process (PID=9899) to work on /opt/airflow/dags/chapter05/5_3_trigger_rule.py
[2022-06-26 14:17:00,239] {processor.py:641} INFO - Processing file /opt/airflow/dags/chapter05/5_3_trigger_rule.py for tasks to queue
[2022-06-26 14:17:00,242] {logging_mixin.py:115} INFO - [2022-06-26 14:17:00,242] {dagbag.py:507} INFO - Filling up the DagBag from /opt/airflow/dags/chapter05/5_3_trigger_rule.py
[2022-06-26 14:17:00,255] {processor.py:651} INFO - DAG(s) dict_keys(['04_branch_dag_join']) retrieved from /opt/airflow/dags/chapter05/5_3_trigger_rule.py
[2022-06-26 14:17:00,274] {logging_mixin.py:115} INFO - [2022-06-26 14:17:00,274] {dag.py:2371} INFO - Sync 1 DAGs
[2022-06-26 14:17:00,367] {logging_mixin.py:115} INFO - [2022-06-26 14:17:00,367] {dag.py:2919} INFO - Setting next_dagrun for 04_branch_dag_join to 2022-06-23T00:00:00+00:00, run_after=2022-06-24T00:00:00+00:00
[2022-06-26 14:17:00,376] {processor.py:161} INFO - Processing /opt/airflow/dags/chapter05/5_3_trigger_rule.py took 0.141 seconds
[2022-06-26 14:17:30,825] {processor.py:153} INFO - Started process (PID=10828) to work on /opt/airflow/dags/chapter05/5_3_trigger_rule.py
[2022-06-26 14:17:30,827] {processor.py:641} INFO - Processing file /opt/airflow/dags/chapter05/5_3_trigger_rule.py for tasks to queue
[2022-06-26 14:17:30,828] {logging_mixin.py:115} INFO - [2022-06-26 14:17:30,828] {dagbag.py:507} INFO - Filling up the DagBag from /opt/airflow/dags/chapter05/5_3_trigger_rule.py
[2022-06-26 14:17:30,839] {processor.py:651} INFO - DAG(s) dict_keys(['04_branch_dag_join']) retrieved from /opt/airflow/dags/chapter05/5_3_trigger_rule.py
[2022-06-26 14:17:30,860] {logging_mixin.py:115} INFO - [2022-06-26 14:17:30,859] {dag.py:2371} INFO - Sync 1 DAGs
[2022-06-26 14:17:30,962] {logging_mixin.py:115} INFO - [2022-06-26 14:17:30,961] {dag.py:2919} INFO - Setting next_dagrun for 04_branch_dag_join to 2022-06-23T00:00:00+00:00, run_after=2022-06-24T00:00:00+00:00
[2022-06-26 14:17:30,972] {processor.py:161} INFO - Processing /opt/airflow/dags/chapter05/5_3_trigger_rule.py took 0.150 seconds
[2022-06-26 14:18:01,284] {processor.py:153} INFO - Started process (PID=11390) to work on /opt/airflow/dags/chapter05/5_3_trigger_rule.py
[2022-06-26 14:18:01,286] {processor.py:641} INFO - Processing file /opt/airflow/dags/chapter05/5_3_trigger_rule.py for tasks to queue
[2022-06-26 14:18:01,288] {logging_mixin.py:115} INFO - [2022-06-26 14:18:01,287] {dagbag.py:507} INFO - Filling up the DagBag from /opt/airflow/dags/chapter05/5_3_trigger_rule.py
[2022-06-26 14:18:01,302] {processor.py:651} INFO - DAG(s) dict_keys(['04_branch_dag_join']) retrieved from /opt/airflow/dags/chapter05/5_3_trigger_rule.py
[2022-06-26 14:18:01,324] {logging_mixin.py:115} INFO - [2022-06-26 14:18:01,324] {dag.py:2371} INFO - Sync 1 DAGs
[2022-06-26 14:18:01,422] {logging_mixin.py:115} INFO - [2022-06-26 14:18:01,422] {dag.py:2919} INFO - Setting next_dagrun for 04_branch_dag_join to 2022-06-23T00:00:00+00:00, run_after=2022-06-24T00:00:00+00:00
[2022-06-26 14:18:01,433] {processor.py:161} INFO - Processing /opt/airflow/dags/chapter05/5_3_trigger_rule.py took 0.151 seconds
[2022-06-26 14:18:32,320] {processor.py:153} INFO - Started process (PID=12213) to work on /opt/airflow/dags/chapter05/5_3_trigger_rule.py
[2022-06-26 14:18:32,321] {processor.py:641} INFO - Processing file /opt/airflow/dags/chapter05/5_3_trigger_rule.py for tasks to queue
[2022-06-26 14:18:32,323] {logging_mixin.py:115} INFO - [2022-06-26 14:18:32,323] {dagbag.py:507} INFO - Filling up the DagBag from /opt/airflow/dags/chapter05/5_3_trigger_rule.py
[2022-06-26 14:18:32,336] {processor.py:651} INFO - DAG(s) dict_keys(['04_branch_dag_join']) retrieved from /opt/airflow/dags/chapter05/5_3_trigger_rule.py
[2022-06-26 14:18:32,358] {logging_mixin.py:115} INFO - [2022-06-26 14:18:32,357] {dag.py:2371} INFO - Sync 1 DAGs
[2022-06-26 14:18:32,469] {logging_mixin.py:115} INFO - [2022-06-26 14:18:32,469] {dag.py:2919} INFO - Setting next_dagrun for 04_branch_dag_join to 2022-06-23T00:00:00+00:00, run_after=2022-06-24T00:00:00+00:00
[2022-06-26 14:18:32,480] {processor.py:161} INFO - Processing /opt/airflow/dags/chapter05/5_3_trigger_rule.py took 0.163 seconds
[2022-06-26 14:19:03,196] {processor.py:153} INFO - Started process (PID=12596) to work on /opt/airflow/dags/chapter05/5_3_trigger_rule.py
[2022-06-26 14:19:03,199] {processor.py:641} INFO - Processing file /opt/airflow/dags/chapter05/5_3_trigger_rule.py for tasks to queue
[2022-06-26 14:19:03,200] {logging_mixin.py:115} INFO - [2022-06-26 14:19:03,200] {dagbag.py:507} INFO - Filling up the DagBag from /opt/airflow/dags/chapter05/5_3_trigger_rule.py
[2022-06-26 14:19:03,214] {processor.py:651} INFO - DAG(s) dict_keys(['04_branch_dag_join']) retrieved from /opt/airflow/dags/chapter05/5_3_trigger_rule.py
[2022-06-26 14:19:03,238] {logging_mixin.py:115} INFO - [2022-06-26 14:19:03,238] {dag.py:2371} INFO - Sync 1 DAGs
[2022-06-26 14:19:03,354] {logging_mixin.py:115} INFO - [2022-06-26 14:19:03,354] {dag.py:2919} INFO - Setting next_dagrun for 04_branch_dag_join to 2022-06-23T00:00:00+00:00, run_after=2022-06-24T00:00:00+00:00
[2022-06-26 14:19:03,365] {processor.py:161} INFO - Processing /opt/airflow/dags/chapter05/5_3_trigger_rule.py took 0.171 seconds
[2022-06-26 14:19:34,062] {processor.py:153} INFO - Started process (PID=13584) to work on /opt/airflow/dags/chapter05/5_3_trigger_rule.py
[2022-06-26 14:19:34,063] {processor.py:641} INFO - Processing file /opt/airflow/dags/chapter05/5_3_trigger_rule.py for tasks to queue
[2022-06-26 14:19:34,064] {logging_mixin.py:115} INFO - [2022-06-26 14:19:34,064] {dagbag.py:507} INFO - Filling up the DagBag from /opt/airflow/dags/chapter05/5_3_trigger_rule.py
[2022-06-26 14:19:34,078] {processor.py:651} INFO - DAG(s) dict_keys(['04_branch_dag_join']) retrieved from /opt/airflow/dags/chapter05/5_3_trigger_rule.py
[2022-06-26 14:19:34,097] {logging_mixin.py:115} INFO - [2022-06-26 14:19:34,097] {dag.py:2371} INFO - Sync 1 DAGs
[2022-06-26 14:19:34,200] {logging_mixin.py:115} INFO - [2022-06-26 14:19:34,200] {dag.py:2919} INFO - Setting next_dagrun for 04_branch_dag_join to 2022-06-23T00:00:00+00:00, run_after=2022-06-24T00:00:00+00:00
[2022-06-26 14:19:34,217] {processor.py:161} INFO - Processing /opt/airflow/dags/chapter05/5_3_trigger_rule.py took 0.158 seconds
[2022-06-26 14:20:05,021] {processor.py:153} INFO - Started process (PID=14360) to work on /opt/airflow/dags/chapter05/5_3_trigger_rule.py
[2022-06-26 14:20:05,023] {processor.py:641} INFO - Processing file /opt/airflow/dags/chapter05/5_3_trigger_rule.py for tasks to queue
[2022-06-26 14:20:05,025] {logging_mixin.py:115} INFO - [2022-06-26 14:20:05,025] {dagbag.py:507} INFO - Filling up the DagBag from /opt/airflow/dags/chapter05/5_3_trigger_rule.py
[2022-06-26 14:20:05,037] {processor.py:651} INFO - DAG(s) dict_keys(['04_branch_dag_join']) retrieved from /opt/airflow/dags/chapter05/5_3_trigger_rule.py
[2022-06-26 14:20:05,060] {logging_mixin.py:115} INFO - [2022-06-26 14:20:05,060] {dag.py:2371} INFO - Sync 1 DAGs
[2022-06-26 14:20:05,165] {logging_mixin.py:115} INFO - [2022-06-26 14:20:05,165] {dag.py:2919} INFO - Setting next_dagrun for 04_branch_dag_join to 2022-06-23T00:00:00+00:00, run_after=2022-06-24T00:00:00+00:00
[2022-06-26 14:20:05,177] {processor.py:161} INFO - Processing /opt/airflow/dags/chapter05/5_3_trigger_rule.py took 0.158 seconds
[2022-06-26 14:53:09,508] {processor.py:153} INFO - Started process (PID=14822) to work on /opt/airflow/dags/chapter05/5_3_trigger_rule.py
[2022-06-26 14:53:09,513] {processor.py:641} INFO - Processing file /opt/airflow/dags/chapter05/5_3_trigger_rule.py for tasks to queue
[2022-06-26 14:53:09,520] {logging_mixin.py:115} INFO - [2022-06-26 14:53:09,520] {dagbag.py:507} INFO - Filling up the DagBag from /opt/airflow/dags/chapter05/5_3_trigger_rule.py
[2022-06-26 14:53:09,565] {processor.py:651} INFO - DAG(s) dict_keys(['04_branch_dag_join']) retrieved from /opt/airflow/dags/chapter05/5_3_trigger_rule.py
[2022-06-26 14:53:09,664] {logging_mixin.py:115} INFO - [2022-06-26 14:53:09,664] {dag.py:2371} INFO - Sync 1 DAGs
[2022-06-26 14:53:09,849] {logging_mixin.py:115} INFO - [2022-06-26 14:53:09,848] {dag.py:2919} INFO - Setting next_dagrun for 04_branch_dag_join to 2022-06-23T00:00:00+00:00, run_after=2022-06-24T00:00:00+00:00
[2022-06-26 14:53:09,866] {processor.py:161} INFO - Processing /opt/airflow/dags/chapter05/5_3_trigger_rule.py took 0.363 seconds
[2022-06-26 16:16:00,767] {processor.py:153} INFO - Started process (PID=15203) to work on /opt/airflow/dags/chapter05/5_3_trigger_rule.py
[2022-06-26 16:16:00,770] {processor.py:641} INFO - Processing file /opt/airflow/dags/chapter05/5_3_trigger_rule.py for tasks to queue
[2022-06-26 16:16:00,772] {logging_mixin.py:115} INFO - [2022-06-26 16:16:00,772] {dagbag.py:507} INFO - Filling up the DagBag from /opt/airflow/dags/chapter05/5_3_trigger_rule.py
[2022-06-26 16:16:00,787] {processor.py:651} INFO - DAG(s) dict_keys(['04_branch_dag_join']) retrieved from /opt/airflow/dags/chapter05/5_3_trigger_rule.py
[2022-06-26 16:16:00,923] {logging_mixin.py:115} INFO - [2022-06-26 16:16:00,923] {dag.py:2371} INFO - Sync 1 DAGs
[2022-06-26 16:16:00,939] {logging_mixin.py:115} INFO - [2022-06-26 16:16:00,939] {dag.py:2919} INFO - Setting next_dagrun for 04_branch_dag_join to 2022-06-23T00:00:00+00:00, run_after=2022-06-24T00:00:00+00:00
[2022-06-26 16:16:00,949] {processor.py:161} INFO - Processing /opt/airflow/dags/chapter05/5_3_trigger_rule.py took 0.185 seconds
[2022-06-26 17:21:22,073] {processor.py:153} INFO - Started process (PID=15553) to work on /opt/airflow/dags/chapter05/5_3_trigger_rule.py
[2022-06-26 17:21:22,075] {processor.py:641} INFO - Processing file /opt/airflow/dags/chapter05/5_3_trigger_rule.py for tasks to queue
[2022-06-26 17:21:22,077] {logging_mixin.py:115} INFO - [2022-06-26 17:21:22,077] {dagbag.py:507} INFO - Filling up the DagBag from /opt/airflow/dags/chapter05/5_3_trigger_rule.py
[2022-06-26 17:21:22,094] {processor.py:651} INFO - DAG(s) dict_keys(['04_branch_dag_join']) retrieved from /opt/airflow/dags/chapter05/5_3_trigger_rule.py
[2022-06-26 17:21:22,202] {logging_mixin.py:115} INFO - [2022-06-26 17:21:22,202] {dag.py:2371} INFO - Sync 1 DAGs
[2022-06-26 17:21:22,222] {logging_mixin.py:115} INFO - [2022-06-26 17:21:22,222] {dag.py:2919} INFO - Setting next_dagrun for 04_branch_dag_join to 2022-06-23T00:00:00+00:00, run_after=2022-06-24T00:00:00+00:00
[2022-06-26 17:21:22,235] {processor.py:161} INFO - Processing /opt/airflow/dags/chapter05/5_3_trigger_rule.py took 0.167 seconds
[2022-06-26 18:41:38,223] {processor.py:153} INFO - Started process (PID=15920) to work on /opt/airflow/dags/chapter05/5_3_trigger_rule.py
[2022-06-26 18:41:38,229] {processor.py:641} INFO - Processing file /opt/airflow/dags/chapter05/5_3_trigger_rule.py for tasks to queue
[2022-06-26 18:41:38,233] {logging_mixin.py:115} INFO - [2022-06-26 18:41:38,232] {dagbag.py:507} INFO - Filling up the DagBag from /opt/airflow/dags/chapter05/5_3_trigger_rule.py
[2022-06-26 18:41:38,374] {processor.py:651} INFO - DAG(s) dict_keys(['04_branch_dag_join']) retrieved from /opt/airflow/dags/chapter05/5_3_trigger_rule.py
[2022-06-26 18:41:38,398] {logging_mixin.py:115} INFO - [2022-06-26 18:41:38,398] {dag.py:2371} INFO - Sync 1 DAGs
[2022-06-26 18:41:38,423] {logging_mixin.py:115} INFO - [2022-06-26 18:41:38,423] {dag.py:2919} INFO - Setting next_dagrun for 04_branch_dag_join to 2022-06-23T00:00:00+00:00, run_after=2022-06-24T00:00:00+00:00
[2022-06-26 18:41:38,438] {processor.py:161} INFO - Processing /opt/airflow/dags/chapter05/5_3_trigger_rule.py took 0.218 seconds
[2022-06-26 20:03:39,772] {processor.py:153} INFO - Started process (PID=16198) to work on /opt/airflow/dags/chapter05/5_3_trigger_rule.py
[2022-06-26 20:03:39,775] {processor.py:641} INFO - Processing file /opt/airflow/dags/chapter05/5_3_trigger_rule.py for tasks to queue
[2022-06-26 20:03:39,779] {logging_mixin.py:115} INFO - [2022-06-26 20:03:39,779] {dagbag.py:507} INFO - Filling up the DagBag from /opt/airflow/dags/chapter05/5_3_trigger_rule.py
[2022-06-26 20:03:39,807] {processor.py:651} INFO - DAG(s) dict_keys(['04_branch_dag_join']) retrieved from /opt/airflow/dags/chapter05/5_3_trigger_rule.py
[2022-06-26 20:03:39,841] {logging_mixin.py:115} INFO - [2022-06-26 20:03:39,841] {dag.py:2371} INFO - Sync 1 DAGs
[2022-06-26 20:03:39,867] {logging_mixin.py:115} INFO - [2022-06-26 20:03:39,867] {dag.py:2919} INFO - Setting next_dagrun for 04_branch_dag_join to 2022-06-23T00:00:00+00:00, run_after=2022-06-24T00:00:00+00:00
[2022-06-26 20:03:39,887] {processor.py:161} INFO - Processing /opt/airflow/dags/chapter05/5_3_trigger_rule.py took 0.119 seconds
[2022-06-26 21:23:32,456] {processor.py:153} INFO - Started process (PID=16478) to work on /opt/airflow/dags/chapter05/5_3_trigger_rule.py
[2022-06-26 21:23:32,459] {processor.py:641} INFO - Processing file /opt/airflow/dags/chapter05/5_3_trigger_rule.py for tasks to queue
[2022-06-26 21:23:32,462] {logging_mixin.py:115} INFO - [2022-06-26 21:23:32,462] {dagbag.py:507} INFO - Filling up the DagBag from /opt/airflow/dags/chapter05/5_3_trigger_rule.py
[2022-06-26 21:23:32,494] {processor.py:651} INFO - DAG(s) dict_keys(['04_branch_dag_join']) retrieved from /opt/airflow/dags/chapter05/5_3_trigger_rule.py
[2022-06-26 21:23:32,563] {logging_mixin.py:115} INFO - [2022-06-26 21:23:32,563] {dag.py:2371} INFO - Sync 1 DAGs
[2022-06-26 21:23:32,601] {logging_mixin.py:115} INFO - [2022-06-26 21:23:32,601] {dag.py:2919} INFO - Setting next_dagrun for 04_branch_dag_join to 2022-06-23T00:00:00+00:00, run_after=2022-06-24T00:00:00+00:00
[2022-06-26 21:23:32,622] {processor.py:161} INFO - Processing /opt/airflow/dags/chapter05/5_3_trigger_rule.py took 0.170 seconds
[2022-06-26 22:29:32,332] {processor.py:153} INFO - Started process (PID=16758) to work on /opt/airflow/dags/chapter05/5_3_trigger_rule.py
[2022-06-26 22:29:32,335] {processor.py:641} INFO - Processing file /opt/airflow/dags/chapter05/5_3_trigger_rule.py for tasks to queue
[2022-06-26 22:29:32,337] {logging_mixin.py:115} INFO - [2022-06-26 22:29:32,337] {dagbag.py:507} INFO - Filling up the DagBag from /opt/airflow/dags/chapter05/5_3_trigger_rule.py
[2022-06-26 22:29:32,361] {processor.py:651} INFO - DAG(s) dict_keys(['04_branch_dag_join']) retrieved from /opt/airflow/dags/chapter05/5_3_trigger_rule.py
[2022-06-26 22:29:32,393] {logging_mixin.py:115} INFO - [2022-06-26 22:29:32,393] {dag.py:2371} INFO - Sync 1 DAGs
[2022-06-26 22:29:32,416] {logging_mixin.py:115} INFO - [2022-06-26 22:29:32,416] {dag.py:2919} INFO - Setting next_dagrun for 04_branch_dag_join to 2022-06-23T00:00:00+00:00, run_after=2022-06-24T00:00:00+00:00
[2022-06-26 22:29:32,433] {processor.py:161} INFO - Processing /opt/airflow/dags/chapter05/5_3_trigger_rule.py took 0.103 seconds
[2022-06-26 23:11:57,441] {processor.py:153} INFO - Started process (PID=17070) to work on /opt/airflow/dags/chapter05/5_3_trigger_rule.py
[2022-06-26 23:11:57,447] {processor.py:641} INFO - Processing file /opt/airflow/dags/chapter05/5_3_trigger_rule.py for tasks to queue
[2022-06-26 23:11:57,452] {logging_mixin.py:115} INFO - [2022-06-26 23:11:57,452] {dagbag.py:507} INFO - Filling up the DagBag from /opt/airflow/dags/chapter05/5_3_trigger_rule.py
[2022-06-26 23:11:57,486] {processor.py:651} INFO - DAG(s) dict_keys(['04_branch_dag_join']) retrieved from /opt/airflow/dags/chapter05/5_3_trigger_rule.py
[2022-06-26 23:11:57,527] {logging_mixin.py:115} INFO - [2022-06-26 23:11:57,527] {dag.py:2371} INFO - Sync 1 DAGs
[2022-06-26 23:11:57,558] {logging_mixin.py:115} INFO - [2022-06-26 23:11:57,557] {dag.py:2919} INFO - Setting next_dagrun for 04_branch_dag_join to 2022-06-23T00:00:00+00:00, run_after=2022-06-24T00:00:00+00:00
[2022-06-26 23:11:57,586] {processor.py:161} INFO - Processing /opt/airflow/dags/chapter05/5_3_trigger_rule.py took 0.148 seconds
[2022-06-26 23:12:28,565] {processor.py:153} INFO - Started process (PID=17357) to work on /opt/airflow/dags/chapter05/5_3_trigger_rule.py
[2022-06-26 23:12:28,567] {processor.py:641} INFO - Processing file /opt/airflow/dags/chapter05/5_3_trigger_rule.py for tasks to queue
[2022-06-26 23:12:28,568] {logging_mixin.py:115} INFO - [2022-06-26 23:12:28,568] {dagbag.py:507} INFO - Filling up the DagBag from /opt/airflow/dags/chapter05/5_3_trigger_rule.py
[2022-06-26 23:12:28,578] {processor.py:651} INFO - DAG(s) dict_keys(['04_branch_dag_join']) retrieved from /opt/airflow/dags/chapter05/5_3_trigger_rule.py
[2022-06-26 23:12:28,595] {logging_mixin.py:115} INFO - [2022-06-26 23:12:28,595] {dag.py:2371} INFO - Sync 1 DAGs
[2022-06-26 23:12:28,609] {logging_mixin.py:115} INFO - [2022-06-26 23:12:28,608] {dag.py:2919} INFO - Setting next_dagrun for 04_branch_dag_join to 2022-06-23T00:00:00+00:00, run_after=2022-06-24T00:00:00+00:00
[2022-06-26 23:12:28,616] {processor.py:161} INFO - Processing /opt/airflow/dags/chapter05/5_3_trigger_rule.py took 0.054 seconds
[2022-06-26 23:12:59,382] {processor.py:153} INFO - Started process (PID=17637) to work on /opt/airflow/dags/chapter05/5_3_trigger_rule.py
[2022-06-26 23:12:59,383] {processor.py:641} INFO - Processing file /opt/airflow/dags/chapter05/5_3_trigger_rule.py for tasks to queue
[2022-06-26 23:12:59,384] {logging_mixin.py:115} INFO - [2022-06-26 23:12:59,384] {dagbag.py:507} INFO - Filling up the DagBag from /opt/airflow/dags/chapter05/5_3_trigger_rule.py
[2022-06-26 23:12:59,396] {processor.py:651} INFO - DAG(s) dict_keys(['04_branch_dag_join']) retrieved from /opt/airflow/dags/chapter05/5_3_trigger_rule.py
[2022-06-26 23:12:59,415] {logging_mixin.py:115} INFO - [2022-06-26 23:12:59,415] {dag.py:2371} INFO - Sync 1 DAGs
[2022-06-26 23:12:59,428] {logging_mixin.py:115} INFO - [2022-06-26 23:12:59,428] {dag.py:2919} INFO - Setting next_dagrun for 04_branch_dag_join to 2022-06-23T00:00:00+00:00, run_after=2022-06-24T00:00:00+00:00
[2022-06-26 23:12:59,435] {processor.py:161} INFO - Processing /opt/airflow/dags/chapter05/5_3_trigger_rule.py took 0.056 seconds
[2022-06-26 23:31:50,262] {processor.py:153} INFO - Started process (PID=17905) to work on /opt/airflow/dags/chapter05/5_3_trigger_rule.py
[2022-06-26 23:31:50,265] {processor.py:641} INFO - Processing file /opt/airflow/dags/chapter05/5_3_trigger_rule.py for tasks to queue
[2022-06-26 23:31:50,271] {logging_mixin.py:115} INFO - [2022-06-26 23:31:50,270] {dagbag.py:507} INFO - Filling up the DagBag from /opt/airflow/dags/chapter05/5_3_trigger_rule.py
[2022-06-26 23:31:50,289] {processor.py:651} INFO - DAG(s) dict_keys(['04_branch_dag_join']) retrieved from /opt/airflow/dags/chapter05/5_3_trigger_rule.py
[2022-06-26 23:31:50,326] {logging_mixin.py:115} INFO - [2022-06-26 23:31:50,326] {dag.py:2371} INFO - Sync 1 DAGs
[2022-06-26 23:31:50,357] {logging_mixin.py:115} INFO - [2022-06-26 23:31:50,357] {dag.py:2919} INFO - Setting next_dagrun for 04_branch_dag_join to 2022-06-23T00:00:00+00:00, run_after=2022-06-24T00:00:00+00:00
[2022-06-26 23:31:50,377] {processor.py:161} INFO - Processing /opt/airflow/dags/chapter05/5_3_trigger_rule.py took 0.118 seconds
