[2022-06-20 01:50:19,966] {processor.py:153} INFO - Started process (PID=61) to work on /opt/airflow/dags/chapter03/dags/05_query_with_dates.py
[2022-06-20 01:50:19,968] {processor.py:641} INFO - Processing file /opt/airflow/dags/chapter03/dags/05_query_with_dates.py for tasks to queue
[2022-06-20 01:50:19,970] {logging_mixin.py:115} INFO - [2022-06-20 01:50:19,970] {dagbag.py:507} INFO - Filling up the DagBag from /opt/airflow/dags/chapter03/dags/05_query_with_dates.py
[2022-06-20 01:50:20,419] {processor.py:651} INFO - DAG(s) dict_keys(['05_query_with_dates']) retrieved from /opt/airflow/dags/chapter03/dags/05_query_with_dates.py
[2022-06-20 01:50:20,535] {logging_mixin.py:115} INFO - [2022-06-20 01:50:20,535] {manager.py:508} INFO - Created Permission View: can read on DAG:05_query_with_dates
[2022-06-20 01:50:20,549] {logging_mixin.py:115} INFO - [2022-06-20 01:50:20,548] {manager.py:508} INFO - Created Permission View: can edit on DAG:05_query_with_dates
[2022-06-20 01:50:20,564] {logging_mixin.py:115} INFO - [2022-06-20 01:50:20,564] {manager.py:508} INFO - Created Permission View: can delete on DAG:05_query_with_dates
[2022-06-20 01:50:20,566] {logging_mixin.py:115} INFO - [2022-06-20 01:50:20,566] {dag.py:2371} INFO - Sync 1 DAGs
[2022-06-20 01:50:20,573] {logging_mixin.py:115} INFO - [2022-06-20 01:50:20,573] {dag.py:2390} INFO - Creating ORM DAG for 05_query_with_dates
[2022-06-20 01:50:20,585] {logging_mixin.py:115} INFO - [2022-06-20 01:50:20,585] {dag.py:2919} INFO - Setting next_dagrun for 05_query_with_dates to 2019-01-01T00:00:00+00:00, run_after=2019-01-02T00:00:00+00:00
[2022-06-20 01:50:20,606] {processor.py:161} INFO - Processing /opt/airflow/dags/chapter03/dags/05_query_with_dates.py took 0.643 seconds
[2022-06-20 01:50:50,825] {processor.py:153} INFO - Started process (PID=140) to work on /opt/airflow/dags/chapter03/dags/05_query_with_dates.py
[2022-06-20 01:50:50,827] {processor.py:641} INFO - Processing file /opt/airflow/dags/chapter03/dags/05_query_with_dates.py for tasks to queue
[2022-06-20 01:50:50,828] {logging_mixin.py:115} INFO - [2022-06-20 01:50:50,828] {dagbag.py:507} INFO - Filling up the DagBag from /opt/airflow/dags/chapter03/dags/05_query_with_dates.py
[2022-06-20 01:50:51,091] {processor.py:651} INFO - DAG(s) dict_keys(['05_query_with_dates']) retrieved from /opt/airflow/dags/chapter03/dags/05_query_with_dates.py
[2022-06-20 01:50:51,118] {logging_mixin.py:115} INFO - [2022-06-20 01:50:51,118] {dag.py:2371} INFO - Sync 1 DAGs
[2022-06-20 01:50:51,133] {logging_mixin.py:115} INFO - [2022-06-20 01:50:51,133] {dag.py:2919} INFO - Setting next_dagrun for 05_query_with_dates to 2019-01-01T00:00:00+00:00, run_after=2019-01-02T00:00:00+00:00
[2022-06-20 01:50:51,143] {processor.py:161} INFO - Processing /opt/airflow/dags/chapter03/dags/05_query_with_dates.py took 0.322 seconds
[2022-06-20 01:51:21,330] {processor.py:153} INFO - Started process (PID=249) to work on /opt/airflow/dags/chapter03/dags/05_query_with_dates.py
[2022-06-20 01:51:21,332] {processor.py:641} INFO - Processing file /opt/airflow/dags/chapter03/dags/05_query_with_dates.py for tasks to queue
[2022-06-20 01:51:21,334] {logging_mixin.py:115} INFO - [2022-06-20 01:51:21,334] {dagbag.py:507} INFO - Filling up the DagBag from /opt/airflow/dags/chapter03/dags/05_query_with_dates.py
[2022-06-20 01:51:21,554] {processor.py:651} INFO - DAG(s) dict_keys(['05_query_with_dates']) retrieved from /opt/airflow/dags/chapter03/dags/05_query_with_dates.py
[2022-06-20 01:51:21,569] {logging_mixin.py:115} INFO - [2022-06-20 01:51:21,569] {dag.py:2371} INFO - Sync 1 DAGs
[2022-06-20 01:51:21,580] {logging_mixin.py:115} INFO - [2022-06-20 01:51:21,580] {dag.py:2919} INFO - Setting next_dagrun for 05_query_with_dates to 2019-01-01T00:00:00+00:00, run_after=2019-01-02T00:00:00+00:00
[2022-06-20 01:51:21,588] {processor.py:161} INFO - Processing /opt/airflow/dags/chapter03/dags/05_query_with_dates.py took 0.261 seconds
[2022-06-20 01:51:51,680] {processor.py:153} INFO - Started process (PID=337) to work on /opt/airflow/dags/chapter03/dags/05_query_with_dates.py
[2022-06-20 01:51:51,682] {processor.py:641} INFO - Processing file /opt/airflow/dags/chapter03/dags/05_query_with_dates.py for tasks to queue
[2022-06-20 01:51:51,683] {logging_mixin.py:115} INFO - [2022-06-20 01:51:51,683] {dagbag.py:507} INFO - Filling up the DagBag from /opt/airflow/dags/chapter03/dags/05_query_with_dates.py
[2022-06-20 01:51:51,868] {processor.py:651} INFO - DAG(s) dict_keys(['05_query_with_dates']) retrieved from /opt/airflow/dags/chapter03/dags/05_query_with_dates.py
[2022-06-20 01:51:51,883] {logging_mixin.py:115} INFO - [2022-06-20 01:51:51,883] {dag.py:2371} INFO - Sync 1 DAGs
[2022-06-20 01:51:51,894] {logging_mixin.py:115} INFO - [2022-06-20 01:51:51,894] {dag.py:2919} INFO - Setting next_dagrun for 05_query_with_dates to 2019-01-01T00:00:00+00:00, run_after=2019-01-02T00:00:00+00:00
[2022-06-20 01:51:51,901] {processor.py:161} INFO - Processing /opt/airflow/dags/chapter03/dags/05_query_with_dates.py took 0.223 seconds
[2022-06-20 01:52:22,073] {processor.py:153} INFO - Started process (PID=426) to work on /opt/airflow/dags/chapter03/dags/05_query_with_dates.py
[2022-06-20 01:52:22,076] {processor.py:641} INFO - Processing file /opt/airflow/dags/chapter03/dags/05_query_with_dates.py for tasks to queue
[2022-06-20 01:52:22,078] {logging_mixin.py:115} INFO - [2022-06-20 01:52:22,078] {dagbag.py:507} INFO - Filling up the DagBag from /opt/airflow/dags/chapter03/dags/05_query_with_dates.py
[2022-06-20 01:52:22,301] {processor.py:651} INFO - DAG(s) dict_keys(['05_query_with_dates']) retrieved from /opt/airflow/dags/chapter03/dags/05_query_with_dates.py
[2022-06-20 01:52:22,317] {logging_mixin.py:115} INFO - [2022-06-20 01:52:22,317] {dag.py:2371} INFO - Sync 1 DAGs
[2022-06-20 01:52:22,329] {logging_mixin.py:115} INFO - [2022-06-20 01:52:22,329] {dag.py:2919} INFO - Setting next_dagrun for 05_query_with_dates to 2019-01-01T00:00:00+00:00, run_after=2019-01-02T00:00:00+00:00
[2022-06-20 01:52:22,338] {processor.py:161} INFO - Processing /opt/airflow/dags/chapter03/dags/05_query_with_dates.py took 0.267 seconds
[2022-06-20 01:52:53,359] {processor.py:153} INFO - Started process (PID=516) to work on /opt/airflow/dags/chapter03/dags/05_query_with_dates.py
[2022-06-20 01:52:53,362] {processor.py:641} INFO - Processing file /opt/airflow/dags/chapter03/dags/05_query_with_dates.py for tasks to queue
[2022-06-20 01:52:53,364] {logging_mixin.py:115} INFO - [2022-06-20 01:52:53,364] {dagbag.py:507} INFO - Filling up the DagBag from /opt/airflow/dags/chapter03/dags/05_query_with_dates.py
[2022-06-20 01:52:53,616] {processor.py:651} INFO - DAG(s) dict_keys(['05_query_with_dates']) retrieved from /opt/airflow/dags/chapter03/dags/05_query_with_dates.py
[2022-06-20 01:52:53,634] {logging_mixin.py:115} INFO - [2022-06-20 01:52:53,634] {dag.py:2371} INFO - Sync 1 DAGs
[2022-06-20 01:52:53,651] {logging_mixin.py:115} INFO - [2022-06-20 01:52:53,650] {dag.py:2919} INFO - Setting next_dagrun for 05_query_with_dates to 2019-01-01T00:00:00+00:00, run_after=2019-01-02T00:00:00+00:00
[2022-06-20 01:52:53,661] {processor.py:161} INFO - Processing /opt/airflow/dags/chapter03/dags/05_query_with_dates.py took 0.304 seconds
[2022-06-20 01:53:23,829] {processor.py:153} INFO - Started process (PID=595) to work on /opt/airflow/dags/chapter03/dags/05_query_with_dates.py
[2022-06-20 01:53:23,830] {processor.py:641} INFO - Processing file /opt/airflow/dags/chapter03/dags/05_query_with_dates.py for tasks to queue
[2022-06-20 01:53:23,831] {logging_mixin.py:115} INFO - [2022-06-20 01:53:23,831] {dagbag.py:507} INFO - Filling up the DagBag from /opt/airflow/dags/chapter03/dags/05_query_with_dates.py
[2022-06-20 01:53:24,008] {processor.py:651} INFO - DAG(s) dict_keys(['05_query_with_dates']) retrieved from /opt/airflow/dags/chapter03/dags/05_query_with_dates.py
[2022-06-20 01:53:24,027] {logging_mixin.py:115} INFO - [2022-06-20 01:53:24,027] {dag.py:2371} INFO - Sync 1 DAGs
[2022-06-20 01:53:24,040] {logging_mixin.py:115} INFO - [2022-06-20 01:53:24,040] {dag.py:2919} INFO - Setting next_dagrun for 05_query_with_dates to 2019-01-01T00:00:00+00:00, run_after=2019-01-02T00:00:00+00:00
[2022-06-20 01:53:24,049] {processor.py:161} INFO - Processing /opt/airflow/dags/chapter03/dags/05_query_with_dates.py took 0.223 seconds
[2022-06-20 01:53:54,593] {processor.py:153} INFO - Started process (PID=684) to work on /opt/airflow/dags/chapter03/dags/05_query_with_dates.py
[2022-06-20 01:53:54,595] {processor.py:641} INFO - Processing file /opt/airflow/dags/chapter03/dags/05_query_with_dates.py for tasks to queue
[2022-06-20 01:53:54,596] {logging_mixin.py:115} INFO - [2022-06-20 01:53:54,596] {dagbag.py:507} INFO - Filling up the DagBag from /opt/airflow/dags/chapter03/dags/05_query_with_dates.py
[2022-06-20 01:53:54,778] {processor.py:651} INFO - DAG(s) dict_keys(['05_query_with_dates']) retrieved from /opt/airflow/dags/chapter03/dags/05_query_with_dates.py
[2022-06-20 01:53:54,795] {logging_mixin.py:115} INFO - [2022-06-20 01:53:54,795] {dag.py:2371} INFO - Sync 1 DAGs
[2022-06-20 01:53:54,813] {logging_mixin.py:115} INFO - [2022-06-20 01:53:54,813] {dag.py:2919} INFO - Setting next_dagrun for 05_query_with_dates to 2019-01-01T00:00:00+00:00, run_after=2019-01-02T00:00:00+00:00
[2022-06-20 01:53:54,821] {processor.py:161} INFO - Processing /opt/airflow/dags/chapter03/dags/05_query_with_dates.py took 0.230 seconds
[2022-06-20 01:54:25,083] {processor.py:153} INFO - Started process (PID=772) to work on /opt/airflow/dags/chapter03/dags/05_query_with_dates.py
[2022-06-20 01:54:25,085] {processor.py:641} INFO - Processing file /opt/airflow/dags/chapter03/dags/05_query_with_dates.py for tasks to queue
[2022-06-20 01:54:25,085] {logging_mixin.py:115} INFO - [2022-06-20 01:54:25,085] {dagbag.py:507} INFO - Filling up the DagBag from /opt/airflow/dags/chapter03/dags/05_query_with_dates.py
[2022-06-20 01:54:25,257] {processor.py:651} INFO - DAG(s) dict_keys(['05_query_with_dates']) retrieved from /opt/airflow/dags/chapter03/dags/05_query_with_dates.py
[2022-06-20 01:54:25,271] {logging_mixin.py:115} INFO - [2022-06-20 01:54:25,271] {dag.py:2371} INFO - Sync 1 DAGs
[2022-06-20 01:54:25,282] {logging_mixin.py:115} INFO - [2022-06-20 01:54:25,282] {dag.py:2919} INFO - Setting next_dagrun for 05_query_with_dates to 2019-01-01T00:00:00+00:00, run_after=2019-01-02T00:00:00+00:00
[2022-06-20 01:54:25,288] {processor.py:161} INFO - Processing /opt/airflow/dags/chapter03/dags/05_query_with_dates.py took 0.207 seconds
[2022-06-20 01:54:55,378] {processor.py:153} INFO - Started process (PID=861) to work on /opt/airflow/dags/chapter03/dags/05_query_with_dates.py
[2022-06-20 01:54:55,380] {processor.py:641} INFO - Processing file /opt/airflow/dags/chapter03/dags/05_query_with_dates.py for tasks to queue
[2022-06-20 01:54:55,383] {logging_mixin.py:115} INFO - [2022-06-20 01:54:55,383] {dagbag.py:507} INFO - Filling up the DagBag from /opt/airflow/dags/chapter03/dags/05_query_with_dates.py
[2022-06-20 01:54:55,584] {processor.py:651} INFO - DAG(s) dict_keys(['05_query_with_dates']) retrieved from /opt/airflow/dags/chapter03/dags/05_query_with_dates.py
[2022-06-20 01:54:55,600] {logging_mixin.py:115} INFO - [2022-06-20 01:54:55,599] {dag.py:2371} INFO - Sync 1 DAGs
[2022-06-20 01:54:55,617] {logging_mixin.py:115} INFO - [2022-06-20 01:54:55,617] {dag.py:2919} INFO - Setting next_dagrun for 05_query_with_dates to 2019-01-01T00:00:00+00:00, run_after=2019-01-02T00:00:00+00:00
[2022-06-20 01:54:55,624] {processor.py:161} INFO - Processing /opt/airflow/dags/chapter03/dags/05_query_with_dates.py took 0.248 seconds
[2022-06-20 01:55:26,431] {processor.py:153} INFO - Started process (PID=951) to work on /opt/airflow/dags/chapter03/dags/05_query_with_dates.py
[2022-06-20 01:55:26,434] {processor.py:641} INFO - Processing file /opt/airflow/dags/chapter03/dags/05_query_with_dates.py for tasks to queue
[2022-06-20 01:55:26,437] {logging_mixin.py:115} INFO - [2022-06-20 01:55:26,437] {dagbag.py:507} INFO - Filling up the DagBag from /opt/airflow/dags/chapter03/dags/05_query_with_dates.py
[2022-06-20 01:55:26,643] {processor.py:651} INFO - DAG(s) dict_keys(['05_query_with_dates']) retrieved from /opt/airflow/dags/chapter03/dags/05_query_with_dates.py
[2022-06-20 01:55:26,658] {logging_mixin.py:115} INFO - [2022-06-20 01:55:26,658] {dag.py:2371} INFO - Sync 1 DAGs
[2022-06-20 01:55:26,670] {logging_mixin.py:115} INFO - [2022-06-20 01:55:26,670] {dag.py:2919} INFO - Setting next_dagrun for 05_query_with_dates to 2019-01-01T00:00:00+00:00, run_after=2019-01-02T00:00:00+00:00
[2022-06-20 01:55:26,677] {processor.py:161} INFO - Processing /opt/airflow/dags/chapter03/dags/05_query_with_dates.py took 0.250 seconds
[2022-06-20 01:55:56,767] {processor.py:153} INFO - Started process (PID=1040) to work on /opt/airflow/dags/chapter03/dags/05_query_with_dates.py
[2022-06-20 01:55:56,768] {processor.py:641} INFO - Processing file /opt/airflow/dags/chapter03/dags/05_query_with_dates.py for tasks to queue
[2022-06-20 01:55:56,769] {logging_mixin.py:115} INFO - [2022-06-20 01:55:56,769] {dagbag.py:507} INFO - Filling up the DagBag from /opt/airflow/dags/chapter03/dags/05_query_with_dates.py
[2022-06-20 01:55:56,969] {processor.py:651} INFO - DAG(s) dict_keys(['05_query_with_dates']) retrieved from /opt/airflow/dags/chapter03/dags/05_query_with_dates.py
[2022-06-20 01:55:56,989] {logging_mixin.py:115} INFO - [2022-06-20 01:55:56,988] {dag.py:2371} INFO - Sync 1 DAGs
[2022-06-20 01:55:57,002] {logging_mixin.py:115} INFO - [2022-06-20 01:55:57,002] {dag.py:2919} INFO - Setting next_dagrun for 05_query_with_dates to 2019-01-01T00:00:00+00:00, run_after=2019-01-02T00:00:00+00:00
[2022-06-20 01:55:57,009] {processor.py:161} INFO - Processing /opt/airflow/dags/chapter03/dags/05_query_with_dates.py took 0.244 seconds
[2022-06-20 01:56:27,329] {processor.py:153} INFO - Started process (PID=1129) to work on /opt/airflow/dags/chapter03/dags/05_query_with_dates.py
[2022-06-20 01:56:27,331] {processor.py:641} INFO - Processing file /opt/airflow/dags/chapter03/dags/05_query_with_dates.py for tasks to queue
[2022-06-20 01:56:27,332] {logging_mixin.py:115} INFO - [2022-06-20 01:56:27,332] {dagbag.py:507} INFO - Filling up the DagBag from /opt/airflow/dags/chapter03/dags/05_query_with_dates.py
[2022-06-20 01:56:27,551] {processor.py:651} INFO - DAG(s) dict_keys(['05_query_with_dates']) retrieved from /opt/airflow/dags/chapter03/dags/05_query_with_dates.py
[2022-06-20 01:56:27,572] {logging_mixin.py:115} INFO - [2022-06-20 01:56:27,572] {dag.py:2371} INFO - Sync 1 DAGs
[2022-06-20 01:56:27,588] {logging_mixin.py:115} INFO - [2022-06-20 01:56:27,588] {dag.py:2919} INFO - Setting next_dagrun for 05_query_with_dates to 2019-01-01T00:00:00+00:00, run_after=2019-01-02T00:00:00+00:00
[2022-06-20 01:56:27,597] {processor.py:161} INFO - Processing /opt/airflow/dags/chapter03/dags/05_query_with_dates.py took 0.272 seconds
[2022-06-20 01:56:57,929] {processor.py:153} INFO - Started process (PID=1208) to work on /opt/airflow/dags/chapter03/dags/05_query_with_dates.py
[2022-06-20 01:56:57,931] {processor.py:641} INFO - Processing file /opt/airflow/dags/chapter03/dags/05_query_with_dates.py for tasks to queue
[2022-06-20 01:56:57,933] {logging_mixin.py:115} INFO - [2022-06-20 01:56:57,933] {dagbag.py:507} INFO - Filling up the DagBag from /opt/airflow/dags/chapter03/dags/05_query_with_dates.py
[2022-06-20 01:56:58,168] {processor.py:651} INFO - DAG(s) dict_keys(['05_query_with_dates']) retrieved from /opt/airflow/dags/chapter03/dags/05_query_with_dates.py
[2022-06-20 01:56:58,185] {logging_mixin.py:115} INFO - [2022-06-20 01:56:58,185] {dag.py:2371} INFO - Sync 1 DAGs
[2022-06-20 01:56:58,197] {logging_mixin.py:115} INFO - [2022-06-20 01:56:58,197] {dag.py:2919} INFO - Setting next_dagrun for 05_query_with_dates to 2019-01-01T00:00:00+00:00, run_after=2019-01-02T00:00:00+00:00
[2022-06-20 01:56:58,206] {processor.py:161} INFO - Processing /opt/airflow/dags/chapter03/dags/05_query_with_dates.py took 0.279 seconds
[2022-06-20 01:57:28,862] {processor.py:153} INFO - Started process (PID=1298) to work on /opt/airflow/dags/chapter03/dags/05_query_with_dates.py
[2022-06-20 01:57:28,864] {processor.py:641} INFO - Processing file /opt/airflow/dags/chapter03/dags/05_query_with_dates.py for tasks to queue
[2022-06-20 01:57:28,866] {logging_mixin.py:115} INFO - [2022-06-20 01:57:28,866] {dagbag.py:507} INFO - Filling up the DagBag from /opt/airflow/dags/chapter03/dags/05_query_with_dates.py
[2022-06-20 01:57:29,077] {processor.py:651} INFO - DAG(s) dict_keys(['05_query_with_dates']) retrieved from /opt/airflow/dags/chapter03/dags/05_query_with_dates.py
[2022-06-20 01:57:29,091] {logging_mixin.py:115} INFO - [2022-06-20 01:57:29,091] {dag.py:2371} INFO - Sync 1 DAGs
[2022-06-20 01:57:29,102] {logging_mixin.py:115} INFO - [2022-06-20 01:57:29,102] {dag.py:2919} INFO - Setting next_dagrun for 05_query_with_dates to 2019-01-01T00:00:00+00:00, run_after=2019-01-02T00:00:00+00:00
[2022-06-20 01:57:29,109] {processor.py:161} INFO - Processing /opt/airflow/dags/chapter03/dags/05_query_with_dates.py took 0.250 seconds
[2022-06-20 01:57:59,759] {processor.py:153} INFO - Started process (PID=1387) to work on /opt/airflow/dags/chapter03/dags/05_query_with_dates.py
[2022-06-20 01:57:59,761] {processor.py:641} INFO - Processing file /opt/airflow/dags/chapter03/dags/05_query_with_dates.py for tasks to queue
[2022-06-20 01:57:59,762] {logging_mixin.py:115} INFO - [2022-06-20 01:57:59,762] {dagbag.py:507} INFO - Filling up the DagBag from /opt/airflow/dags/chapter03/dags/05_query_with_dates.py
[2022-06-20 01:57:59,944] {processor.py:651} INFO - DAG(s) dict_keys(['05_query_with_dates']) retrieved from /opt/airflow/dags/chapter03/dags/05_query_with_dates.py
[2022-06-20 01:57:59,958] {logging_mixin.py:115} INFO - [2022-06-20 01:57:59,957] {dag.py:2371} INFO - Sync 1 DAGs
[2022-06-20 01:57:59,968] {logging_mixin.py:115} INFO - [2022-06-20 01:57:59,968] {dag.py:2919} INFO - Setting next_dagrun for 05_query_with_dates to 2019-01-01T00:00:00+00:00, run_after=2019-01-02T00:00:00+00:00
[2022-06-20 01:57:59,974] {processor.py:161} INFO - Processing /opt/airflow/dags/chapter03/dags/05_query_with_dates.py took 0.217 seconds
[2022-06-20 01:58:30,551] {processor.py:153} INFO - Started process (PID=1476) to work on /opt/airflow/dags/chapter03/dags/05_query_with_dates.py
[2022-06-20 01:58:30,553] {processor.py:641} INFO - Processing file /opt/airflow/dags/chapter03/dags/05_query_with_dates.py for tasks to queue
[2022-06-20 01:58:30,554] {logging_mixin.py:115} INFO - [2022-06-20 01:58:30,554] {dagbag.py:507} INFO - Filling up the DagBag from /opt/airflow/dags/chapter03/dags/05_query_with_dates.py
[2022-06-20 01:58:30,741] {processor.py:651} INFO - DAG(s) dict_keys(['05_query_with_dates']) retrieved from /opt/airflow/dags/chapter03/dags/05_query_with_dates.py
[2022-06-20 01:58:30,755] {logging_mixin.py:115} INFO - [2022-06-20 01:58:30,755] {dag.py:2371} INFO - Sync 1 DAGs
[2022-06-20 01:58:30,766] {logging_mixin.py:115} INFO - [2022-06-20 01:58:30,766] {dag.py:2919} INFO - Setting next_dagrun for 05_query_with_dates to 2019-01-01T00:00:00+00:00, run_after=2019-01-02T00:00:00+00:00
[2022-06-20 01:58:30,772] {processor.py:161} INFO - Processing /opt/airflow/dags/chapter03/dags/05_query_with_dates.py took 0.224 seconds
[2022-06-20 01:59:01,477] {processor.py:153} INFO - Started process (PID=1565) to work on /opt/airflow/dags/chapter03/dags/05_query_with_dates.py
[2022-06-20 01:59:01,478] {processor.py:641} INFO - Processing file /opt/airflow/dags/chapter03/dags/05_query_with_dates.py for tasks to queue
[2022-06-20 01:59:01,479] {logging_mixin.py:115} INFO - [2022-06-20 01:59:01,479] {dagbag.py:507} INFO - Filling up the DagBag from /opt/airflow/dags/chapter03/dags/05_query_with_dates.py
[2022-06-20 01:59:01,657] {processor.py:651} INFO - DAG(s) dict_keys(['05_query_with_dates']) retrieved from /opt/airflow/dags/chapter03/dags/05_query_with_dates.py
[2022-06-20 01:59:01,672] {logging_mixin.py:115} INFO - [2022-06-20 01:59:01,671] {dag.py:2371} INFO - Sync 1 DAGs
[2022-06-20 01:59:01,683] {logging_mixin.py:115} INFO - [2022-06-20 01:59:01,683] {dag.py:2919} INFO - Setting next_dagrun for 05_query_with_dates to 2019-01-01T00:00:00+00:00, run_after=2019-01-02T00:00:00+00:00
[2022-06-20 01:59:01,688] {processor.py:161} INFO - Processing /opt/airflow/dags/chapter03/dags/05_query_with_dates.py took 0.214 seconds
[2022-06-20 01:59:31,937] {processor.py:153} INFO - Started process (PID=1654) to work on /opt/airflow/dags/chapter03/dags/05_query_with_dates.py
[2022-06-20 01:59:31,939] {processor.py:641} INFO - Processing file /opt/airflow/dags/chapter03/dags/05_query_with_dates.py for tasks to queue
[2022-06-20 01:59:31,940] {logging_mixin.py:115} INFO - [2022-06-20 01:59:31,940] {dagbag.py:507} INFO - Filling up the DagBag from /opt/airflow/dags/chapter03/dags/05_query_with_dates.py
[2022-06-20 01:59:32,113] {processor.py:651} INFO - DAG(s) dict_keys(['05_query_with_dates']) retrieved from /opt/airflow/dags/chapter03/dags/05_query_with_dates.py
[2022-06-20 01:59:32,127] {logging_mixin.py:115} INFO - [2022-06-20 01:59:32,126] {dag.py:2371} INFO - Sync 1 DAGs
[2022-06-20 01:59:32,137] {logging_mixin.py:115} INFO - [2022-06-20 01:59:32,137] {dag.py:2919} INFO - Setting next_dagrun for 05_query_with_dates to 2019-01-01T00:00:00+00:00, run_after=2019-01-02T00:00:00+00:00
[2022-06-20 01:59:32,144] {processor.py:161} INFO - Processing /opt/airflow/dags/chapter03/dags/05_query_with_dates.py took 0.209 seconds
[2022-06-20 02:00:02,564] {processor.py:153} INFO - Started process (PID=1731) to work on /opt/airflow/dags/chapter03/dags/05_query_with_dates.py
[2022-06-20 02:00:02,572] {processor.py:641} INFO - Processing file /opt/airflow/dags/chapter03/dags/05_query_with_dates.py for tasks to queue
[2022-06-20 02:00:02,577] {logging_mixin.py:115} INFO - [2022-06-20 02:00:02,577] {dagbag.py:507} INFO - Filling up the DagBag from /opt/airflow/dags/chapter03/dags/05_query_with_dates.py
[2022-06-20 02:00:02,827] {processor.py:651} INFO - DAG(s) dict_keys(['05_query_with_dates']) retrieved from /opt/airflow/dags/chapter03/dags/05_query_with_dates.py
[2022-06-20 02:00:02,854] {logging_mixin.py:115} INFO - [2022-06-20 02:00:02,854] {dag.py:2371} INFO - Sync 1 DAGs
[2022-06-20 02:00:02,869] {logging_mixin.py:115} INFO - [2022-06-20 02:00:02,869] {dag.py:2919} INFO - Setting next_dagrun for 05_query_with_dates to 2019-01-01T00:00:00+00:00, run_after=2019-01-02T00:00:00+00:00
[2022-06-20 02:00:02,880] {processor.py:161} INFO - Processing /opt/airflow/dags/chapter03/dags/05_query_with_dates.py took 0.318 seconds
[2022-06-20 02:00:33,567] {processor.py:153} INFO - Started process (PID=1821) to work on /opt/airflow/dags/chapter03/dags/05_query_with_dates.py
[2022-06-20 02:00:33,568] {processor.py:641} INFO - Processing file /opt/airflow/dags/chapter03/dags/05_query_with_dates.py for tasks to queue
[2022-06-20 02:00:33,569] {logging_mixin.py:115} INFO - [2022-06-20 02:00:33,569] {dagbag.py:507} INFO - Filling up the DagBag from /opt/airflow/dags/chapter03/dags/05_query_with_dates.py
[2022-06-20 02:00:33,744] {processor.py:651} INFO - DAG(s) dict_keys(['05_query_with_dates']) retrieved from /opt/airflow/dags/chapter03/dags/05_query_with_dates.py
[2022-06-20 02:00:33,756] {logging_mixin.py:115} INFO - [2022-06-20 02:00:33,756] {dag.py:2371} INFO - Sync 1 DAGs
[2022-06-20 02:00:33,767] {logging_mixin.py:115} INFO - [2022-06-20 02:00:33,767] {dag.py:2919} INFO - Setting next_dagrun for 05_query_with_dates to 2019-01-01T00:00:00+00:00, run_after=2019-01-02T00:00:00+00:00
[2022-06-20 02:00:33,774] {processor.py:161} INFO - Processing /opt/airflow/dags/chapter03/dags/05_query_with_dates.py took 0.210 seconds
[2022-06-20 02:01:03,978] {processor.py:153} INFO - Started process (PID=1910) to work on /opt/airflow/dags/chapter03/dags/05_query_with_dates.py
[2022-06-20 02:01:03,979] {processor.py:641} INFO - Processing file /opt/airflow/dags/chapter03/dags/05_query_with_dates.py for tasks to queue
[2022-06-20 02:01:03,981] {logging_mixin.py:115} INFO - [2022-06-20 02:01:03,981] {dagbag.py:507} INFO - Filling up the DagBag from /opt/airflow/dags/chapter03/dags/05_query_with_dates.py
[2022-06-20 02:01:04,156] {processor.py:651} INFO - DAG(s) dict_keys(['05_query_with_dates']) retrieved from /opt/airflow/dags/chapter03/dags/05_query_with_dates.py
[2022-06-20 02:01:04,170] {logging_mixin.py:115} INFO - [2022-06-20 02:01:04,170] {dag.py:2371} INFO - Sync 1 DAGs
[2022-06-20 02:01:04,183] {logging_mixin.py:115} INFO - [2022-06-20 02:01:04,183] {dag.py:2919} INFO - Setting next_dagrun for 05_query_with_dates to 2019-01-01T00:00:00+00:00, run_after=2019-01-02T00:00:00+00:00
[2022-06-20 02:01:04,189] {processor.py:161} INFO - Processing /opt/airflow/dags/chapter03/dags/05_query_with_dates.py took 0.214 seconds
[2022-06-20 02:01:34,415] {processor.py:153} INFO - Started process (PID=1997) to work on /opt/airflow/dags/chapter03/dags/05_query_with_dates.py
[2022-06-20 02:01:34,417] {processor.py:641} INFO - Processing file /opt/airflow/dags/chapter03/dags/05_query_with_dates.py for tasks to queue
[2022-06-20 02:01:34,418] {logging_mixin.py:115} INFO - [2022-06-20 02:01:34,418] {dagbag.py:507} INFO - Filling up the DagBag from /opt/airflow/dags/chapter03/dags/05_query_with_dates.py
[2022-06-20 02:01:34,589] {processor.py:651} INFO - DAG(s) dict_keys(['05_query_with_dates']) retrieved from /opt/airflow/dags/chapter03/dags/05_query_with_dates.py
[2022-06-20 02:01:34,603] {logging_mixin.py:115} INFO - [2022-06-20 02:01:34,603] {dag.py:2371} INFO - Sync 1 DAGs
[2022-06-20 02:01:34,614] {logging_mixin.py:115} INFO - [2022-06-20 02:01:34,613] {dag.py:2919} INFO - Setting next_dagrun for 05_query_with_dates to 2019-01-01T00:00:00+00:00, run_after=2019-01-02T00:00:00+00:00
[2022-06-20 02:01:34,619] {processor.py:161} INFO - Processing /opt/airflow/dags/chapter03/dags/05_query_with_dates.py took 0.207 seconds
[2022-06-20 02:02:05,339] {processor.py:153} INFO - Started process (PID=2086) to work on /opt/airflow/dags/chapter03/dags/05_query_with_dates.py
[2022-06-20 02:02:05,340] {processor.py:641} INFO - Processing file /opt/airflow/dags/chapter03/dags/05_query_with_dates.py for tasks to queue
[2022-06-20 02:02:05,341] {logging_mixin.py:115} INFO - [2022-06-20 02:02:05,341] {dagbag.py:507} INFO - Filling up the DagBag from /opt/airflow/dags/chapter03/dags/05_query_with_dates.py
[2022-06-20 02:02:05,511] {processor.py:651} INFO - DAG(s) dict_keys(['05_query_with_dates']) retrieved from /opt/airflow/dags/chapter03/dags/05_query_with_dates.py
[2022-06-20 02:02:05,524] {logging_mixin.py:115} INFO - [2022-06-20 02:02:05,524] {dag.py:2371} INFO - Sync 1 DAGs
[2022-06-20 02:02:05,534] {logging_mixin.py:115} INFO - [2022-06-20 02:02:05,534] {dag.py:2919} INFO - Setting next_dagrun for 05_query_with_dates to 2019-01-01T00:00:00+00:00, run_after=2019-01-02T00:00:00+00:00
[2022-06-20 02:02:05,540] {processor.py:161} INFO - Processing /opt/airflow/dags/chapter03/dags/05_query_with_dates.py took 0.203 seconds
[2022-06-20 02:02:36,089] {processor.py:153} INFO - Started process (PID=2175) to work on /opt/airflow/dags/chapter03/dags/05_query_with_dates.py
[2022-06-20 02:02:36,091] {processor.py:641} INFO - Processing file /opt/airflow/dags/chapter03/dags/05_query_with_dates.py for tasks to queue
[2022-06-20 02:02:36,092] {logging_mixin.py:115} INFO - [2022-06-20 02:02:36,092] {dagbag.py:507} INFO - Filling up the DagBag from /opt/airflow/dags/chapter03/dags/05_query_with_dates.py
[2022-06-20 02:02:36,293] {processor.py:651} INFO - DAG(s) dict_keys(['05_query_with_dates']) retrieved from /opt/airflow/dags/chapter03/dags/05_query_with_dates.py
[2022-06-20 02:02:36,308] {logging_mixin.py:115} INFO - [2022-06-20 02:02:36,308] {dag.py:2371} INFO - Sync 1 DAGs
[2022-06-20 02:02:36,321] {logging_mixin.py:115} INFO - [2022-06-20 02:02:36,321] {dag.py:2919} INFO - Setting next_dagrun for 05_query_with_dates to 2019-01-01T00:00:00+00:00, run_after=2019-01-02T00:00:00+00:00
[2022-06-20 02:02:36,330] {processor.py:161} INFO - Processing /opt/airflow/dags/chapter03/dags/05_query_with_dates.py took 0.243 seconds
[2022-06-20 02:03:06,729] {processor.py:153} INFO - Started process (PID=2254) to work on /opt/airflow/dags/chapter03/dags/05_query_with_dates.py
[2022-06-20 02:03:06,731] {processor.py:641} INFO - Processing file /opt/airflow/dags/chapter03/dags/05_query_with_dates.py for tasks to queue
[2022-06-20 02:03:06,732] {logging_mixin.py:115} INFO - [2022-06-20 02:03:06,732] {dagbag.py:507} INFO - Filling up the DagBag from /opt/airflow/dags/chapter03/dags/05_query_with_dates.py
[2022-06-20 02:03:06,904] {processor.py:651} INFO - DAG(s) dict_keys(['05_query_with_dates']) retrieved from /opt/airflow/dags/chapter03/dags/05_query_with_dates.py
[2022-06-20 02:03:06,918] {logging_mixin.py:115} INFO - [2022-06-20 02:03:06,918] {dag.py:2371} INFO - Sync 1 DAGs
[2022-06-20 02:03:06,929] {logging_mixin.py:115} INFO - [2022-06-20 02:03:06,929] {dag.py:2919} INFO - Setting next_dagrun for 05_query_with_dates to 2019-01-01T00:00:00+00:00, run_after=2019-01-02T00:00:00+00:00
[2022-06-20 02:03:06,935] {processor.py:161} INFO - Processing /opt/airflow/dags/chapter03/dags/05_query_with_dates.py took 0.208 seconds
[2022-06-20 02:03:37,856] {processor.py:153} INFO - Started process (PID=2343) to work on /opt/airflow/dags/chapter03/dags/05_query_with_dates.py
[2022-06-20 02:03:37,858] {processor.py:641} INFO - Processing file /opt/airflow/dags/chapter03/dags/05_query_with_dates.py for tasks to queue
[2022-06-20 02:03:37,859] {logging_mixin.py:115} INFO - [2022-06-20 02:03:37,859] {dagbag.py:507} INFO - Filling up the DagBag from /opt/airflow/dags/chapter03/dags/05_query_with_dates.py
[2022-06-20 02:03:38,062] {processor.py:651} INFO - DAG(s) dict_keys(['05_query_with_dates']) retrieved from /opt/airflow/dags/chapter03/dags/05_query_with_dates.py
[2022-06-20 02:03:38,089] {logging_mixin.py:115} INFO - [2022-06-20 02:03:38,088] {dag.py:2371} INFO - Sync 1 DAGs
[2022-06-20 02:03:38,101] {logging_mixin.py:115} INFO - [2022-06-20 02:03:38,101] {dag.py:2919} INFO - Setting next_dagrun for 05_query_with_dates to 2019-01-01T00:00:00+00:00, run_after=2019-01-02T00:00:00+00:00
[2022-06-20 02:03:38,110] {processor.py:161} INFO - Processing /opt/airflow/dags/chapter03/dags/05_query_with_dates.py took 0.256 seconds
[2022-06-20 02:04:08,663] {processor.py:153} INFO - Started process (PID=2433) to work on /opt/airflow/dags/chapter03/dags/05_query_with_dates.py
[2022-06-20 02:04:08,666] {processor.py:641} INFO - Processing file /opt/airflow/dags/chapter03/dags/05_query_with_dates.py for tasks to queue
[2022-06-20 02:04:08,667] {logging_mixin.py:115} INFO - [2022-06-20 02:04:08,667] {dagbag.py:507} INFO - Filling up the DagBag from /opt/airflow/dags/chapter03/dags/05_query_with_dates.py
[2022-06-20 02:04:08,875] {processor.py:651} INFO - DAG(s) dict_keys(['05_query_with_dates']) retrieved from /opt/airflow/dags/chapter03/dags/05_query_with_dates.py
[2022-06-20 02:04:08,890] {logging_mixin.py:115} INFO - [2022-06-20 02:04:08,889] {dag.py:2371} INFO - Sync 1 DAGs
[2022-06-20 02:04:08,902] {logging_mixin.py:115} INFO - [2022-06-20 02:04:08,901] {dag.py:2919} INFO - Setting next_dagrun for 05_query_with_dates to 2019-01-01T00:00:00+00:00, run_after=2019-01-02T00:00:00+00:00
[2022-06-20 02:04:08,909] {processor.py:161} INFO - Processing /opt/airflow/dags/chapter03/dags/05_query_with_dates.py took 0.249 seconds
[2022-06-20 02:04:39,515] {processor.py:153} INFO - Started process (PID=2522) to work on /opt/airflow/dags/chapter03/dags/05_query_with_dates.py
[2022-06-20 02:04:39,516] {processor.py:641} INFO - Processing file /opt/airflow/dags/chapter03/dags/05_query_with_dates.py for tasks to queue
[2022-06-20 02:04:39,517] {logging_mixin.py:115} INFO - [2022-06-20 02:04:39,517] {dagbag.py:507} INFO - Filling up the DagBag from /opt/airflow/dags/chapter03/dags/05_query_with_dates.py
[2022-06-20 02:04:39,706] {processor.py:651} INFO - DAG(s) dict_keys(['05_query_with_dates']) retrieved from /opt/airflow/dags/chapter03/dags/05_query_with_dates.py
[2022-06-20 02:04:39,721] {logging_mixin.py:115} INFO - [2022-06-20 02:04:39,721] {dag.py:2371} INFO - Sync 1 DAGs
[2022-06-20 02:04:39,733] {logging_mixin.py:115} INFO - [2022-06-20 02:04:39,733] {dag.py:2919} INFO - Setting next_dagrun for 05_query_with_dates to 2019-01-01T00:00:00+00:00, run_after=2019-01-02T00:00:00+00:00
[2022-06-20 02:04:39,740] {processor.py:161} INFO - Processing /opt/airflow/dags/chapter03/dags/05_query_with_dates.py took 0.228 seconds
[2022-06-20 02:05:10,285] {processor.py:153} INFO - Started process (PID=2613) to work on /opt/airflow/dags/chapter03/dags/05_query_with_dates.py
[2022-06-20 02:05:10,290] {processor.py:641} INFO - Processing file /opt/airflow/dags/chapter03/dags/05_query_with_dates.py for tasks to queue
[2022-06-20 02:05:10,292] {logging_mixin.py:115} INFO - [2022-06-20 02:05:10,292] {dagbag.py:507} INFO - Filling up the DagBag from /opt/airflow/dags/chapter03/dags/05_query_with_dates.py
[2022-06-20 02:05:10,515] {processor.py:651} INFO - DAG(s) dict_keys(['05_query_with_dates']) retrieved from /opt/airflow/dags/chapter03/dags/05_query_with_dates.py
[2022-06-20 02:05:10,530] {logging_mixin.py:115} INFO - [2022-06-20 02:05:10,530] {dag.py:2371} INFO - Sync 1 DAGs
[2022-06-20 02:05:10,541] {logging_mixin.py:115} INFO - [2022-06-20 02:05:10,541] {dag.py:2919} INFO - Setting next_dagrun for 05_query_with_dates to 2019-01-01T00:00:00+00:00, run_after=2019-01-02T00:00:00+00:00
[2022-06-20 02:05:10,548] {processor.py:161} INFO - Processing /opt/airflow/dags/chapter03/dags/05_query_with_dates.py took 0.270 seconds
[2022-06-20 02:05:40,930] {processor.py:153} INFO - Started process (PID=2702) to work on /opt/airflow/dags/chapter03/dags/05_query_with_dates.py
[2022-06-20 02:05:40,934] {processor.py:641} INFO - Processing file /opt/airflow/dags/chapter03/dags/05_query_with_dates.py for tasks to queue
[2022-06-20 02:05:40,937] {logging_mixin.py:115} INFO - [2022-06-20 02:05:40,937] {dagbag.py:507} INFO - Filling up the DagBag from /opt/airflow/dags/chapter03/dags/05_query_with_dates.py
[2022-06-20 02:05:41,177] {processor.py:651} INFO - DAG(s) dict_keys(['05_query_with_dates']) retrieved from /opt/airflow/dags/chapter03/dags/05_query_with_dates.py
[2022-06-20 02:05:41,198] {logging_mixin.py:115} INFO - [2022-06-20 02:05:41,198] {dag.py:2371} INFO - Sync 1 DAGs
[2022-06-20 02:05:41,212] {logging_mixin.py:115} INFO - [2022-06-20 02:05:41,211] {dag.py:2919} INFO - Setting next_dagrun for 05_query_with_dates to 2019-01-01T00:00:00+00:00, run_after=2019-01-02T00:00:00+00:00
[2022-06-20 02:05:41,220] {processor.py:161} INFO - Processing /opt/airflow/dags/chapter03/dags/05_query_with_dates.py took 0.296 seconds
