[2022-06-20 01:50:18,913] {processor.py:153} INFO - Started process (PID=55) to work on /opt/airflow/dags/chapter03/dags/08_templated_path.py
[2022-06-20 01:50:18,916] {processor.py:641} INFO - Processing file /opt/airflow/dags/chapter03/dags/08_templated_path.py for tasks to queue
[2022-06-20 01:50:18,920] {logging_mixin.py:115} INFO - [2022-06-20 01:50:18,920] {dagbag.py:507} INFO - Filling up the DagBag from /opt/airflow/dags/chapter03/dags/08_templated_path.py
[2022-06-20 01:50:19,292] {processor.py:651} INFO - DAG(s) dict_keys(['08_templated_path']) retrieved from /opt/airflow/dags/chapter03/dags/08_templated_path.py
[2022-06-20 01:50:19,363] {logging_mixin.py:115} INFO - [2022-06-20 01:50:19,363] {manager.py:508} INFO - Created Permission View: can read on DAG:08_templated_path
[2022-06-20 01:50:19,384] {logging_mixin.py:115} INFO - [2022-06-20 01:50:19,384] {manager.py:508} INFO - Created Permission View: can edit on DAG:08_templated_path
[2022-06-20 01:50:19,395] {logging_mixin.py:115} INFO - [2022-06-20 01:50:19,395] {manager.py:508} INFO - Created Permission View: can delete on DAG:08_templated_path
[2022-06-20 01:50:19,396] {logging_mixin.py:115} INFO - [2022-06-20 01:50:19,396] {dag.py:2371} INFO - Sync 1 DAGs
[2022-06-20 01:50:19,405] {logging_mixin.py:115} INFO - [2022-06-20 01:50:19,404] {dag.py:2390} INFO - Creating ORM DAG for 08_templated_path
[2022-06-20 01:50:19,417] {logging_mixin.py:115} INFO - [2022-06-20 01:50:19,417] {dag.py:2919} INFO - Setting next_dagrun for 08_templated_path to 2019-01-01T00:00:00+00:00, run_after=2019-01-02T00:00:00+00:00
[2022-06-20 01:50:19,447] {processor.py:161} INFO - Processing /opt/airflow/dags/chapter03/dags/08_templated_path.py took 0.537 seconds
[2022-06-20 01:50:50,010] {processor.py:153} INFO - Started process (PID=134) to work on /opt/airflow/dags/chapter03/dags/08_templated_path.py
[2022-06-20 01:50:50,013] {processor.py:641} INFO - Processing file /opt/airflow/dags/chapter03/dags/08_templated_path.py for tasks to queue
[2022-06-20 01:50:50,019] {logging_mixin.py:115} INFO - [2022-06-20 01:50:50,019] {dagbag.py:507} INFO - Filling up the DagBag from /opt/airflow/dags/chapter03/dags/08_templated_path.py
[2022-06-20 01:50:50,447] {processor.py:651} INFO - DAG(s) dict_keys(['08_templated_path']) retrieved from /opt/airflow/dags/chapter03/dags/08_templated_path.py
[2022-06-20 01:50:50,468] {logging_mixin.py:115} INFO - [2022-06-20 01:50:50,468] {dag.py:2371} INFO - Sync 1 DAGs
[2022-06-20 01:50:50,483] {logging_mixin.py:115} INFO - [2022-06-20 01:50:50,483] {dag.py:2919} INFO - Setting next_dagrun for 08_templated_path to 2019-01-01T00:00:00+00:00, run_after=2019-01-02T00:00:00+00:00
[2022-06-20 01:50:50,494] {processor.py:161} INFO - Processing /opt/airflow/dags/chapter03/dags/08_templated_path.py took 0.491 seconds
[2022-06-20 01:51:20,749] {processor.py:153} INFO - Started process (PID=243) to work on /opt/airflow/dags/chapter03/dags/08_templated_path.py
[2022-06-20 01:51:20,751] {processor.py:641} INFO - Processing file /opt/airflow/dags/chapter03/dags/08_templated_path.py for tasks to queue
[2022-06-20 01:51:20,752] {logging_mixin.py:115} INFO - [2022-06-20 01:51:20,752] {dagbag.py:507} INFO - Filling up the DagBag from /opt/airflow/dags/chapter03/dags/08_templated_path.py
[2022-06-20 01:51:21,008] {processor.py:651} INFO - DAG(s) dict_keys(['08_templated_path']) retrieved from /opt/airflow/dags/chapter03/dags/08_templated_path.py
[2022-06-20 01:51:21,029] {logging_mixin.py:115} INFO - [2022-06-20 01:51:21,029] {dag.py:2371} INFO - Sync 1 DAGs
[2022-06-20 01:51:21,041] {logging_mixin.py:115} INFO - [2022-06-20 01:51:21,041] {dag.py:2919} INFO - Setting next_dagrun for 08_templated_path to 2019-01-01T00:00:00+00:00, run_after=2019-01-02T00:00:00+00:00
[2022-06-20 01:51:21,049] {processor.py:161} INFO - Processing /opt/airflow/dags/chapter03/dags/08_templated_path.py took 0.302 seconds
[2022-06-20 01:51:51,129] {processor.py:153} INFO - Started process (PID=331) to work on /opt/airflow/dags/chapter03/dags/08_templated_path.py
[2022-06-20 01:51:51,132] {processor.py:641} INFO - Processing file /opt/airflow/dags/chapter03/dags/08_templated_path.py for tasks to queue
[2022-06-20 01:51:51,136] {logging_mixin.py:115} INFO - [2022-06-20 01:51:51,136] {dagbag.py:507} INFO - Filling up the DagBag from /opt/airflow/dags/chapter03/dags/08_templated_path.py
[2022-06-20 01:51:51,354] {processor.py:651} INFO - DAG(s) dict_keys(['08_templated_path']) retrieved from /opt/airflow/dags/chapter03/dags/08_templated_path.py
[2022-06-20 01:51:51,369] {logging_mixin.py:115} INFO - [2022-06-20 01:51:51,369] {dag.py:2371} INFO - Sync 1 DAGs
[2022-06-20 01:51:51,383] {logging_mixin.py:115} INFO - [2022-06-20 01:51:51,383] {dag.py:2919} INFO - Setting next_dagrun for 08_templated_path to 2019-01-01T00:00:00+00:00, run_after=2019-01-02T00:00:00+00:00
[2022-06-20 01:51:51,391] {processor.py:161} INFO - Processing /opt/airflow/dags/chapter03/dags/08_templated_path.py took 0.265 seconds
[2022-06-20 01:52:21,514] {processor.py:153} INFO - Started process (PID=420) to work on /opt/airflow/dags/chapter03/dags/08_templated_path.py
[2022-06-20 01:52:21,517] {processor.py:641} INFO - Processing file /opt/airflow/dags/chapter03/dags/08_templated_path.py for tasks to queue
[2022-06-20 01:52:21,518] {logging_mixin.py:115} INFO - [2022-06-20 01:52:21,518] {dagbag.py:507} INFO - Filling up the DagBag from /opt/airflow/dags/chapter03/dags/08_templated_path.py
[2022-06-20 01:52:21,713] {processor.py:651} INFO - DAG(s) dict_keys(['08_templated_path']) retrieved from /opt/airflow/dags/chapter03/dags/08_templated_path.py
[2022-06-20 01:52:21,737] {logging_mixin.py:115} INFO - [2022-06-20 01:52:21,736] {dag.py:2371} INFO - Sync 1 DAGs
[2022-06-20 01:52:21,757] {logging_mixin.py:115} INFO - [2022-06-20 01:52:21,757] {dag.py:2919} INFO - Setting next_dagrun for 08_templated_path to 2019-01-01T00:00:00+00:00, run_after=2019-01-02T00:00:00+00:00
[2022-06-20 01:52:21,769] {processor.py:161} INFO - Processing /opt/airflow/dags/chapter03/dags/08_templated_path.py took 0.258 seconds
[2022-06-20 01:52:52,607] {processor.py:153} INFO - Started process (PID=509) to work on /opt/airflow/dags/chapter03/dags/08_templated_path.py
[2022-06-20 01:52:52,608] {processor.py:641} INFO - Processing file /opt/airflow/dags/chapter03/dags/08_templated_path.py for tasks to queue
[2022-06-20 01:52:52,610] {logging_mixin.py:115} INFO - [2022-06-20 01:52:52,610] {dagbag.py:507} INFO - Filling up the DagBag from /opt/airflow/dags/chapter03/dags/08_templated_path.py
[2022-06-20 01:52:52,863] {processor.py:651} INFO - DAG(s) dict_keys(['08_templated_path']) retrieved from /opt/airflow/dags/chapter03/dags/08_templated_path.py
[2022-06-20 01:52:52,893] {logging_mixin.py:115} INFO - [2022-06-20 01:52:52,893] {dag.py:2371} INFO - Sync 1 DAGs
[2022-06-20 01:52:52,926] {logging_mixin.py:115} INFO - [2022-06-20 01:52:52,926] {dag.py:2919} INFO - Setting next_dagrun for 08_templated_path to 2019-01-01T00:00:00+00:00, run_after=2019-01-02T00:00:00+00:00
[2022-06-20 01:52:52,943] {processor.py:161} INFO - Processing /opt/airflow/dags/chapter03/dags/08_templated_path.py took 0.338 seconds
[2022-06-20 01:53:23,254] {processor.py:153} INFO - Started process (PID=588) to work on /opt/airflow/dags/chapter03/dags/08_templated_path.py
[2022-06-20 01:53:23,256] {processor.py:641} INFO - Processing file /opt/airflow/dags/chapter03/dags/08_templated_path.py for tasks to queue
[2022-06-20 01:53:23,257] {logging_mixin.py:115} INFO - [2022-06-20 01:53:23,257] {dagbag.py:507} INFO - Filling up the DagBag from /opt/airflow/dags/chapter03/dags/08_templated_path.py
[2022-06-20 01:53:23,486] {processor.py:651} INFO - DAG(s) dict_keys(['08_templated_path']) retrieved from /opt/airflow/dags/chapter03/dags/08_templated_path.py
[2022-06-20 01:53:23,503] {logging_mixin.py:115} INFO - [2022-06-20 01:53:23,503] {dag.py:2371} INFO - Sync 1 DAGs
[2022-06-20 01:53:23,517] {logging_mixin.py:115} INFO - [2022-06-20 01:53:23,517] {dag.py:2919} INFO - Setting next_dagrun for 08_templated_path to 2019-01-01T00:00:00+00:00, run_after=2019-01-02T00:00:00+00:00
[2022-06-20 01:53:23,524] {processor.py:161} INFO - Processing /opt/airflow/dags/chapter03/dags/08_templated_path.py took 0.272 seconds
[2022-06-20 01:53:53,827] {processor.py:153} INFO - Started process (PID=677) to work on /opt/airflow/dags/chapter03/dags/08_templated_path.py
[2022-06-20 01:53:53,830] {processor.py:641} INFO - Processing file /opt/airflow/dags/chapter03/dags/08_templated_path.py for tasks to queue
[2022-06-20 01:53:53,833] {logging_mixin.py:115} INFO - [2022-06-20 01:53:53,832] {dagbag.py:507} INFO - Filling up the DagBag from /opt/airflow/dags/chapter03/dags/08_templated_path.py
[2022-06-20 01:53:54,042] {processor.py:651} INFO - DAG(s) dict_keys(['08_templated_path']) retrieved from /opt/airflow/dags/chapter03/dags/08_templated_path.py
[2022-06-20 01:53:54,068] {logging_mixin.py:115} INFO - [2022-06-20 01:53:54,068] {dag.py:2371} INFO - Sync 1 DAGs
[2022-06-20 01:53:54,085] {logging_mixin.py:115} INFO - [2022-06-20 01:53:54,085] {dag.py:2919} INFO - Setting next_dagrun for 08_templated_path to 2019-01-01T00:00:00+00:00, run_after=2019-01-02T00:00:00+00:00
[2022-06-20 01:53:54,096] {processor.py:161} INFO - Processing /opt/airflow/dags/chapter03/dags/08_templated_path.py took 0.273 seconds
[2022-06-20 01:54:24,299] {processor.py:153} INFO - Started process (PID=765) to work on /opt/airflow/dags/chapter03/dags/08_templated_path.py
[2022-06-20 01:54:24,301] {processor.py:641} INFO - Processing file /opt/airflow/dags/chapter03/dags/08_templated_path.py for tasks to queue
[2022-06-20 01:54:24,302] {logging_mixin.py:115} INFO - [2022-06-20 01:54:24,302] {dagbag.py:507} INFO - Filling up the DagBag from /opt/airflow/dags/chapter03/dags/08_templated_path.py
[2022-06-20 01:54:24,516] {processor.py:651} INFO - DAG(s) dict_keys(['08_templated_path']) retrieved from /opt/airflow/dags/chapter03/dags/08_templated_path.py
[2022-06-20 01:54:24,533] {logging_mixin.py:115} INFO - [2022-06-20 01:54:24,532] {dag.py:2371} INFO - Sync 1 DAGs
[2022-06-20 01:54:24,544] {logging_mixin.py:115} INFO - [2022-06-20 01:54:24,544] {dag.py:2919} INFO - Setting next_dagrun for 08_templated_path to 2019-01-01T00:00:00+00:00, run_after=2019-01-02T00:00:00+00:00
[2022-06-20 01:54:24,551] {processor.py:161} INFO - Processing /opt/airflow/dags/chapter03/dags/08_templated_path.py took 0.256 seconds
[2022-06-20 01:54:54,790] {processor.py:153} INFO - Started process (PID=855) to work on /opt/airflow/dags/chapter03/dags/08_templated_path.py
[2022-06-20 01:54:54,793] {processor.py:641} INFO - Processing file /opt/airflow/dags/chapter03/dags/08_templated_path.py for tasks to queue
[2022-06-20 01:54:54,795] {logging_mixin.py:115} INFO - [2022-06-20 01:54:54,794] {dagbag.py:507} INFO - Filling up the DagBag from /opt/airflow/dags/chapter03/dags/08_templated_path.py
[2022-06-20 01:54:55,016] {processor.py:651} INFO - DAG(s) dict_keys(['08_templated_path']) retrieved from /opt/airflow/dags/chapter03/dags/08_templated_path.py
[2022-06-20 01:54:55,035] {logging_mixin.py:115} INFO - [2022-06-20 01:54:55,035] {dag.py:2371} INFO - Sync 1 DAGs
[2022-06-20 01:54:55,048] {logging_mixin.py:115} INFO - [2022-06-20 01:54:55,048] {dag.py:2919} INFO - Setting next_dagrun for 08_templated_path to 2019-01-01T00:00:00+00:00, run_after=2019-01-02T00:00:00+00:00
[2022-06-20 01:54:55,055] {processor.py:161} INFO - Processing /opt/airflow/dags/chapter03/dags/08_templated_path.py took 0.270 seconds
[2022-06-20 01:55:25,126] {processor.py:153} INFO - Started process (PID=945) to work on /opt/airflow/dags/chapter03/dags/08_templated_path.py
[2022-06-20 01:55:25,128] {processor.py:641} INFO - Processing file /opt/airflow/dags/chapter03/dags/08_templated_path.py for tasks to queue
[2022-06-20 01:55:25,129] {logging_mixin.py:115} INFO - [2022-06-20 01:55:25,129] {dagbag.py:507} INFO - Filling up the DagBag from /opt/airflow/dags/chapter03/dags/08_templated_path.py
[2022-06-20 01:55:25,324] {processor.py:651} INFO - DAG(s) dict_keys(['08_templated_path']) retrieved from /opt/airflow/dags/chapter03/dags/08_templated_path.py
[2022-06-20 01:55:25,341] {logging_mixin.py:115} INFO - [2022-06-20 01:55:25,341] {dag.py:2371} INFO - Sync 1 DAGs
[2022-06-20 01:55:25,354] {logging_mixin.py:115} INFO - [2022-06-20 01:55:25,354] {dag.py:2919} INFO - Setting next_dagrun for 08_templated_path to 2019-01-01T00:00:00+00:00, run_after=2019-01-02T00:00:00+00:00
[2022-06-20 01:55:25,362] {processor.py:161} INFO - Processing /opt/airflow/dags/chapter03/dags/08_templated_path.py took 0.239 seconds
[2022-06-20 01:55:55,478] {processor.py:153} INFO - Started process (PID=1034) to work on /opt/airflow/dags/chapter03/dags/08_templated_path.py
[2022-06-20 01:55:55,480] {processor.py:641} INFO - Processing file /opt/airflow/dags/chapter03/dags/08_templated_path.py for tasks to queue
[2022-06-20 01:55:55,482] {logging_mixin.py:115} INFO - [2022-06-20 01:55:55,482] {dagbag.py:507} INFO - Filling up the DagBag from /opt/airflow/dags/chapter03/dags/08_templated_path.py
[2022-06-20 01:55:55,687] {processor.py:651} INFO - DAG(s) dict_keys(['08_templated_path']) retrieved from /opt/airflow/dags/chapter03/dags/08_templated_path.py
[2022-06-20 01:55:55,703] {logging_mixin.py:115} INFO - [2022-06-20 01:55:55,703] {dag.py:2371} INFO - Sync 1 DAGs
[2022-06-20 01:55:55,716] {logging_mixin.py:115} INFO - [2022-06-20 01:55:55,716] {dag.py:2919} INFO - Setting next_dagrun for 08_templated_path to 2019-01-01T00:00:00+00:00, run_after=2019-01-02T00:00:00+00:00
[2022-06-20 01:55:55,722] {processor.py:161} INFO - Processing /opt/airflow/dags/chapter03/dags/08_templated_path.py took 0.247 seconds
[2022-06-20 01:56:25,968] {processor.py:153} INFO - Started process (PID=1113) to work on /opt/airflow/dags/chapter03/dags/08_templated_path.py
[2022-06-20 01:56:25,969] {processor.py:641} INFO - Processing file /opt/airflow/dags/chapter03/dags/08_templated_path.py for tasks to queue
[2022-06-20 01:56:25,972] {logging_mixin.py:115} INFO - [2022-06-20 01:56:25,972] {dagbag.py:507} INFO - Filling up the DagBag from /opt/airflow/dags/chapter03/dags/08_templated_path.py
[2022-06-20 01:56:26,238] {processor.py:651} INFO - DAG(s) dict_keys(['08_templated_path']) retrieved from /opt/airflow/dags/chapter03/dags/08_templated_path.py
[2022-06-20 01:56:26,259] {logging_mixin.py:115} INFO - [2022-06-20 01:56:26,259] {dag.py:2371} INFO - Sync 1 DAGs
[2022-06-20 01:56:26,275] {logging_mixin.py:115} INFO - [2022-06-20 01:56:26,275] {dag.py:2919} INFO - Setting next_dagrun for 08_templated_path to 2019-01-01T00:00:00+00:00, run_after=2019-01-02T00:00:00+00:00
[2022-06-20 01:56:26,287] {processor.py:161} INFO - Processing /opt/airflow/dags/chapter03/dags/08_templated_path.py took 0.325 seconds
[2022-06-20 01:56:56,570] {processor.py:153} INFO - Started process (PID=1202) to work on /opt/airflow/dags/chapter03/dags/08_templated_path.py
[2022-06-20 01:56:56,574] {processor.py:641} INFO - Processing file /opt/airflow/dags/chapter03/dags/08_templated_path.py for tasks to queue
[2022-06-20 01:56:56,576] {logging_mixin.py:115} INFO - [2022-06-20 01:56:56,575] {dagbag.py:507} INFO - Filling up the DagBag from /opt/airflow/dags/chapter03/dags/08_templated_path.py
[2022-06-20 01:56:56,821] {processor.py:651} INFO - DAG(s) dict_keys(['08_templated_path']) retrieved from /opt/airflow/dags/chapter03/dags/08_templated_path.py
[2022-06-20 01:56:56,853] {logging_mixin.py:115} INFO - [2022-06-20 01:56:56,853] {dag.py:2371} INFO - Sync 1 DAGs
[2022-06-20 01:56:56,871] {logging_mixin.py:115} INFO - [2022-06-20 01:56:56,871] {dag.py:2919} INFO - Setting next_dagrun for 08_templated_path to 2019-01-01T00:00:00+00:00, run_after=2019-01-02T00:00:00+00:00
[2022-06-20 01:56:56,882] {processor.py:161} INFO - Processing /opt/airflow/dags/chapter03/dags/08_templated_path.py took 0.315 seconds
[2022-06-20 01:57:27,446] {processor.py:153} INFO - Started process (PID=1291) to work on /opt/airflow/dags/chapter03/dags/08_templated_path.py
[2022-06-20 01:57:27,454] {processor.py:641} INFO - Processing file /opt/airflow/dags/chapter03/dags/08_templated_path.py for tasks to queue
[2022-06-20 01:57:27,461] {logging_mixin.py:115} INFO - [2022-06-20 01:57:27,461] {dagbag.py:507} INFO - Filling up the DagBag from /opt/airflow/dags/chapter03/dags/08_templated_path.py
[2022-06-20 01:57:28,181] {processor.py:651} INFO - DAG(s) dict_keys(['08_templated_path']) retrieved from /opt/airflow/dags/chapter03/dags/08_templated_path.py
[2022-06-20 01:57:28,271] {logging_mixin.py:115} INFO - [2022-06-20 01:57:28,270] {dag.py:2371} INFO - Sync 1 DAGs
[2022-06-20 01:57:28,306] {logging_mixin.py:115} INFO - [2022-06-20 01:57:28,306] {dag.py:2919} INFO - Setting next_dagrun for 08_templated_path to 2019-01-01T00:00:00+00:00, run_after=2019-01-02T00:00:00+00:00
[2022-06-20 01:57:28,328] {processor.py:161} INFO - Processing /opt/airflow/dags/chapter03/dags/08_templated_path.py took 0.888 seconds
[2022-06-20 01:57:58,469] {processor.py:153} INFO - Started process (PID=1380) to work on /opt/airflow/dags/chapter03/dags/08_templated_path.py
[2022-06-20 01:57:58,471] {processor.py:641} INFO - Processing file /opt/airflow/dags/chapter03/dags/08_templated_path.py for tasks to queue
[2022-06-20 01:57:58,473] {logging_mixin.py:115} INFO - [2022-06-20 01:57:58,473] {dagbag.py:507} INFO - Filling up the DagBag from /opt/airflow/dags/chapter03/dags/08_templated_path.py
[2022-06-20 01:57:58,675] {processor.py:651} INFO - DAG(s) dict_keys(['08_templated_path']) retrieved from /opt/airflow/dags/chapter03/dags/08_templated_path.py
[2022-06-20 01:57:58,689] {logging_mixin.py:115} INFO - [2022-06-20 01:57:58,688] {dag.py:2371} INFO - Sync 1 DAGs
[2022-06-20 01:57:58,701] {logging_mixin.py:115} INFO - [2022-06-20 01:57:58,700] {dag.py:2919} INFO - Setting next_dagrun for 08_templated_path to 2019-01-01T00:00:00+00:00, run_after=2019-01-02T00:00:00+00:00
[2022-06-20 01:57:58,707] {processor.py:161} INFO - Processing /opt/airflow/dags/chapter03/dags/08_templated_path.py took 0.243 seconds
[2022-06-20 01:58:29,216] {processor.py:153} INFO - Started process (PID=1469) to work on /opt/airflow/dags/chapter03/dags/08_templated_path.py
[2022-06-20 01:58:29,220] {processor.py:641} INFO - Processing file /opt/airflow/dags/chapter03/dags/08_templated_path.py for tasks to queue
[2022-06-20 01:58:29,222] {logging_mixin.py:115} INFO - [2022-06-20 01:58:29,222] {dagbag.py:507} INFO - Filling up the DagBag from /opt/airflow/dags/chapter03/dags/08_templated_path.py
[2022-06-20 01:58:29,435] {processor.py:651} INFO - DAG(s) dict_keys(['08_templated_path']) retrieved from /opt/airflow/dags/chapter03/dags/08_templated_path.py
[2022-06-20 01:58:29,452] {logging_mixin.py:115} INFO - [2022-06-20 01:58:29,452] {dag.py:2371} INFO - Sync 1 DAGs
[2022-06-20 01:58:29,465] {logging_mixin.py:115} INFO - [2022-06-20 01:58:29,465] {dag.py:2919} INFO - Setting next_dagrun for 08_templated_path to 2019-01-01T00:00:00+00:00, run_after=2019-01-02T00:00:00+00:00
[2022-06-20 01:58:29,473] {processor.py:161} INFO - Processing /opt/airflow/dags/chapter03/dags/08_templated_path.py took 0.263 seconds
[2022-06-20 01:59:00,073] {processor.py:153} INFO - Started process (PID=1558) to work on /opt/airflow/dags/chapter03/dags/08_templated_path.py
[2022-06-20 01:59:00,075] {processor.py:641} INFO - Processing file /opt/airflow/dags/chapter03/dags/08_templated_path.py for tasks to queue
[2022-06-20 01:59:00,078] {logging_mixin.py:115} INFO - [2022-06-20 01:59:00,078] {dagbag.py:507} INFO - Filling up the DagBag from /opt/airflow/dags/chapter03/dags/08_templated_path.py
[2022-06-20 01:59:00,275] {processor.py:651} INFO - DAG(s) dict_keys(['08_templated_path']) retrieved from /opt/airflow/dags/chapter03/dags/08_templated_path.py
[2022-06-20 01:59:00,290] {logging_mixin.py:115} INFO - [2022-06-20 01:59:00,290] {dag.py:2371} INFO - Sync 1 DAGs
[2022-06-20 01:59:00,302] {logging_mixin.py:115} INFO - [2022-06-20 01:59:00,302] {dag.py:2919} INFO - Setting next_dagrun for 08_templated_path to 2019-01-01T00:00:00+00:00, run_after=2019-01-02T00:00:00+00:00
[2022-06-20 01:59:00,309] {processor.py:161} INFO - Processing /opt/airflow/dags/chapter03/dags/08_templated_path.py took 0.241 seconds
[2022-06-20 01:59:30,635] {processor.py:153} INFO - Started process (PID=1637) to work on /opt/airflow/dags/chapter03/dags/08_templated_path.py
[2022-06-20 01:59:30,636] {processor.py:641} INFO - Processing file /opt/airflow/dags/chapter03/dags/08_templated_path.py for tasks to queue
[2022-06-20 01:59:30,639] {logging_mixin.py:115} INFO - [2022-06-20 01:59:30,639] {dagbag.py:507} INFO - Filling up the DagBag from /opt/airflow/dags/chapter03/dags/08_templated_path.py
[2022-06-20 01:59:30,830] {processor.py:651} INFO - DAG(s) dict_keys(['08_templated_path']) retrieved from /opt/airflow/dags/chapter03/dags/08_templated_path.py
[2022-06-20 01:59:30,845] {logging_mixin.py:115} INFO - [2022-06-20 01:59:30,845] {dag.py:2371} INFO - Sync 1 DAGs
[2022-06-20 01:59:30,856] {logging_mixin.py:115} INFO - [2022-06-20 01:59:30,856] {dag.py:2919} INFO - Setting next_dagrun for 08_templated_path to 2019-01-01T00:00:00+00:00, run_after=2019-01-02T00:00:00+00:00
[2022-06-20 01:59:30,864] {processor.py:161} INFO - Processing /opt/airflow/dags/chapter03/dags/08_templated_path.py took 0.231 seconds
[2022-06-20 02:00:01,109] {processor.py:153} INFO - Started process (PID=1724) to work on /opt/airflow/dags/chapter03/dags/08_templated_path.py
[2022-06-20 02:00:01,112] {processor.py:641} INFO - Processing file /opt/airflow/dags/chapter03/dags/08_templated_path.py for tasks to queue
[2022-06-20 02:00:01,114] {logging_mixin.py:115} INFO - [2022-06-20 02:00:01,114] {dagbag.py:507} INFO - Filling up the DagBag from /opt/airflow/dags/chapter03/dags/08_templated_path.py
[2022-06-20 02:00:01,309] {processor.py:651} INFO - DAG(s) dict_keys(['08_templated_path']) retrieved from /opt/airflow/dags/chapter03/dags/08_templated_path.py
[2022-06-20 02:00:01,325] {logging_mixin.py:115} INFO - [2022-06-20 02:00:01,324] {dag.py:2371} INFO - Sync 1 DAGs
[2022-06-20 02:00:01,336] {logging_mixin.py:115} INFO - [2022-06-20 02:00:01,336] {dag.py:2919} INFO - Setting next_dagrun for 08_templated_path to 2019-01-01T00:00:00+00:00, run_after=2019-01-02T00:00:00+00:00
[2022-06-20 02:00:01,342] {processor.py:161} INFO - Processing /opt/airflow/dags/chapter03/dags/08_templated_path.py took 0.238 seconds
[2022-06-20 02:00:32,182] {processor.py:153} INFO - Started process (PID=1814) to work on /opt/airflow/dags/chapter03/dags/08_templated_path.py
[2022-06-20 02:00:32,184] {processor.py:641} INFO - Processing file /opt/airflow/dags/chapter03/dags/08_templated_path.py for tasks to queue
[2022-06-20 02:00:32,186] {logging_mixin.py:115} INFO - [2022-06-20 02:00:32,186] {dagbag.py:507} INFO - Filling up the DagBag from /opt/airflow/dags/chapter03/dags/08_templated_path.py
[2022-06-20 02:00:32,388] {processor.py:651} INFO - DAG(s) dict_keys(['08_templated_path']) retrieved from /opt/airflow/dags/chapter03/dags/08_templated_path.py
[2022-06-20 02:00:32,403] {logging_mixin.py:115} INFO - [2022-06-20 02:00:32,403] {dag.py:2371} INFO - Sync 1 DAGs
[2022-06-20 02:00:32,418] {logging_mixin.py:115} INFO - [2022-06-20 02:00:32,418] {dag.py:2919} INFO - Setting next_dagrun for 08_templated_path to 2019-01-01T00:00:00+00:00, run_after=2019-01-02T00:00:00+00:00
[2022-06-20 02:00:32,431] {processor.py:161} INFO - Processing /opt/airflow/dags/chapter03/dags/08_templated_path.py took 0.253 seconds
[2022-06-20 02:01:02,551] {processor.py:153} INFO - Started process (PID=1903) to work on /opt/airflow/dags/chapter03/dags/08_templated_path.py
[2022-06-20 02:01:02,553] {processor.py:641} INFO - Processing file /opt/airflow/dags/chapter03/dags/08_templated_path.py for tasks to queue
[2022-06-20 02:01:02,556] {logging_mixin.py:115} INFO - [2022-06-20 02:01:02,556] {dagbag.py:507} INFO - Filling up the DagBag from /opt/airflow/dags/chapter03/dags/08_templated_path.py
[2022-06-20 02:01:02,750] {processor.py:651} INFO - DAG(s) dict_keys(['08_templated_path']) retrieved from /opt/airflow/dags/chapter03/dags/08_templated_path.py
[2022-06-20 02:01:02,765] {logging_mixin.py:115} INFO - [2022-06-20 02:01:02,765] {dag.py:2371} INFO - Sync 1 DAGs
[2022-06-20 02:01:02,777] {logging_mixin.py:115} INFO - [2022-06-20 02:01:02,777] {dag.py:2919} INFO - Setting next_dagrun for 08_templated_path to 2019-01-01T00:00:00+00:00, run_after=2019-01-02T00:00:00+00:00
[2022-06-20 02:01:02,784] {processor.py:161} INFO - Processing /opt/airflow/dags/chapter03/dags/08_templated_path.py took 0.238 seconds
[2022-06-20 02:01:33,007] {processor.py:153} INFO - Started process (PID=1990) to work on /opt/airflow/dags/chapter03/dags/08_templated_path.py
[2022-06-20 02:01:33,011] {processor.py:641} INFO - Processing file /opt/airflow/dags/chapter03/dags/08_templated_path.py for tasks to queue
[2022-06-20 02:01:33,014] {logging_mixin.py:115} INFO - [2022-06-20 02:01:33,014] {dagbag.py:507} INFO - Filling up the DagBag from /opt/airflow/dags/chapter03/dags/08_templated_path.py
[2022-06-20 02:01:33,218] {processor.py:651} INFO - DAG(s) dict_keys(['08_templated_path']) retrieved from /opt/airflow/dags/chapter03/dags/08_templated_path.py
[2022-06-20 02:01:33,233] {logging_mixin.py:115} INFO - [2022-06-20 02:01:33,233] {dag.py:2371} INFO - Sync 1 DAGs
[2022-06-20 02:01:33,245] {logging_mixin.py:115} INFO - [2022-06-20 02:01:33,245] {dag.py:2919} INFO - Setting next_dagrun for 08_templated_path to 2019-01-01T00:00:00+00:00, run_after=2019-01-02T00:00:00+00:00
[2022-06-20 02:01:33,252] {processor.py:161} INFO - Processing /opt/airflow/dags/chapter03/dags/08_templated_path.py took 0.250 seconds
[2022-06-20 02:02:04,026] {processor.py:153} INFO - Started process (PID=2079) to work on /opt/airflow/dags/chapter03/dags/08_templated_path.py
[2022-06-20 02:02:04,027] {processor.py:641} INFO - Processing file /opt/airflow/dags/chapter03/dags/08_templated_path.py for tasks to queue
[2022-06-20 02:02:04,028] {logging_mixin.py:115} INFO - [2022-06-20 02:02:04,028] {dagbag.py:507} INFO - Filling up the DagBag from /opt/airflow/dags/chapter03/dags/08_templated_path.py
[2022-06-20 02:02:04,237] {processor.py:651} INFO - DAG(s) dict_keys(['08_templated_path']) retrieved from /opt/airflow/dags/chapter03/dags/08_templated_path.py
[2022-06-20 02:02:04,252] {logging_mixin.py:115} INFO - [2022-06-20 02:02:04,251] {dag.py:2371} INFO - Sync 1 DAGs
[2022-06-20 02:02:04,264] {logging_mixin.py:115} INFO - [2022-06-20 02:02:04,264] {dag.py:2919} INFO - Setting next_dagrun for 08_templated_path to 2019-01-01T00:00:00+00:00, run_after=2019-01-02T00:00:00+00:00
[2022-06-20 02:02:04,270] {processor.py:161} INFO - Processing /opt/airflow/dags/chapter03/dags/08_templated_path.py took 0.245 seconds
[2022-06-20 02:02:34,462] {processor.py:153} INFO - Started process (PID=2158) to work on /opt/airflow/dags/chapter03/dags/08_templated_path.py
[2022-06-20 02:02:34,464] {processor.py:641} INFO - Processing file /opt/airflow/dags/chapter03/dags/08_templated_path.py for tasks to queue
[2022-06-20 02:02:34,465] {logging_mixin.py:115} INFO - [2022-06-20 02:02:34,465] {dagbag.py:507} INFO - Filling up the DagBag from /opt/airflow/dags/chapter03/dags/08_templated_path.py
[2022-06-20 02:02:34,677] {processor.py:651} INFO - DAG(s) dict_keys(['08_templated_path']) retrieved from /opt/airflow/dags/chapter03/dags/08_templated_path.py
[2022-06-20 02:02:34,698] {logging_mixin.py:115} INFO - [2022-06-20 02:02:34,697] {dag.py:2371} INFO - Sync 1 DAGs
[2022-06-20 02:02:34,719] {logging_mixin.py:115} INFO - [2022-06-20 02:02:34,718] {dag.py:2919} INFO - Setting next_dagrun for 08_templated_path to 2019-01-01T00:00:00+00:00, run_after=2019-01-02T00:00:00+00:00
[2022-06-20 02:02:34,739] {processor.py:161} INFO - Processing /opt/airflow/dags/chapter03/dags/08_templated_path.py took 0.281 seconds
[2022-06-20 02:03:05,096] {processor.py:153} INFO - Started process (PID=2247) to work on /opt/airflow/dags/chapter03/dags/08_templated_path.py
[2022-06-20 02:03:05,099] {processor.py:641} INFO - Processing file /opt/airflow/dags/chapter03/dags/08_templated_path.py for tasks to queue
[2022-06-20 02:03:05,102] {logging_mixin.py:115} INFO - [2022-06-20 02:03:05,102] {dagbag.py:507} INFO - Filling up the DagBag from /opt/airflow/dags/chapter03/dags/08_templated_path.py
[2022-06-20 02:03:05,332] {processor.py:651} INFO - DAG(s) dict_keys(['08_templated_path']) retrieved from /opt/airflow/dags/chapter03/dags/08_templated_path.py
[2022-06-20 02:03:05,350] {logging_mixin.py:115} INFO - [2022-06-20 02:03:05,350] {dag.py:2371} INFO - Sync 1 DAGs
[2022-06-20 02:03:05,366] {logging_mixin.py:115} INFO - [2022-06-20 02:03:05,366] {dag.py:2919} INFO - Setting next_dagrun for 08_templated_path to 2019-01-01T00:00:00+00:00, run_after=2019-01-02T00:00:00+00:00
[2022-06-20 02:03:05,377] {processor.py:161} INFO - Processing /opt/airflow/dags/chapter03/dags/08_templated_path.py took 0.286 seconds
[2022-06-20 02:03:35,832] {processor.py:153} INFO - Started process (PID=2336) to work on /opt/airflow/dags/chapter03/dags/08_templated_path.py
[2022-06-20 02:03:35,834] {processor.py:641} INFO - Processing file /opt/airflow/dags/chapter03/dags/08_templated_path.py for tasks to queue
[2022-06-20 02:03:35,836] {logging_mixin.py:115} INFO - [2022-06-20 02:03:35,836] {dagbag.py:507} INFO - Filling up the DagBag from /opt/airflow/dags/chapter03/dags/08_templated_path.py
[2022-06-20 02:03:36,045] {processor.py:651} INFO - DAG(s) dict_keys(['08_templated_path']) retrieved from /opt/airflow/dags/chapter03/dags/08_templated_path.py
[2022-06-20 02:03:36,062] {logging_mixin.py:115} INFO - [2022-06-20 02:03:36,062] {dag.py:2371} INFO - Sync 1 DAGs
[2022-06-20 02:03:36,074] {logging_mixin.py:115} INFO - [2022-06-20 02:03:36,074] {dag.py:2919} INFO - Setting next_dagrun for 08_templated_path to 2019-01-01T00:00:00+00:00, run_after=2019-01-02T00:00:00+00:00
[2022-06-20 02:03:36,080] {processor.py:161} INFO - Processing /opt/airflow/dags/chapter03/dags/08_templated_path.py took 0.251 seconds
[2022-06-20 02:04:06,330] {processor.py:153} INFO - Started process (PID=2426) to work on /opt/airflow/dags/chapter03/dags/08_templated_path.py
[2022-06-20 02:04:06,334] {processor.py:641} INFO - Processing file /opt/airflow/dags/chapter03/dags/08_templated_path.py for tasks to queue
[2022-06-20 02:04:06,337] {logging_mixin.py:115} INFO - [2022-06-20 02:04:06,337] {dagbag.py:507} INFO - Filling up the DagBag from /opt/airflow/dags/chapter03/dags/08_templated_path.py
[2022-06-20 02:04:06,560] {processor.py:651} INFO - DAG(s) dict_keys(['08_templated_path']) retrieved from /opt/airflow/dags/chapter03/dags/08_templated_path.py
[2022-06-20 02:04:06,574] {logging_mixin.py:115} INFO - [2022-06-20 02:04:06,574] {dag.py:2371} INFO - Sync 1 DAGs
[2022-06-20 02:04:06,586] {logging_mixin.py:115} INFO - [2022-06-20 02:04:06,586] {dag.py:2919} INFO - Setting next_dagrun for 08_templated_path to 2019-01-01T00:00:00+00:00, run_after=2019-01-02T00:00:00+00:00
[2022-06-20 02:04:06,594] {processor.py:161} INFO - Processing /opt/airflow/dags/chapter03/dags/08_templated_path.py took 0.268 seconds
[2022-06-20 02:04:37,193] {processor.py:153} INFO - Started process (PID=2515) to work on /opt/airflow/dags/chapter03/dags/08_templated_path.py
[2022-06-20 02:04:37,195] {processor.py:641} INFO - Processing file /opt/airflow/dags/chapter03/dags/08_templated_path.py for tasks to queue
[2022-06-20 02:04:37,198] {logging_mixin.py:115} INFO - [2022-06-20 02:04:37,198] {dagbag.py:507} INFO - Filling up the DagBag from /opt/airflow/dags/chapter03/dags/08_templated_path.py
[2022-06-20 02:04:37,431] {processor.py:651} INFO - DAG(s) dict_keys(['08_templated_path']) retrieved from /opt/airflow/dags/chapter03/dags/08_templated_path.py
[2022-06-20 02:04:37,445] {logging_mixin.py:115} INFO - [2022-06-20 02:04:37,445] {dag.py:2371} INFO - Sync 1 DAGs
[2022-06-20 02:04:37,457] {logging_mixin.py:115} INFO - [2022-06-20 02:04:37,457] {dag.py:2919} INFO - Setting next_dagrun for 08_templated_path to 2019-01-01T00:00:00+00:00, run_after=2019-01-02T00:00:00+00:00
[2022-06-20 02:04:37,477] {processor.py:161} INFO - Processing /opt/airflow/dags/chapter03/dags/08_templated_path.py took 0.289 seconds
[2022-06-20 02:05:07,714] {processor.py:153} INFO - Started process (PID=2606) to work on /opt/airflow/dags/chapter03/dags/08_templated_path.py
[2022-06-20 02:05:07,717] {processor.py:641} INFO - Processing file /opt/airflow/dags/chapter03/dags/08_templated_path.py for tasks to queue
[2022-06-20 02:05:07,719] {logging_mixin.py:115} INFO - [2022-06-20 02:05:07,719] {dagbag.py:507} INFO - Filling up the DagBag from /opt/airflow/dags/chapter03/dags/08_templated_path.py
[2022-06-20 02:05:07,932] {processor.py:651} INFO - DAG(s) dict_keys(['08_templated_path']) retrieved from /opt/airflow/dags/chapter03/dags/08_templated_path.py
[2022-06-20 02:05:07,947] {logging_mixin.py:115} INFO - [2022-06-20 02:05:07,947] {dag.py:2371} INFO - Sync 1 DAGs
[2022-06-20 02:05:07,959] {logging_mixin.py:115} INFO - [2022-06-20 02:05:07,959] {dag.py:2919} INFO - Setting next_dagrun for 08_templated_path to 2019-01-01T00:00:00+00:00, run_after=2019-01-02T00:00:00+00:00
[2022-06-20 02:05:07,967] {processor.py:161} INFO - Processing /opt/airflow/dags/chapter03/dags/08_templated_path.py took 0.256 seconds
[2022-06-20 02:05:38,536] {processor.py:153} INFO - Started process (PID=2695) to work on /opt/airflow/dags/chapter03/dags/08_templated_path.py
[2022-06-20 02:05:38,539] {processor.py:641} INFO - Processing file /opt/airflow/dags/chapter03/dags/08_templated_path.py for tasks to queue
[2022-06-20 02:05:38,540] {logging_mixin.py:115} INFO - [2022-06-20 02:05:38,540] {dagbag.py:507} INFO - Filling up the DagBag from /opt/airflow/dags/chapter03/dags/08_templated_path.py
[2022-06-20 02:05:38,797] {processor.py:651} INFO - DAG(s) dict_keys(['08_templated_path']) retrieved from /opt/airflow/dags/chapter03/dags/08_templated_path.py
[2022-06-20 02:05:38,816] {logging_mixin.py:115} INFO - [2022-06-20 02:05:38,816] {dag.py:2371} INFO - Sync 1 DAGs
[2022-06-20 02:05:38,832] {logging_mixin.py:115} INFO - [2022-06-20 02:05:38,831] {dag.py:2919} INFO - Setting next_dagrun for 08_templated_path to 2019-01-01T00:00:00+00:00, run_after=2019-01-02T00:00:00+00:00
[2022-06-20 02:05:38,844] {processor.py:161} INFO - Processing /opt/airflow/dags/chapter03/dags/08_templated_path.py took 0.311 seconds
