[2022-06-20 01:50:18,181] {processor.py:153} INFO - Started process (PID=42) to work on /opt/airflow/dags/chapter03/dags/10_non_atomic_send.py
[2022-06-20 01:50:18,184] {processor.py:641} INFO - Processing file /opt/airflow/dags/chapter03/dags/10_non_atomic_send.py for tasks to queue
[2022-06-20 01:50:18,197] {logging_mixin.py:115} INFO - [2022-06-20 01:50:18,197] {dagbag.py:507} INFO - Filling up the DagBag from /opt/airflow/dags/chapter03/dags/10_non_atomic_send.py
[2022-06-20 01:50:18,739] {processor.py:651} INFO - DAG(s) dict_keys(['10_non_atomic_send']) retrieved from /opt/airflow/dags/chapter03/dags/10_non_atomic_send.py
[2022-06-20 01:50:18,797] {logging_mixin.py:115} INFO - [2022-06-20 01:50:18,797] {manager.py:508} INFO - Created Permission View: can read on DAG:10_non_atomic_send
[2022-06-20 01:50:18,808] {logging_mixin.py:115} INFO - [2022-06-20 01:50:18,808] {manager.py:508} INFO - Created Permission View: can edit on DAG:10_non_atomic_send
[2022-06-20 01:50:18,816] {logging_mixin.py:115} INFO - [2022-06-20 01:50:18,816] {manager.py:508} INFO - Created Permission View: can delete on DAG:10_non_atomic_send
[2022-06-20 01:50:18,818] {logging_mixin.py:115} INFO - [2022-06-20 01:50:18,817] {dag.py:2371} INFO - Sync 1 DAGs
[2022-06-20 01:50:18,826] {logging_mixin.py:115} INFO - [2022-06-20 01:50:18,826] {dag.py:2390} INFO - Creating ORM DAG for 10_non_atomic_send
[2022-06-20 01:50:18,839] {logging_mixin.py:115} INFO - [2022-06-20 01:50:18,839] {dag.py:2919} INFO - Setting next_dagrun for 10_non_atomic_send to 2019-01-01T00:00:00+00:00, run_after=2019-01-02T00:00:00+00:00
[2022-06-20 01:50:18,858] {processor.py:161} INFO - Processing /opt/airflow/dags/chapter03/dags/10_non_atomic_send.py took 0.680 seconds
[2022-06-20 01:50:48,973] {processor.py:153} INFO - Started process (PID=130) to work on /opt/airflow/dags/chapter03/dags/10_non_atomic_send.py
[2022-06-20 01:50:48,975] {processor.py:641} INFO - Processing file /opt/airflow/dags/chapter03/dags/10_non_atomic_send.py for tasks to queue
[2022-06-20 01:50:48,976] {logging_mixin.py:115} INFO - [2022-06-20 01:50:48,976] {dagbag.py:507} INFO - Filling up the DagBag from /opt/airflow/dags/chapter03/dags/10_non_atomic_send.py
[2022-06-20 01:50:49,215] {processor.py:651} INFO - DAG(s) dict_keys(['10_non_atomic_send']) retrieved from /opt/airflow/dags/chapter03/dags/10_non_atomic_send.py
[2022-06-20 01:50:49,235] {logging_mixin.py:115} INFO - [2022-06-20 01:50:49,234] {dag.py:2371} INFO - Sync 1 DAGs
[2022-06-20 01:50:49,252] {logging_mixin.py:115} INFO - [2022-06-20 01:50:49,252] {dag.py:2919} INFO - Setting next_dagrun for 10_non_atomic_send to 2019-01-01T00:00:00+00:00, run_after=2019-01-02T00:00:00+00:00
[2022-06-20 01:50:49,260] {processor.py:161} INFO - Processing /opt/airflow/dags/chapter03/dags/10_non_atomic_send.py took 0.290 seconds
[2022-06-20 01:51:19,561] {processor.py:153} INFO - Started process (PID=239) to work on /opt/airflow/dags/chapter03/dags/10_non_atomic_send.py
[2022-06-20 01:51:19,563] {processor.py:641} INFO - Processing file /opt/airflow/dags/chapter03/dags/10_non_atomic_send.py for tasks to queue
[2022-06-20 01:51:19,565] {logging_mixin.py:115} INFO - [2022-06-20 01:51:19,565] {dagbag.py:507} INFO - Filling up the DagBag from /opt/airflow/dags/chapter03/dags/10_non_atomic_send.py
[2022-06-20 01:51:19,775] {processor.py:651} INFO - DAG(s) dict_keys(['10_non_atomic_send']) retrieved from /opt/airflow/dags/chapter03/dags/10_non_atomic_send.py
[2022-06-20 01:51:19,790] {logging_mixin.py:115} INFO - [2022-06-20 01:51:19,790] {dag.py:2371} INFO - Sync 1 DAGs
[2022-06-20 01:51:19,801] {logging_mixin.py:115} INFO - [2022-06-20 01:51:19,801] {dag.py:2919} INFO - Setting next_dagrun for 10_non_atomic_send to 2019-01-01T00:00:00+00:00, run_after=2019-01-02T00:00:00+00:00
[2022-06-20 01:51:19,807] {processor.py:161} INFO - Processing /opt/airflow/dags/chapter03/dags/10_non_atomic_send.py took 0.248 seconds
[2022-06-20 01:51:49,875] {processor.py:153} INFO - Started process (PID=327) to work on /opt/airflow/dags/chapter03/dags/10_non_atomic_send.py
[2022-06-20 01:51:49,877] {processor.py:641} INFO - Processing file /opt/airflow/dags/chapter03/dags/10_non_atomic_send.py for tasks to queue
[2022-06-20 01:51:49,878] {logging_mixin.py:115} INFO - [2022-06-20 01:51:49,878] {dagbag.py:507} INFO - Filling up the DagBag from /opt/airflow/dags/chapter03/dags/10_non_atomic_send.py
[2022-06-20 01:51:50,087] {processor.py:651} INFO - DAG(s) dict_keys(['10_non_atomic_send']) retrieved from /opt/airflow/dags/chapter03/dags/10_non_atomic_send.py
[2022-06-20 01:51:50,101] {logging_mixin.py:115} INFO - [2022-06-20 01:51:50,100] {dag.py:2371} INFO - Sync 1 DAGs
[2022-06-20 01:51:50,111] {logging_mixin.py:115} INFO - [2022-06-20 01:51:50,111] {dag.py:2919} INFO - Setting next_dagrun for 10_non_atomic_send to 2019-01-01T00:00:00+00:00, run_after=2019-01-02T00:00:00+00:00
[2022-06-20 01:51:50,117] {processor.py:161} INFO - Processing /opt/airflow/dags/chapter03/dags/10_non_atomic_send.py took 0.244 seconds
[2022-06-20 01:52:20,370] {processor.py:153} INFO - Started process (PID=417) to work on /opt/airflow/dags/chapter03/dags/10_non_atomic_send.py
[2022-06-20 01:52:20,379] {processor.py:641} INFO - Processing file /opt/airflow/dags/chapter03/dags/10_non_atomic_send.py for tasks to queue
[2022-06-20 01:52:20,381] {logging_mixin.py:115} INFO - [2022-06-20 01:52:20,381] {dagbag.py:507} INFO - Filling up the DagBag from /opt/airflow/dags/chapter03/dags/10_non_atomic_send.py
[2022-06-20 01:52:20,597] {processor.py:651} INFO - DAG(s) dict_keys(['10_non_atomic_send']) retrieved from /opt/airflow/dags/chapter03/dags/10_non_atomic_send.py
[2022-06-20 01:52:20,612] {logging_mixin.py:115} INFO - [2022-06-20 01:52:20,612] {dag.py:2371} INFO - Sync 1 DAGs
[2022-06-20 01:52:20,625] {logging_mixin.py:115} INFO - [2022-06-20 01:52:20,625] {dag.py:2919} INFO - Setting next_dagrun for 10_non_atomic_send to 2019-01-01T00:00:00+00:00, run_after=2019-01-02T00:00:00+00:00
[2022-06-20 01:52:20,632] {processor.py:161} INFO - Processing /opt/airflow/dags/chapter03/dags/10_non_atomic_send.py took 0.264 seconds
[2022-06-20 01:52:51,436] {processor.py:153} INFO - Started process (PID=496) to work on /opt/airflow/dags/chapter03/dags/10_non_atomic_send.py
[2022-06-20 01:52:51,438] {processor.py:641} INFO - Processing file /opt/airflow/dags/chapter03/dags/10_non_atomic_send.py for tasks to queue
[2022-06-20 01:52:51,439] {logging_mixin.py:115} INFO - [2022-06-20 01:52:51,439] {dagbag.py:507} INFO - Filling up the DagBag from /opt/airflow/dags/chapter03/dags/10_non_atomic_send.py
[2022-06-20 01:52:51,642] {processor.py:651} INFO - DAG(s) dict_keys(['10_non_atomic_send']) retrieved from /opt/airflow/dags/chapter03/dags/10_non_atomic_send.py
[2022-06-20 01:52:51,656] {logging_mixin.py:115} INFO - [2022-06-20 01:52:51,655] {dag.py:2371} INFO - Sync 1 DAGs
[2022-06-20 01:52:51,666] {logging_mixin.py:115} INFO - [2022-06-20 01:52:51,666] {dag.py:2919} INFO - Setting next_dagrun for 10_non_atomic_send to 2019-01-01T00:00:00+00:00, run_after=2019-01-02T00:00:00+00:00
[2022-06-20 01:52:51,672] {processor.py:161} INFO - Processing /opt/airflow/dags/chapter03/dags/10_non_atomic_send.py took 0.239 seconds
[2022-06-20 01:53:22,099] {processor.py:153} INFO - Started process (PID=585) to work on /opt/airflow/dags/chapter03/dags/10_non_atomic_send.py
[2022-06-20 01:53:22,101] {processor.py:641} INFO - Processing file /opt/airflow/dags/chapter03/dags/10_non_atomic_send.py for tasks to queue
[2022-06-20 01:53:22,102] {logging_mixin.py:115} INFO - [2022-06-20 01:53:22,102] {dagbag.py:507} INFO - Filling up the DagBag from /opt/airflow/dags/chapter03/dags/10_non_atomic_send.py
[2022-06-20 01:53:22,301] {processor.py:651} INFO - DAG(s) dict_keys(['10_non_atomic_send']) retrieved from /opt/airflow/dags/chapter03/dags/10_non_atomic_send.py
[2022-06-20 01:53:22,315] {logging_mixin.py:115} INFO - [2022-06-20 01:53:22,315] {dag.py:2371} INFO - Sync 1 DAGs
[2022-06-20 01:53:22,325] {logging_mixin.py:115} INFO - [2022-06-20 01:53:22,325] {dag.py:2919} INFO - Setting next_dagrun for 10_non_atomic_send to 2019-01-01T00:00:00+00:00, run_after=2019-01-02T00:00:00+00:00
[2022-06-20 01:53:22,331] {processor.py:161} INFO - Processing /opt/airflow/dags/chapter03/dags/10_non_atomic_send.py took 0.234 seconds
[2022-06-20 01:53:52,645] {processor.py:153} INFO - Started process (PID=674) to work on /opt/airflow/dags/chapter03/dags/10_non_atomic_send.py
[2022-06-20 01:53:52,646] {processor.py:641} INFO - Processing file /opt/airflow/dags/chapter03/dags/10_non_atomic_send.py for tasks to queue
[2022-06-20 01:53:52,648] {logging_mixin.py:115} INFO - [2022-06-20 01:53:52,648] {dagbag.py:507} INFO - Filling up the DagBag from /opt/airflow/dags/chapter03/dags/10_non_atomic_send.py
[2022-06-20 01:53:52,843] {processor.py:651} INFO - DAG(s) dict_keys(['10_non_atomic_send']) retrieved from /opt/airflow/dags/chapter03/dags/10_non_atomic_send.py
[2022-06-20 01:53:52,858] {logging_mixin.py:115} INFO - [2022-06-20 01:53:52,858] {dag.py:2371} INFO - Sync 1 DAGs
[2022-06-20 01:53:52,869] {logging_mixin.py:115} INFO - [2022-06-20 01:53:52,869] {dag.py:2919} INFO - Setting next_dagrun for 10_non_atomic_send to 2019-01-01T00:00:00+00:00, run_after=2019-01-02T00:00:00+00:00
[2022-06-20 01:53:52,875] {processor.py:161} INFO - Processing /opt/airflow/dags/chapter03/dags/10_non_atomic_send.py took 0.233 seconds
[2022-06-20 01:54:23,145] {processor.py:153} INFO - Started process (PID=762) to work on /opt/airflow/dags/chapter03/dags/10_non_atomic_send.py
[2022-06-20 01:54:23,146] {processor.py:641} INFO - Processing file /opt/airflow/dags/chapter03/dags/10_non_atomic_send.py for tasks to queue
[2022-06-20 01:54:23,148] {logging_mixin.py:115} INFO - [2022-06-20 01:54:23,148] {dagbag.py:507} INFO - Filling up the DagBag from /opt/airflow/dags/chapter03/dags/10_non_atomic_send.py
[2022-06-20 01:54:23,349] {processor.py:651} INFO - DAG(s) dict_keys(['10_non_atomic_send']) retrieved from /opt/airflow/dags/chapter03/dags/10_non_atomic_send.py
[2022-06-20 01:54:23,362] {logging_mixin.py:115} INFO - [2022-06-20 01:54:23,362] {dag.py:2371} INFO - Sync 1 DAGs
[2022-06-20 01:54:23,373] {logging_mixin.py:115} INFO - [2022-06-20 01:54:23,373] {dag.py:2919} INFO - Setting next_dagrun for 10_non_atomic_send to 2019-01-01T00:00:00+00:00, run_after=2019-01-02T00:00:00+00:00
[2022-06-20 01:54:23,379] {processor.py:161} INFO - Processing /opt/airflow/dags/chapter03/dags/10_non_atomic_send.py took 0.236 seconds
[2022-06-20 01:54:53,608] {processor.py:153} INFO - Started process (PID=852) to work on /opt/airflow/dags/chapter03/dags/10_non_atomic_send.py
[2022-06-20 01:54:53,610] {processor.py:641} INFO - Processing file /opt/airflow/dags/chapter03/dags/10_non_atomic_send.py for tasks to queue
[2022-06-20 01:54:53,611] {logging_mixin.py:115} INFO - [2022-06-20 01:54:53,611] {dagbag.py:507} INFO - Filling up the DagBag from /opt/airflow/dags/chapter03/dags/10_non_atomic_send.py
[2022-06-20 01:54:53,826] {processor.py:651} INFO - DAG(s) dict_keys(['10_non_atomic_send']) retrieved from /opt/airflow/dags/chapter03/dags/10_non_atomic_send.py
[2022-06-20 01:54:53,844] {logging_mixin.py:115} INFO - [2022-06-20 01:54:53,843] {dag.py:2371} INFO - Sync 1 DAGs
[2022-06-20 01:54:53,856] {logging_mixin.py:115} INFO - [2022-06-20 01:54:53,855] {dag.py:2919} INFO - Setting next_dagrun for 10_non_atomic_send to 2019-01-01T00:00:00+00:00, run_after=2019-01-02T00:00:00+00:00
[2022-06-20 01:54:53,863] {processor.py:161} INFO - Processing /opt/airflow/dags/chapter03/dags/10_non_atomic_send.py took 0.258 seconds
[2022-06-20 01:55:24,115] {processor.py:153} INFO - Started process (PID=942) to work on /opt/airflow/dags/chapter03/dags/10_non_atomic_send.py
[2022-06-20 01:55:24,117] {processor.py:641} INFO - Processing file /opt/airflow/dags/chapter03/dags/10_non_atomic_send.py for tasks to queue
[2022-06-20 01:55:24,119] {logging_mixin.py:115} INFO - [2022-06-20 01:55:24,119] {dagbag.py:507} INFO - Filling up the DagBag from /opt/airflow/dags/chapter03/dags/10_non_atomic_send.py
[2022-06-20 01:55:24,297] {processor.py:651} INFO - DAG(s) dict_keys(['10_non_atomic_send']) retrieved from /opt/airflow/dags/chapter03/dags/10_non_atomic_send.py
[2022-06-20 01:55:24,320] {logging_mixin.py:115} INFO - [2022-06-20 01:55:24,320] {dag.py:2371} INFO - Sync 1 DAGs
[2022-06-20 01:55:24,332] {logging_mixin.py:115} INFO - [2022-06-20 01:55:24,332] {dag.py:2919} INFO - Setting next_dagrun for 10_non_atomic_send to 2019-01-01T00:00:00+00:00, run_after=2019-01-02T00:00:00+00:00
[2022-06-20 01:55:24,339] {processor.py:161} INFO - Processing /opt/airflow/dags/chapter03/dags/10_non_atomic_send.py took 0.226 seconds
[2022-06-20 01:55:54,461] {processor.py:153} INFO - Started process (PID=1021) to work on /opt/airflow/dags/chapter03/dags/10_non_atomic_send.py
[2022-06-20 01:55:54,463] {processor.py:641} INFO - Processing file /opt/airflow/dags/chapter03/dags/10_non_atomic_send.py for tasks to queue
[2022-06-20 01:55:54,464] {logging_mixin.py:115} INFO - [2022-06-20 01:55:54,464] {dagbag.py:507} INFO - Filling up the DagBag from /opt/airflow/dags/chapter03/dags/10_non_atomic_send.py
[2022-06-20 01:55:54,690] {processor.py:651} INFO - DAG(s) dict_keys(['10_non_atomic_send']) retrieved from /opt/airflow/dags/chapter03/dags/10_non_atomic_send.py
[2022-06-20 01:55:54,708] {logging_mixin.py:115} INFO - [2022-06-20 01:55:54,708] {dag.py:2371} INFO - Sync 1 DAGs
[2022-06-20 01:55:54,721] {logging_mixin.py:115} INFO - [2022-06-20 01:55:54,721] {dag.py:2919} INFO - Setting next_dagrun for 10_non_atomic_send to 2019-01-01T00:00:00+00:00, run_after=2019-01-02T00:00:00+00:00
[2022-06-20 01:55:54,729] {processor.py:161} INFO - Processing /opt/airflow/dags/chapter03/dags/10_non_atomic_send.py took 0.269 seconds
[2022-06-20 01:56:24,781] {processor.py:153} INFO - Started process (PID=1110) to work on /opt/airflow/dags/chapter03/dags/10_non_atomic_send.py
[2022-06-20 01:56:24,783] {processor.py:641} INFO - Processing file /opt/airflow/dags/chapter03/dags/10_non_atomic_send.py for tasks to queue
[2022-06-20 01:56:24,785] {logging_mixin.py:115} INFO - [2022-06-20 01:56:24,785] {dagbag.py:507} INFO - Filling up the DagBag from /opt/airflow/dags/chapter03/dags/10_non_atomic_send.py
[2022-06-20 01:56:25,010] {processor.py:651} INFO - DAG(s) dict_keys(['10_non_atomic_send']) retrieved from /opt/airflow/dags/chapter03/dags/10_non_atomic_send.py
[2022-06-20 01:56:25,024] {logging_mixin.py:115} INFO - [2022-06-20 01:56:25,023] {dag.py:2371} INFO - Sync 1 DAGs
[2022-06-20 01:56:25,037] {logging_mixin.py:115} INFO - [2022-06-20 01:56:25,037] {dag.py:2919} INFO - Setting next_dagrun for 10_non_atomic_send to 2019-01-01T00:00:00+00:00, run_after=2019-01-02T00:00:00+00:00
[2022-06-20 01:56:25,044] {processor.py:161} INFO - Processing /opt/airflow/dags/chapter03/dags/10_non_atomic_send.py took 0.265 seconds
[2022-06-20 01:56:55,173] {processor.py:153} INFO - Started process (PID=1198) to work on /opt/airflow/dags/chapter03/dags/10_non_atomic_send.py
[2022-06-20 01:56:55,175] {processor.py:641} INFO - Processing file /opt/airflow/dags/chapter03/dags/10_non_atomic_send.py for tasks to queue
[2022-06-20 01:56:55,178] {logging_mixin.py:115} INFO - [2022-06-20 01:56:55,178] {dagbag.py:507} INFO - Filling up the DagBag from /opt/airflow/dags/chapter03/dags/10_non_atomic_send.py
[2022-06-20 01:56:55,455] {processor.py:651} INFO - DAG(s) dict_keys(['10_non_atomic_send']) retrieved from /opt/airflow/dags/chapter03/dags/10_non_atomic_send.py
[2022-06-20 01:56:55,474] {logging_mixin.py:115} INFO - [2022-06-20 01:56:55,474] {dag.py:2371} INFO - Sync 1 DAGs
[2022-06-20 01:56:55,488] {logging_mixin.py:115} INFO - [2022-06-20 01:56:55,488] {dag.py:2919} INFO - Setting next_dagrun for 10_non_atomic_send to 2019-01-01T00:00:00+00:00, run_after=2019-01-02T00:00:00+00:00
[2022-06-20 01:56:55,499] {processor.py:161} INFO - Processing /opt/airflow/dags/chapter03/dags/10_non_atomic_send.py took 0.331 seconds
[2022-06-20 01:57:26,282] {processor.py:153} INFO - Started process (PID=1287) to work on /opt/airflow/dags/chapter03/dags/10_non_atomic_send.py
[2022-06-20 01:57:26,285] {processor.py:641} INFO - Processing file /opt/airflow/dags/chapter03/dags/10_non_atomic_send.py for tasks to queue
[2022-06-20 01:57:26,287] {logging_mixin.py:115} INFO - [2022-06-20 01:57:26,287] {dagbag.py:507} INFO - Filling up the DagBag from /opt/airflow/dags/chapter03/dags/10_non_atomic_send.py
[2022-06-20 01:57:26,517] {processor.py:651} INFO - DAG(s) dict_keys(['10_non_atomic_send']) retrieved from /opt/airflow/dags/chapter03/dags/10_non_atomic_send.py
[2022-06-20 01:57:26,534] {logging_mixin.py:115} INFO - [2022-06-20 01:57:26,534] {dag.py:2371} INFO - Sync 1 DAGs
[2022-06-20 01:57:26,546] {logging_mixin.py:115} INFO - [2022-06-20 01:57:26,546] {dag.py:2919} INFO - Setting next_dagrun for 10_non_atomic_send to 2019-01-01T00:00:00+00:00, run_after=2019-01-02T00:00:00+00:00
[2022-06-20 01:57:26,553] {processor.py:161} INFO - Processing /opt/airflow/dags/chapter03/dags/10_non_atomic_send.py took 0.275 seconds
[2022-06-20 01:57:57,091] {processor.py:153} INFO - Started process (PID=1376) to work on /opt/airflow/dags/chapter03/dags/10_non_atomic_send.py
[2022-06-20 01:57:57,095] {processor.py:641} INFO - Processing file /opt/airflow/dags/chapter03/dags/10_non_atomic_send.py for tasks to queue
[2022-06-20 01:57:57,098] {logging_mixin.py:115} INFO - [2022-06-20 01:57:57,098] {dagbag.py:507} INFO - Filling up the DagBag from /opt/airflow/dags/chapter03/dags/10_non_atomic_send.py
[2022-06-20 01:57:57,351] {processor.py:651} INFO - DAG(s) dict_keys(['10_non_atomic_send']) retrieved from /opt/airflow/dags/chapter03/dags/10_non_atomic_send.py
[2022-06-20 01:57:57,369] {logging_mixin.py:115} INFO - [2022-06-20 01:57:57,369] {dag.py:2371} INFO - Sync 1 DAGs
[2022-06-20 01:57:57,383] {logging_mixin.py:115} INFO - [2022-06-20 01:57:57,383] {dag.py:2919} INFO - Setting next_dagrun for 10_non_atomic_send to 2019-01-01T00:00:00+00:00, run_after=2019-01-02T00:00:00+00:00
[2022-06-20 01:57:57,391] {processor.py:161} INFO - Processing /opt/airflow/dags/chapter03/dags/10_non_atomic_send.py took 0.304 seconds
[2022-06-20 01:58:27,854] {processor.py:153} INFO - Started process (PID=1465) to work on /opt/airflow/dags/chapter03/dags/10_non_atomic_send.py
[2022-06-20 01:58:27,857] {processor.py:641} INFO - Processing file /opt/airflow/dags/chapter03/dags/10_non_atomic_send.py for tasks to queue
[2022-06-20 01:58:27,858] {logging_mixin.py:115} INFO - [2022-06-20 01:58:27,858] {dagbag.py:507} INFO - Filling up the DagBag from /opt/airflow/dags/chapter03/dags/10_non_atomic_send.py
[2022-06-20 01:58:28,098] {processor.py:651} INFO - DAG(s) dict_keys(['10_non_atomic_send']) retrieved from /opt/airflow/dags/chapter03/dags/10_non_atomic_send.py
[2022-06-20 01:58:28,119] {logging_mixin.py:115} INFO - [2022-06-20 01:58:28,118] {dag.py:2371} INFO - Sync 1 DAGs
[2022-06-20 01:58:28,134] {logging_mixin.py:115} INFO - [2022-06-20 01:58:28,134] {dag.py:2919} INFO - Setting next_dagrun for 10_non_atomic_send to 2019-01-01T00:00:00+00:00, run_after=2019-01-02T00:00:00+00:00
[2022-06-20 01:58:28,144] {processor.py:161} INFO - Processing /opt/airflow/dags/chapter03/dags/10_non_atomic_send.py took 0.293 seconds
[2022-06-20 01:58:58,888] {processor.py:153} INFO - Started process (PID=1554) to work on /opt/airflow/dags/chapter03/dags/10_non_atomic_send.py
[2022-06-20 01:58:58,890] {processor.py:641} INFO - Processing file /opt/airflow/dags/chapter03/dags/10_non_atomic_send.py for tasks to queue
[2022-06-20 01:58:58,891] {logging_mixin.py:115} INFO - [2022-06-20 01:58:58,891] {dagbag.py:507} INFO - Filling up the DagBag from /opt/airflow/dags/chapter03/dags/10_non_atomic_send.py
[2022-06-20 01:58:59,108] {processor.py:651} INFO - DAG(s) dict_keys(['10_non_atomic_send']) retrieved from /opt/airflow/dags/chapter03/dags/10_non_atomic_send.py
[2022-06-20 01:58:59,128] {logging_mixin.py:115} INFO - [2022-06-20 01:58:59,127] {dag.py:2371} INFO - Sync 1 DAGs
[2022-06-20 01:58:59,142] {logging_mixin.py:115} INFO - [2022-06-20 01:58:59,142] {dag.py:2919} INFO - Setting next_dagrun for 10_non_atomic_send to 2019-01-01T00:00:00+00:00, run_after=2019-01-02T00:00:00+00:00
[2022-06-20 01:58:59,151] {processor.py:161} INFO - Processing /opt/airflow/dags/chapter03/dags/10_non_atomic_send.py took 0.265 seconds
[2022-06-20 01:59:29,323] {processor.py:153} INFO - Started process (PID=1633) to work on /opt/airflow/dags/chapter03/dags/10_non_atomic_send.py
[2022-06-20 01:59:29,325] {processor.py:641} INFO - Processing file /opt/airflow/dags/chapter03/dags/10_non_atomic_send.py for tasks to queue
[2022-06-20 01:59:29,326] {logging_mixin.py:115} INFO - [2022-06-20 01:59:29,326] {dagbag.py:507} INFO - Filling up the DagBag from /opt/airflow/dags/chapter03/dags/10_non_atomic_send.py
[2022-06-20 01:59:29,534] {processor.py:651} INFO - DAG(s) dict_keys(['10_non_atomic_send']) retrieved from /opt/airflow/dags/chapter03/dags/10_non_atomic_send.py
[2022-06-20 01:59:29,557] {logging_mixin.py:115} INFO - [2022-06-20 01:59:29,556] {dag.py:2371} INFO - Sync 1 DAGs
[2022-06-20 01:59:29,573] {logging_mixin.py:115} INFO - [2022-06-20 01:59:29,572] {dag.py:2919} INFO - Setting next_dagrun for 10_non_atomic_send to 2019-01-01T00:00:00+00:00, run_after=2019-01-02T00:00:00+00:00
[2022-06-20 01:59:29,591] {processor.py:161} INFO - Processing /opt/airflow/dags/chapter03/dags/10_non_atomic_send.py took 0.274 seconds
[2022-06-20 01:59:59,937] {processor.py:153} INFO - Started process (PID=1720) to work on /opt/airflow/dags/chapter03/dags/10_non_atomic_send.py
[2022-06-20 01:59:59,939] {processor.py:641} INFO - Processing file /opt/airflow/dags/chapter03/dags/10_non_atomic_send.py for tasks to queue
[2022-06-20 01:59:59,941] {logging_mixin.py:115} INFO - [2022-06-20 01:59:59,940] {dagbag.py:507} INFO - Filling up the DagBag from /opt/airflow/dags/chapter03/dags/10_non_atomic_send.py
[2022-06-20 02:00:00,145] {processor.py:651} INFO - DAG(s) dict_keys(['10_non_atomic_send']) retrieved from /opt/airflow/dags/chapter03/dags/10_non_atomic_send.py
[2022-06-20 02:00:00,161] {logging_mixin.py:115} INFO - [2022-06-20 02:00:00,161] {dag.py:2371} INFO - Sync 1 DAGs
[2022-06-20 02:00:00,174] {logging_mixin.py:115} INFO - [2022-06-20 02:00:00,174] {dag.py:2919} INFO - Setting next_dagrun for 10_non_atomic_send to 2019-01-01T00:00:00+00:00, run_after=2019-01-02T00:00:00+00:00
[2022-06-20 02:00:00,181] {processor.py:161} INFO - Processing /opt/airflow/dags/chapter03/dags/10_non_atomic_send.py took 0.246 seconds
[2022-06-20 02:00:31,027] {processor.py:153} INFO - Started process (PID=1810) to work on /opt/airflow/dags/chapter03/dags/10_non_atomic_send.py
[2022-06-20 02:00:31,029] {processor.py:641} INFO - Processing file /opt/airflow/dags/chapter03/dags/10_non_atomic_send.py for tasks to queue
[2022-06-20 02:00:31,031] {logging_mixin.py:115} INFO - [2022-06-20 02:00:31,031] {dagbag.py:507} INFO - Filling up the DagBag from /opt/airflow/dags/chapter03/dags/10_non_atomic_send.py
[2022-06-20 02:00:31,223] {processor.py:651} INFO - DAG(s) dict_keys(['10_non_atomic_send']) retrieved from /opt/airflow/dags/chapter03/dags/10_non_atomic_send.py
[2022-06-20 02:00:31,238] {logging_mixin.py:115} INFO - [2022-06-20 02:00:31,238] {dag.py:2371} INFO - Sync 1 DAGs
[2022-06-20 02:00:31,250] {logging_mixin.py:115} INFO - [2022-06-20 02:00:31,250] {dag.py:2919} INFO - Setting next_dagrun for 10_non_atomic_send to 2019-01-01T00:00:00+00:00, run_after=2019-01-02T00:00:00+00:00
[2022-06-20 02:00:31,257] {processor.py:161} INFO - Processing /opt/airflow/dags/chapter03/dags/10_non_atomic_send.py took 0.234 seconds
[2022-06-20 02:01:01,431] {processor.py:153} INFO - Started process (PID=1899) to work on /opt/airflow/dags/chapter03/dags/10_non_atomic_send.py
[2022-06-20 02:01:01,434] {processor.py:641} INFO - Processing file /opt/airflow/dags/chapter03/dags/10_non_atomic_send.py for tasks to queue
[2022-06-20 02:01:01,436] {logging_mixin.py:115} INFO - [2022-06-20 02:01:01,436] {dagbag.py:507} INFO - Filling up the DagBag from /opt/airflow/dags/chapter03/dags/10_non_atomic_send.py
[2022-06-20 02:01:01,631] {processor.py:651} INFO - DAG(s) dict_keys(['10_non_atomic_send']) retrieved from /opt/airflow/dags/chapter03/dags/10_non_atomic_send.py
[2022-06-20 02:01:01,645] {logging_mixin.py:115} INFO - [2022-06-20 02:01:01,645] {dag.py:2371} INFO - Sync 1 DAGs
[2022-06-20 02:01:01,656] {logging_mixin.py:115} INFO - [2022-06-20 02:01:01,656] {dag.py:2919} INFO - Setting next_dagrun for 10_non_atomic_send to 2019-01-01T00:00:00+00:00, run_after=2019-01-02T00:00:00+00:00
[2022-06-20 02:01:01,664] {processor.py:161} INFO - Processing /opt/airflow/dags/chapter03/dags/10_non_atomic_send.py took 0.237 seconds
[2022-06-20 02:01:31,848] {processor.py:153} INFO - Started process (PID=1986) to work on /opt/airflow/dags/chapter03/dags/10_non_atomic_send.py
[2022-06-20 02:01:31,850] {processor.py:641} INFO - Processing file /opt/airflow/dags/chapter03/dags/10_non_atomic_send.py for tasks to queue
[2022-06-20 02:01:31,853] {logging_mixin.py:115} INFO - [2022-06-20 02:01:31,852] {dagbag.py:507} INFO - Filling up the DagBag from /opt/airflow/dags/chapter03/dags/10_non_atomic_send.py
[2022-06-20 02:01:32,051] {processor.py:651} INFO - DAG(s) dict_keys(['10_non_atomic_send']) retrieved from /opt/airflow/dags/chapter03/dags/10_non_atomic_send.py
[2022-06-20 02:01:32,066] {logging_mixin.py:115} INFO - [2022-06-20 02:01:32,066] {dag.py:2371} INFO - Sync 1 DAGs
[2022-06-20 02:01:32,078] {logging_mixin.py:115} INFO - [2022-06-20 02:01:32,078] {dag.py:2919} INFO - Setting next_dagrun for 10_non_atomic_send to 2019-01-01T00:00:00+00:00, run_after=2019-01-02T00:00:00+00:00
[2022-06-20 02:01:32,084] {processor.py:161} INFO - Processing /opt/airflow/dags/chapter03/dags/10_non_atomic_send.py took 0.240 seconds
[2022-06-20 02:02:02,673] {processor.py:153} INFO - Started process (PID=2075) to work on /opt/airflow/dags/chapter03/dags/10_non_atomic_send.py
[2022-06-20 02:02:02,676] {processor.py:641} INFO - Processing file /opt/airflow/dags/chapter03/dags/10_non_atomic_send.py for tasks to queue
[2022-06-20 02:02:02,677] {logging_mixin.py:115} INFO - [2022-06-20 02:02:02,677] {dagbag.py:507} INFO - Filling up the DagBag from /opt/airflow/dags/chapter03/dags/10_non_atomic_send.py
[2022-06-20 02:02:02,936] {processor.py:651} INFO - DAG(s) dict_keys(['10_non_atomic_send']) retrieved from /opt/airflow/dags/chapter03/dags/10_non_atomic_send.py
[2022-06-20 02:02:02,957] {logging_mixin.py:115} INFO - [2022-06-20 02:02:02,957] {dag.py:2371} INFO - Sync 1 DAGs
[2022-06-20 02:02:02,978] {logging_mixin.py:115} INFO - [2022-06-20 02:02:02,978] {dag.py:2919} INFO - Setting next_dagrun for 10_non_atomic_send to 2019-01-01T00:00:00+00:00, run_after=2019-01-02T00:00:00+00:00
[2022-06-20 02:02:02,988] {processor.py:161} INFO - Processing /opt/airflow/dags/chapter03/dags/10_non_atomic_send.py took 0.317 seconds
[2022-06-20 02:02:33,159] {processor.py:153} INFO - Started process (PID=2154) to work on /opt/airflow/dags/chapter03/dags/10_non_atomic_send.py
[2022-06-20 02:02:33,160] {processor.py:641} INFO - Processing file /opt/airflow/dags/chapter03/dags/10_non_atomic_send.py for tasks to queue
[2022-06-20 02:02:33,161] {logging_mixin.py:115} INFO - [2022-06-20 02:02:33,161] {dagbag.py:507} INFO - Filling up the DagBag from /opt/airflow/dags/chapter03/dags/10_non_atomic_send.py
[2022-06-20 02:02:33,375] {processor.py:651} INFO - DAG(s) dict_keys(['10_non_atomic_send']) retrieved from /opt/airflow/dags/chapter03/dags/10_non_atomic_send.py
[2022-06-20 02:02:33,393] {logging_mixin.py:115} INFO - [2022-06-20 02:02:33,393] {dag.py:2371} INFO - Sync 1 DAGs
[2022-06-20 02:02:33,407] {logging_mixin.py:115} INFO - [2022-06-20 02:02:33,407] {dag.py:2919} INFO - Setting next_dagrun for 10_non_atomic_send to 2019-01-01T00:00:00+00:00, run_after=2019-01-02T00:00:00+00:00
[2022-06-20 02:02:33,416] {processor.py:161} INFO - Processing /opt/airflow/dags/chapter03/dags/10_non_atomic_send.py took 0.261 seconds
[2022-06-20 02:03:03,937] {processor.py:153} INFO - Started process (PID=2243) to work on /opt/airflow/dags/chapter03/dags/10_non_atomic_send.py
[2022-06-20 02:03:03,939] {processor.py:641} INFO - Processing file /opt/airflow/dags/chapter03/dags/10_non_atomic_send.py for tasks to queue
[2022-06-20 02:03:03,941] {logging_mixin.py:115} INFO - [2022-06-20 02:03:03,941] {dagbag.py:507} INFO - Filling up the DagBag from /opt/airflow/dags/chapter03/dags/10_non_atomic_send.py
[2022-06-20 02:03:04,140] {processor.py:651} INFO - DAG(s) dict_keys(['10_non_atomic_send']) retrieved from /opt/airflow/dags/chapter03/dags/10_non_atomic_send.py
[2022-06-20 02:03:04,156] {logging_mixin.py:115} INFO - [2022-06-20 02:03:04,156] {dag.py:2371} INFO - Sync 1 DAGs
[2022-06-20 02:03:04,168] {logging_mixin.py:115} INFO - [2022-06-20 02:03:04,168] {dag.py:2919} INFO - Setting next_dagrun for 10_non_atomic_send to 2019-01-01T00:00:00+00:00, run_after=2019-01-02T00:00:00+00:00
[2022-06-20 02:03:04,175] {processor.py:161} INFO - Processing /opt/airflow/dags/chapter03/dags/10_non_atomic_send.py took 0.241 seconds
[2022-06-20 02:03:34,486] {processor.py:153} INFO - Started process (PID=2332) to work on /opt/airflow/dags/chapter03/dags/10_non_atomic_send.py
[2022-06-20 02:03:34,489] {processor.py:641} INFO - Processing file /opt/airflow/dags/chapter03/dags/10_non_atomic_send.py for tasks to queue
[2022-06-20 02:03:34,492] {logging_mixin.py:115} INFO - [2022-06-20 02:03:34,492] {dagbag.py:507} INFO - Filling up the DagBag from /opt/airflow/dags/chapter03/dags/10_non_atomic_send.py
[2022-06-20 02:03:34,732] {processor.py:651} INFO - DAG(s) dict_keys(['10_non_atomic_send']) retrieved from /opt/airflow/dags/chapter03/dags/10_non_atomic_send.py
[2022-06-20 02:03:34,755] {logging_mixin.py:115} INFO - [2022-06-20 02:03:34,754] {dag.py:2371} INFO - Sync 1 DAGs
[2022-06-20 02:03:34,766] {logging_mixin.py:115} INFO - [2022-06-20 02:03:34,766] {dag.py:2919} INFO - Setting next_dagrun for 10_non_atomic_send to 2019-01-01T00:00:00+00:00, run_after=2019-01-02T00:00:00+00:00
[2022-06-20 02:03:34,779] {processor.py:161} INFO - Processing /opt/airflow/dags/chapter03/dags/10_non_atomic_send.py took 0.297 seconds
[2022-06-20 02:04:05,136] {processor.py:153} INFO - Started process (PID=2422) to work on /opt/airflow/dags/chapter03/dags/10_non_atomic_send.py
[2022-06-20 02:04:05,138] {processor.py:641} INFO - Processing file /opt/airflow/dags/chapter03/dags/10_non_atomic_send.py for tasks to queue
[2022-06-20 02:04:05,139] {logging_mixin.py:115} INFO - [2022-06-20 02:04:05,139] {dagbag.py:507} INFO - Filling up the DagBag from /opt/airflow/dags/chapter03/dags/10_non_atomic_send.py
[2022-06-20 02:04:05,353] {processor.py:651} INFO - DAG(s) dict_keys(['10_non_atomic_send']) retrieved from /opt/airflow/dags/chapter03/dags/10_non_atomic_send.py
[2022-06-20 02:04:05,369] {logging_mixin.py:115} INFO - [2022-06-20 02:04:05,369] {dag.py:2371} INFO - Sync 1 DAGs
[2022-06-20 02:04:05,382] {logging_mixin.py:115} INFO - [2022-06-20 02:04:05,382] {dag.py:2919} INFO - Setting next_dagrun for 10_non_atomic_send to 2019-01-01T00:00:00+00:00, run_after=2019-01-02T00:00:00+00:00
[2022-06-20 02:04:05,389] {processor.py:161} INFO - Processing /opt/airflow/dags/chapter03/dags/10_non_atomic_send.py took 0.256 seconds
[2022-06-20 02:04:36,017] {processor.py:153} INFO - Started process (PID=2511) to work on /opt/airflow/dags/chapter03/dags/10_non_atomic_send.py
[2022-06-20 02:04:36,019] {processor.py:641} INFO - Processing file /opt/airflow/dags/chapter03/dags/10_non_atomic_send.py for tasks to queue
[2022-06-20 02:04:36,021] {logging_mixin.py:115} INFO - [2022-06-20 02:04:36,021] {dagbag.py:507} INFO - Filling up the DagBag from /opt/airflow/dags/chapter03/dags/10_non_atomic_send.py
[2022-06-20 02:04:36,338] {processor.py:651} INFO - DAG(s) dict_keys(['10_non_atomic_send']) retrieved from /opt/airflow/dags/chapter03/dags/10_non_atomic_send.py
[2022-06-20 02:04:36,361] {logging_mixin.py:115} INFO - [2022-06-20 02:04:36,361] {dag.py:2371} INFO - Sync 1 DAGs
[2022-06-20 02:04:36,376] {logging_mixin.py:115} INFO - [2022-06-20 02:04:36,375] {dag.py:2919} INFO - Setting next_dagrun for 10_non_atomic_send to 2019-01-01T00:00:00+00:00, run_after=2019-01-02T00:00:00+00:00
[2022-06-20 02:04:36,383] {processor.py:161} INFO - Processing /opt/airflow/dags/chapter03/dags/10_non_atomic_send.py took 0.369 seconds
[2022-06-20 02:05:06,565] {processor.py:153} INFO - Started process (PID=2602) to work on /opt/airflow/dags/chapter03/dags/10_non_atomic_send.py
[2022-06-20 02:05:06,568] {processor.py:641} INFO - Processing file /opt/airflow/dags/chapter03/dags/10_non_atomic_send.py for tasks to queue
[2022-06-20 02:05:06,570] {logging_mixin.py:115} INFO - [2022-06-20 02:05:06,569] {dagbag.py:507} INFO - Filling up the DagBag from /opt/airflow/dags/chapter03/dags/10_non_atomic_send.py
[2022-06-20 02:05:06,768] {processor.py:651} INFO - DAG(s) dict_keys(['10_non_atomic_send']) retrieved from /opt/airflow/dags/chapter03/dags/10_non_atomic_send.py
[2022-06-20 02:05:06,783] {logging_mixin.py:115} INFO - [2022-06-20 02:05:06,783] {dag.py:2371} INFO - Sync 1 DAGs
[2022-06-20 02:05:06,795] {logging_mixin.py:115} INFO - [2022-06-20 02:05:06,795] {dag.py:2919} INFO - Setting next_dagrun for 10_non_atomic_send to 2019-01-01T00:00:00+00:00, run_after=2019-01-02T00:00:00+00:00
[2022-06-20 02:05:06,802] {processor.py:161} INFO - Processing /opt/airflow/dags/chapter03/dags/10_non_atomic_send.py took 0.239 seconds
[2022-06-20 02:05:37,415] {processor.py:153} INFO - Started process (PID=2681) to work on /opt/airflow/dags/chapter03/dags/10_non_atomic_send.py
[2022-06-20 02:05:37,416] {processor.py:641} INFO - Processing file /opt/airflow/dags/chapter03/dags/10_non_atomic_send.py for tasks to queue
[2022-06-20 02:05:37,419] {logging_mixin.py:115} INFO - [2022-06-20 02:05:37,419] {dagbag.py:507} INFO - Filling up the DagBag from /opt/airflow/dags/chapter03/dags/10_non_atomic_send.py
[2022-06-20 02:05:37,643] {processor.py:651} INFO - DAG(s) dict_keys(['10_non_atomic_send']) retrieved from /opt/airflow/dags/chapter03/dags/10_non_atomic_send.py
[2022-06-20 02:05:37,659] {logging_mixin.py:115} INFO - [2022-06-20 02:05:37,658] {dag.py:2371} INFO - Sync 1 DAGs
[2022-06-20 02:05:37,671] {logging_mixin.py:115} INFO - [2022-06-20 02:05:37,671] {dag.py:2919} INFO - Setting next_dagrun for 10_non_atomic_send to 2019-01-01T00:00:00+00:00, run_after=2019-01-02T00:00:00+00:00
[2022-06-20 02:05:37,680] {processor.py:161} INFO - Processing /opt/airflow/dags/chapter03/dags/10_non_atomic_send.py took 0.268 seconds
