[2022-06-20 01:34:21,768] {taskinstance.py:1159} INFO - Dependencies all met for <TaskInstance: 4_1_template_dag.get_data scheduled__2022-06-17T09:00:00+00:00 [queued]>
[2022-06-20 01:34:21,797] {taskinstance.py:1159} INFO - Dependencies all met for <TaskInstance: 4_1_template_dag.get_data scheduled__2022-06-17T09:00:00+00:00 [queued]>
[2022-06-20 01:34:21,811] {taskinstance.py:1356} INFO - 
--------------------------------------------------------------------------------
[2022-06-20 01:34:21,825] {taskinstance.py:1357} INFO - Starting attempt 1 of 1
[2022-06-20 01:34:21,831] {taskinstance.py:1358} INFO - 
--------------------------------------------------------------------------------
[2022-06-20 01:34:21,874] {taskinstance.py:1377} INFO - Executing <Task(BashOperator): get_data> on 2022-06-17 09:00:00+00:00
[2022-06-20 01:34:21,882] {standard_task_runner.py:52} INFO - Started process 209 to run task
[2022-06-20 01:34:21,895] {standard_task_runner.py:79} INFO - Running: ['***', 'tasks', 'run', '4_1_template_dag', 'get_data', 'scheduled__2022-06-17T09:00:00+00:00', '--job-id', '35', '--raw', '--subdir', 'DAGS_FOLDER/data-pipline-book/4_1_template_dag.py', '--cfg-path', '/tmp/tmpscaq346c', '--error-file', '/tmp/tmpiyw7l_7c']
[2022-06-20 01:34:21,898] {standard_task_runner.py:80} INFO - Job 35: Subtask get_data
[2022-06-20 01:34:22,030] {task_command.py:369} INFO - Running <TaskInstance: 4_1_template_dag.get_data scheduled__2022-06-17T09:00:00+00:00 [running]> on host b8db81cc5447
[2022-06-20 01:34:22,114] {warnings.py:110} WARNING - /home/***/.local/lib/python3.7/site-packages/***/utils/context.py:202: AirflowContextDeprecationWarning: Accessing 'execution_date' from the template is deprecated and will be removed in a future version. Please use 'data_interval_start' or 'logical_date' instead.
  warnings.warn(_create_deprecation_warning(key, self._deprecation_replacements[key]))

[2022-06-20 01:34:22,173] {taskinstance.py:1571} INFO - Exporting the following env vars:
AIRFLOW_CTX_DAG_OWNER=***
AIRFLOW_CTX_DAG_ID=4_1_template_dag
AIRFLOW_CTX_TASK_ID=get_data
AIRFLOW_CTX_EXECUTION_DATE=2022-06-17T09:00:00+00:00
AIRFLOW_CTX_TRY_NUMBER=1
AIRFLOW_CTX_DAG_RUN_ID=scheduled__2022-06-17T09:00:00+00:00
[2022-06-20 01:34:22,181] {subprocess.py:62} INFO - Tmp dir root location: 
 /tmp
[2022-06-20 01:34:22,195] {subprocess.py:74} INFO - Running command: ['bash', '-c', 'curl -o /tmp/wikipageviews.gz https://dumps.wikimedia.org/other/pageviews/2022/2022-06/pageviews-20220617-090000.gz']
[2022-06-20 01:34:22,235] {subprocess.py:85} INFO - Output:
[2022-06-20 01:34:22,250] {subprocess.py:92} INFO -   % Total    % Received % Xferd  Average Speed   Time    Time     Time  Current
[2022-06-20 01:34:22,253] {subprocess.py:92} INFO -                                  Dload  Upload   Total   Spent    Left  Speed
[2022-06-20 01:34:23,940] {subprocess.py:92} INFO -   0     0    0     0    0     0      0      0 --:--:-- --:--:-- --:--:--     0  0     0    0     0    0     0      0      0 --:--:-- --:--:-- --:--:--     0100   213  100   213    0     0    125      0  0:00:01  0:00:01 --:--:--   125100   213  100   213    0     0    125      0  0:00:01  0:00:01 --:--:--   125
[2022-06-20 01:34:23,947] {subprocess.py:96} INFO - Command exited with return code 0
[2022-06-20 01:34:24,015] {taskinstance.py:1400} INFO - Marking task as SUCCESS. dag_id=4_1_template_dag, task_id=get_data, execution_date=20220617T090000, start_date=20220620T013421, end_date=20220620T013424
[2022-06-20 01:34:24,091] {local_task_job.py:156} INFO - Task exited with return code 0
[2022-06-20 01:34:24,129] {local_task_job.py:273} INFO - 0 downstream tasks scheduled from follow-on schedule check
