[2022-06-20 01:34:34,073] {taskinstance.py:1159} INFO - Dependencies all met for <TaskInstance: 4_1_template_dag.get_data scheduled__2022-06-18T05:00:00+00:00 [queued]>
[2022-06-20 01:34:34,082] {taskinstance.py:1159} INFO - Dependencies all met for <TaskInstance: 4_1_template_dag.get_data scheduled__2022-06-18T05:00:00+00:00 [queued]>
[2022-06-20 01:34:34,085] {taskinstance.py:1356} INFO - 
--------------------------------------------------------------------------------
[2022-06-20 01:34:34,087] {taskinstance.py:1357} INFO - Starting attempt 1 of 1
[2022-06-20 01:34:34,089] {taskinstance.py:1358} INFO - 
--------------------------------------------------------------------------------
[2022-06-20 01:34:34,108] {taskinstance.py:1377} INFO - Executing <Task(BashOperator): get_data> on 2022-06-18 05:00:00+00:00
[2022-06-20 01:34:34,115] {standard_task_runner.py:52} INFO - Started process 326 to run task
[2022-06-20 01:34:34,127] {standard_task_runner.py:79} INFO - Running: ['***', 'tasks', 'run', '4_1_template_dag', 'get_data', 'scheduled__2022-06-18T05:00:00+00:00', '--job-id', '67', '--raw', '--subdir', 'DAGS_FOLDER/data-pipline-book/4_1_template_dag.py', '--cfg-path', '/tmp/tmp1qjoav3z', '--error-file', '/tmp/tmpo_iy0_dx']
[2022-06-20 01:34:34,129] {standard_task_runner.py:80} INFO - Job 67: Subtask get_data
[2022-06-20 01:34:34,183] {task_command.py:369} INFO - Running <TaskInstance: 4_1_template_dag.get_data scheduled__2022-06-18T05:00:00+00:00 [running]> on host b8db81cc5447
[2022-06-20 01:34:34,219] {warnings.py:110} WARNING - /home/***/.local/lib/python3.7/site-packages/***/utils/context.py:202: AirflowContextDeprecationWarning: Accessing 'execution_date' from the template is deprecated and will be removed in a future version. Please use 'data_interval_start' or 'logical_date' instead.
  warnings.warn(_create_deprecation_warning(key, self._deprecation_replacements[key]))

[2022-06-20 01:34:34,269] {taskinstance.py:1571} INFO - Exporting the following env vars:
AIRFLOW_CTX_DAG_OWNER=***
AIRFLOW_CTX_DAG_ID=4_1_template_dag
AIRFLOW_CTX_TASK_ID=get_data
AIRFLOW_CTX_EXECUTION_DATE=2022-06-18T05:00:00+00:00
AIRFLOW_CTX_TRY_NUMBER=1
AIRFLOW_CTX_DAG_RUN_ID=scheduled__2022-06-18T05:00:00+00:00
[2022-06-20 01:34:34,274] {subprocess.py:62} INFO - Tmp dir root location: 
 /tmp
[2022-06-20 01:34:34,280] {subprocess.py:74} INFO - Running command: ['bash', '-c', 'curl -o /tmp/wikipageviews.gz https://dumps.wikimedia.org/other/pageviews/2022/2022-06/pageviews-20220618-050000.gz']
[2022-06-20 01:34:34,301] {subprocess.py:85} INFO - Output:
[2022-06-20 01:34:34,319] {subprocess.py:92} INFO -   % Total    % Received % Xferd  Average Speed   Time    Time     Time  Current
[2022-06-20 01:34:34,325] {subprocess.py:92} INFO -                                  Dload  Upload   Total   Spent    Left  Speed
[2022-06-20 01:34:37,010] {subprocess.py:92} INFO -   0     0    0     0    0     0      0      0 --:--:-- --:--:-- --:--:--     0  0     0    0     0    0     0      0      0 --:--:--  0:00:01 --:--:--     0  0     0    0     0    0     0      0      0 --:--:--  0:00:01 --:--:--     0100   213  100   213    0     0     79      0  0:00:02  0:00:02 --:--:--    79100   213  100   213    0     0     79      0  0:00:02  0:00:02 --:--:--    79
[2022-06-20 01:34:37,022] {subprocess.py:96} INFO - Command exited with return code 0
[2022-06-20 01:34:37,101] {taskinstance.py:1400} INFO - Marking task as SUCCESS. dag_id=4_1_template_dag, task_id=get_data, execution_date=20220618T050000, start_date=20220620T013434, end_date=20220620T013437
[2022-06-20 01:34:37,177] {local_task_job.py:156} INFO - Task exited with return code 0
[2022-06-20 01:34:37,239] {local_task_job.py:273} INFO - 0 downstream tasks scheduled from follow-on schedule check
