[2022-06-20 01:34:19,710] {taskinstance.py:1159} INFO - Dependencies all met for <TaskInstance: download_rocket_launches.download_launches scheduled__2022-06-15T00:00:00+00:00 [queued]>
[2022-06-20 01:34:19,722] {taskinstance.py:1159} INFO - Dependencies all met for <TaskInstance: download_rocket_launches.download_launches scheduled__2022-06-15T00:00:00+00:00 [queued]>
[2022-06-20 01:34:19,724] {taskinstance.py:1356} INFO - 
--------------------------------------------------------------------------------
[2022-06-20 01:34:19,725] {taskinstance.py:1357} INFO - Starting attempt 1 of 1
[2022-06-20 01:34:19,727] {taskinstance.py:1358} INFO - 
--------------------------------------------------------------------------------
[2022-06-20 01:34:19,745] {taskinstance.py:1377} INFO - Executing <Task(BashOperator): download_launches> on 2022-06-15 00:00:00+00:00
[2022-06-20 01:34:19,751] {standard_task_runner.py:52} INFO - Started process 167 to run task
[2022-06-20 01:34:19,758] {standard_task_runner.py:79} INFO - Running: ['***', 'tasks', 'run', 'download_rocket_launches', 'download_launches', 'scheduled__2022-06-15T00:00:00+00:00', '--job-id', '23', '--raw', '--subdir', 'DAGS_FOLDER/data-pipline-book/2_1_download_rocket_launches.py', '--cfg-path', '/tmp/tmp28n7bd2g', '--error-file', '/tmp/tmp_ll92d8n']
[2022-06-20 01:34:19,763] {standard_task_runner.py:80} INFO - Job 23: Subtask download_launches
[2022-06-20 01:34:19,823] {task_command.py:369} INFO - Running <TaskInstance: download_rocket_launches.download_launches scheduled__2022-06-15T00:00:00+00:00 [running]> on host b8db81cc5447
[2022-06-20 01:34:19,894] {taskinstance.py:1571} INFO - Exporting the following env vars:
AIRFLOW_CTX_DAG_OWNER=***
AIRFLOW_CTX_DAG_ID=download_rocket_launches
AIRFLOW_CTX_TASK_ID=download_launches
AIRFLOW_CTX_EXECUTION_DATE=2022-06-15T00:00:00+00:00
AIRFLOW_CTX_TRY_NUMBER=1
AIRFLOW_CTX_DAG_RUN_ID=scheduled__2022-06-15T00:00:00+00:00
[2022-06-20 01:34:19,899] {subprocess.py:62} INFO - Tmp dir root location: 
 /tmp
[2022-06-20 01:34:19,901] {subprocess.py:74} INFO - Running command: ['bash', '-c', "curl -o /tmp/launches.json -L 'https://ll.thespacedevs.com/2.0.0/launch/upcoming'"]
[2022-06-20 01:34:19,917] {subprocess.py:85} INFO - Output:
[2022-06-20 01:34:19,924] {subprocess.py:92} INFO -   % Total    % Received % Xferd  Average Speed   Time    Time     Time  Current
[2022-06-20 01:34:19,926] {subprocess.py:92} INFO -                                  Dload  Upload   Total   Spent    Left  Speed
[2022-06-20 01:34:20,800] {subprocess.py:92} INFO -   0     0    0     0    0     0      0      0 --:--:-- --:--:-- --:--:--     0  0     0    0     0    0     0      0      0 --:--:-- --:--:-- --:--:--     0  0     0    0     0    0     0      0      0 --:--:-- --:--:-- --:--:--     0
[2022-06-20 01:34:21,802] {subprocess.py:92} INFO - 100    71  100    71    0     0     37      0  0:00:01  0:00:01 --:--:--    37100    71  100    71    0     0     37      0  0:00:01  0:00:01 --:--:--     0
[2022-06-20 01:34:21,812] {subprocess.py:96} INFO - Command exited with return code 0
[2022-06-20 01:34:21,884] {taskinstance.py:1400} INFO - Marking task as SUCCESS. dag_id=download_rocket_launches, task_id=download_launches, execution_date=20220615T000000, start_date=20220620T013419, end_date=20220620T013421
[2022-06-20 01:34:21,959] {local_task_job.py:156} INFO - Task exited with return code 0
[2022-06-20 01:34:22,033] {local_task_job.py:273} INFO - 1 downstream tasks scheduled from follow-on schedule check
[2022-06-20 01:51:10,484] {taskinstance.py:1159} INFO - Dependencies all met for <TaskInstance: download_rocket_launches.download_launches scheduled__2022-06-15T00:00:00+00:00 [queued]>
[2022-06-20 01:51:10,504] {taskinstance.py:1159} INFO - Dependencies all met for <TaskInstance: download_rocket_launches.download_launches scheduled__2022-06-15T00:00:00+00:00 [queued]>
[2022-06-20 01:51:10,506] {taskinstance.py:1356} INFO - 
--------------------------------------------------------------------------------
[2022-06-20 01:51:10,507] {taskinstance.py:1357} INFO - Starting attempt 1 of 1
[2022-06-20 01:51:10,509] {taskinstance.py:1358} INFO - 
--------------------------------------------------------------------------------
[2022-06-20 01:51:10,526] {taskinstance.py:1377} INFO - Executing <Task(BashOperator): download_launches> on 2022-06-15 00:00:00+00:00
[2022-06-20 01:51:10,535] {standard_task_runner.py:52} INFO - Started process 148 to run task
[2022-06-20 01:51:10,550] {standard_task_runner.py:79} INFO - Running: ['***', 'tasks', 'run', 'download_rocket_launches', 'download_launches', 'scheduled__2022-06-15T00:00:00+00:00', '--job-id', '12', '--raw', '--subdir', 'DAGS_FOLDER/chapter02/dags/download_rocket_launches.py', '--cfg-path', '/tmp/tmpv96_7hqi', '--error-file', '/tmp/tmpgum7cq30']
[2022-06-20 01:51:10,552] {standard_task_runner.py:80} INFO - Job 12: Subtask download_launches
[2022-06-20 01:51:10,645] {task_command.py:369} INFO - Running <TaskInstance: download_rocket_launches.download_launches scheduled__2022-06-15T00:00:00+00:00 [running]> on host b39ea3d1be4a
[2022-06-20 01:51:10,733] {taskinstance.py:1571} INFO - Exporting the following env vars:
AIRFLOW_CTX_DAG_OWNER=***
AIRFLOW_CTX_DAG_ID=download_rocket_launches
AIRFLOW_CTX_TASK_ID=download_launches
AIRFLOW_CTX_EXECUTION_DATE=2022-06-15T00:00:00+00:00
AIRFLOW_CTX_TRY_NUMBER=1
AIRFLOW_CTX_DAG_RUN_ID=scheduled__2022-06-15T00:00:00+00:00
[2022-06-20 01:51:10,738] {subprocess.py:62} INFO - Tmp dir root location: 
 /tmp
[2022-06-20 01:51:10,743] {subprocess.py:74} INFO - Running command: ['bash', '-c', "curl -o /tmp/launches.json -L 'https://ll.thespacedevs.com/2.0.0/launch/upcoming'"]
[2022-06-20 01:51:10,764] {subprocess.py:85} INFO - Output:
[2022-06-20 01:51:10,773] {subprocess.py:92} INFO -   % Total    % Received % Xferd  Average Speed   Time    Time     Time  Current
[2022-06-20 01:51:10,775] {subprocess.py:92} INFO -                                  Dload  Upload   Total   Spent    Left  Speed
[2022-06-20 01:51:12,645] {subprocess.py:92} INFO -   0     0    0     0    0     0      0      0 --:--:-- --:--:-- --:--:--     0  0     0    0     0    0     0      0      0 --:--:--  0:00:01 --:--:--     0  0     0    0     0    0     0      0      0 --:--:--  0:00:01 --:--:--     0
[2022-06-20 01:51:13,637] {subprocess.py:92} INFO - 100    71  100    71    0     0     24      0  0:00:02  0:00:02 --:--:--    24100    71  100    71    0     0     24      0  0:00:02  0:00:02 --:--:--     0
[2022-06-20 01:51:13,641] {subprocess.py:96} INFO - Command exited with return code 0
[2022-06-20 01:51:13,751] {taskinstance.py:1400} INFO - Marking task as SUCCESS. dag_id=download_rocket_launches, task_id=download_launches, execution_date=20220615T000000, start_date=20220620T015110, end_date=20220620T015113
[2022-06-20 01:51:13,836] {local_task_job.py:156} INFO - Task exited with return code 0
[2022-06-20 01:51:14,063] {local_task_job.py:273} INFO - 1 downstream tasks scheduled from follow-on schedule check
