[2022-06-22 00:00:16,338] {taskinstance.py:1159} INFO - Dependencies all met for <TaskInstance: download_rocket_launches.get_pictures scheduled__2022-06-21T00:00:00+00:00 [queued]>
[2022-06-22 00:00:16,345] {taskinstance.py:1159} INFO - Dependencies all met for <TaskInstance: download_rocket_launches.get_pictures scheduled__2022-06-21T00:00:00+00:00 [queued]>
[2022-06-22 00:00:16,346] {taskinstance.py:1356} INFO - 
--------------------------------------------------------------------------------
[2022-06-22 00:00:16,348] {taskinstance.py:1357} INFO - Starting attempt 1 of 1
[2022-06-22 00:00:16,348] {taskinstance.py:1358} INFO - 
--------------------------------------------------------------------------------
[2022-06-22 00:00:16,361] {taskinstance.py:1377} INFO - Executing <Task(PythonOperator): get_pictures> on 2022-06-21 00:00:00+00:00
[2022-06-22 00:00:16,366] {standard_task_runner.py:52} INFO - Started process 50515 to run task
[2022-06-22 00:00:16,368] {standard_task_runner.py:79} INFO - Running: ['***', 'tasks', 'run', 'download_rocket_launches', 'get_pictures', 'scheduled__2022-06-21T00:00:00+00:00', '--job-id', '67', '--raw', '--subdir', 'DAGS_FOLDER/chapter02/download_rocket.py', '--cfg-path', '/tmp/tmp1a__cnr1', '--error-file', '/tmp/tmpky111mxn']
[2022-06-22 00:00:16,370] {standard_task_runner.py:80} INFO - Job 67: Subtask get_pictures
[2022-06-22 00:00:16,408] {task_command.py:369} INFO - Running <TaskInstance: download_rocket_launches.get_pictures scheduled__2022-06-21T00:00:00+00:00 [running]> on host 69ff35f06aa7
[2022-06-22 00:00:16,449] {taskinstance.py:1571} INFO - Exporting the following env vars:
AIRFLOW_CTX_DAG_OWNER=***
AIRFLOW_CTX_DAG_ID=download_rocket_launches
AIRFLOW_CTX_TASK_ID=get_pictures
AIRFLOW_CTX_EXECUTION_DATE=2022-06-21T00:00:00+00:00
AIRFLOW_CTX_TRY_NUMBER=1
AIRFLOW_CTX_DAG_RUN_ID=scheduled__2022-06-21T00:00:00+00:00
[2022-06-22 00:00:18,349] {logging_mixin.py:115} INFO - Downloaded https://spacelaunchnow-prod-east.nyc3.digitaloceanspaces.com/media/launcher_images/nuri_image_20211020165148.jpg to /tmp/images/nuri_image_20211020165148.jpg
[2022-06-22 00:00:19,900] {logging_mixin.py:115} INFO - Downloaded https://spacelaunchnow-prod-east.nyc3.digitaloceanspaces.com/media/launcher_images/ariane_5_eca25_image_20200220090552.jpeg to /tmp/images/ariane_5_eca25_image_20200220090552.jpeg
[2022-06-22 00:00:21,270] {logging_mixin.py:115} INFO - Downloaded https://spacelaunchnow-prod-east.nyc3.digitaloceanspaces.com/media/launcher_images/long2520march25202d_image_20190222031211.jpeg to /tmp/images/long2520march25202d_image_20190222031211.jpeg
[2022-06-22 00:00:23,048] {logging_mixin.py:115} INFO - Downloaded https://spacelaunchnow-prod-east.nyc3.digitaloceanspaces.com/media/launcher_images/electron_image_20190705175640.jpeg to /tmp/images/electron_image_20190705175640.jpeg
[2022-06-22 00:00:24,955] {logging_mixin.py:115} INFO - Downloaded https://spacelaunchnow-prod-east.nyc3.digitaloceanspaces.com/media/launch_images/falcon2520925_image_20220523090141.png to /tmp/images/falcon2520925_image_20220523090141.png
[2022-06-22 00:00:26,801] {logging_mixin.py:115} INFO - Downloaded https://spacelaunchnow-prod-east.nyc3.digitaloceanspaces.com/media/launcher_images/falcon_9_block__image_20210506060831.jpg to /tmp/images/falcon_9_block__image_20210506060831.jpg
[2022-06-22 00:00:28,832] {logging_mixin.py:115} INFO - Downloaded https://spacelaunchnow-prod-east.nyc3.digitaloceanspaces.com/media/launcher_images/atlas2520v2520541_image_20190224012314.jpeg to /tmp/images/atlas2520v2520541_image_20190224012314.jpeg
[2022-06-22 00:00:29,969] {logging_mixin.py:115} INFO - Downloaded https://spacelaunchnow-prod-east.nyc3.digitaloceanspaces.com/media/launcher_images/rs1_image_20211102160004.jpg to /tmp/images/rs1_image_20211102160004.jpg
[2022-06-22 00:00:31,763] {logging_mixin.py:115} INFO - Downloaded https://spacelaunchnow-prod-east.nyc3.digitaloceanspaces.com/media/launcher_images/terran_1_image_20220129191632.jpg to /tmp/images/terran_1_image_20220129191632.jpg
[2022-06-22 00:00:32,808] {logging_mixin.py:115} INFO - Downloaded https://spacelaunchnow-prod-east.nyc3.digitaloceanspaces.com/media/launcher_images/sslv_image_20190830213312.jpg to /tmp/images/sslv_image_20190830213312.jpg
[2022-06-22 00:00:32,811] {python.py:173} INFO - Done. Returned value was: None
[2022-06-22 00:00:32,826] {taskinstance.py:1400} INFO - Marking task as SUCCESS. dag_id=download_rocket_launches, task_id=get_pictures, execution_date=20220621T000000, start_date=20220622T000016, end_date=20220622T000032
[2022-06-22 00:00:32,874] {local_task_job.py:156} INFO - Task exited with return code 0
[2022-06-22 00:00:32,893] {local_task_job.py:273} INFO - 1 downstream tasks scheduled from follow-on schedule check
