[2022-06-20 01:34:45,887] {taskinstance.py:1159} INFO - Dependencies all met for <TaskInstance: 4_1_template_dag.get_data scheduled__2022-06-19T04:00:00+00:00 [queued]>
[2022-06-20 01:34:45,900] {taskinstance.py:1159} INFO - Dependencies all met for <TaskInstance: 4_1_template_dag.get_data scheduled__2022-06-19T04:00:00+00:00 [queued]>
[2022-06-20 01:34:45,901] {taskinstance.py:1356} INFO - 
--------------------------------------------------------------------------------
[2022-06-20 01:34:45,903] {taskinstance.py:1357} INFO - Starting attempt 1 of 1
[2022-06-20 01:34:45,908] {taskinstance.py:1358} INFO - 
--------------------------------------------------------------------------------
[2022-06-20 01:34:45,954] {taskinstance.py:1377} INFO - Executing <Task(BashOperator): get_data> on 2022-06-19 04:00:00+00:00
[2022-06-20 01:34:45,967] {standard_task_runner.py:52} INFO - Started process 430 to run task
[2022-06-20 01:34:45,972] {standard_task_runner.py:79} INFO - Running: ['***', 'tasks', 'run', '4_1_template_dag', 'get_data', 'scheduled__2022-06-19T04:00:00+00:00', '--job-id', '90', '--raw', '--subdir', 'DAGS_FOLDER/data-pipline-book/4_1_template_dag.py', '--cfg-path', '/tmp/tmpg7zpp4fy', '--error-file', '/tmp/tmpaqbzxph0']
[2022-06-20 01:34:45,974] {standard_task_runner.py:80} INFO - Job 90: Subtask get_data
[2022-06-20 01:34:46,052] {task_command.py:369} INFO - Running <TaskInstance: 4_1_template_dag.get_data scheduled__2022-06-19T04:00:00+00:00 [running]> on host b8db81cc5447
[2022-06-20 01:34:46,091] {warnings.py:110} WARNING - /home/***/.local/lib/python3.7/site-packages/***/utils/context.py:202: AirflowContextDeprecationWarning: Accessing 'execution_date' from the template is deprecated and will be removed in a future version. Please use 'data_interval_start' or 'logical_date' instead.
  warnings.warn(_create_deprecation_warning(key, self._deprecation_replacements[key]))

[2022-06-20 01:34:46,131] {taskinstance.py:1571} INFO - Exporting the following env vars:
AIRFLOW_CTX_DAG_OWNER=***
AIRFLOW_CTX_DAG_ID=4_1_template_dag
AIRFLOW_CTX_TASK_ID=get_data
AIRFLOW_CTX_EXECUTION_DATE=2022-06-19T04:00:00+00:00
AIRFLOW_CTX_TRY_NUMBER=1
AIRFLOW_CTX_DAG_RUN_ID=scheduled__2022-06-19T04:00:00+00:00
[2022-06-20 01:34:46,134] {subprocess.py:62} INFO - Tmp dir root location: 
 /tmp
[2022-06-20 01:34:46,137] {subprocess.py:74} INFO - Running command: ['bash', '-c', 'curl -o /tmp/wikipageviews.gz https://dumps.wikimedia.org/other/pageviews/2022/2022-06/pageviews-20220619-040000.gz']
[2022-06-20 01:34:46,154] {subprocess.py:85} INFO - Output:
[2022-06-20 01:34:46,162] {subprocess.py:92} INFO -   % Total    % Received % Xferd  Average Speed   Time    Time     Time  Current
[2022-06-20 01:34:46,165] {subprocess.py:92} INFO -                                  Dload  Upload   Total   Spent    Left  Speed
[2022-06-20 01:34:48,023] {subprocess.py:92} INFO -   0     0    0     0    0     0      0      0 --:--:-- --:--:-- --:--:--     0  0     0    0     0    0     0      0      0 --:--:-- --:--:-- --:--:--     0100   213  100   213    0     0    114      0  0:00:01  0:00:01 --:--:--   114100   213  100   213    0     0    114      0  0:00:01  0:00:01 --:--:--   114
[2022-06-20 01:34:48,025] {subprocess.py:96} INFO - Command exited with return code 0
[2022-06-20 01:34:48,061] {taskinstance.py:1400} INFO - Marking task as SUCCESS. dag_id=4_1_template_dag, task_id=get_data, execution_date=20220619T040000, start_date=20220620T013445, end_date=20220620T013448
[2022-06-20 01:34:48,096] {local_task_job.py:156} INFO - Task exited with return code 0
[2022-06-20 01:34:48,124] {local_task_job.py:273} INFO - 0 downstream tasks scheduled from follow-on schedule check
