[2022-06-20 01:19:38,429] {taskinstance.py:1159} INFO - Dependencies all met for <TaskInstance: listing_4_05.get_data scheduled__2022-06-19T05:00:00+00:00 [queued]>
[2022-06-20 01:19:38,488] {taskinstance.py:1159} INFO - Dependencies all met for <TaskInstance: listing_4_05.get_data scheduled__2022-06-19T05:00:00+00:00 [queued]>
[2022-06-20 01:19:38,500] {taskinstance.py:1356} INFO - 
--------------------------------------------------------------------------------
[2022-06-20 01:19:38,503] {taskinstance.py:1357} INFO - Starting attempt 1 of 1
[2022-06-20 01:19:38,511] {taskinstance.py:1358} INFO - 
--------------------------------------------------------------------------------
[2022-06-20 01:19:38,632] {taskinstance.py:1377} INFO - Executing <Task(PythonOperator): get_data> on 2022-06-19 05:00:00+00:00
[2022-06-20 01:19:38,654] {standard_task_runner.py:52} INFO - Started process 92 to run task
[2022-06-20 01:19:38,754] {standard_task_runner.py:79} INFO - Running: ['***', 'tasks', 'run', 'listing_4_05', 'get_data', 'scheduled__2022-06-19T05:00:00+00:00', '--job-id', '188', '--raw', '--subdir', 'DAGS_FOLDER/listing_4_5.py', '--cfg-path', '/tmp/tmpe3lly0ey', '--error-file', '/tmp/tmpp2mwp7pi']
[2022-06-20 01:19:38,779] {standard_task_runner.py:80} INFO - Job 188: Subtask get_data
[2022-06-20 01:19:39,608] {task_command.py:369} INFO - Running <TaskInstance: listing_4_05.get_data scheduled__2022-06-19T05:00:00+00:00 [running]> on host 48de8cc79e8d
[2022-06-20 01:19:40,090] {taskinstance.py:1571} INFO - Exporting the following env vars:
AIRFLOW_CTX_DAG_OWNER=***
AIRFLOW_CTX_DAG_ID=listing_4_05
AIRFLOW_CTX_TASK_ID=get_data
AIRFLOW_CTX_EXECUTION_DATE=2022-06-19T05:00:00+00:00
AIRFLOW_CTX_TRY_NUMBER=1
AIRFLOW_CTX_DAG_RUN_ID=scheduled__2022-06-19T05:00:00+00:00
[2022-06-20 01:19:40,095] {warnings.py:110} WARNING - /home/***/.local/lib/python3.7/site-packages/***/utils/context.py:202: AirflowContextDeprecationWarning: Accessing 'execution_date' from the template is deprecated and will be removed in a future version. Please use 'data_interval_start' or 'logical_date' instead.
  warnings.warn(_create_deprecation_warning(key, self._deprecation_replacements[key]))

