[2022-06-15 00:00:01,190] {taskinstance.py:1159} INFO - Dependencies all met for <TaskInstance: listing_4_03.print_context scheduled__2022-06-14T00:00:00+00:00 [queued]>
[2022-06-15 00:00:01,196] {taskinstance.py:1159} INFO - Dependencies all met for <TaskInstance: listing_4_03.print_context scheduled__2022-06-14T00:00:00+00:00 [queued]>
[2022-06-15 00:00:01,197] {taskinstance.py:1356} INFO - 
--------------------------------------------------------------------------------
[2022-06-15 00:00:01,198] {taskinstance.py:1357} INFO - Starting attempt 1 of 1
[2022-06-15 00:00:01,199] {taskinstance.py:1358} INFO - 
--------------------------------------------------------------------------------
[2022-06-15 00:00:01,208] {taskinstance.py:1377} INFO - Executing <Task(PythonOperator): print_context> on 2022-06-14 00:00:00+00:00
[2022-06-15 00:00:01,213] {standard_task_runner.py:52} INFO - Started process 74998 to run task
[2022-06-15 00:00:01,218] {standard_task_runner.py:79} INFO - Running: ['***', 'tasks', 'run', 'listing_4_03', 'print_context', 'scheduled__2022-06-14T00:00:00+00:00', '--job-id', '167', '--raw', '--subdir', 'DAGS_FOLDER/listing_4_3.py', '--cfg-path', '/tmp/tmpn0u009j1', '--error-file', '/tmp/tmpzh1mqa5n']
[2022-06-15 00:00:01,219] {standard_task_runner.py:80} INFO - Job 167: Subtask print_context
[2022-06-15 00:00:01,263] {task_command.py:369} INFO - Running <TaskInstance: listing_4_03.print_context scheduled__2022-06-14T00:00:00+00:00 [running]> on host 48de8cc79e8d
[2022-06-15 00:00:01,312] {taskinstance.py:1571} INFO - Exporting the following env vars:
AIRFLOW_CTX_DAG_OWNER=***
AIRFLOW_CTX_DAG_ID=listing_4_03
AIRFLOW_CTX_TASK_ID=print_context
AIRFLOW_CTX_EXECUTION_DATE=2022-06-14T00:00:00+00:00
AIRFLOW_CTX_TRY_NUMBER=1
AIRFLOW_CTX_DAG_RUN_ID=scheduled__2022-06-14T00:00:00+00:00
[2022-06-15 00:00:01,315] {logging_mixin.py:115} INFO - {'conf': <***.configuration.AirflowConfigParser object at 0xffffaf5ea6d0>, 'dag': <DAG: listing_4_03>, 'dag_run': <DagRun listing_4_03 @ 2022-06-14 00:00:00+00:00: scheduled__2022-06-14T00:00:00+00:00, externally triggered: False>, 'data_interval_end': DateTime(2022, 6, 15, 0, 0, 0, tzinfo=Timezone('UTC')), 'data_interval_start': DateTime(2022, 6, 14, 0, 0, 0, tzinfo=Timezone('UTC')), 'ds': '2022-06-14', 'ds_nodash': '20220614', 'execution_date': <Proxy at 0xffff99315af0 with factory functools.partial(<function lazy_mapping_from_context.<locals>._deprecated_proxy_factory at 0xffff99303680>, 'execution_date', DateTime(2022, 6, 14, 0, 0, 0, tzinfo=Timezone('UTC')))>, 'inlets': [], 'logical_date': DateTime(2022, 6, 14, 0, 0, 0, tzinfo=Timezone('UTC')), 'macros': <module '***.macros' from '/home/***/.local/lib/python3.7/site-packages/***/macros/__init__.py'>, 'next_ds': <Proxy at 0xffff99315b40 with factory functools.partial(<function lazy_mapping_from_context.<locals>._deprecated_proxy_factory at 0xffff99303680>, 'next_ds', '2022-06-15')>, 'next_ds_nodash': <Proxy at 0xffff99315b90 with factory functools.partial(<function lazy_mapping_from_context.<locals>._deprecated_proxy_factory at 0xffff99303680>, 'next_ds_nodash', '20220615')>, 'next_execution_date': <Proxy at 0xffff99315be0 with factory functools.partial(<function lazy_mapping_from_context.<locals>._deprecated_proxy_factory at 0xffff99303680>, 'next_execution_date', DateTime(2022, 6, 15, 0, 0, 0, tzinfo=Timezone('UTC')))>, 'outlets': [], 'params': {}, 'prev_data_interval_start_success': DateTime(2022, 6, 13, 0, 0, 0, tzinfo=Timezone('UTC')), 'prev_data_interval_end_success': DateTime(2022, 6, 14, 0, 0, 0, tzinfo=Timezone('UTC')), 'prev_ds': <Proxy at 0xffff99315c30 with factory functools.partial(<function lazy_mapping_from_context.<locals>._deprecated_proxy_factory at 0xffff99303680>, 'prev_ds', '2022-06-13')>, 'prev_ds_nodash': <Proxy at 0xffff99315c80 with factory functools.partial(<function lazy_mapping_from_context.<locals>._deprecated_proxy_factory at 0xffff99303680>, 'prev_ds_nodash', '20220613')>, 'prev_execution_date': <Proxy at 0xffff99315cd0 with factory functools.partial(<function lazy_mapping_from_context.<locals>._deprecated_proxy_factory at 0xffff99303680>, 'prev_execution_date', DateTime(2022, 6, 13, 0, 0, 0, tzinfo=Timezone('UTC')))>, 'prev_execution_date_success': <Proxy at 0xffff99315d20 with factory functools.partial(<function lazy_mapping_from_context.<locals>._deprecated_proxy_factory at 0xffff99303680>, 'prev_execution_date_success', DateTime(2022, 6, 13, 0, 0, 0, tzinfo=Timezone('UTC')))>, 'prev_start_date_success': DateTime(2022, 6, 14, 0, 0, 1, 60091, tzinfo=Timezone('UTC')), 'run_id': 'scheduled__2022-06-14T00:00:00+00:00', 'task': <Task(PythonOperator): print_context>, 'task_instance': <TaskInstance: listing_4_03.print_context scheduled__2022-06-14T00:00:00+00:00 [running]>, 'task_instance_key_str': 'listing_4_03__print_context__20220614', 'test_mode': False, 'ti': <TaskInstance: listing_4_03.print_context scheduled__2022-06-14T00:00:00+00:00 [running]>, 'tomorrow_ds': <Proxy at 0xffff99315d70 with factory functools.partial(<function lazy_mapping_from_context.<locals>._deprecated_proxy_factory at 0xffff99303680>, 'tomorrow_ds', '2022-06-15')>, 'tomorrow_ds_nodash': <Proxy at 0xffff99315dc0 with factory functools.partial(<function lazy_mapping_from_context.<locals>._deprecated_proxy_factory at 0xffff99303680>, 'tomorrow_ds_nodash', '20220615')>, 'ts': '2022-06-14T00:00:00+00:00', 'ts_nodash': '20220614T000000', 'ts_nodash_with_tz': '20220614T000000+0000', 'var': {'json': None, 'value': None}, 'conn': None, 'yesterday_ds': <Proxy at 0xffff99315e10 with factory functools.partial(<function lazy_mapping_from_context.<locals>._deprecated_proxy_factory at 0xffff99303680>, 'yesterday_ds', '2022-06-13')>, 'yesterday_ds_nodash': <Proxy at 0xffff99315e60 with factory functools.partial(<function lazy_mapping_from_context.<locals>._deprecated_proxy_factory at 0xffff99303680>, 'yesterday_ds_nodash', '20220613')>, 'templates_dict': None}
[2022-06-15 00:00:01,317] {python.py:173} INFO - Done. Returned value was: None
[2022-06-15 00:00:01,327] {taskinstance.py:1400} INFO - Marking task as SUCCESS. dag_id=listing_4_03, task_id=print_context, execution_date=20220614T000000, start_date=20220615T000001, end_date=20220615T000001
[2022-06-15 00:00:01,351] {local_task_job.py:156} INFO - Task exited with return code 0
[2022-06-15 00:00:01,372] {local_task_job.py:273} INFO - 0 downstream tasks scheduled from follow-on schedule check
