[2022-06-20 01:19:37,496] {taskinstance.py:1159} INFO - Dependencies all met for <TaskInstance: listing_4_05.get_data scheduled__2022-06-15T07:00:00+00:00 [queued]>
[2022-06-20 01:19:37,582] {taskinstance.py:1159} INFO - Dependencies all met for <TaskInstance: listing_4_05.get_data scheduled__2022-06-15T07:00:00+00:00 [queued]>
[2022-06-20 01:19:37,585] {taskinstance.py:1356} INFO - 
--------------------------------------------------------------------------------
[2022-06-20 01:19:37,590] {taskinstance.py:1357} INFO - Starting attempt 1 of 1
[2022-06-20 01:19:37,593] {taskinstance.py:1358} INFO - 
--------------------------------------------------------------------------------
[2022-06-20 01:19:37,703] {taskinstance.py:1377} INFO - Executing <Task(PythonOperator): get_data> on 2022-06-15 07:00:00+00:00
[2022-06-20 01:19:37,739] {standard_task_runner.py:79} INFO - Running: ['***', 'tasks', 'run', 'listing_4_05', 'get_data', 'scheduled__2022-06-15T07:00:00+00:00', '--job-id', '175', '--raw', '--subdir', 'DAGS_FOLDER/listing_4_5.py', '--cfg-path', '/tmp/tmpfwyua4ux', '--error-file', '/tmp/tmp8sqcbnzi']
[2022-06-20 01:19:37,746] {standard_task_runner.py:80} INFO - Job 175: Subtask get_data
[2022-06-20 01:19:37,731] {standard_task_runner.py:52} INFO - Started process 81 to run task
[2022-06-20 01:19:38,234] {task_command.py:369} INFO - Running <TaskInstance: listing_4_05.get_data scheduled__2022-06-15T07:00:00+00:00 [running]> on host 48de8cc79e8d
[2022-06-20 01:19:38,771] {taskinstance.py:1571} INFO - Exporting the following env vars:
AIRFLOW_CTX_DAG_OWNER=***
AIRFLOW_CTX_DAG_ID=listing_4_05
AIRFLOW_CTX_TASK_ID=get_data
AIRFLOW_CTX_EXECUTION_DATE=2022-06-15T07:00:00+00:00
AIRFLOW_CTX_TRY_NUMBER=1
AIRFLOW_CTX_DAG_RUN_ID=scheduled__2022-06-15T07:00:00+00:00
[2022-06-20 01:19:38,782] {warnings.py:110} WARNING - /home/***/.local/lib/python3.7/site-packages/***/utils/context.py:202: AirflowContextDeprecationWarning: Accessing 'execution_date' from the template is deprecated and will be removed in a future version. Please use 'data_interval_start' or 'logical_date' instead.
  warnings.warn(_create_deprecation_warning(key, self._deprecation_replacements[key]))

