[2022-06-12 23:48:04,885] {taskinstance.py:1159} INFO - Dependencies all met for <TaskInstance: listing_4_05.get_data scheduled__2022-06-11T23:00:00+00:00 [queued]>
[2022-06-12 23:48:04,895] {taskinstance.py:1159} INFO - Dependencies all met for <TaskInstance: listing_4_05.get_data scheduled__2022-06-11T23:00:00+00:00 [queued]>
[2022-06-12 23:48:04,897] {taskinstance.py:1356} INFO - 
--------------------------------------------------------------------------------
[2022-06-12 23:48:04,898] {taskinstance.py:1357} INFO - Starting attempt 1 of 1
[2022-06-12 23:48:04,900] {taskinstance.py:1358} INFO - 
--------------------------------------------------------------------------------
[2022-06-12 23:48:04,923] {taskinstance.py:1377} INFO - Executing <Task(PythonOperator): get_data> on 2022-06-11 23:00:00+00:00
[2022-06-12 23:48:04,934] {standard_task_runner.py:52} INFO - Started process 129 to run task
[2022-06-12 23:48:04,940] {standard_task_runner.py:79} INFO - Running: ['***', 'tasks', 'run', 'listing_4_05', 'get_data', 'scheduled__2022-06-11T23:00:00+00:00', '--job-id', '89', '--raw', '--subdir', 'DAGS_FOLDER/listing_4_5.py', '--cfg-path', '/tmp/tmp7d3uuy2m', '--error-file', '/tmp/tmpwmp77mlb']
[2022-06-12 23:48:04,943] {standard_task_runner.py:80} INFO - Job 89: Subtask get_data
[2022-06-12 23:48:05,033] {task_command.py:369} INFO - Running <TaskInstance: listing_4_05.get_data scheduled__2022-06-11T23:00:00+00:00 [running]> on host 48de8cc79e8d
[2022-06-12 23:48:05,153] {taskinstance.py:1571} INFO - Exporting the following env vars:
AIRFLOW_CTX_DAG_OWNER=***
AIRFLOW_CTX_DAG_ID=listing_4_05
AIRFLOW_CTX_TASK_ID=get_data
AIRFLOW_CTX_EXECUTION_DATE=2022-06-11T23:00:00+00:00
AIRFLOW_CTX_TRY_NUMBER=1
AIRFLOW_CTX_DAG_RUN_ID=scheduled__2022-06-11T23:00:00+00:00
[2022-06-12 23:48:05,157] {warnings.py:110} WARNING - /home/***/.local/lib/python3.7/site-packages/***/utils/context.py:202: AirflowContextDeprecationWarning: Accessing 'execution_date' from the template is deprecated and will be removed in a future version. Please use 'data_interval_start' or 'logical_date' instead.
  warnings.warn(_create_deprecation_warning(key, self._deprecation_replacements[key]))

[2022-06-12 23:48:58,723] {python.py:173} INFO - Done. Returned value was: None
[2022-06-12 23:48:58,757] {taskinstance.py:1400} INFO - Marking task as SUCCESS. dag_id=listing_4_05, task_id=get_data, execution_date=20220611T230000, start_date=20220612T234804, end_date=20220612T234858
[2022-06-12 23:48:58,805] {local_task_job.py:156} INFO - Task exited with return code 0
[2022-06-12 23:48:58,825] {local_task_job.py:273} INFO - 0 downstream tasks scheduled from follow-on schedule check
