[2022-06-12 11:42:40,220] {taskinstance.py:1159} INFO - Dependencies all met for <TaskInstance: listing_4_03.print_context scheduled__2022-06-11T00:00:00+00:00 [queued]>
[2022-06-12 11:42:40,229] {taskinstance.py:1159} INFO - Dependencies all met for <TaskInstance: listing_4_03.print_context scheduled__2022-06-11T00:00:00+00:00 [queued]>
[2022-06-12 11:42:40,230] {taskinstance.py:1356} INFO - 
--------------------------------------------------------------------------------
[2022-06-12 11:42:40,231] {taskinstance.py:1357} INFO - Starting attempt 1 of 1
[2022-06-12 11:42:40,232] {taskinstance.py:1358} INFO - 
--------------------------------------------------------------------------------
[2022-06-12 11:42:40,244] {taskinstance.py:1377} INFO - Executing <Task(PythonOperator): print_context> on 2022-06-11 00:00:00+00:00
[2022-06-12 11:42:40,250] {standard_task_runner.py:52} INFO - Started process 208 to run task
[2022-06-12 11:42:40,254] {standard_task_runner.py:79} INFO - Running: ['***', 'tasks', 'run', 'listing_4_03', 'print_context', 'scheduled__2022-06-11T00:00:00+00:00', '--job-id', '61', '--raw', '--subdir', 'DAGS_FOLDER/listing_4_3.py', '--cfg-path', '/tmp/tmp8o9ptg7n', '--error-file', '/tmp/tmp_vuqdy63']
[2022-06-12 11:42:40,256] {standard_task_runner.py:80} INFO - Job 61: Subtask print_context
[2022-06-12 11:42:40,302] {task_command.py:369} INFO - Running <TaskInstance: listing_4_03.print_context scheduled__2022-06-11T00:00:00+00:00 [running]> on host 48de8cc79e8d
[2022-06-12 11:42:40,357] {taskinstance.py:1571} INFO - Exporting the following env vars:
AIRFLOW_CTX_DAG_OWNER=***
AIRFLOW_CTX_DAG_ID=listing_4_03
AIRFLOW_CTX_TASK_ID=print_context
AIRFLOW_CTX_EXECUTION_DATE=2022-06-11T00:00:00+00:00
AIRFLOW_CTX_TRY_NUMBER=1
AIRFLOW_CTX_DAG_RUN_ID=scheduled__2022-06-11T00:00:00+00:00
[2022-06-12 11:42:40,359] {logging_mixin.py:115} INFO - {'conf': <***.configuration.AirflowConfigParser object at 0xffff7eee2a50>, 'dag': <DAG: listing_4_03>, 'dag_run': <DagRun listing_4_03 @ 2022-06-11 00:00:00+00:00: scheduled__2022-06-11T00:00:00+00:00, externally triggered: False>, 'data_interval_end': DateTime(2022, 6, 12, 0, 0, 0, tzinfo=Timezone('UTC')), 'data_interval_start': DateTime(2022, 6, 11, 0, 0, 0, tzinfo=Timezone('UTC')), 'ds': '2022-06-11', 'ds_nodash': '20220611', 'execution_date': <Proxy at 0xffff69bb0c30 with factory functools.partial(<function lazy_mapping_from_context.<locals>._deprecated_proxy_factory at 0xffff69c37950>, 'execution_date', DateTime(2022, 6, 11, 0, 0, 0, tzinfo=Timezone('UTC')))>, 'inlets': [], 'logical_date': DateTime(2022, 6, 11, 0, 0, 0, tzinfo=Timezone('UTC')), 'macros': <module '***.macros' from '/home/***/.local/lib/python3.7/site-packages/***/macros/__init__.py'>, 'next_ds': <Proxy at 0xffff69bb0c80 with factory functools.partial(<function lazy_mapping_from_context.<locals>._deprecated_proxy_factory at 0xffff69c37950>, 'next_ds', '2022-06-12')>, 'next_ds_nodash': <Proxy at 0xffff69bb0cd0 with factory functools.partial(<function lazy_mapping_from_context.<locals>._deprecated_proxy_factory at 0xffff69c37950>, 'next_ds_nodash', '20220612')>, 'next_execution_date': <Proxy at 0xffff69bb0d20 with factory functools.partial(<function lazy_mapping_from_context.<locals>._deprecated_proxy_factory at 0xffff69c37950>, 'next_execution_date', DateTime(2022, 6, 12, 0, 0, 0, tzinfo=Timezone('UTC')))>, 'outlets': [], 'params': {}, 'prev_data_interval_start_success': None, 'prev_data_interval_end_success': None, 'prev_ds': <Proxy at 0xffff69bb0d70 with factory functools.partial(<function lazy_mapping_from_context.<locals>._deprecated_proxy_factory at 0xffff69c37950>, 'prev_ds', '2022-06-10')>, 'prev_ds_nodash': <Proxy at 0xffff69bb0dc0 with factory functools.partial(<function lazy_mapping_from_context.<locals>._deprecated_proxy_factory at 0xffff69c37950>, 'prev_ds_nodash', '20220610')>, 'prev_execution_date': <Proxy at 0xffff69bb0e10 with factory functools.partial(<function lazy_mapping_from_context.<locals>._deprecated_proxy_factory at 0xffff69c37950>, 'prev_execution_date', DateTime(2022, 6, 10, 0, 0, 0, tzinfo=Timezone('UTC')))>, 'prev_execution_date_success': <Proxy at 0xffff69bb0e60 with factory functools.partial(<function lazy_mapping_from_context.<locals>._deprecated_proxy_factory at 0xffff69c37950>, 'prev_execution_date_success', None)>, 'prev_start_date_success': None, 'run_id': 'scheduled__2022-06-11T00:00:00+00:00', 'task': <Task(PythonOperator): print_context>, 'task_instance': <TaskInstance: listing_4_03.print_context scheduled__2022-06-11T00:00:00+00:00 [running]>, 'task_instance_key_str': 'listing_4_03__print_context__20220611', 'test_mode': False, 'ti': <TaskInstance: listing_4_03.print_context scheduled__2022-06-11T00:00:00+00:00 [running]>, 'tomorrow_ds': <Proxy at 0xffff69bb0eb0 with factory functools.partial(<function lazy_mapping_from_context.<locals>._deprecated_proxy_factory at 0xffff69c37950>, 'tomorrow_ds', '2022-06-12')>, 'tomorrow_ds_nodash': <Proxy at 0xffff69bb0f00 with factory functools.partial(<function lazy_mapping_from_context.<locals>._deprecated_proxy_factory at 0xffff69c37950>, 'tomorrow_ds_nodash', '20220612')>, 'ts': '2022-06-11T00:00:00+00:00', 'ts_nodash': '20220611T000000', 'ts_nodash_with_tz': '20220611T000000+0000', 'var': {'json': None, 'value': None}, 'conn': None, 'yesterday_ds': <Proxy at 0xffff69bb0f50 with factory functools.partial(<function lazy_mapping_from_context.<locals>._deprecated_proxy_factory at 0xffff69c37950>, 'yesterday_ds', '2022-06-10')>, 'yesterday_ds_nodash': <Proxy at 0xffff69bb0fa0 with factory functools.partial(<function lazy_mapping_from_context.<locals>._deprecated_proxy_factory at 0xffff69c37950>, 'yesterday_ds_nodash', '20220610')>, 'templates_dict': None}
[2022-06-12 11:42:40,361] {python.py:173} INFO - Done. Returned value was: None
[2022-06-12 11:42:40,370] {taskinstance.py:1400} INFO - Marking task as SUCCESS. dag_id=listing_4_03, task_id=print_context, execution_date=20220611T000000, start_date=20220612T114240, end_date=20220612T114240
[2022-06-12 11:42:40,387] {local_task_job.py:156} INFO - Task exited with return code 0
[2022-06-12 11:42:40,415] {local_task_job.py:273} INFO - 0 downstream tasks scheduled from follow-on schedule check
