[2022-06-20 01:34:18,140] {taskinstance.py:1159} INFO - Dependencies all met for <TaskInstance: download_rocket_launches.download_launches scheduled__2022-06-13T00:00:00+00:00 [queued]>
[2022-06-20 01:34:18,213] {taskinstance.py:1159} INFO - Dependencies all met for <TaskInstance: download_rocket_launches.download_launches scheduled__2022-06-13T00:00:00+00:00 [queued]>
[2022-06-20 01:34:18,228] {taskinstance.py:1356} INFO - 
--------------------------------------------------------------------------------
[2022-06-20 01:34:18,242] {taskinstance.py:1357} INFO - Starting attempt 1 of 1
[2022-06-20 01:34:18,250] {taskinstance.py:1358} INFO - 
--------------------------------------------------------------------------------
[2022-06-20 01:34:18,427] {taskinstance.py:1377} INFO - Executing <Task(BashOperator): download_launches> on 2022-06-13 00:00:00+00:00
[2022-06-20 01:34:18,460] {standard_task_runner.py:79} INFO - Running: ['***', 'tasks', 'run', 'download_rocket_launches', 'download_launches', 'scheduled__2022-06-13T00:00:00+00:00', '--job-id', '18', '--raw', '--subdir', 'DAGS_FOLDER/data-pipline-book/2_1_download_rocket_launches.py', '--cfg-path', '/tmp/tmps21r8t61', '--error-file', '/tmp/tmplk3phwjv']
[2022-06-20 01:34:18,461] {standard_task_runner.py:52} INFO - Started process 143 to run task
[2022-06-20 01:34:18,467] {standard_task_runner.py:80} INFO - Job 18: Subtask download_launches
[2022-06-20 01:34:18,623] {task_command.py:369} INFO - Running <TaskInstance: download_rocket_launches.download_launches scheduled__2022-06-13T00:00:00+00:00 [running]> on host b8db81cc5447
[2022-06-20 01:34:18,727] {taskinstance.py:1571} INFO - Exporting the following env vars:
AIRFLOW_CTX_DAG_OWNER=***
AIRFLOW_CTX_DAG_ID=download_rocket_launches
AIRFLOW_CTX_TASK_ID=download_launches
AIRFLOW_CTX_EXECUTION_DATE=2022-06-13T00:00:00+00:00
AIRFLOW_CTX_TRY_NUMBER=1
AIRFLOW_CTX_DAG_RUN_ID=scheduled__2022-06-13T00:00:00+00:00
[2022-06-20 01:34:18,730] {subprocess.py:62} INFO - Tmp dir root location: 
 /tmp
[2022-06-20 01:34:18,734] {subprocess.py:74} INFO - Running command: ['bash', '-c', "curl -o /tmp/launches.json -L 'https://ll.thespacedevs.com/2.0.0/launch/upcoming'"]
[2022-06-20 01:34:18,747] {subprocess.py:85} INFO - Output:
[2022-06-20 01:34:18,755] {subprocess.py:92} INFO -   % Total    % Received % Xferd  Average Speed   Time    Time     Time  Current
[2022-06-20 01:34:18,763] {subprocess.py:92} INFO -                                  Dload  Upload   Total   Spent    Left  Speed
[2022-06-20 01:34:20,294] {subprocess.py:92} INFO -   0     0    0     0    0     0      0      0 --:--:-- --:--:-- --:--:--     0  0     0    0     0    0     0      0      0 --:--:-- --:--:-- --:--:--     0  0     0    0     0    0     0      0      0 --:--:--  0:00:01 --:--:--     0  0     0    0     0    0     0      0      0 --:--:--  0:00:01 --:--:--     0
[2022-06-20 01:34:20,793] {subprocess.py:92} INFO - 100    71  100    71    0     0     34      0  0:00:02  0:00:02 --:--:--    34100    71  100    71    0     0     34      0  0:00:02  0:00:02 --:--:--     0
[2022-06-20 01:34:20,804] {subprocess.py:96} INFO - Command exited with return code 0
[2022-06-20 01:34:20,870] {taskinstance.py:1400} INFO - Marking task as SUCCESS. dag_id=download_rocket_launches, task_id=download_launches, execution_date=20220613T000000, start_date=20220620T013418, end_date=20220620T013420
[2022-06-20 01:34:20,921] {local_task_job.py:156} INFO - Task exited with return code 0
[2022-06-20 01:34:21,110] {local_task_job.py:273} INFO - 0 downstream tasks scheduled from follow-on schedule check
[2022-06-20 01:51:10,113] {taskinstance.py:1159} INFO - Dependencies all met for <TaskInstance: download_rocket_launches.download_launches scheduled__2022-06-13T00:00:00+00:00 [queued]>
[2022-06-20 01:51:10,125] {taskinstance.py:1159} INFO - Dependencies all met for <TaskInstance: download_rocket_launches.download_launches scheduled__2022-06-13T00:00:00+00:00 [queued]>
[2022-06-20 01:51:10,128] {taskinstance.py:1356} INFO - 
--------------------------------------------------------------------------------
[2022-06-20 01:51:10,131] {taskinstance.py:1357} INFO - Starting attempt 1 of 1
[2022-06-20 01:51:10,132] {taskinstance.py:1358} INFO - 
--------------------------------------------------------------------------------
[2022-06-20 01:51:10,156] {taskinstance.py:1377} INFO - Executing <Task(BashOperator): download_launches> on 2022-06-13 00:00:00+00:00
[2022-06-20 01:51:10,162] {standard_task_runner.py:52} INFO - Started process 143 to run task
[2022-06-20 01:51:10,167] {standard_task_runner.py:79} INFO - Running: ['***', 'tasks', 'run', 'download_rocket_launches', 'download_launches', 'scheduled__2022-06-13T00:00:00+00:00', '--job-id', '10', '--raw', '--subdir', 'DAGS_FOLDER/chapter02/dags/download_rocket_launches.py', '--cfg-path', '/tmp/tmpo6bvbuf7', '--error-file', '/tmp/tmpj_yyzx2i']
[2022-06-20 01:51:10,169] {standard_task_runner.py:80} INFO - Job 10: Subtask download_launches
[2022-06-20 01:51:10,252] {task_command.py:369} INFO - Running <TaskInstance: download_rocket_launches.download_launches scheduled__2022-06-13T00:00:00+00:00 [running]> on host b39ea3d1be4a
[2022-06-20 01:51:10,350] {taskinstance.py:1571} INFO - Exporting the following env vars:
AIRFLOW_CTX_DAG_OWNER=***
AIRFLOW_CTX_DAG_ID=download_rocket_launches
AIRFLOW_CTX_TASK_ID=download_launches
AIRFLOW_CTX_EXECUTION_DATE=2022-06-13T00:00:00+00:00
AIRFLOW_CTX_TRY_NUMBER=1
AIRFLOW_CTX_DAG_RUN_ID=scheduled__2022-06-13T00:00:00+00:00
[2022-06-20 01:51:10,357] {subprocess.py:62} INFO - Tmp dir root location: 
 /tmp
[2022-06-20 01:51:10,360] {subprocess.py:74} INFO - Running command: ['bash', '-c', "curl -o /tmp/launches.json -L 'https://ll.thespacedevs.com/2.0.0/launch/upcoming'"]
[2022-06-20 01:51:10,378] {subprocess.py:85} INFO - Output:
[2022-06-20 01:51:10,389] {subprocess.py:92} INFO -   % Total    % Received % Xferd  Average Speed   Time    Time     Time  Current
[2022-06-20 01:51:10,392] {subprocess.py:92} INFO -                                  Dload  Upload   Total   Spent    Left  Speed
[2022-06-20 01:51:12,062] {subprocess.py:92} INFO -   0     0    0     0    0     0      0      0 --:--:-- --:--:-- --:--:--     0  0     0    0     0    0     0      0      0 --:--:-- --:--:-- --:--:--     0  0     0    0     0    0     0      0      0 --:--:--  0:00:01 --:--:--     0  0     0    0     0    0     0      0      0 --:--:--  0:00:01 --:--:--     0
[2022-06-20 01:51:12,577] {subprocess.py:92} INFO - 100    71  100    71    0     0     32      0  0:00:02  0:00:02 --:--:--    32
[2022-06-20 01:51:12,580] {subprocess.py:96} INFO - Command exited with return code 0
[2022-06-20 01:51:12,605] {taskinstance.py:1400} INFO - Marking task as SUCCESS. dag_id=download_rocket_launches, task_id=download_launches, execution_date=20220613T000000, start_date=20220620T015110, end_date=20220620T015112
[2022-06-20 01:51:12,639] {local_task_job.py:156} INFO - Task exited with return code 0
[2022-06-20 01:51:12,674] {local_task_job.py:273} INFO - 1 downstream tasks scheduled from follow-on schedule check
