[2022-06-20 01:34:17,866] {taskinstance.py:1159} INFO - Dependencies all met for <TaskInstance: download_rocket_launches.download_launches scheduled__2022-06-12T00:00:00+00:00 [queued]>
[2022-06-20 01:34:17,888] {taskinstance.py:1159} INFO - Dependencies all met for <TaskInstance: download_rocket_launches.download_launches scheduled__2022-06-12T00:00:00+00:00 [queued]>
[2022-06-20 01:34:17,891] {taskinstance.py:1356} INFO - 
--------------------------------------------------------------------------------
[2022-06-20 01:34:17,893] {taskinstance.py:1357} INFO - Starting attempt 1 of 1
[2022-06-20 01:34:17,895] {taskinstance.py:1358} INFO - 
--------------------------------------------------------------------------------
[2022-06-20 01:34:17,951] {taskinstance.py:1377} INFO - Executing <Task(BashOperator): download_launches> on 2022-06-12 00:00:00+00:00
[2022-06-20 01:34:17,978] {standard_task_runner.py:52} INFO - Started process 139 to run task
[2022-06-20 01:34:17,997] {standard_task_runner.py:79} INFO - Running: ['***', 'tasks', 'run', 'download_rocket_launches', 'download_launches', 'scheduled__2022-06-12T00:00:00+00:00', '--job-id', '16', '--raw', '--subdir', 'DAGS_FOLDER/data-pipline-book/2_1_download_rocket_launches.py', '--cfg-path', '/tmp/tmp6a39qegt', '--error-file', '/tmp/tmpwprd364n']
[2022-06-20 01:34:18,007] {standard_task_runner.py:80} INFO - Job 16: Subtask download_launches
[2022-06-20 01:34:18,220] {task_command.py:369} INFO - Running <TaskInstance: download_rocket_launches.download_launches scheduled__2022-06-12T00:00:00+00:00 [running]> on host b8db81cc5447
[2022-06-20 01:34:18,610] {taskinstance.py:1571} INFO - Exporting the following env vars:
AIRFLOW_CTX_DAG_OWNER=***
AIRFLOW_CTX_DAG_ID=download_rocket_launches
AIRFLOW_CTX_TASK_ID=download_launches
AIRFLOW_CTX_EXECUTION_DATE=2022-06-12T00:00:00+00:00
AIRFLOW_CTX_TRY_NUMBER=1
AIRFLOW_CTX_DAG_RUN_ID=scheduled__2022-06-12T00:00:00+00:00
[2022-06-20 01:34:18,613] {subprocess.py:62} INFO - Tmp dir root location: 
 /tmp
[2022-06-20 01:34:18,615] {subprocess.py:74} INFO - Running command: ['bash', '-c', "curl -o /tmp/launches.json -L 'https://ll.thespacedevs.com/2.0.0/launch/upcoming'"]
[2022-06-20 01:34:18,644] {subprocess.py:85} INFO - Output:
[2022-06-20 01:34:18,651] {subprocess.py:92} INFO -   % Total    % Received % Xferd  Average Speed   Time    Time     Time  Current
[2022-06-20 01:34:18,654] {subprocess.py:92} INFO -                                  Dload  Upload   Total   Spent    Left  Speed
[2022-06-20 01:34:20,222] {subprocess.py:92} INFO -   0     0    0     0    0     0      0      0 --:--:-- --:--:-- --:--:--     0  0     0    0     0    0     0      0      0 --:--:-- --:--:-- --:--:--     0  0     0    0     0    0     0      0      0 --:--:--  0:00:01 --:--:--     0  0     0    0     0    0     0      0      0 --:--:--  0:00:01 --:--:--     0
[2022-06-20 01:34:20,788] {subprocess.py:92} INFO - 100    71  100    71    0     0     33      0  0:00:02  0:00:02 --:--:--    33100    71  100    71    0     0     33      0  0:00:02  0:00:02 --:--:--     0
[2022-06-20 01:34:20,805] {subprocess.py:96} INFO - Command exited with return code 0
[2022-06-20 01:34:20,860] {taskinstance.py:1400} INFO - Marking task as SUCCESS. dag_id=download_rocket_launches, task_id=download_launches, execution_date=20220612T000000, start_date=20220620T013417, end_date=20220620T013420
[2022-06-20 01:34:20,939] {local_task_job.py:156} INFO - Task exited with return code 0
[2022-06-20 01:34:21,124] {local_task_job.py:273} INFO - 0 downstream tasks scheduled from follow-on schedule check
[2022-06-20 01:51:09,898] {taskinstance.py:1159} INFO - Dependencies all met for <TaskInstance: download_rocket_launches.download_launches scheduled__2022-06-12T00:00:00+00:00 [queued]>
[2022-06-20 01:51:09,911] {taskinstance.py:1159} INFO - Dependencies all met for <TaskInstance: download_rocket_launches.download_launches scheduled__2022-06-12T00:00:00+00:00 [queued]>
[2022-06-20 01:51:09,914] {taskinstance.py:1356} INFO - 
--------------------------------------------------------------------------------
[2022-06-20 01:51:09,916] {taskinstance.py:1357} INFO - Starting attempt 1 of 1
[2022-06-20 01:51:09,918] {taskinstance.py:1358} INFO - 
--------------------------------------------------------------------------------
[2022-06-20 01:51:09,938] {taskinstance.py:1377} INFO - Executing <Task(BashOperator): download_launches> on 2022-06-12 00:00:00+00:00
[2022-06-20 01:51:09,944] {standard_task_runner.py:52} INFO - Started process 139 to run task
[2022-06-20 01:51:09,951] {standard_task_runner.py:79} INFO - Running: ['***', 'tasks', 'run', 'download_rocket_launches', 'download_launches', 'scheduled__2022-06-12T00:00:00+00:00', '--job-id', '9', '--raw', '--subdir', 'DAGS_FOLDER/chapter02/dags/download_rocket_launches.py', '--cfg-path', '/tmp/tmplhsb9p_b', '--error-file', '/tmp/tmpcxfrc18m']
[2022-06-20 01:51:09,952] {standard_task_runner.py:80} INFO - Job 9: Subtask download_launches
[2022-06-20 01:51:10,021] {task_command.py:369} INFO - Running <TaskInstance: download_rocket_launches.download_launches scheduled__2022-06-12T00:00:00+00:00 [running]> on host b39ea3d1be4a
[2022-06-20 01:51:10,122] {taskinstance.py:1571} INFO - Exporting the following env vars:
AIRFLOW_CTX_DAG_OWNER=***
AIRFLOW_CTX_DAG_ID=download_rocket_launches
AIRFLOW_CTX_TASK_ID=download_launches
AIRFLOW_CTX_EXECUTION_DATE=2022-06-12T00:00:00+00:00
AIRFLOW_CTX_TRY_NUMBER=1
AIRFLOW_CTX_DAG_RUN_ID=scheduled__2022-06-12T00:00:00+00:00
[2022-06-20 01:51:10,125] {subprocess.py:62} INFO - Tmp dir root location: 
 /tmp
[2022-06-20 01:51:10,127] {subprocess.py:74} INFO - Running command: ['bash', '-c', "curl -o /tmp/launches.json -L 'https://ll.thespacedevs.com/2.0.0/launch/upcoming'"]
[2022-06-20 01:51:10,140] {subprocess.py:85} INFO - Output:
[2022-06-20 01:51:10,152] {subprocess.py:92} INFO -   % Total    % Received % Xferd  Average Speed   Time    Time     Time  Current
[2022-06-20 01:51:10,154] {subprocess.py:92} INFO -                                  Dload  Upload   Total   Spent    Left  Speed
[2022-06-20 01:51:11,539] {subprocess.py:92} INFO -   0     0    0     0    0     0      0      0 --:--:-- --:--:-- --:--:--     0  0     0    0     0    0     0      0      0 --:--:-- --:--:-- --:--:--     0  0     0    0     0    0     0      0      0 --:--:--  0:00:01 --:--:--     0
[2022-06-20 01:51:12,062] {subprocess.py:92} INFO - 100    71  100    71    0     0     37      0  0:00:01  0:00:01 --:--:--    37100    71  100    71    0     0     37      0  0:00:01  0:00:01 --:--:--     0
[2022-06-20 01:51:12,066] {subprocess.py:96} INFO - Command exited with return code 0
[2022-06-20 01:51:12,151] {taskinstance.py:1400} INFO - Marking task as SUCCESS. dag_id=download_rocket_launches, task_id=download_launches, execution_date=20220612T000000, start_date=20220620T015109, end_date=20220620T015112
[2022-06-20 01:51:12,242] {local_task_job.py:156} INFO - Task exited with return code 0
[2022-06-20 01:51:12,341] {local_task_job.py:273} INFO - 1 downstream tasks scheduled from follow-on schedule check
