[2022-06-20 01:34:33,556] {taskinstance.py:1159} INFO - Dependencies all met for <TaskInstance: 4_1_template_dag.get_data scheduled__2022-06-18T02:00:00+00:00 [queued]>
[2022-06-20 01:34:33,569] {taskinstance.py:1159} INFO - Dependencies all met for <TaskInstance: 4_1_template_dag.get_data scheduled__2022-06-18T02:00:00+00:00 [queued]>
[2022-06-20 01:34:33,573] {taskinstance.py:1356} INFO - 
--------------------------------------------------------------------------------
[2022-06-20 01:34:33,576] {taskinstance.py:1357} INFO - Starting attempt 1 of 1
[2022-06-20 01:34:33,580] {taskinstance.py:1358} INFO - 
--------------------------------------------------------------------------------
[2022-06-20 01:34:33,599] {taskinstance.py:1377} INFO - Executing <Task(BashOperator): get_data> on 2022-06-18 02:00:00+00:00
[2022-06-20 01:34:33,605] {standard_task_runner.py:52} INFO - Started process 313 to run task
[2022-06-20 01:34:33,626] {standard_task_runner.py:79} INFO - Running: ['***', 'tasks', 'run', '4_1_template_dag', 'get_data', 'scheduled__2022-06-18T02:00:00+00:00', '--job-id', '64', '--raw', '--subdir', 'DAGS_FOLDER/data-pipline-book/4_1_template_dag.py', '--cfg-path', '/tmp/tmpxse4bsrc', '--error-file', '/tmp/tmph68pd1_p']
[2022-06-20 01:34:33,630] {standard_task_runner.py:80} INFO - Job 64: Subtask get_data
[2022-06-20 01:34:33,716] {task_command.py:369} INFO - Running <TaskInstance: 4_1_template_dag.get_data scheduled__2022-06-18T02:00:00+00:00 [running]> on host b8db81cc5447
[2022-06-20 01:34:33,750] {warnings.py:110} WARNING - /home/***/.local/lib/python3.7/site-packages/***/utils/context.py:202: AirflowContextDeprecationWarning: Accessing 'execution_date' from the template is deprecated and will be removed in a future version. Please use 'data_interval_start' or 'logical_date' instead.
  warnings.warn(_create_deprecation_warning(key, self._deprecation_replacements[key]))

[2022-06-20 01:34:33,788] {taskinstance.py:1571} INFO - Exporting the following env vars:
AIRFLOW_CTX_DAG_OWNER=***
AIRFLOW_CTX_DAG_ID=4_1_template_dag
AIRFLOW_CTX_TASK_ID=get_data
AIRFLOW_CTX_EXECUTION_DATE=2022-06-18T02:00:00+00:00
AIRFLOW_CTX_TRY_NUMBER=1
AIRFLOW_CTX_DAG_RUN_ID=scheduled__2022-06-18T02:00:00+00:00
[2022-06-20 01:34:33,791] {subprocess.py:62} INFO - Tmp dir root location: 
 /tmp
[2022-06-20 01:34:33,794] {subprocess.py:74} INFO - Running command: ['bash', '-c', 'curl -o /tmp/wikipageviews.gz https://dumps.wikimedia.org/other/pageviews/2022/2022-06/pageviews-20220618-020000.gz']
[2022-06-20 01:34:33,809] {subprocess.py:85} INFO - Output:
[2022-06-20 01:34:33,815] {subprocess.py:92} INFO -   % Total    % Received % Xferd  Average Speed   Time    Time     Time  Current
[2022-06-20 01:34:33,817] {subprocess.py:92} INFO -                                  Dload  Upload   Total   Spent    Left  Speed
[2022-06-20 01:34:37,014] {subprocess.py:92} INFO -   0     0    0     0    0     0      0      0 --:--:-- --:--:-- --:--:--     0  0     0    0     0    0     0      0      0 --:--:--  0:00:01 --:--:--     0  0     0    0     0    0     0      0      0 --:--:--  0:00:02 --:--:--     0100   213  100   213    0     0     66      0  0:00:03  0:00:03 --:--:--    66100   213  100   213    0     0     66      0  0:00:03  0:00:03 --:--:--    66
[2022-06-20 01:34:37,032] {subprocess.py:96} INFO - Command exited with return code 0
[2022-06-20 01:34:37,124] {taskinstance.py:1400} INFO - Marking task as SUCCESS. dag_id=4_1_template_dag, task_id=get_data, execution_date=20220618T020000, start_date=20220620T013433, end_date=20220620T013437
[2022-06-20 01:34:37,178] {local_task_job.py:156} INFO - Task exited with return code 0
[2022-06-20 01:34:37,247] {local_task_job.py:273} INFO - 0 downstream tasks scheduled from follow-on schedule check
