[2022-06-20 01:50:25,386] {processor.py:153} INFO - Started process (PID=93) to work on /opt/airflow/dags/chapter05/dags/02_branch_function.py
[2022-06-20 01:50:25,388] {processor.py:641} INFO - Processing file /opt/airflow/dags/chapter05/dags/02_branch_function.py for tasks to queue
[2022-06-20 01:50:25,389] {logging_mixin.py:115} INFO - [2022-06-20 01:50:25,389] {dagbag.py:507} INFO - Filling up the DagBag from /opt/airflow/dags/chapter05/dags/02_branch_function.py
[2022-06-20 01:50:25,407] {processor.py:651} INFO - DAG(s) dict_keys(['02_branch_function']) retrieved from /opt/airflow/dags/chapter05/dags/02_branch_function.py
[2022-06-20 01:50:25,418] {logging_mixin.py:115} INFO - [2022-06-20 01:50:25,418] {dag.py:2371} INFO - Sync 1 DAGs
[2022-06-20 01:50:25,427] {logging_mixin.py:115} INFO - [2022-06-20 01:50:25,427] {dag.py:2390} INFO - Creating ORM DAG for 02_branch_function
[2022-06-20 01:50:25,436] {logging_mixin.py:115} INFO - [2022-06-20 01:50:25,436] {dag.py:2919} INFO - Setting next_dagrun for 02_branch_function to 2022-06-17T00:00:00+00:00, run_after=2022-06-18T00:00:00+00:00
[2022-06-20 01:50:25,780] {logging_mixin.py:115} WARNING - /home/airflow/.local/lib/python3.7/site-packages/airflow/models/dagbag.py:609 DeprecationWarning: DAG.full_filepath is deprecated in favour of fileloc
[2022-06-20 01:50:25,783] {logging_mixin.py:115} INFO - [2022-06-20 01:50:25,782] {dagbag.py:609} ERROR - Failed to write serialized DAG: /opt/airflow/dags/chapter05/dags/02_branch_function.py
Traceback (most recent call last):
  File "/home/airflow/.local/lib/python3.7/site-packages/airflow/models/dagbag.py", line 601, in _serialize_dag_capturing_errors
    session=session,
  File "/home/airflow/.local/lib/python3.7/site-packages/airflow/utils/session.py", line 68, in wrapper
    return func(*args, **kwargs)
  File "/home/airflow/.local/lib/python3.7/site-packages/airflow/models/serialized_dag.py", line 142, in write_dag
    (timezone.utcnow() - timedelta(seconds=min_update_interval)) < cls.last_updated,
  File "/home/airflow/.local/lib/python3.7/site-packages/sqlalchemy/orm/query.py", line 2734, in first
    return self.limit(1)._iter().first()
  File "/home/airflow/.local/lib/python3.7/site-packages/sqlalchemy/orm/query.py", line 2821, in _iter
    execution_options={"_sa_orm_load_options": self.load_options},
  File "/home/airflow/.local/lib/python3.7/site-packages/sqlalchemy/orm/session.py", line 1669, in execute
    conn = self._connection_for_bind(bind, close_with_result=True)
  File "/home/airflow/.local/lib/python3.7/site-packages/sqlalchemy/orm/session.py", line 1520, in _connection_for_bind
    engine, execution_options
  File "/home/airflow/.local/lib/python3.7/site-packages/sqlalchemy/orm/session.py", line 721, in _connection_for_bind
    self._assert_active()
  File "/home/airflow/.local/lib/python3.7/site-packages/sqlalchemy/orm/session.py", line 608, in _assert_active
    code="7s2a",
sqlalchemy.exc.PendingRollbackError: This Session's transaction has been rolled back due to a previous exception during flush. To begin a new transaction with this Session, first issue Session.rollback(). Original exception was: (psycopg2.errors.UniqueViolation) duplicate key value violates unique constraint "dag_pkey"
DETAIL:  Key (dag_id)=(02_branch_function) already exists.

[SQL: INSERT INTO dag (dag_id, root_dag_id, is_paused, is_subdag, is_active, last_parsed_time, last_pickled, last_expired, scheduler_lock, pickle_id, fileloc, owners, description, default_view, schedule_interval, timetable_description, max_active_tasks, max_active_runs, has_task_concurrency_limits, has_import_errors, next_dagrun, next_dagrun_data_interval_start, next_dagrun_data_interval_end, next_dagrun_create_after) VALUES (%(dag_id)s, %(root_dag_id)s, %(is_paused)s, %(is_subdag)s, %(is_active)s, %(last_parsed_time)s, %(last_pickled)s, %(last_expired)s, %(scheduler_lock)s, %(pickle_id)s, %(fileloc)s, %(owners)s, %(description)s, %(default_view)s, %(schedule_interval)s, %(timetable_description)s, %(max_active_tasks)s, %(max_active_runs)s, %(has_task_concurrency_limits)s, %(has_import_errors)s, %(next_dagrun)s, %(next_dagrun_data_interval_start)s, %(next_dagrun_data_interval_end)s, %(next_dagrun_create_after)s)]
[parameters: {'dag_id': '02_branch_function', 'root_dag_id': None, 'is_paused': True, 'is_subdag': False, 'is_active': True, 'last_parsed_time': datetime.datetime(2022, 6, 20, 1, 50, 25, 435667, tzinfo=Timezone('UTC')), 'last_pickled': None, 'last_expired': None, 'scheduler_lock': None, 'pickle_id': None, 'fileloc': '/opt/airflow/dags/chapter05/dags/02_branch_function.py', 'owners': 'airflow', 'description': None, 'default_view': 'grid', 'schedule_interval': '"@daily"', 'timetable_description': 'At 00:00', 'max_active_tasks': 16, 'max_active_runs': 16, 'has_task_concurrency_limits': False, 'has_import_errors': False, 'next_dagrun': DateTime(2022, 6, 17, 0, 0, 0, tzinfo=Timezone('UTC')), 'next_dagrun_data_interval_start': DateTime(2022, 6, 17, 0, 0, 0, tzinfo=Timezone('UTC')), 'next_dagrun_data_interval_end': DateTime(2022, 6, 18, 0, 0, 0, tzinfo=Timezone('UTC')), 'next_dagrun_create_after': DateTime(2022, 6, 18, 0, 0, 0, tzinfo=Timezone('UTC'))}]
(Background on this error at: http://sqlalche.me/e/14/gkpj) (Background on this error at: http://sqlalche.me/e/14/7s2a)
[2022-06-20 01:50:25,789] {logging_mixin.py:115} INFO - [2022-06-20 01:50:25,789] {dag.py:2371} INFO - Sync 1 DAGs
[2022-06-20 01:50:25,791] {processor.py:164} ERROR - Got an exception! Propagating...
Traceback (most recent call last):
  File "/home/airflow/.local/lib/python3.7/site-packages/airflow/dag_processing/processor.py", line 158, in _run_file_processor
    callback_requests=callback_requests,
  File "/home/airflow/.local/lib/python3.7/site-packages/airflow/utils/session.py", line 71, in wrapper
    return func(*args, session=session, **kwargs)
  File "/home/airflow/.local/lib/python3.7/site-packages/airflow/dag_processing/processor.py", line 660, in process_file
    dagbag.sync_to_db()
  File "/home/airflow/.local/lib/python3.7/site-packages/airflow/utils/session.py", line 71, in wrapper
    return func(*args, session=session, **kwargs)
  File "/home/airflow/.local/lib/python3.7/site-packages/airflow/models/dagbag.py", line 615, in sync_to_db
    for attempt in run_with_db_retries(logger=self.log):
  File "/home/airflow/.local/lib/python3.7/site-packages/tenacity/__init__.py", line 382, in __iter__
    do = self.iter(retry_state=retry_state)
  File "/home/airflow/.local/lib/python3.7/site-packages/tenacity/__init__.py", line 349, in iter
    return fut.result()
  File "/usr/local/lib/python3.7/concurrent/futures/_base.py", line 428, in result
    return self.__get_result()
  File "/usr/local/lib/python3.7/concurrent/futures/_base.py", line 384, in __get_result
    raise self._exception
  File "/home/airflow/.local/lib/python3.7/site-packages/airflow/models/dagbag.py", line 629, in sync_to_db
    DAG.bulk_write_to_db(self.dags.values(), session=session)
  File "/home/airflow/.local/lib/python3.7/site-packages/airflow/utils/session.py", line 68, in wrapper
    return func(*args, **kwargs)
  File "/home/airflow/.local/lib/python3.7/site-packages/airflow/models/dag.py", line 2379, in bulk_write_to_db
    orm_dags: List[DagModel] = with_row_locks(query, of=DagModel, session=session).all()
  File "/home/airflow/.local/lib/python3.7/site-packages/sqlalchemy/orm/query.py", line 2683, in all
    return self._iter().all()
  File "/home/airflow/.local/lib/python3.7/site-packages/sqlalchemy/orm/query.py", line 2821, in _iter
    execution_options={"_sa_orm_load_options": self.load_options},
  File "/home/airflow/.local/lib/python3.7/site-packages/sqlalchemy/orm/session.py", line 1669, in execute
    conn = self._connection_for_bind(bind, close_with_result=True)
  File "/home/airflow/.local/lib/python3.7/site-packages/sqlalchemy/orm/session.py", line 1520, in _connection_for_bind
    engine, execution_options
  File "/home/airflow/.local/lib/python3.7/site-packages/sqlalchemy/orm/session.py", line 721, in _connection_for_bind
    self._assert_active()
  File "/home/airflow/.local/lib/python3.7/site-packages/sqlalchemy/orm/session.py", line 608, in _assert_active
    code="7s2a",
sqlalchemy.exc.PendingRollbackError: This Session's transaction has been rolled back due to a previous exception during flush. To begin a new transaction with this Session, first issue Session.rollback(). Original exception was: (psycopg2.errors.UniqueViolation) duplicate key value violates unique constraint "dag_pkey"
DETAIL:  Key (dag_id)=(02_branch_function) already exists.

[SQL: INSERT INTO dag (dag_id, root_dag_id, is_paused, is_subdag, is_active, last_parsed_time, last_pickled, last_expired, scheduler_lock, pickle_id, fileloc, owners, description, default_view, schedule_interval, timetable_description, max_active_tasks, max_active_runs, has_task_concurrency_limits, has_import_errors, next_dagrun, next_dagrun_data_interval_start, next_dagrun_data_interval_end, next_dagrun_create_after) VALUES (%(dag_id)s, %(root_dag_id)s, %(is_paused)s, %(is_subdag)s, %(is_active)s, %(last_parsed_time)s, %(last_pickled)s, %(last_expired)s, %(scheduler_lock)s, %(pickle_id)s, %(fileloc)s, %(owners)s, %(description)s, %(default_view)s, %(schedule_interval)s, %(timetable_description)s, %(max_active_tasks)s, %(max_active_runs)s, %(has_task_concurrency_limits)s, %(has_import_errors)s, %(next_dagrun)s, %(next_dagrun_data_interval_start)s, %(next_dagrun_data_interval_end)s, %(next_dagrun_create_after)s)]
[parameters: {'dag_id': '02_branch_function', 'root_dag_id': None, 'is_paused': True, 'is_subdag': False, 'is_active': True, 'last_parsed_time': datetime.datetime(2022, 6, 20, 1, 50, 25, 435667, tzinfo=Timezone('UTC')), 'last_pickled': None, 'last_expired': None, 'scheduler_lock': None, 'pickle_id': None, 'fileloc': '/opt/airflow/dags/chapter05/dags/02_branch_function.py', 'owners': 'airflow', 'description': None, 'default_view': 'grid', 'schedule_interval': '"@daily"', 'timetable_description': 'At 00:00', 'max_active_tasks': 16, 'max_active_runs': 16, 'has_task_concurrency_limits': False, 'has_import_errors': False, 'next_dagrun': DateTime(2022, 6, 17, 0, 0, 0, tzinfo=Timezone('UTC')), 'next_dagrun_data_interval_start': DateTime(2022, 6, 17, 0, 0, 0, tzinfo=Timezone('UTC')), 'next_dagrun_data_interval_end': DateTime(2022, 6, 18, 0, 0, 0, tzinfo=Timezone('UTC')), 'next_dagrun_create_after': DateTime(2022, 6, 18, 0, 0, 0, tzinfo=Timezone('UTC'))}]
(Background on this error at: http://sqlalche.me/e/14/gkpj) (Background on this error at: http://sqlalche.me/e/14/7s2a)
[2022-06-20 01:50:56,624] {processor.py:153} INFO - Started process (PID=182) to work on /opt/airflow/dags/chapter05/dags/02_branch_function.py
[2022-06-20 01:50:56,627] {processor.py:641} INFO - Processing file /opt/airflow/dags/chapter05/dags/02_branch_function.py for tasks to queue
[2022-06-20 01:50:56,629] {logging_mixin.py:115} INFO - [2022-06-20 01:50:56,629] {dagbag.py:507} INFO - Filling up the DagBag from /opt/airflow/dags/chapter05/dags/02_branch_function.py
[2022-06-20 01:50:56,651] {processor.py:651} INFO - DAG(s) dict_keys(['02_branch_function']) retrieved from /opt/airflow/dags/chapter05/dags/02_branch_function.py
[2022-06-20 01:50:56,860] {logging_mixin.py:115} INFO - [2022-06-20 01:50:56,860] {dag.py:2371} INFO - Sync 1 DAGs
[2022-06-20 01:50:56,893] {logging_mixin.py:115} INFO - [2022-06-20 01:50:56,893] {dag.py:2919} INFO - Setting next_dagrun for 02_branch_function to 2022-06-17T00:00:00+00:00, run_after=2022-06-18T00:00:00+00:00
[2022-06-20 01:50:56,926] {processor.py:161} INFO - Processing /opt/airflow/dags/chapter05/dags/02_branch_function.py took 0.309 seconds
[2022-06-20 01:51:27,643] {processor.py:153} INFO - Started process (PID=290) to work on /opt/airflow/dags/chapter05/dags/02_branch_function.py
[2022-06-20 01:51:27,648] {processor.py:641} INFO - Processing file /opt/airflow/dags/chapter05/dags/02_branch_function.py for tasks to queue
[2022-06-20 01:51:27,651] {logging_mixin.py:115} INFO - [2022-06-20 01:51:27,650] {dagbag.py:507} INFO - Filling up the DagBag from /opt/airflow/dags/chapter05/dags/02_branch_function.py
[2022-06-20 01:51:27,668] {processor.py:651} INFO - DAG(s) dict_keys(['02_branch_function']) retrieved from /opt/airflow/dags/chapter05/dags/02_branch_function.py
[2022-06-20 01:51:27,693] {logging_mixin.py:115} INFO - [2022-06-20 01:51:27,693] {dag.py:2371} INFO - Sync 1 DAGs
[2022-06-20 01:51:27,710] {logging_mixin.py:115} INFO - [2022-06-20 01:51:27,710] {dag.py:2919} INFO - Setting next_dagrun for 02_branch_function to 2022-06-17T00:00:00+00:00, run_after=2022-06-18T00:00:00+00:00
[2022-06-20 01:51:27,831] {processor.py:161} INFO - Processing /opt/airflow/dags/chapter05/dags/02_branch_function.py took 0.193 seconds
[2022-06-20 01:51:58,037] {processor.py:153} INFO - Started process (PID=379) to work on /opt/airflow/dags/chapter05/dags/02_branch_function.py
[2022-06-20 01:51:58,039] {processor.py:641} INFO - Processing file /opt/airflow/dags/chapter05/dags/02_branch_function.py for tasks to queue
[2022-06-20 01:51:58,040] {logging_mixin.py:115} INFO - [2022-06-20 01:51:58,040] {dagbag.py:507} INFO - Filling up the DagBag from /opt/airflow/dags/chapter05/dags/02_branch_function.py
[2022-06-20 01:51:58,055] {processor.py:651} INFO - DAG(s) dict_keys(['02_branch_function']) retrieved from /opt/airflow/dags/chapter05/dags/02_branch_function.py
[2022-06-20 01:51:58,072] {logging_mixin.py:115} INFO - [2022-06-20 01:51:58,072] {dag.py:2371} INFO - Sync 1 DAGs
[2022-06-20 01:51:58,107] {logging_mixin.py:115} INFO - [2022-06-20 01:51:58,107] {dag.py:2919} INFO - Setting next_dagrun for 02_branch_function to 2022-06-17T00:00:00+00:00, run_after=2022-06-18T00:00:00+00:00
[2022-06-20 01:51:58,124] {processor.py:161} INFO - Processing /opt/airflow/dags/chapter05/dags/02_branch_function.py took 0.090 seconds
[2022-06-20 01:52:28,768] {processor.py:153} INFO - Started process (PID=458) to work on /opt/airflow/dags/chapter05/dags/02_branch_function.py
[2022-06-20 01:52:28,770] {processor.py:641} INFO - Processing file /opt/airflow/dags/chapter05/dags/02_branch_function.py for tasks to queue
[2022-06-20 01:52:28,771] {logging_mixin.py:115} INFO - [2022-06-20 01:52:28,771] {dagbag.py:507} INFO - Filling up the DagBag from /opt/airflow/dags/chapter05/dags/02_branch_function.py
[2022-06-20 01:52:28,781] {processor.py:651} INFO - DAG(s) dict_keys(['02_branch_function']) retrieved from /opt/airflow/dags/chapter05/dags/02_branch_function.py
[2022-06-20 01:52:28,899] {logging_mixin.py:115} INFO - [2022-06-20 01:52:28,899] {dag.py:2371} INFO - Sync 1 DAGs
[2022-06-20 01:52:28,913] {logging_mixin.py:115} INFO - [2022-06-20 01:52:28,913] {dag.py:2919} INFO - Setting next_dagrun for 02_branch_function to 2022-06-17T00:00:00+00:00, run_after=2022-06-18T00:00:00+00:00
[2022-06-20 01:52:28,925] {processor.py:161} INFO - Processing /opt/airflow/dags/chapter05/dags/02_branch_function.py took 0.159 seconds
[2022-06-20 01:52:59,711] {processor.py:153} INFO - Started process (PID=547) to work on /opt/airflow/dags/chapter05/dags/02_branch_function.py
[2022-06-20 01:52:59,712] {processor.py:641} INFO - Processing file /opt/airflow/dags/chapter05/dags/02_branch_function.py for tasks to queue
[2022-06-20 01:52:59,714] {logging_mixin.py:115} INFO - [2022-06-20 01:52:59,714] {dagbag.py:507} INFO - Filling up the DagBag from /opt/airflow/dags/chapter05/dags/02_branch_function.py
[2022-06-20 01:52:59,724] {processor.py:651} INFO - DAG(s) dict_keys(['02_branch_function']) retrieved from /opt/airflow/dags/chapter05/dags/02_branch_function.py
[2022-06-20 01:52:59,734] {logging_mixin.py:115} INFO - [2022-06-20 01:52:59,734] {dag.py:2371} INFO - Sync 1 DAGs
[2022-06-20 01:52:59,748] {logging_mixin.py:115} INFO - [2022-06-20 01:52:59,747] {dag.py:2919} INFO - Setting next_dagrun for 02_branch_function to 2022-06-17T00:00:00+00:00, run_after=2022-06-18T00:00:00+00:00
[2022-06-20 01:52:59,755] {processor.py:161} INFO - Processing /opt/airflow/dags/chapter05/dags/02_branch_function.py took 0.046 seconds
[2022-06-20 01:53:30,481] {processor.py:153} INFO - Started process (PID=636) to work on /opt/airflow/dags/chapter05/dags/02_branch_function.py
[2022-06-20 01:53:30,482] {processor.py:641} INFO - Processing file /opt/airflow/dags/chapter05/dags/02_branch_function.py for tasks to queue
[2022-06-20 01:53:30,484] {logging_mixin.py:115} INFO - [2022-06-20 01:53:30,484] {dagbag.py:507} INFO - Filling up the DagBag from /opt/airflow/dags/chapter05/dags/02_branch_function.py
[2022-06-20 01:53:30,495] {processor.py:651} INFO - DAG(s) dict_keys(['02_branch_function']) retrieved from /opt/airflow/dags/chapter05/dags/02_branch_function.py
[2022-06-20 01:53:30,609] {logging_mixin.py:115} INFO - [2022-06-20 01:53:30,609] {dag.py:2371} INFO - Sync 1 DAGs
[2022-06-20 01:53:30,621] {logging_mixin.py:115} INFO - [2022-06-20 01:53:30,621] {dag.py:2919} INFO - Setting next_dagrun for 02_branch_function to 2022-06-17T00:00:00+00:00, run_after=2022-06-18T00:00:00+00:00
[2022-06-20 01:53:30,631] {processor.py:161} INFO - Processing /opt/airflow/dags/chapter05/dags/02_branch_function.py took 0.153 seconds
[2022-06-20 01:54:00,918] {processor.py:153} INFO - Started process (PID=725) to work on /opt/airflow/dags/chapter05/dags/02_branch_function.py
[2022-06-20 01:54:00,920] {processor.py:641} INFO - Processing file /opt/airflow/dags/chapter05/dags/02_branch_function.py for tasks to queue
[2022-06-20 01:54:00,921] {logging_mixin.py:115} INFO - [2022-06-20 01:54:00,921] {dagbag.py:507} INFO - Filling up the DagBag from /opt/airflow/dags/chapter05/dags/02_branch_function.py
[2022-06-20 01:54:00,934] {processor.py:651} INFO - DAG(s) dict_keys(['02_branch_function']) retrieved from /opt/airflow/dags/chapter05/dags/02_branch_function.py
[2022-06-20 01:54:00,946] {logging_mixin.py:115} INFO - [2022-06-20 01:54:00,946] {dag.py:2371} INFO - Sync 1 DAGs
[2022-06-20 01:54:00,962] {logging_mixin.py:115} INFO - [2022-06-20 01:54:00,962] {dag.py:2919} INFO - Setting next_dagrun for 02_branch_function to 2022-06-17T00:00:00+00:00, run_after=2022-06-18T00:00:00+00:00
[2022-06-20 01:54:00,971] {processor.py:161} INFO - Processing /opt/airflow/dags/chapter05/dags/02_branch_function.py took 0.055 seconds
[2022-06-20 01:54:31,290] {processor.py:153} INFO - Started process (PID=813) to work on /opt/airflow/dags/chapter05/dags/02_branch_function.py
[2022-06-20 01:54:31,292] {processor.py:641} INFO - Processing file /opt/airflow/dags/chapter05/dags/02_branch_function.py for tasks to queue
[2022-06-20 01:54:31,293] {logging_mixin.py:115} INFO - [2022-06-20 01:54:31,293] {dagbag.py:507} INFO - Filling up the DagBag from /opt/airflow/dags/chapter05/dags/02_branch_function.py
[2022-06-20 01:54:31,302] {processor.py:651} INFO - DAG(s) dict_keys(['02_branch_function']) retrieved from /opt/airflow/dags/chapter05/dags/02_branch_function.py
[2022-06-20 01:54:31,403] {logging_mixin.py:115} INFO - [2022-06-20 01:54:31,403] {dag.py:2371} INFO - Sync 1 DAGs
[2022-06-20 01:54:31,414] {logging_mixin.py:115} INFO - [2022-06-20 01:54:31,414] {dag.py:2919} INFO - Setting next_dagrun for 02_branch_function to 2022-06-17T00:00:00+00:00, run_after=2022-06-18T00:00:00+00:00
[2022-06-20 01:54:31,420] {processor.py:161} INFO - Processing /opt/airflow/dags/chapter05/dags/02_branch_function.py took 0.132 seconds
[2022-06-20 01:55:01,938] {processor.py:153} INFO - Started process (PID=904) to work on /opt/airflow/dags/chapter05/dags/02_branch_function.py
[2022-06-20 01:55:01,940] {processor.py:641} INFO - Processing file /opt/airflow/dags/chapter05/dags/02_branch_function.py for tasks to queue
[2022-06-20 01:55:01,942] {logging_mixin.py:115} INFO - [2022-06-20 01:55:01,942] {dagbag.py:507} INFO - Filling up the DagBag from /opt/airflow/dags/chapter05/dags/02_branch_function.py
[2022-06-20 01:55:01,956] {processor.py:651} INFO - DAG(s) dict_keys(['02_branch_function']) retrieved from /opt/airflow/dags/chapter05/dags/02_branch_function.py
[2022-06-20 01:55:01,971] {logging_mixin.py:115} INFO - [2022-06-20 01:55:01,971] {dag.py:2371} INFO - Sync 1 DAGs
[2022-06-20 01:55:01,986] {logging_mixin.py:115} INFO - [2022-06-20 01:55:01,986] {dag.py:2919} INFO - Setting next_dagrun for 02_branch_function to 2022-06-17T00:00:00+00:00, run_after=2022-06-18T00:00:00+00:00
[2022-06-20 01:55:01,996] {processor.py:161} INFO - Processing /opt/airflow/dags/chapter05/dags/02_branch_function.py took 0.059 seconds
[2022-06-20 01:55:32,529] {processor.py:153} INFO - Started process (PID=983) to work on /opt/airflow/dags/chapter05/dags/02_branch_function.py
[2022-06-20 01:55:32,531] {processor.py:641} INFO - Processing file /opt/airflow/dags/chapter05/dags/02_branch_function.py for tasks to queue
[2022-06-20 01:55:32,533] {logging_mixin.py:115} INFO - [2022-06-20 01:55:32,533] {dagbag.py:507} INFO - Filling up the DagBag from /opt/airflow/dags/chapter05/dags/02_branch_function.py
[2022-06-20 01:55:32,545] {processor.py:651} INFO - DAG(s) dict_keys(['02_branch_function']) retrieved from /opt/airflow/dags/chapter05/dags/02_branch_function.py
[2022-06-20 01:55:32,672] {logging_mixin.py:115} INFO - [2022-06-20 01:55:32,672] {dag.py:2371} INFO - Sync 1 DAGs
[2022-06-20 01:55:32,682] {logging_mixin.py:115} INFO - [2022-06-20 01:55:32,682] {dag.py:2919} INFO - Setting next_dagrun for 02_branch_function to 2022-06-17T00:00:00+00:00, run_after=2022-06-18T00:00:00+00:00
[2022-06-20 01:55:32,690] {processor.py:161} INFO - Processing /opt/airflow/dags/chapter05/dags/02_branch_function.py took 0.164 seconds
[2022-06-20 01:56:03,109] {processor.py:153} INFO - Started process (PID=1072) to work on /opt/airflow/dags/chapter05/dags/02_branch_function.py
[2022-06-20 01:56:03,112] {processor.py:641} INFO - Processing file /opt/airflow/dags/chapter05/dags/02_branch_function.py for tasks to queue
[2022-06-20 01:56:03,114] {logging_mixin.py:115} INFO - [2022-06-20 01:56:03,114] {dagbag.py:507} INFO - Filling up the DagBag from /opt/airflow/dags/chapter05/dags/02_branch_function.py
[2022-06-20 01:56:03,129] {processor.py:651} INFO - DAG(s) dict_keys(['02_branch_function']) retrieved from /opt/airflow/dags/chapter05/dags/02_branch_function.py
[2022-06-20 01:56:03,151] {logging_mixin.py:115} INFO - [2022-06-20 01:56:03,151] {dag.py:2371} INFO - Sync 1 DAGs
[2022-06-20 01:56:03,172] {logging_mixin.py:115} INFO - [2022-06-20 01:56:03,172] {dag.py:2919} INFO - Setting next_dagrun for 02_branch_function to 2022-06-17T00:00:00+00:00, run_after=2022-06-18T00:00:00+00:00
[2022-06-20 01:56:03,269] {processor.py:161} INFO - Processing /opt/airflow/dags/chapter05/dags/02_branch_function.py took 0.162 seconds
[2022-06-20 01:56:33,471] {processor.py:153} INFO - Started process (PID=1161) to work on /opt/airflow/dags/chapter05/dags/02_branch_function.py
[2022-06-20 01:56:33,473] {processor.py:641} INFO - Processing file /opt/airflow/dags/chapter05/dags/02_branch_function.py for tasks to queue
[2022-06-20 01:56:33,476] {logging_mixin.py:115} INFO - [2022-06-20 01:56:33,476] {dagbag.py:507} INFO - Filling up the DagBag from /opt/airflow/dags/chapter05/dags/02_branch_function.py
[2022-06-20 01:56:33,488] {processor.py:651} INFO - DAG(s) dict_keys(['02_branch_function']) retrieved from /opt/airflow/dags/chapter05/dags/02_branch_function.py
[2022-06-20 01:56:33,622] {logging_mixin.py:115} INFO - [2022-06-20 01:56:33,622] {dag.py:2371} INFO - Sync 1 DAGs
[2022-06-20 01:56:33,636] {logging_mixin.py:115} INFO - [2022-06-20 01:56:33,636] {dag.py:2919} INFO - Setting next_dagrun for 02_branch_function to 2022-06-17T00:00:00+00:00, run_after=2022-06-18T00:00:00+00:00
[2022-06-20 01:56:33,644] {processor.py:161} INFO - Processing /opt/airflow/dags/chapter05/dags/02_branch_function.py took 0.177 seconds
[2022-06-20 01:57:03,714] {processor.py:153} INFO - Started process (PID=1250) to work on /opt/airflow/dags/chapter05/dags/02_branch_function.py
[2022-06-20 01:57:03,716] {processor.py:641} INFO - Processing file /opt/airflow/dags/chapter05/dags/02_branch_function.py for tasks to queue
[2022-06-20 01:57:03,717] {logging_mixin.py:115} INFO - [2022-06-20 01:57:03,717] {dagbag.py:507} INFO - Filling up the DagBag from /opt/airflow/dags/chapter05/dags/02_branch_function.py
[2022-06-20 01:57:03,731] {processor.py:651} INFO - DAG(s) dict_keys(['02_branch_function']) retrieved from /opt/airflow/dags/chapter05/dags/02_branch_function.py
[2022-06-20 01:57:03,744] {logging_mixin.py:115} INFO - [2022-06-20 01:57:03,744] {dag.py:2371} INFO - Sync 1 DAGs
[2022-06-20 01:57:03,761] {logging_mixin.py:115} INFO - [2022-06-20 01:57:03,761] {dag.py:2919} INFO - Setting next_dagrun for 02_branch_function to 2022-06-17T00:00:00+00:00, run_after=2022-06-18T00:00:00+00:00
[2022-06-20 01:57:03,852] {processor.py:161} INFO - Processing /opt/airflow/dags/chapter05/dags/02_branch_function.py took 0.141 seconds
[2022-06-20 01:57:34,444] {processor.py:153} INFO - Started process (PID=1339) to work on /opt/airflow/dags/chapter05/dags/02_branch_function.py
[2022-06-20 01:57:34,446] {processor.py:641} INFO - Processing file /opt/airflow/dags/chapter05/dags/02_branch_function.py for tasks to queue
[2022-06-20 01:57:34,446] {logging_mixin.py:115} INFO - [2022-06-20 01:57:34,446] {dagbag.py:507} INFO - Filling up the DagBag from /opt/airflow/dags/chapter05/dags/02_branch_function.py
[2022-06-20 01:57:34,455] {processor.py:651} INFO - DAG(s) dict_keys(['02_branch_function']) retrieved from /opt/airflow/dags/chapter05/dags/02_branch_function.py
[2022-06-20 01:57:34,558] {logging_mixin.py:115} INFO - [2022-06-20 01:57:34,558] {dag.py:2371} INFO - Sync 1 DAGs
[2022-06-20 01:57:34,569] {logging_mixin.py:115} INFO - [2022-06-20 01:57:34,569] {dag.py:2919} INFO - Setting next_dagrun for 02_branch_function to 2022-06-17T00:00:00+00:00, run_after=2022-06-18T00:00:00+00:00
[2022-06-20 01:57:34,577] {processor.py:161} INFO - Processing /opt/airflow/dags/chapter05/dags/02_branch_function.py took 0.134 seconds
[2022-06-20 01:58:05,385] {processor.py:153} INFO - Started process (PID=1428) to work on /opt/airflow/dags/chapter05/dags/02_branch_function.py
[2022-06-20 01:58:05,387] {processor.py:641} INFO - Processing file /opt/airflow/dags/chapter05/dags/02_branch_function.py for tasks to queue
[2022-06-20 01:58:05,391] {logging_mixin.py:115} INFO - [2022-06-20 01:58:05,391] {dagbag.py:507} INFO - Filling up the DagBag from /opt/airflow/dags/chapter05/dags/02_branch_function.py
[2022-06-20 01:58:05,407] {processor.py:651} INFO - DAG(s) dict_keys(['02_branch_function']) retrieved from /opt/airflow/dags/chapter05/dags/02_branch_function.py
[2022-06-20 01:58:05,429] {logging_mixin.py:115} INFO - [2022-06-20 01:58:05,429] {dag.py:2371} INFO - Sync 1 DAGs
[2022-06-20 01:58:05,530] {logging_mixin.py:115} INFO - [2022-06-20 01:58:05,530] {dag.py:2919} INFO - Setting next_dagrun for 02_branch_function to 2022-06-17T00:00:00+00:00, run_after=2022-06-18T00:00:00+00:00
[2022-06-20 01:58:05,538] {processor.py:161} INFO - Processing /opt/airflow/dags/chapter05/dags/02_branch_function.py took 0.156 seconds
[2022-06-20 01:58:36,404] {processor.py:153} INFO - Started process (PID=1507) to work on /opt/airflow/dags/chapter05/dags/02_branch_function.py
[2022-06-20 01:58:36,407] {processor.py:641} INFO - Processing file /opt/airflow/dags/chapter05/dags/02_branch_function.py for tasks to queue
[2022-06-20 01:58:36,408] {logging_mixin.py:115} INFO - [2022-06-20 01:58:36,408] {dagbag.py:507} INFO - Filling up the DagBag from /opt/airflow/dags/chapter05/dags/02_branch_function.py
[2022-06-20 01:58:36,424] {processor.py:651} INFO - DAG(s) dict_keys(['02_branch_function']) retrieved from /opt/airflow/dags/chapter05/dags/02_branch_function.py
[2022-06-20 01:58:36,576] {logging_mixin.py:115} INFO - [2022-06-20 01:58:36,576] {dag.py:2371} INFO - Sync 1 DAGs
[2022-06-20 01:58:36,589] {logging_mixin.py:115} INFO - [2022-06-20 01:58:36,589] {dag.py:2919} INFO - Setting next_dagrun for 02_branch_function to 2022-06-17T00:00:00+00:00, run_after=2022-06-18T00:00:00+00:00
[2022-06-20 01:58:36,598] {processor.py:161} INFO - Processing /opt/airflow/dags/chapter05/dags/02_branch_function.py took 0.196 seconds
[2022-06-20 01:59:06,818] {processor.py:153} INFO - Started process (PID=1596) to work on /opt/airflow/dags/chapter05/dags/02_branch_function.py
[2022-06-20 01:59:06,820] {processor.py:641} INFO - Processing file /opt/airflow/dags/chapter05/dags/02_branch_function.py for tasks to queue
[2022-06-20 01:59:06,821] {logging_mixin.py:115} INFO - [2022-06-20 01:59:06,821] {dagbag.py:507} INFO - Filling up the DagBag from /opt/airflow/dags/chapter05/dags/02_branch_function.py
[2022-06-20 01:59:06,833] {processor.py:651} INFO - DAG(s) dict_keys(['02_branch_function']) retrieved from /opt/airflow/dags/chapter05/dags/02_branch_function.py
[2022-06-20 01:59:06,852] {logging_mixin.py:115} INFO - [2022-06-20 01:59:06,852] {dag.py:2371} INFO - Sync 1 DAGs
[2022-06-20 01:59:06,941] {logging_mixin.py:115} INFO - [2022-06-20 01:59:06,941] {dag.py:2919} INFO - Setting next_dagrun for 02_branch_function to 2022-06-17T00:00:00+00:00, run_after=2022-06-18T00:00:00+00:00
[2022-06-20 01:59:06,948] {processor.py:161} INFO - Processing /opt/airflow/dags/chapter05/dags/02_branch_function.py took 0.132 seconds
[2022-06-20 01:59:37,499] {processor.py:153} INFO - Started process (PID=1685) to work on /opt/airflow/dags/chapter05/dags/02_branch_function.py
[2022-06-20 01:59:37,501] {processor.py:641} INFO - Processing file /opt/airflow/dags/chapter05/dags/02_branch_function.py for tasks to queue
[2022-06-20 01:59:37,502] {logging_mixin.py:115} INFO - [2022-06-20 01:59:37,502] {dagbag.py:507} INFO - Filling up the DagBag from /opt/airflow/dags/chapter05/dags/02_branch_function.py
[2022-06-20 01:59:37,515] {processor.py:651} INFO - DAG(s) dict_keys(['02_branch_function']) retrieved from /opt/airflow/dags/chapter05/dags/02_branch_function.py
[2022-06-20 01:59:37,633] {logging_mixin.py:115} INFO - [2022-06-20 01:59:37,633] {dag.py:2371} INFO - Sync 1 DAGs
[2022-06-20 01:59:37,645] {logging_mixin.py:115} INFO - [2022-06-20 01:59:37,645] {dag.py:2919} INFO - Setting next_dagrun for 02_branch_function to 2022-06-17T00:00:00+00:00, run_after=2022-06-18T00:00:00+00:00
[2022-06-20 01:59:37,655] {processor.py:161} INFO - Processing /opt/airflow/dags/chapter05/dags/02_branch_function.py took 0.158 seconds
[2022-06-20 02:00:08,167] {processor.py:153} INFO - Started process (PID=1772) to work on /opt/airflow/dags/chapter05/dags/02_branch_function.py
[2022-06-20 02:00:08,169] {processor.py:641} INFO - Processing file /opt/airflow/dags/chapter05/dags/02_branch_function.py for tasks to queue
[2022-06-20 02:00:08,170] {logging_mixin.py:115} INFO - [2022-06-20 02:00:08,170] {dagbag.py:507} INFO - Filling up the DagBag from /opt/airflow/dags/chapter05/dags/02_branch_function.py
[2022-06-20 02:00:08,180] {processor.py:651} INFO - DAG(s) dict_keys(['02_branch_function']) retrieved from /opt/airflow/dags/chapter05/dags/02_branch_function.py
[2022-06-20 02:00:08,191] {logging_mixin.py:115} INFO - [2022-06-20 02:00:08,191] {dag.py:2371} INFO - Sync 1 DAGs
[2022-06-20 02:00:08,207] {logging_mixin.py:115} INFO - [2022-06-20 02:00:08,207] {dag.py:2919} INFO - Setting next_dagrun for 02_branch_function to 2022-06-17T00:00:00+00:00, run_after=2022-06-18T00:00:00+00:00
[2022-06-20 02:00:08,288] {processor.py:161} INFO - Processing /opt/airflow/dags/chapter05/dags/02_branch_function.py took 0.123 seconds
[2022-06-20 02:00:38,969] {processor.py:153} INFO - Started process (PID=1862) to work on /opt/airflow/dags/chapter05/dags/02_branch_function.py
[2022-06-20 02:00:38,970] {processor.py:641} INFO - Processing file /opt/airflow/dags/chapter05/dags/02_branch_function.py for tasks to queue
[2022-06-20 02:00:38,971] {logging_mixin.py:115} INFO - [2022-06-20 02:00:38,971] {dagbag.py:507} INFO - Filling up the DagBag from /opt/airflow/dags/chapter05/dags/02_branch_function.py
[2022-06-20 02:00:38,981] {processor.py:651} INFO - DAG(s) dict_keys(['02_branch_function']) retrieved from /opt/airflow/dags/chapter05/dags/02_branch_function.py
[2022-06-20 02:00:39,091] {logging_mixin.py:115} INFO - [2022-06-20 02:00:39,091] {dag.py:2371} INFO - Sync 1 DAGs
[2022-06-20 02:00:39,103] {logging_mixin.py:115} INFO - [2022-06-20 02:00:39,103] {dag.py:2919} INFO - Setting next_dagrun for 02_branch_function to 2022-06-17T00:00:00+00:00, run_after=2022-06-18T00:00:00+00:00
[2022-06-20 02:00:39,113] {processor.py:161} INFO - Processing /opt/airflow/dags/chapter05/dags/02_branch_function.py took 0.146 seconds
[2022-06-20 02:01:09,475] {processor.py:153} INFO - Started process (PID=1950) to work on /opt/airflow/dags/chapter05/dags/02_branch_function.py
[2022-06-20 02:01:09,477] {processor.py:641} INFO - Processing file /opt/airflow/dags/chapter05/dags/02_branch_function.py for tasks to queue
[2022-06-20 02:01:09,478] {logging_mixin.py:115} INFO - [2022-06-20 02:01:09,478] {dagbag.py:507} INFO - Filling up the DagBag from /opt/airflow/dags/chapter05/dags/02_branch_function.py
[2022-06-20 02:01:09,490] {processor.py:651} INFO - DAG(s) dict_keys(['02_branch_function']) retrieved from /opt/airflow/dags/chapter05/dags/02_branch_function.py
[2022-06-20 02:01:09,504] {logging_mixin.py:115} INFO - [2022-06-20 02:01:09,504] {dag.py:2371} INFO - Sync 1 DAGs
[2022-06-20 02:01:09,602] {logging_mixin.py:115} INFO - [2022-06-20 02:01:09,601] {dag.py:2919} INFO - Setting next_dagrun for 02_branch_function to 2022-06-17T00:00:00+00:00, run_after=2022-06-18T00:00:00+00:00
[2022-06-20 02:01:09,610] {processor.py:161} INFO - Processing /opt/airflow/dags/chapter05/dags/02_branch_function.py took 0.137 seconds
[2022-06-20 02:01:40,130] {processor.py:153} INFO - Started process (PID=2028) to work on /opt/airflow/dags/chapter05/dags/02_branch_function.py
[2022-06-20 02:01:40,132] {processor.py:641} INFO - Processing file /opt/airflow/dags/chapter05/dags/02_branch_function.py for tasks to queue
[2022-06-20 02:01:40,133] {logging_mixin.py:115} INFO - [2022-06-20 02:01:40,133] {dagbag.py:507} INFO - Filling up the DagBag from /opt/airflow/dags/chapter05/dags/02_branch_function.py
[2022-06-20 02:01:40,142] {processor.py:651} INFO - DAG(s) dict_keys(['02_branch_function']) retrieved from /opt/airflow/dags/chapter05/dags/02_branch_function.py
[2022-06-20 02:01:40,245] {logging_mixin.py:115} INFO - [2022-06-20 02:01:40,245] {dag.py:2371} INFO - Sync 1 DAGs
[2022-06-20 02:01:40,256] {logging_mixin.py:115} INFO - [2022-06-20 02:01:40,256] {dag.py:2919} INFO - Setting next_dagrun for 02_branch_function to 2022-06-17T00:00:00+00:00, run_after=2022-06-18T00:00:00+00:00
[2022-06-20 02:01:40,265] {processor.py:161} INFO - Processing /opt/airflow/dags/chapter05/dags/02_branch_function.py took 0.137 seconds
[2022-06-20 02:02:10,692] {processor.py:153} INFO - Started process (PID=2117) to work on /opt/airflow/dags/chapter05/dags/02_branch_function.py
[2022-06-20 02:02:10,693] {processor.py:641} INFO - Processing file /opt/airflow/dags/chapter05/dags/02_branch_function.py for tasks to queue
[2022-06-20 02:02:10,695] {logging_mixin.py:115} INFO - [2022-06-20 02:02:10,695] {dagbag.py:507} INFO - Filling up the DagBag from /opt/airflow/dags/chapter05/dags/02_branch_function.py
[2022-06-20 02:02:10,706] {processor.py:651} INFO - DAG(s) dict_keys(['02_branch_function']) retrieved from /opt/airflow/dags/chapter05/dags/02_branch_function.py
[2022-06-20 02:02:10,727] {logging_mixin.py:115} INFO - [2022-06-20 02:02:10,727] {dag.py:2371} INFO - Sync 1 DAGs
[2022-06-20 02:02:10,826] {logging_mixin.py:115} INFO - [2022-06-20 02:02:10,826] {dag.py:2919} INFO - Setting next_dagrun for 02_branch_function to 2022-06-17T00:00:00+00:00, run_after=2022-06-18T00:00:00+00:00
[2022-06-20 02:02:10,833] {processor.py:161} INFO - Processing /opt/airflow/dags/chapter05/dags/02_branch_function.py took 0.144 seconds
[2022-06-20 02:02:41,620] {processor.py:153} INFO - Started process (PID=2206) to work on /opt/airflow/dags/chapter05/dags/02_branch_function.py
[2022-06-20 02:02:41,622] {processor.py:641} INFO - Processing file /opt/airflow/dags/chapter05/dags/02_branch_function.py for tasks to queue
[2022-06-20 02:02:41,623] {logging_mixin.py:115} INFO - [2022-06-20 02:02:41,623] {dagbag.py:507} INFO - Filling up the DagBag from /opt/airflow/dags/chapter05/dags/02_branch_function.py
[2022-06-20 02:02:41,634] {processor.py:651} INFO - DAG(s) dict_keys(['02_branch_function']) retrieved from /opt/airflow/dags/chapter05/dags/02_branch_function.py
[2022-06-20 02:02:41,751] {logging_mixin.py:115} INFO - [2022-06-20 02:02:41,751] {dag.py:2371} INFO - Sync 1 DAGs
[2022-06-20 02:02:41,763] {logging_mixin.py:115} INFO - [2022-06-20 02:02:41,763] {dag.py:2919} INFO - Setting next_dagrun for 02_branch_function to 2022-06-17T00:00:00+00:00, run_after=2022-06-18T00:00:00+00:00
[2022-06-20 02:02:41,771] {processor.py:161} INFO - Processing /opt/airflow/dags/chapter05/dags/02_branch_function.py took 0.154 seconds
[2022-06-20 02:03:12,085] {processor.py:153} INFO - Started process (PID=2295) to work on /opt/airflow/dags/chapter05/dags/02_branch_function.py
[2022-06-20 02:03:12,087] {processor.py:641} INFO - Processing file /opt/airflow/dags/chapter05/dags/02_branch_function.py for tasks to queue
[2022-06-20 02:03:12,088] {logging_mixin.py:115} INFO - [2022-06-20 02:03:12,088] {dagbag.py:507} INFO - Filling up the DagBag from /opt/airflow/dags/chapter05/dags/02_branch_function.py
[2022-06-20 02:03:12,101] {processor.py:651} INFO - DAG(s) dict_keys(['02_branch_function']) retrieved from /opt/airflow/dags/chapter05/dags/02_branch_function.py
[2022-06-20 02:03:12,117] {logging_mixin.py:115} INFO - [2022-06-20 02:03:12,117] {dag.py:2371} INFO - Sync 1 DAGs
[2022-06-20 02:03:12,210] {logging_mixin.py:115} INFO - [2022-06-20 02:03:12,210] {dag.py:2919} INFO - Setting next_dagrun for 02_branch_function to 2022-06-17T00:00:00+00:00, run_after=2022-06-18T00:00:00+00:00
[2022-06-20 02:03:12,218] {processor.py:161} INFO - Processing /opt/airflow/dags/chapter05/dags/02_branch_function.py took 0.135 seconds
[2022-06-20 02:03:42,656] {processor.py:153} INFO - Started process (PID=2384) to work on /opt/airflow/dags/chapter05/dags/02_branch_function.py
[2022-06-20 02:03:42,657] {processor.py:641} INFO - Processing file /opt/airflow/dags/chapter05/dags/02_branch_function.py for tasks to queue
[2022-06-20 02:03:42,658] {logging_mixin.py:115} INFO - [2022-06-20 02:03:42,658] {dagbag.py:507} INFO - Filling up the DagBag from /opt/airflow/dags/chapter05/dags/02_branch_function.py
[2022-06-20 02:03:42,668] {processor.py:651} INFO - DAG(s) dict_keys(['02_branch_function']) retrieved from /opt/airflow/dags/chapter05/dags/02_branch_function.py
[2022-06-20 02:03:42,781] {logging_mixin.py:115} INFO - [2022-06-20 02:03:42,781] {dag.py:2371} INFO - Sync 1 DAGs
[2022-06-20 02:03:42,793] {logging_mixin.py:115} INFO - [2022-06-20 02:03:42,793] {dag.py:2919} INFO - Setting next_dagrun for 02_branch_function to 2022-06-17T00:00:00+00:00, run_after=2022-06-18T00:00:00+00:00
[2022-06-20 02:03:42,800] {processor.py:161} INFO - Processing /opt/airflow/dags/chapter05/dags/02_branch_function.py took 0.146 seconds
[2022-06-20 02:04:13,433] {processor.py:153} INFO - Started process (PID=2474) to work on /opt/airflow/dags/chapter05/dags/02_branch_function.py
[2022-06-20 02:04:13,435] {processor.py:641} INFO - Processing file /opt/airflow/dags/chapter05/dags/02_branch_function.py for tasks to queue
[2022-06-20 02:04:13,436] {logging_mixin.py:115} INFO - [2022-06-20 02:04:13,436] {dagbag.py:507} INFO - Filling up the DagBag from /opt/airflow/dags/chapter05/dags/02_branch_function.py
[2022-06-20 02:04:13,447] {processor.py:651} INFO - DAG(s) dict_keys(['02_branch_function']) retrieved from /opt/airflow/dags/chapter05/dags/02_branch_function.py
[2022-06-20 02:04:13,460] {logging_mixin.py:115} INFO - [2022-06-20 02:04:13,460] {dag.py:2371} INFO - Sync 1 DAGs
[2022-06-20 02:04:13,566] {logging_mixin.py:115} INFO - [2022-06-20 02:04:13,566] {dag.py:2919} INFO - Setting next_dagrun for 02_branch_function to 2022-06-17T00:00:00+00:00, run_after=2022-06-18T00:00:00+00:00
[2022-06-20 02:04:13,576] {processor.py:161} INFO - Processing /opt/airflow/dags/chapter05/dags/02_branch_function.py took 0.145 seconds
[2022-06-20 02:04:43,965] {processor.py:153} INFO - Started process (PID=2553) to work on /opt/airflow/dags/chapter05/dags/02_branch_function.py
[2022-06-20 02:04:43,967] {processor.py:641} INFO - Processing file /opt/airflow/dags/chapter05/dags/02_branch_function.py for tasks to queue
[2022-06-20 02:04:43,968] {logging_mixin.py:115} INFO - [2022-06-20 02:04:43,968] {dagbag.py:507} INFO - Filling up the DagBag from /opt/airflow/dags/chapter05/dags/02_branch_function.py
[2022-06-20 02:04:43,979] {processor.py:651} INFO - DAG(s) dict_keys(['02_branch_function']) retrieved from /opt/airflow/dags/chapter05/dags/02_branch_function.py
[2022-06-20 02:04:44,104] {logging_mixin.py:115} INFO - [2022-06-20 02:04:44,104] {dag.py:2371} INFO - Sync 1 DAGs
[2022-06-20 02:04:44,121] {logging_mixin.py:115} INFO - [2022-06-20 02:04:44,121] {dag.py:2919} INFO - Setting next_dagrun for 02_branch_function to 2022-06-17T00:00:00+00:00, run_after=2022-06-18T00:00:00+00:00
[2022-06-20 02:04:44,136] {processor.py:161} INFO - Processing /opt/airflow/dags/chapter05/dags/02_branch_function.py took 0.173 seconds
[2022-06-20 02:05:15,234] {processor.py:153} INFO - Started process (PID=2644) to work on /opt/airflow/dags/chapter05/dags/02_branch_function.py
[2022-06-20 02:05:15,236] {processor.py:641} INFO - Processing file /opt/airflow/dags/chapter05/dags/02_branch_function.py for tasks to queue
[2022-06-20 02:05:15,237] {logging_mixin.py:115} INFO - [2022-06-20 02:05:15,237] {dagbag.py:507} INFO - Filling up the DagBag from /opt/airflow/dags/chapter05/dags/02_branch_function.py
[2022-06-20 02:05:15,255] {processor.py:651} INFO - DAG(s) dict_keys(['02_branch_function']) retrieved from /opt/airflow/dags/chapter05/dags/02_branch_function.py
[2022-06-20 02:05:15,273] {logging_mixin.py:115} INFO - [2022-06-20 02:05:15,273] {dag.py:2371} INFO - Sync 1 DAGs
[2022-06-20 02:05:15,384] {logging_mixin.py:115} INFO - [2022-06-20 02:05:15,384] {dag.py:2919} INFO - Setting next_dagrun for 02_branch_function to 2022-06-17T00:00:00+00:00, run_after=2022-06-18T00:00:00+00:00
[2022-06-20 02:05:15,393] {processor.py:161} INFO - Processing /opt/airflow/dags/chapter05/dags/02_branch_function.py took 0.162 seconds
