[2022-06-20 01:50:24,760] {processor.py:153} INFO - Started process (PID=88) to work on /opt/airflow/dags/chapter05/dags/06_condition_dag.py
[2022-06-20 01:50:24,762] {processor.py:641} INFO - Processing file /opt/airflow/dags/chapter05/dags/06_condition_dag.py for tasks to queue
[2022-06-20 01:50:24,764] {logging_mixin.py:115} INFO - [2022-06-20 01:50:24,764] {dagbag.py:507} INFO - Filling up the DagBag from /opt/airflow/dags/chapter05/dags/06_condition_dag.py
[2022-06-20 01:50:24,787] {processor.py:651} INFO - DAG(s) dict_keys(['06_condition_dag']) retrieved from /opt/airflow/dags/chapter05/dags/06_condition_dag.py
[2022-06-20 01:50:24,933] {logging_mixin.py:115} INFO - [2022-06-20 01:50:24,933] {manager.py:508} INFO - Created Permission View: can read on DAG:06_condition_dag
[2022-06-20 01:50:24,942] {logging_mixin.py:115} INFO - [2022-06-20 01:50:24,942] {manager.py:508} INFO - Created Permission View: can edit on DAG:06_condition_dag
[2022-06-20 01:50:24,949] {logging_mixin.py:115} INFO - [2022-06-20 01:50:24,949] {manager.py:508} INFO - Created Permission View: can delete on DAG:06_condition_dag
[2022-06-20 01:50:24,950] {logging_mixin.py:115} INFO - [2022-06-20 01:50:24,950] {dag.py:2371} INFO - Sync 1 DAGs
[2022-06-20 01:50:24,956] {logging_mixin.py:115} INFO - [2022-06-20 01:50:24,955] {dag.py:2390} INFO - Creating ORM DAG for 06_condition_dag
[2022-06-20 01:50:24,964] {logging_mixin.py:115} INFO - [2022-06-20 01:50:24,964] {dag.py:2919} INFO - Setting next_dagrun for 06_condition_dag to 2022-06-17T00:00:00+00:00, run_after=2022-06-18T00:00:00+00:00
[2022-06-20 01:50:24,974] {processor.py:161} INFO - Processing /opt/airflow/dags/chapter05/dags/06_condition_dag.py took 0.216 seconds
[2022-06-20 01:50:55,088] {processor.py:153} INFO - Started process (PID=177) to work on /opt/airflow/dags/chapter05/dags/06_condition_dag.py
[2022-06-20 01:50:55,089] {processor.py:641} INFO - Processing file /opt/airflow/dags/chapter05/dags/06_condition_dag.py for tasks to queue
[2022-06-20 01:50:55,090] {logging_mixin.py:115} INFO - [2022-06-20 01:50:55,090] {dagbag.py:507} INFO - Filling up the DagBag from /opt/airflow/dags/chapter05/dags/06_condition_dag.py
[2022-06-20 01:50:55,102] {processor.py:651} INFO - DAG(s) dict_keys(['06_condition_dag']) retrieved from /opt/airflow/dags/chapter05/dags/06_condition_dag.py
[2022-06-20 01:50:55,122] {logging_mixin.py:115} INFO - [2022-06-20 01:50:55,122] {dag.py:2371} INFO - Sync 1 DAGs
[2022-06-20 01:50:55,138] {logging_mixin.py:115} INFO - [2022-06-20 01:50:55,138] {dag.py:2919} INFO - Setting next_dagrun for 06_condition_dag to 2022-06-17T00:00:00+00:00, run_after=2022-06-18T00:00:00+00:00
[2022-06-20 01:50:55,243] {processor.py:161} INFO - Processing /opt/airflow/dags/chapter05/dags/06_condition_dag.py took 0.158 seconds
[2022-06-20 01:51:26,188] {processor.py:153} INFO - Started process (PID=285) to work on /opt/airflow/dags/chapter05/dags/06_condition_dag.py
[2022-06-20 01:51:26,190] {processor.py:641} INFO - Processing file /opt/airflow/dags/chapter05/dags/06_condition_dag.py for tasks to queue
[2022-06-20 01:51:26,192] {logging_mixin.py:115} INFO - [2022-06-20 01:51:26,192] {dagbag.py:507} INFO - Filling up the DagBag from /opt/airflow/dags/chapter05/dags/06_condition_dag.py
[2022-06-20 01:51:26,205] {processor.py:651} INFO - DAG(s) dict_keys(['06_condition_dag']) retrieved from /opt/airflow/dags/chapter05/dags/06_condition_dag.py
[2022-06-20 01:51:26,233] {logging_mixin.py:115} INFO - [2022-06-20 01:51:26,233] {dag.py:2371} INFO - Sync 1 DAGs
[2022-06-20 01:51:26,250] {logging_mixin.py:115} INFO - [2022-06-20 01:51:26,249] {dag.py:2919} INFO - Setting next_dagrun for 06_condition_dag to 2022-06-17T00:00:00+00:00, run_after=2022-06-18T00:00:00+00:00
[2022-06-20 01:51:26,341] {processor.py:161} INFO - Processing /opt/airflow/dags/chapter05/dags/06_condition_dag.py took 0.157 seconds
[2022-06-20 01:51:57,391] {processor.py:153} INFO - Started process (PID=364) to work on /opt/airflow/dags/chapter05/dags/06_condition_dag.py
[2022-06-20 01:51:57,393] {processor.py:641} INFO - Processing file /opt/airflow/dags/chapter05/dags/06_condition_dag.py for tasks to queue
[2022-06-20 01:51:57,395] {logging_mixin.py:115} INFO - [2022-06-20 01:51:57,394] {dagbag.py:507} INFO - Filling up the DagBag from /opt/airflow/dags/chapter05/dags/06_condition_dag.py
[2022-06-20 01:51:57,407] {processor.py:651} INFO - DAG(s) dict_keys(['06_condition_dag']) retrieved from /opt/airflow/dags/chapter05/dags/06_condition_dag.py
[2022-06-20 01:51:57,430] {logging_mixin.py:115} INFO - [2022-06-20 01:51:57,430] {dag.py:2371} INFO - Sync 1 DAGs
[2022-06-20 01:51:57,446] {logging_mixin.py:115} INFO - [2022-06-20 01:51:57,446] {dag.py:2919} INFO - Setting next_dagrun for 06_condition_dag to 2022-06-17T00:00:00+00:00, run_after=2022-06-18T00:00:00+00:00
[2022-06-20 01:51:57,542] {processor.py:161} INFO - Processing /opt/airflow/dags/chapter05/dags/06_condition_dag.py took 0.153 seconds
[2022-06-20 01:52:27,936] {processor.py:153} INFO - Started process (PID=453) to work on /opt/airflow/dags/chapter05/dags/06_condition_dag.py
[2022-06-20 01:52:27,938] {processor.py:641} INFO - Processing file /opt/airflow/dags/chapter05/dags/06_condition_dag.py for tasks to queue
[2022-06-20 01:52:27,939] {logging_mixin.py:115} INFO - [2022-06-20 01:52:27,939] {dagbag.py:507} INFO - Filling up the DagBag from /opt/airflow/dags/chapter05/dags/06_condition_dag.py
[2022-06-20 01:52:27,952] {processor.py:651} INFO - DAG(s) dict_keys(['06_condition_dag']) retrieved from /opt/airflow/dags/chapter05/dags/06_condition_dag.py
[2022-06-20 01:52:27,974] {logging_mixin.py:115} INFO - [2022-06-20 01:52:27,974] {dag.py:2371} INFO - Sync 1 DAGs
[2022-06-20 01:52:27,991] {logging_mixin.py:115} INFO - [2022-06-20 01:52:27,991] {dag.py:2919} INFO - Setting next_dagrun for 06_condition_dag to 2022-06-17T00:00:00+00:00, run_after=2022-06-18T00:00:00+00:00
[2022-06-20 01:52:28,152] {processor.py:161} INFO - Processing /opt/airflow/dags/chapter05/dags/06_condition_dag.py took 0.218 seconds
[2022-06-20 01:52:58,294] {processor.py:153} INFO - Started process (PID=542) to work on /opt/airflow/dags/chapter05/dags/06_condition_dag.py
[2022-06-20 01:52:58,296] {processor.py:641} INFO - Processing file /opt/airflow/dags/chapter05/dags/06_condition_dag.py for tasks to queue
[2022-06-20 01:52:58,297] {logging_mixin.py:115} INFO - [2022-06-20 01:52:58,297] {dagbag.py:507} INFO - Filling up the DagBag from /opt/airflow/dags/chapter05/dags/06_condition_dag.py
[2022-06-20 01:52:58,311] {processor.py:651} INFO - DAG(s) dict_keys(['06_condition_dag']) retrieved from /opt/airflow/dags/chapter05/dags/06_condition_dag.py
[2022-06-20 01:52:58,334] {logging_mixin.py:115} INFO - [2022-06-20 01:52:58,334] {dag.py:2371} INFO - Sync 1 DAGs
[2022-06-20 01:52:58,350] {logging_mixin.py:115} INFO - [2022-06-20 01:52:58,350] {dag.py:2919} INFO - Setting next_dagrun for 06_condition_dag to 2022-06-17T00:00:00+00:00, run_after=2022-06-18T00:00:00+00:00
[2022-06-20 01:52:58,437] {processor.py:161} INFO - Processing /opt/airflow/dags/chapter05/dags/06_condition_dag.py took 0.146 seconds
[2022-06-20 01:53:28,947] {processor.py:153} INFO - Started process (PID=631) to work on /opt/airflow/dags/chapter05/dags/06_condition_dag.py
[2022-06-20 01:53:28,950] {processor.py:641} INFO - Processing file /opt/airflow/dags/chapter05/dags/06_condition_dag.py for tasks to queue
[2022-06-20 01:53:28,952] {logging_mixin.py:115} INFO - [2022-06-20 01:53:28,952] {dagbag.py:507} INFO - Filling up the DagBag from /opt/airflow/dags/chapter05/dags/06_condition_dag.py
[2022-06-20 01:53:28,968] {processor.py:651} INFO - DAG(s) dict_keys(['06_condition_dag']) retrieved from /opt/airflow/dags/chapter05/dags/06_condition_dag.py
[2022-06-20 01:53:28,992] {logging_mixin.py:115} INFO - [2022-06-20 01:53:28,992] {dag.py:2371} INFO - Sync 1 DAGs
[2022-06-20 01:53:29,010] {logging_mixin.py:115} INFO - [2022-06-20 01:53:29,010] {dag.py:2919} INFO - Setting next_dagrun for 06_condition_dag to 2022-06-17T00:00:00+00:00, run_after=2022-06-18T00:00:00+00:00
[2022-06-20 01:53:29,127] {processor.py:161} INFO - Processing /opt/airflow/dags/chapter05/dags/06_condition_dag.py took 0.183 seconds
[2022-06-20 01:53:59,499] {processor.py:153} INFO - Started process (PID=720) to work on /opt/airflow/dags/chapter05/dags/06_condition_dag.py
[2022-06-20 01:53:59,503] {processor.py:641} INFO - Processing file /opt/airflow/dags/chapter05/dags/06_condition_dag.py for tasks to queue
[2022-06-20 01:53:59,505] {logging_mixin.py:115} INFO - [2022-06-20 01:53:59,505] {dagbag.py:507} INFO - Filling up the DagBag from /opt/airflow/dags/chapter05/dags/06_condition_dag.py
[2022-06-20 01:53:59,522] {processor.py:651} INFO - DAG(s) dict_keys(['06_condition_dag']) retrieved from /opt/airflow/dags/chapter05/dags/06_condition_dag.py
[2022-06-20 01:53:59,546] {logging_mixin.py:115} INFO - [2022-06-20 01:53:59,546] {dag.py:2371} INFO - Sync 1 DAGs
[2022-06-20 01:53:59,564] {logging_mixin.py:115} INFO - [2022-06-20 01:53:59,564] {dag.py:2919} INFO - Setting next_dagrun for 06_condition_dag to 2022-06-17T00:00:00+00:00, run_after=2022-06-18T00:00:00+00:00
[2022-06-20 01:53:59,654] {processor.py:161} INFO - Processing /opt/airflow/dags/chapter05/dags/06_condition_dag.py took 0.159 seconds
[2022-06-20 01:54:29,700] {processor.py:153} INFO - Started process (PID=808) to work on /opt/airflow/dags/chapter05/dags/06_condition_dag.py
[2022-06-20 01:54:29,704] {processor.py:641} INFO - Processing file /opt/airflow/dags/chapter05/dags/06_condition_dag.py for tasks to queue
[2022-06-20 01:54:29,707] {logging_mixin.py:115} INFO - [2022-06-20 01:54:29,707] {dagbag.py:507} INFO - Filling up the DagBag from /opt/airflow/dags/chapter05/dags/06_condition_dag.py
[2022-06-20 01:54:29,760] {processor.py:651} INFO - DAG(s) dict_keys(['06_condition_dag']) retrieved from /opt/airflow/dags/chapter05/dags/06_condition_dag.py
[2022-06-20 01:54:29,788] {logging_mixin.py:115} INFO - [2022-06-20 01:54:29,788] {dag.py:2371} INFO - Sync 1 DAGs
[2022-06-20 01:54:29,817] {logging_mixin.py:115} INFO - [2022-06-20 01:54:29,817] {dag.py:2919} INFO - Setting next_dagrun for 06_condition_dag to 2022-06-17T00:00:00+00:00, run_after=2022-06-18T00:00:00+00:00
[2022-06-20 01:54:29,903] {processor.py:161} INFO - Processing /opt/airflow/dags/chapter05/dags/06_condition_dag.py took 0.206 seconds
[2022-06-20 01:55:00,603] {processor.py:153} INFO - Started process (PID=888) to work on /opt/airflow/dags/chapter05/dags/06_condition_dag.py
[2022-06-20 01:55:00,605] {processor.py:641} INFO - Processing file /opt/airflow/dags/chapter05/dags/06_condition_dag.py for tasks to queue
[2022-06-20 01:55:00,606] {logging_mixin.py:115} INFO - [2022-06-20 01:55:00,606] {dagbag.py:507} INFO - Filling up the DagBag from /opt/airflow/dags/chapter05/dags/06_condition_dag.py
[2022-06-20 01:55:00,618] {processor.py:651} INFO - DAG(s) dict_keys(['06_condition_dag']) retrieved from /opt/airflow/dags/chapter05/dags/06_condition_dag.py
[2022-06-20 01:55:00,637] {logging_mixin.py:115} INFO - [2022-06-20 01:55:00,637] {dag.py:2371} INFO - Sync 1 DAGs
[2022-06-20 01:55:00,651] {logging_mixin.py:115} INFO - [2022-06-20 01:55:00,651] {dag.py:2919} INFO - Setting next_dagrun for 06_condition_dag to 2022-06-17T00:00:00+00:00, run_after=2022-06-18T00:00:00+00:00
[2022-06-20 01:55:00,739] {processor.py:161} INFO - Processing /opt/airflow/dags/chapter05/dags/06_condition_dag.py took 0.138 seconds
[2022-06-20 01:55:31,154] {processor.py:153} INFO - Started process (PID=978) to work on /opt/airflow/dags/chapter05/dags/06_condition_dag.py
[2022-06-20 01:55:31,156] {processor.py:641} INFO - Processing file /opt/airflow/dags/chapter05/dags/06_condition_dag.py for tasks to queue
[2022-06-20 01:55:31,157] {logging_mixin.py:115} INFO - [2022-06-20 01:55:31,157] {dagbag.py:507} INFO - Filling up the DagBag from /opt/airflow/dags/chapter05/dags/06_condition_dag.py
[2022-06-20 01:55:31,168] {processor.py:651} INFO - DAG(s) dict_keys(['06_condition_dag']) retrieved from /opt/airflow/dags/chapter05/dags/06_condition_dag.py
[2022-06-20 01:55:31,190] {logging_mixin.py:115} INFO - [2022-06-20 01:55:31,190] {dag.py:2371} INFO - Sync 1 DAGs
[2022-06-20 01:55:31,287] {logging_mixin.py:115} INFO - [2022-06-20 01:55:31,287] {dag.py:2919} INFO - Setting next_dagrun for 06_condition_dag to 2022-06-17T00:00:00+00:00, run_after=2022-06-18T00:00:00+00:00
[2022-06-20 01:55:31,297] {processor.py:161} INFO - Processing /opt/airflow/dags/chapter05/dags/06_condition_dag.py took 0.145 seconds
[2022-06-20 01:56:01,470] {processor.py:153} INFO - Started process (PID=1067) to work on /opt/airflow/dags/chapter05/dags/06_condition_dag.py
[2022-06-20 01:56:01,472] {processor.py:641} INFO - Processing file /opt/airflow/dags/chapter05/dags/06_condition_dag.py for tasks to queue
[2022-06-20 01:56:01,474] {logging_mixin.py:115} INFO - [2022-06-20 01:56:01,474] {dagbag.py:507} INFO - Filling up the DagBag from /opt/airflow/dags/chapter05/dags/06_condition_dag.py
[2022-06-20 01:56:01,488] {processor.py:651} INFO - DAG(s) dict_keys(['06_condition_dag']) retrieved from /opt/airflow/dags/chapter05/dags/06_condition_dag.py
[2022-06-20 01:56:01,511] {logging_mixin.py:115} INFO - [2022-06-20 01:56:01,511] {dag.py:2371} INFO - Sync 1 DAGs
[2022-06-20 01:56:01,621] {logging_mixin.py:115} INFO - [2022-06-20 01:56:01,621] {dag.py:2919} INFO - Setting next_dagrun for 06_condition_dag to 2022-06-17T00:00:00+00:00, run_after=2022-06-18T00:00:00+00:00
[2022-06-20 01:56:01,636] {processor.py:161} INFO - Processing /opt/airflow/dags/chapter05/dags/06_condition_dag.py took 0.169 seconds
[2022-06-20 01:56:32,085] {processor.py:153} INFO - Started process (PID=1156) to work on /opt/airflow/dags/chapter05/dags/06_condition_dag.py
[2022-06-20 01:56:32,087] {processor.py:641} INFO - Processing file /opt/airflow/dags/chapter05/dags/06_condition_dag.py for tasks to queue
[2022-06-20 01:56:32,088] {logging_mixin.py:115} INFO - [2022-06-20 01:56:32,088] {dagbag.py:507} INFO - Filling up the DagBag from /opt/airflow/dags/chapter05/dags/06_condition_dag.py
[2022-06-20 01:56:32,100] {processor.py:651} INFO - DAG(s) dict_keys(['06_condition_dag']) retrieved from /opt/airflow/dags/chapter05/dags/06_condition_dag.py
[2022-06-20 01:56:32,121] {logging_mixin.py:115} INFO - [2022-06-20 01:56:32,121] {dag.py:2371} INFO - Sync 1 DAGs
[2022-06-20 01:56:32,212] {logging_mixin.py:115} INFO - [2022-06-20 01:56:32,212] {dag.py:2919} INFO - Setting next_dagrun for 06_condition_dag to 2022-06-17T00:00:00+00:00, run_after=2022-06-18T00:00:00+00:00
[2022-06-20 01:56:32,220] {processor.py:161} INFO - Processing /opt/airflow/dags/chapter05/dags/06_condition_dag.py took 0.138 seconds
[2022-06-20 01:57:03,173] {processor.py:153} INFO - Started process (PID=1245) to work on /opt/airflow/dags/chapter05/dags/06_condition_dag.py
[2022-06-20 01:57:03,184] {processor.py:641} INFO - Processing file /opt/airflow/dags/chapter05/dags/06_condition_dag.py for tasks to queue
[2022-06-20 01:57:03,186] {logging_mixin.py:115} INFO - [2022-06-20 01:57:03,186] {dagbag.py:507} INFO - Filling up the DagBag from /opt/airflow/dags/chapter05/dags/06_condition_dag.py
[2022-06-20 01:57:03,200] {processor.py:651} INFO - DAG(s) dict_keys(['06_condition_dag']) retrieved from /opt/airflow/dags/chapter05/dags/06_condition_dag.py
[2022-06-20 01:57:03,220] {logging_mixin.py:115} INFO - [2022-06-20 01:57:03,220] {dag.py:2371} INFO - Sync 1 DAGs
[2022-06-20 01:57:03,327] {logging_mixin.py:115} INFO - [2022-06-20 01:57:03,327] {dag.py:2919} INFO - Setting next_dagrun for 06_condition_dag to 2022-06-17T00:00:00+00:00, run_after=2022-06-18T00:00:00+00:00
[2022-06-20 01:57:03,338] {processor.py:161} INFO - Processing /opt/airflow/dags/chapter05/dags/06_condition_dag.py took 0.167 seconds
[2022-06-20 01:57:33,960] {processor.py:153} INFO - Started process (PID=1334) to work on /opt/airflow/dags/chapter05/dags/06_condition_dag.py
[2022-06-20 01:57:33,962] {processor.py:641} INFO - Processing file /opt/airflow/dags/chapter05/dags/06_condition_dag.py for tasks to queue
[2022-06-20 01:57:33,963] {logging_mixin.py:115} INFO - [2022-06-20 01:57:33,963] {dagbag.py:507} INFO - Filling up the DagBag from /opt/airflow/dags/chapter05/dags/06_condition_dag.py
[2022-06-20 01:57:33,972] {processor.py:651} INFO - DAG(s) dict_keys(['06_condition_dag']) retrieved from /opt/airflow/dags/chapter05/dags/06_condition_dag.py
[2022-06-20 01:57:33,990] {logging_mixin.py:115} INFO - [2022-06-20 01:57:33,990] {dag.py:2371} INFO - Sync 1 DAGs
[2022-06-20 01:57:34,069] {logging_mixin.py:115} INFO - [2022-06-20 01:57:34,069] {dag.py:2919} INFO - Setting next_dagrun for 06_condition_dag to 2022-06-17T00:00:00+00:00, run_after=2022-06-18T00:00:00+00:00
[2022-06-20 01:57:34,076] {processor.py:161} INFO - Processing /opt/airflow/dags/chapter05/dags/06_condition_dag.py took 0.117 seconds
[2022-06-20 01:58:04,937] {processor.py:153} INFO - Started process (PID=1423) to work on /opt/airflow/dags/chapter05/dags/06_condition_dag.py
[2022-06-20 01:58:04,939] {processor.py:641} INFO - Processing file /opt/airflow/dags/chapter05/dags/06_condition_dag.py for tasks to queue
[2022-06-20 01:58:04,940] {logging_mixin.py:115} INFO - [2022-06-20 01:58:04,940] {dagbag.py:507} INFO - Filling up the DagBag from /opt/airflow/dags/chapter05/dags/06_condition_dag.py
[2022-06-20 01:58:04,952] {processor.py:651} INFO - DAG(s) dict_keys(['06_condition_dag']) retrieved from /opt/airflow/dags/chapter05/dags/06_condition_dag.py
[2022-06-20 01:58:04,978] {logging_mixin.py:115} INFO - [2022-06-20 01:58:04,978] {dag.py:2371} INFO - Sync 1 DAGs
[2022-06-20 01:58:05,081] {logging_mixin.py:115} INFO - [2022-06-20 01:58:05,081] {dag.py:2919} INFO - Setting next_dagrun for 06_condition_dag to 2022-06-17T00:00:00+00:00, run_after=2022-06-18T00:00:00+00:00
[2022-06-20 01:58:05,091] {processor.py:161} INFO - Processing /opt/airflow/dags/chapter05/dags/06_condition_dag.py took 0.156 seconds
[2022-06-20 01:58:35,831] {processor.py:153} INFO - Started process (PID=1502) to work on /opt/airflow/dags/chapter05/dags/06_condition_dag.py
[2022-06-20 01:58:35,832] {processor.py:641} INFO - Processing file /opt/airflow/dags/chapter05/dags/06_condition_dag.py for tasks to queue
[2022-06-20 01:58:35,834] {logging_mixin.py:115} INFO - [2022-06-20 01:58:35,834] {dagbag.py:507} INFO - Filling up the DagBag from /opt/airflow/dags/chapter05/dags/06_condition_dag.py
[2022-06-20 01:58:35,847] {processor.py:651} INFO - DAG(s) dict_keys(['06_condition_dag']) retrieved from /opt/airflow/dags/chapter05/dags/06_condition_dag.py
[2022-06-20 01:58:35,868] {logging_mixin.py:115} INFO - [2022-06-20 01:58:35,867] {dag.py:2371} INFO - Sync 1 DAGs
[2022-06-20 01:58:35,962] {logging_mixin.py:115} INFO - [2022-06-20 01:58:35,962] {dag.py:2919} INFO - Setting next_dagrun for 06_condition_dag to 2022-06-17T00:00:00+00:00, run_after=2022-06-18T00:00:00+00:00
[2022-06-20 01:58:35,972] {processor.py:161} INFO - Processing /opt/airflow/dags/chapter05/dags/06_condition_dag.py took 0.144 seconds
[2022-06-20 01:59:06,456] {processor.py:153} INFO - Started process (PID=1591) to work on /opt/airflow/dags/chapter05/dags/06_condition_dag.py
[2022-06-20 01:59:06,458] {processor.py:641} INFO - Processing file /opt/airflow/dags/chapter05/dags/06_condition_dag.py for tasks to queue
[2022-06-20 01:59:06,459] {logging_mixin.py:115} INFO - [2022-06-20 01:59:06,459] {dagbag.py:507} INFO - Filling up the DagBag from /opt/airflow/dags/chapter05/dags/06_condition_dag.py
[2022-06-20 01:59:06,470] {processor.py:651} INFO - DAG(s) dict_keys(['06_condition_dag']) retrieved from /opt/airflow/dags/chapter05/dags/06_condition_dag.py
[2022-06-20 01:59:06,492] {logging_mixin.py:115} INFO - [2022-06-20 01:59:06,492] {dag.py:2371} INFO - Sync 1 DAGs
[2022-06-20 01:59:06,587] {logging_mixin.py:115} INFO - [2022-06-20 01:59:06,587] {dag.py:2919} INFO - Setting next_dagrun for 06_condition_dag to 2022-06-17T00:00:00+00:00, run_after=2022-06-18T00:00:00+00:00
[2022-06-20 01:59:06,597] {processor.py:161} INFO - Processing /opt/airflow/dags/chapter05/dags/06_condition_dag.py took 0.143 seconds
[2022-06-20 01:59:37,041] {processor.py:153} INFO - Started process (PID=1680) to work on /opt/airflow/dags/chapter05/dags/06_condition_dag.py
[2022-06-20 01:59:37,043] {processor.py:641} INFO - Processing file /opt/airflow/dags/chapter05/dags/06_condition_dag.py for tasks to queue
[2022-06-20 01:59:37,045] {logging_mixin.py:115} INFO - [2022-06-20 01:59:37,044] {dagbag.py:507} INFO - Filling up the DagBag from /opt/airflow/dags/chapter05/dags/06_condition_dag.py
[2022-06-20 01:59:37,056] {processor.py:651} INFO - DAG(s) dict_keys(['06_condition_dag']) retrieved from /opt/airflow/dags/chapter05/dags/06_condition_dag.py
[2022-06-20 01:59:37,075] {logging_mixin.py:115} INFO - [2022-06-20 01:59:37,075] {dag.py:2371} INFO - Sync 1 DAGs
[2022-06-20 01:59:37,162] {logging_mixin.py:115} INFO - [2022-06-20 01:59:37,162] {dag.py:2919} INFO - Setting next_dagrun for 06_condition_dag to 2022-06-17T00:00:00+00:00, run_after=2022-06-18T00:00:00+00:00
[2022-06-20 01:59:37,170] {processor.py:161} INFO - Processing /opt/airflow/dags/chapter05/dags/06_condition_dag.py took 0.132 seconds
[2022-06-20 02:00:07,666] {processor.py:153} INFO - Started process (PID=1767) to work on /opt/airflow/dags/chapter05/dags/06_condition_dag.py
[2022-06-20 02:00:07,668] {processor.py:641} INFO - Processing file /opt/airflow/dags/chapter05/dags/06_condition_dag.py for tasks to queue
[2022-06-20 02:00:07,669] {logging_mixin.py:115} INFO - [2022-06-20 02:00:07,669] {dagbag.py:507} INFO - Filling up the DagBag from /opt/airflow/dags/chapter05/dags/06_condition_dag.py
[2022-06-20 02:00:07,680] {processor.py:651} INFO - DAG(s) dict_keys(['06_condition_dag']) retrieved from /opt/airflow/dags/chapter05/dags/06_condition_dag.py
[2022-06-20 02:00:07,706] {logging_mixin.py:115} INFO - [2022-06-20 02:00:07,706] {dag.py:2371} INFO - Sync 1 DAGs
[2022-06-20 02:00:07,793] {logging_mixin.py:115} INFO - [2022-06-20 02:00:07,793] {dag.py:2919} INFO - Setting next_dagrun for 06_condition_dag to 2022-06-17T00:00:00+00:00, run_after=2022-06-18T00:00:00+00:00
[2022-06-20 02:00:07,804] {processor.py:161} INFO - Processing /opt/airflow/dags/chapter05/dags/06_condition_dag.py took 0.140 seconds
[2022-06-20 02:00:38,535] {processor.py:153} INFO - Started process (PID=1857) to work on /opt/airflow/dags/chapter05/dags/06_condition_dag.py
[2022-06-20 02:00:38,537] {processor.py:641} INFO - Processing file /opt/airflow/dags/chapter05/dags/06_condition_dag.py for tasks to queue
[2022-06-20 02:00:38,538] {logging_mixin.py:115} INFO - [2022-06-20 02:00:38,538] {dagbag.py:507} INFO - Filling up the DagBag from /opt/airflow/dags/chapter05/dags/06_condition_dag.py
[2022-06-20 02:00:38,549] {processor.py:651} INFO - DAG(s) dict_keys(['06_condition_dag']) retrieved from /opt/airflow/dags/chapter05/dags/06_condition_dag.py
[2022-06-20 02:00:38,568] {logging_mixin.py:115} INFO - [2022-06-20 02:00:38,568] {dag.py:2371} INFO - Sync 1 DAGs
[2022-06-20 02:00:38,645] {logging_mixin.py:115} INFO - [2022-06-20 02:00:38,645] {dag.py:2919} INFO - Setting next_dagrun for 06_condition_dag to 2022-06-17T00:00:00+00:00, run_after=2022-06-18T00:00:00+00:00
[2022-06-20 02:00:38,652] {processor.py:161} INFO - Processing /opt/airflow/dags/chapter05/dags/06_condition_dag.py took 0.119 seconds
[2022-06-20 02:01:08,957] {processor.py:153} INFO - Started process (PID=1945) to work on /opt/airflow/dags/chapter05/dags/06_condition_dag.py
[2022-06-20 02:01:08,961] {processor.py:641} INFO - Processing file /opt/airflow/dags/chapter05/dags/06_condition_dag.py for tasks to queue
[2022-06-20 02:01:08,963] {logging_mixin.py:115} INFO - [2022-06-20 02:01:08,963] {dagbag.py:507} INFO - Filling up the DagBag from /opt/airflow/dags/chapter05/dags/06_condition_dag.py
[2022-06-20 02:01:08,980] {processor.py:651} INFO - DAG(s) dict_keys(['06_condition_dag']) retrieved from /opt/airflow/dags/chapter05/dags/06_condition_dag.py
[2022-06-20 02:01:09,013] {logging_mixin.py:115} INFO - [2022-06-20 02:01:09,013] {dag.py:2371} INFO - Sync 1 DAGs
[2022-06-20 02:01:09,133] {logging_mixin.py:115} INFO - [2022-06-20 02:01:09,133] {dag.py:2919} INFO - Setting next_dagrun for 06_condition_dag to 2022-06-17T00:00:00+00:00, run_after=2022-06-18T00:00:00+00:00
[2022-06-20 02:01:09,143] {processor.py:161} INFO - Processing /opt/airflow/dags/chapter05/dags/06_condition_dag.py took 0.190 seconds
[2022-06-20 02:01:39,643] {processor.py:153} INFO - Started process (PID=2023) to work on /opt/airflow/dags/chapter05/dags/06_condition_dag.py
[2022-06-20 02:01:39,646] {processor.py:641} INFO - Processing file /opt/airflow/dags/chapter05/dags/06_condition_dag.py for tasks to queue
[2022-06-20 02:01:39,648] {logging_mixin.py:115} INFO - [2022-06-20 02:01:39,648] {dagbag.py:507} INFO - Filling up the DagBag from /opt/airflow/dags/chapter05/dags/06_condition_dag.py
[2022-06-20 02:01:39,658] {processor.py:651} INFO - DAG(s) dict_keys(['06_condition_dag']) retrieved from /opt/airflow/dags/chapter05/dags/06_condition_dag.py
[2022-06-20 02:01:39,678] {logging_mixin.py:115} INFO - [2022-06-20 02:01:39,678] {dag.py:2371} INFO - Sync 1 DAGs
[2022-06-20 02:01:39,780] {logging_mixin.py:115} INFO - [2022-06-20 02:01:39,780] {dag.py:2919} INFO - Setting next_dagrun for 06_condition_dag to 2022-06-17T00:00:00+00:00, run_after=2022-06-18T00:00:00+00:00
[2022-06-20 02:01:39,790] {processor.py:161} INFO - Processing /opt/airflow/dags/chapter05/dags/06_condition_dag.py took 0.150 seconds
[2022-06-20 02:02:10,332] {processor.py:153} INFO - Started process (PID=2112) to work on /opt/airflow/dags/chapter05/dags/06_condition_dag.py
[2022-06-20 02:02:10,333] {processor.py:641} INFO - Processing file /opt/airflow/dags/chapter05/dags/06_condition_dag.py for tasks to queue
[2022-06-20 02:02:10,334] {logging_mixin.py:115} INFO - [2022-06-20 02:02:10,334] {dagbag.py:507} INFO - Filling up the DagBag from /opt/airflow/dags/chapter05/dags/06_condition_dag.py
[2022-06-20 02:02:10,348] {processor.py:651} INFO - DAG(s) dict_keys(['06_condition_dag']) retrieved from /opt/airflow/dags/chapter05/dags/06_condition_dag.py
[2022-06-20 02:02:10,370] {logging_mixin.py:115} INFO - [2022-06-20 02:02:10,370] {dag.py:2371} INFO - Sync 1 DAGs
[2022-06-20 02:02:10,461] {logging_mixin.py:115} INFO - [2022-06-20 02:02:10,461] {dag.py:2919} INFO - Setting next_dagrun for 06_condition_dag to 2022-06-17T00:00:00+00:00, run_after=2022-06-18T00:00:00+00:00
[2022-06-20 02:02:10,470] {processor.py:161} INFO - Processing /opt/airflow/dags/chapter05/dags/06_condition_dag.py took 0.140 seconds
[2022-06-20 02:02:41,172] {processor.py:153} INFO - Started process (PID=2201) to work on /opt/airflow/dags/chapter05/dags/06_condition_dag.py
[2022-06-20 02:02:41,174] {processor.py:641} INFO - Processing file /opt/airflow/dags/chapter05/dags/06_condition_dag.py for tasks to queue
[2022-06-20 02:02:41,175] {logging_mixin.py:115} INFO - [2022-06-20 02:02:41,175] {dagbag.py:507} INFO - Filling up the DagBag from /opt/airflow/dags/chapter05/dags/06_condition_dag.py
[2022-06-20 02:02:41,187] {processor.py:651} INFO - DAG(s) dict_keys(['06_condition_dag']) retrieved from /opt/airflow/dags/chapter05/dags/06_condition_dag.py
[2022-06-20 02:02:41,208] {logging_mixin.py:115} INFO - [2022-06-20 02:02:41,208] {dag.py:2371} INFO - Sync 1 DAGs
[2022-06-20 02:02:41,293] {logging_mixin.py:115} INFO - [2022-06-20 02:02:41,293] {dag.py:2919} INFO - Setting next_dagrun for 06_condition_dag to 2022-06-17T00:00:00+00:00, run_after=2022-06-18T00:00:00+00:00
[2022-06-20 02:02:41,300] {processor.py:161} INFO - Processing /opt/airflow/dags/chapter05/dags/06_condition_dag.py took 0.131 seconds
[2022-06-20 02:03:11,627] {processor.py:153} INFO - Started process (PID=2290) to work on /opt/airflow/dags/chapter05/dags/06_condition_dag.py
[2022-06-20 02:03:11,629] {processor.py:641} INFO - Processing file /opt/airflow/dags/chapter05/dags/06_condition_dag.py for tasks to queue
[2022-06-20 02:03:11,631] {logging_mixin.py:115} INFO - [2022-06-20 02:03:11,631] {dagbag.py:507} INFO - Filling up the DagBag from /opt/airflow/dags/chapter05/dags/06_condition_dag.py
[2022-06-20 02:03:11,643] {processor.py:651} INFO - DAG(s) dict_keys(['06_condition_dag']) retrieved from /opt/airflow/dags/chapter05/dags/06_condition_dag.py
[2022-06-20 02:03:11,664] {logging_mixin.py:115} INFO - [2022-06-20 02:03:11,664] {dag.py:2371} INFO - Sync 1 DAGs
[2022-06-20 02:03:11,756] {logging_mixin.py:115} INFO - [2022-06-20 02:03:11,755] {dag.py:2919} INFO - Setting next_dagrun for 06_condition_dag to 2022-06-17T00:00:00+00:00, run_after=2022-06-18T00:00:00+00:00
[2022-06-20 02:03:11,765] {processor.py:161} INFO - Processing /opt/airflow/dags/chapter05/dags/06_condition_dag.py took 0.141 seconds
[2022-06-20 02:03:42,210] {processor.py:153} INFO - Started process (PID=2379) to work on /opt/airflow/dags/chapter05/dags/06_condition_dag.py
[2022-06-20 02:03:42,211] {processor.py:641} INFO - Processing file /opt/airflow/dags/chapter05/dags/06_condition_dag.py for tasks to queue
[2022-06-20 02:03:42,213] {logging_mixin.py:115} INFO - [2022-06-20 02:03:42,212] {dagbag.py:507} INFO - Filling up the DagBag from /opt/airflow/dags/chapter05/dags/06_condition_dag.py
[2022-06-20 02:03:42,224] {processor.py:651} INFO - DAG(s) dict_keys(['06_condition_dag']) retrieved from /opt/airflow/dags/chapter05/dags/06_condition_dag.py
[2022-06-20 02:03:42,245] {logging_mixin.py:115} INFO - [2022-06-20 02:03:42,245] {dag.py:2371} INFO - Sync 1 DAGs
[2022-06-20 02:03:42,329] {logging_mixin.py:115} INFO - [2022-06-20 02:03:42,329] {dag.py:2919} INFO - Setting next_dagrun for 06_condition_dag to 2022-06-17T00:00:00+00:00, run_after=2022-06-18T00:00:00+00:00
[2022-06-20 02:03:42,337] {processor.py:161} INFO - Processing /opt/airflow/dags/chapter05/dags/06_condition_dag.py took 0.129 seconds
[2022-06-20 02:04:12,991] {processor.py:153} INFO - Started process (PID=2469) to work on /opt/airflow/dags/chapter05/dags/06_condition_dag.py
[2022-06-20 02:04:12,993] {processor.py:641} INFO - Processing file /opt/airflow/dags/chapter05/dags/06_condition_dag.py for tasks to queue
[2022-06-20 02:04:12,994] {logging_mixin.py:115} INFO - [2022-06-20 02:04:12,994] {dagbag.py:507} INFO - Filling up the DagBag from /opt/airflow/dags/chapter05/dags/06_condition_dag.py
[2022-06-20 02:04:13,005] {processor.py:651} INFO - DAG(s) dict_keys(['06_condition_dag']) retrieved from /opt/airflow/dags/chapter05/dags/06_condition_dag.py
[2022-06-20 02:04:13,025] {logging_mixin.py:115} INFO - [2022-06-20 02:04:13,025] {dag.py:2371} INFO - Sync 1 DAGs
[2022-06-20 02:04:13,110] {logging_mixin.py:115} INFO - [2022-06-20 02:04:13,110] {dag.py:2919} INFO - Setting next_dagrun for 06_condition_dag to 2022-06-17T00:00:00+00:00, run_after=2022-06-18T00:00:00+00:00
[2022-06-20 02:04:13,118] {processor.py:161} INFO - Processing /opt/airflow/dags/chapter05/dags/06_condition_dag.py took 0.129 seconds
[2022-06-20 02:04:43,610] {processor.py:153} INFO - Started process (PID=2548) to work on /opt/airflow/dags/chapter05/dags/06_condition_dag.py
[2022-06-20 02:04:43,611] {processor.py:641} INFO - Processing file /opt/airflow/dags/chapter05/dags/06_condition_dag.py for tasks to queue
[2022-06-20 02:04:43,613] {logging_mixin.py:115} INFO - [2022-06-20 02:04:43,613] {dagbag.py:507} INFO - Filling up the DagBag from /opt/airflow/dags/chapter05/dags/06_condition_dag.py
[2022-06-20 02:04:43,625] {processor.py:651} INFO - DAG(s) dict_keys(['06_condition_dag']) retrieved from /opt/airflow/dags/chapter05/dags/06_condition_dag.py
[2022-06-20 02:04:43,647] {logging_mixin.py:115} INFO - [2022-06-20 02:04:43,647] {dag.py:2371} INFO - Sync 1 DAGs
[2022-06-20 02:04:43,739] {logging_mixin.py:115} INFO - [2022-06-20 02:04:43,739] {dag.py:2919} INFO - Setting next_dagrun for 06_condition_dag to 2022-06-17T00:00:00+00:00, run_after=2022-06-18T00:00:00+00:00
[2022-06-20 02:04:43,750] {processor.py:161} INFO - Processing /opt/airflow/dags/chapter05/dags/06_condition_dag.py took 0.142 seconds
[2022-06-20 02:05:14,492] {processor.py:153} INFO - Started process (PID=2639) to work on /opt/airflow/dags/chapter05/dags/06_condition_dag.py
[2022-06-20 02:05:14,494] {processor.py:641} INFO - Processing file /opt/airflow/dags/chapter05/dags/06_condition_dag.py for tasks to queue
[2022-06-20 02:05:14,496] {logging_mixin.py:115} INFO - [2022-06-20 02:05:14,496] {dagbag.py:507} INFO - Filling up the DagBag from /opt/airflow/dags/chapter05/dags/06_condition_dag.py
[2022-06-20 02:05:14,509] {processor.py:651} INFO - DAG(s) dict_keys(['06_condition_dag']) retrieved from /opt/airflow/dags/chapter05/dags/06_condition_dag.py
[2022-06-20 02:05:14,535] {logging_mixin.py:115} INFO - [2022-06-20 02:05:14,535] {dag.py:2371} INFO - Sync 1 DAGs
[2022-06-20 02:05:14,649] {logging_mixin.py:115} INFO - [2022-06-20 02:05:14,649] {dag.py:2919} INFO - Setting next_dagrun for 06_condition_dag to 2022-06-17T00:00:00+00:00, run_after=2022-06-18T00:00:00+00:00
[2022-06-20 02:05:14,659] {processor.py:161} INFO - Processing /opt/airflow/dags/chapter05/dags/06_condition_dag.py took 0.171 seconds
