[2022-06-20 01:50:24,626] {processor.py:153} INFO - Started process (PID=87) to work on /opt/airflow/dags/chapter05/dags/07_condition_dag_op.py
[2022-06-20 01:50:24,628] {processor.py:641} INFO - Processing file /opt/airflow/dags/chapter05/dags/07_condition_dag_op.py for tasks to queue
[2022-06-20 01:50:24,630] {logging_mixin.py:115} INFO - [2022-06-20 01:50:24,630] {dagbag.py:507} INFO - Filling up the DagBag from /opt/airflow/dags/chapter05/dags/07_condition_dag_op.py
[2022-06-20 01:50:24,673] {processor.py:651} INFO - DAG(s) dict_keys(['07_condition_dag_op']) retrieved from /opt/airflow/dags/chapter05/dags/07_condition_dag_op.py
[2022-06-20 01:50:24,812] {logging_mixin.py:115} INFO - [2022-06-20 01:50:24,812] {manager.py:508} INFO - Created Permission View: can read on DAG:07_condition_dag_op
[2022-06-20 01:50:24,819] {logging_mixin.py:115} INFO - [2022-06-20 01:50:24,819] {manager.py:508} INFO - Created Permission View: can edit on DAG:07_condition_dag_op
[2022-06-20 01:50:24,823] {logging_mixin.py:115} INFO - [2022-06-20 01:50:24,823] {manager.py:508} INFO - Created Permission View: can delete on DAG:07_condition_dag_op
[2022-06-20 01:50:24,824] {logging_mixin.py:115} INFO - [2022-06-20 01:50:24,824] {dag.py:2371} INFO - Sync 1 DAGs
[2022-06-20 01:50:24,832] {logging_mixin.py:115} INFO - [2022-06-20 01:50:24,832] {dag.py:2390} INFO - Creating ORM DAG for 07_condition_dag_op
[2022-06-20 01:50:24,842] {logging_mixin.py:115} INFO - [2022-06-20 01:50:24,842] {dag.py:2919} INFO - Setting next_dagrun for 07_condition_dag_op to 2022-06-17T00:00:00+00:00, run_after=2022-06-18T00:00:00+00:00
[2022-06-20 01:50:24,858] {processor.py:161} INFO - Processing /opt/airflow/dags/chapter05/dags/07_condition_dag_op.py took 0.234 seconds
[2022-06-20 01:50:55,006] {processor.py:153} INFO - Started process (PID=176) to work on /opt/airflow/dags/chapter05/dags/07_condition_dag_op.py
[2022-06-20 01:50:55,008] {processor.py:641} INFO - Processing file /opt/airflow/dags/chapter05/dags/07_condition_dag_op.py for tasks to queue
[2022-06-20 01:50:55,009] {logging_mixin.py:115} INFO - [2022-06-20 01:50:55,009] {dagbag.py:507} INFO - Filling up the DagBag from /opt/airflow/dags/chapter05/dags/07_condition_dag_op.py
[2022-06-20 01:50:55,023] {processor.py:651} INFO - DAG(s) dict_keys(['07_condition_dag_op']) retrieved from /opt/airflow/dags/chapter05/dags/07_condition_dag_op.py
[2022-06-20 01:50:55,045] {logging_mixin.py:115} INFO - [2022-06-20 01:50:55,044] {dag.py:2371} INFO - Sync 1 DAGs
[2022-06-20 01:50:55,063] {logging_mixin.py:115} INFO - [2022-06-20 01:50:55,063] {dag.py:2919} INFO - Setting next_dagrun for 07_condition_dag_op to 2022-06-17T00:00:00+00:00, run_after=2022-06-18T00:00:00+00:00
[2022-06-20 01:50:55,154] {processor.py:161} INFO - Processing /opt/airflow/dags/chapter05/dags/07_condition_dag_op.py took 0.150 seconds
[2022-06-20 01:51:26,003] {processor.py:153} INFO - Started process (PID=284) to work on /opt/airflow/dags/chapter05/dags/07_condition_dag_op.py
[2022-06-20 01:51:26,005] {processor.py:641} INFO - Processing file /opt/airflow/dags/chapter05/dags/07_condition_dag_op.py for tasks to queue
[2022-06-20 01:51:26,006] {logging_mixin.py:115} INFO - [2022-06-20 01:51:26,006] {dagbag.py:507} INFO - Filling up the DagBag from /opt/airflow/dags/chapter05/dags/07_condition_dag_op.py
[2022-06-20 01:51:26,023] {processor.py:651} INFO - DAG(s) dict_keys(['07_condition_dag_op']) retrieved from /opt/airflow/dags/chapter05/dags/07_condition_dag_op.py
[2022-06-20 01:51:26,055] {logging_mixin.py:115} INFO - [2022-06-20 01:51:26,055] {dag.py:2371} INFO - Sync 1 DAGs
[2022-06-20 01:51:26,077] {logging_mixin.py:115} INFO - [2022-06-20 01:51:26,076] {dag.py:2919} INFO - Setting next_dagrun for 07_condition_dag_op to 2022-06-17T00:00:00+00:00, run_after=2022-06-18T00:00:00+00:00
[2022-06-20 01:51:26,194] {processor.py:161} INFO - Processing /opt/airflow/dags/chapter05/dags/07_condition_dag_op.py took 0.194 seconds
[2022-06-20 01:51:57,218] {processor.py:153} INFO - Started process (PID=363) to work on /opt/airflow/dags/chapter05/dags/07_condition_dag_op.py
[2022-06-20 01:51:57,220] {processor.py:641} INFO - Processing file /opt/airflow/dags/chapter05/dags/07_condition_dag_op.py for tasks to queue
[2022-06-20 01:51:57,221] {logging_mixin.py:115} INFO - [2022-06-20 01:51:57,221] {dagbag.py:507} INFO - Filling up the DagBag from /opt/airflow/dags/chapter05/dags/07_condition_dag_op.py
[2022-06-20 01:51:57,233] {processor.py:651} INFO - DAG(s) dict_keys(['07_condition_dag_op']) retrieved from /opt/airflow/dags/chapter05/dags/07_condition_dag_op.py
[2022-06-20 01:51:57,254] {logging_mixin.py:115} INFO - [2022-06-20 01:51:57,254] {dag.py:2371} INFO - Sync 1 DAGs
[2022-06-20 01:51:57,270] {logging_mixin.py:115} INFO - [2022-06-20 01:51:57,269] {dag.py:2919} INFO - Setting next_dagrun for 07_condition_dag_op to 2022-06-17T00:00:00+00:00, run_after=2022-06-18T00:00:00+00:00
[2022-06-20 01:51:57,365] {processor.py:161} INFO - Processing /opt/airflow/dags/chapter05/dags/07_condition_dag_op.py took 0.150 seconds
[2022-06-20 01:52:27,722] {processor.py:153} INFO - Started process (PID=452) to work on /opt/airflow/dags/chapter05/dags/07_condition_dag_op.py
[2022-06-20 01:52:27,725] {processor.py:641} INFO - Processing file /opt/airflow/dags/chapter05/dags/07_condition_dag_op.py for tasks to queue
[2022-06-20 01:52:27,727] {logging_mixin.py:115} INFO - [2022-06-20 01:52:27,727] {dagbag.py:507} INFO - Filling up the DagBag from /opt/airflow/dags/chapter05/dags/07_condition_dag_op.py
[2022-06-20 01:52:27,749] {processor.py:651} INFO - DAG(s) dict_keys(['07_condition_dag_op']) retrieved from /opt/airflow/dags/chapter05/dags/07_condition_dag_op.py
[2022-06-20 01:52:27,779] {logging_mixin.py:115} INFO - [2022-06-20 01:52:27,779] {dag.py:2371} INFO - Sync 1 DAGs
[2022-06-20 01:52:27,802] {logging_mixin.py:115} INFO - [2022-06-20 01:52:27,802] {dag.py:2919} INFO - Setting next_dagrun for 07_condition_dag_op to 2022-06-17T00:00:00+00:00, run_after=2022-06-18T00:00:00+00:00
[2022-06-20 01:52:27,903] {processor.py:161} INFO - Processing /opt/airflow/dags/chapter05/dags/07_condition_dag_op.py took 0.185 seconds
[2022-06-20 01:52:58,119] {processor.py:153} INFO - Started process (PID=541) to work on /opt/airflow/dags/chapter05/dags/07_condition_dag_op.py
[2022-06-20 01:52:58,122] {processor.py:641} INFO - Processing file /opt/airflow/dags/chapter05/dags/07_condition_dag_op.py for tasks to queue
[2022-06-20 01:52:58,123] {logging_mixin.py:115} INFO - [2022-06-20 01:52:58,123] {dagbag.py:507} INFO - Filling up the DagBag from /opt/airflow/dags/chapter05/dags/07_condition_dag_op.py
[2022-06-20 01:52:58,138] {processor.py:651} INFO - DAG(s) dict_keys(['07_condition_dag_op']) retrieved from /opt/airflow/dags/chapter05/dags/07_condition_dag_op.py
[2022-06-20 01:52:58,163] {logging_mixin.py:115} INFO - [2022-06-20 01:52:58,163] {dag.py:2371} INFO - Sync 1 DAGs
[2022-06-20 01:52:58,179] {logging_mixin.py:115} INFO - [2022-06-20 01:52:58,179] {dag.py:2919} INFO - Setting next_dagrun for 07_condition_dag_op to 2022-06-17T00:00:00+00:00, run_after=2022-06-18T00:00:00+00:00
[2022-06-20 01:52:58,278] {processor.py:161} INFO - Processing /opt/airflow/dags/chapter05/dags/07_condition_dag_op.py took 0.164 seconds
[2022-06-20 01:53:28,779] {processor.py:153} INFO - Started process (PID=630) to work on /opt/airflow/dags/chapter05/dags/07_condition_dag_op.py
[2022-06-20 01:53:28,781] {processor.py:641} INFO - Processing file /opt/airflow/dags/chapter05/dags/07_condition_dag_op.py for tasks to queue
[2022-06-20 01:53:28,783] {logging_mixin.py:115} INFO - [2022-06-20 01:53:28,783] {dagbag.py:507} INFO - Filling up the DagBag from /opt/airflow/dags/chapter05/dags/07_condition_dag_op.py
[2022-06-20 01:53:28,797] {processor.py:651} INFO - DAG(s) dict_keys(['07_condition_dag_op']) retrieved from /opt/airflow/dags/chapter05/dags/07_condition_dag_op.py
[2022-06-20 01:53:28,815] {logging_mixin.py:115} INFO - [2022-06-20 01:53:28,815] {dag.py:2371} INFO - Sync 1 DAGs
[2022-06-20 01:53:28,834] {logging_mixin.py:115} INFO - [2022-06-20 01:53:28,834] {dag.py:2919} INFO - Setting next_dagrun for 07_condition_dag_op to 2022-06-17T00:00:00+00:00, run_after=2022-06-18T00:00:00+00:00
[2022-06-20 01:53:28,939] {processor.py:161} INFO - Processing /opt/airflow/dags/chapter05/dags/07_condition_dag_op.py took 0.163 seconds
[2022-06-20 01:53:59,250] {processor.py:153} INFO - Started process (PID=719) to work on /opt/airflow/dags/chapter05/dags/07_condition_dag_op.py
[2022-06-20 01:53:59,253] {processor.py:641} INFO - Processing file /opt/airflow/dags/chapter05/dags/07_condition_dag_op.py for tasks to queue
[2022-06-20 01:53:59,255] {logging_mixin.py:115} INFO - [2022-06-20 01:53:59,255] {dagbag.py:507} INFO - Filling up the DagBag from /opt/airflow/dags/chapter05/dags/07_condition_dag_op.py
[2022-06-20 01:53:59,272] {processor.py:651} INFO - DAG(s) dict_keys(['07_condition_dag_op']) retrieved from /opt/airflow/dags/chapter05/dags/07_condition_dag_op.py
[2022-06-20 01:53:59,312] {logging_mixin.py:115} INFO - [2022-06-20 01:53:59,312] {dag.py:2371} INFO - Sync 1 DAGs
[2022-06-20 01:53:59,368] {logging_mixin.py:115} INFO - [2022-06-20 01:53:59,368] {dag.py:2919} INFO - Setting next_dagrun for 07_condition_dag_op to 2022-06-17T00:00:00+00:00, run_after=2022-06-18T00:00:00+00:00
[2022-06-20 01:53:59,494] {processor.py:161} INFO - Processing /opt/airflow/dags/chapter05/dags/07_condition_dag_op.py took 0.249 seconds
[2022-06-20 01:54:29,699] {processor.py:153} INFO - Started process (PID=807) to work on /opt/airflow/dags/chapter05/dags/07_condition_dag_op.py
[2022-06-20 01:54:29,704] {processor.py:641} INFO - Processing file /opt/airflow/dags/chapter05/dags/07_condition_dag_op.py for tasks to queue
[2022-06-20 01:54:29,706] {logging_mixin.py:115} INFO - [2022-06-20 01:54:29,705] {dagbag.py:507} INFO - Filling up the DagBag from /opt/airflow/dags/chapter05/dags/07_condition_dag_op.py
[2022-06-20 01:54:29,764] {processor.py:651} INFO - DAG(s) dict_keys(['07_condition_dag_op']) retrieved from /opt/airflow/dags/chapter05/dags/07_condition_dag_op.py
[2022-06-20 01:54:29,795] {logging_mixin.py:115} INFO - [2022-06-20 01:54:29,795] {dag.py:2371} INFO - Sync 1 DAGs
[2022-06-20 01:54:29,817] {logging_mixin.py:115} INFO - [2022-06-20 01:54:29,817] {dag.py:2919} INFO - Setting next_dagrun for 07_condition_dag_op to 2022-06-17T00:00:00+00:00, run_after=2022-06-18T00:00:00+00:00
[2022-06-20 01:54:29,903] {processor.py:161} INFO - Processing /opt/airflow/dags/chapter05/dags/07_condition_dag_op.py took 0.206 seconds
[2022-06-20 01:55:00,603] {processor.py:153} INFO - Started process (PID=887) to work on /opt/airflow/dags/chapter05/dags/07_condition_dag_op.py
[2022-06-20 01:55:00,605] {processor.py:641} INFO - Processing file /opt/airflow/dags/chapter05/dags/07_condition_dag_op.py for tasks to queue
[2022-06-20 01:55:00,606] {logging_mixin.py:115} INFO - [2022-06-20 01:55:00,606] {dagbag.py:507} INFO - Filling up the DagBag from /opt/airflow/dags/chapter05/dags/07_condition_dag_op.py
[2022-06-20 01:55:00,618] {processor.py:651} INFO - DAG(s) dict_keys(['07_condition_dag_op']) retrieved from /opt/airflow/dags/chapter05/dags/07_condition_dag_op.py
[2022-06-20 01:55:00,637] {logging_mixin.py:115} INFO - [2022-06-20 01:55:00,637] {dag.py:2371} INFO - Sync 1 DAGs
[2022-06-20 01:55:00,651] {logging_mixin.py:115} INFO - [2022-06-20 01:55:00,651] {dag.py:2919} INFO - Setting next_dagrun for 07_condition_dag_op to 2022-06-17T00:00:00+00:00, run_after=2022-06-18T00:00:00+00:00
[2022-06-20 01:55:00,739] {processor.py:161} INFO - Processing /opt/airflow/dags/chapter05/dags/07_condition_dag_op.py took 0.139 seconds
[2022-06-20 01:55:30,968] {processor.py:153} INFO - Started process (PID=977) to work on /opt/airflow/dags/chapter05/dags/07_condition_dag_op.py
[2022-06-20 01:55:30,970] {processor.py:641} INFO - Processing file /opt/airflow/dags/chapter05/dags/07_condition_dag_op.py for tasks to queue
[2022-06-20 01:55:30,972] {logging_mixin.py:115} INFO - [2022-06-20 01:55:30,972] {dagbag.py:507} INFO - Filling up the DagBag from /opt/airflow/dags/chapter05/dags/07_condition_dag_op.py
[2022-06-20 01:55:30,990] {processor.py:651} INFO - DAG(s) dict_keys(['07_condition_dag_op']) retrieved from /opt/airflow/dags/chapter05/dags/07_condition_dag_op.py
[2022-06-20 01:55:31,016] {logging_mixin.py:115} INFO - [2022-06-20 01:55:31,016] {dag.py:2371} INFO - Sync 1 DAGs
[2022-06-20 01:55:31,127] {logging_mixin.py:115} INFO - [2022-06-20 01:55:31,127] {dag.py:2919} INFO - Setting next_dagrun for 07_condition_dag_op to 2022-06-17T00:00:00+00:00, run_after=2022-06-18T00:00:00+00:00
[2022-06-20 01:55:31,136] {processor.py:161} INFO - Processing /opt/airflow/dags/chapter05/dags/07_condition_dag_op.py took 0.172 seconds
[2022-06-20 01:56:01,452] {processor.py:153} INFO - Started process (PID=1066) to work on /opt/airflow/dags/chapter05/dags/07_condition_dag_op.py
[2022-06-20 01:56:01,455] {processor.py:641} INFO - Processing file /opt/airflow/dags/chapter05/dags/07_condition_dag_op.py for tasks to queue
[2022-06-20 01:56:01,458] {logging_mixin.py:115} INFO - [2022-06-20 01:56:01,457] {dagbag.py:507} INFO - Filling up the DagBag from /opt/airflow/dags/chapter05/dags/07_condition_dag_op.py
[2022-06-20 01:56:01,474] {processor.py:651} INFO - DAG(s) dict_keys(['07_condition_dag_op']) retrieved from /opt/airflow/dags/chapter05/dags/07_condition_dag_op.py
[2022-06-20 01:56:01,500] {logging_mixin.py:115} INFO - [2022-06-20 01:56:01,500] {dag.py:2371} INFO - Sync 1 DAGs
[2022-06-20 01:56:01,609] {logging_mixin.py:115} INFO - [2022-06-20 01:56:01,609] {dag.py:2919} INFO - Setting next_dagrun for 07_condition_dag_op to 2022-06-17T00:00:00+00:00, run_after=2022-06-18T00:00:00+00:00
[2022-06-20 01:56:01,620] {processor.py:161} INFO - Processing /opt/airflow/dags/chapter05/dags/07_condition_dag_op.py took 0.170 seconds
[2022-06-20 01:56:32,076] {processor.py:153} INFO - Started process (PID=1155) to work on /opt/airflow/dags/chapter05/dags/07_condition_dag_op.py
[2022-06-20 01:56:32,078] {processor.py:641} INFO - Processing file /opt/airflow/dags/chapter05/dags/07_condition_dag_op.py for tasks to queue
[2022-06-20 01:56:32,079] {logging_mixin.py:115} INFO - [2022-06-20 01:56:32,078] {dagbag.py:507} INFO - Filling up the DagBag from /opt/airflow/dags/chapter05/dags/07_condition_dag_op.py
[2022-06-20 01:56:32,091] {processor.py:651} INFO - DAG(s) dict_keys(['07_condition_dag_op']) retrieved from /opt/airflow/dags/chapter05/dags/07_condition_dag_op.py
[2022-06-20 01:56:32,113] {logging_mixin.py:115} INFO - [2022-06-20 01:56:32,113] {dag.py:2371} INFO - Sync 1 DAGs
[2022-06-20 01:56:32,207] {logging_mixin.py:115} INFO - [2022-06-20 01:56:32,207] {dag.py:2919} INFO - Setting next_dagrun for 07_condition_dag_op to 2022-06-17T00:00:00+00:00, run_after=2022-06-18T00:00:00+00:00
[2022-06-20 01:56:32,216] {processor.py:161} INFO - Processing /opt/airflow/dags/chapter05/dags/07_condition_dag_op.py took 0.143 seconds
[2022-06-20 01:57:02,977] {processor.py:153} INFO - Started process (PID=1244) to work on /opt/airflow/dags/chapter05/dags/07_condition_dag_op.py
[2022-06-20 01:57:02,981] {processor.py:641} INFO - Processing file /opt/airflow/dags/chapter05/dags/07_condition_dag_op.py for tasks to queue
[2022-06-20 01:57:02,986] {logging_mixin.py:115} INFO - [2022-06-20 01:57:02,986] {dagbag.py:507} INFO - Filling up the DagBag from /opt/airflow/dags/chapter05/dags/07_condition_dag_op.py
[2022-06-20 01:57:03,007] {processor.py:651} INFO - DAG(s) dict_keys(['07_condition_dag_op']) retrieved from /opt/airflow/dags/chapter05/dags/07_condition_dag_op.py
[2022-06-20 01:57:03,047] {logging_mixin.py:115} INFO - [2022-06-20 01:57:03,047] {dag.py:2371} INFO - Sync 1 DAGs
[2022-06-20 01:57:03,206] {logging_mixin.py:115} INFO - [2022-06-20 01:57:03,205] {dag.py:2919} INFO - Setting next_dagrun for 07_condition_dag_op to 2022-06-17T00:00:00+00:00, run_after=2022-06-18T00:00:00+00:00
[2022-06-20 01:57:03,214] {processor.py:161} INFO - Processing /opt/airflow/dags/chapter05/dags/07_condition_dag_op.py took 0.240 seconds
[2022-06-20 01:57:33,788] {processor.py:153} INFO - Started process (PID=1333) to work on /opt/airflow/dags/chapter05/dags/07_condition_dag_op.py
[2022-06-20 01:57:33,789] {processor.py:641} INFO - Processing file /opt/airflow/dags/chapter05/dags/07_condition_dag_op.py for tasks to queue
[2022-06-20 01:57:33,793] {logging_mixin.py:115} INFO - [2022-06-20 01:57:33,792] {dagbag.py:507} INFO - Filling up the DagBag from /opt/airflow/dags/chapter05/dags/07_condition_dag_op.py
[2022-06-20 01:57:33,817] {processor.py:651} INFO - DAG(s) dict_keys(['07_condition_dag_op']) retrieved from /opt/airflow/dags/chapter05/dags/07_condition_dag_op.py
[2022-06-20 01:57:33,837] {logging_mixin.py:115} INFO - [2022-06-20 01:57:33,837] {dag.py:2371} INFO - Sync 1 DAGs
[2022-06-20 01:57:33,931] {logging_mixin.py:115} INFO - [2022-06-20 01:57:33,931] {dag.py:2919} INFO - Setting next_dagrun for 07_condition_dag_op to 2022-06-17T00:00:00+00:00, run_after=2022-06-18T00:00:00+00:00
[2022-06-20 01:57:33,938] {processor.py:161} INFO - Processing /opt/airflow/dags/chapter05/dags/07_condition_dag_op.py took 0.153 seconds
[2022-06-20 01:58:04,790] {processor.py:153} INFO - Started process (PID=1422) to work on /opt/airflow/dags/chapter05/dags/07_condition_dag_op.py
[2022-06-20 01:58:04,793] {processor.py:641} INFO - Processing file /opt/airflow/dags/chapter05/dags/07_condition_dag_op.py for tasks to queue
[2022-06-20 01:58:04,794] {logging_mixin.py:115} INFO - [2022-06-20 01:58:04,794] {dagbag.py:507} INFO - Filling up the DagBag from /opt/airflow/dags/chapter05/dags/07_condition_dag_op.py
[2022-06-20 01:58:04,807] {processor.py:651} INFO - DAG(s) dict_keys(['07_condition_dag_op']) retrieved from /opt/airflow/dags/chapter05/dags/07_condition_dag_op.py
[2022-06-20 01:58:04,829] {logging_mixin.py:115} INFO - [2022-06-20 01:58:04,829] {dag.py:2371} INFO - Sync 1 DAGs
[2022-06-20 01:58:04,941] {logging_mixin.py:115} INFO - [2022-06-20 01:58:04,941] {dag.py:2919} INFO - Setting next_dagrun for 07_condition_dag_op to 2022-06-17T00:00:00+00:00, run_after=2022-06-18T00:00:00+00:00
[2022-06-20 01:58:04,949] {processor.py:161} INFO - Processing /opt/airflow/dags/chapter05/dags/07_condition_dag_op.py took 0.162 seconds
[2022-06-20 01:58:35,825] {processor.py:153} INFO - Started process (PID=1501) to work on /opt/airflow/dags/chapter05/dags/07_condition_dag_op.py
[2022-06-20 01:58:35,827] {processor.py:641} INFO - Processing file /opt/airflow/dags/chapter05/dags/07_condition_dag_op.py for tasks to queue
[2022-06-20 01:58:35,828] {logging_mixin.py:115} INFO - [2022-06-20 01:58:35,828] {dagbag.py:507} INFO - Filling up the DagBag from /opt/airflow/dags/chapter05/dags/07_condition_dag_op.py
[2022-06-20 01:58:35,843] {processor.py:651} INFO - DAG(s) dict_keys(['07_condition_dag_op']) retrieved from /opt/airflow/dags/chapter05/dags/07_condition_dag_op.py
[2022-06-20 01:58:35,866] {logging_mixin.py:115} INFO - [2022-06-20 01:58:35,866] {dag.py:2371} INFO - Sync 1 DAGs
[2022-06-20 01:58:35,962] {logging_mixin.py:115} INFO - [2022-06-20 01:58:35,962] {dag.py:2919} INFO - Setting next_dagrun for 07_condition_dag_op to 2022-06-17T00:00:00+00:00, run_after=2022-06-18T00:00:00+00:00
[2022-06-20 01:58:35,972] {processor.py:161} INFO - Processing /opt/airflow/dags/chapter05/dags/07_condition_dag_op.py took 0.149 seconds
[2022-06-20 01:59:06,321] {processor.py:153} INFO - Started process (PID=1590) to work on /opt/airflow/dags/chapter05/dags/07_condition_dag_op.py
[2022-06-20 01:59:06,323] {processor.py:641} INFO - Processing file /opt/airflow/dags/chapter05/dags/07_condition_dag_op.py for tasks to queue
[2022-06-20 01:59:06,324] {logging_mixin.py:115} INFO - [2022-06-20 01:59:06,324] {dagbag.py:507} INFO - Filling up the DagBag from /opt/airflow/dags/chapter05/dags/07_condition_dag_op.py
[2022-06-20 01:59:06,335] {processor.py:651} INFO - DAG(s) dict_keys(['07_condition_dag_op']) retrieved from /opt/airflow/dags/chapter05/dags/07_condition_dag_op.py
[2022-06-20 01:59:06,355] {logging_mixin.py:115} INFO - [2022-06-20 01:59:06,355] {dag.py:2371} INFO - Sync 1 DAGs
[2022-06-20 01:59:06,453] {logging_mixin.py:115} INFO - [2022-06-20 01:59:06,453] {dag.py:2919} INFO - Setting next_dagrun for 07_condition_dag_op to 2022-06-17T00:00:00+00:00, run_after=2022-06-18T00:00:00+00:00
[2022-06-20 01:59:06,463] {processor.py:161} INFO - Processing /opt/airflow/dags/chapter05/dags/07_condition_dag_op.py took 0.144 seconds
[2022-06-20 01:59:36,886] {processor.py:153} INFO - Started process (PID=1679) to work on /opt/airflow/dags/chapter05/dags/07_condition_dag_op.py
[2022-06-20 01:59:36,888] {processor.py:641} INFO - Processing file /opt/airflow/dags/chapter05/dags/07_condition_dag_op.py for tasks to queue
[2022-06-20 01:59:36,889] {logging_mixin.py:115} INFO - [2022-06-20 01:59:36,889] {dagbag.py:507} INFO - Filling up the DagBag from /opt/airflow/dags/chapter05/dags/07_condition_dag_op.py
[2022-06-20 01:59:36,900] {processor.py:651} INFO - DAG(s) dict_keys(['07_condition_dag_op']) retrieved from /opt/airflow/dags/chapter05/dags/07_condition_dag_op.py
[2022-06-20 01:59:36,918] {logging_mixin.py:115} INFO - [2022-06-20 01:59:36,918] {dag.py:2371} INFO - Sync 1 DAGs
[2022-06-20 01:59:37,004] {logging_mixin.py:115} INFO - [2022-06-20 01:59:37,003] {dag.py:2919} INFO - Setting next_dagrun for 07_condition_dag_op to 2022-06-17T00:00:00+00:00, run_after=2022-06-18T00:00:00+00:00
[2022-06-20 01:59:37,012] {processor.py:161} INFO - Processing /opt/airflow/dags/chapter05/dags/07_condition_dag_op.py took 0.129 seconds
[2022-06-20 02:00:07,526] {processor.py:153} INFO - Started process (PID=1766) to work on /opt/airflow/dags/chapter05/dags/07_condition_dag_op.py
[2022-06-20 02:00:07,527] {processor.py:641} INFO - Processing file /opt/airflow/dags/chapter05/dags/07_condition_dag_op.py for tasks to queue
[2022-06-20 02:00:07,528] {logging_mixin.py:115} INFO - [2022-06-20 02:00:07,528] {dagbag.py:507} INFO - Filling up the DagBag from /opt/airflow/dags/chapter05/dags/07_condition_dag_op.py
[2022-06-20 02:00:07,539] {processor.py:651} INFO - DAG(s) dict_keys(['07_condition_dag_op']) retrieved from /opt/airflow/dags/chapter05/dags/07_condition_dag_op.py
[2022-06-20 02:00:07,556] {logging_mixin.py:115} INFO - [2022-06-20 02:00:07,556] {dag.py:2371} INFO - Sync 1 DAGs
[2022-06-20 02:00:07,635] {logging_mixin.py:115} INFO - [2022-06-20 02:00:07,635] {dag.py:2919} INFO - Setting next_dagrun for 07_condition_dag_op to 2022-06-17T00:00:00+00:00, run_after=2022-06-18T00:00:00+00:00
[2022-06-20 02:00:07,642] {processor.py:161} INFO - Processing /opt/airflow/dags/chapter05/dags/07_condition_dag_op.py took 0.118 seconds
[2022-06-20 02:00:38,386] {processor.py:153} INFO - Started process (PID=1856) to work on /opt/airflow/dags/chapter05/dags/07_condition_dag_op.py
[2022-06-20 02:00:38,387] {processor.py:641} INFO - Processing file /opt/airflow/dags/chapter05/dags/07_condition_dag_op.py for tasks to queue
[2022-06-20 02:00:38,388] {logging_mixin.py:115} INFO - [2022-06-20 02:00:38,388] {dagbag.py:507} INFO - Filling up the DagBag from /opt/airflow/dags/chapter05/dags/07_condition_dag_op.py
[2022-06-20 02:00:38,399] {processor.py:651} INFO - DAG(s) dict_keys(['07_condition_dag_op']) retrieved from /opt/airflow/dags/chapter05/dags/07_condition_dag_op.py
[2022-06-20 02:00:38,492] {logging_mixin.py:115} INFO - [2022-06-20 02:00:38,492] {dag.py:2371} INFO - Sync 1 DAGs
[2022-06-20 02:00:38,503] {logging_mixin.py:115} INFO - [2022-06-20 02:00:38,503] {dag.py:2919} INFO - Setting next_dagrun for 07_condition_dag_op to 2022-06-17T00:00:00+00:00, run_after=2022-06-18T00:00:00+00:00
[2022-06-20 02:00:38,510] {processor.py:161} INFO - Processing /opt/airflow/dags/chapter05/dags/07_condition_dag_op.py took 0.126 seconds
[2022-06-20 02:01:08,917] {processor.py:153} INFO - Started process (PID=1944) to work on /opt/airflow/dags/chapter05/dags/07_condition_dag_op.py
[2022-06-20 02:01:08,921] {processor.py:641} INFO - Processing file /opt/airflow/dags/chapter05/dags/07_condition_dag_op.py for tasks to queue
[2022-06-20 02:01:08,924] {logging_mixin.py:115} INFO - [2022-06-20 02:01:08,923] {dagbag.py:507} INFO - Filling up the DagBag from /opt/airflow/dags/chapter05/dags/07_condition_dag_op.py
[2022-06-20 02:01:08,943] {processor.py:651} INFO - DAG(s) dict_keys(['07_condition_dag_op']) retrieved from /opt/airflow/dags/chapter05/dags/07_condition_dag_op.py
[2022-06-20 02:01:09,092] {logging_mixin.py:115} INFO - [2022-06-20 02:01:09,092] {dag.py:2371} INFO - Sync 1 DAGs
[2022-06-20 02:01:09,109] {logging_mixin.py:115} INFO - [2022-06-20 02:01:09,109] {dag.py:2919} INFO - Setting next_dagrun for 07_condition_dag_op to 2022-06-17T00:00:00+00:00, run_after=2022-06-18T00:00:00+00:00
[2022-06-20 02:01:09,126] {processor.py:161} INFO - Processing /opt/airflow/dags/chapter05/dags/07_condition_dag_op.py took 0.212 seconds
[2022-06-20 02:01:39,486] {processor.py:153} INFO - Started process (PID=2022) to work on /opt/airflow/dags/chapter05/dags/07_condition_dag_op.py
[2022-06-20 02:01:39,488] {processor.py:641} INFO - Processing file /opt/airflow/dags/chapter05/dags/07_condition_dag_op.py for tasks to queue
[2022-06-20 02:01:39,489] {logging_mixin.py:115} INFO - [2022-06-20 02:01:39,489] {dagbag.py:507} INFO - Filling up the DagBag from /opt/airflow/dags/chapter05/dags/07_condition_dag_op.py
[2022-06-20 02:01:39,502] {processor.py:651} INFO - DAG(s) dict_keys(['07_condition_dag_op']) retrieved from /opt/airflow/dags/chapter05/dags/07_condition_dag_op.py
[2022-06-20 02:01:39,595] {logging_mixin.py:115} INFO - [2022-06-20 02:01:39,595] {dag.py:2371} INFO - Sync 1 DAGs
[2022-06-20 02:01:39,606] {logging_mixin.py:115} INFO - [2022-06-20 02:01:39,606] {dag.py:2919} INFO - Setting next_dagrun for 07_condition_dag_op to 2022-06-17T00:00:00+00:00, run_after=2022-06-18T00:00:00+00:00
[2022-06-20 02:01:39,614] {processor.py:161} INFO - Processing /opt/airflow/dags/chapter05/dags/07_condition_dag_op.py took 0.130 seconds
[2022-06-20 02:02:10,198] {processor.py:153} INFO - Started process (PID=2111) to work on /opt/airflow/dags/chapter05/dags/07_condition_dag_op.py
[2022-06-20 02:02:10,200] {processor.py:641} INFO - Processing file /opt/airflow/dags/chapter05/dags/07_condition_dag_op.py for tasks to queue
[2022-06-20 02:02:10,201] {logging_mixin.py:115} INFO - [2022-06-20 02:02:10,201] {dagbag.py:507} INFO - Filling up the DagBag from /opt/airflow/dags/chapter05/dags/07_condition_dag_op.py
[2022-06-20 02:02:10,213] {processor.py:651} INFO - DAG(s) dict_keys(['07_condition_dag_op']) retrieved from /opt/airflow/dags/chapter05/dags/07_condition_dag_op.py
[2022-06-20 02:02:10,315] {logging_mixin.py:115} INFO - [2022-06-20 02:02:10,315] {dag.py:2371} INFO - Sync 1 DAGs
[2022-06-20 02:02:10,330] {logging_mixin.py:115} INFO - [2022-06-20 02:02:10,330] {dag.py:2919} INFO - Setting next_dagrun for 07_condition_dag_op to 2022-06-17T00:00:00+00:00, run_after=2022-06-18T00:00:00+00:00
[2022-06-20 02:02:10,338] {processor.py:161} INFO - Processing /opt/airflow/dags/chapter05/dags/07_condition_dag_op.py took 0.141 seconds
[2022-06-20 02:02:41,034] {processor.py:153} INFO - Started process (PID=2200) to work on /opt/airflow/dags/chapter05/dags/07_condition_dag_op.py
[2022-06-20 02:02:41,036] {processor.py:641} INFO - Processing file /opt/airflow/dags/chapter05/dags/07_condition_dag_op.py for tasks to queue
[2022-06-20 02:02:41,036] {logging_mixin.py:115} INFO - [2022-06-20 02:02:41,036] {dagbag.py:507} INFO - Filling up the DagBag from /opt/airflow/dags/chapter05/dags/07_condition_dag_op.py
[2022-06-20 02:02:41,048] {processor.py:651} INFO - DAG(s) dict_keys(['07_condition_dag_op']) retrieved from /opt/airflow/dags/chapter05/dags/07_condition_dag_op.py
[2022-06-20 02:02:41,132] {logging_mixin.py:115} INFO - [2022-06-20 02:02:41,132] {dag.py:2371} INFO - Sync 1 DAGs
[2022-06-20 02:02:41,142] {logging_mixin.py:115} INFO - [2022-06-20 02:02:41,142] {dag.py:2919} INFO - Setting next_dagrun for 07_condition_dag_op to 2022-06-17T00:00:00+00:00, run_after=2022-06-18T00:00:00+00:00
[2022-06-20 02:02:41,148] {processor.py:161} INFO - Processing /opt/airflow/dags/chapter05/dags/07_condition_dag_op.py took 0.116 seconds
[2022-06-20 02:03:11,474] {processor.py:153} INFO - Started process (PID=2289) to work on /opt/airflow/dags/chapter05/dags/07_condition_dag_op.py
[2022-06-20 02:03:11,476] {processor.py:641} INFO - Processing file /opt/airflow/dags/chapter05/dags/07_condition_dag_op.py for tasks to queue
[2022-06-20 02:03:11,478] {logging_mixin.py:115} INFO - [2022-06-20 02:03:11,477] {dagbag.py:507} INFO - Filling up the DagBag from /opt/airflow/dags/chapter05/dags/07_condition_dag_op.py
[2022-06-20 02:03:11,491] {processor.py:651} INFO - DAG(s) dict_keys(['07_condition_dag_op']) retrieved from /opt/airflow/dags/chapter05/dags/07_condition_dag_op.py
[2022-06-20 02:03:11,589] {logging_mixin.py:115} INFO - [2022-06-20 02:03:11,589] {dag.py:2371} INFO - Sync 1 DAGs
[2022-06-20 02:03:11,601] {logging_mixin.py:115} INFO - [2022-06-20 02:03:11,601] {dag.py:2919} INFO - Setting next_dagrun for 07_condition_dag_op to 2022-06-17T00:00:00+00:00, run_after=2022-06-18T00:00:00+00:00
[2022-06-20 02:03:11,609] {processor.py:161} INFO - Processing /opt/airflow/dags/chapter05/dags/07_condition_dag_op.py took 0.137 seconds
[2022-06-20 02:03:42,070] {processor.py:153} INFO - Started process (PID=2378) to work on /opt/airflow/dags/chapter05/dags/07_condition_dag_op.py
[2022-06-20 02:03:42,071] {processor.py:641} INFO - Processing file /opt/airflow/dags/chapter05/dags/07_condition_dag_op.py for tasks to queue
[2022-06-20 02:03:42,072] {logging_mixin.py:115} INFO - [2022-06-20 02:03:42,072] {dagbag.py:507} INFO - Filling up the DagBag from /opt/airflow/dags/chapter05/dags/07_condition_dag_op.py
[2022-06-20 02:03:42,082] {processor.py:651} INFO - DAG(s) dict_keys(['07_condition_dag_op']) retrieved from /opt/airflow/dags/chapter05/dags/07_condition_dag_op.py
[2022-06-20 02:03:42,167] {logging_mixin.py:115} INFO - [2022-06-20 02:03:42,167] {dag.py:2371} INFO - Sync 1 DAGs
[2022-06-20 02:03:42,178] {logging_mixin.py:115} INFO - [2022-06-20 02:03:42,178] {dag.py:2919} INFO - Setting next_dagrun for 07_condition_dag_op to 2022-06-17T00:00:00+00:00, run_after=2022-06-18T00:00:00+00:00
[2022-06-20 02:03:42,185] {processor.py:161} INFO - Processing /opt/airflow/dags/chapter05/dags/07_condition_dag_op.py took 0.117 seconds
[2022-06-20 02:04:12,846] {processor.py:153} INFO - Started process (PID=2468) to work on /opt/airflow/dags/chapter05/dags/07_condition_dag_op.py
[2022-06-20 02:04:12,847] {processor.py:641} INFO - Processing file /opt/airflow/dags/chapter05/dags/07_condition_dag_op.py for tasks to queue
[2022-06-20 02:04:12,848] {logging_mixin.py:115} INFO - [2022-06-20 02:04:12,848] {dagbag.py:507} INFO - Filling up the DagBag from /opt/airflow/dags/chapter05/dags/07_condition_dag_op.py
[2022-06-20 02:04:12,858] {processor.py:651} INFO - DAG(s) dict_keys(['07_condition_dag_op']) retrieved from /opt/airflow/dags/chapter05/dags/07_condition_dag_op.py
[2022-06-20 02:04:12,944] {logging_mixin.py:115} INFO - [2022-06-20 02:04:12,944] {dag.py:2371} INFO - Sync 1 DAGs
[2022-06-20 02:04:12,955] {logging_mixin.py:115} INFO - [2022-06-20 02:04:12,955] {dag.py:2919} INFO - Setting next_dagrun for 07_condition_dag_op to 2022-06-17T00:00:00+00:00, run_after=2022-06-18T00:00:00+00:00
[2022-06-20 02:04:12,962] {processor.py:161} INFO - Processing /opt/airflow/dags/chapter05/dags/07_condition_dag_op.py took 0.119 seconds
[2022-06-20 02:04:43,467] {processor.py:153} INFO - Started process (PID=2547) to work on /opt/airflow/dags/chapter05/dags/07_condition_dag_op.py
[2022-06-20 02:04:43,470] {processor.py:641} INFO - Processing file /opt/airflow/dags/chapter05/dags/07_condition_dag_op.py for tasks to queue
[2022-06-20 02:04:43,471] {logging_mixin.py:115} INFO - [2022-06-20 02:04:43,471] {dagbag.py:507} INFO - Filling up the DagBag from /opt/airflow/dags/chapter05/dags/07_condition_dag_op.py
[2022-06-20 02:04:43,481] {processor.py:651} INFO - DAG(s) dict_keys(['07_condition_dag_op']) retrieved from /opt/airflow/dags/chapter05/dags/07_condition_dag_op.py
[2022-06-20 02:04:43,577] {logging_mixin.py:115} INFO - [2022-06-20 02:04:43,577] {dag.py:2371} INFO - Sync 1 DAGs
[2022-06-20 02:04:43,593] {logging_mixin.py:115} INFO - [2022-06-20 02:04:43,593] {dag.py:2919} INFO - Setting next_dagrun for 07_condition_dag_op to 2022-06-17T00:00:00+00:00, run_after=2022-06-18T00:00:00+00:00
[2022-06-20 02:04:43,609] {processor.py:161} INFO - Processing /opt/airflow/dags/chapter05/dags/07_condition_dag_op.py took 0.144 seconds
[2022-06-20 02:05:14,489] {processor.py:153} INFO - Started process (PID=2638) to work on /opt/airflow/dags/chapter05/dags/07_condition_dag_op.py
[2022-06-20 02:05:14,493] {processor.py:641} INFO - Processing file /opt/airflow/dags/chapter05/dags/07_condition_dag_op.py for tasks to queue
[2022-06-20 02:05:14,494] {logging_mixin.py:115} INFO - [2022-06-20 02:05:14,494] {dagbag.py:507} INFO - Filling up the DagBag from /opt/airflow/dags/chapter05/dags/07_condition_dag_op.py
[2022-06-20 02:05:14,509] {processor.py:651} INFO - DAG(s) dict_keys(['07_condition_dag_op']) retrieved from /opt/airflow/dags/chapter05/dags/07_condition_dag_op.py
[2022-06-20 02:05:14,637] {logging_mixin.py:115} INFO - [2022-06-20 02:05:14,637] {dag.py:2371} INFO - Sync 1 DAGs
[2022-06-20 02:05:14,654] {logging_mixin.py:115} INFO - [2022-06-20 02:05:14,654] {dag.py:2919} INFO - Setting next_dagrun for 07_condition_dag_op to 2022-06-17T00:00:00+00:00, run_after=2022-06-18T00:00:00+00:00
[2022-06-20 02:05:14,664] {processor.py:161} INFO - Processing /opt/airflow/dags/chapter05/dags/07_condition_dag_op.py took 0.178 seconds
[2022-06-20 02:05:45,713] {processor.py:153} INFO - Started process (PID=2727) to work on /opt/airflow/dags/chapter05/dags/07_condition_dag_op.py
[2022-06-20 02:05:45,720] {processor.py:641} INFO - Processing file /opt/airflow/dags/chapter05/dags/07_condition_dag_op.py for tasks to queue
[2022-06-20 02:05:45,726] {logging_mixin.py:115} INFO - [2022-06-20 02:05:45,726] {dagbag.py:507} INFO - Filling up the DagBag from /opt/airflow/dags/chapter05/dags/07_condition_dag_op.py
[2022-06-20 02:05:46,049] {processor.py:651} INFO - DAG(s) dict_keys(['07_condition_dag_op']) retrieved from /opt/airflow/dags/chapter05/dags/07_condition_dag_op.py
[2022-06-20 02:05:46,102] {logging_mixin.py:115} INFO - [2022-06-20 02:05:46,102] {dag.py:2371} INFO - Sync 1 DAGs
[2022-06-20 02:05:47,007] {logging_mixin.py:115} INFO - [2022-06-20 02:05:47,007] {process_utils.py:240} INFO - Waiting up to 5 seconds for processes to exit...
