[2022-06-20 01:50:23,804] {processor.py:153} INFO - Started process (PID=81) to work on /opt/airflow/dags/chapter05/dags/13_taskflow_full.py
[2022-06-20 01:50:23,806] {processor.py:641} INFO - Processing file /opt/airflow/dags/chapter05/dags/13_taskflow_full.py for tasks to queue
[2022-06-20 01:50:23,807] {logging_mixin.py:115} INFO - [2022-06-20 01:50:23,807] {dagbag.py:507} INFO - Filling up the DagBag from /opt/airflow/dags/chapter05/dags/13_taskflow_full.py
[2022-06-20 01:50:23,841] {processor.py:651} INFO - DAG(s) dict_keys(['13_taskflow_full']) retrieved from /opt/airflow/dags/chapter05/dags/13_taskflow_full.py
[2022-06-20 01:50:23,989] {logging_mixin.py:115} INFO - [2022-06-20 01:50:23,989] {manager.py:508} INFO - Created Permission View: can read on DAG:13_taskflow_full
[2022-06-20 01:50:23,996] {logging_mixin.py:115} INFO - [2022-06-20 01:50:23,995] {manager.py:508} INFO - Created Permission View: can edit on DAG:13_taskflow_full
[2022-06-20 01:50:24,001] {logging_mixin.py:115} INFO - [2022-06-20 01:50:24,001] {manager.py:508} INFO - Created Permission View: can delete on DAG:13_taskflow_full
[2022-06-20 01:50:24,002] {logging_mixin.py:115} INFO - [2022-06-20 01:50:24,002] {dag.py:2371} INFO - Sync 1 DAGs
[2022-06-20 01:50:24,008] {logging_mixin.py:115} INFO - [2022-06-20 01:50:24,008] {dag.py:2390} INFO - Creating ORM DAG for 13_taskflow_full
[2022-06-20 01:50:24,016] {logging_mixin.py:115} INFO - [2022-06-20 01:50:24,016] {dag.py:2919} INFO - Setting next_dagrun for 13_taskflow_full to 2022-06-17T00:00:00+00:00, run_after=2022-06-18T00:00:00+00:00
[2022-06-20 01:50:24,027] {processor.py:161} INFO - Processing /opt/airflow/dags/chapter05/dags/13_taskflow_full.py took 0.225 seconds
[2022-06-20 01:50:54,453] {processor.py:153} INFO - Started process (PID=170) to work on /opt/airflow/dags/chapter05/dags/13_taskflow_full.py
[2022-06-20 01:50:54,455] {processor.py:641} INFO - Processing file /opt/airflow/dags/chapter05/dags/13_taskflow_full.py for tasks to queue
[2022-06-20 01:50:54,457] {logging_mixin.py:115} INFO - [2022-06-20 01:50:54,457] {dagbag.py:507} INFO - Filling up the DagBag from /opt/airflow/dags/chapter05/dags/13_taskflow_full.py
[2022-06-20 01:50:54,474] {processor.py:651} INFO - DAG(s) dict_keys(['13_taskflow_full']) retrieved from /opt/airflow/dags/chapter05/dags/13_taskflow_full.py
[2022-06-20 01:50:54,599] {logging_mixin.py:115} INFO - [2022-06-20 01:50:54,599] {dag.py:2371} INFO - Sync 1 DAGs
[2022-06-20 01:50:54,610] {logging_mixin.py:115} INFO - [2022-06-20 01:50:54,610] {dag.py:2919} INFO - Setting next_dagrun for 13_taskflow_full to 2022-06-17T00:00:00+00:00, run_after=2022-06-18T00:00:00+00:00
[2022-06-20 01:50:54,619] {processor.py:161} INFO - Processing /opt/airflow/dags/chapter05/dags/13_taskflow_full.py took 0.168 seconds
[2022-06-20 01:51:25,286] {processor.py:153} INFO - Started process (PID=278) to work on /opt/airflow/dags/chapter05/dags/13_taskflow_full.py
[2022-06-20 01:51:25,287] {processor.py:641} INFO - Processing file /opt/airflow/dags/chapter05/dags/13_taskflow_full.py for tasks to queue
[2022-06-20 01:51:25,289] {logging_mixin.py:115} INFO - [2022-06-20 01:51:25,289] {dagbag.py:507} INFO - Filling up the DagBag from /opt/airflow/dags/chapter05/dags/13_taskflow_full.py
[2022-06-20 01:51:25,305] {processor.py:651} INFO - DAG(s) dict_keys(['13_taskflow_full']) retrieved from /opt/airflow/dags/chapter05/dags/13_taskflow_full.py
[2022-06-20 01:51:25,326] {logging_mixin.py:115} INFO - [2022-06-20 01:51:25,326] {dag.py:2371} INFO - Sync 1 DAGs
[2022-06-20 01:51:25,418] {logging_mixin.py:115} INFO - [2022-06-20 01:51:25,418] {dag.py:2919} INFO - Setting next_dagrun for 13_taskflow_full to 2022-06-17T00:00:00+00:00, run_after=2022-06-18T00:00:00+00:00
[2022-06-20 01:51:25,426] {processor.py:161} INFO - Processing /opt/airflow/dags/chapter05/dags/13_taskflow_full.py took 0.142 seconds
[2022-06-20 01:51:55,545] {processor.py:153} INFO - Started process (PID=357) to work on /opt/airflow/dags/chapter05/dags/13_taskflow_full.py
[2022-06-20 01:51:55,549] {processor.py:641} INFO - Processing file /opt/airflow/dags/chapter05/dags/13_taskflow_full.py for tasks to queue
[2022-06-20 01:51:55,553] {logging_mixin.py:115} INFO - [2022-06-20 01:51:55,553] {dagbag.py:507} INFO - Filling up the DagBag from /opt/airflow/dags/chapter05/dags/13_taskflow_full.py
[2022-06-20 01:51:55,567] {processor.py:651} INFO - DAG(s) dict_keys(['13_taskflow_full']) retrieved from /opt/airflow/dags/chapter05/dags/13_taskflow_full.py
[2022-06-20 01:51:55,686] {logging_mixin.py:115} INFO - [2022-06-20 01:51:55,686] {dag.py:2371} INFO - Sync 1 DAGs
[2022-06-20 01:51:55,699] {logging_mixin.py:115} INFO - [2022-06-20 01:51:55,699] {dag.py:2919} INFO - Setting next_dagrun for 13_taskflow_full to 2022-06-17T00:00:00+00:00, run_after=2022-06-18T00:00:00+00:00
[2022-06-20 01:51:55,708] {processor.py:161} INFO - Processing /opt/airflow/dags/chapter05/dags/13_taskflow_full.py took 0.166 seconds
[2022-06-20 01:52:26,074] {processor.py:153} INFO - Started process (PID=446) to work on /opt/airflow/dags/chapter05/dags/13_taskflow_full.py
[2022-06-20 01:52:26,075] {processor.py:641} INFO - Processing file /opt/airflow/dags/chapter05/dags/13_taskflow_full.py for tasks to queue
[2022-06-20 01:52:26,077] {logging_mixin.py:115} INFO - [2022-06-20 01:52:26,077] {dagbag.py:507} INFO - Filling up the DagBag from /opt/airflow/dags/chapter05/dags/13_taskflow_full.py
[2022-06-20 01:52:26,094] {processor.py:651} INFO - DAG(s) dict_keys(['13_taskflow_full']) retrieved from /opt/airflow/dags/chapter05/dags/13_taskflow_full.py
[2022-06-20 01:52:26,210] {logging_mixin.py:115} INFO - [2022-06-20 01:52:26,209] {dag.py:2371} INFO - Sync 1 DAGs
[2022-06-20 01:52:26,221] {logging_mixin.py:115} INFO - [2022-06-20 01:52:26,221] {dag.py:2919} INFO - Setting next_dagrun for 13_taskflow_full to 2022-06-17T00:00:00+00:00, run_after=2022-06-18T00:00:00+00:00
[2022-06-20 01:52:26,229] {processor.py:161} INFO - Processing /opt/airflow/dags/chapter05/dags/13_taskflow_full.py took 0.158 seconds
[2022-06-20 01:52:56,575] {processor.py:153} INFO - Started process (PID=535) to work on /opt/airflow/dags/chapter05/dags/13_taskflow_full.py
[2022-06-20 01:52:56,579] {processor.py:641} INFO - Processing file /opt/airflow/dags/chapter05/dags/13_taskflow_full.py for tasks to queue
[2022-06-20 01:52:56,581] {logging_mixin.py:115} INFO - [2022-06-20 01:52:56,581] {dagbag.py:507} INFO - Filling up the DagBag from /opt/airflow/dags/chapter05/dags/13_taskflow_full.py
[2022-06-20 01:52:56,599] {processor.py:651} INFO - DAG(s) dict_keys(['13_taskflow_full']) retrieved from /opt/airflow/dags/chapter05/dags/13_taskflow_full.py
[2022-06-20 01:52:56,743] {logging_mixin.py:115} INFO - [2022-06-20 01:52:56,743] {dag.py:2371} INFO - Sync 1 DAGs
[2022-06-20 01:52:56,759] {logging_mixin.py:115} INFO - [2022-06-20 01:52:56,759] {dag.py:2919} INFO - Setting next_dagrun for 13_taskflow_full to 2022-06-17T00:00:00+00:00, run_after=2022-06-18T00:00:00+00:00
[2022-06-20 01:52:56,769] {processor.py:161} INFO - Processing /opt/airflow/dags/chapter05/dags/13_taskflow_full.py took 0.198 seconds
[2022-06-20 01:53:27,183] {processor.py:153} INFO - Started process (PID=624) to work on /opt/airflow/dags/chapter05/dags/13_taskflow_full.py
[2022-06-20 01:53:27,184] {processor.py:641} INFO - Processing file /opt/airflow/dags/chapter05/dags/13_taskflow_full.py for tasks to queue
[2022-06-20 01:53:27,186] {logging_mixin.py:115} INFO - [2022-06-20 01:53:27,186] {dagbag.py:507} INFO - Filling up the DagBag from /opt/airflow/dags/chapter05/dags/13_taskflow_full.py
[2022-06-20 01:53:27,199] {processor.py:651} INFO - DAG(s) dict_keys(['13_taskflow_full']) retrieved from /opt/airflow/dags/chapter05/dags/13_taskflow_full.py
[2022-06-20 01:53:27,215] {logging_mixin.py:115} INFO - [2022-06-20 01:53:27,215] {dag.py:2371} INFO - Sync 1 DAGs
[2022-06-20 01:53:27,292] {logging_mixin.py:115} INFO - [2022-06-20 01:53:27,292] {dag.py:2919} INFO - Setting next_dagrun for 13_taskflow_full to 2022-06-17T00:00:00+00:00, run_after=2022-06-18T00:00:00+00:00
[2022-06-20 01:53:27,299] {processor.py:161} INFO - Processing /opt/airflow/dags/chapter05/dags/13_taskflow_full.py took 0.117 seconds
[2022-06-20 01:53:57,648] {processor.py:153} INFO - Started process (PID=713) to work on /opt/airflow/dags/chapter05/dags/13_taskflow_full.py
[2022-06-20 01:53:57,649] {processor.py:641} INFO - Processing file /opt/airflow/dags/chapter05/dags/13_taskflow_full.py for tasks to queue
[2022-06-20 01:53:57,650] {logging_mixin.py:115} INFO - [2022-06-20 01:53:57,650] {dagbag.py:507} INFO - Filling up the DagBag from /opt/airflow/dags/chapter05/dags/13_taskflow_full.py
[2022-06-20 01:53:57,664] {processor.py:651} INFO - DAG(s) dict_keys(['13_taskflow_full']) retrieved from /opt/airflow/dags/chapter05/dags/13_taskflow_full.py
[2022-06-20 01:53:57,767] {logging_mixin.py:115} INFO - [2022-06-20 01:53:57,767] {dag.py:2371} INFO - Sync 1 DAGs
[2022-06-20 01:53:57,777] {logging_mixin.py:115} INFO - [2022-06-20 01:53:57,777] {dag.py:2919} INFO - Setting next_dagrun for 13_taskflow_full to 2022-06-17T00:00:00+00:00, run_after=2022-06-18T00:00:00+00:00
[2022-06-20 01:53:57,783] {processor.py:161} INFO - Processing /opt/airflow/dags/chapter05/dags/13_taskflow_full.py took 0.138 seconds
[2022-06-20 01:54:28,136] {processor.py:153} INFO - Started process (PID=791) to work on /opt/airflow/dags/chapter05/dags/13_taskflow_full.py
[2022-06-20 01:54:28,138] {processor.py:641} INFO - Processing file /opt/airflow/dags/chapter05/dags/13_taskflow_full.py for tasks to queue
[2022-06-20 01:54:28,139] {logging_mixin.py:115} INFO - [2022-06-20 01:54:28,139] {dagbag.py:507} INFO - Filling up the DagBag from /opt/airflow/dags/chapter05/dags/13_taskflow_full.py
[2022-06-20 01:54:28,163] {processor.py:651} INFO - DAG(s) dict_keys(['13_taskflow_full']) retrieved from /opt/airflow/dags/chapter05/dags/13_taskflow_full.py
[2022-06-20 01:54:28,283] {logging_mixin.py:115} INFO - [2022-06-20 01:54:28,283] {dag.py:2371} INFO - Sync 1 DAGs
[2022-06-20 01:54:28,295] {logging_mixin.py:115} INFO - [2022-06-20 01:54:28,295] {dag.py:2919} INFO - Setting next_dagrun for 13_taskflow_full to 2022-06-17T00:00:00+00:00, run_after=2022-06-18T00:00:00+00:00
[2022-06-20 01:54:28,303] {processor.py:161} INFO - Processing /opt/airflow/dags/chapter05/dags/13_taskflow_full.py took 0.169 seconds
[2022-06-20 01:54:59,027] {processor.py:153} INFO - Started process (PID=881) to work on /opt/airflow/dags/chapter05/dags/13_taskflow_full.py
[2022-06-20 01:54:59,028] {processor.py:641} INFO - Processing file /opt/airflow/dags/chapter05/dags/13_taskflow_full.py for tasks to queue
[2022-06-20 01:54:59,029] {logging_mixin.py:115} INFO - [2022-06-20 01:54:59,029] {dagbag.py:507} INFO - Filling up the DagBag from /opt/airflow/dags/chapter05/dags/13_taskflow_full.py
[2022-06-20 01:54:59,044] {processor.py:651} INFO - DAG(s) dict_keys(['13_taskflow_full']) retrieved from /opt/airflow/dags/chapter05/dags/13_taskflow_full.py
[2022-06-20 01:54:59,167] {logging_mixin.py:115} INFO - [2022-06-20 01:54:59,166] {dag.py:2371} INFO - Sync 1 DAGs
[2022-06-20 01:54:59,187] {logging_mixin.py:115} INFO - [2022-06-20 01:54:59,187] {dag.py:2919} INFO - Setting next_dagrun for 13_taskflow_full to 2022-06-17T00:00:00+00:00, run_after=2022-06-18T00:00:00+00:00
[2022-06-20 01:54:59,199] {processor.py:161} INFO - Processing /opt/airflow/dags/chapter05/dags/13_taskflow_full.py took 0.174 seconds
[2022-06-20 01:55:30,446] {processor.py:153} INFO - Started process (PID=971) to work on /opt/airflow/dags/chapter05/dags/13_taskflow_full.py
[2022-06-20 01:55:30,448] {processor.py:641} INFO - Processing file /opt/airflow/dags/chapter05/dags/13_taskflow_full.py for tasks to queue
[2022-06-20 01:55:30,449] {logging_mixin.py:115} INFO - [2022-06-20 01:55:30,449] {dagbag.py:507} INFO - Filling up the DagBag from /opt/airflow/dags/chapter05/dags/13_taskflow_full.py
[2022-06-20 01:55:30,462] {processor.py:651} INFO - DAG(s) dict_keys(['13_taskflow_full']) retrieved from /opt/airflow/dags/chapter05/dags/13_taskflow_full.py
[2022-06-20 01:55:30,581] {logging_mixin.py:115} INFO - [2022-06-20 01:55:30,581] {dag.py:2371} INFO - Sync 1 DAGs
[2022-06-20 01:55:30,592] {logging_mixin.py:115} INFO - [2022-06-20 01:55:30,592] {dag.py:2919} INFO - Setting next_dagrun for 13_taskflow_full to 2022-06-17T00:00:00+00:00, run_after=2022-06-18T00:00:00+00:00
[2022-06-20 01:55:30,601] {processor.py:161} INFO - Processing /opt/airflow/dags/chapter05/dags/13_taskflow_full.py took 0.157 seconds
[2022-06-20 01:56:00,829] {processor.py:153} INFO - Started process (PID=1060) to work on /opt/airflow/dags/chapter05/dags/13_taskflow_full.py
[2022-06-20 01:56:00,831] {processor.py:641} INFO - Processing file /opt/airflow/dags/chapter05/dags/13_taskflow_full.py for tasks to queue
[2022-06-20 01:56:00,832] {logging_mixin.py:115} INFO - [2022-06-20 01:56:00,832] {dagbag.py:507} INFO - Filling up the DagBag from /opt/airflow/dags/chapter05/dags/13_taskflow_full.py
[2022-06-20 01:56:00,853] {processor.py:651} INFO - DAG(s) dict_keys(['13_taskflow_full']) retrieved from /opt/airflow/dags/chapter05/dags/13_taskflow_full.py
[2022-06-20 01:56:00,877] {logging_mixin.py:115} INFO - [2022-06-20 01:56:00,877] {dag.py:2371} INFO - Sync 1 DAGs
[2022-06-20 01:56:00,985] {logging_mixin.py:115} INFO - [2022-06-20 01:56:00,985] {dag.py:2919} INFO - Setting next_dagrun for 13_taskflow_full to 2022-06-17T00:00:00+00:00, run_after=2022-06-18T00:00:00+00:00
[2022-06-20 01:56:01,000] {processor.py:161} INFO - Processing /opt/airflow/dags/chapter05/dags/13_taskflow_full.py took 0.173 seconds
[2022-06-20 01:56:31,526] {processor.py:153} INFO - Started process (PID=1149) to work on /opt/airflow/dags/chapter05/dags/13_taskflow_full.py
[2022-06-20 01:56:31,528] {processor.py:641} INFO - Processing file /opt/airflow/dags/chapter05/dags/13_taskflow_full.py for tasks to queue
[2022-06-20 01:56:31,529] {logging_mixin.py:115} INFO - [2022-06-20 01:56:31,529] {dagbag.py:507} INFO - Filling up the DagBag from /opt/airflow/dags/chapter05/dags/13_taskflow_full.py
[2022-06-20 01:56:31,544] {processor.py:651} INFO - DAG(s) dict_keys(['13_taskflow_full']) retrieved from /opt/airflow/dags/chapter05/dags/13_taskflow_full.py
[2022-06-20 01:56:31,695] {logging_mixin.py:115} INFO - [2022-06-20 01:56:31,694] {dag.py:2371} INFO - Sync 1 DAGs
[2022-06-20 01:56:31,708] {logging_mixin.py:115} INFO - [2022-06-20 01:56:31,708] {dag.py:2919} INFO - Setting next_dagrun for 13_taskflow_full to 2022-06-17T00:00:00+00:00, run_after=2022-06-18T00:00:00+00:00
[2022-06-20 01:56:31,718] {processor.py:161} INFO - Processing /opt/airflow/dags/chapter05/dags/13_taskflow_full.py took 0.194 seconds
[2022-06-20 01:57:02,381] {processor.py:153} INFO - Started process (PID=1238) to work on /opt/airflow/dags/chapter05/dags/13_taskflow_full.py
[2022-06-20 01:57:02,382] {processor.py:641} INFO - Processing file /opt/airflow/dags/chapter05/dags/13_taskflow_full.py for tasks to queue
[2022-06-20 01:57:02,383] {logging_mixin.py:115} INFO - [2022-06-20 01:57:02,383] {dagbag.py:507} INFO - Filling up the DagBag from /opt/airflow/dags/chapter05/dags/13_taskflow_full.py
[2022-06-20 01:57:02,397] {processor.py:651} INFO - DAG(s) dict_keys(['13_taskflow_full']) retrieved from /opt/airflow/dags/chapter05/dags/13_taskflow_full.py
[2022-06-20 01:57:02,503] {logging_mixin.py:115} INFO - [2022-06-20 01:57:02,502] {dag.py:2371} INFO - Sync 1 DAGs
[2022-06-20 01:57:02,514] {logging_mixin.py:115} INFO - [2022-06-20 01:57:02,514] {dag.py:2919} INFO - Setting next_dagrun for 13_taskflow_full to 2022-06-17T00:00:00+00:00, run_after=2022-06-18T00:00:00+00:00
[2022-06-20 01:57:02,521] {processor.py:161} INFO - Processing /opt/airflow/dags/chapter05/dags/13_taskflow_full.py took 0.142 seconds
[2022-06-20 01:57:33,217] {processor.py:153} INFO - Started process (PID=1327) to work on /opt/airflow/dags/chapter05/dags/13_taskflow_full.py
[2022-06-20 01:57:33,219] {processor.py:641} INFO - Processing file /opt/airflow/dags/chapter05/dags/13_taskflow_full.py for tasks to queue
[2022-06-20 01:57:33,221] {logging_mixin.py:115} INFO - [2022-06-20 01:57:33,221] {dagbag.py:507} INFO - Filling up the DagBag from /opt/airflow/dags/chapter05/dags/13_taskflow_full.py
[2022-06-20 01:57:33,239] {processor.py:651} INFO - DAG(s) dict_keys(['13_taskflow_full']) retrieved from /opt/airflow/dags/chapter05/dags/13_taskflow_full.py
[2022-06-20 01:57:33,363] {logging_mixin.py:115} INFO - [2022-06-20 01:57:33,363] {dag.py:2371} INFO - Sync 1 DAGs
[2022-06-20 01:57:33,377] {logging_mixin.py:115} INFO - [2022-06-20 01:57:33,377] {dag.py:2919} INFO - Setting next_dagrun for 13_taskflow_full to 2022-06-17T00:00:00+00:00, run_after=2022-06-18T00:00:00+00:00
[2022-06-20 01:57:33,387] {processor.py:161} INFO - Processing /opt/airflow/dags/chapter05/dags/13_taskflow_full.py took 0.173 seconds
[2022-06-20 01:58:04,195] {processor.py:153} INFO - Started process (PID=1406) to work on /opt/airflow/dags/chapter05/dags/13_taskflow_full.py
[2022-06-20 01:58:04,197] {processor.py:641} INFO - Processing file /opt/airflow/dags/chapter05/dags/13_taskflow_full.py for tasks to queue
[2022-06-20 01:58:04,198] {logging_mixin.py:115} INFO - [2022-06-20 01:58:04,197] {dagbag.py:507} INFO - Filling up the DagBag from /opt/airflow/dags/chapter05/dags/13_taskflow_full.py
[2022-06-20 01:58:04,210] {processor.py:651} INFO - DAG(s) dict_keys(['13_taskflow_full']) retrieved from /opt/airflow/dags/chapter05/dags/13_taskflow_full.py
[2022-06-20 01:58:04,328] {logging_mixin.py:115} INFO - [2022-06-20 01:58:04,328] {dag.py:2371} INFO - Sync 1 DAGs
[2022-06-20 01:58:04,343] {logging_mixin.py:115} INFO - [2022-06-20 01:58:04,343] {dag.py:2919} INFO - Setting next_dagrun for 13_taskflow_full to 2022-06-17T00:00:00+00:00, run_after=2022-06-18T00:00:00+00:00
[2022-06-20 01:58:04,355] {processor.py:161} INFO - Processing /opt/airflow/dags/chapter05/dags/13_taskflow_full.py took 0.162 seconds
[2022-06-20 01:58:35,191] {processor.py:153} INFO - Started process (PID=1495) to work on /opt/airflow/dags/chapter05/dags/13_taskflow_full.py
[2022-06-20 01:58:35,194] {processor.py:641} INFO - Processing file /opt/airflow/dags/chapter05/dags/13_taskflow_full.py for tasks to queue
[2022-06-20 01:58:35,195] {logging_mixin.py:115} INFO - [2022-06-20 01:58:35,195] {dagbag.py:507} INFO - Filling up the DagBag from /opt/airflow/dags/chapter05/dags/13_taskflow_full.py
[2022-06-20 01:58:35,218] {processor.py:651} INFO - DAG(s) dict_keys(['13_taskflow_full']) retrieved from /opt/airflow/dags/chapter05/dags/13_taskflow_full.py
[2022-06-20 01:58:35,341] {logging_mixin.py:115} INFO - [2022-06-20 01:58:35,341] {dag.py:2371} INFO - Sync 1 DAGs
[2022-06-20 01:58:35,356] {logging_mixin.py:115} INFO - [2022-06-20 01:58:35,356] {dag.py:2919} INFO - Setting next_dagrun for 13_taskflow_full to 2022-06-17T00:00:00+00:00, run_after=2022-06-18T00:00:00+00:00
[2022-06-20 01:58:35,366] {processor.py:161} INFO - Processing /opt/airflow/dags/chapter05/dags/13_taskflow_full.py took 0.177 seconds
[2022-06-20 01:59:05,777] {processor.py:153} INFO - Started process (PID=1584) to work on /opt/airflow/dags/chapter05/dags/13_taskflow_full.py
[2022-06-20 01:59:05,778] {processor.py:641} INFO - Processing file /opt/airflow/dags/chapter05/dags/13_taskflow_full.py for tasks to queue
[2022-06-20 01:59:05,779] {logging_mixin.py:115} INFO - [2022-06-20 01:59:05,779] {dagbag.py:507} INFO - Filling up the DagBag from /opt/airflow/dags/chapter05/dags/13_taskflow_full.py
[2022-06-20 01:59:05,794] {processor.py:651} INFO - DAG(s) dict_keys(['13_taskflow_full']) retrieved from /opt/airflow/dags/chapter05/dags/13_taskflow_full.py
[2022-06-20 01:59:05,911] {logging_mixin.py:115} INFO - [2022-06-20 01:59:05,911] {dag.py:2371} INFO - Sync 1 DAGs
[2022-06-20 01:59:05,928] {logging_mixin.py:115} INFO - [2022-06-20 01:59:05,928] {dag.py:2919} INFO - Setting next_dagrun for 13_taskflow_full to 2022-06-17T00:00:00+00:00, run_after=2022-06-18T00:00:00+00:00
[2022-06-20 01:59:05,936] {processor.py:161} INFO - Processing /opt/airflow/dags/chapter05/dags/13_taskflow_full.py took 0.162 seconds
[2022-06-20 01:59:36,407] {processor.py:153} INFO - Started process (PID=1673) to work on /opt/airflow/dags/chapter05/dags/13_taskflow_full.py
[2022-06-20 01:59:36,411] {processor.py:641} INFO - Processing file /opt/airflow/dags/chapter05/dags/13_taskflow_full.py for tasks to queue
[2022-06-20 01:59:36,412] {logging_mixin.py:115} INFO - [2022-06-20 01:59:36,412] {dagbag.py:507} INFO - Filling up the DagBag from /opt/airflow/dags/chapter05/dags/13_taskflow_full.py
[2022-06-20 01:59:36,426] {processor.py:651} INFO - DAG(s) dict_keys(['13_taskflow_full']) retrieved from /opt/airflow/dags/chapter05/dags/13_taskflow_full.py
[2022-06-20 01:59:36,545] {logging_mixin.py:115} INFO - [2022-06-20 01:59:36,545] {dag.py:2371} INFO - Sync 1 DAGs
[2022-06-20 01:59:36,556] {logging_mixin.py:115} INFO - [2022-06-20 01:59:36,556] {dag.py:2919} INFO - Setting next_dagrun for 13_taskflow_full to 2022-06-17T00:00:00+00:00, run_after=2022-06-18T00:00:00+00:00
[2022-06-20 01:59:36,565] {processor.py:161} INFO - Processing /opt/airflow/dags/chapter05/dags/13_taskflow_full.py took 0.161 seconds
[2022-06-20 02:00:06,903] {processor.py:153} INFO - Started process (PID=1760) to work on /opt/airflow/dags/chapter05/dags/13_taskflow_full.py
[2022-06-20 02:00:06,908] {processor.py:641} INFO - Processing file /opt/airflow/dags/chapter05/dags/13_taskflow_full.py for tasks to queue
[2022-06-20 02:00:06,910] {logging_mixin.py:115} INFO - [2022-06-20 02:00:06,910] {dagbag.py:507} INFO - Filling up the DagBag from /opt/airflow/dags/chapter05/dags/13_taskflow_full.py
[2022-06-20 02:00:06,929] {processor.py:651} INFO - DAG(s) dict_keys(['13_taskflow_full']) retrieved from /opt/airflow/dags/chapter05/dags/13_taskflow_full.py
[2022-06-20 02:00:06,947] {logging_mixin.py:115} INFO - [2022-06-20 02:00:06,947] {dag.py:2371} INFO - Sync 1 DAGs
[2022-06-20 02:00:07,032] {logging_mixin.py:115} INFO - [2022-06-20 02:00:07,032] {dag.py:2919} INFO - Setting next_dagrun for 13_taskflow_full to 2022-06-17T00:00:00+00:00, run_after=2022-06-18T00:00:00+00:00
[2022-06-20 02:00:07,040] {processor.py:161} INFO - Processing /opt/airflow/dags/chapter05/dags/13_taskflow_full.py took 0.140 seconds
[2022-06-20 02:00:37,867] {processor.py:153} INFO - Started process (PID=1850) to work on /opt/airflow/dags/chapter05/dags/13_taskflow_full.py
[2022-06-20 02:00:37,869] {processor.py:641} INFO - Processing file /opt/airflow/dags/chapter05/dags/13_taskflow_full.py for tasks to queue
[2022-06-20 02:00:37,870] {logging_mixin.py:115} INFO - [2022-06-20 02:00:37,870] {dagbag.py:507} INFO - Filling up the DagBag from /opt/airflow/dags/chapter05/dags/13_taskflow_full.py
[2022-06-20 02:00:37,886] {processor.py:651} INFO - DAG(s) dict_keys(['13_taskflow_full']) retrieved from /opt/airflow/dags/chapter05/dags/13_taskflow_full.py
[2022-06-20 02:00:38,002] {logging_mixin.py:115} INFO - [2022-06-20 02:00:38,002] {dag.py:2371} INFO - Sync 1 DAGs
[2022-06-20 02:00:38,014] {logging_mixin.py:115} INFO - [2022-06-20 02:00:38,014] {dag.py:2919} INFO - Setting next_dagrun for 13_taskflow_full to 2022-06-17T00:00:00+00:00, run_after=2022-06-18T00:00:00+00:00
[2022-06-20 02:00:38,023] {processor.py:161} INFO - Processing /opt/airflow/dags/chapter05/dags/13_taskflow_full.py took 0.158 seconds
[2022-06-20 02:01:08,291] {processor.py:153} INFO - Started process (PID=1938) to work on /opt/airflow/dags/chapter05/dags/13_taskflow_full.py
[2022-06-20 02:01:08,293] {processor.py:641} INFO - Processing file /opt/airflow/dags/chapter05/dags/13_taskflow_full.py for tasks to queue
[2022-06-20 02:01:08,295] {logging_mixin.py:115} INFO - [2022-06-20 02:01:08,295] {dagbag.py:507} INFO - Filling up the DagBag from /opt/airflow/dags/chapter05/dags/13_taskflow_full.py
[2022-06-20 02:01:08,315] {processor.py:651} INFO - DAG(s) dict_keys(['13_taskflow_full']) retrieved from /opt/airflow/dags/chapter05/dags/13_taskflow_full.py
[2022-06-20 02:01:08,453] {logging_mixin.py:115} INFO - [2022-06-20 02:01:08,452] {dag.py:2371} INFO - Sync 1 DAGs
[2022-06-20 02:01:08,467] {logging_mixin.py:115} INFO - [2022-06-20 02:01:08,467] {dag.py:2919} INFO - Setting next_dagrun for 13_taskflow_full to 2022-06-17T00:00:00+00:00, run_after=2022-06-18T00:00:00+00:00
[2022-06-20 02:01:08,481] {processor.py:161} INFO - Processing /opt/airflow/dags/chapter05/dags/13_taskflow_full.py took 0.194 seconds
[2022-06-20 02:01:38,800] {processor.py:153} INFO - Started process (PID=2016) to work on /opt/airflow/dags/chapter05/dags/13_taskflow_full.py
[2022-06-20 02:01:38,804] {processor.py:641} INFO - Processing file /opt/airflow/dags/chapter05/dags/13_taskflow_full.py for tasks to queue
[2022-06-20 02:01:38,805] {logging_mixin.py:115} INFO - [2022-06-20 02:01:38,805] {dagbag.py:507} INFO - Filling up the DagBag from /opt/airflow/dags/chapter05/dags/13_taskflow_full.py
[2022-06-20 02:01:38,822] {processor.py:651} INFO - DAG(s) dict_keys(['13_taskflow_full']) retrieved from /opt/airflow/dags/chapter05/dags/13_taskflow_full.py
[2022-06-20 02:01:38,931] {logging_mixin.py:115} INFO - [2022-06-20 02:01:38,931] {dag.py:2371} INFO - Sync 1 DAGs
[2022-06-20 02:01:38,948] {logging_mixin.py:115} INFO - [2022-06-20 02:01:38,948] {dag.py:2919} INFO - Setting next_dagrun for 13_taskflow_full to 2022-06-17T00:00:00+00:00, run_after=2022-06-18T00:00:00+00:00
[2022-06-20 02:01:38,961] {processor.py:161} INFO - Processing /opt/airflow/dags/chapter05/dags/13_taskflow_full.py took 0.163 seconds
[2022-06-20 02:02:09,689] {processor.py:153} INFO - Started process (PID=2105) to work on /opt/airflow/dags/chapter05/dags/13_taskflow_full.py
[2022-06-20 02:02:09,691] {processor.py:641} INFO - Processing file /opt/airflow/dags/chapter05/dags/13_taskflow_full.py for tasks to queue
[2022-06-20 02:02:09,692] {logging_mixin.py:115} INFO - [2022-06-20 02:02:09,692] {dagbag.py:507} INFO - Filling up the DagBag from /opt/airflow/dags/chapter05/dags/13_taskflow_full.py
[2022-06-20 02:02:09,709] {processor.py:651} INFO - DAG(s) dict_keys(['13_taskflow_full']) retrieved from /opt/airflow/dags/chapter05/dags/13_taskflow_full.py
[2022-06-20 02:02:09,821] {logging_mixin.py:115} INFO - [2022-06-20 02:02:09,821] {dag.py:2371} INFO - Sync 1 DAGs
[2022-06-20 02:02:09,836] {logging_mixin.py:115} INFO - [2022-06-20 02:02:09,836] {dag.py:2919} INFO - Setting next_dagrun for 13_taskflow_full to 2022-06-17T00:00:00+00:00, run_after=2022-06-18T00:00:00+00:00
[2022-06-20 02:02:09,847] {processor.py:161} INFO - Processing /opt/airflow/dags/chapter05/dags/13_taskflow_full.py took 0.161 seconds
[2022-06-20 02:02:40,430] {processor.py:153} INFO - Started process (PID=2194) to work on /opt/airflow/dags/chapter05/dags/13_taskflow_full.py
[2022-06-20 02:02:40,431] {processor.py:641} INFO - Processing file /opt/airflow/dags/chapter05/dags/13_taskflow_full.py for tasks to queue
[2022-06-20 02:02:40,432] {logging_mixin.py:115} INFO - [2022-06-20 02:02:40,432] {dagbag.py:507} INFO - Filling up the DagBag from /opt/airflow/dags/chapter05/dags/13_taskflow_full.py
[2022-06-20 02:02:40,449] {processor.py:651} INFO - DAG(s) dict_keys(['13_taskflow_full']) retrieved from /opt/airflow/dags/chapter05/dags/13_taskflow_full.py
[2022-06-20 02:02:40,543] {logging_mixin.py:115} INFO - [2022-06-20 02:02:40,543] {dag.py:2371} INFO - Sync 1 DAGs
[2022-06-20 02:02:40,559] {logging_mixin.py:115} INFO - [2022-06-20 02:02:40,559] {dag.py:2919} INFO - Setting next_dagrun for 13_taskflow_full to 2022-06-17T00:00:00+00:00, run_after=2022-06-18T00:00:00+00:00
[2022-06-20 02:02:40,567] {processor.py:161} INFO - Processing /opt/airflow/dags/chapter05/dags/13_taskflow_full.py took 0.139 seconds
[2022-06-20 02:03:10,976] {processor.py:153} INFO - Started process (PID=2283) to work on /opt/airflow/dags/chapter05/dags/13_taskflow_full.py
[2022-06-20 02:03:10,978] {processor.py:641} INFO - Processing file /opt/airflow/dags/chapter05/dags/13_taskflow_full.py for tasks to queue
[2022-06-20 02:03:10,979] {logging_mixin.py:115} INFO - [2022-06-20 02:03:10,979] {dagbag.py:507} INFO - Filling up the DagBag from /opt/airflow/dags/chapter05/dags/13_taskflow_full.py
[2022-06-20 02:03:10,993] {processor.py:651} INFO - DAG(s) dict_keys(['13_taskflow_full']) retrieved from /opt/airflow/dags/chapter05/dags/13_taskflow_full.py
[2022-06-20 02:03:11,091] {logging_mixin.py:115} INFO - [2022-06-20 02:03:11,091] {dag.py:2371} INFO - Sync 1 DAGs
[2022-06-20 02:03:11,100] {logging_mixin.py:115} INFO - [2022-06-20 02:03:11,100] {dag.py:2919} INFO - Setting next_dagrun for 13_taskflow_full to 2022-06-17T00:00:00+00:00, run_after=2022-06-18T00:00:00+00:00
[2022-06-20 02:03:11,108] {processor.py:161} INFO - Processing /opt/airflow/dags/chapter05/dags/13_taskflow_full.py took 0.134 seconds
[2022-06-20 02:03:41,437] {processor.py:153} INFO - Started process (PID=2372) to work on /opt/airflow/dags/chapter05/dags/13_taskflow_full.py
[2022-06-20 02:03:41,439] {processor.py:641} INFO - Processing file /opt/airflow/dags/chapter05/dags/13_taskflow_full.py for tasks to queue
[2022-06-20 02:03:41,441] {logging_mixin.py:115} INFO - [2022-06-20 02:03:41,441] {dagbag.py:507} INFO - Filling up the DagBag from /opt/airflow/dags/chapter05/dags/13_taskflow_full.py
[2022-06-20 02:03:41,458] {processor.py:651} INFO - DAG(s) dict_keys(['13_taskflow_full']) retrieved from /opt/airflow/dags/chapter05/dags/13_taskflow_full.py
[2022-06-20 02:03:41,588] {logging_mixin.py:115} INFO - [2022-06-20 02:03:41,588] {dag.py:2371} INFO - Sync 1 DAGs
[2022-06-20 02:03:41,602] {logging_mixin.py:115} INFO - [2022-06-20 02:03:41,602] {dag.py:2919} INFO - Setting next_dagrun for 13_taskflow_full to 2022-06-17T00:00:00+00:00, run_after=2022-06-18T00:00:00+00:00
[2022-06-20 02:03:41,611] {processor.py:161} INFO - Processing /opt/airflow/dags/chapter05/dags/13_taskflow_full.py took 0.176 seconds
[2022-06-20 02:04:12,312] {processor.py:153} INFO - Started process (PID=2462) to work on /opt/airflow/dags/chapter05/dags/13_taskflow_full.py
[2022-06-20 02:04:12,313] {processor.py:641} INFO - Processing file /opt/airflow/dags/chapter05/dags/13_taskflow_full.py for tasks to queue
[2022-06-20 02:04:12,315] {logging_mixin.py:115} INFO - [2022-06-20 02:04:12,315] {dagbag.py:507} INFO - Filling up the DagBag from /opt/airflow/dags/chapter05/dags/13_taskflow_full.py
[2022-06-20 02:04:12,332] {processor.py:651} INFO - DAG(s) dict_keys(['13_taskflow_full']) retrieved from /opt/airflow/dags/chapter05/dags/13_taskflow_full.py
[2022-06-20 02:04:12,444] {logging_mixin.py:115} INFO - [2022-06-20 02:04:12,444] {dag.py:2371} INFO - Sync 1 DAGs
[2022-06-20 02:04:12,464] {logging_mixin.py:115} INFO - [2022-06-20 02:04:12,464] {dag.py:2919} INFO - Setting next_dagrun for 13_taskflow_full to 2022-06-17T00:00:00+00:00, run_after=2022-06-18T00:00:00+00:00
[2022-06-20 02:04:12,475] {processor.py:161} INFO - Processing /opt/airflow/dags/chapter05/dags/13_taskflow_full.py took 0.165 seconds
[2022-06-20 02:04:42,969] {processor.py:153} INFO - Started process (PID=2541) to work on /opt/airflow/dags/chapter05/dags/13_taskflow_full.py
[2022-06-20 02:04:42,970] {processor.py:641} INFO - Processing file /opt/airflow/dags/chapter05/dags/13_taskflow_full.py for tasks to queue
[2022-06-20 02:04:42,971] {logging_mixin.py:115} INFO - [2022-06-20 02:04:42,971] {dagbag.py:507} INFO - Filling up the DagBag from /opt/airflow/dags/chapter05/dags/13_taskflow_full.py
[2022-06-20 02:04:42,989] {processor.py:651} INFO - DAG(s) dict_keys(['13_taskflow_full']) retrieved from /opt/airflow/dags/chapter05/dags/13_taskflow_full.py
[2022-06-20 02:04:43,099] {logging_mixin.py:115} INFO - [2022-06-20 02:04:43,099] {dag.py:2371} INFO - Sync 1 DAGs
[2022-06-20 02:04:43,112] {logging_mixin.py:115} INFO - [2022-06-20 02:04:43,112] {dag.py:2919} INFO - Setting next_dagrun for 13_taskflow_full to 2022-06-17T00:00:00+00:00, run_after=2022-06-18T00:00:00+00:00
[2022-06-20 02:04:43,122] {processor.py:161} INFO - Processing /opt/airflow/dags/chapter05/dags/13_taskflow_full.py took 0.154 seconds
[2022-06-20 02:05:13,716] {processor.py:153} INFO - Started process (PID=2632) to work on /opt/airflow/dags/chapter05/dags/13_taskflow_full.py
[2022-06-20 02:05:13,717] {processor.py:641} INFO - Processing file /opt/airflow/dags/chapter05/dags/13_taskflow_full.py for tasks to queue
[2022-06-20 02:05:13,719] {logging_mixin.py:115} INFO - [2022-06-20 02:05:13,719] {dagbag.py:507} INFO - Filling up the DagBag from /opt/airflow/dags/chapter05/dags/13_taskflow_full.py
[2022-06-20 02:05:13,736] {processor.py:651} INFO - DAG(s) dict_keys(['13_taskflow_full']) retrieved from /opt/airflow/dags/chapter05/dags/13_taskflow_full.py
[2022-06-20 02:05:13,869] {logging_mixin.py:115} INFO - [2022-06-20 02:05:13,869] {dag.py:2371} INFO - Sync 1 DAGs
[2022-06-20 02:05:13,885] {logging_mixin.py:115} INFO - [2022-06-20 02:05:13,885] {dag.py:2919} INFO - Setting next_dagrun for 13_taskflow_full to 2022-06-17T00:00:00+00:00, run_after=2022-06-18T00:00:00+00:00
[2022-06-20 02:05:13,895] {processor.py:161} INFO - Processing /opt/airflow/dags/chapter05/dags/13_taskflow_full.py took 0.181 seconds
[2022-06-20 02:05:44,626] {processor.py:153} INFO - Started process (PID=2721) to work on /opt/airflow/dags/chapter05/dags/13_taskflow_full.py
[2022-06-20 02:05:44,627] {processor.py:641} INFO - Processing file /opt/airflow/dags/chapter05/dags/13_taskflow_full.py for tasks to queue
[2022-06-20 02:05:44,628] {logging_mixin.py:115} INFO - [2022-06-20 02:05:44,628] {dagbag.py:507} INFO - Filling up the DagBag from /opt/airflow/dags/chapter05/dags/13_taskflow_full.py
[2022-06-20 02:05:44,722] {processor.py:651} INFO - DAG(s) dict_keys(['13_taskflow_full']) retrieved from /opt/airflow/dags/chapter05/dags/13_taskflow_full.py
[2022-06-20 02:05:44,757] {logging_mixin.py:115} INFO - [2022-06-20 02:05:44,756] {dag.py:2371} INFO - Sync 1 DAGs
[2022-06-20 02:05:44,769] {logging_mixin.py:115} INFO - [2022-06-20 02:05:44,769] {dag.py:2919} INFO - Setting next_dagrun for 13_taskflow_full to 2022-06-17T00:00:00+00:00, run_after=2022-06-18T00:00:00+00:00
[2022-06-20 02:05:44,777] {processor.py:161} INFO - Processing /opt/airflow/dags/chapter05/dags/13_taskflow_full.py took 0.154 seconds
