[2022-06-20 01:34:21,750] {taskinstance.py:1159} INFO - Dependencies all met for <TaskInstance: download_rocket_launches.download_launches scheduled__2022-06-17T00:00:00+00:00 [queued]>
[2022-06-20 01:34:21,764] {taskinstance.py:1159} INFO - Dependencies all met for <TaskInstance: download_rocket_launches.download_launches scheduled__2022-06-17T00:00:00+00:00 [queued]>
[2022-06-20 01:34:21,767] {taskinstance.py:1356} INFO - 
--------------------------------------------------------------------------------
[2022-06-20 01:34:21,771] {taskinstance.py:1357} INFO - Starting attempt 1 of 1
[2022-06-20 01:34:21,779] {taskinstance.py:1358} INFO - 
--------------------------------------------------------------------------------
[2022-06-20 01:34:21,824] {taskinstance.py:1377} INFO - Executing <Task(BashOperator): download_launches> on 2022-06-17 00:00:00+00:00
[2022-06-20 01:34:21,843] {standard_task_runner.py:79} INFO - Running: ['***', 'tasks', 'run', 'download_rocket_launches', 'download_launches', 'scheduled__2022-06-17T00:00:00+00:00', '--job-id', '34', '--raw', '--subdir', 'DAGS_FOLDER/data-pipline-book/2_1_download_rocket_launches.py', '--cfg-path', '/tmp/tmpbeo1xr6q', '--error-file', '/tmp/tmpudz9z82h']
[2022-06-20 01:34:21,849] {standard_task_runner.py:80} INFO - Job 34: Subtask download_launches
[2022-06-20 01:34:21,837] {standard_task_runner.py:52} INFO - Started process 208 to run task
[2022-06-20 01:34:21,960] {task_command.py:369} INFO - Running <TaskInstance: download_rocket_launches.download_launches scheduled__2022-06-17T00:00:00+00:00 [running]> on host b8db81cc5447
[2022-06-20 01:34:22,056] {taskinstance.py:1571} INFO - Exporting the following env vars:
AIRFLOW_CTX_DAG_OWNER=***
AIRFLOW_CTX_DAG_ID=download_rocket_launches
AIRFLOW_CTX_TASK_ID=download_launches
AIRFLOW_CTX_EXECUTION_DATE=2022-06-17T00:00:00+00:00
AIRFLOW_CTX_TRY_NUMBER=1
AIRFLOW_CTX_DAG_RUN_ID=scheduled__2022-06-17T00:00:00+00:00
[2022-06-20 01:34:22,061] {subprocess.py:62} INFO - Tmp dir root location: 
 /tmp
[2022-06-20 01:34:22,064] {subprocess.py:74} INFO - Running command: ['bash', '-c', "curl -o /tmp/launches.json -L 'https://ll.thespacedevs.com/2.0.0/launch/upcoming'"]
[2022-06-20 01:34:22,081] {subprocess.py:85} INFO - Output:
[2022-06-20 01:34:22,114] {subprocess.py:92} INFO -   % Total    % Received % Xferd  Average Speed   Time    Time     Time  Current
[2022-06-20 01:34:22,117] {subprocess.py:92} INFO -                                  Dload  Upload   Total   Spent    Left  Speed
[2022-06-20 01:34:22,909] {subprocess.py:92} INFO -   0     0    0     0    0     0      0      0 --:--:-- --:--:-- --:--:--     0  0     0    0     0    0     0      0      0 --:--:-- --:--:-- --:--:--     0  0     0    0     0    0     0      0      0 --:--:-- --:--:-- --:--:--     0
[2022-06-20 01:34:23,430] {subprocess.py:92} INFO - 100    71  100    71    0     0     54      0  0:00:01  0:00:01 --:--:--    54
[2022-06-20 01:34:23,450] {subprocess.py:96} INFO - Command exited with return code 0
[2022-06-20 01:34:23,646] {taskinstance.py:1400} INFO - Marking task as SUCCESS. dag_id=download_rocket_launches, task_id=download_launches, execution_date=20220617T000000, start_date=20220620T013421, end_date=20220620T013423
[2022-06-20 01:34:23,747] {local_task_job.py:156} INFO - Task exited with return code 0
[2022-06-20 01:34:23,828] {local_task_job.py:273} INFO - 1 downstream tasks scheduled from follow-on schedule check
[2022-06-20 01:51:10,941] {taskinstance.py:1159} INFO - Dependencies all met for <TaskInstance: download_rocket_launches.download_launches scheduled__2022-06-17T00:00:00+00:00 [queued]>
[2022-06-20 01:51:10,955] {taskinstance.py:1159} INFO - Dependencies all met for <TaskInstance: download_rocket_launches.download_launches scheduled__2022-06-17T00:00:00+00:00 [queued]>
[2022-06-20 01:51:10,958] {taskinstance.py:1356} INFO - 
--------------------------------------------------------------------------------
[2022-06-20 01:51:10,961] {taskinstance.py:1357} INFO - Starting attempt 1 of 1
[2022-06-20 01:51:10,964] {taskinstance.py:1358} INFO - 
--------------------------------------------------------------------------------
[2022-06-20 01:51:10,985] {taskinstance.py:1377} INFO - Executing <Task(BashOperator): download_launches> on 2022-06-17 00:00:00+00:00
[2022-06-20 01:51:10,991] {standard_task_runner.py:52} INFO - Started process 157 to run task
[2022-06-20 01:51:10,996] {standard_task_runner.py:79} INFO - Running: ['***', 'tasks', 'run', 'download_rocket_launches', 'download_launches', 'scheduled__2022-06-17T00:00:00+00:00', '--job-id', '14', '--raw', '--subdir', 'DAGS_FOLDER/chapter02/dags/download_rocket_launches.py', '--cfg-path', '/tmp/tmpb0ki0znv', '--error-file', '/tmp/tmpicqt0blz']
[2022-06-20 01:51:10,998] {standard_task_runner.py:80} INFO - Job 14: Subtask download_launches
[2022-06-20 01:51:11,091] {task_command.py:369} INFO - Running <TaskInstance: download_rocket_launches.download_launches scheduled__2022-06-17T00:00:00+00:00 [running]> on host b39ea3d1be4a
[2022-06-20 01:51:11,158] {taskinstance.py:1571} INFO - Exporting the following env vars:
AIRFLOW_CTX_DAG_OWNER=***
AIRFLOW_CTX_DAG_ID=download_rocket_launches
AIRFLOW_CTX_TASK_ID=download_launches
AIRFLOW_CTX_EXECUTION_DATE=2022-06-17T00:00:00+00:00
AIRFLOW_CTX_TRY_NUMBER=1
AIRFLOW_CTX_DAG_RUN_ID=scheduled__2022-06-17T00:00:00+00:00
[2022-06-20 01:51:11,161] {subprocess.py:62} INFO - Tmp dir root location: 
 /tmp
[2022-06-20 01:51:11,164] {subprocess.py:74} INFO - Running command: ['bash', '-c', "curl -o /tmp/launches.json -L 'https://ll.thespacedevs.com/2.0.0/launch/upcoming'"]
[2022-06-20 01:51:11,191] {subprocess.py:85} INFO - Output:
[2022-06-20 01:51:11,207] {subprocess.py:92} INFO -   % Total    % Received % Xferd  Average Speed   Time    Time     Time  Current
[2022-06-20 01:51:11,209] {subprocess.py:92} INFO -                                  Dload  Upload   Total   Spent    Left  Speed
[2022-06-20 01:51:12,662] {subprocess.py:92} INFO -   0     0    0     0    0     0      0      0 --:--:-- --:--:-- --:--:--     0  0     0    0     0    0     0      0      0 --:--:-- --:--:-- --:--:--     0  0     0    0     0    0     0      0      0 --:--:--  0:00:01 --:--:--     0
[2022-06-20 01:51:13,632] {subprocess.py:92} INFO - 100    71  100    71    0     0     29      0  0:00:02  0:00:02 --:--:--    29100    71  100    71    0     0     29      0  0:00:02  0:00:02 --:--:--     0
[2022-06-20 01:51:13,656] {subprocess.py:96} INFO - Command exited with return code 0
[2022-06-20 01:51:13,752] {taskinstance.py:1400} INFO - Marking task as SUCCESS. dag_id=download_rocket_launches, task_id=download_launches, execution_date=20220617T000000, start_date=20220620T015110, end_date=20220620T015113
[2022-06-20 01:51:13,824] {local_task_job.py:156} INFO - Task exited with return code 0
[2022-06-20 01:51:13,945] {local_task_job.py:273} INFO - 1 downstream tasks scheduled from follow-on schedule check
