[2022-06-12 09:55:33,792] {taskinstance.py:1159} INFO - Dependencies all met for <TaskInstance: listing_2_10.get_pictures scheduled__2022-06-09T00:00:00+00:00 [queued]>
[2022-06-12 09:55:33,807] {taskinstance.py:1159} INFO - Dependencies all met for <TaskInstance: listing_2_10.get_pictures scheduled__2022-06-09T00:00:00+00:00 [queued]>
[2022-06-12 09:55:33,811] {taskinstance.py:1356} INFO - 
--------------------------------------------------------------------------------
[2022-06-12 09:55:33,820] {taskinstance.py:1357} INFO - Starting attempt 1 of 1
[2022-06-12 09:55:33,823] {taskinstance.py:1358} INFO - 
--------------------------------------------------------------------------------
[2022-06-12 09:55:33,864] {taskinstance.py:1377} INFO - Executing <Task(PythonOperator): get_pictures> on 2022-06-09 00:00:00+00:00
[2022-06-12 09:55:33,883] {standard_task_runner.py:52} INFO - Started process 159 to run task
[2022-06-12 09:55:33,893] {standard_task_runner.py:79} INFO - Running: ['***', 'tasks', 'run', 'listing_2_10', 'get_pictures', 'scheduled__2022-06-09T00:00:00+00:00', '--job-id', '38', '--raw', '--subdir', 'DAGS_FOLDER/listing_2_10.py', '--cfg-path', '/tmp/tmpm4wzjjpl', '--error-file', '/tmp/tmppvav78an']
[2022-06-12 09:55:33,909] {standard_task_runner.py:80} INFO - Job 38: Subtask get_pictures
[2022-06-12 09:55:34,032] {task_command.py:369} INFO - Running <TaskInstance: listing_2_10.get_pictures scheduled__2022-06-09T00:00:00+00:00 [running]> on host 48de8cc79e8d
[2022-06-12 09:55:34,105] {taskinstance.py:1571} INFO - Exporting the following env vars:
AIRFLOW_CTX_DAG_OWNER=***
AIRFLOW_CTX_DAG_ID=listing_2_10
AIRFLOW_CTX_TASK_ID=get_pictures
AIRFLOW_CTX_EXECUTION_DATE=2022-06-09T00:00:00+00:00
AIRFLOW_CTX_TRY_NUMBER=1
AIRFLOW_CTX_DAG_RUN_ID=scheduled__2022-06-09T00:00:00+00:00
[2022-06-12 09:55:35,297] {logging_mixin.py:115} INFO - Downloaded https://spacelaunchnow-prod-east.nyc3.digitaloceanspaces.com/media/launch_images/astra2520rocke_image_20220608181903.jpeg to /tmp/images/astra2520rocke_image_20220608181903.jpeg
[2022-06-12 09:55:38,056] {logging_mixin.py:115} INFO - Downloaded https://spacelaunchnow-prod-east.nyc3.digitaloceanspaces.com/media/launcher_images/nuri_image_20211020165148.jpg to /tmp/images/nuri_image_20211020165148.jpg
[2022-06-12 09:55:47,767] {logging_mixin.py:115} INFO - Downloaded https://spacelaunchnow-prod-east.nyc3.digitaloceanspaces.com/media/launch_images/falcon2520925_image_20220520120044.png to /tmp/images/falcon2520925_image_20220520120044.png
[2022-06-12 09:55:59,650] {logging_mixin.py:115} INFO - Downloaded https://spacelaunchnow-prod-east.nyc3.digitaloceanspaces.com/media/launcher_images/falcon_9_block__image_20210506060831.jpg to /tmp/images/falcon_9_block__image_20210506060831.jpg
[2022-06-12 09:56:04,289] {logging_mixin.py:115} INFO - Downloaded https://spacelaunchnow-prod-east.nyc3.digitaloceanspaces.com/media/launcher_images/falcon_9_block__image_20210506060831.jpg to /tmp/images/falcon_9_block__image_20210506060831.jpg
[2022-06-12 09:56:07,191] {logging_mixin.py:115} INFO - Downloaded https://spacelaunchnow-prod-east.nyc3.digitaloceanspaces.com/media/launcher_images/ariane_5_eca25_image_20200220090552.jpeg to /tmp/images/ariane_5_eca25_image_20200220090552.jpeg
[2022-06-12 09:56:10,722] {logging_mixin.py:115} INFO - Downloaded https://spacelaunchnow-prod-east.nyc3.digitaloceanspaces.com/media/launcher_images/electron_image_20190705175640.jpeg to /tmp/images/electron_image_20190705175640.jpeg
[2022-06-12 09:56:23,332] {logging_mixin.py:115} INFO - Downloaded https://spacelaunchnow-prod-east.nyc3.digitaloceanspaces.com/media/launch_images/falcon2520925_image_20210922155026.jpeg to /tmp/images/falcon2520925_image_20210922155026.jpeg
[2022-06-12 09:56:35,494] {logging_mixin.py:115} INFO - Downloaded https://spacelaunchnow-prod-east.nyc3.digitaloceanspaces.com/media/launcher_images/falcon_9_block__image_20210506060831.jpg to /tmp/images/falcon_9_block__image_20210506060831.jpg
[2022-06-12 09:56:43,704] {logging_mixin.py:115} INFO - Downloaded https://spacelaunchnow-prod-east.nyc3.digitaloceanspaces.com/media/launcher_images/atlas2520v2520541_image_20190224012314.jpeg to /tmp/images/atlas2520v2520541_image_20190224012314.jpeg
[2022-06-12 09:56:43,707] {python.py:173} INFO - Done. Returned value was: None
[2022-06-12 09:56:43,725] {taskinstance.py:1400} INFO - Marking task as SUCCESS. dag_id=listing_2_10, task_id=get_pictures, execution_date=20220609T000000, start_date=20220612T095533, end_date=20220612T095643
[2022-06-12 09:56:43,752] {local_task_job.py:156} INFO - Task exited with return code 0
[2022-06-12 09:56:43,778] {local_task_job.py:273} INFO - 1 downstream tasks scheduled from follow-on schedule check
[2022-06-20 01:39:10,308] {taskinstance.py:1159} INFO - Dependencies all met for <TaskInstance: listing_2_10.get_pictures scheduled__2022-06-09T00:00:00+00:00 [queued]>
[2022-06-20 01:39:10,336] {taskinstance.py:1159} INFO - Dependencies all met for <TaskInstance: listing_2_10.get_pictures scheduled__2022-06-09T00:00:00+00:00 [queued]>
[2022-06-20 01:39:10,340] {taskinstance.py:1356} INFO - 
--------------------------------------------------------------------------------
[2022-06-20 01:39:10,343] {taskinstance.py:1357} INFO - Starting attempt 1 of 1
[2022-06-20 01:39:10,348] {taskinstance.py:1358} INFO - 
--------------------------------------------------------------------------------
[2022-06-20 01:39:10,378] {taskinstance.py:1377} INFO - Executing <Task(PythonOperator): get_pictures> on 2022-06-09 00:00:00+00:00
[2022-06-20 01:39:10,391] {standard_task_runner.py:52} INFO - Started process 826 to run task
[2022-06-20 01:39:10,416] {standard_task_runner.py:79} INFO - Running: ['***', 'tasks', 'run', 'listing_2_10', 'get_pictures', 'scheduled__2022-06-09T00:00:00+00:00', '--job-id', '130', '--raw', '--subdir', 'DAGS_FOLDER/data-pipline-book/3_1_scheduled_dag.py', '--cfg-path', '/tmp/tmpakqn34ef', '--error-file', '/tmp/tmpvdhimk90']
[2022-06-20 01:39:10,430] {standard_task_runner.py:80} INFO - Job 130: Subtask get_pictures
[2022-06-20 01:39:10,557] {task_command.py:369} INFO - Running <TaskInstance: listing_2_10.get_pictures scheduled__2022-06-09T00:00:00+00:00 [running]> on host b8db81cc5447
[2022-06-20 01:39:10,638] {taskinstance.py:1571} INFO - Exporting the following env vars:
AIRFLOW_CTX_DAG_OWNER=***
AIRFLOW_CTX_DAG_ID=listing_2_10
AIRFLOW_CTX_TASK_ID=get_pictures
AIRFLOW_CTX_EXECUTION_DATE=2022-06-09T00:00:00+00:00
AIRFLOW_CTX_TRY_NUMBER=1
AIRFLOW_CTX_DAG_RUN_ID=scheduled__2022-06-09T00:00:00+00:00
[2022-06-20 01:39:10,646] {taskinstance.py:1889} ERROR - Task failed with exception
Traceback (most recent call last):
  File "/home/airflow/.local/lib/python3.7/site-packages/airflow/operators/python.py", line 171, in execute
    return_value = self.execute_callable()
  File "/home/airflow/.local/lib/python3.7/site-packages/airflow/operators/python.py", line 189, in execute_callable
    return self.python_callable(*self.op_args, **self.op_kwargs)
  File "/opt/airflow/dags/data-pipline-book/3_1_scheduled_dag.py", line 31, in _get_pictures
    image_urls = [launch["image"] for launch in launches["results"]]
KeyError: 'results'
[2022-06-20 01:39:10,660] {taskinstance.py:1400} INFO - Marking task as FAILED. dag_id=listing_2_10, task_id=get_pictures, execution_date=20220609T000000, start_date=20220620T013910, end_date=20220620T013910
[2022-06-20 01:39:10,680] {standard_task_runner.py:97} ERROR - Failed to execute job 130 for task get_pictures ('results'; 826)
[2022-06-20 01:39:10,736] {local_task_job.py:156} INFO - Task exited with return code 1
[2022-06-20 01:39:10,827] {local_task_job.py:273} INFO - 0 downstream tasks scheduled from follow-on schedule check
