[2022-06-12 09:55:29,217] {taskinstance.py:1159} INFO - Dependencies all met for <TaskInstance: listing_2_10.download_launches scheduled__2022-06-02T00:00:00+00:00 [queued]>
[2022-06-12 09:55:29,229] {taskinstance.py:1159} INFO - Dependencies all met for <TaskInstance: listing_2_10.download_launches scheduled__2022-06-02T00:00:00+00:00 [queued]>
[2022-06-12 09:55:29,232] {taskinstance.py:1356} INFO - 
--------------------------------------------------------------------------------
[2022-06-12 09:55:29,234] {taskinstance.py:1357} INFO - Starting attempt 1 of 1
[2022-06-12 09:55:29,234] {taskinstance.py:1358} INFO - 
--------------------------------------------------------------------------------
[2022-06-12 09:55:29,248] {taskinstance.py:1377} INFO - Executing <Task(BashOperator): download_launches> on 2022-06-02 00:00:00+00:00
[2022-06-12 09:55:29,256] {standard_task_runner.py:52} INFO - Started process 82 to run task
[2022-06-12 09:55:29,265] {standard_task_runner.py:79} INFO - Running: ['***', 'tasks', 'run', 'listing_2_10', 'download_launches', 'scheduled__2022-06-02T00:00:00+00:00', '--job-id', '15', '--raw', '--subdir', 'DAGS_FOLDER/listing_2_10.py', '--cfg-path', '/tmp/tmpt1zclin0', '--error-file', '/tmp/tmprsu9wtxp']
[2022-06-12 09:55:29,267] {standard_task_runner.py:80} INFO - Job 15: Subtask download_launches
[2022-06-12 09:55:29,365] {task_command.py:369} INFO - Running <TaskInstance: listing_2_10.download_launches scheduled__2022-06-02T00:00:00+00:00 [running]> on host 48de8cc79e8d
[2022-06-12 09:55:29,453] {taskinstance.py:1571} INFO - Exporting the following env vars:
AIRFLOW_CTX_DAG_OWNER=***
AIRFLOW_CTX_DAG_ID=listing_2_10
AIRFLOW_CTX_TASK_ID=download_launches
AIRFLOW_CTX_EXECUTION_DATE=2022-06-02T00:00:00+00:00
AIRFLOW_CTX_TRY_NUMBER=1
AIRFLOW_CTX_DAG_RUN_ID=scheduled__2022-06-02T00:00:00+00:00
[2022-06-12 09:55:29,458] {subprocess.py:62} INFO - Tmp dir root location: 
 /tmp
[2022-06-12 09:55:29,459] {subprocess.py:74} INFO - Running command: ['bash', '-c', "curl -o /tmp/launches.json -L 'https://ll.thespacedevs.com/2.0.0/launch/upcoming'"]
[2022-06-12 09:55:29,472] {subprocess.py:85} INFO - Output:
[2022-06-12 09:55:29,479] {subprocess.py:92} INFO -   % Total    % Received % Xferd  Average Speed   Time    Time     Time  Current
[2022-06-12 09:55:29,480] {subprocess.py:92} INFO -                                  Dload  Upload   Total   Spent    Left  Speed
[2022-06-12 09:55:30,425] {subprocess.py:92} INFO -   0     0    0     0    0     0      0      0 --:--:-- --:--:-- --:--:--     0  0     0    0     0    0     0      0      0 --:--:-- --:--:-- --:--:--     0  0     0    0     0    0     0      0      0 --:--:-- --:--:-- --:--:--     0
[2022-06-12 09:55:30,838] {subprocess.py:92} INFO -  16 24823   16  4096    0     0   3444      0  0:00:07  0:00:01  0:00:06  3444100 24823  100 24823    0     0  18306      0  0:00:01  0:00:01 --:--:--  121k
[2022-06-12 09:55:30,840] {subprocess.py:96} INFO - Command exited with return code 0
[2022-06-12 09:55:31,013] {taskinstance.py:1400} INFO - Marking task as SUCCESS. dag_id=listing_2_10, task_id=download_launches, execution_date=20220602T000000, start_date=20220612T095529, end_date=20220612T095531
[2022-06-12 09:55:31,067] {local_task_job.py:156} INFO - Task exited with return code 0
[2022-06-12 09:55:31,299] {local_task_job.py:273} INFO - 1 downstream tasks scheduled from follow-on schedule check
