[2022-06-20 01:39:08,019] {taskinstance.py:1159} INFO - Dependencies all met for <TaskInstance: listing_2_10.download_launches scheduled__2022-06-13T00:00:00+00:00 [queued]>
[2022-06-20 01:39:08,032] {taskinstance.py:1159} INFO - Dependencies all met for <TaskInstance: listing_2_10.download_launches scheduled__2022-06-13T00:00:00+00:00 [queued]>
[2022-06-20 01:39:08,034] {taskinstance.py:1356} INFO - 
--------------------------------------------------------------------------------
[2022-06-20 01:39:08,035] {taskinstance.py:1357} INFO - Starting attempt 1 of 1
[2022-06-20 01:39:08,041] {taskinstance.py:1358} INFO - 
--------------------------------------------------------------------------------
[2022-06-20 01:39:08,080] {taskinstance.py:1377} INFO - Executing <Task(BashOperator): download_launches> on 2022-06-13 00:00:00+00:00
[2022-06-20 01:39:08,088] {standard_task_runner.py:52} INFO - Started process 794 to run task
[2022-06-20 01:39:08,105] {standard_task_runner.py:79} INFO - Running: ['***', 'tasks', 'run', 'listing_2_10', 'download_launches', 'scheduled__2022-06-13T00:00:00+00:00', '--job-id', '121', '--raw', '--subdir', 'DAGS_FOLDER/data-pipline-book/3_1_scheduled_dag.py', '--cfg-path', '/tmp/tmpql7r3t_c', '--error-file', '/tmp/tmpaa3ftrfu']
[2022-06-20 01:39:08,108] {standard_task_runner.py:80} INFO - Job 121: Subtask download_launches
[2022-06-20 01:39:08,218] {task_command.py:369} INFO - Running <TaskInstance: listing_2_10.download_launches scheduled__2022-06-13T00:00:00+00:00 [running]> on host b8db81cc5447
[2022-06-20 01:39:08,302] {taskinstance.py:1571} INFO - Exporting the following env vars:
AIRFLOW_CTX_DAG_OWNER=***
AIRFLOW_CTX_DAG_ID=listing_2_10
AIRFLOW_CTX_TASK_ID=download_launches
AIRFLOW_CTX_EXECUTION_DATE=2022-06-13T00:00:00+00:00
AIRFLOW_CTX_TRY_NUMBER=1
AIRFLOW_CTX_DAG_RUN_ID=scheduled__2022-06-13T00:00:00+00:00
[2022-06-20 01:39:08,306] {subprocess.py:62} INFO - Tmp dir root location: 
 /tmp
[2022-06-20 01:39:08,308] {subprocess.py:74} INFO - Running command: ['bash', '-c', "curl -o /tmp/launches.json -L 'https://ll.thespacedevs.com/2.0.0/launch/upcoming'"]
[2022-06-20 01:39:08,337] {subprocess.py:85} INFO - Output:
[2022-06-20 01:39:08,348] {subprocess.py:92} INFO -   % Total    % Received % Xferd  Average Speed   Time    Time     Time  Current
[2022-06-20 01:39:08,351] {subprocess.py:92} INFO -                                  Dload  Upload   Total   Spent    Left  Speed
[2022-06-20 01:39:09,620] {subprocess.py:92} INFO -   0     0    0     0    0     0      0      0 --:--:-- --:--:-- --:--:--     0  0     0    0     0    0     0      0      0 --:--:-- --:--:-- --:--:--     0  0     0    0     0    0     0      0      0 --:--:--  0:00:01 --:--:--     0
[2022-06-20 01:39:10,151] {subprocess.py:92} INFO - 100    71  100    71    0     0     39      0  0:00:01  0:00:01 --:--:--    39100    71  100    71    0     0     39      0  0:00:01  0:00:01 --:--:--     0
[2022-06-20 01:39:10,158] {subprocess.py:96} INFO - Command exited with return code 0
[2022-06-20 01:39:10,292] {taskinstance.py:1400} INFO - Marking task as SUCCESS. dag_id=listing_2_10, task_id=download_launches, execution_date=20220613T000000, start_date=20220620T013908, end_date=20220620T013910
[2022-06-20 01:39:10,362] {local_task_job.py:156} INFO - Task exited with return code 0
[2022-06-20 01:39:10,461] {local_task_job.py:273} INFO - 1 downstream tasks scheduled from follow-on schedule check
