[2022-06-20 01:19:38,635] {taskinstance.py:1159} INFO - Dependencies all met for <TaskInstance: listing_4_03.print_context scheduled__2022-06-19T00:00:00+00:00 [queued]>
[2022-06-20 01:19:38,648] {taskinstance.py:1159} INFO - Dependencies all met for <TaskInstance: listing_4_03.print_context scheduled__2022-06-19T00:00:00+00:00 [queued]>
[2022-06-20 01:19:38,653] {taskinstance.py:1356} INFO - 
--------------------------------------------------------------------------------
[2022-06-20 01:19:38,655] {taskinstance.py:1357} INFO - Starting attempt 1 of 1
[2022-06-20 01:19:38,662] {taskinstance.py:1358} INFO - 
--------------------------------------------------------------------------------
[2022-06-20 01:19:38,744] {taskinstance.py:1377} INFO - Executing <Task(PythonOperator): print_context> on 2022-06-19 00:00:00+00:00
[2022-06-20 01:19:38,785] {standard_task_runner.py:52} INFO - Started process 96 to run task
[2022-06-20 01:19:38,829] {standard_task_runner.py:79} INFO - Running: ['***', 'tasks', 'run', 'listing_4_03', 'print_context', 'scheduled__2022-06-19T00:00:00+00:00', '--job-id', '190', '--raw', '--subdir', 'DAGS_FOLDER/listing_4_3.py', '--cfg-path', '/tmp/tmp6zd1xeos', '--error-file', '/tmp/tmpnnrsh2av']
[2022-06-20 01:19:38,831] {standard_task_runner.py:80} INFO - Job 190: Subtask print_context
[2022-06-20 01:19:39,162] {task_command.py:369} INFO - Running <TaskInstance: listing_4_03.print_context scheduled__2022-06-19T00:00:00+00:00 [running]> on host 48de8cc79e8d
[2022-06-20 01:19:39,732] {taskinstance.py:1571} INFO - Exporting the following env vars:
AIRFLOW_CTX_DAG_OWNER=***
AIRFLOW_CTX_DAG_ID=listing_4_03
AIRFLOW_CTX_TASK_ID=print_context
AIRFLOW_CTX_EXECUTION_DATE=2022-06-19T00:00:00+00:00
AIRFLOW_CTX_TRY_NUMBER=1
AIRFLOW_CTX_DAG_RUN_ID=scheduled__2022-06-19T00:00:00+00:00
[2022-06-20 01:19:39,740] {logging_mixin.py:115} INFO - {'conf': <***.configuration.AirflowConfigParser object at 0xffffa484ec50>, 'dag': <DAG: listing_4_03>, 'dag_run': <DagRun listing_4_03 @ 2022-06-19 00:00:00+00:00: scheduled__2022-06-19T00:00:00+00:00, externally triggered: False>, 'data_interval_end': DateTime(2022, 6, 20, 0, 0, 0, tzinfo=Timezone('UTC')), 'data_interval_start': DateTime(2022, 6, 19, 0, 0, 0, tzinfo=Timezone('UTC')), 'ds': '2022-06-19', 'ds_nodash': '20220619', 'execution_date': <Proxy at 0xffff8e415140 with factory functools.partial(<function lazy_mapping_from_context.<locals>._deprecated_proxy_factory at 0xffff8e3b08c0>, 'execution_date', DateTime(2022, 6, 19, 0, 0, 0, tzinfo=Timezone('UTC')))>, 'inlets': [], 'logical_date': DateTime(2022, 6, 19, 0, 0, 0, tzinfo=Timezone('UTC')), 'macros': <module '***.macros' from '/home/***/.local/lib/python3.7/site-packages/***/macros/__init__.py'>, 'next_ds': <Proxy at 0xffff8e3c3410 with factory functools.partial(<function lazy_mapping_from_context.<locals>._deprecated_proxy_factory at 0xffff8e3b08c0>, 'next_ds', '2022-06-20')>, 'next_ds_nodash': <Proxy at 0xffff8e3c3460 with factory functools.partial(<function lazy_mapping_from_context.<locals>._deprecated_proxy_factory at 0xffff8e3b08c0>, 'next_ds_nodash', '20220620')>, 'next_execution_date': <Proxy at 0xffff8e3c34b0 with factory functools.partial(<function lazy_mapping_from_context.<locals>._deprecated_proxy_factory at 0xffff8e3b08c0>, 'next_execution_date', DateTime(2022, 6, 20, 0, 0, 0, tzinfo=Timezone('UTC')))>, 'outlets': [], 'params': {}, 'prev_data_interval_start_success': DateTime(2022, 6, 14, 0, 0, 0, tzinfo=Timezone('UTC')), 'prev_data_interval_end_success': DateTime(2022, 6, 15, 0, 0, 0, tzinfo=Timezone('UTC')), 'prev_ds': <Proxy at 0xffff8e3c3500 with factory functools.partial(<function lazy_mapping_from_context.<locals>._deprecated_proxy_factory at 0xffff8e3b08c0>, 'prev_ds', '2022-06-18')>, 'prev_ds_nodash': <Proxy at 0xffff8e3c3550 with factory functools.partial(<function lazy_mapping_from_context.<locals>._deprecated_proxy_factory at 0xffff8e3b08c0>, 'prev_ds_nodash', '20220618')>, 'prev_execution_date': <Proxy at 0xffff8e3c35a0 with factory functools.partial(<function lazy_mapping_from_context.<locals>._deprecated_proxy_factory at 0xffff8e3b08c0>, 'prev_execution_date', DateTime(2022, 6, 18, 0, 0, 0, tzinfo=Timezone('UTC')))>, 'prev_execution_date_success': <Proxy at 0xffff8e3c35f0 with factory functools.partial(<function lazy_mapping_from_context.<locals>._deprecated_proxy_factory at 0xffff8e3b08c0>, 'prev_execution_date_success', DateTime(2022, 6, 14, 0, 0, 0, tzinfo=Timezone('UTC')))>, 'prev_start_date_success': DateTime(2022, 6, 15, 0, 0, 0, 908360, tzinfo=Timezone('UTC')), 'run_id': 'scheduled__2022-06-19T00:00:00+00:00', 'task': <Task(PythonOperator): print_context>, 'task_instance': <TaskInstance: listing_4_03.print_context scheduled__2022-06-19T00:00:00+00:00 [running]>, 'task_instance_key_str': 'listing_4_03__print_context__20220619', 'test_mode': False, 'ti': <TaskInstance: listing_4_03.print_context scheduled__2022-06-19T00:00:00+00:00 [running]>, 'tomorrow_ds': <Proxy at 0xffff8e3c3640 with factory functools.partial(<function lazy_mapping_from_context.<locals>._deprecated_proxy_factory at 0xffff8e3b08c0>, 'tomorrow_ds', '2022-06-20')>, 'tomorrow_ds_nodash': <Proxy at 0xffff8e3c3690 with factory functools.partial(<function lazy_mapping_from_context.<locals>._deprecated_proxy_factory at 0xffff8e3b08c0>, 'tomorrow_ds_nodash', '20220620')>, 'ts': '2022-06-19T00:00:00+00:00', 'ts_nodash': '20220619T000000', 'ts_nodash_with_tz': '20220619T000000+0000', 'var': {'json': None, 'value': None}, 'conn': None, 'yesterday_ds': <Proxy at 0xffff8e3c36e0 with factory functools.partial(<function lazy_mapping_from_context.<locals>._deprecated_proxy_factory at 0xffff8e3b08c0>, 'yesterday_ds', '2022-06-18')>, 'yesterday_ds_nodash': <Proxy at 0xffff8e3c3730 with factory functools.partial(<function lazy_mapping_from_context.<locals>._deprecated_proxy_factory at 0xffff8e3b08c0>, 'yesterday_ds_nodash', '20220618')>, 'templates_dict': None}
[2022-06-20 01:19:39,745] {python.py:173} INFO - Done. Returned value was: None
[2022-06-20 01:19:39,798] {taskinstance.py:1400} INFO - Marking task as SUCCESS. dag_id=listing_4_03, task_id=print_context, execution_date=20220619T000000, start_date=20220620T011938, end_date=20220620T011939
[2022-06-20 01:19:39,906] {local_task_job.py:156} INFO - Task exited with return code 0
[2022-06-20 01:19:40,029] {local_task_job.py:273} INFO - 0 downstream tasks scheduled from follow-on schedule check
