[2022-06-21 00:00:01,107] {taskinstance.py:1159} INFO - Dependencies all met for <TaskInstance: download_rocket_launches.download_launches scheduled__2022-06-20T00:00:00+00:00 [queued]>
[2022-06-21 00:00:01,117] {taskinstance.py:1159} INFO - Dependencies all met for <TaskInstance: download_rocket_launches.download_launches scheduled__2022-06-20T00:00:00+00:00 [queued]>
[2022-06-21 00:00:01,118] {taskinstance.py:1356} INFO - 
--------------------------------------------------------------------------------
[2022-06-21 00:00:01,119] {taskinstance.py:1357} INFO - Starting attempt 1 of 1
[2022-06-21 00:00:01,121] {taskinstance.py:1358} INFO - 
--------------------------------------------------------------------------------
[2022-06-21 00:00:01,133] {taskinstance.py:1377} INFO - Executing <Task(BashOperator): download_launches> on 2022-06-20 00:00:00+00:00
[2022-06-21 00:00:01,140] {standard_task_runner.py:52} INFO - Started process 19263 to run task
[2022-06-21 00:00:01,143] {standard_task_runner.py:79} INFO - Running: ['***', 'tasks', 'run', 'download_rocket_launches', 'download_launches', 'scheduled__2022-06-20T00:00:00+00:00', '--job-id', '57', '--raw', '--subdir', 'DAGS_FOLDER/chapter02/download_rocket.py', '--cfg-path', '/tmp/tmpw9zdq0tf', '--error-file', '/tmp/tmpmq72u_zo']
[2022-06-21 00:00:01,144] {standard_task_runner.py:80} INFO - Job 57: Subtask download_launches
[2022-06-21 00:00:01,192] {task_command.py:369} INFO - Running <TaskInstance: download_rocket_launches.download_launches scheduled__2022-06-20T00:00:00+00:00 [running]> on host 69ff35f06aa7
[2022-06-21 00:00:01,242] {taskinstance.py:1571} INFO - Exporting the following env vars:
AIRFLOW_CTX_DAG_OWNER=***
AIRFLOW_CTX_DAG_ID=download_rocket_launches
AIRFLOW_CTX_TASK_ID=download_launches
AIRFLOW_CTX_EXECUTION_DATE=2022-06-20T00:00:00+00:00
AIRFLOW_CTX_TRY_NUMBER=1
AIRFLOW_CTX_DAG_RUN_ID=scheduled__2022-06-20T00:00:00+00:00
[2022-06-21 00:00:01,245] {subprocess.py:62} INFO - Tmp dir root location: 
 /tmp
[2022-06-21 00:00:01,246] {subprocess.py:74} INFO - Running command: ['bash', '-c', "curl -o /tmp/launches.json -L 'https://ll.thespacedevs.com/2.0.0/launch/upcoming'"]
[2022-06-21 00:00:01,256] {subprocess.py:85} INFO - Output:
[2022-06-21 00:00:01,264] {subprocess.py:92} INFO -   % Total    % Received % Xferd  Average Speed   Time    Time     Time  Current
[2022-06-21 00:00:01,266] {subprocess.py:92} INFO -                                  Dload  Upload   Total   Spent    Left  Speed
[2022-06-21 00:00:02,215] {subprocess.py:92} INFO -   0     0    0     0    0     0      0      0 --:--:-- --:--:-- --:--:--     0  0     0    0     0    0     0      0      0 --:--:-- --:--:-- --:--:--     0  0     0    0     0    0     0      0      0 --:--:-- --:--:-- --:--:--     0
[2022-06-21 00:00:02,803] {subprocess.py:92} INFO -  68 21152   68 14392    0     0   9810      0  0:00:02  0:00:01  0:00:01  9810100 21152  100 21152    0     0  13743      0  0:00:01  0:00:01 --:--:-- 95211
[2022-06-21 00:00:02,816] {subprocess.py:96} INFO - Command exited with return code 0
[2022-06-21 00:00:02,875] {taskinstance.py:1400} INFO - Marking task as SUCCESS. dag_id=download_rocket_launches, task_id=download_launches, execution_date=20220620T000000, start_date=20220621T000001, end_date=20220621T000002
[2022-06-21 00:00:02,907] {local_task_job.py:156} INFO - Task exited with return code 0
[2022-06-21 00:00:02,947] {local_task_job.py:273} INFO - 1 downstream tasks scheduled from follow-on schedule check
