[2022-06-12 09:55:30,290] {taskinstance.py:1159} INFO - Dependencies all met for <TaskInstance: listing_2_10.download_launches scheduled__2022-06-08T00:00:00+00:00 [queued]>
[2022-06-12 09:55:30,298] {taskinstance.py:1159} INFO - Dependencies all met for <TaskInstance: listing_2_10.download_launches scheduled__2022-06-08T00:00:00+00:00 [queued]>
[2022-06-12 09:55:30,302] {taskinstance.py:1356} INFO - 
--------------------------------------------------------------------------------
[2022-06-12 09:55:30,304] {taskinstance.py:1357} INFO - Starting attempt 1 of 1
[2022-06-12 09:55:30,312] {taskinstance.py:1358} INFO - 
--------------------------------------------------------------------------------
[2022-06-12 09:55:30,332] {taskinstance.py:1377} INFO - Executing <Task(BashOperator): download_launches> on 2022-06-08 00:00:00+00:00
[2022-06-12 09:55:30,338] {standard_task_runner.py:52} INFO - Started process 107 to run task
[2022-06-12 09:55:30,346] {standard_task_runner.py:79} INFO - Running: ['***', 'tasks', 'run', 'listing_2_10', 'download_launches', 'scheduled__2022-06-08T00:00:00+00:00', '--job-id', '21', '--raw', '--subdir', 'DAGS_FOLDER/listing_2_10.py', '--cfg-path', '/tmp/tmpt_hr3eu1', '--error-file', '/tmp/tmplqtl9op7']
[2022-06-12 09:55:30,347] {standard_task_runner.py:80} INFO - Job 21: Subtask download_launches
[2022-06-12 09:55:30,416] {task_command.py:369} INFO - Running <TaskInstance: listing_2_10.download_launches scheduled__2022-06-08T00:00:00+00:00 [running]> on host 48de8cc79e8d
[2022-06-12 09:55:30,470] {taskinstance.py:1571} INFO - Exporting the following env vars:
AIRFLOW_CTX_DAG_OWNER=***
AIRFLOW_CTX_DAG_ID=listing_2_10
AIRFLOW_CTX_TASK_ID=download_launches
AIRFLOW_CTX_EXECUTION_DATE=2022-06-08T00:00:00+00:00
AIRFLOW_CTX_TRY_NUMBER=1
AIRFLOW_CTX_DAG_RUN_ID=scheduled__2022-06-08T00:00:00+00:00
[2022-06-12 09:55:30,472] {subprocess.py:62} INFO - Tmp dir root location: 
 /tmp
[2022-06-12 09:55:30,474] {subprocess.py:74} INFO - Running command: ['bash', '-c', "curl -o /tmp/launches.json -L 'https://ll.thespacedevs.com/2.0.0/launch/upcoming'"]
[2022-06-12 09:55:30,492] {subprocess.py:85} INFO - Output:
[2022-06-12 09:55:30,501] {subprocess.py:92} INFO -   % Total    % Received % Xferd  Average Speed   Time    Time     Time  Current
[2022-06-12 09:55:30,504] {subprocess.py:92} INFO -                                  Dload  Upload   Total   Spent    Left  Speed
[2022-06-12 09:55:31,324] {subprocess.py:92} INFO -   0     0    0     0    0     0      0      0 --:--:-- --:--:-- --:--:--     0  0     0    0     0    0     0      0      0 --:--:-- --:--:-- --:--:--     0  0     0    0     0    0     0      0      0 --:--:-- --:--:-- --:--:--     0
[2022-06-12 09:55:31,721] {subprocess.py:92} INFO -  16 24823   16  4096    0     0   3750      0  0:00:06  0:00:01  0:00:05  3750100 24823  100 24823    0     0  20363      0  0:00:01  0:00:01 --:--:--  160k
[2022-06-12 09:55:31,735] {subprocess.py:96} INFO - Command exited with return code 0
[2022-06-12 09:55:31,782] {taskinstance.py:1400} INFO - Marking task as SUCCESS. dag_id=listing_2_10, task_id=download_launches, execution_date=20220608T000000, start_date=20220612T095530, end_date=20220612T095531
[2022-06-12 09:55:31,844] {local_task_job.py:156} INFO - Task exited with return code 0
[2022-06-12 09:55:32,005] {local_task_job.py:273} INFO - 1 downstream tasks scheduled from follow-on schedule check
