[2022-06-22 00:00:01,831] {taskinstance.py:1159} INFO - Dependencies all met for <TaskInstance: 5_2_branch_dag.fetch_sales_new scheduled__2022-06-21T00:00:00+00:00 [queued]>
[2022-06-22 00:00:01,839] {taskinstance.py:1159} INFO - Dependencies all met for <TaskInstance: 5_2_branch_dag.fetch_sales_new scheduled__2022-06-21T00:00:00+00:00 [queued]>
[2022-06-22 00:00:01,840] {taskinstance.py:1356} INFO - 
--------------------------------------------------------------------------------
[2022-06-22 00:00:01,841] {taskinstance.py:1357} INFO - Starting attempt 1 of 1
[2022-06-22 00:00:01,842] {taskinstance.py:1358} INFO - 
--------------------------------------------------------------------------------
[2022-06-22 00:00:01,850] {taskinstance.py:1377} INFO - Executing <Task(PythonOperator): fetch_sales_new> on 2022-06-21 00:00:00+00:00
[2022-06-22 00:00:01,854] {standard_task_runner.py:52} INFO - Started process 50490 to run task
[2022-06-22 00:00:01,856] {standard_task_runner.py:79} INFO - Running: ['***', 'tasks', 'run', '5_2_branch_dag', 'fetch_sales_new', 'scheduled__2022-06-21T00:00:00+00:00', '--job-id', '65', '--raw', '--subdir', 'DAGS_FOLDER/chapter05/5_2_branch_dag.py', '--cfg-path', '/tmp/tmpnd52eafd', '--error-file', '/tmp/tmprwjlu3kw']
[2022-06-22 00:00:01,857] {standard_task_runner.py:80} INFO - Job 65: Subtask fetch_sales_new
[2022-06-22 00:00:01,896] {task_command.py:369} INFO - Running <TaskInstance: 5_2_branch_dag.fetch_sales_new scheduled__2022-06-21T00:00:00+00:00 [running]> on host 69ff35f06aa7
[2022-06-22 00:00:01,937] {taskinstance.py:1571} INFO - Exporting the following env vars:
AIRFLOW_CTX_DAG_OWNER=***
AIRFLOW_CTX_DAG_ID=5_2_branch_dag
AIRFLOW_CTX_TASK_ID=fetch_sales_new
AIRFLOW_CTX_EXECUTION_DATE=2022-06-21T00:00:00+00:00
AIRFLOW_CTX_TRY_NUMBER=1
AIRFLOW_CTX_DAG_RUN_ID=scheduled__2022-06-21T00:00:00+00:00
[2022-06-22 00:00:01,939] {logging_mixin.py:115} INFO - Fetching sales data (NEW)...
[2022-06-22 00:00:01,940] {python.py:173} INFO - Done. Returned value was: None
[2022-06-22 00:00:01,949] {taskinstance.py:1400} INFO - Marking task as SUCCESS. dag_id=5_2_branch_dag, task_id=fetch_sales_new, execution_date=20220621T000000, start_date=20220622T000001, end_date=20220622T000001
[2022-06-22 00:00:01,996] {local_task_job.py:156} INFO - Task exited with return code 0
[2022-06-22 00:00:02,022] {local_task_job.py:273} INFO - 1 downstream tasks scheduled from follow-on schedule check
