[2022-06-26 13:37:34,430] {processor.py:153} INFO - Started process (PID=74) to work on /opt/airflow/dags/listing_2_10.py
[2022-06-26 13:37:34,431] {processor.py:641} INFO - Processing file /opt/airflow/dags/listing_2_10.py for tasks to queue
[2022-06-26 13:37:34,432] {logging_mixin.py:115} INFO - [2022-06-26 13:37:34,432] {dagbag.py:507} INFO - Filling up the DagBag from /opt/airflow/dags/listing_2_10.py
[2022-06-26 13:37:34,447] {processor.py:651} INFO - DAG(s) dict_keys(['listing_2_10']) retrieved from /opt/airflow/dags/listing_2_10.py
[2022-06-26 13:37:34,507] {logging_mixin.py:115} INFO - [2022-06-26 13:37:34,507] {manager.py:508} INFO - Created Permission View: can read on DAG:listing_2_10
[2022-06-26 13:37:34,516] {logging_mixin.py:115} INFO - [2022-06-26 13:37:34,516] {manager.py:508} INFO - Created Permission View: can edit on DAG:listing_2_10
[2022-06-26 13:37:34,525] {logging_mixin.py:115} INFO - [2022-06-26 13:37:34,525] {manager.py:508} INFO - Created Permission View: can delete on DAG:listing_2_10
[2022-06-26 13:37:34,526] {logging_mixin.py:115} INFO - [2022-06-26 13:37:34,526] {dag.py:2371} INFO - Sync 1 DAGs
[2022-06-26 13:37:34,536] {logging_mixin.py:115} INFO - [2022-06-26 13:37:34,536] {dag.py:2390} INFO - Creating ORM DAG for listing_2_10
[2022-06-26 13:37:34,626] {logging_mixin.py:115} INFO - [2022-06-26 13:37:34,626] {dag.py:2919} INFO - Setting next_dagrun for listing_2_10 to 2022-06-12T00:00:00+00:00, run_after=2022-06-13T00:00:00+00:00
[2022-06-26 13:37:34,637] {processor.py:161} INFO - Processing /opt/airflow/dags/listing_2_10.py took 0.210 seconds
[2022-06-26 13:38:04,667] {processor.py:153} INFO - Started process (PID=135) to work on /opt/airflow/dags/listing_2_10.py
[2022-06-26 13:38:04,668] {processor.py:641} INFO - Processing file /opt/airflow/dags/listing_2_10.py for tasks to queue
[2022-06-26 13:38:04,670] {logging_mixin.py:115} INFO - [2022-06-26 13:38:04,670] {dagbag.py:507} INFO - Filling up the DagBag from /opt/airflow/dags/listing_2_10.py
[2022-06-26 13:38:04,682] {processor.py:651} INFO - DAG(s) dict_keys(['listing_2_10']) retrieved from /opt/airflow/dags/listing_2_10.py
[2022-06-26 13:38:04,699] {logging_mixin.py:115} INFO - [2022-06-26 13:38:04,699] {dag.py:2371} INFO - Sync 1 DAGs
[2022-06-26 13:38:04,712] {logging_mixin.py:115} INFO - [2022-06-26 13:38:04,712] {dag.py:2919} INFO - Setting next_dagrun for listing_2_10 to 2022-06-12T00:00:00+00:00, run_after=2022-06-13T00:00:00+00:00
[2022-06-26 13:38:04,718] {processor.py:161} INFO - Processing /opt/airflow/dags/listing_2_10.py took 0.054 seconds
[2022-06-26 13:38:35,211] {processor.py:153} INFO - Started process (PID=194) to work on /opt/airflow/dags/listing_2_10.py
[2022-06-26 13:38:35,214] {processor.py:641} INFO - Processing file /opt/airflow/dags/listing_2_10.py for tasks to queue
[2022-06-26 13:38:35,215] {logging_mixin.py:115} INFO - [2022-06-26 13:38:35,215] {dagbag.py:507} INFO - Filling up the DagBag from /opt/airflow/dags/listing_2_10.py
[2022-06-26 13:38:35,225] {processor.py:651} INFO - DAG(s) dict_keys(['listing_2_10']) retrieved from /opt/airflow/dags/listing_2_10.py
[2022-06-26 13:38:35,254] {logging_mixin.py:115} INFO - [2022-06-26 13:38:35,254] {dag.py:2371} INFO - Sync 1 DAGs
[2022-06-26 13:38:35,269] {logging_mixin.py:115} INFO - [2022-06-26 13:38:35,269] {dag.py:2919} INFO - Setting next_dagrun for listing_2_10 to 2022-06-12T00:00:00+00:00, run_after=2022-06-13T00:00:00+00:00
[2022-06-26 13:38:35,277] {processor.py:161} INFO - Processing /opt/airflow/dags/listing_2_10.py took 0.070 seconds
[2022-06-26 13:39:05,942] {processor.py:153} INFO - Started process (PID=248) to work on /opt/airflow/dags/listing_2_10.py
[2022-06-26 13:39:05,944] {processor.py:641} INFO - Processing file /opt/airflow/dags/listing_2_10.py for tasks to queue
[2022-06-26 13:39:05,946] {logging_mixin.py:115} INFO - [2022-06-26 13:39:05,946] {dagbag.py:507} INFO - Filling up the DagBag from /opt/airflow/dags/listing_2_10.py
[2022-06-26 13:39:05,962] {processor.py:651} INFO - DAG(s) dict_keys(['listing_2_10']) retrieved from /opt/airflow/dags/listing_2_10.py
[2022-06-26 13:39:05,984] {logging_mixin.py:115} INFO - [2022-06-26 13:39:05,984] {dag.py:2371} INFO - Sync 1 DAGs
[2022-06-26 13:39:06,001] {logging_mixin.py:115} INFO - [2022-06-26 13:39:06,001] {dag.py:2919} INFO - Setting next_dagrun for listing_2_10 to 2022-06-12T00:00:00+00:00, run_after=2022-06-13T00:00:00+00:00
[2022-06-26 13:39:06,010] {processor.py:161} INFO - Processing /opt/airflow/dags/listing_2_10.py took 0.083 seconds
[2022-06-26 13:39:36,053] {processor.py:153} INFO - Started process (PID=309) to work on /opt/airflow/dags/listing_2_10.py
[2022-06-26 13:39:36,054] {processor.py:641} INFO - Processing file /opt/airflow/dags/listing_2_10.py for tasks to queue
[2022-06-26 13:39:36,055] {logging_mixin.py:115} INFO - [2022-06-26 13:39:36,055] {dagbag.py:507} INFO - Filling up the DagBag from /opt/airflow/dags/listing_2_10.py
[2022-06-26 13:39:36,065] {processor.py:651} INFO - DAG(s) dict_keys(['listing_2_10']) retrieved from /opt/airflow/dags/listing_2_10.py
[2022-06-26 13:39:36,083] {logging_mixin.py:115} INFO - [2022-06-26 13:39:36,083] {dag.py:2371} INFO - Sync 1 DAGs
[2022-06-26 13:39:36,098] {logging_mixin.py:115} INFO - [2022-06-26 13:39:36,098] {dag.py:2919} INFO - Setting next_dagrun for listing_2_10 to 2022-06-12T00:00:00+00:00, run_after=2022-06-13T00:00:00+00:00
[2022-06-26 13:39:36,105] {processor.py:161} INFO - Processing /opt/airflow/dags/listing_2_10.py took 0.057 seconds
[2022-06-26 13:40:06,457] {processor.py:153} INFO - Started process (PID=369) to work on /opt/airflow/dags/listing_2_10.py
[2022-06-26 13:40:06,459] {processor.py:641} INFO - Processing file /opt/airflow/dags/listing_2_10.py for tasks to queue
[2022-06-26 13:40:06,465] {logging_mixin.py:115} INFO - [2022-06-26 13:40:06,465] {dagbag.py:507} INFO - Filling up the DagBag from /opt/airflow/dags/listing_2_10.py
[2022-06-26 13:40:06,478] {processor.py:651} INFO - DAG(s) dict_keys(['listing_2_10']) retrieved from /opt/airflow/dags/listing_2_10.py
[2022-06-26 13:40:06,500] {logging_mixin.py:115} INFO - [2022-06-26 13:40:06,500] {dag.py:2371} INFO - Sync 1 DAGs
[2022-06-26 13:40:06,518] {logging_mixin.py:115} INFO - [2022-06-26 13:40:06,518] {dag.py:2919} INFO - Setting next_dagrun for listing_2_10 to 2022-06-12T00:00:00+00:00, run_after=2022-06-13T00:00:00+00:00
[2022-06-26 13:40:06,527] {processor.py:161} INFO - Processing /opt/airflow/dags/listing_2_10.py took 0.073 seconds
[2022-06-26 13:40:37,398] {processor.py:153} INFO - Started process (PID=431) to work on /opt/airflow/dags/listing_2_10.py
[2022-06-26 13:40:37,399] {processor.py:641} INFO - Processing file /opt/airflow/dags/listing_2_10.py for tasks to queue
[2022-06-26 13:40:37,403] {logging_mixin.py:115} INFO - [2022-06-26 13:40:37,403] {dagbag.py:507} INFO - Filling up the DagBag from /opt/airflow/dags/listing_2_10.py
[2022-06-26 13:40:37,414] {processor.py:651} INFO - DAG(s) dict_keys(['listing_2_10']) retrieved from /opt/airflow/dags/listing_2_10.py
[2022-06-26 13:40:37,432] {logging_mixin.py:115} INFO - [2022-06-26 13:40:37,432] {dag.py:2371} INFO - Sync 1 DAGs
[2022-06-26 13:40:37,446] {logging_mixin.py:115} INFO - [2022-06-26 13:40:37,446] {dag.py:2919} INFO - Setting next_dagrun for listing_2_10 to 2022-06-12T00:00:00+00:00, run_after=2022-06-13T00:00:00+00:00
[2022-06-26 13:40:37,452] {processor.py:161} INFO - Processing /opt/airflow/dags/listing_2_10.py took 0.057 seconds
[2022-06-26 13:41:08,237] {processor.py:153} INFO - Started process (PID=495) to work on /opt/airflow/dags/listing_2_10.py
[2022-06-26 13:41:08,238] {processor.py:641} INFO - Processing file /opt/airflow/dags/listing_2_10.py for tasks to queue
[2022-06-26 13:41:08,242] {logging_mixin.py:115} INFO - [2022-06-26 13:41:08,242] {dagbag.py:507} INFO - Filling up the DagBag from /opt/airflow/dags/listing_2_10.py
[2022-06-26 13:41:08,251] {processor.py:651} INFO - DAG(s) dict_keys(['listing_2_10']) retrieved from /opt/airflow/dags/listing_2_10.py
[2022-06-26 13:41:08,265] {logging_mixin.py:115} INFO - [2022-06-26 13:41:08,265] {dag.py:2371} INFO - Sync 1 DAGs
[2022-06-26 13:41:08,278] {logging_mixin.py:115} INFO - [2022-06-26 13:41:08,278] {dag.py:2919} INFO - Setting next_dagrun for listing_2_10 to 2022-06-12T00:00:00+00:00, run_after=2022-06-13T00:00:00+00:00
[2022-06-26 13:41:08,286] {processor.py:161} INFO - Processing /opt/airflow/dags/listing_2_10.py took 0.051 seconds
[2022-06-26 13:41:38,954] {processor.py:153} INFO - Started process (PID=560) to work on /opt/airflow/dags/listing_2_10.py
[2022-06-26 13:41:38,955] {processor.py:641} INFO - Processing file /opt/airflow/dags/listing_2_10.py for tasks to queue
[2022-06-26 13:41:38,959] {logging_mixin.py:115} INFO - [2022-06-26 13:41:38,959] {dagbag.py:507} INFO - Filling up the DagBag from /opt/airflow/dags/listing_2_10.py
[2022-06-26 13:41:38,969] {processor.py:651} INFO - DAG(s) dict_keys(['listing_2_10']) retrieved from /opt/airflow/dags/listing_2_10.py
[2022-06-26 13:41:38,988] {logging_mixin.py:115} INFO - [2022-06-26 13:41:38,988] {dag.py:2371} INFO - Sync 1 DAGs
[2022-06-26 13:41:39,001] {logging_mixin.py:115} INFO - [2022-06-26 13:41:39,001] {dag.py:2919} INFO - Setting next_dagrun for listing_2_10 to 2022-06-12T00:00:00+00:00, run_after=2022-06-13T00:00:00+00:00
[2022-06-26 13:41:39,010] {processor.py:161} INFO - Processing /opt/airflow/dags/listing_2_10.py took 0.058 seconds
[2022-06-26 13:42:09,616] {processor.py:153} INFO - Started process (PID=612) to work on /opt/airflow/dags/listing_2_10.py
[2022-06-26 13:42:09,618] {processor.py:641} INFO - Processing file /opt/airflow/dags/listing_2_10.py for tasks to queue
[2022-06-26 13:42:09,619] {logging_mixin.py:115} INFO - [2022-06-26 13:42:09,619] {dagbag.py:507} INFO - Filling up the DagBag from /opt/airflow/dags/listing_2_10.py
[2022-06-26 13:42:09,628] {processor.py:651} INFO - DAG(s) dict_keys(['listing_2_10']) retrieved from /opt/airflow/dags/listing_2_10.py
[2022-06-26 13:42:09,644] {logging_mixin.py:115} INFO - [2022-06-26 13:42:09,644] {dag.py:2371} INFO - Sync 1 DAGs
[2022-06-26 13:42:09,656] {logging_mixin.py:115} INFO - [2022-06-26 13:42:09,656] {dag.py:2919} INFO - Setting next_dagrun for listing_2_10 to 2022-06-12T00:00:00+00:00, run_after=2022-06-13T00:00:00+00:00
[2022-06-26 13:42:09,663] {processor.py:161} INFO - Processing /opt/airflow/dags/listing_2_10.py took 0.052 seconds
[2022-06-26 13:42:40,438] {processor.py:153} INFO - Started process (PID=673) to work on /opt/airflow/dags/listing_2_10.py
[2022-06-26 13:42:40,439] {processor.py:641} INFO - Processing file /opt/airflow/dags/listing_2_10.py for tasks to queue
[2022-06-26 13:42:40,440] {logging_mixin.py:115} INFO - [2022-06-26 13:42:40,440] {dagbag.py:507} INFO - Filling up the DagBag from /opt/airflow/dags/listing_2_10.py
[2022-06-26 13:42:40,449] {processor.py:651} INFO - DAG(s) dict_keys(['listing_2_10']) retrieved from /opt/airflow/dags/listing_2_10.py
[2022-06-26 13:42:40,465] {logging_mixin.py:115} INFO - [2022-06-26 13:42:40,465] {dag.py:2371} INFO - Sync 1 DAGs
[2022-06-26 13:42:40,478] {logging_mixin.py:115} INFO - [2022-06-26 13:42:40,478] {dag.py:2919} INFO - Setting next_dagrun for listing_2_10 to 2022-06-12T00:00:00+00:00, run_after=2022-06-13T00:00:00+00:00
[2022-06-26 13:42:40,484] {processor.py:161} INFO - Processing /opt/airflow/dags/listing_2_10.py took 0.049 seconds
[2022-06-26 13:43:11,232] {processor.py:153} INFO - Started process (PID=734) to work on /opt/airflow/dags/listing_2_10.py
[2022-06-26 13:43:11,233] {processor.py:641} INFO - Processing file /opt/airflow/dags/listing_2_10.py for tasks to queue
[2022-06-26 13:43:11,234] {logging_mixin.py:115} INFO - [2022-06-26 13:43:11,234] {dagbag.py:507} INFO - Filling up the DagBag from /opt/airflow/dags/listing_2_10.py
[2022-06-26 13:43:11,243] {processor.py:651} INFO - DAG(s) dict_keys(['listing_2_10']) retrieved from /opt/airflow/dags/listing_2_10.py
[2022-06-26 13:43:11,259] {logging_mixin.py:115} INFO - [2022-06-26 13:43:11,259] {dag.py:2371} INFO - Sync 1 DAGs
[2022-06-26 13:43:11,271] {logging_mixin.py:115} INFO - [2022-06-26 13:43:11,271] {dag.py:2919} INFO - Setting next_dagrun for listing_2_10 to 2022-06-12T00:00:00+00:00, run_after=2022-06-13T00:00:00+00:00
[2022-06-26 13:43:11,278] {processor.py:161} INFO - Processing /opt/airflow/dags/listing_2_10.py took 0.047 seconds
[2022-06-26 13:43:42,068] {processor.py:153} INFO - Started process (PID=795) to work on /opt/airflow/dags/listing_2_10.py
[2022-06-26 13:43:42,072] {processor.py:641} INFO - Processing file /opt/airflow/dags/listing_2_10.py for tasks to queue
[2022-06-26 13:43:42,079] {logging_mixin.py:115} INFO - [2022-06-26 13:43:42,079] {dagbag.py:507} INFO - Filling up the DagBag from /opt/airflow/dags/listing_2_10.py
[2022-06-26 13:43:42,103] {processor.py:651} INFO - DAG(s) dict_keys(['listing_2_10']) retrieved from /opt/airflow/dags/listing_2_10.py
[2022-06-26 13:43:42,139] {logging_mixin.py:115} INFO - [2022-06-26 13:43:42,139] {dag.py:2371} INFO - Sync 1 DAGs
[2022-06-26 13:43:42,158] {logging_mixin.py:115} INFO - [2022-06-26 13:43:42,158] {dag.py:2919} INFO - Setting next_dagrun for listing_2_10 to 2022-06-12T00:00:00+00:00, run_after=2022-06-13T00:00:00+00:00
[2022-06-26 13:43:42,172] {processor.py:161} INFO - Processing /opt/airflow/dags/listing_2_10.py took 0.110 seconds
[2022-06-26 13:44:12,331] {processor.py:153} INFO - Started process (PID=856) to work on /opt/airflow/dags/listing_2_10.py
[2022-06-26 13:44:12,333] {processor.py:641} INFO - Processing file /opt/airflow/dags/listing_2_10.py for tasks to queue
[2022-06-26 13:44:12,335] {logging_mixin.py:115} INFO - [2022-06-26 13:44:12,335] {dagbag.py:507} INFO - Filling up the DagBag from /opt/airflow/dags/listing_2_10.py
[2022-06-26 13:44:12,346] {processor.py:651} INFO - DAG(s) dict_keys(['listing_2_10']) retrieved from /opt/airflow/dags/listing_2_10.py
[2022-06-26 13:44:12,370] {logging_mixin.py:115} INFO - [2022-06-26 13:44:12,370] {dag.py:2371} INFO - Sync 1 DAGs
[2022-06-26 13:44:12,387] {logging_mixin.py:115} INFO - [2022-06-26 13:44:12,387] {dag.py:2919} INFO - Setting next_dagrun for listing_2_10 to 2022-06-12T00:00:00+00:00, run_after=2022-06-13T00:00:00+00:00
[2022-06-26 13:44:12,400] {processor.py:161} INFO - Processing /opt/airflow/dags/listing_2_10.py took 0.071 seconds
[2022-06-26 13:44:43,281] {processor.py:153} INFO - Started process (PID=916) to work on /opt/airflow/dags/listing_2_10.py
[2022-06-26 13:44:43,283] {processor.py:641} INFO - Processing file /opt/airflow/dags/listing_2_10.py for tasks to queue
[2022-06-26 13:44:43,285] {logging_mixin.py:115} INFO - [2022-06-26 13:44:43,284] {dagbag.py:507} INFO - Filling up the DagBag from /opt/airflow/dags/listing_2_10.py
[2022-06-26 13:44:43,295] {processor.py:651} INFO - DAG(s) dict_keys(['listing_2_10']) retrieved from /opt/airflow/dags/listing_2_10.py
[2022-06-26 13:44:43,315] {logging_mixin.py:115} INFO - [2022-06-26 13:44:43,315] {dag.py:2371} INFO - Sync 1 DAGs
[2022-06-26 13:44:43,336] {logging_mixin.py:115} INFO - [2022-06-26 13:44:43,336] {dag.py:2919} INFO - Setting next_dagrun for listing_2_10 to 2022-06-12T00:00:00+00:00, run_after=2022-06-13T00:00:00+00:00
[2022-06-26 13:44:43,347] {processor.py:161} INFO - Processing /opt/airflow/dags/listing_2_10.py took 0.068 seconds
[2022-06-26 13:45:13,964] {processor.py:153} INFO - Started process (PID=974) to work on /opt/airflow/dags/listing_2_10.py
[2022-06-26 13:45:13,966] {processor.py:641} INFO - Processing file /opt/airflow/dags/listing_2_10.py for tasks to queue
[2022-06-26 13:45:13,968] {logging_mixin.py:115} INFO - [2022-06-26 13:45:13,968] {dagbag.py:507} INFO - Filling up the DagBag from /opt/airflow/dags/listing_2_10.py
[2022-06-26 13:45:13,983] {processor.py:651} INFO - DAG(s) dict_keys(['listing_2_10']) retrieved from /opt/airflow/dags/listing_2_10.py
[2022-06-26 13:45:14,007] {logging_mixin.py:115} INFO - [2022-06-26 13:45:14,007] {dag.py:2371} INFO - Sync 1 DAGs
[2022-06-26 13:45:14,026] {logging_mixin.py:115} INFO - [2022-06-26 13:45:14,026] {dag.py:2919} INFO - Setting next_dagrun for listing_2_10 to 2022-06-12T00:00:00+00:00, run_after=2022-06-13T00:00:00+00:00
[2022-06-26 13:45:14,036] {processor.py:161} INFO - Processing /opt/airflow/dags/listing_2_10.py took 0.074 seconds
[2022-06-26 13:45:44,802] {processor.py:153} INFO - Started process (PID=1027) to work on /opt/airflow/dags/listing_2_10.py
[2022-06-26 13:45:44,805] {processor.py:641} INFO - Processing file /opt/airflow/dags/listing_2_10.py for tasks to queue
[2022-06-26 13:45:44,806] {logging_mixin.py:115} INFO - [2022-06-26 13:45:44,806] {dagbag.py:507} INFO - Filling up the DagBag from /opt/airflow/dags/listing_2_10.py
[2022-06-26 13:45:44,815] {processor.py:651} INFO - DAG(s) dict_keys(['listing_2_10']) retrieved from /opt/airflow/dags/listing_2_10.py
[2022-06-26 13:45:44,831] {logging_mixin.py:115} INFO - [2022-06-26 13:45:44,831] {dag.py:2371} INFO - Sync 1 DAGs
[2022-06-26 13:45:44,844] {logging_mixin.py:115} INFO - [2022-06-26 13:45:44,844] {dag.py:2919} INFO - Setting next_dagrun for listing_2_10 to 2022-06-12T00:00:00+00:00, run_after=2022-06-13T00:00:00+00:00
[2022-06-26 13:45:44,850] {processor.py:161} INFO - Processing /opt/airflow/dags/listing_2_10.py took 0.050 seconds
[2022-06-26 13:46:15,539] {processor.py:153} INFO - Started process (PID=1089) to work on /opt/airflow/dags/listing_2_10.py
[2022-06-26 13:46:15,540] {processor.py:641} INFO - Processing file /opt/airflow/dags/listing_2_10.py for tasks to queue
[2022-06-26 13:46:15,542] {logging_mixin.py:115} INFO - [2022-06-26 13:46:15,542] {dagbag.py:507} INFO - Filling up the DagBag from /opt/airflow/dags/listing_2_10.py
[2022-06-26 13:46:15,550] {processor.py:651} INFO - DAG(s) dict_keys(['listing_2_10']) retrieved from /opt/airflow/dags/listing_2_10.py
[2022-06-26 13:46:15,566] {logging_mixin.py:115} INFO - [2022-06-26 13:46:15,566] {dag.py:2371} INFO - Sync 1 DAGs
[2022-06-26 13:46:15,578] {logging_mixin.py:115} INFO - [2022-06-26 13:46:15,578] {dag.py:2919} INFO - Setting next_dagrun for listing_2_10 to 2022-06-12T00:00:00+00:00, run_after=2022-06-13T00:00:00+00:00
[2022-06-26 13:46:15,585] {processor.py:161} INFO - Processing /opt/airflow/dags/listing_2_10.py took 0.048 seconds
[2022-06-26 13:46:46,370] {processor.py:153} INFO - Started process (PID=1150) to work on /opt/airflow/dags/listing_2_10.py
[2022-06-26 13:46:46,371] {processor.py:641} INFO - Processing file /opt/airflow/dags/listing_2_10.py for tasks to queue
[2022-06-26 13:46:46,372] {logging_mixin.py:115} INFO - [2022-06-26 13:46:46,372] {dagbag.py:507} INFO - Filling up the DagBag from /opt/airflow/dags/listing_2_10.py
[2022-06-26 13:46:46,382] {processor.py:651} INFO - DAG(s) dict_keys(['listing_2_10']) retrieved from /opt/airflow/dags/listing_2_10.py
[2022-06-26 13:46:46,399] {logging_mixin.py:115} INFO - [2022-06-26 13:46:46,399] {dag.py:2371} INFO - Sync 1 DAGs
[2022-06-26 13:46:46,411] {logging_mixin.py:115} INFO - [2022-06-26 13:46:46,411] {dag.py:2919} INFO - Setting next_dagrun for listing_2_10 to 2022-06-12T00:00:00+00:00, run_after=2022-06-13T00:00:00+00:00
[2022-06-26 13:46:46,420] {processor.py:161} INFO - Processing /opt/airflow/dags/listing_2_10.py took 0.052 seconds
[2022-06-26 13:47:17,299] {processor.py:153} INFO - Started process (PID=1211) to work on /opt/airflow/dags/listing_2_10.py
[2022-06-26 13:47:17,301] {processor.py:641} INFO - Processing file /opt/airflow/dags/listing_2_10.py for tasks to queue
[2022-06-26 13:47:17,303] {logging_mixin.py:115} INFO - [2022-06-26 13:47:17,303] {dagbag.py:507} INFO - Filling up the DagBag from /opt/airflow/dags/listing_2_10.py
[2022-06-26 13:47:17,315] {processor.py:651} INFO - DAG(s) dict_keys(['listing_2_10']) retrieved from /opt/airflow/dags/listing_2_10.py
[2022-06-26 13:47:17,335] {logging_mixin.py:115} INFO - [2022-06-26 13:47:17,335] {dag.py:2371} INFO - Sync 1 DAGs
[2022-06-26 13:47:17,352] {logging_mixin.py:115} INFO - [2022-06-26 13:47:17,352] {dag.py:2919} INFO - Setting next_dagrun for listing_2_10 to 2022-06-12T00:00:00+00:00, run_after=2022-06-13T00:00:00+00:00
[2022-06-26 13:47:17,362] {processor.py:161} INFO - Processing /opt/airflow/dags/listing_2_10.py took 0.065 seconds
[2022-06-26 13:47:48,271] {processor.py:153} INFO - Started process (PID=1272) to work on /opt/airflow/dags/listing_2_10.py
[2022-06-26 13:47:48,273] {processor.py:641} INFO - Processing file /opt/airflow/dags/listing_2_10.py for tasks to queue
[2022-06-26 13:47:48,277] {logging_mixin.py:115} INFO - [2022-06-26 13:47:48,277] {dagbag.py:507} INFO - Filling up the DagBag from /opt/airflow/dags/listing_2_10.py
[2022-06-26 13:47:48,287] {processor.py:651} INFO - DAG(s) dict_keys(['listing_2_10']) retrieved from /opt/airflow/dags/listing_2_10.py
[2022-06-26 13:47:48,302] {logging_mixin.py:115} INFO - [2022-06-26 13:47:48,302] {dag.py:2371} INFO - Sync 1 DAGs
[2022-06-26 13:47:48,315] {logging_mixin.py:115} INFO - [2022-06-26 13:47:48,315] {dag.py:2919} INFO - Setting next_dagrun for listing_2_10 to 2022-06-12T00:00:00+00:00, run_after=2022-06-13T00:00:00+00:00
[2022-06-26 13:47:48,322] {processor.py:161} INFO - Processing /opt/airflow/dags/listing_2_10.py took 0.054 seconds
[2022-06-26 13:48:19,122] {processor.py:153} INFO - Started process (PID=1332) to work on /opt/airflow/dags/listing_2_10.py
[2022-06-26 13:48:19,123] {processor.py:641} INFO - Processing file /opt/airflow/dags/listing_2_10.py for tasks to queue
[2022-06-26 13:48:19,124] {logging_mixin.py:115} INFO - [2022-06-26 13:48:19,124] {dagbag.py:507} INFO - Filling up the DagBag from /opt/airflow/dags/listing_2_10.py
[2022-06-26 13:48:19,134] {processor.py:651} INFO - DAG(s) dict_keys(['listing_2_10']) retrieved from /opt/airflow/dags/listing_2_10.py
[2022-06-26 13:48:19,151] {logging_mixin.py:115} INFO - [2022-06-26 13:48:19,151] {dag.py:2371} INFO - Sync 1 DAGs
[2022-06-26 13:48:19,164] {logging_mixin.py:115} INFO - [2022-06-26 13:48:19,164] {dag.py:2919} INFO - Setting next_dagrun for listing_2_10 to 2022-06-12T00:00:00+00:00, run_after=2022-06-13T00:00:00+00:00
[2022-06-26 13:48:19,171] {processor.py:161} INFO - Processing /opt/airflow/dags/listing_2_10.py took 0.052 seconds
[2022-06-26 13:48:49,863] {processor.py:153} INFO - Started process (PID=1393) to work on /opt/airflow/dags/listing_2_10.py
[2022-06-26 13:48:49,865] {processor.py:641} INFO - Processing file /opt/airflow/dags/listing_2_10.py for tasks to queue
[2022-06-26 13:48:49,866] {logging_mixin.py:115} INFO - [2022-06-26 13:48:49,866] {dagbag.py:507} INFO - Filling up the DagBag from /opt/airflow/dags/listing_2_10.py
[2022-06-26 13:48:49,876] {processor.py:651} INFO - DAG(s) dict_keys(['listing_2_10']) retrieved from /opt/airflow/dags/listing_2_10.py
[2022-06-26 13:48:49,893] {logging_mixin.py:115} INFO - [2022-06-26 13:48:49,893] {dag.py:2371} INFO - Sync 1 DAGs
[2022-06-26 13:48:49,905] {logging_mixin.py:115} INFO - [2022-06-26 13:48:49,905] {dag.py:2919} INFO - Setting next_dagrun for listing_2_10 to 2022-06-12T00:00:00+00:00, run_after=2022-06-13T00:00:00+00:00
[2022-06-26 13:48:49,912] {processor.py:161} INFO - Processing /opt/airflow/dags/listing_2_10.py took 0.050 seconds
[2022-06-26 13:49:20,582] {processor.py:153} INFO - Started process (PID=1443) to work on /opt/airflow/dags/listing_2_10.py
[2022-06-26 13:49:20,583] {processor.py:641} INFO - Processing file /opt/airflow/dags/listing_2_10.py for tasks to queue
[2022-06-26 13:49:20,584] {logging_mixin.py:115} INFO - [2022-06-26 13:49:20,584] {dagbag.py:507} INFO - Filling up the DagBag from /opt/airflow/dags/listing_2_10.py
[2022-06-26 13:49:20,599] {processor.py:651} INFO - DAG(s) dict_keys(['listing_2_10']) retrieved from /opt/airflow/dags/listing_2_10.py
[2022-06-26 13:49:20,618] {logging_mixin.py:115} INFO - [2022-06-26 13:49:20,618] {dag.py:2371} INFO - Sync 1 DAGs
[2022-06-26 13:49:20,632] {logging_mixin.py:115} INFO - [2022-06-26 13:49:20,632] {dag.py:2919} INFO - Setting next_dagrun for listing_2_10 to 2022-06-12T00:00:00+00:00, run_after=2022-06-13T00:00:00+00:00
[2022-06-26 13:49:20,640] {processor.py:161} INFO - Processing /opt/airflow/dags/listing_2_10.py took 0.060 seconds
[2022-06-26 13:49:51,259] {processor.py:153} INFO - Started process (PID=1504) to work on /opt/airflow/dags/listing_2_10.py
[2022-06-26 13:49:51,259] {processor.py:641} INFO - Processing file /opt/airflow/dags/listing_2_10.py for tasks to queue
[2022-06-26 13:49:51,260] {logging_mixin.py:115} INFO - [2022-06-26 13:49:51,260] {dagbag.py:507} INFO - Filling up the DagBag from /opt/airflow/dags/listing_2_10.py
[2022-06-26 13:49:51,271] {processor.py:651} INFO - DAG(s) dict_keys(['listing_2_10']) retrieved from /opt/airflow/dags/listing_2_10.py
[2022-06-26 13:49:51,288] {logging_mixin.py:115} INFO - [2022-06-26 13:49:51,288] {dag.py:2371} INFO - Sync 1 DAGs
[2022-06-26 13:49:51,300] {logging_mixin.py:115} INFO - [2022-06-26 13:49:51,300] {dag.py:2919} INFO - Setting next_dagrun for listing_2_10 to 2022-06-12T00:00:00+00:00, run_after=2022-06-13T00:00:00+00:00
[2022-06-26 13:49:51,307] {processor.py:161} INFO - Processing /opt/airflow/dags/listing_2_10.py took 0.051 seconds
[2022-06-26 13:50:22,132] {processor.py:153} INFO - Started process (PID=1566) to work on /opt/airflow/dags/listing_2_10.py
[2022-06-26 13:50:22,133] {processor.py:641} INFO - Processing file /opt/airflow/dags/listing_2_10.py for tasks to queue
[2022-06-26 13:50:22,134] {logging_mixin.py:115} INFO - [2022-06-26 13:50:22,134] {dagbag.py:507} INFO - Filling up the DagBag from /opt/airflow/dags/listing_2_10.py
[2022-06-26 13:50:22,144] {processor.py:651} INFO - DAG(s) dict_keys(['listing_2_10']) retrieved from /opt/airflow/dags/listing_2_10.py
[2022-06-26 13:50:22,162] {logging_mixin.py:115} INFO - [2022-06-26 13:50:22,162] {dag.py:2371} INFO - Sync 1 DAGs
[2022-06-26 13:50:22,183] {logging_mixin.py:115} INFO - [2022-06-26 13:50:22,183] {dag.py:2919} INFO - Setting next_dagrun for listing_2_10 to 2022-06-12T00:00:00+00:00, run_after=2022-06-13T00:00:00+00:00
[2022-06-26 13:50:22,192] {processor.py:161} INFO - Processing /opt/airflow/dags/listing_2_10.py took 0.063 seconds
[2022-06-26 13:50:52,867] {processor.py:153} INFO - Started process (PID=1627) to work on /opt/airflow/dags/listing_2_10.py
[2022-06-26 13:50:52,868] {processor.py:641} INFO - Processing file /opt/airflow/dags/listing_2_10.py for tasks to queue
[2022-06-26 13:50:52,870] {logging_mixin.py:115} INFO - [2022-06-26 13:50:52,870] {dagbag.py:507} INFO - Filling up the DagBag from /opt/airflow/dags/listing_2_10.py
[2022-06-26 13:50:52,881] {processor.py:651} INFO - DAG(s) dict_keys(['listing_2_10']) retrieved from /opt/airflow/dags/listing_2_10.py
[2022-06-26 13:50:52,902] {logging_mixin.py:115} INFO - [2022-06-26 13:50:52,902] {dag.py:2371} INFO - Sync 1 DAGs
[2022-06-26 13:50:52,917] {logging_mixin.py:115} INFO - [2022-06-26 13:50:52,917] {dag.py:2919} INFO - Setting next_dagrun for listing_2_10 to 2022-06-12T00:00:00+00:00, run_after=2022-06-13T00:00:00+00:00
[2022-06-26 13:50:52,926] {processor.py:161} INFO - Processing /opt/airflow/dags/listing_2_10.py took 0.061 seconds
[2022-06-26 13:51:23,603] {processor.py:153} INFO - Started process (PID=1687) to work on /opt/airflow/dags/listing_2_10.py
[2022-06-26 13:51:23,604] {processor.py:641} INFO - Processing file /opt/airflow/dags/listing_2_10.py for tasks to queue
[2022-06-26 13:51:23,605] {logging_mixin.py:115} INFO - [2022-06-26 13:51:23,605] {dagbag.py:507} INFO - Filling up the DagBag from /opt/airflow/dags/listing_2_10.py
[2022-06-26 13:51:23,615] {processor.py:651} INFO - DAG(s) dict_keys(['listing_2_10']) retrieved from /opt/airflow/dags/listing_2_10.py
[2022-06-26 13:51:23,630] {logging_mixin.py:115} INFO - [2022-06-26 13:51:23,630] {dag.py:2371} INFO - Sync 1 DAGs
[2022-06-26 13:51:23,642] {logging_mixin.py:115} INFO - [2022-06-26 13:51:23,642] {dag.py:2919} INFO - Setting next_dagrun for listing_2_10 to 2022-06-12T00:00:00+00:00, run_after=2022-06-13T00:00:00+00:00
[2022-06-26 13:51:23,649] {processor.py:161} INFO - Processing /opt/airflow/dags/listing_2_10.py took 0.048 seconds
[2022-06-26 13:51:54,366] {processor.py:153} INFO - Started process (PID=1747) to work on /opt/airflow/dags/listing_2_10.py
[2022-06-26 13:51:54,368] {processor.py:641} INFO - Processing file /opt/airflow/dags/listing_2_10.py for tasks to queue
[2022-06-26 13:51:54,368] {logging_mixin.py:115} INFO - [2022-06-26 13:51:54,368] {dagbag.py:507} INFO - Filling up the DagBag from /opt/airflow/dags/listing_2_10.py
[2022-06-26 13:51:54,378] {processor.py:651} INFO - DAG(s) dict_keys(['listing_2_10']) retrieved from /opt/airflow/dags/listing_2_10.py
[2022-06-26 13:51:54,395] {logging_mixin.py:115} INFO - [2022-06-26 13:51:54,395] {dag.py:2371} INFO - Sync 1 DAGs
[2022-06-26 13:51:54,408] {logging_mixin.py:115} INFO - [2022-06-26 13:51:54,408] {dag.py:2919} INFO - Setting next_dagrun for listing_2_10 to 2022-06-12T00:00:00+00:00, run_after=2022-06-13T00:00:00+00:00
[2022-06-26 13:51:54,414] {processor.py:161} INFO - Processing /opt/airflow/dags/listing_2_10.py took 0.050 seconds
[2022-06-26 13:52:25,317] {processor.py:153} INFO - Started process (PID=1808) to work on /opt/airflow/dags/listing_2_10.py
[2022-06-26 13:52:25,319] {processor.py:641} INFO - Processing file /opt/airflow/dags/listing_2_10.py for tasks to queue
[2022-06-26 13:52:25,320] {logging_mixin.py:115} INFO - [2022-06-26 13:52:25,320] {dagbag.py:507} INFO - Filling up the DagBag from /opt/airflow/dags/listing_2_10.py
[2022-06-26 13:52:25,330] {processor.py:651} INFO - DAG(s) dict_keys(['listing_2_10']) retrieved from /opt/airflow/dags/listing_2_10.py
[2022-06-26 13:52:25,346] {logging_mixin.py:115} INFO - [2022-06-26 13:52:25,346] {dag.py:2371} INFO - Sync 1 DAGs
[2022-06-26 13:52:25,358] {logging_mixin.py:115} INFO - [2022-06-26 13:52:25,358] {dag.py:2919} INFO - Setting next_dagrun for listing_2_10 to 2022-06-12T00:00:00+00:00, run_after=2022-06-13T00:00:00+00:00
[2022-06-26 13:52:25,364] {processor.py:161} INFO - Processing /opt/airflow/dags/listing_2_10.py took 0.049 seconds
[2022-06-26 13:52:56,231] {processor.py:153} INFO - Started process (PID=1868) to work on /opt/airflow/dags/listing_2_10.py
[2022-06-26 13:52:56,233] {processor.py:641} INFO - Processing file /opt/airflow/dags/listing_2_10.py for tasks to queue
[2022-06-26 13:52:56,235] {logging_mixin.py:115} INFO - [2022-06-26 13:52:56,235] {dagbag.py:507} INFO - Filling up the DagBag from /opt/airflow/dags/listing_2_10.py
[2022-06-26 13:52:56,247] {processor.py:651} INFO - DAG(s) dict_keys(['listing_2_10']) retrieved from /opt/airflow/dags/listing_2_10.py
[2022-06-26 13:52:56,266] {logging_mixin.py:115} INFO - [2022-06-26 13:52:56,266] {dag.py:2371} INFO - Sync 1 DAGs
[2022-06-26 13:52:56,282] {logging_mixin.py:115} INFO - [2022-06-26 13:52:56,282] {dag.py:2919} INFO - Setting next_dagrun for listing_2_10 to 2022-06-12T00:00:00+00:00, run_after=2022-06-13T00:00:00+00:00
[2022-06-26 13:52:56,297] {processor.py:161} INFO - Processing /opt/airflow/dags/listing_2_10.py took 0.070 seconds
[2022-06-26 13:53:27,107] {processor.py:153} INFO - Started process (PID=1919) to work on /opt/airflow/dags/listing_2_10.py
[2022-06-26 13:53:27,109] {processor.py:641} INFO - Processing file /opt/airflow/dags/listing_2_10.py for tasks to queue
[2022-06-26 13:53:27,110] {logging_mixin.py:115} INFO - [2022-06-26 13:53:27,110] {dagbag.py:507} INFO - Filling up the DagBag from /opt/airflow/dags/listing_2_10.py
[2022-06-26 13:53:27,119] {processor.py:651} INFO - DAG(s) dict_keys(['listing_2_10']) retrieved from /opt/airflow/dags/listing_2_10.py
[2022-06-26 13:53:27,140] {logging_mixin.py:115} INFO - [2022-06-26 13:53:27,140] {dag.py:2371} INFO - Sync 1 DAGs
[2022-06-26 13:53:27,154] {logging_mixin.py:115} INFO - [2022-06-26 13:53:27,154] {dag.py:2919} INFO - Setting next_dagrun for listing_2_10 to 2022-06-12T00:00:00+00:00, run_after=2022-06-13T00:00:00+00:00
[2022-06-26 13:53:27,161] {processor.py:161} INFO - Processing /opt/airflow/dags/listing_2_10.py took 0.056 seconds
[2022-06-26 13:53:58,243] {processor.py:153} INFO - Started process (PID=1980) to work on /opt/airflow/dags/listing_2_10.py
[2022-06-26 13:53:58,244] {processor.py:641} INFO - Processing file /opt/airflow/dags/listing_2_10.py for tasks to queue
[2022-06-26 13:53:58,246] {logging_mixin.py:115} INFO - [2022-06-26 13:53:58,245] {dagbag.py:507} INFO - Filling up the DagBag from /opt/airflow/dags/listing_2_10.py
[2022-06-26 13:53:58,256] {processor.py:651} INFO - DAG(s) dict_keys(['listing_2_10']) retrieved from /opt/airflow/dags/listing_2_10.py
[2022-06-26 13:53:58,273] {logging_mixin.py:115} INFO - [2022-06-26 13:53:58,273] {dag.py:2371} INFO - Sync 1 DAGs
[2022-06-26 13:53:58,285] {logging_mixin.py:115} INFO - [2022-06-26 13:53:58,285] {dag.py:2919} INFO - Setting next_dagrun for listing_2_10 to 2022-06-12T00:00:00+00:00, run_after=2022-06-13T00:00:00+00:00
[2022-06-26 13:53:58,292] {processor.py:161} INFO - Processing /opt/airflow/dags/listing_2_10.py took 0.052 seconds
[2022-06-26 13:54:29,073] {processor.py:153} INFO - Started process (PID=2040) to work on /opt/airflow/dags/listing_2_10.py
[2022-06-26 13:54:29,074] {processor.py:641} INFO - Processing file /opt/airflow/dags/listing_2_10.py for tasks to queue
[2022-06-26 13:54:29,075] {logging_mixin.py:115} INFO - [2022-06-26 13:54:29,075] {dagbag.py:507} INFO - Filling up the DagBag from /opt/airflow/dags/listing_2_10.py
[2022-06-26 13:54:29,087] {processor.py:651} INFO - DAG(s) dict_keys(['listing_2_10']) retrieved from /opt/airflow/dags/listing_2_10.py
[2022-06-26 13:54:29,108] {logging_mixin.py:115} INFO - [2022-06-26 13:54:29,108] {dag.py:2371} INFO - Sync 1 DAGs
[2022-06-26 13:54:29,125] {logging_mixin.py:115} INFO - [2022-06-26 13:54:29,125] {dag.py:2919} INFO - Setting next_dagrun for listing_2_10 to 2022-06-12T00:00:00+00:00, run_after=2022-06-13T00:00:00+00:00
[2022-06-26 13:54:29,134] {processor.py:161} INFO - Processing /opt/airflow/dags/listing_2_10.py took 0.064 seconds
[2022-06-26 13:54:59,965] {processor.py:153} INFO - Started process (PID=2101) to work on /opt/airflow/dags/listing_2_10.py
[2022-06-26 13:54:59,966] {processor.py:641} INFO - Processing file /opt/airflow/dags/listing_2_10.py for tasks to queue
[2022-06-26 13:54:59,968] {logging_mixin.py:115} INFO - [2022-06-26 13:54:59,968] {dagbag.py:507} INFO - Filling up the DagBag from /opt/airflow/dags/listing_2_10.py
[2022-06-26 13:54:59,979] {processor.py:651} INFO - DAG(s) dict_keys(['listing_2_10']) retrieved from /opt/airflow/dags/listing_2_10.py
[2022-06-26 13:54:59,999] {logging_mixin.py:115} INFO - [2022-06-26 13:54:59,999] {dag.py:2371} INFO - Sync 1 DAGs
[2022-06-26 13:55:00,012] {logging_mixin.py:115} INFO - [2022-06-26 13:55:00,012] {dag.py:2919} INFO - Setting next_dagrun for listing_2_10 to 2022-06-12T00:00:00+00:00, run_after=2022-06-13T00:00:00+00:00
[2022-06-26 13:55:00,021] {processor.py:161} INFO - Processing /opt/airflow/dags/listing_2_10.py took 0.059 seconds
[2022-06-26 13:55:31,004] {processor.py:153} INFO - Started process (PID=2161) to work on /opt/airflow/dags/listing_2_10.py
[2022-06-26 13:55:31,006] {processor.py:641} INFO - Processing file /opt/airflow/dags/listing_2_10.py for tasks to queue
[2022-06-26 13:55:31,007] {logging_mixin.py:115} INFO - [2022-06-26 13:55:31,007] {dagbag.py:507} INFO - Filling up the DagBag from /opt/airflow/dags/listing_2_10.py
[2022-06-26 13:55:31,019] {processor.py:651} INFO - DAG(s) dict_keys(['listing_2_10']) retrieved from /opt/airflow/dags/listing_2_10.py
[2022-06-26 13:55:31,037] {logging_mixin.py:115} INFO - [2022-06-26 13:55:31,037] {dag.py:2371} INFO - Sync 1 DAGs
[2022-06-26 13:55:31,053] {logging_mixin.py:115} INFO - [2022-06-26 13:55:31,053] {dag.py:2919} INFO - Setting next_dagrun for listing_2_10 to 2022-06-12T00:00:00+00:00, run_after=2022-06-13T00:00:00+00:00
[2022-06-26 13:55:31,063] {processor.py:161} INFO - Processing /opt/airflow/dags/listing_2_10.py took 0.061 seconds
[2022-06-26 13:56:02,014] {processor.py:153} INFO - Started process (PID=2222) to work on /opt/airflow/dags/listing_2_10.py
[2022-06-26 13:56:02,016] {processor.py:641} INFO - Processing file /opt/airflow/dags/listing_2_10.py for tasks to queue
[2022-06-26 13:56:02,018] {logging_mixin.py:115} INFO - [2022-06-26 13:56:02,018] {dagbag.py:507} INFO - Filling up the DagBag from /opt/airflow/dags/listing_2_10.py
[2022-06-26 13:56:02,030] {processor.py:651} INFO - DAG(s) dict_keys(['listing_2_10']) retrieved from /opt/airflow/dags/listing_2_10.py
[2022-06-26 13:56:02,049] {logging_mixin.py:115} INFO - [2022-06-26 13:56:02,049] {dag.py:2371} INFO - Sync 1 DAGs
[2022-06-26 13:56:02,062] {logging_mixin.py:115} INFO - [2022-06-26 13:56:02,062] {dag.py:2919} INFO - Setting next_dagrun for listing_2_10 to 2022-06-12T00:00:00+00:00, run_after=2022-06-13T00:00:00+00:00
[2022-06-26 13:56:02,071] {processor.py:161} INFO - Processing /opt/airflow/dags/listing_2_10.py took 0.059 seconds
[2022-06-26 13:56:32,922] {processor.py:153} INFO - Started process (PID=2284) to work on /opt/airflow/dags/listing_2_10.py
[2022-06-26 13:56:32,924] {processor.py:641} INFO - Processing file /opt/airflow/dags/listing_2_10.py for tasks to queue
[2022-06-26 13:56:32,925] {logging_mixin.py:115} INFO - [2022-06-26 13:56:32,925] {dagbag.py:507} INFO - Filling up the DagBag from /opt/airflow/dags/listing_2_10.py
[2022-06-26 13:56:32,938] {processor.py:651} INFO - DAG(s) dict_keys(['listing_2_10']) retrieved from /opt/airflow/dags/listing_2_10.py
[2022-06-26 13:56:32,955] {logging_mixin.py:115} INFO - [2022-06-26 13:56:32,955] {dag.py:2371} INFO - Sync 1 DAGs
[2022-06-26 13:56:32,967] {logging_mixin.py:115} INFO - [2022-06-26 13:56:32,967] {dag.py:2919} INFO - Setting next_dagrun for listing_2_10 to 2022-06-12T00:00:00+00:00, run_after=2022-06-13T00:00:00+00:00
[2022-06-26 13:56:32,974] {processor.py:161} INFO - Processing /opt/airflow/dags/listing_2_10.py took 0.054 seconds
[2022-06-26 13:57:03,144] {processor.py:153} INFO - Started process (PID=2342) to work on /opt/airflow/dags/listing_2_10.py
[2022-06-26 13:57:03,148] {processor.py:641} INFO - Processing file /opt/airflow/dags/listing_2_10.py for tasks to queue
[2022-06-26 13:57:03,150] {logging_mixin.py:115} INFO - [2022-06-26 13:57:03,150] {dagbag.py:507} INFO - Filling up the DagBag from /opt/airflow/dags/listing_2_10.py
[2022-06-26 13:57:03,165] {processor.py:651} INFO - DAG(s) dict_keys(['listing_2_10']) retrieved from /opt/airflow/dags/listing_2_10.py
[2022-06-26 13:57:03,188] {logging_mixin.py:115} INFO - [2022-06-26 13:57:03,188] {dag.py:2371} INFO - Sync 1 DAGs
[2022-06-26 13:57:03,207] {logging_mixin.py:115} INFO - [2022-06-26 13:57:03,207] {dag.py:2919} INFO - Setting next_dagrun for listing_2_10 to 2022-06-12T00:00:00+00:00, run_after=2022-06-13T00:00:00+00:00
[2022-06-26 13:57:03,218] {processor.py:161} INFO - Processing /opt/airflow/dags/listing_2_10.py took 0.076 seconds
[2022-06-26 13:57:34,194] {processor.py:153} INFO - Started process (PID=2396) to work on /opt/airflow/dags/listing_2_10.py
[2022-06-26 13:57:34,195] {processor.py:641} INFO - Processing file /opt/airflow/dags/listing_2_10.py for tasks to queue
[2022-06-26 13:57:34,196] {logging_mixin.py:115} INFO - [2022-06-26 13:57:34,196] {dagbag.py:507} INFO - Filling up the DagBag from /opt/airflow/dags/listing_2_10.py
[2022-06-26 13:57:34,207] {processor.py:651} INFO - DAG(s) dict_keys(['listing_2_10']) retrieved from /opt/airflow/dags/listing_2_10.py
[2022-06-26 13:57:34,225] {logging_mixin.py:115} INFO - [2022-06-26 13:57:34,225] {dag.py:2371} INFO - Sync 1 DAGs
[2022-06-26 13:57:34,239] {logging_mixin.py:115} INFO - [2022-06-26 13:57:34,239] {dag.py:2919} INFO - Setting next_dagrun for listing_2_10 to 2022-06-12T00:00:00+00:00, run_after=2022-06-13T00:00:00+00:00
[2022-06-26 13:57:34,247] {processor.py:161} INFO - Processing /opt/airflow/dags/listing_2_10.py took 0.056 seconds
[2022-06-26 13:58:05,001] {processor.py:153} INFO - Started process (PID=2457) to work on /opt/airflow/dags/listing_2_10.py
[2022-06-26 13:58:05,004] {processor.py:641} INFO - Processing file /opt/airflow/dags/listing_2_10.py for tasks to queue
[2022-06-26 13:58:05,006] {logging_mixin.py:115} INFO - [2022-06-26 13:58:05,006] {dagbag.py:507} INFO - Filling up the DagBag from /opt/airflow/dags/listing_2_10.py
[2022-06-26 13:58:05,023] {processor.py:651} INFO - DAG(s) dict_keys(['listing_2_10']) retrieved from /opt/airflow/dags/listing_2_10.py
[2022-06-26 13:58:05,056] {logging_mixin.py:115} INFO - [2022-06-26 13:58:05,056] {dag.py:2371} INFO - Sync 1 DAGs
[2022-06-26 13:58:05,069] {logging_mixin.py:115} INFO - [2022-06-26 13:58:05,069] {dag.py:2919} INFO - Setting next_dagrun for listing_2_10 to 2022-06-12T00:00:00+00:00, run_after=2022-06-13T00:00:00+00:00
[2022-06-26 13:58:05,076] {processor.py:161} INFO - Processing /opt/airflow/dags/listing_2_10.py took 0.077 seconds
[2022-06-26 13:58:35,432] {processor.py:153} INFO - Started process (PID=2518) to work on /opt/airflow/dags/listing_2_10.py
[2022-06-26 13:58:35,436] {processor.py:641} INFO - Processing file /opt/airflow/dags/listing_2_10.py for tasks to queue
[2022-06-26 13:58:35,438] {logging_mixin.py:115} INFO - [2022-06-26 13:58:35,438] {dagbag.py:507} INFO - Filling up the DagBag from /opt/airflow/dags/listing_2_10.py
[2022-06-26 13:58:35,451] {processor.py:651} INFO - DAG(s) dict_keys(['listing_2_10']) retrieved from /opt/airflow/dags/listing_2_10.py
[2022-06-26 13:58:35,473] {logging_mixin.py:115} INFO - [2022-06-26 13:58:35,473] {dag.py:2371} INFO - Sync 1 DAGs
[2022-06-26 13:58:35,490] {logging_mixin.py:115} INFO - [2022-06-26 13:58:35,490] {dag.py:2919} INFO - Setting next_dagrun for listing_2_10 to 2022-06-12T00:00:00+00:00, run_after=2022-06-13T00:00:00+00:00
[2022-06-26 13:58:35,499] {processor.py:161} INFO - Processing /opt/airflow/dags/listing_2_10.py took 0.069 seconds
[2022-06-26 13:59:06,041] {processor.py:153} INFO - Started process (PID=2578) to work on /opt/airflow/dags/listing_2_10.py
[2022-06-26 13:59:06,042] {processor.py:641} INFO - Processing file /opt/airflow/dags/listing_2_10.py for tasks to queue
[2022-06-26 13:59:06,044] {logging_mixin.py:115} INFO - [2022-06-26 13:59:06,044] {dagbag.py:507} INFO - Filling up the DagBag from /opt/airflow/dags/listing_2_10.py
[2022-06-26 13:59:06,055] {processor.py:651} INFO - DAG(s) dict_keys(['listing_2_10']) retrieved from /opt/airflow/dags/listing_2_10.py
[2022-06-26 13:59:06,076] {logging_mixin.py:115} INFO - [2022-06-26 13:59:06,076] {dag.py:2371} INFO - Sync 1 DAGs
[2022-06-26 13:59:06,089] {logging_mixin.py:115} INFO - [2022-06-26 13:59:06,089] {dag.py:2919} INFO - Setting next_dagrun for listing_2_10 to 2022-06-12T00:00:00+00:00, run_after=2022-06-13T00:00:00+00:00
[2022-06-26 13:59:06,098] {processor.py:161} INFO - Processing /opt/airflow/dags/listing_2_10.py took 0.059 seconds
[2022-06-26 13:59:36,767] {processor.py:153} INFO - Started process (PID=2639) to work on /opt/airflow/dags/listing_2_10.py
[2022-06-26 13:59:36,770] {processor.py:641} INFO - Processing file /opt/airflow/dags/listing_2_10.py for tasks to queue
[2022-06-26 13:59:36,773] {logging_mixin.py:115} INFO - [2022-06-26 13:59:36,773] {dagbag.py:507} INFO - Filling up the DagBag from /opt/airflow/dags/listing_2_10.py
[2022-06-26 13:59:36,784] {processor.py:651} INFO - DAG(s) dict_keys(['listing_2_10']) retrieved from /opt/airflow/dags/listing_2_10.py
[2022-06-26 13:59:36,805] {logging_mixin.py:115} INFO - [2022-06-26 13:59:36,805] {dag.py:2371} INFO - Sync 1 DAGs
[2022-06-26 13:59:36,819] {logging_mixin.py:115} INFO - [2022-06-26 13:59:36,819] {dag.py:2919} INFO - Setting next_dagrun for listing_2_10 to 2022-06-12T00:00:00+00:00, run_after=2022-06-13T00:00:00+00:00
[2022-06-26 13:59:36,832] {processor.py:161} INFO - Processing /opt/airflow/dags/listing_2_10.py took 0.070 seconds
[2022-06-26 14:00:07,447] {processor.py:153} INFO - Started process (PID=2702) to work on /opt/airflow/dags/listing_2_10.py
[2022-06-26 14:00:07,452] {processor.py:641} INFO - Processing file /opt/airflow/dags/listing_2_10.py for tasks to queue
[2022-06-26 14:00:07,455] {logging_mixin.py:115} INFO - [2022-06-26 14:00:07,455] {dagbag.py:507} INFO - Filling up the DagBag from /opt/airflow/dags/listing_2_10.py
[2022-06-26 14:00:07,480] {processor.py:651} INFO - DAG(s) dict_keys(['listing_2_10']) retrieved from /opt/airflow/dags/listing_2_10.py
[2022-06-26 14:00:07,506] {logging_mixin.py:115} INFO - [2022-06-26 14:00:07,506] {dag.py:2371} INFO - Sync 1 DAGs
[2022-06-26 14:00:07,526] {logging_mixin.py:115} INFO - [2022-06-26 14:00:07,526] {dag.py:2919} INFO - Setting next_dagrun for listing_2_10 to 2022-06-12T00:00:00+00:00, run_after=2022-06-13T00:00:00+00:00
[2022-06-26 14:00:07,553] {processor.py:161} INFO - Processing /opt/airflow/dags/listing_2_10.py took 0.111 seconds
[2022-06-26 14:00:38,131] {processor.py:153} INFO - Started process (PID=2753) to work on /opt/airflow/dags/listing_2_10.py
[2022-06-26 14:00:38,133] {processor.py:641} INFO - Processing file /opt/airflow/dags/listing_2_10.py for tasks to queue
[2022-06-26 14:00:38,136] {logging_mixin.py:115} INFO - [2022-06-26 14:00:38,136] {dagbag.py:507} INFO - Filling up the DagBag from /opt/airflow/dags/listing_2_10.py
[2022-06-26 14:00:38,151] {processor.py:651} INFO - DAG(s) dict_keys(['listing_2_10']) retrieved from /opt/airflow/dags/listing_2_10.py
[2022-06-26 14:00:38,174] {logging_mixin.py:115} INFO - [2022-06-26 14:00:38,174] {dag.py:2371} INFO - Sync 1 DAGs
[2022-06-26 14:00:38,190] {logging_mixin.py:115} INFO - [2022-06-26 14:00:38,190] {dag.py:2919} INFO - Setting next_dagrun for listing_2_10 to 2022-06-12T00:00:00+00:00, run_after=2022-06-13T00:00:00+00:00
[2022-06-26 14:00:38,198] {processor.py:161} INFO - Processing /opt/airflow/dags/listing_2_10.py took 0.069 seconds
[2022-06-26 14:01:08,842] {processor.py:153} INFO - Started process (PID=2814) to work on /opt/airflow/dags/listing_2_10.py
[2022-06-26 14:01:08,844] {processor.py:641} INFO - Processing file /opt/airflow/dags/listing_2_10.py for tasks to queue
[2022-06-26 14:01:08,845] {logging_mixin.py:115} INFO - [2022-06-26 14:01:08,845] {dagbag.py:507} INFO - Filling up the DagBag from /opt/airflow/dags/listing_2_10.py
[2022-06-26 14:01:08,855] {processor.py:651} INFO - DAG(s) dict_keys(['listing_2_10']) retrieved from /opt/airflow/dags/listing_2_10.py
[2022-06-26 14:01:08,873] {logging_mixin.py:115} INFO - [2022-06-26 14:01:08,872] {dag.py:2371} INFO - Sync 1 DAGs
[2022-06-26 14:01:08,886] {logging_mixin.py:115} INFO - [2022-06-26 14:01:08,886] {dag.py:2919} INFO - Setting next_dagrun for listing_2_10 to 2022-06-12T00:00:00+00:00, run_after=2022-06-13T00:00:00+00:00
[2022-06-26 14:01:08,896] {processor.py:161} INFO - Processing /opt/airflow/dags/listing_2_10.py took 0.056 seconds
[2022-06-26 14:01:39,609] {processor.py:153} INFO - Started process (PID=2875) to work on /opt/airflow/dags/listing_2_10.py
[2022-06-26 14:01:39,610] {processor.py:641} INFO - Processing file /opt/airflow/dags/listing_2_10.py for tasks to queue
[2022-06-26 14:01:39,612] {logging_mixin.py:115} INFO - [2022-06-26 14:01:39,612] {dagbag.py:507} INFO - Filling up the DagBag from /opt/airflow/dags/listing_2_10.py
[2022-06-26 14:01:39,675] {processor.py:651} INFO - DAG(s) dict_keys(['listing_2_10']) retrieved from /opt/airflow/dags/listing_2_10.py
[2022-06-26 14:01:39,694] {logging_mixin.py:115} INFO - [2022-06-26 14:01:39,694] {dag.py:2371} INFO - Sync 1 DAGs
[2022-06-26 14:01:39,713] {logging_mixin.py:115} INFO - [2022-06-26 14:01:39,713] {dag.py:2919} INFO - Setting next_dagrun for listing_2_10 to 2022-06-12T00:00:00+00:00, run_after=2022-06-13T00:00:00+00:00
[2022-06-26 14:01:39,721] {processor.py:161} INFO - Processing /opt/airflow/dags/listing_2_10.py took 0.114 seconds
[2022-06-26 14:02:10,752] {processor.py:153} INFO - Started process (PID=2936) to work on /opt/airflow/dags/listing_2_10.py
[2022-06-26 14:02:10,757] {processor.py:641} INFO - Processing file /opt/airflow/dags/listing_2_10.py for tasks to queue
[2022-06-26 14:02:10,760] {logging_mixin.py:115} INFO - [2022-06-26 14:02:10,760] {dagbag.py:507} INFO - Filling up the DagBag from /opt/airflow/dags/listing_2_10.py
[2022-06-26 14:02:10,784] {processor.py:651} INFO - DAG(s) dict_keys(['listing_2_10']) retrieved from /opt/airflow/dags/listing_2_10.py
[2022-06-26 14:02:10,809] {logging_mixin.py:115} INFO - [2022-06-26 14:02:10,809] {dag.py:2371} INFO - Sync 1 DAGs
[2022-06-26 14:02:10,831] {logging_mixin.py:115} INFO - [2022-06-26 14:02:10,831] {dag.py:2919} INFO - Setting next_dagrun for listing_2_10 to 2022-06-12T00:00:00+00:00, run_after=2022-06-13T00:00:00+00:00
[2022-06-26 14:02:10,842] {processor.py:161} INFO - Processing /opt/airflow/dags/listing_2_10.py took 0.092 seconds
[2022-06-26 14:02:41,650] {processor.py:153} INFO - Started process (PID=2997) to work on /opt/airflow/dags/listing_2_10.py
[2022-06-26 14:02:41,651] {processor.py:641} INFO - Processing file /opt/airflow/dags/listing_2_10.py for tasks to queue
[2022-06-26 14:02:41,653] {logging_mixin.py:115} INFO - [2022-06-26 14:02:41,653] {dagbag.py:507} INFO - Filling up the DagBag from /opt/airflow/dags/listing_2_10.py
[2022-06-26 14:02:41,665] {processor.py:651} INFO - DAG(s) dict_keys(['listing_2_10']) retrieved from /opt/airflow/dags/listing_2_10.py
[2022-06-26 14:02:41,688] {logging_mixin.py:115} INFO - [2022-06-26 14:02:41,688] {dag.py:2371} INFO - Sync 1 DAGs
[2022-06-26 14:02:41,708] {logging_mixin.py:115} INFO - [2022-06-26 14:02:41,708] {dag.py:2919} INFO - Setting next_dagrun for listing_2_10 to 2022-06-12T00:00:00+00:00, run_after=2022-06-13T00:00:00+00:00
[2022-06-26 14:02:41,718] {processor.py:161} INFO - Processing /opt/airflow/dags/listing_2_10.py took 0.070 seconds
[2022-06-26 14:03:12,609] {processor.py:153} INFO - Started process (PID=3058) to work on /opt/airflow/dags/listing_2_10.py
[2022-06-26 14:03:12,612] {processor.py:641} INFO - Processing file /opt/airflow/dags/listing_2_10.py for tasks to queue
[2022-06-26 14:03:12,613] {logging_mixin.py:115} INFO - [2022-06-26 14:03:12,613] {dagbag.py:507} INFO - Filling up the DagBag from /opt/airflow/dags/listing_2_10.py
[2022-06-26 14:03:12,628] {processor.py:651} INFO - DAG(s) dict_keys(['listing_2_10']) retrieved from /opt/airflow/dags/listing_2_10.py
[2022-06-26 14:03:12,648] {logging_mixin.py:115} INFO - [2022-06-26 14:03:12,648] {dag.py:2371} INFO - Sync 1 DAGs
[2022-06-26 14:03:12,664] {logging_mixin.py:115} INFO - [2022-06-26 14:03:12,664] {dag.py:2919} INFO - Setting next_dagrun for listing_2_10 to 2022-06-12T00:00:00+00:00, run_after=2022-06-13T00:00:00+00:00
[2022-06-26 14:03:12,677] {processor.py:161} INFO - Processing /opt/airflow/dags/listing_2_10.py took 0.072 seconds
[2022-06-26 14:03:43,443] {processor.py:153} INFO - Started process (PID=3119) to work on /opt/airflow/dags/listing_2_10.py
[2022-06-26 14:03:43,445] {processor.py:641} INFO - Processing file /opt/airflow/dags/listing_2_10.py for tasks to queue
[2022-06-26 14:03:43,446] {logging_mixin.py:115} INFO - [2022-06-26 14:03:43,446] {dagbag.py:507} INFO - Filling up the DagBag from /opt/airflow/dags/listing_2_10.py
[2022-06-26 14:03:43,456] {processor.py:651} INFO - DAG(s) dict_keys(['listing_2_10']) retrieved from /opt/airflow/dags/listing_2_10.py
[2022-06-26 14:03:43,472] {logging_mixin.py:115} INFO - [2022-06-26 14:03:43,472] {dag.py:2371} INFO - Sync 1 DAGs
[2022-06-26 14:03:43,486] {logging_mixin.py:115} INFO - [2022-06-26 14:03:43,486] {dag.py:2919} INFO - Setting next_dagrun for listing_2_10 to 2022-06-12T00:00:00+00:00, run_after=2022-06-13T00:00:00+00:00
[2022-06-26 14:03:43,494] {processor.py:161} INFO - Processing /opt/airflow/dags/listing_2_10.py took 0.053 seconds
[2022-06-26 14:04:14,465] {processor.py:153} INFO - Started process (PID=3170) to work on /opt/airflow/dags/listing_2_10.py
[2022-06-26 14:04:14,467] {processor.py:641} INFO - Processing file /opt/airflow/dags/listing_2_10.py for tasks to queue
[2022-06-26 14:04:14,468] {logging_mixin.py:115} INFO - [2022-06-26 14:04:14,468] {dagbag.py:507} INFO - Filling up the DagBag from /opt/airflow/dags/listing_2_10.py
[2022-06-26 14:04:14,486] {processor.py:651} INFO - DAG(s) dict_keys(['listing_2_10']) retrieved from /opt/airflow/dags/listing_2_10.py
[2022-06-26 14:04:14,509] {logging_mixin.py:115} INFO - [2022-06-26 14:04:14,509] {dag.py:2371} INFO - Sync 1 DAGs
[2022-06-26 14:04:14,525] {logging_mixin.py:115} INFO - [2022-06-26 14:04:14,525] {dag.py:2919} INFO - Setting next_dagrun for listing_2_10 to 2022-06-12T00:00:00+00:00, run_after=2022-06-13T00:00:00+00:00
[2022-06-26 14:04:14,538] {processor.py:161} INFO - Processing /opt/airflow/dags/listing_2_10.py took 0.075 seconds
[2022-06-26 14:04:45,251] {processor.py:153} INFO - Started process (PID=3232) to work on /opt/airflow/dags/listing_2_10.py
[2022-06-26 14:04:45,254] {processor.py:641} INFO - Processing file /opt/airflow/dags/listing_2_10.py for tasks to queue
[2022-06-26 14:04:45,255] {logging_mixin.py:115} INFO - [2022-06-26 14:04:45,255] {dagbag.py:507} INFO - Filling up the DagBag from /opt/airflow/dags/listing_2_10.py
[2022-06-26 14:04:45,266] {processor.py:651} INFO - DAG(s) dict_keys(['listing_2_10']) retrieved from /opt/airflow/dags/listing_2_10.py
[2022-06-26 14:04:45,291] {logging_mixin.py:115} INFO - [2022-06-26 14:04:45,291] {dag.py:2371} INFO - Sync 1 DAGs
[2022-06-26 14:04:45,305] {logging_mixin.py:115} INFO - [2022-06-26 14:04:45,305] {dag.py:2919} INFO - Setting next_dagrun for listing_2_10 to 2022-06-12T00:00:00+00:00, run_after=2022-06-13T00:00:00+00:00
[2022-06-26 14:04:45,314] {processor.py:161} INFO - Processing /opt/airflow/dags/listing_2_10.py took 0.065 seconds
[2022-06-26 14:05:16,147] {processor.py:153} INFO - Started process (PID=3293) to work on /opt/airflow/dags/listing_2_10.py
[2022-06-26 14:05:16,149] {processor.py:641} INFO - Processing file /opt/airflow/dags/listing_2_10.py for tasks to queue
[2022-06-26 14:05:16,151] {logging_mixin.py:115} INFO - [2022-06-26 14:05:16,151] {dagbag.py:507} INFO - Filling up the DagBag from /opt/airflow/dags/listing_2_10.py
[2022-06-26 14:05:16,165] {processor.py:651} INFO - DAG(s) dict_keys(['listing_2_10']) retrieved from /opt/airflow/dags/listing_2_10.py
[2022-06-26 14:05:16,184] {logging_mixin.py:115} INFO - [2022-06-26 14:05:16,183] {dag.py:2371} INFO - Sync 1 DAGs
[2022-06-26 14:05:16,202] {logging_mixin.py:115} INFO - [2022-06-26 14:05:16,202] {dag.py:2919} INFO - Setting next_dagrun for listing_2_10 to 2022-06-12T00:00:00+00:00, run_after=2022-06-13T00:00:00+00:00
[2022-06-26 14:05:16,212] {processor.py:161} INFO - Processing /opt/airflow/dags/listing_2_10.py took 0.068 seconds
[2022-06-26 14:05:46,557] {processor.py:153} INFO - Started process (PID=3354) to work on /opt/airflow/dags/listing_2_10.py
[2022-06-26 14:05:46,558] {processor.py:641} INFO - Processing file /opt/airflow/dags/listing_2_10.py for tasks to queue
[2022-06-26 14:05:46,559] {logging_mixin.py:115} INFO - [2022-06-26 14:05:46,559] {dagbag.py:507} INFO - Filling up the DagBag from /opt/airflow/dags/listing_2_10.py
[2022-06-26 14:05:46,571] {processor.py:651} INFO - DAG(s) dict_keys(['listing_2_10']) retrieved from /opt/airflow/dags/listing_2_10.py
[2022-06-26 14:05:46,591] {logging_mixin.py:115} INFO - [2022-06-26 14:05:46,591] {dag.py:2371} INFO - Sync 1 DAGs
[2022-06-26 14:05:46,605] {logging_mixin.py:115} INFO - [2022-06-26 14:05:46,605] {dag.py:2919} INFO - Setting next_dagrun for listing_2_10 to 2022-06-12T00:00:00+00:00, run_after=2022-06-13T00:00:00+00:00
[2022-06-26 14:05:46,614] {processor.py:161} INFO - Processing /opt/airflow/dags/listing_2_10.py took 0.059 seconds
[2022-06-26 14:09:53,647] {processor.py:153} INFO - Started process (PID=3405) to work on /opt/airflow/dags/listing_2_10.py
[2022-06-26 14:09:53,649] {processor.py:641} INFO - Processing file /opt/airflow/dags/listing_2_10.py for tasks to queue
[2022-06-26 14:09:53,653] {logging_mixin.py:115} INFO - [2022-06-26 14:09:53,653] {dagbag.py:507} INFO - Filling up the DagBag from /opt/airflow/dags/listing_2_10.py
[2022-06-26 14:09:53,671] {processor.py:651} INFO - DAG(s) dict_keys(['listing_2_10']) retrieved from /opt/airflow/dags/listing_2_10.py
[2022-06-26 14:09:53,702] {logging_mixin.py:115} INFO - [2022-06-26 14:09:53,702] {dag.py:2371} INFO - Sync 1 DAGs
[2022-06-26 14:09:53,727] {logging_mixin.py:115} INFO - [2022-06-26 14:09:53,727] {dag.py:2919} INFO - Setting next_dagrun for listing_2_10 to 2022-06-12T00:00:00+00:00, run_after=2022-06-13T00:00:00+00:00
[2022-06-26 14:09:53,848] {processor.py:161} INFO - Processing /opt/airflow/dags/listing_2_10.py took 0.204 seconds
[2022-06-26 14:10:24,148] {processor.py:153} INFO - Started process (PID=3466) to work on /opt/airflow/dags/listing_2_10.py
[2022-06-26 14:10:24,150] {processor.py:641} INFO - Processing file /opt/airflow/dags/listing_2_10.py for tasks to queue
[2022-06-26 14:10:24,151] {logging_mixin.py:115} INFO - [2022-06-26 14:10:24,151] {dagbag.py:507} INFO - Filling up the DagBag from /opt/airflow/dags/listing_2_10.py
[2022-06-26 14:10:24,163] {processor.py:651} INFO - DAG(s) dict_keys(['listing_2_10']) retrieved from /opt/airflow/dags/listing_2_10.py
[2022-06-26 14:10:24,183] {logging_mixin.py:115} INFO - [2022-06-26 14:10:24,183] {dag.py:2371} INFO - Sync 1 DAGs
[2022-06-26 14:10:24,201] {logging_mixin.py:115} INFO - [2022-06-26 14:10:24,201] {dag.py:2919} INFO - Setting next_dagrun for listing_2_10 to 2022-06-12T00:00:00+00:00, run_after=2022-06-13T00:00:00+00:00
[2022-06-26 14:10:24,297] {processor.py:161} INFO - Processing /opt/airflow/dags/listing_2_10.py took 0.151 seconds
[2022-06-26 14:10:54,492] {processor.py:153} INFO - Started process (PID=3517) to work on /opt/airflow/dags/listing_2_10.py
[2022-06-26 14:10:54,495] {processor.py:641} INFO - Processing file /opt/airflow/dags/listing_2_10.py for tasks to queue
[2022-06-26 14:10:54,496] {logging_mixin.py:115} INFO - [2022-06-26 14:10:54,496] {dagbag.py:507} INFO - Filling up the DagBag from /opt/airflow/dags/listing_2_10.py
[2022-06-26 14:10:54,507] {processor.py:651} INFO - DAG(s) dict_keys(['listing_2_10']) retrieved from /opt/airflow/dags/listing_2_10.py
[2022-06-26 14:10:54,527] {logging_mixin.py:115} INFO - [2022-06-26 14:10:54,527] {dag.py:2371} INFO - Sync 1 DAGs
[2022-06-26 14:10:54,544] {logging_mixin.py:115} INFO - [2022-06-26 14:10:54,544] {dag.py:2919} INFO - Setting next_dagrun for listing_2_10 to 2022-06-12T00:00:00+00:00, run_after=2022-06-13T00:00:00+00:00
[2022-06-26 14:10:54,630] {processor.py:161} INFO - Processing /opt/airflow/dags/listing_2_10.py took 0.141 seconds
[2022-06-26 14:11:24,946] {processor.py:153} INFO - Started process (PID=3578) to work on /opt/airflow/dags/listing_2_10.py
[2022-06-26 14:11:24,948] {processor.py:641} INFO - Processing file /opt/airflow/dags/listing_2_10.py for tasks to queue
[2022-06-26 14:11:24,950] {logging_mixin.py:115} INFO - [2022-06-26 14:11:24,950] {dagbag.py:507} INFO - Filling up the DagBag from /opt/airflow/dags/listing_2_10.py
[2022-06-26 14:11:24,964] {processor.py:651} INFO - DAG(s) dict_keys(['listing_2_10']) retrieved from /opt/airflow/dags/listing_2_10.py
[2022-06-26 14:11:24,989] {logging_mixin.py:115} INFO - [2022-06-26 14:11:24,989] {dag.py:2371} INFO - Sync 1 DAGs
[2022-06-26 14:11:25,008] {logging_mixin.py:115} INFO - [2022-06-26 14:11:25,008] {dag.py:2919} INFO - Setting next_dagrun for listing_2_10 to 2022-06-12T00:00:00+00:00, run_after=2022-06-13T00:00:00+00:00
[2022-06-26 14:11:25,111] {processor.py:161} INFO - Processing /opt/airflow/dags/listing_2_10.py took 0.168 seconds
[2022-06-26 14:11:55,277] {processor.py:153} INFO - Started process (PID=3639) to work on /opt/airflow/dags/listing_2_10.py
[2022-06-26 14:11:55,279] {processor.py:641} INFO - Processing file /opt/airflow/dags/listing_2_10.py for tasks to queue
[2022-06-26 14:11:55,280] {logging_mixin.py:115} INFO - [2022-06-26 14:11:55,280] {dagbag.py:507} INFO - Filling up the DagBag from /opt/airflow/dags/listing_2_10.py
[2022-06-26 14:11:55,294] {processor.py:651} INFO - DAG(s) dict_keys(['listing_2_10']) retrieved from /opt/airflow/dags/listing_2_10.py
[2022-06-26 14:11:55,314] {logging_mixin.py:115} INFO - [2022-06-26 14:11:55,314] {dag.py:2371} INFO - Sync 1 DAGs
[2022-06-26 14:11:55,335] {logging_mixin.py:115} INFO - [2022-06-26 14:11:55,335] {dag.py:2919} INFO - Setting next_dagrun for listing_2_10 to 2022-06-12T00:00:00+00:00, run_after=2022-06-13T00:00:00+00:00
[2022-06-26 14:11:55,421] {processor.py:161} INFO - Processing /opt/airflow/dags/listing_2_10.py took 0.147 seconds
[2022-06-26 14:12:26,379] {processor.py:153} INFO - Started process (PID=3700) to work on /opt/airflow/dags/listing_2_10.py
[2022-06-26 14:12:26,381] {processor.py:641} INFO - Processing file /opt/airflow/dags/listing_2_10.py for tasks to queue
[2022-06-26 14:12:26,383] {logging_mixin.py:115} INFO - [2022-06-26 14:12:26,382] {dagbag.py:507} INFO - Filling up the DagBag from /opt/airflow/dags/listing_2_10.py
[2022-06-26 14:12:26,395] {processor.py:651} INFO - DAG(s) dict_keys(['listing_2_10']) retrieved from /opt/airflow/dags/listing_2_10.py
[2022-06-26 14:12:26,413] {logging_mixin.py:115} INFO - [2022-06-26 14:12:26,413] {dag.py:2371} INFO - Sync 1 DAGs
[2022-06-26 14:12:26,426] {logging_mixin.py:115} INFO - [2022-06-26 14:12:26,426] {dag.py:2919} INFO - Setting next_dagrun for listing_2_10 to 2022-06-12T00:00:00+00:00, run_after=2022-06-13T00:00:00+00:00
[2022-06-26 14:12:26,507] {processor.py:161} INFO - Processing /opt/airflow/dags/listing_2_10.py took 0.130 seconds
[2022-06-26 14:12:57,289] {processor.py:153} INFO - Started process (PID=4262) to work on /opt/airflow/dags/listing_2_10.py
[2022-06-26 14:12:57,293] {processor.py:641} INFO - Processing file /opt/airflow/dags/listing_2_10.py for tasks to queue
[2022-06-26 14:12:57,294] {logging_mixin.py:115} INFO - [2022-06-26 14:12:57,294] {dagbag.py:507} INFO - Filling up the DagBag from /opt/airflow/dags/listing_2_10.py
[2022-06-26 14:12:57,324] {processor.py:651} INFO - DAG(s) dict_keys(['listing_2_10']) retrieved from /opt/airflow/dags/listing_2_10.py
[2022-06-26 14:12:57,350] {logging_mixin.py:115} INFO - [2022-06-26 14:12:57,350] {dag.py:2371} INFO - Sync 1 DAGs
[2022-06-26 14:12:57,391] {logging_mixin.py:115} INFO - [2022-06-26 14:12:57,391] {dag.py:2919} INFO - Setting next_dagrun for listing_2_10 to 2022-06-12T00:00:00+00:00, run_after=2022-06-13T00:00:00+00:00
[2022-06-26 14:12:57,542] {processor.py:161} INFO - Processing /opt/airflow/dags/listing_2_10.py took 0.256 seconds
[2022-06-26 14:13:27,641] {processor.py:153} INFO - Started process (PID=4772) to work on /opt/airflow/dags/listing_2_10.py
[2022-06-26 14:13:27,643] {processor.py:641} INFO - Processing file /opt/airflow/dags/listing_2_10.py for tasks to queue
[2022-06-26 14:13:27,645] {logging_mixin.py:115} INFO - [2022-06-26 14:13:27,645] {dagbag.py:507} INFO - Filling up the DagBag from /opt/airflow/dags/listing_2_10.py
[2022-06-26 14:13:27,684] {processor.py:651} INFO - DAG(s) dict_keys(['listing_2_10']) retrieved from /opt/airflow/dags/listing_2_10.py
[2022-06-26 14:13:27,770] {logging_mixin.py:115} INFO - [2022-06-26 14:13:27,770] {dag.py:2371} INFO - Sync 1 DAGs
[2022-06-26 14:13:27,813] {logging_mixin.py:115} INFO - [2022-06-26 14:13:27,813] {dag.py:2919} INFO - Setting next_dagrun for listing_2_10 to 2022-06-12T00:00:00+00:00, run_after=2022-06-13T00:00:00+00:00
[2022-06-26 14:13:27,971] {processor.py:161} INFO - Processing /opt/airflow/dags/listing_2_10.py took 0.333 seconds
[2022-06-26 14:13:58,295] {processor.py:153} INFO - Started process (PID=5749) to work on /opt/airflow/dags/listing_2_10.py
[2022-06-26 14:13:58,297] {processor.py:641} INFO - Processing file /opt/airflow/dags/listing_2_10.py for tasks to queue
[2022-06-26 14:13:58,299] {logging_mixin.py:115} INFO - [2022-06-26 14:13:58,299] {dagbag.py:507} INFO - Filling up the DagBag from /opt/airflow/dags/listing_2_10.py
[2022-06-26 14:13:58,314] {processor.py:651} INFO - DAG(s) dict_keys(['listing_2_10']) retrieved from /opt/airflow/dags/listing_2_10.py
[2022-06-26 14:13:58,341] {logging_mixin.py:115} INFO - [2022-06-26 14:13:58,341] {dag.py:2371} INFO - Sync 1 DAGs
[2022-06-26 14:13:58,368] {logging_mixin.py:115} INFO - [2022-06-26 14:13:58,368] {dag.py:2919} INFO - Setting next_dagrun for listing_2_10 to 2022-06-12T00:00:00+00:00, run_after=2022-06-13T00:00:00+00:00
[2022-06-26 14:13:58,490] {processor.py:161} INFO - Processing /opt/airflow/dags/listing_2_10.py took 0.198 seconds
[2022-06-26 14:14:28,560] {processor.py:153} INFO - Started process (PID=6117) to work on /opt/airflow/dags/listing_2_10.py
[2022-06-26 14:14:28,562] {processor.py:641} INFO - Processing file /opt/airflow/dags/listing_2_10.py for tasks to queue
[2022-06-26 14:14:28,564] {logging_mixin.py:115} INFO - [2022-06-26 14:14:28,564] {dagbag.py:507} INFO - Filling up the DagBag from /opt/airflow/dags/listing_2_10.py
[2022-06-26 14:14:28,575] {processor.py:651} INFO - DAG(s) dict_keys(['listing_2_10']) retrieved from /opt/airflow/dags/listing_2_10.py
[2022-06-26 14:14:28,594] {logging_mixin.py:115} INFO - [2022-06-26 14:14:28,593] {dag.py:2371} INFO - Sync 1 DAGs
[2022-06-26 14:14:28,607] {logging_mixin.py:115} INFO - [2022-06-26 14:14:28,607] {dag.py:2919} INFO - Setting next_dagrun for listing_2_10 to 2022-06-12T00:00:00+00:00, run_after=2022-06-13T00:00:00+00:00
[2022-06-26 14:14:28,685] {processor.py:161} INFO - Processing /opt/airflow/dags/listing_2_10.py took 0.129 seconds
[2022-06-26 14:14:59,423] {processor.py:153} INFO - Started process (PID=6492) to work on /opt/airflow/dags/listing_2_10.py
[2022-06-26 14:14:59,425] {processor.py:641} INFO - Processing file /opt/airflow/dags/listing_2_10.py for tasks to queue
[2022-06-26 14:14:59,426] {logging_mixin.py:115} INFO - [2022-06-26 14:14:59,426] {dagbag.py:507} INFO - Filling up the DagBag from /opt/airflow/dags/listing_2_10.py
[2022-06-26 14:14:59,437] {processor.py:651} INFO - DAG(s) dict_keys(['listing_2_10']) retrieved from /opt/airflow/dags/listing_2_10.py
[2022-06-26 14:14:59,460] {logging_mixin.py:115} INFO - [2022-06-26 14:14:59,460] {dag.py:2371} INFO - Sync 1 DAGs
[2022-06-26 14:14:59,549] {logging_mixin.py:115} INFO - [2022-06-26 14:14:59,548] {dag.py:2919} INFO - Setting next_dagrun for listing_2_10 to 2022-06-12T00:00:00+00:00, run_after=2022-06-13T00:00:00+00:00
[2022-06-26 14:14:59,557] {processor.py:161} INFO - Processing /opt/airflow/dags/listing_2_10.py took 0.136 seconds
[2022-06-26 14:15:30,029] {processor.py:153} INFO - Started process (PID=6866) to work on /opt/airflow/dags/listing_2_10.py
[2022-06-26 14:15:30,031] {processor.py:641} INFO - Processing file /opt/airflow/dags/listing_2_10.py for tasks to queue
[2022-06-26 14:15:30,032] {logging_mixin.py:115} INFO - [2022-06-26 14:15:30,032] {dagbag.py:507} INFO - Filling up the DagBag from /opt/airflow/dags/listing_2_10.py
[2022-06-26 14:15:30,042] {processor.py:651} INFO - DAG(s) dict_keys(['listing_2_10']) retrieved from /opt/airflow/dags/listing_2_10.py
[2022-06-26 14:15:30,061] {logging_mixin.py:115} INFO - [2022-06-26 14:15:30,061] {dag.py:2371} INFO - Sync 1 DAGs
[2022-06-26 14:15:30,148] {logging_mixin.py:115} INFO - [2022-06-26 14:15:30,148] {dag.py:2919} INFO - Setting next_dagrun for listing_2_10 to 2022-06-12T00:00:00+00:00, run_after=2022-06-13T00:00:00+00:00
[2022-06-26 14:15:30,155] {processor.py:161} INFO - Processing /opt/airflow/dags/listing_2_10.py took 0.128 seconds
[2022-06-26 14:16:00,988] {processor.py:153} INFO - Started process (PID=7484) to work on /opt/airflow/dags/listing_2_10.py
[2022-06-26 14:16:00,989] {processor.py:641} INFO - Processing file /opt/airflow/dags/listing_2_10.py for tasks to queue
[2022-06-26 14:16:00,991] {logging_mixin.py:115} INFO - [2022-06-26 14:16:00,991] {dagbag.py:507} INFO - Filling up the DagBag from /opt/airflow/dags/listing_2_10.py
[2022-06-26 14:16:01,002] {processor.py:651} INFO - DAG(s) dict_keys(['listing_2_10']) retrieved from /opt/airflow/dags/listing_2_10.py
[2022-06-26 14:16:01,022] {logging_mixin.py:115} INFO - [2022-06-26 14:16:01,022] {dag.py:2371} INFO - Sync 1 DAGs
[2022-06-26 14:16:01,117] {logging_mixin.py:115} INFO - [2022-06-26 14:16:01,117] {dag.py:2919} INFO - Setting next_dagrun for listing_2_10 to 2022-06-12T00:00:00+00:00, run_after=2022-06-13T00:00:00+00:00
[2022-06-26 14:16:01,124] {processor.py:161} INFO - Processing /opt/airflow/dags/listing_2_10.py took 0.139 seconds
[2022-06-26 14:16:31,999] {processor.py:153} INFO - Started process (PID=9172) to work on /opt/airflow/dags/listing_2_10.py
[2022-06-26 14:16:32,002] {processor.py:641} INFO - Processing file /opt/airflow/dags/listing_2_10.py for tasks to queue
[2022-06-26 14:16:32,004] {logging_mixin.py:115} INFO - [2022-06-26 14:16:32,004] {dagbag.py:507} INFO - Filling up the DagBag from /opt/airflow/dags/listing_2_10.py
[2022-06-26 14:16:32,018] {processor.py:651} INFO - DAG(s) dict_keys(['listing_2_10']) retrieved from /opt/airflow/dags/listing_2_10.py
[2022-06-26 14:16:32,039] {logging_mixin.py:115} INFO - [2022-06-26 14:16:32,039] {dag.py:2371} INFO - Sync 1 DAGs
[2022-06-26 14:16:32,146] {logging_mixin.py:115} INFO - [2022-06-26 14:16:32,146] {dag.py:2919} INFO - Setting next_dagrun for listing_2_10 to 2022-06-12T00:00:00+00:00, run_after=2022-06-13T00:00:00+00:00
[2022-06-26 14:16:32,177] {processor.py:161} INFO - Processing /opt/airflow/dags/listing_2_10.py took 0.181 seconds
[2022-06-26 14:17:03,028] {processor.py:153} INFO - Started process (PID=10111) to work on /opt/airflow/dags/listing_2_10.py
[2022-06-26 14:17:03,031] {processor.py:641} INFO - Processing file /opt/airflow/dags/listing_2_10.py for tasks to queue
[2022-06-26 14:17:03,034] {logging_mixin.py:115} INFO - [2022-06-26 14:17:03,034] {dagbag.py:507} INFO - Filling up the DagBag from /opt/airflow/dags/listing_2_10.py
[2022-06-26 14:17:03,046] {processor.py:651} INFO - DAG(s) dict_keys(['listing_2_10']) retrieved from /opt/airflow/dags/listing_2_10.py
[2022-06-26 14:17:03,067] {logging_mixin.py:115} INFO - [2022-06-26 14:17:03,067] {dag.py:2371} INFO - Sync 1 DAGs
[2022-06-26 14:17:03,166] {logging_mixin.py:115} INFO - [2022-06-26 14:17:03,166] {dag.py:2919} INFO - Setting next_dagrun for listing_2_10 to 2022-06-12T00:00:00+00:00, run_after=2022-06-13T00:00:00+00:00
[2022-06-26 14:17:03,176] {processor.py:161} INFO - Processing /opt/airflow/dags/listing_2_10.py took 0.150 seconds
[2022-06-26 14:17:33,593] {processor.py:153} INFO - Started process (PID=11059) to work on /opt/airflow/dags/listing_2_10.py
[2022-06-26 14:17:33,596] {processor.py:641} INFO - Processing file /opt/airflow/dags/listing_2_10.py for tasks to queue
[2022-06-26 14:17:33,598] {logging_mixin.py:115} INFO - [2022-06-26 14:17:33,598] {dagbag.py:507} INFO - Filling up the DagBag from /opt/airflow/dags/listing_2_10.py
[2022-06-26 14:17:33,611] {processor.py:651} INFO - DAG(s) dict_keys(['listing_2_10']) retrieved from /opt/airflow/dags/listing_2_10.py
[2022-06-26 14:17:33,631] {logging_mixin.py:115} INFO - [2022-06-26 14:17:33,631] {dag.py:2371} INFO - Sync 1 DAGs
[2022-06-26 14:17:33,724] {logging_mixin.py:115} INFO - [2022-06-26 14:17:33,724] {dag.py:2919} INFO - Setting next_dagrun for listing_2_10 to 2022-06-12T00:00:00+00:00, run_after=2022-06-13T00:00:00+00:00
[2022-06-26 14:17:33,732] {processor.py:161} INFO - Processing /opt/airflow/dags/listing_2_10.py took 0.142 seconds
[2022-06-26 14:18:04,232] {processor.py:153} INFO - Started process (PID=11432) to work on /opt/airflow/dags/listing_2_10.py
[2022-06-26 14:18:04,233] {processor.py:641} INFO - Processing file /opt/airflow/dags/listing_2_10.py for tasks to queue
[2022-06-26 14:18:04,235] {logging_mixin.py:115} INFO - [2022-06-26 14:18:04,235] {dagbag.py:507} INFO - Filling up the DagBag from /opt/airflow/dags/listing_2_10.py
[2022-06-26 14:18:04,245] {processor.py:651} INFO - DAG(s) dict_keys(['listing_2_10']) retrieved from /opt/airflow/dags/listing_2_10.py
[2022-06-26 14:18:04,264] {logging_mixin.py:115} INFO - [2022-06-26 14:18:04,264] {dag.py:2371} INFO - Sync 1 DAGs
[2022-06-26 14:18:04,364] {logging_mixin.py:115} INFO - [2022-06-26 14:18:04,364] {dag.py:2919} INFO - Setting next_dagrun for listing_2_10 to 2022-06-12T00:00:00+00:00, run_after=2022-06-13T00:00:00+00:00
[2022-06-26 14:18:04,373] {processor.py:161} INFO - Processing /opt/airflow/dags/listing_2_10.py took 0.143 seconds
[2022-06-26 14:18:35,314] {processor.py:153} INFO - Started process (PID=12259) to work on /opt/airflow/dags/listing_2_10.py
[2022-06-26 14:18:35,316] {processor.py:641} INFO - Processing file /opt/airflow/dags/listing_2_10.py for tasks to queue
[2022-06-26 14:18:35,318] {logging_mixin.py:115} INFO - [2022-06-26 14:18:35,317] {dagbag.py:507} INFO - Filling up the DagBag from /opt/airflow/dags/listing_2_10.py
[2022-06-26 14:18:35,329] {processor.py:651} INFO - DAG(s) dict_keys(['listing_2_10']) retrieved from /opt/airflow/dags/listing_2_10.py
[2022-06-26 14:18:35,350] {logging_mixin.py:115} INFO - [2022-06-26 14:18:35,350] {dag.py:2371} INFO - Sync 1 DAGs
[2022-06-26 14:18:35,450] {logging_mixin.py:115} INFO - [2022-06-26 14:18:35,450] {dag.py:2919} INFO - Setting next_dagrun for listing_2_10 to 2022-06-12T00:00:00+00:00, run_after=2022-06-13T00:00:00+00:00
[2022-06-26 14:18:35,461] {processor.py:161} INFO - Processing /opt/airflow/dags/listing_2_10.py took 0.150 seconds
[2022-06-26 14:19:06,143] {processor.py:153} INFO - Started process (PID=12820) to work on /opt/airflow/dags/listing_2_10.py
[2022-06-26 14:19:06,145] {processor.py:641} INFO - Processing file /opt/airflow/dags/listing_2_10.py for tasks to queue
[2022-06-26 14:19:06,146] {logging_mixin.py:115} INFO - [2022-06-26 14:19:06,146] {dagbag.py:507} INFO - Filling up the DagBag from /opt/airflow/dags/listing_2_10.py
[2022-06-26 14:19:06,162] {processor.py:651} INFO - DAG(s) dict_keys(['listing_2_10']) retrieved from /opt/airflow/dags/listing_2_10.py
[2022-06-26 14:19:06,184] {logging_mixin.py:115} INFO - [2022-06-26 14:19:06,184] {dag.py:2371} INFO - Sync 1 DAGs
[2022-06-26 14:19:06,281] {logging_mixin.py:115} INFO - [2022-06-26 14:19:06,281] {dag.py:2919} INFO - Setting next_dagrun for listing_2_10 to 2022-06-12T00:00:00+00:00, run_after=2022-06-13T00:00:00+00:00
[2022-06-26 14:19:06,290] {processor.py:161} INFO - Processing /opt/airflow/dags/listing_2_10.py took 0.150 seconds
[2022-06-26 14:19:36,957] {processor.py:153} INFO - Started process (PID=13631) to work on /opt/airflow/dags/listing_2_10.py
[2022-06-26 14:19:36,959] {processor.py:641} INFO - Processing file /opt/airflow/dags/listing_2_10.py for tasks to queue
[2022-06-26 14:19:36,961] {logging_mixin.py:115} INFO - [2022-06-26 14:19:36,961] {dagbag.py:507} INFO - Filling up the DagBag from /opt/airflow/dags/listing_2_10.py
[2022-06-26 14:19:36,977] {processor.py:651} INFO - DAG(s) dict_keys(['listing_2_10']) retrieved from /opt/airflow/dags/listing_2_10.py
[2022-06-26 14:19:37,011] {logging_mixin.py:115} INFO - [2022-06-26 14:19:37,011] {dag.py:2371} INFO - Sync 1 DAGs
[2022-06-26 14:19:37,149] {logging_mixin.py:115} INFO - [2022-06-26 14:19:37,149] {dag.py:2919} INFO - Setting next_dagrun for listing_2_10 to 2022-06-12T00:00:00+00:00, run_after=2022-06-13T00:00:00+00:00
[2022-06-26 14:19:37,163] {processor.py:161} INFO - Processing /opt/airflow/dags/listing_2_10.py took 0.209 seconds
[2022-06-26 14:20:07,720] {processor.py:153} INFO - Started process (PID=14631) to work on /opt/airflow/dags/listing_2_10.py
[2022-06-26 14:20:07,724] {processor.py:641} INFO - Processing file /opt/airflow/dags/listing_2_10.py for tasks to queue
[2022-06-26 14:20:07,726] {logging_mixin.py:115} INFO - [2022-06-26 14:20:07,725] {dagbag.py:507} INFO - Filling up the DagBag from /opt/airflow/dags/listing_2_10.py
[2022-06-26 14:20:07,741] {processor.py:651} INFO - DAG(s) dict_keys(['listing_2_10']) retrieved from /opt/airflow/dags/listing_2_10.py
[2022-06-26 14:20:07,766] {logging_mixin.py:115} INFO - [2022-06-26 14:20:07,766] {dag.py:2371} INFO - Sync 1 DAGs
[2022-06-26 14:20:07,947] {logging_mixin.py:115} INFO - [2022-06-26 14:20:07,947] {dag.py:2919} INFO - Setting next_dagrun for listing_2_10 to 2022-06-12T00:00:00+00:00, run_after=2022-06-13T00:00:00+00:00
[2022-06-26 14:20:07,974] {processor.py:161} INFO - Processing /opt/airflow/dags/listing_2_10.py took 0.257 seconds
[2022-06-26 14:53:11,263] {processor.py:153} INFO - Started process (PID=14847) to work on /opt/airflow/dags/listing_2_10.py
[2022-06-26 14:53:11,267] {processor.py:641} INFO - Processing file /opt/airflow/dags/listing_2_10.py for tasks to queue
[2022-06-26 14:53:11,275] {logging_mixin.py:115} INFO - [2022-06-26 14:53:11,275] {dagbag.py:507} INFO - Filling up the DagBag from /opt/airflow/dags/listing_2_10.py
[2022-06-26 14:53:11,329] {processor.py:651} INFO - DAG(s) dict_keys(['listing_2_10']) retrieved from /opt/airflow/dags/listing_2_10.py
[2022-06-26 14:53:11,378] {logging_mixin.py:115} INFO - [2022-06-26 14:53:11,378] {dag.py:2371} INFO - Sync 1 DAGs
[2022-06-26 14:53:11,532] {logging_mixin.py:115} INFO - [2022-06-26 14:53:11,532] {dag.py:2919} INFO - Setting next_dagrun for listing_2_10 to 2022-06-12T00:00:00+00:00, run_after=2022-06-13T00:00:00+00:00
[2022-06-26 14:53:11,556] {processor.py:161} INFO - Processing /opt/airflow/dags/listing_2_10.py took 0.298 seconds
[2022-06-26 16:16:01,701] {processor.py:153} INFO - Started process (PID=15219) to work on /opt/airflow/dags/listing_2_10.py
[2022-06-26 16:16:01,704] {processor.py:641} INFO - Processing file /opt/airflow/dags/listing_2_10.py for tasks to queue
[2022-06-26 16:16:01,706] {logging_mixin.py:115} INFO - [2022-06-26 16:16:01,706] {dagbag.py:507} INFO - Filling up the DagBag from /opt/airflow/dags/listing_2_10.py
[2022-06-26 16:16:01,726] {processor.py:651} INFO - DAG(s) dict_keys(['listing_2_10']) retrieved from /opt/airflow/dags/listing_2_10.py
[2022-06-26 16:16:01,898] {logging_mixin.py:115} INFO - [2022-06-26 16:16:01,898] {dag.py:2371} INFO - Sync 1 DAGs
[2022-06-26 16:16:02,149] {logging_mixin.py:115} INFO - [2022-06-26 16:16:02,149] {dag.py:2919} INFO - Setting next_dagrun for listing_2_10 to 2022-06-12T00:00:00+00:00, run_after=2022-06-13T00:00:00+00:00
[2022-06-26 16:16:02,252] {processor.py:161} INFO - Processing /opt/airflow/dags/listing_2_10.py took 0.553 seconds
[2022-06-26 17:21:23,130] {processor.py:153} INFO - Started process (PID=15569) to work on /opt/airflow/dags/listing_2_10.py
[2022-06-26 17:21:23,132] {processor.py:641} INFO - Processing file /opt/airflow/dags/listing_2_10.py for tasks to queue
[2022-06-26 17:21:23,133] {logging_mixin.py:115} INFO - [2022-06-26 17:21:23,133] {dagbag.py:507} INFO - Filling up the DagBag from /opt/airflow/dags/listing_2_10.py
[2022-06-26 17:21:23,150] {processor.py:651} INFO - DAG(s) dict_keys(['listing_2_10']) retrieved from /opt/airflow/dags/listing_2_10.py
[2022-06-26 17:21:23,277] {logging_mixin.py:115} INFO - [2022-06-26 17:21:23,277] {dag.py:2371} INFO - Sync 1 DAGs
[2022-06-26 17:21:23,291] {logging_mixin.py:115} INFO - [2022-06-26 17:21:23,291] {dag.py:2919} INFO - Setting next_dagrun for listing_2_10 to 2022-06-12T00:00:00+00:00, run_after=2022-06-13T00:00:00+00:00
[2022-06-26 17:21:23,298] {processor.py:161} INFO - Processing /opt/airflow/dags/listing_2_10.py took 0.170 seconds
[2022-06-26 18:41:39,297] {processor.py:153} INFO - Started process (PID=15936) to work on /opt/airflow/dags/listing_2_10.py
[2022-06-26 18:41:39,299] {processor.py:641} INFO - Processing file /opt/airflow/dags/listing_2_10.py for tasks to queue
[2022-06-26 18:41:39,301] {logging_mixin.py:115} INFO - [2022-06-26 18:41:39,301] {dagbag.py:507} INFO - Filling up the DagBag from /opt/airflow/dags/listing_2_10.py
[2022-06-26 18:41:39,405] {processor.py:651} INFO - DAG(s) dict_keys(['listing_2_10']) retrieved from /opt/airflow/dags/listing_2_10.py
[2022-06-26 18:41:39,419] {logging_mixin.py:115} INFO - [2022-06-26 18:41:39,419] {dag.py:2371} INFO - Sync 1 DAGs
[2022-06-26 18:41:39,434] {logging_mixin.py:115} INFO - [2022-06-26 18:41:39,434] {dag.py:2919} INFO - Setting next_dagrun for listing_2_10 to 2022-06-12T00:00:00+00:00, run_after=2022-06-13T00:00:00+00:00
[2022-06-26 18:41:39,451] {processor.py:161} INFO - Processing /opt/airflow/dags/listing_2_10.py took 0.158 seconds
[2022-06-26 20:03:40,412] {processor.py:153} INFO - Started process (PID=16214) to work on /opt/airflow/dags/listing_2_10.py
[2022-06-26 20:03:40,416] {processor.py:641} INFO - Processing file /opt/airflow/dags/listing_2_10.py for tasks to queue
[2022-06-26 20:03:40,418] {logging_mixin.py:115} INFO - [2022-06-26 20:03:40,418] {dagbag.py:507} INFO - Filling up the DagBag from /opt/airflow/dags/listing_2_10.py
[2022-06-26 20:03:40,434] {processor.py:651} INFO - DAG(s) dict_keys(['listing_2_10']) retrieved from /opt/airflow/dags/listing_2_10.py
[2022-06-26 20:03:40,488] {logging_mixin.py:115} INFO - [2022-06-26 20:03:40,488] {dag.py:2371} INFO - Sync 1 DAGs
[2022-06-26 20:03:40,514] {logging_mixin.py:115} INFO - [2022-06-26 20:03:40,514] {dag.py:2919} INFO - Setting next_dagrun for listing_2_10 to 2022-06-12T00:00:00+00:00, run_after=2022-06-13T00:00:00+00:00
[2022-06-26 20:03:40,538] {processor.py:161} INFO - Processing /opt/airflow/dags/listing_2_10.py took 0.131 seconds
[2022-06-26 21:23:33,833] {processor.py:153} INFO - Started process (PID=16494) to work on /opt/airflow/dags/listing_2_10.py
[2022-06-26 21:23:33,837] {processor.py:641} INFO - Processing file /opt/airflow/dags/listing_2_10.py for tasks to queue
[2022-06-26 21:23:33,840] {logging_mixin.py:115} INFO - [2022-06-26 21:23:33,840] {dagbag.py:507} INFO - Filling up the DagBag from /opt/airflow/dags/listing_2_10.py
[2022-06-26 21:23:33,864] {processor.py:651} INFO - DAG(s) dict_keys(['listing_2_10']) retrieved from /opt/airflow/dags/listing_2_10.py
[2022-06-26 21:23:33,909] {logging_mixin.py:115} INFO - [2022-06-26 21:23:33,909] {dag.py:2371} INFO - Sync 1 DAGs
[2022-06-26 21:23:33,947] {logging_mixin.py:115} INFO - [2022-06-26 21:23:33,947] {dag.py:2919} INFO - Setting next_dagrun for listing_2_10 to 2022-06-12T00:00:00+00:00, run_after=2022-06-13T00:00:00+00:00
[2022-06-26 21:23:33,966] {processor.py:161} INFO - Processing /opt/airflow/dags/listing_2_10.py took 0.135 seconds
[2022-06-26 22:29:33,002] {processor.py:153} INFO - Started process (PID=16774) to work on /opt/airflow/dags/listing_2_10.py
[2022-06-26 22:29:33,005] {processor.py:641} INFO - Processing file /opt/airflow/dags/listing_2_10.py for tasks to queue
[2022-06-26 22:29:33,007] {logging_mixin.py:115} INFO - [2022-06-26 22:29:33,007] {dagbag.py:507} INFO - Filling up the DagBag from /opt/airflow/dags/listing_2_10.py
[2022-06-26 22:29:33,021] {processor.py:651} INFO - DAG(s) dict_keys(['listing_2_10']) retrieved from /opt/airflow/dags/listing_2_10.py
[2022-06-26 22:29:33,043] {logging_mixin.py:115} INFO - [2022-06-26 22:29:33,043] {dag.py:2371} INFO - Sync 1 DAGs
[2022-06-26 22:29:33,057] {logging_mixin.py:115} INFO - [2022-06-26 22:29:33,057] {dag.py:2919} INFO - Setting next_dagrun for listing_2_10 to 2022-06-12T00:00:00+00:00, run_after=2022-06-13T00:00:00+00:00
[2022-06-26 22:29:33,065] {processor.py:161} INFO - Processing /opt/airflow/dags/listing_2_10.py took 0.066 seconds
[2022-06-26 23:11:58,237] {processor.py:153} INFO - Started process (PID=17079) to work on /opt/airflow/dags/listing_2_10.py
[2022-06-26 23:11:58,239] {processor.py:641} INFO - Processing file /opt/airflow/dags/listing_2_10.py for tasks to queue
[2022-06-26 23:11:58,241] {logging_mixin.py:115} INFO - [2022-06-26 23:11:58,241] {dagbag.py:507} INFO - Filling up the DagBag from /opt/airflow/dags/listing_2_10.py
[2022-06-26 23:11:58,268] {processor.py:651} INFO - DAG(s) dict_keys(['listing_2_10']) retrieved from /opt/airflow/dags/listing_2_10.py
[2022-06-26 23:11:58,314] {logging_mixin.py:115} INFO - [2022-06-26 23:11:58,314] {dag.py:2371} INFO - Sync 1 DAGs
[2022-06-26 23:11:58,339] {logging_mixin.py:115} INFO - [2022-06-26 23:11:58,339] {dag.py:2919} INFO - Setting next_dagrun for listing_2_10 to 2022-06-12T00:00:00+00:00, run_after=2022-06-13T00:00:00+00:00
[2022-06-26 23:11:58,364] {processor.py:161} INFO - Processing /opt/airflow/dags/listing_2_10.py took 0.129 seconds
[2022-06-26 23:12:29,051] {processor.py:153} INFO - Started process (PID=17373) to work on /opt/airflow/dags/listing_2_10.py
[2022-06-26 23:12:29,052] {processor.py:641} INFO - Processing file /opt/airflow/dags/listing_2_10.py for tasks to queue
[2022-06-26 23:12:29,053] {logging_mixin.py:115} INFO - [2022-06-26 23:12:29,053] {dagbag.py:507} INFO - Filling up the DagBag from /opt/airflow/dags/listing_2_10.py
[2022-06-26 23:12:29,063] {processor.py:651} INFO - DAG(s) dict_keys(['listing_2_10']) retrieved from /opt/airflow/dags/listing_2_10.py
[2022-06-26 23:12:29,080] {logging_mixin.py:115} INFO - [2022-06-26 23:12:29,080] {dag.py:2371} INFO - Sync 1 DAGs
[2022-06-26 23:12:29,093] {logging_mixin.py:115} INFO - [2022-06-26 23:12:29,093] {dag.py:2919} INFO - Setting next_dagrun for listing_2_10 to 2022-06-12T00:00:00+00:00, run_after=2022-06-13T00:00:00+00:00
[2022-06-26 23:12:29,101] {processor.py:161} INFO - Processing /opt/airflow/dags/listing_2_10.py took 0.052 seconds
[2022-06-26 23:12:59,845] {processor.py:153} INFO - Started process (PID=17646) to work on /opt/airflow/dags/listing_2_10.py
[2022-06-26 23:12:59,847] {processor.py:641} INFO - Processing file /opt/airflow/dags/listing_2_10.py for tasks to queue
[2022-06-26 23:12:59,848] {logging_mixin.py:115} INFO - [2022-06-26 23:12:59,848] {dagbag.py:507} INFO - Filling up the DagBag from /opt/airflow/dags/listing_2_10.py
[2022-06-26 23:12:59,862] {processor.py:651} INFO - DAG(s) dict_keys(['listing_2_10']) retrieved from /opt/airflow/dags/listing_2_10.py
[2022-06-26 23:12:59,881] {logging_mixin.py:115} INFO - [2022-06-26 23:12:59,881] {dag.py:2371} INFO - Sync 1 DAGs
[2022-06-26 23:12:59,894] {logging_mixin.py:115} INFO - [2022-06-26 23:12:59,894] {dag.py:2919} INFO - Setting next_dagrun for listing_2_10 to 2022-06-12T00:00:00+00:00, run_after=2022-06-13T00:00:00+00:00
[2022-06-26 23:12:59,902] {processor.py:161} INFO - Processing /opt/airflow/dags/listing_2_10.py took 0.059 seconds
[2022-06-26 23:31:51,058] {processor.py:153} INFO - Started process (PID=17921) to work on /opt/airflow/dags/listing_2_10.py
[2022-06-26 23:31:51,063] {processor.py:641} INFO - Processing file /opt/airflow/dags/listing_2_10.py for tasks to queue
[2022-06-26 23:31:51,066] {logging_mixin.py:115} INFO - [2022-06-26 23:31:51,066] {dagbag.py:507} INFO - Filling up the DagBag from /opt/airflow/dags/listing_2_10.py
[2022-06-26 23:31:51,087] {processor.py:651} INFO - DAG(s) dict_keys(['listing_2_10']) retrieved from /opt/airflow/dags/listing_2_10.py
[2022-06-26 23:31:51,111] {logging_mixin.py:115} INFO - [2022-06-26 23:31:51,111] {dag.py:2371} INFO - Sync 1 DAGs
[2022-06-26 23:31:51,138] {logging_mixin.py:115} INFO - [2022-06-26 23:31:51,138] {dag.py:2919} INFO - Setting next_dagrun for listing_2_10 to 2022-06-12T00:00:00+00:00, run_after=2022-06-13T00:00:00+00:00
[2022-06-26 23:31:51,168] {processor.py:161} INFO - Processing /opt/airflow/dags/listing_2_10.py took 0.114 seconds
