[2022-06-26 13:37:34,211] {processor.py:153} INFO - Started process (PID=73) to work on /opt/airflow/dags/listing_4_8.py
[2022-06-26 13:37:34,213] {processor.py:641} INFO - Processing file /opt/airflow/dags/listing_4_8.py for tasks to queue
[2022-06-26 13:37:34,214] {logging_mixin.py:115} INFO - [2022-06-26 13:37:34,214] {dagbag.py:507} INFO - Filling up the DagBag from /opt/airflow/dags/listing_4_8.py
[2022-06-26 13:37:34,228] {processor.py:651} INFO - DAG(s) dict_keys(['listing_4_08']) retrieved from /opt/airflow/dags/listing_4_8.py
[2022-06-26 13:37:34,284] {logging_mixin.py:115} INFO - [2022-06-26 13:37:34,284] {manager.py:508} INFO - Created Permission View: can read on DAG:listing_4_08
[2022-06-26 13:37:34,296] {logging_mixin.py:115} INFO - [2022-06-26 13:37:34,296] {manager.py:508} INFO - Created Permission View: can edit on DAG:listing_4_08
[2022-06-26 13:37:34,311] {logging_mixin.py:115} INFO - [2022-06-26 13:37:34,311] {manager.py:508} INFO - Created Permission View: can delete on DAG:listing_4_08
[2022-06-26 13:37:34,317] {logging_mixin.py:115} INFO - [2022-06-26 13:37:34,317] {dag.py:2371} INFO - Sync 1 DAGs
[2022-06-26 13:37:34,339] {logging_mixin.py:115} INFO - [2022-06-26 13:37:34,339] {dag.py:2390} INFO - Creating ORM DAG for listing_4_08
[2022-06-26 13:37:34,458] {logging_mixin.py:115} INFO - [2022-06-26 13:37:34,458] {dag.py:2919} INFO - Setting next_dagrun for listing_4_08 to 2022-06-23T00:00:00+00:00, run_after=2022-06-24T00:00:00+00:00
[2022-06-26 13:37:34,467] {processor.py:161} INFO - Processing /opt/airflow/dags/listing_4_8.py took 0.258 seconds
[2022-06-26 13:38:04,593] {processor.py:153} INFO - Started process (PID=134) to work on /opt/airflow/dags/listing_4_8.py
[2022-06-26 13:38:04,596] {processor.py:641} INFO - Processing file /opt/airflow/dags/listing_4_8.py for tasks to queue
[2022-06-26 13:38:04,597] {logging_mixin.py:115} INFO - [2022-06-26 13:38:04,597] {dagbag.py:507} INFO - Filling up the DagBag from /opt/airflow/dags/listing_4_8.py
[2022-06-26 13:38:04,610] {processor.py:651} INFO - DAG(s) dict_keys(['listing_4_08']) retrieved from /opt/airflow/dags/listing_4_8.py
[2022-06-26 13:38:04,627] {logging_mixin.py:115} INFO - [2022-06-26 13:38:04,627] {dag.py:2371} INFO - Sync 1 DAGs
[2022-06-26 13:38:04,641] {logging_mixin.py:115} INFO - [2022-06-26 13:38:04,641] {dag.py:2919} INFO - Setting next_dagrun for listing_4_08 to 2022-06-23T00:00:00+00:00, run_after=2022-06-24T00:00:00+00:00
[2022-06-26 13:38:04,648] {processor.py:161} INFO - Processing /opt/airflow/dags/listing_4_8.py took 0.058 seconds
[2022-06-26 13:38:35,204] {processor.py:153} INFO - Started process (PID=193) to work on /opt/airflow/dags/listing_4_8.py
[2022-06-26 13:38:35,208] {processor.py:641} INFO - Processing file /opt/airflow/dags/listing_4_8.py for tasks to queue
[2022-06-26 13:38:35,216] {logging_mixin.py:115} INFO - [2022-06-26 13:38:35,215] {dagbag.py:507} INFO - Filling up the DagBag from /opt/airflow/dags/listing_4_8.py
[2022-06-26 13:38:35,233] {processor.py:651} INFO - DAG(s) dict_keys(['listing_4_08']) retrieved from /opt/airflow/dags/listing_4_8.py
[2022-06-26 13:38:35,251] {logging_mixin.py:115} INFO - [2022-06-26 13:38:35,251] {dag.py:2371} INFO - Sync 1 DAGs
[2022-06-26 13:38:35,266] {logging_mixin.py:115} INFO - [2022-06-26 13:38:35,266] {dag.py:2919} INFO - Setting next_dagrun for listing_4_08 to 2022-06-23T00:00:00+00:00, run_after=2022-06-24T00:00:00+00:00
[2022-06-26 13:38:35,275] {processor.py:161} INFO - Processing /opt/airflow/dags/listing_4_8.py took 0.073 seconds
[2022-06-26 13:39:05,917] {processor.py:153} INFO - Started process (PID=247) to work on /opt/airflow/dags/listing_4_8.py
[2022-06-26 13:39:05,919] {processor.py:641} INFO - Processing file /opt/airflow/dags/listing_4_8.py for tasks to queue
[2022-06-26 13:39:05,926] {logging_mixin.py:115} INFO - [2022-06-26 13:39:05,926] {dagbag.py:507} INFO - Filling up the DagBag from /opt/airflow/dags/listing_4_8.py
[2022-06-26 13:39:05,935] {processor.py:651} INFO - DAG(s) dict_keys(['listing_4_08']) retrieved from /opt/airflow/dags/listing_4_8.py
[2022-06-26 13:39:05,956] {logging_mixin.py:115} INFO - [2022-06-26 13:39:05,956] {dag.py:2371} INFO - Sync 1 DAGs
[2022-06-26 13:39:05,976] {logging_mixin.py:115} INFO - [2022-06-26 13:39:05,976] {dag.py:2919} INFO - Setting next_dagrun for listing_4_08 to 2022-06-23T00:00:00+00:00, run_after=2022-06-24T00:00:00+00:00
[2022-06-26 13:39:05,986] {processor.py:161} INFO - Processing /opt/airflow/dags/listing_4_8.py took 0.071 seconds
[2022-06-26 13:39:36,050] {processor.py:153} INFO - Started process (PID=308) to work on /opt/airflow/dags/listing_4_8.py
[2022-06-26 13:39:36,052] {processor.py:641} INFO - Processing file /opt/airflow/dags/listing_4_8.py for tasks to queue
[2022-06-26 13:39:36,060] {logging_mixin.py:115} INFO - [2022-06-26 13:39:36,060] {dagbag.py:507} INFO - Filling up the DagBag from /opt/airflow/dags/listing_4_8.py
[2022-06-26 13:39:36,069] {processor.py:651} INFO - DAG(s) dict_keys(['listing_4_08']) retrieved from /opt/airflow/dags/listing_4_8.py
[2022-06-26 13:39:36,085] {logging_mixin.py:115} INFO - [2022-06-26 13:39:36,085] {dag.py:2371} INFO - Sync 1 DAGs
[2022-06-26 13:39:36,098] {logging_mixin.py:115} INFO - [2022-06-26 13:39:36,098] {dag.py:2919} INFO - Setting next_dagrun for listing_4_08 to 2022-06-23T00:00:00+00:00, run_after=2022-06-24T00:00:00+00:00
[2022-06-26 13:39:36,105] {processor.py:161} INFO - Processing /opt/airflow/dags/listing_4_8.py took 0.057 seconds
[2022-06-26 13:40:06,374] {processor.py:153} INFO - Started process (PID=368) to work on /opt/airflow/dags/listing_4_8.py
[2022-06-26 13:40:06,376] {processor.py:641} INFO - Processing file /opt/airflow/dags/listing_4_8.py for tasks to queue
[2022-06-26 13:40:06,378] {logging_mixin.py:115} INFO - [2022-06-26 13:40:06,377] {dagbag.py:507} INFO - Filling up the DagBag from /opt/airflow/dags/listing_4_8.py
[2022-06-26 13:40:06,391] {processor.py:651} INFO - DAG(s) dict_keys(['listing_4_08']) retrieved from /opt/airflow/dags/listing_4_8.py
[2022-06-26 13:40:06,411] {logging_mixin.py:115} INFO - [2022-06-26 13:40:06,411] {dag.py:2371} INFO - Sync 1 DAGs
[2022-06-26 13:40:06,427] {logging_mixin.py:115} INFO - [2022-06-26 13:40:06,427] {dag.py:2919} INFO - Setting next_dagrun for listing_4_08 to 2022-06-23T00:00:00+00:00, run_after=2022-06-24T00:00:00+00:00
[2022-06-26 13:40:06,435] {processor.py:161} INFO - Processing /opt/airflow/dags/listing_4_8.py took 0.067 seconds
[2022-06-26 13:40:37,319] {processor.py:153} INFO - Started process (PID=430) to work on /opt/airflow/dags/listing_4_8.py
[2022-06-26 13:40:37,321] {processor.py:641} INFO - Processing file /opt/airflow/dags/listing_4_8.py for tasks to queue
[2022-06-26 13:40:37,324] {logging_mixin.py:115} INFO - [2022-06-26 13:40:37,324] {dagbag.py:507} INFO - Filling up the DagBag from /opt/airflow/dags/listing_4_8.py
[2022-06-26 13:40:37,334] {processor.py:651} INFO - DAG(s) dict_keys(['listing_4_08']) retrieved from /opt/airflow/dags/listing_4_8.py
[2022-06-26 13:40:37,353] {logging_mixin.py:115} INFO - [2022-06-26 13:40:37,352] {dag.py:2371} INFO - Sync 1 DAGs
[2022-06-26 13:40:37,367] {logging_mixin.py:115} INFO - [2022-06-26 13:40:37,367] {dag.py:2919} INFO - Setting next_dagrun for listing_4_08 to 2022-06-23T00:00:00+00:00, run_after=2022-06-24T00:00:00+00:00
[2022-06-26 13:40:37,376] {processor.py:161} INFO - Processing /opt/airflow/dags/listing_4_8.py took 0.061 seconds
[2022-06-26 13:41:08,165] {processor.py:153} INFO - Started process (PID=494) to work on /opt/airflow/dags/listing_4_8.py
[2022-06-26 13:41:08,167] {processor.py:641} INFO - Processing file /opt/airflow/dags/listing_4_8.py for tasks to queue
[2022-06-26 13:41:08,168] {logging_mixin.py:115} INFO - [2022-06-26 13:41:08,168] {dagbag.py:507} INFO - Filling up the DagBag from /opt/airflow/dags/listing_4_8.py
[2022-06-26 13:41:08,177] {processor.py:651} INFO - DAG(s) dict_keys(['listing_4_08']) retrieved from /opt/airflow/dags/listing_4_8.py
[2022-06-26 13:41:08,196] {logging_mixin.py:115} INFO - [2022-06-26 13:41:08,196] {dag.py:2371} INFO - Sync 1 DAGs
[2022-06-26 13:41:08,210] {logging_mixin.py:115} INFO - [2022-06-26 13:41:08,210] {dag.py:2919} INFO - Setting next_dagrun for listing_4_08 to 2022-06-23T00:00:00+00:00, run_after=2022-06-24T00:00:00+00:00
[2022-06-26 13:41:08,218] {processor.py:161} INFO - Processing /opt/airflow/dags/listing_4_8.py took 0.057 seconds
[2022-06-26 13:41:38,878] {processor.py:153} INFO - Started process (PID=559) to work on /opt/airflow/dags/listing_4_8.py
[2022-06-26 13:41:38,880] {processor.py:641} INFO - Processing file /opt/airflow/dags/listing_4_8.py for tasks to queue
[2022-06-26 13:41:38,881] {logging_mixin.py:115} INFO - [2022-06-26 13:41:38,881] {dagbag.py:507} INFO - Filling up the DagBag from /opt/airflow/dags/listing_4_8.py
[2022-06-26 13:41:38,892] {processor.py:651} INFO - DAG(s) dict_keys(['listing_4_08']) retrieved from /opt/airflow/dags/listing_4_8.py
[2022-06-26 13:41:38,911] {logging_mixin.py:115} INFO - [2022-06-26 13:41:38,911] {dag.py:2371} INFO - Sync 1 DAGs
[2022-06-26 13:41:38,926] {logging_mixin.py:115} INFO - [2022-06-26 13:41:38,926] {dag.py:2919} INFO - Setting next_dagrun for listing_4_08 to 2022-06-23T00:00:00+00:00, run_after=2022-06-24T00:00:00+00:00
[2022-06-26 13:41:38,935] {processor.py:161} INFO - Processing /opt/airflow/dags/listing_4_8.py took 0.060 seconds
[2022-06-26 13:42:09,546] {processor.py:153} INFO - Started process (PID=611) to work on /opt/airflow/dags/listing_4_8.py
[2022-06-26 13:42:09,547] {processor.py:641} INFO - Processing file /opt/airflow/dags/listing_4_8.py for tasks to queue
[2022-06-26 13:42:09,548] {logging_mixin.py:115} INFO - [2022-06-26 13:42:09,548] {dagbag.py:507} INFO - Filling up the DagBag from /opt/airflow/dags/listing_4_8.py
[2022-06-26 13:42:09,557] {processor.py:651} INFO - DAG(s) dict_keys(['listing_4_08']) retrieved from /opt/airflow/dags/listing_4_8.py
[2022-06-26 13:42:09,574] {logging_mixin.py:115} INFO - [2022-06-26 13:42:09,574] {dag.py:2371} INFO - Sync 1 DAGs
[2022-06-26 13:42:09,587] {logging_mixin.py:115} INFO - [2022-06-26 13:42:09,587] {dag.py:2919} INFO - Setting next_dagrun for listing_4_08 to 2022-06-23T00:00:00+00:00, run_after=2022-06-24T00:00:00+00:00
[2022-06-26 13:42:09,595] {processor.py:161} INFO - Processing /opt/airflow/dags/listing_4_8.py took 0.053 seconds
[2022-06-26 13:42:40,367] {processor.py:153} INFO - Started process (PID=672) to work on /opt/airflow/dags/listing_4_8.py
[2022-06-26 13:42:40,368] {processor.py:641} INFO - Processing file /opt/airflow/dags/listing_4_8.py for tasks to queue
[2022-06-26 13:42:40,370] {logging_mixin.py:115} INFO - [2022-06-26 13:42:40,369] {dagbag.py:507} INFO - Filling up the DagBag from /opt/airflow/dags/listing_4_8.py
[2022-06-26 13:42:40,379] {processor.py:651} INFO - DAG(s) dict_keys(['listing_4_08']) retrieved from /opt/airflow/dags/listing_4_8.py
[2022-06-26 13:42:40,397] {logging_mixin.py:115} INFO - [2022-06-26 13:42:40,397] {dag.py:2371} INFO - Sync 1 DAGs
[2022-06-26 13:42:40,411] {logging_mixin.py:115} INFO - [2022-06-26 13:42:40,411] {dag.py:2919} INFO - Setting next_dagrun for listing_4_08 to 2022-06-23T00:00:00+00:00, run_after=2022-06-24T00:00:00+00:00
[2022-06-26 13:42:40,419] {processor.py:161} INFO - Processing /opt/airflow/dags/listing_4_8.py took 0.054 seconds
[2022-06-26 13:43:11,156] {processor.py:153} INFO - Started process (PID=733) to work on /opt/airflow/dags/listing_4_8.py
[2022-06-26 13:43:11,157] {processor.py:641} INFO - Processing file /opt/airflow/dags/listing_4_8.py for tasks to queue
[2022-06-26 13:43:11,159] {logging_mixin.py:115} INFO - [2022-06-26 13:43:11,159] {dagbag.py:507} INFO - Filling up the DagBag from /opt/airflow/dags/listing_4_8.py
[2022-06-26 13:43:11,176] {processor.py:651} INFO - DAG(s) dict_keys(['listing_4_08']) retrieved from /opt/airflow/dags/listing_4_8.py
[2022-06-26 13:43:11,194] {logging_mixin.py:115} INFO - [2022-06-26 13:43:11,194] {dag.py:2371} INFO - Sync 1 DAGs
[2022-06-26 13:43:11,208] {logging_mixin.py:115} INFO - [2022-06-26 13:43:11,208] {dag.py:2919} INFO - Setting next_dagrun for listing_4_08 to 2022-06-23T00:00:00+00:00, run_after=2022-06-24T00:00:00+00:00
[2022-06-26 13:43:11,217] {processor.py:161} INFO - Processing /opt/airflow/dags/listing_4_8.py took 0.065 seconds
[2022-06-26 13:43:42,003] {processor.py:153} INFO - Started process (PID=794) to work on /opt/airflow/dags/listing_4_8.py
[2022-06-26 13:43:42,007] {processor.py:641} INFO - Processing file /opt/airflow/dags/listing_4_8.py for tasks to queue
[2022-06-26 13:43:42,009] {logging_mixin.py:115} INFO - [2022-06-26 13:43:42,009] {dagbag.py:507} INFO - Filling up the DagBag from /opt/airflow/dags/listing_4_8.py
[2022-06-26 13:43:42,037] {processor.py:651} INFO - DAG(s) dict_keys(['listing_4_08']) retrieved from /opt/airflow/dags/listing_4_8.py
[2022-06-26 13:43:42,064] {logging_mixin.py:115} INFO - [2022-06-26 13:43:42,064] {dag.py:2371} INFO - Sync 1 DAGs
[2022-06-26 13:43:42,085] {logging_mixin.py:115} INFO - [2022-06-26 13:43:42,085] {dag.py:2919} INFO - Setting next_dagrun for listing_4_08 to 2022-06-23T00:00:00+00:00, run_after=2022-06-24T00:00:00+00:00
[2022-06-26 13:43:42,103] {processor.py:161} INFO - Processing /opt/airflow/dags/listing_4_8.py took 0.102 seconds
[2022-06-26 13:44:12,265] {processor.py:153} INFO - Started process (PID=855) to work on /opt/airflow/dags/listing_4_8.py
[2022-06-26 13:44:12,266] {processor.py:641} INFO - Processing file /opt/airflow/dags/listing_4_8.py for tasks to queue
[2022-06-26 13:44:12,267] {logging_mixin.py:115} INFO - [2022-06-26 13:44:12,267] {dagbag.py:507} INFO - Filling up the DagBag from /opt/airflow/dags/listing_4_8.py
[2022-06-26 13:44:12,274] {processor.py:651} INFO - DAG(s) dict_keys(['listing_4_08']) retrieved from /opt/airflow/dags/listing_4_8.py
[2022-06-26 13:44:12,289] {logging_mixin.py:115} INFO - [2022-06-26 13:44:12,289] {dag.py:2371} INFO - Sync 1 DAGs
[2022-06-26 13:44:12,302] {logging_mixin.py:115} INFO - [2022-06-26 13:44:12,302] {dag.py:2919} INFO - Setting next_dagrun for listing_4_08 to 2022-06-23T00:00:00+00:00, run_after=2022-06-24T00:00:00+00:00
[2022-06-26 13:44:12,309] {processor.py:161} INFO - Processing /opt/airflow/dags/listing_4_8.py took 0.046 seconds
[2022-06-26 13:44:43,281] {processor.py:153} INFO - Started process (PID=915) to work on /opt/airflow/dags/listing_4_8.py
[2022-06-26 13:44:43,283] {processor.py:641} INFO - Processing file /opt/airflow/dags/listing_4_8.py for tasks to queue
[2022-06-26 13:44:43,285] {logging_mixin.py:115} INFO - [2022-06-26 13:44:43,284] {dagbag.py:507} INFO - Filling up the DagBag from /opt/airflow/dags/listing_4_8.py
[2022-06-26 13:44:43,294] {processor.py:651} INFO - DAG(s) dict_keys(['listing_4_08']) retrieved from /opt/airflow/dags/listing_4_8.py
[2022-06-26 13:44:43,313] {logging_mixin.py:115} INFO - [2022-06-26 13:44:43,313] {dag.py:2371} INFO - Sync 1 DAGs
[2022-06-26 13:44:43,330] {logging_mixin.py:115} INFO - [2022-06-26 13:44:43,330] {dag.py:2919} INFO - Setting next_dagrun for listing_4_08 to 2022-06-23T00:00:00+00:00, run_after=2022-06-24T00:00:00+00:00
[2022-06-26 13:44:43,341] {processor.py:161} INFO - Processing /opt/airflow/dags/listing_4_8.py took 0.062 seconds
[2022-06-26 13:45:13,964] {processor.py:153} INFO - Started process (PID=973) to work on /opt/airflow/dags/listing_4_8.py
[2022-06-26 13:45:13,966] {processor.py:641} INFO - Processing file /opt/airflow/dags/listing_4_8.py for tasks to queue
[2022-06-26 13:45:13,968] {logging_mixin.py:115} INFO - [2022-06-26 13:45:13,968] {dagbag.py:507} INFO - Filling up the DagBag from /opt/airflow/dags/listing_4_8.py
[2022-06-26 13:45:13,982] {processor.py:651} INFO - DAG(s) dict_keys(['listing_4_08']) retrieved from /opt/airflow/dags/listing_4_8.py
[2022-06-26 13:45:14,010] {logging_mixin.py:115} INFO - [2022-06-26 13:45:14,010] {dag.py:2371} INFO - Sync 1 DAGs
[2022-06-26 13:45:14,027] {logging_mixin.py:115} INFO - [2022-06-26 13:45:14,027] {dag.py:2919} INFO - Setting next_dagrun for listing_4_08 to 2022-06-23T00:00:00+00:00, run_after=2022-06-24T00:00:00+00:00
[2022-06-26 13:45:14,041] {processor.py:161} INFO - Processing /opt/airflow/dags/listing_4_8.py took 0.079 seconds
[2022-06-26 13:45:44,728] {processor.py:153} INFO - Started process (PID=1026) to work on /opt/airflow/dags/listing_4_8.py
[2022-06-26 13:45:44,733] {processor.py:641} INFO - Processing file /opt/airflow/dags/listing_4_8.py for tasks to queue
[2022-06-26 13:45:44,734] {logging_mixin.py:115} INFO - [2022-06-26 13:45:44,734] {dagbag.py:507} INFO - Filling up the DagBag from /opt/airflow/dags/listing_4_8.py
[2022-06-26 13:45:44,745] {processor.py:651} INFO - DAG(s) dict_keys(['listing_4_08']) retrieved from /opt/airflow/dags/listing_4_8.py
[2022-06-26 13:45:44,762] {logging_mixin.py:115} INFO - [2022-06-26 13:45:44,761] {dag.py:2371} INFO - Sync 1 DAGs
[2022-06-26 13:45:44,775] {logging_mixin.py:115} INFO - [2022-06-26 13:45:44,775] {dag.py:2919} INFO - Setting next_dagrun for listing_4_08 to 2022-06-23T00:00:00+00:00, run_after=2022-06-24T00:00:00+00:00
[2022-06-26 13:45:44,782] {processor.py:161} INFO - Processing /opt/airflow/dags/listing_4_8.py took 0.057 seconds
[2022-06-26 13:46:15,466] {processor.py:153} INFO - Started process (PID=1088) to work on /opt/airflow/dags/listing_4_8.py
[2022-06-26 13:46:15,468] {processor.py:641} INFO - Processing file /opt/airflow/dags/listing_4_8.py for tasks to queue
[2022-06-26 13:46:15,469] {logging_mixin.py:115} INFO - [2022-06-26 13:46:15,469] {dagbag.py:507} INFO - Filling up the DagBag from /opt/airflow/dags/listing_4_8.py
[2022-06-26 13:46:15,480] {processor.py:651} INFO - DAG(s) dict_keys(['listing_4_08']) retrieved from /opt/airflow/dags/listing_4_8.py
[2022-06-26 13:46:15,499] {logging_mixin.py:115} INFO - [2022-06-26 13:46:15,499] {dag.py:2371} INFO - Sync 1 DAGs
[2022-06-26 13:46:15,512] {logging_mixin.py:115} INFO - [2022-06-26 13:46:15,512] {dag.py:2919} INFO - Setting next_dagrun for listing_4_08 to 2022-06-23T00:00:00+00:00, run_after=2022-06-24T00:00:00+00:00
[2022-06-26 13:46:15,519] {processor.py:161} INFO - Processing /opt/airflow/dags/listing_4_8.py took 0.055 seconds
[2022-06-26 13:46:46,367] {processor.py:153} INFO - Started process (PID=1149) to work on /opt/airflow/dags/listing_4_8.py
[2022-06-26 13:46:46,368] {processor.py:641} INFO - Processing file /opt/airflow/dags/listing_4_8.py for tasks to queue
[2022-06-26 13:46:46,369] {logging_mixin.py:115} INFO - [2022-06-26 13:46:46,369] {dagbag.py:507} INFO - Filling up the DagBag from /opt/airflow/dags/listing_4_8.py
[2022-06-26 13:46:46,378] {processor.py:651} INFO - DAG(s) dict_keys(['listing_4_08']) retrieved from /opt/airflow/dags/listing_4_8.py
[2022-06-26 13:46:46,397] {logging_mixin.py:115} INFO - [2022-06-26 13:46:46,397] {dag.py:2371} INFO - Sync 1 DAGs
[2022-06-26 13:46:46,411] {logging_mixin.py:115} INFO - [2022-06-26 13:46:46,411] {dag.py:2919} INFO - Setting next_dagrun for listing_4_08 to 2022-06-23T00:00:00+00:00, run_after=2022-06-24T00:00:00+00:00
[2022-06-26 13:46:46,420] {processor.py:161} INFO - Processing /opt/airflow/dags/listing_4_8.py took 0.056 seconds
[2022-06-26 13:47:17,298] {processor.py:153} INFO - Started process (PID=1210) to work on /opt/airflow/dags/listing_4_8.py
[2022-06-26 13:47:17,301] {processor.py:641} INFO - Processing file /opt/airflow/dags/listing_4_8.py for tasks to queue
[2022-06-26 13:47:17,303] {logging_mixin.py:115} INFO - [2022-06-26 13:47:17,303] {dagbag.py:507} INFO - Filling up the DagBag from /opt/airflow/dags/listing_4_8.py
[2022-06-26 13:47:17,315] {processor.py:651} INFO - DAG(s) dict_keys(['listing_4_08']) retrieved from /opt/airflow/dags/listing_4_8.py
[2022-06-26 13:47:17,335] {logging_mixin.py:115} INFO - [2022-06-26 13:47:17,335] {dag.py:2371} INFO - Sync 1 DAGs
[2022-06-26 13:47:17,352] {logging_mixin.py:115} INFO - [2022-06-26 13:47:17,352] {dag.py:2919} INFO - Setting next_dagrun for listing_4_08 to 2022-06-23T00:00:00+00:00, run_after=2022-06-24T00:00:00+00:00
[2022-06-26 13:47:17,362] {processor.py:161} INFO - Processing /opt/airflow/dags/listing_4_8.py took 0.066 seconds
[2022-06-26 13:47:48,175] {processor.py:153} INFO - Started process (PID=1271) to work on /opt/airflow/dags/listing_4_8.py
[2022-06-26 13:47:48,177] {processor.py:641} INFO - Processing file /opt/airflow/dags/listing_4_8.py for tasks to queue
[2022-06-26 13:47:48,179] {logging_mixin.py:115} INFO - [2022-06-26 13:47:48,179] {dagbag.py:507} INFO - Filling up the DagBag from /opt/airflow/dags/listing_4_8.py
[2022-06-26 13:47:48,197] {processor.py:651} INFO - DAG(s) dict_keys(['listing_4_08']) retrieved from /opt/airflow/dags/listing_4_8.py
[2022-06-26 13:47:48,217] {logging_mixin.py:115} INFO - [2022-06-26 13:47:48,217] {dag.py:2371} INFO - Sync 1 DAGs
[2022-06-26 13:47:48,233] {logging_mixin.py:115} INFO - [2022-06-26 13:47:48,233] {dag.py:2919} INFO - Setting next_dagrun for listing_4_08 to 2022-06-23T00:00:00+00:00, run_after=2022-06-24T00:00:00+00:00
[2022-06-26 13:47:48,242] {processor.py:161} INFO - Processing /opt/airflow/dags/listing_4_8.py took 0.070 seconds
[2022-06-26 13:48:19,057] {processor.py:153} INFO - Started process (PID=1331) to work on /opt/airflow/dags/listing_4_8.py
[2022-06-26 13:48:19,059] {processor.py:641} INFO - Processing file /opt/airflow/dags/listing_4_8.py for tasks to queue
[2022-06-26 13:48:19,060] {logging_mixin.py:115} INFO - [2022-06-26 13:48:19,060] {dagbag.py:507} INFO - Filling up the DagBag from /opt/airflow/dags/listing_4_8.py
[2022-06-26 13:48:19,068] {processor.py:651} INFO - DAG(s) dict_keys(['listing_4_08']) retrieved from /opt/airflow/dags/listing_4_8.py
[2022-06-26 13:48:19,087] {logging_mixin.py:115} INFO - [2022-06-26 13:48:19,087] {dag.py:2371} INFO - Sync 1 DAGs
[2022-06-26 13:48:19,100] {logging_mixin.py:115} INFO - [2022-06-26 13:48:19,100] {dag.py:2919} INFO - Setting next_dagrun for listing_4_08 to 2022-06-23T00:00:00+00:00, run_after=2022-06-24T00:00:00+00:00
[2022-06-26 13:48:19,108] {processor.py:161} INFO - Processing /opt/airflow/dags/listing_4_8.py took 0.053 seconds
[2022-06-26 13:48:49,794] {processor.py:153} INFO - Started process (PID=1392) to work on /opt/airflow/dags/listing_4_8.py
[2022-06-26 13:48:49,796] {processor.py:641} INFO - Processing file /opt/airflow/dags/listing_4_8.py for tasks to queue
[2022-06-26 13:48:49,797] {logging_mixin.py:115} INFO - [2022-06-26 13:48:49,797] {dagbag.py:507} INFO - Filling up the DagBag from /opt/airflow/dags/listing_4_8.py
[2022-06-26 13:48:49,807] {processor.py:651} INFO - DAG(s) dict_keys(['listing_4_08']) retrieved from /opt/airflow/dags/listing_4_8.py
[2022-06-26 13:48:49,823] {logging_mixin.py:115} INFO - [2022-06-26 13:48:49,823] {dag.py:2371} INFO - Sync 1 DAGs
[2022-06-26 13:48:49,837] {logging_mixin.py:115} INFO - [2022-06-26 13:48:49,837] {dag.py:2919} INFO - Setting next_dagrun for listing_4_08 to 2022-06-23T00:00:00+00:00, run_after=2022-06-24T00:00:00+00:00
[2022-06-26 13:48:49,845] {processor.py:161} INFO - Processing /opt/airflow/dags/listing_4_8.py took 0.053 seconds
[2022-06-26 13:49:20,579] {processor.py:153} INFO - Started process (PID=1442) to work on /opt/airflow/dags/listing_4_8.py
[2022-06-26 13:49:20,580] {processor.py:641} INFO - Processing file /opt/airflow/dags/listing_4_8.py for tasks to queue
[2022-06-26 13:49:20,581] {logging_mixin.py:115} INFO - [2022-06-26 13:49:20,581] {dagbag.py:507} INFO - Filling up the DagBag from /opt/airflow/dags/listing_4_8.py
[2022-06-26 13:49:20,590] {processor.py:651} INFO - DAG(s) dict_keys(['listing_4_08']) retrieved from /opt/airflow/dags/listing_4_8.py
[2022-06-26 13:49:20,610] {logging_mixin.py:115} INFO - [2022-06-26 13:49:20,610] {dag.py:2371} INFO - Sync 1 DAGs
[2022-06-26 13:49:20,625] {logging_mixin.py:115} INFO - [2022-06-26 13:49:20,625] {dag.py:2919} INFO - Setting next_dagrun for listing_4_08 to 2022-06-23T00:00:00+00:00, run_after=2022-06-24T00:00:00+00:00
[2022-06-26 13:49:20,632] {processor.py:161} INFO - Processing /opt/airflow/dags/listing_4_8.py took 0.055 seconds
[2022-06-26 13:49:51,188] {processor.py:153} INFO - Started process (PID=1503) to work on /opt/airflow/dags/listing_4_8.py
[2022-06-26 13:49:51,189] {processor.py:641} INFO - Processing file /opt/airflow/dags/listing_4_8.py for tasks to queue
[2022-06-26 13:49:51,191] {logging_mixin.py:115} INFO - [2022-06-26 13:49:51,191] {dagbag.py:507} INFO - Filling up the DagBag from /opt/airflow/dags/listing_4_8.py
[2022-06-26 13:49:51,201] {processor.py:651} INFO - DAG(s) dict_keys(['listing_4_08']) retrieved from /opt/airflow/dags/listing_4_8.py
[2022-06-26 13:49:51,219] {logging_mixin.py:115} INFO - [2022-06-26 13:49:51,218] {dag.py:2371} INFO - Sync 1 DAGs
[2022-06-26 13:49:51,232] {logging_mixin.py:115} INFO - [2022-06-26 13:49:51,232] {dag.py:2919} INFO - Setting next_dagrun for listing_4_08 to 2022-06-23T00:00:00+00:00, run_after=2022-06-24T00:00:00+00:00
[2022-06-26 13:49:51,240] {processor.py:161} INFO - Processing /opt/airflow/dags/listing_4_8.py took 0.054 seconds
[2022-06-26 13:50:22,129] {processor.py:153} INFO - Started process (PID=1565) to work on /opt/airflow/dags/listing_4_8.py
[2022-06-26 13:50:22,131] {processor.py:641} INFO - Processing file /opt/airflow/dags/listing_4_8.py for tasks to queue
[2022-06-26 13:50:22,132] {logging_mixin.py:115} INFO - [2022-06-26 13:50:22,132] {dagbag.py:507} INFO - Filling up the DagBag from /opt/airflow/dags/listing_4_8.py
[2022-06-26 13:50:22,141] {processor.py:651} INFO - DAG(s) dict_keys(['listing_4_08']) retrieved from /opt/airflow/dags/listing_4_8.py
[2022-06-26 13:50:22,162] {logging_mixin.py:115} INFO - [2022-06-26 13:50:22,162] {dag.py:2371} INFO - Sync 1 DAGs
[2022-06-26 13:50:22,182] {logging_mixin.py:115} INFO - [2022-06-26 13:50:22,182] {dag.py:2919} INFO - Setting next_dagrun for listing_4_08 to 2022-06-23T00:00:00+00:00, run_after=2022-06-24T00:00:00+00:00
[2022-06-26 13:50:22,192] {processor.py:161} INFO - Processing /opt/airflow/dags/listing_4_8.py took 0.065 seconds
[2022-06-26 13:50:52,866] {processor.py:153} INFO - Started process (PID=1626) to work on /opt/airflow/dags/listing_4_8.py
[2022-06-26 13:50:52,868] {processor.py:641} INFO - Processing file /opt/airflow/dags/listing_4_8.py for tasks to queue
[2022-06-26 13:50:52,870] {logging_mixin.py:115} INFO - [2022-06-26 13:50:52,870] {dagbag.py:507} INFO - Filling up the DagBag from /opt/airflow/dags/listing_4_8.py
[2022-06-26 13:50:52,880] {processor.py:651} INFO - DAG(s) dict_keys(['listing_4_08']) retrieved from /opt/airflow/dags/listing_4_8.py
[2022-06-26 13:50:52,902] {logging_mixin.py:115} INFO - [2022-06-26 13:50:52,902] {dag.py:2371} INFO - Sync 1 DAGs
[2022-06-26 13:50:52,917] {logging_mixin.py:115} INFO - [2022-06-26 13:50:52,917] {dag.py:2919} INFO - Setting next_dagrun for listing_4_08 to 2022-06-23T00:00:00+00:00, run_after=2022-06-24T00:00:00+00:00
[2022-06-26 13:50:52,926] {processor.py:161} INFO - Processing /opt/airflow/dags/listing_4_8.py took 0.062 seconds
[2022-06-26 13:51:23,533] {processor.py:153} INFO - Started process (PID=1686) to work on /opt/airflow/dags/listing_4_8.py
[2022-06-26 13:51:23,535] {processor.py:641} INFO - Processing file /opt/airflow/dags/listing_4_8.py for tasks to queue
[2022-06-26 13:51:23,536] {logging_mixin.py:115} INFO - [2022-06-26 13:51:23,536] {dagbag.py:507} INFO - Filling up the DagBag from /opt/airflow/dags/listing_4_8.py
[2022-06-26 13:51:23,546] {processor.py:651} INFO - DAG(s) dict_keys(['listing_4_08']) retrieved from /opt/airflow/dags/listing_4_8.py
[2022-06-26 13:51:23,563] {logging_mixin.py:115} INFO - [2022-06-26 13:51:23,563] {dag.py:2371} INFO - Sync 1 DAGs
[2022-06-26 13:51:23,576] {logging_mixin.py:115} INFO - [2022-06-26 13:51:23,576] {dag.py:2919} INFO - Setting next_dagrun for listing_4_08 to 2022-06-23T00:00:00+00:00, run_after=2022-06-24T00:00:00+00:00
[2022-06-26 13:51:23,583] {processor.py:161} INFO - Processing /opt/airflow/dags/listing_4_8.py took 0.052 seconds
[2022-06-26 13:51:54,299] {processor.py:153} INFO - Started process (PID=1746) to work on /opt/airflow/dags/listing_4_8.py
[2022-06-26 13:51:54,300] {processor.py:641} INFO - Processing file /opt/airflow/dags/listing_4_8.py for tasks to queue
[2022-06-26 13:51:54,301] {logging_mixin.py:115} INFO - [2022-06-26 13:51:54,301] {dagbag.py:507} INFO - Filling up the DagBag from /opt/airflow/dags/listing_4_8.py
[2022-06-26 13:51:54,310] {processor.py:651} INFO - DAG(s) dict_keys(['listing_4_08']) retrieved from /opt/airflow/dags/listing_4_8.py
[2022-06-26 13:51:54,327] {logging_mixin.py:115} INFO - [2022-06-26 13:51:54,327] {dag.py:2371} INFO - Sync 1 DAGs
[2022-06-26 13:51:54,340] {logging_mixin.py:115} INFO - [2022-06-26 13:51:54,340] {dag.py:2919} INFO - Setting next_dagrun for listing_4_08 to 2022-06-23T00:00:00+00:00, run_after=2022-06-24T00:00:00+00:00
[2022-06-26 13:51:54,347] {processor.py:161} INFO - Processing /opt/airflow/dags/listing_4_8.py took 0.050 seconds
[2022-06-26 13:52:25,247] {processor.py:153} INFO - Started process (PID=1807) to work on /opt/airflow/dags/listing_4_8.py
[2022-06-26 13:52:25,249] {processor.py:641} INFO - Processing file /opt/airflow/dags/listing_4_8.py for tasks to queue
[2022-06-26 13:52:25,250] {logging_mixin.py:115} INFO - [2022-06-26 13:52:25,250] {dagbag.py:507} INFO - Filling up the DagBag from /opt/airflow/dags/listing_4_8.py
[2022-06-26 13:52:25,259] {processor.py:651} INFO - DAG(s) dict_keys(['listing_4_08']) retrieved from /opt/airflow/dags/listing_4_8.py
[2022-06-26 13:52:25,276] {logging_mixin.py:115} INFO - [2022-06-26 13:52:25,276] {dag.py:2371} INFO - Sync 1 DAGs
[2022-06-26 13:52:25,289] {logging_mixin.py:115} INFO - [2022-06-26 13:52:25,289] {dag.py:2919} INFO - Setting next_dagrun for listing_4_08 to 2022-06-23T00:00:00+00:00, run_after=2022-06-24T00:00:00+00:00
[2022-06-26 13:52:25,296] {processor.py:161} INFO - Processing /opt/airflow/dags/listing_4_8.py took 0.051 seconds
[2022-06-26 13:52:56,224] {processor.py:153} INFO - Started process (PID=1867) to work on /opt/airflow/dags/listing_4_8.py
[2022-06-26 13:52:56,226] {processor.py:641} INFO - Processing file /opt/airflow/dags/listing_4_8.py for tasks to queue
[2022-06-26 13:52:56,227] {logging_mixin.py:115} INFO - [2022-06-26 13:52:56,227] {dagbag.py:507} INFO - Filling up the DagBag from /opt/airflow/dags/listing_4_8.py
[2022-06-26 13:52:56,243] {processor.py:651} INFO - DAG(s) dict_keys(['listing_4_08']) retrieved from /opt/airflow/dags/listing_4_8.py
[2022-06-26 13:52:56,265] {logging_mixin.py:115} INFO - [2022-06-26 13:52:56,265] {dag.py:2371} INFO - Sync 1 DAGs
[2022-06-26 13:52:56,282] {logging_mixin.py:115} INFO - [2022-06-26 13:52:56,282] {dag.py:2919} INFO - Setting next_dagrun for listing_4_08 to 2022-06-23T00:00:00+00:00, run_after=2022-06-24T00:00:00+00:00
[2022-06-26 13:52:56,294] {processor.py:161} INFO - Processing /opt/airflow/dags/listing_4_8.py took 0.072 seconds
[2022-06-26 13:53:27,032] {processor.py:153} INFO - Started process (PID=1918) to work on /opt/airflow/dags/listing_4_8.py
[2022-06-26 13:53:27,034] {processor.py:641} INFO - Processing file /opt/airflow/dags/listing_4_8.py for tasks to queue
[2022-06-26 13:53:27,035] {logging_mixin.py:115} INFO - [2022-06-26 13:53:27,035] {dagbag.py:507} INFO - Filling up the DagBag from /opt/airflow/dags/listing_4_8.py
[2022-06-26 13:53:27,046] {processor.py:651} INFO - DAG(s) dict_keys(['listing_4_08']) retrieved from /opt/airflow/dags/listing_4_8.py
[2022-06-26 13:53:27,065] {logging_mixin.py:115} INFO - [2022-06-26 13:53:27,065] {dag.py:2371} INFO - Sync 1 DAGs
[2022-06-26 13:53:27,079] {logging_mixin.py:115} INFO - [2022-06-26 13:53:27,079] {dag.py:2919} INFO - Setting next_dagrun for listing_4_08 to 2022-06-23T00:00:00+00:00, run_after=2022-06-24T00:00:00+00:00
[2022-06-26 13:53:27,087] {processor.py:161} INFO - Processing /opt/airflow/dags/listing_4_8.py took 0.057 seconds
[2022-06-26 13:53:58,153] {processor.py:153} INFO - Started process (PID=1979) to work on /opt/airflow/dags/listing_4_8.py
[2022-06-26 13:53:58,158] {processor.py:641} INFO - Processing file /opt/airflow/dags/listing_4_8.py for tasks to queue
[2022-06-26 13:53:58,161] {logging_mixin.py:115} INFO - [2022-06-26 13:53:58,161] {dagbag.py:507} INFO - Filling up the DagBag from /opt/airflow/dags/listing_4_8.py
[2022-06-26 13:53:58,180] {processor.py:651} INFO - DAG(s) dict_keys(['listing_4_08']) retrieved from /opt/airflow/dags/listing_4_8.py
[2022-06-26 13:53:58,200] {logging_mixin.py:115} INFO - [2022-06-26 13:53:58,200] {dag.py:2371} INFO - Sync 1 DAGs
[2022-06-26 13:53:58,217] {logging_mixin.py:115} INFO - [2022-06-26 13:53:58,216] {dag.py:2919} INFO - Setting next_dagrun for listing_4_08 to 2022-06-23T00:00:00+00:00, run_after=2022-06-24T00:00:00+00:00
[2022-06-26 13:53:58,226] {processor.py:161} INFO - Processing /opt/airflow/dags/listing_4_8.py took 0.076 seconds
[2022-06-26 13:54:28,994] {processor.py:153} INFO - Started process (PID=2039) to work on /opt/airflow/dags/listing_4_8.py
[2022-06-26 13:54:28,995] {processor.py:641} INFO - Processing file /opt/airflow/dags/listing_4_8.py for tasks to queue
[2022-06-26 13:54:28,997] {logging_mixin.py:115} INFO - [2022-06-26 13:54:28,997] {dagbag.py:507} INFO - Filling up the DagBag from /opt/airflow/dags/listing_4_8.py
[2022-06-26 13:54:29,007] {processor.py:651} INFO - DAG(s) dict_keys(['listing_4_08']) retrieved from /opt/airflow/dags/listing_4_8.py
[2022-06-26 13:54:29,026] {logging_mixin.py:115} INFO - [2022-06-26 13:54:29,026] {dag.py:2371} INFO - Sync 1 DAGs
[2022-06-26 13:54:29,041] {logging_mixin.py:115} INFO - [2022-06-26 13:54:29,041] {dag.py:2919} INFO - Setting next_dagrun for listing_4_08 to 2022-06-23T00:00:00+00:00, run_after=2022-06-24T00:00:00+00:00
[2022-06-26 13:54:29,049] {processor.py:161} INFO - Processing /opt/airflow/dags/listing_4_8.py took 0.057 seconds
[2022-06-26 13:54:59,890] {processor.py:153} INFO - Started process (PID=2100) to work on /opt/airflow/dags/listing_4_8.py
[2022-06-26 13:54:59,892] {processor.py:641} INFO - Processing file /opt/airflow/dags/listing_4_8.py for tasks to queue
[2022-06-26 13:54:59,894] {logging_mixin.py:115} INFO - [2022-06-26 13:54:59,893] {dagbag.py:507} INFO - Filling up the DagBag from /opt/airflow/dags/listing_4_8.py
[2022-06-26 13:54:59,905] {processor.py:651} INFO - DAG(s) dict_keys(['listing_4_08']) retrieved from /opt/airflow/dags/listing_4_8.py
[2022-06-26 13:54:59,925] {logging_mixin.py:115} INFO - [2022-06-26 13:54:59,925] {dag.py:2371} INFO - Sync 1 DAGs
[2022-06-26 13:54:59,939] {logging_mixin.py:115} INFO - [2022-06-26 13:54:59,939] {dag.py:2919} INFO - Setting next_dagrun for listing_4_08 to 2022-06-23T00:00:00+00:00, run_after=2022-06-24T00:00:00+00:00
[2022-06-26 13:54:59,946] {processor.py:161} INFO - Processing /opt/airflow/dags/listing_4_8.py took 0.058 seconds
[2022-06-26 13:55:30,934] {processor.py:153} INFO - Started process (PID=2160) to work on /opt/airflow/dags/listing_4_8.py
[2022-06-26 13:55:30,936] {processor.py:641} INFO - Processing file /opt/airflow/dags/listing_4_8.py for tasks to queue
[2022-06-26 13:55:30,937] {logging_mixin.py:115} INFO - [2022-06-26 13:55:30,937] {dagbag.py:507} INFO - Filling up the DagBag from /opt/airflow/dags/listing_4_8.py
[2022-06-26 13:55:30,947] {processor.py:651} INFO - DAG(s) dict_keys(['listing_4_08']) retrieved from /opt/airflow/dags/listing_4_8.py
[2022-06-26 13:55:30,964] {logging_mixin.py:115} INFO - [2022-06-26 13:55:30,964] {dag.py:2371} INFO - Sync 1 DAGs
[2022-06-26 13:55:30,977] {logging_mixin.py:115} INFO - [2022-06-26 13:55:30,977] {dag.py:2919} INFO - Setting next_dagrun for listing_4_08 to 2022-06-23T00:00:00+00:00, run_after=2022-06-24T00:00:00+00:00
[2022-06-26 13:55:30,985] {processor.py:161} INFO - Processing /opt/airflow/dags/listing_4_8.py took 0.053 seconds
[2022-06-26 13:56:01,942] {processor.py:153} INFO - Started process (PID=2221) to work on /opt/airflow/dags/listing_4_8.py
[2022-06-26 13:56:01,944] {processor.py:641} INFO - Processing file /opt/airflow/dags/listing_4_8.py for tasks to queue
[2022-06-26 13:56:01,946] {logging_mixin.py:115} INFO - [2022-06-26 13:56:01,946] {dagbag.py:507} INFO - Filling up the DagBag from /opt/airflow/dags/listing_4_8.py
[2022-06-26 13:56:01,955] {processor.py:651} INFO - DAG(s) dict_keys(['listing_4_08']) retrieved from /opt/airflow/dags/listing_4_8.py
[2022-06-26 13:56:01,974] {logging_mixin.py:115} INFO - [2022-06-26 13:56:01,974] {dag.py:2371} INFO - Sync 1 DAGs
[2022-06-26 13:56:01,987] {logging_mixin.py:115} INFO - [2022-06-26 13:56:01,987] {dag.py:2919} INFO - Setting next_dagrun for listing_4_08 to 2022-06-23T00:00:00+00:00, run_after=2022-06-24T00:00:00+00:00
[2022-06-26 13:56:01,995] {processor.py:161} INFO - Processing /opt/airflow/dags/listing_4_8.py took 0.054 seconds
[2022-06-26 13:56:32,779] {processor.py:153} INFO - Started process (PID=2283) to work on /opt/airflow/dags/listing_4_8.py
[2022-06-26 13:56:32,784] {processor.py:641} INFO - Processing file /opt/airflow/dags/listing_4_8.py for tasks to queue
[2022-06-26 13:56:32,786] {logging_mixin.py:115} INFO - [2022-06-26 13:56:32,786] {dagbag.py:507} INFO - Filling up the DagBag from /opt/airflow/dags/listing_4_8.py
[2022-06-26 13:56:32,817] {processor.py:651} INFO - DAG(s) dict_keys(['listing_4_08']) retrieved from /opt/airflow/dags/listing_4_8.py
[2022-06-26 13:56:32,849] {logging_mixin.py:115} INFO - [2022-06-26 13:56:32,849] {dag.py:2371} INFO - Sync 1 DAGs
[2022-06-26 13:56:32,874] {logging_mixin.py:115} INFO - [2022-06-26 13:56:32,874] {dag.py:2919} INFO - Setting next_dagrun for listing_4_08 to 2022-06-23T00:00:00+00:00, run_after=2022-06-24T00:00:00+00:00
[2022-06-26 13:56:32,898] {processor.py:161} INFO - Processing /opt/airflow/dags/listing_4_8.py took 0.124 seconds
[2022-06-26 13:57:03,144] {processor.py:153} INFO - Started process (PID=2341) to work on /opt/airflow/dags/listing_4_8.py
[2022-06-26 13:57:03,147] {processor.py:641} INFO - Processing file /opt/airflow/dags/listing_4_8.py for tasks to queue
[2022-06-26 13:57:03,149] {logging_mixin.py:115} INFO - [2022-06-26 13:57:03,149] {dagbag.py:507} INFO - Filling up the DagBag from /opt/airflow/dags/listing_4_8.py
[2022-06-26 13:57:03,164] {processor.py:651} INFO - DAG(s) dict_keys(['listing_4_08']) retrieved from /opt/airflow/dags/listing_4_8.py
[2022-06-26 13:57:03,188] {logging_mixin.py:115} INFO - [2022-06-26 13:57:03,188] {dag.py:2371} INFO - Sync 1 DAGs
[2022-06-26 13:57:03,207] {logging_mixin.py:115} INFO - [2022-06-26 13:57:03,207] {dag.py:2919} INFO - Setting next_dagrun for listing_4_08 to 2022-06-23T00:00:00+00:00, run_after=2022-06-24T00:00:00+00:00
[2022-06-26 13:57:03,224] {processor.py:161} INFO - Processing /opt/airflow/dags/listing_4_8.py took 0.082 seconds
[2022-06-26 13:57:34,187] {processor.py:153} INFO - Started process (PID=2395) to work on /opt/airflow/dags/listing_4_8.py
[2022-06-26 13:57:34,190] {processor.py:641} INFO - Processing file /opt/airflow/dags/listing_4_8.py for tasks to queue
[2022-06-26 13:57:34,191] {logging_mixin.py:115} INFO - [2022-06-26 13:57:34,191] {dagbag.py:507} INFO - Filling up the DagBag from /opt/airflow/dags/listing_4_8.py
[2022-06-26 13:57:34,201] {processor.py:651} INFO - DAG(s) dict_keys(['listing_4_08']) retrieved from /opt/airflow/dags/listing_4_8.py
[2022-06-26 13:57:34,220] {logging_mixin.py:115} INFO - [2022-06-26 13:57:34,220] {dag.py:2371} INFO - Sync 1 DAGs
[2022-06-26 13:57:34,235] {logging_mixin.py:115} INFO - [2022-06-26 13:57:34,235] {dag.py:2919} INFO - Setting next_dagrun for listing_4_08 to 2022-06-23T00:00:00+00:00, run_after=2022-06-24T00:00:00+00:00
[2022-06-26 13:57:34,243] {processor.py:161} INFO - Processing /opt/airflow/dags/listing_4_8.py took 0.059 seconds
[2022-06-26 13:58:05,001] {processor.py:153} INFO - Started process (PID=2456) to work on /opt/airflow/dags/listing_4_8.py
[2022-06-26 13:58:05,003] {processor.py:641} INFO - Processing file /opt/airflow/dags/listing_4_8.py for tasks to queue
[2022-06-26 13:58:05,005] {logging_mixin.py:115} INFO - [2022-06-26 13:58:05,005] {dagbag.py:507} INFO - Filling up the DagBag from /opt/airflow/dags/listing_4_8.py
[2022-06-26 13:58:05,019] {processor.py:651} INFO - DAG(s) dict_keys(['listing_4_08']) retrieved from /opt/airflow/dags/listing_4_8.py
[2022-06-26 13:58:05,052] {logging_mixin.py:115} INFO - [2022-06-26 13:58:05,052] {dag.py:2371} INFO - Sync 1 DAGs
[2022-06-26 13:58:05,066] {logging_mixin.py:115} INFO - [2022-06-26 13:58:05,066] {dag.py:2919} INFO - Setting next_dagrun for listing_4_08 to 2022-06-23T00:00:00+00:00, run_after=2022-06-24T00:00:00+00:00
[2022-06-26 13:58:05,074] {processor.py:161} INFO - Processing /opt/airflow/dags/listing_4_8.py took 0.074 seconds
[2022-06-26 13:58:35,299] {processor.py:153} INFO - Started process (PID=2517) to work on /opt/airflow/dags/listing_4_8.py
[2022-06-26 13:58:35,300] {processor.py:641} INFO - Processing file /opt/airflow/dags/listing_4_8.py for tasks to queue
[2022-06-26 13:58:35,303] {logging_mixin.py:115} INFO - [2022-06-26 13:58:35,303] {dagbag.py:507} INFO - Filling up the DagBag from /opt/airflow/dags/listing_4_8.py
[2022-06-26 13:58:35,317] {processor.py:651} INFO - DAG(s) dict_keys(['listing_4_08']) retrieved from /opt/airflow/dags/listing_4_8.py
[2022-06-26 13:58:35,379] {logging_mixin.py:115} INFO - [2022-06-26 13:58:35,379] {dag.py:2371} INFO - Sync 1 DAGs
[2022-06-26 13:58:35,398] {logging_mixin.py:115} INFO - [2022-06-26 13:58:35,398] {dag.py:2919} INFO - Setting next_dagrun for listing_4_08 to 2022-06-23T00:00:00+00:00, run_after=2022-06-24T00:00:00+00:00
[2022-06-26 13:58:35,406] {processor.py:161} INFO - Processing /opt/airflow/dags/listing_4_8.py took 0.109 seconds
[2022-06-26 13:59:05,970] {processor.py:153} INFO - Started process (PID=2577) to work on /opt/airflow/dags/listing_4_8.py
[2022-06-26 13:59:05,971] {processor.py:641} INFO - Processing file /opt/airflow/dags/listing_4_8.py for tasks to queue
[2022-06-26 13:59:05,973] {logging_mixin.py:115} INFO - [2022-06-26 13:59:05,972] {dagbag.py:507} INFO - Filling up the DagBag from /opt/airflow/dags/listing_4_8.py
[2022-06-26 13:59:05,983] {processor.py:651} INFO - DAG(s) dict_keys(['listing_4_08']) retrieved from /opt/airflow/dags/listing_4_8.py
[2022-06-26 13:59:06,004] {logging_mixin.py:115} INFO - [2022-06-26 13:59:06,004] {dag.py:2371} INFO - Sync 1 DAGs
[2022-06-26 13:59:06,018] {logging_mixin.py:115} INFO - [2022-06-26 13:59:06,018] {dag.py:2919} INFO - Setting next_dagrun for listing_4_08 to 2022-06-23T00:00:00+00:00, run_after=2022-06-24T00:00:00+00:00
[2022-06-26 13:59:06,026] {processor.py:161} INFO - Processing /opt/airflow/dags/listing_4_8.py took 0.058 seconds
[2022-06-26 13:59:36,746] {processor.py:153} INFO - Started process (PID=2638) to work on /opt/airflow/dags/listing_4_8.py
[2022-06-26 13:59:36,750] {processor.py:641} INFO - Processing file /opt/airflow/dags/listing_4_8.py for tasks to queue
[2022-06-26 13:59:36,753] {logging_mixin.py:115} INFO - [2022-06-26 13:59:36,753] {dagbag.py:507} INFO - Filling up the DagBag from /opt/airflow/dags/listing_4_8.py
[2022-06-26 13:59:36,773] {processor.py:651} INFO - DAG(s) dict_keys(['listing_4_08']) retrieved from /opt/airflow/dags/listing_4_8.py
[2022-06-26 13:59:36,795] {logging_mixin.py:115} INFO - [2022-06-26 13:59:36,795] {dag.py:2371} INFO - Sync 1 DAGs
[2022-06-26 13:59:36,812] {logging_mixin.py:115} INFO - [2022-06-26 13:59:36,812] {dag.py:2919} INFO - Setting next_dagrun for listing_4_08 to 2022-06-23T00:00:00+00:00, run_after=2022-06-24T00:00:00+00:00
[2022-06-26 13:59:36,819] {processor.py:161} INFO - Processing /opt/airflow/dags/listing_4_8.py took 0.075 seconds
[2022-06-26 14:00:07,409] {processor.py:153} INFO - Started process (PID=2701) to work on /opt/airflow/dags/listing_4_8.py
[2022-06-26 14:00:07,411] {processor.py:641} INFO - Processing file /opt/airflow/dags/listing_4_8.py for tasks to queue
[2022-06-26 14:00:07,414] {logging_mixin.py:115} INFO - [2022-06-26 14:00:07,414] {dagbag.py:507} INFO - Filling up the DagBag from /opt/airflow/dags/listing_4_8.py
[2022-06-26 14:00:07,431] {processor.py:651} INFO - DAG(s) dict_keys(['listing_4_08']) retrieved from /opt/airflow/dags/listing_4_8.py
[2022-06-26 14:00:07,471] {logging_mixin.py:115} INFO - [2022-06-26 14:00:07,471] {dag.py:2371} INFO - Sync 1 DAGs
[2022-06-26 14:00:07,492] {logging_mixin.py:115} INFO - [2022-06-26 14:00:07,492] {dag.py:2919} INFO - Setting next_dagrun for listing_4_08 to 2022-06-23T00:00:00+00:00, run_after=2022-06-24T00:00:00+00:00
[2022-06-26 14:00:07,504] {processor.py:161} INFO - Processing /opt/airflow/dags/listing_4_8.py took 0.099 seconds
[2022-06-26 14:00:38,073] {processor.py:153} INFO - Started process (PID=2752) to work on /opt/airflow/dags/listing_4_8.py
[2022-06-26 14:00:38,074] {processor.py:641} INFO - Processing file /opt/airflow/dags/listing_4_8.py for tasks to queue
[2022-06-26 14:00:38,075] {logging_mixin.py:115} INFO - [2022-06-26 14:00:38,075] {dagbag.py:507} INFO - Filling up the DagBag from /opt/airflow/dags/listing_4_8.py
[2022-06-26 14:00:38,087] {processor.py:651} INFO - DAG(s) dict_keys(['listing_4_08']) retrieved from /opt/airflow/dags/listing_4_8.py
[2022-06-26 14:00:38,107] {logging_mixin.py:115} INFO - [2022-06-26 14:00:38,107] {dag.py:2371} INFO - Sync 1 DAGs
[2022-06-26 14:00:38,127] {logging_mixin.py:115} INFO - [2022-06-26 14:00:38,127] {dag.py:2919} INFO - Setting next_dagrun for listing_4_08 to 2022-06-23T00:00:00+00:00, run_after=2022-06-24T00:00:00+00:00
[2022-06-26 14:00:38,141] {processor.py:161} INFO - Processing /opt/airflow/dags/listing_4_8.py took 0.071 seconds
[2022-06-26 14:01:08,823] {processor.py:153} INFO - Started process (PID=2813) to work on /opt/airflow/dags/listing_4_8.py
[2022-06-26 14:01:08,824] {processor.py:641} INFO - Processing file /opt/airflow/dags/listing_4_8.py for tasks to queue
[2022-06-26 14:01:08,828] {logging_mixin.py:115} INFO - [2022-06-26 14:01:08,828] {dagbag.py:507} INFO - Filling up the DagBag from /opt/airflow/dags/listing_4_8.py
[2022-06-26 14:01:08,838] {processor.py:651} INFO - DAG(s) dict_keys(['listing_4_08']) retrieved from /opt/airflow/dags/listing_4_8.py
[2022-06-26 14:01:08,858] {logging_mixin.py:115} INFO - [2022-06-26 14:01:08,858] {dag.py:2371} INFO - Sync 1 DAGs
[2022-06-26 14:01:08,872] {logging_mixin.py:115} INFO - [2022-06-26 14:01:08,872] {dag.py:2919} INFO - Setting next_dagrun for listing_4_08 to 2022-06-23T00:00:00+00:00, run_after=2022-06-24T00:00:00+00:00
[2022-06-26 14:01:08,879] {processor.py:161} INFO - Processing /opt/airflow/dags/listing_4_8.py took 0.059 seconds
[2022-06-26 14:01:39,551] {processor.py:153} INFO - Started process (PID=2874) to work on /opt/airflow/dags/listing_4_8.py
[2022-06-26 14:01:39,552] {processor.py:641} INFO - Processing file /opt/airflow/dags/listing_4_8.py for tasks to queue
[2022-06-26 14:01:39,553] {logging_mixin.py:115} INFO - [2022-06-26 14:01:39,553] {dagbag.py:507} INFO - Filling up the DagBag from /opt/airflow/dags/listing_4_8.py
[2022-06-26 14:01:39,564] {processor.py:651} INFO - DAG(s) dict_keys(['listing_4_08']) retrieved from /opt/airflow/dags/listing_4_8.py
[2022-06-26 14:01:39,586] {logging_mixin.py:115} INFO - [2022-06-26 14:01:39,586] {dag.py:2371} INFO - Sync 1 DAGs
[2022-06-26 14:01:39,604] {logging_mixin.py:115} INFO - [2022-06-26 14:01:39,604] {dag.py:2919} INFO - Setting next_dagrun for listing_4_08 to 2022-06-23T00:00:00+00:00, run_after=2022-06-24T00:00:00+00:00
[2022-06-26 14:01:39,612] {processor.py:161} INFO - Processing /opt/airflow/dags/listing_4_8.py took 0.064 seconds
[2022-06-26 14:02:10,682] {processor.py:153} INFO - Started process (PID=2935) to work on /opt/airflow/dags/listing_4_8.py
[2022-06-26 14:02:10,684] {processor.py:641} INFO - Processing file /opt/airflow/dags/listing_4_8.py for tasks to queue
[2022-06-26 14:02:10,686] {logging_mixin.py:115} INFO - [2022-06-26 14:02:10,685] {dagbag.py:507} INFO - Filling up the DagBag from /opt/airflow/dags/listing_4_8.py
[2022-06-26 14:02:10,699] {processor.py:651} INFO - DAG(s) dict_keys(['listing_4_08']) retrieved from /opt/airflow/dags/listing_4_8.py
[2022-06-26 14:02:10,726] {logging_mixin.py:115} INFO - [2022-06-26 14:02:10,726] {dag.py:2371} INFO - Sync 1 DAGs
[2022-06-26 14:02:10,746] {logging_mixin.py:115} INFO - [2022-06-26 14:02:10,746] {dag.py:2919} INFO - Setting next_dagrun for listing_4_08 to 2022-06-23T00:00:00+00:00, run_after=2022-06-24T00:00:00+00:00
[2022-06-26 14:02:10,760] {processor.py:161} INFO - Processing /opt/airflow/dags/listing_4_8.py took 0.080 seconds
[2022-06-26 14:02:41,594] {processor.py:153} INFO - Started process (PID=2996) to work on /opt/airflow/dags/listing_4_8.py
[2022-06-26 14:02:41,595] {processor.py:641} INFO - Processing file /opt/airflow/dags/listing_4_8.py for tasks to queue
[2022-06-26 14:02:41,597] {logging_mixin.py:115} INFO - [2022-06-26 14:02:41,597] {dagbag.py:507} INFO - Filling up the DagBag from /opt/airflow/dags/listing_4_8.py
[2022-06-26 14:02:41,607] {processor.py:651} INFO - DAG(s) dict_keys(['listing_4_08']) retrieved from /opt/airflow/dags/listing_4_8.py
[2022-06-26 14:02:41,626] {logging_mixin.py:115} INFO - [2022-06-26 14:02:41,625] {dag.py:2371} INFO - Sync 1 DAGs
[2022-06-26 14:02:41,641] {logging_mixin.py:115} INFO - [2022-06-26 14:02:41,640] {dag.py:2919} INFO - Setting next_dagrun for listing_4_08 to 2022-06-23T00:00:00+00:00, run_after=2022-06-24T00:00:00+00:00
[2022-06-26 14:02:41,650] {processor.py:161} INFO - Processing /opt/airflow/dags/listing_4_8.py took 0.058 seconds
[2022-06-26 14:03:12,537] {processor.py:153} INFO - Started process (PID=3057) to work on /opt/airflow/dags/listing_4_8.py
[2022-06-26 14:03:12,539] {processor.py:641} INFO - Processing file /opt/airflow/dags/listing_4_8.py for tasks to queue
[2022-06-26 14:03:12,541] {logging_mixin.py:115} INFO - [2022-06-26 14:03:12,541] {dagbag.py:507} INFO - Filling up the DagBag from /opt/airflow/dags/listing_4_8.py
[2022-06-26 14:03:12,550] {processor.py:651} INFO - DAG(s) dict_keys(['listing_4_08']) retrieved from /opt/airflow/dags/listing_4_8.py
[2022-06-26 14:03:12,569] {logging_mixin.py:115} INFO - [2022-06-26 14:03:12,568] {dag.py:2371} INFO - Sync 1 DAGs
[2022-06-26 14:03:12,581] {logging_mixin.py:115} INFO - [2022-06-26 14:03:12,581] {dag.py:2919} INFO - Setting next_dagrun for listing_4_08 to 2022-06-23T00:00:00+00:00, run_after=2022-06-24T00:00:00+00:00
[2022-06-26 14:03:12,589] {processor.py:161} INFO - Processing /opt/airflow/dags/listing_4_8.py took 0.055 seconds
[2022-06-26 14:03:43,372] {processor.py:153} INFO - Started process (PID=3118) to work on /opt/airflow/dags/listing_4_8.py
[2022-06-26 14:03:43,374] {processor.py:641} INFO - Processing file /opt/airflow/dags/listing_4_8.py for tasks to queue
[2022-06-26 14:03:43,376] {logging_mixin.py:115} INFO - [2022-06-26 14:03:43,376] {dagbag.py:507} INFO - Filling up the DagBag from /opt/airflow/dags/listing_4_8.py
[2022-06-26 14:03:43,384] {processor.py:651} INFO - DAG(s) dict_keys(['listing_4_08']) retrieved from /opt/airflow/dags/listing_4_8.py
[2022-06-26 14:03:43,401] {logging_mixin.py:115} INFO - [2022-06-26 14:03:43,401] {dag.py:2371} INFO - Sync 1 DAGs
[2022-06-26 14:03:43,414] {logging_mixin.py:115} INFO - [2022-06-26 14:03:43,414] {dag.py:2919} INFO - Setting next_dagrun for listing_4_08 to 2022-06-23T00:00:00+00:00, run_after=2022-06-24T00:00:00+00:00
[2022-06-26 14:03:43,422] {processor.py:161} INFO - Processing /opt/airflow/dags/listing_4_8.py took 0.052 seconds
[2022-06-26 14:04:14,391] {processor.py:153} INFO - Started process (PID=3169) to work on /opt/airflow/dags/listing_4_8.py
[2022-06-26 14:04:14,393] {processor.py:641} INFO - Processing file /opt/airflow/dags/listing_4_8.py for tasks to queue
[2022-06-26 14:04:14,394] {logging_mixin.py:115} INFO - [2022-06-26 14:04:14,394] {dagbag.py:507} INFO - Filling up the DagBag from /opt/airflow/dags/listing_4_8.py
[2022-06-26 14:04:14,404] {processor.py:651} INFO - DAG(s) dict_keys(['listing_4_08']) retrieved from /opt/airflow/dags/listing_4_8.py
[2022-06-26 14:04:14,425] {logging_mixin.py:115} INFO - [2022-06-26 14:04:14,425] {dag.py:2371} INFO - Sync 1 DAGs
[2022-06-26 14:04:14,443] {logging_mixin.py:115} INFO - [2022-06-26 14:04:14,443] {dag.py:2919} INFO - Setting next_dagrun for listing_4_08 to 2022-06-23T00:00:00+00:00, run_after=2022-06-24T00:00:00+00:00
[2022-06-26 14:04:14,454] {processor.py:161} INFO - Processing /opt/airflow/dags/listing_4_8.py took 0.066 seconds
[2022-06-26 14:04:45,203] {processor.py:153} INFO - Started process (PID=3231) to work on /opt/airflow/dags/listing_4_8.py
[2022-06-26 14:04:45,205] {processor.py:641} INFO - Processing file /opt/airflow/dags/listing_4_8.py for tasks to queue
[2022-06-26 14:04:45,206] {logging_mixin.py:115} INFO - [2022-06-26 14:04:45,206] {dagbag.py:507} INFO - Filling up the DagBag from /opt/airflow/dags/listing_4_8.py
[2022-06-26 14:04:45,214] {processor.py:651} INFO - DAG(s) dict_keys(['listing_4_08']) retrieved from /opt/airflow/dags/listing_4_8.py
[2022-06-26 14:04:45,232] {logging_mixin.py:115} INFO - [2022-06-26 14:04:45,232] {dag.py:2371} INFO - Sync 1 DAGs
[2022-06-26 14:04:45,248] {logging_mixin.py:115} INFO - [2022-06-26 14:04:45,248] {dag.py:2919} INFO - Setting next_dagrun for listing_4_08 to 2022-06-23T00:00:00+00:00, run_after=2022-06-24T00:00:00+00:00
[2022-06-26 14:04:45,258] {processor.py:161} INFO - Processing /opt/airflow/dags/listing_4_8.py took 0.057 seconds
[2022-06-26 14:05:16,112] {processor.py:153} INFO - Started process (PID=3292) to work on /opt/airflow/dags/listing_4_8.py
[2022-06-26 14:05:16,114] {processor.py:641} INFO - Processing file /opt/airflow/dags/listing_4_8.py for tasks to queue
[2022-06-26 14:05:16,116] {logging_mixin.py:115} INFO - [2022-06-26 14:05:16,116] {dagbag.py:507} INFO - Filling up the DagBag from /opt/airflow/dags/listing_4_8.py
[2022-06-26 14:05:16,129] {processor.py:651} INFO - DAG(s) dict_keys(['listing_4_08']) retrieved from /opt/airflow/dags/listing_4_8.py
[2022-06-26 14:05:16,155] {logging_mixin.py:115} INFO - [2022-06-26 14:05:16,155] {dag.py:2371} INFO - Sync 1 DAGs
[2022-06-26 14:05:16,174] {logging_mixin.py:115} INFO - [2022-06-26 14:05:16,174] {dag.py:2919} INFO - Setting next_dagrun for listing_4_08 to 2022-06-23T00:00:00+00:00, run_after=2022-06-24T00:00:00+00:00
[2022-06-26 14:05:16,182] {processor.py:161} INFO - Processing /opt/airflow/dags/listing_4_8.py took 0.072 seconds
[2022-06-26 14:05:46,493] {processor.py:153} INFO - Started process (PID=3353) to work on /opt/airflow/dags/listing_4_8.py
[2022-06-26 14:05:46,495] {processor.py:641} INFO - Processing file /opt/airflow/dags/listing_4_8.py for tasks to queue
[2022-06-26 14:05:46,496] {logging_mixin.py:115} INFO - [2022-06-26 14:05:46,496] {dagbag.py:507} INFO - Filling up the DagBag from /opt/airflow/dags/listing_4_8.py
[2022-06-26 14:05:46,506] {processor.py:651} INFO - DAG(s) dict_keys(['listing_4_08']) retrieved from /opt/airflow/dags/listing_4_8.py
[2022-06-26 14:05:46,526] {logging_mixin.py:115} INFO - [2022-06-26 14:05:46,526] {dag.py:2371} INFO - Sync 1 DAGs
[2022-06-26 14:05:46,541] {logging_mixin.py:115} INFO - [2022-06-26 14:05:46,541] {dag.py:2919} INFO - Setting next_dagrun for listing_4_08 to 2022-06-23T00:00:00+00:00, run_after=2022-06-24T00:00:00+00:00
[2022-06-26 14:05:46,550] {processor.py:161} INFO - Processing /opt/airflow/dags/listing_4_8.py took 0.060 seconds
[2022-06-26 14:09:53,535] {processor.py:153} INFO - Started process (PID=3404) to work on /opt/airflow/dags/listing_4_8.py
[2022-06-26 14:09:53,537] {processor.py:641} INFO - Processing file /opt/airflow/dags/listing_4_8.py for tasks to queue
[2022-06-26 14:09:53,540] {logging_mixin.py:115} INFO - [2022-06-26 14:09:53,540] {dagbag.py:507} INFO - Filling up the DagBag from /opt/airflow/dags/listing_4_8.py
[2022-06-26 14:09:53,553] {processor.py:651} INFO - DAG(s) dict_keys(['listing_4_08']) retrieved from /opt/airflow/dags/listing_4_8.py
[2022-06-26 14:09:53,583] {logging_mixin.py:115} INFO - [2022-06-26 14:09:53,583] {dag.py:2371} INFO - Sync 1 DAGs
[2022-06-26 14:09:53,606] {logging_mixin.py:115} INFO - [2022-06-26 14:09:53,606] {dag.py:2919} INFO - Setting next_dagrun for listing_4_08 to 2022-06-23T00:00:00+00:00, run_after=2022-06-24T00:00:00+00:00
[2022-06-26 14:09:53,625] {processor.py:161} INFO - Processing /opt/airflow/dags/listing_4_8.py took 0.093 seconds
[2022-06-26 14:10:24,126] {processor.py:153} INFO - Started process (PID=3465) to work on /opt/airflow/dags/listing_4_8.py
[2022-06-26 14:10:24,127] {processor.py:641} INFO - Processing file /opt/airflow/dags/listing_4_8.py for tasks to queue
[2022-06-26 14:10:24,128] {logging_mixin.py:115} INFO - [2022-06-26 14:10:24,128] {dagbag.py:507} INFO - Filling up the DagBag from /opt/airflow/dags/listing_4_8.py
[2022-06-26 14:10:24,141] {processor.py:651} INFO - DAG(s) dict_keys(['listing_4_08']) retrieved from /opt/airflow/dags/listing_4_8.py
[2022-06-26 14:10:24,163] {logging_mixin.py:115} INFO - [2022-06-26 14:10:24,163] {dag.py:2371} INFO - Sync 1 DAGs
[2022-06-26 14:10:24,179] {logging_mixin.py:115} INFO - [2022-06-26 14:10:24,179] {dag.py:2919} INFO - Setting next_dagrun for listing_4_08 to 2022-06-23T00:00:00+00:00, run_after=2022-06-24T00:00:00+00:00
[2022-06-26 14:10:24,189] {processor.py:161} INFO - Processing /opt/airflow/dags/listing_4_8.py took 0.066 seconds
[2022-06-26 14:10:54,431] {processor.py:153} INFO - Started process (PID=3516) to work on /opt/airflow/dags/listing_4_8.py
[2022-06-26 14:10:54,433] {processor.py:641} INFO - Processing file /opt/airflow/dags/listing_4_8.py for tasks to queue
[2022-06-26 14:10:54,434] {logging_mixin.py:115} INFO - [2022-06-26 14:10:54,434] {dagbag.py:507} INFO - Filling up the DagBag from /opt/airflow/dags/listing_4_8.py
[2022-06-26 14:10:54,443] {processor.py:651} INFO - DAG(s) dict_keys(['listing_4_08']) retrieved from /opt/airflow/dags/listing_4_8.py
[2022-06-26 14:10:54,463] {logging_mixin.py:115} INFO - [2022-06-26 14:10:54,463] {dag.py:2371} INFO - Sync 1 DAGs
[2022-06-26 14:10:54,478] {logging_mixin.py:115} INFO - [2022-06-26 14:10:54,478] {dag.py:2919} INFO - Setting next_dagrun for listing_4_08 to 2022-06-23T00:00:00+00:00, run_after=2022-06-24T00:00:00+00:00
[2022-06-26 14:10:54,489] {processor.py:161} INFO - Processing /opt/airflow/dags/listing_4_8.py took 0.060 seconds
[2022-06-26 14:11:24,910] {processor.py:153} INFO - Started process (PID=3577) to work on /opt/airflow/dags/listing_4_8.py
[2022-06-26 14:11:24,912] {processor.py:641} INFO - Processing file /opt/airflow/dags/listing_4_8.py for tasks to queue
[2022-06-26 14:11:24,914] {logging_mixin.py:115} INFO - [2022-06-26 14:11:24,913] {dagbag.py:507} INFO - Filling up the DagBag from /opt/airflow/dags/listing_4_8.py
[2022-06-26 14:11:24,925] {processor.py:651} INFO - DAG(s) dict_keys(['listing_4_08']) retrieved from /opt/airflow/dags/listing_4_8.py
[2022-06-26 14:11:24,949] {logging_mixin.py:115} INFO - [2022-06-26 14:11:24,949] {dag.py:2371} INFO - Sync 1 DAGs
[2022-06-26 14:11:24,968] {logging_mixin.py:115} INFO - [2022-06-26 14:11:24,968] {dag.py:2919} INFO - Setting next_dagrun for listing_4_08 to 2022-06-23T00:00:00+00:00, run_after=2022-06-24T00:00:00+00:00
[2022-06-26 14:11:24,980] {processor.py:161} INFO - Processing /opt/airflow/dags/listing_4_8.py took 0.073 seconds
[2022-06-26 14:11:55,194] {processor.py:153} INFO - Started process (PID=3638) to work on /opt/airflow/dags/listing_4_8.py
[2022-06-26 14:11:55,196] {processor.py:641} INFO - Processing file /opt/airflow/dags/listing_4_8.py for tasks to queue
[2022-06-26 14:11:55,197] {logging_mixin.py:115} INFO - [2022-06-26 14:11:55,197] {dagbag.py:507} INFO - Filling up the DagBag from /opt/airflow/dags/listing_4_8.py
[2022-06-26 14:11:55,206] {processor.py:651} INFO - DAG(s) dict_keys(['listing_4_08']) retrieved from /opt/airflow/dags/listing_4_8.py
[2022-06-26 14:11:55,227] {logging_mixin.py:115} INFO - [2022-06-26 14:11:55,227] {dag.py:2371} INFO - Sync 1 DAGs
[2022-06-26 14:11:55,244] {logging_mixin.py:115} INFO - [2022-06-26 14:11:55,244] {dag.py:2919} INFO - Setting next_dagrun for listing_4_08 to 2022-06-23T00:00:00+00:00, run_after=2022-06-24T00:00:00+00:00
[2022-06-26 14:11:55,252] {processor.py:161} INFO - Processing /opt/airflow/dags/listing_4_8.py took 0.060 seconds
[2022-06-26 14:12:25,356] {processor.py:153} INFO - Started process (PID=3699) to work on /opt/airflow/dags/listing_4_8.py
[2022-06-26 14:12:25,358] {processor.py:641} INFO - Processing file /opt/airflow/dags/listing_4_8.py for tasks to queue
[2022-06-26 14:12:25,359] {logging_mixin.py:115} INFO - [2022-06-26 14:12:25,359] {dagbag.py:507} INFO - Filling up the DagBag from /opt/airflow/dags/listing_4_8.py
[2022-06-26 14:12:25,368] {processor.py:651} INFO - DAG(s) dict_keys(['listing_4_08']) retrieved from /opt/airflow/dags/listing_4_8.py
[2022-06-26 14:12:25,383] {logging_mixin.py:115} INFO - [2022-06-26 14:12:25,383] {dag.py:2371} INFO - Sync 1 DAGs
[2022-06-26 14:12:25,397] {logging_mixin.py:115} INFO - [2022-06-26 14:12:25,396] {dag.py:2919} INFO - Setting next_dagrun for listing_4_08 to 2022-06-23T00:00:00+00:00, run_after=2022-06-24T00:00:00+00:00
[2022-06-26 14:12:25,404] {processor.py:161} INFO - Processing /opt/airflow/dags/listing_4_8.py took 0.050 seconds
[2022-06-26 14:12:56,256] {processor.py:153} INFO - Started process (PID=4254) to work on /opt/airflow/dags/listing_4_8.py
[2022-06-26 14:12:56,258] {processor.py:641} INFO - Processing file /opt/airflow/dags/listing_4_8.py for tasks to queue
[2022-06-26 14:12:56,262] {logging_mixin.py:115} INFO - [2022-06-26 14:12:56,262] {dagbag.py:507} INFO - Filling up the DagBag from /opt/airflow/dags/listing_4_8.py
[2022-06-26 14:12:56,272] {processor.py:651} INFO - DAG(s) dict_keys(['listing_4_08']) retrieved from /opt/airflow/dags/listing_4_8.py
[2022-06-26 14:12:56,292] {logging_mixin.py:115} INFO - [2022-06-26 14:12:56,292] {dag.py:2371} INFO - Sync 1 DAGs
[2022-06-26 14:12:56,310] {logging_mixin.py:115} INFO - [2022-06-26 14:12:56,309] {dag.py:2919} INFO - Setting next_dagrun for listing_4_08 to 2022-06-23T00:00:00+00:00, run_after=2022-06-24T00:00:00+00:00
[2022-06-26 14:12:56,318] {processor.py:161} INFO - Processing /opt/airflow/dags/listing_4_8.py took 0.064 seconds
[2022-06-26 14:13:26,633] {processor.py:153} INFO - Started process (PID=4748) to work on /opt/airflow/dags/listing_4_8.py
[2022-06-26 14:13:26,634] {processor.py:641} INFO - Processing file /opt/airflow/dags/listing_4_8.py for tasks to queue
[2022-06-26 14:13:26,636] {logging_mixin.py:115} INFO - [2022-06-26 14:13:26,636] {dagbag.py:507} INFO - Filling up the DagBag from /opt/airflow/dags/listing_4_8.py
[2022-06-26 14:13:26,646] {processor.py:651} INFO - DAG(s) dict_keys(['listing_4_08']) retrieved from /opt/airflow/dags/listing_4_8.py
[2022-06-26 14:13:26,662] {logging_mixin.py:115} INFO - [2022-06-26 14:13:26,662] {dag.py:2371} INFO - Sync 1 DAGs
[2022-06-26 14:13:26,675] {logging_mixin.py:115} INFO - [2022-06-26 14:13:26,675] {dag.py:2919} INFO - Setting next_dagrun for listing_4_08 to 2022-06-23T00:00:00+00:00, run_after=2022-06-24T00:00:00+00:00
[2022-06-26 14:13:26,682] {processor.py:161} INFO - Processing /opt/airflow/dags/listing_4_8.py took 0.052 seconds
[2022-06-26 14:13:57,268] {processor.py:153} INFO - Started process (PID=5741) to work on /opt/airflow/dags/listing_4_8.py
[2022-06-26 14:13:57,270] {processor.py:641} INFO - Processing file /opt/airflow/dags/listing_4_8.py for tasks to queue
[2022-06-26 14:13:57,273] {logging_mixin.py:115} INFO - [2022-06-26 14:13:57,272] {dagbag.py:507} INFO - Filling up the DagBag from /opt/airflow/dags/listing_4_8.py
[2022-06-26 14:13:57,284] {processor.py:651} INFO - DAG(s) dict_keys(['listing_4_08']) retrieved from /opt/airflow/dags/listing_4_8.py
[2022-06-26 14:13:57,303] {logging_mixin.py:115} INFO - [2022-06-26 14:13:57,303] {dag.py:2371} INFO - Sync 1 DAGs
[2022-06-26 14:13:57,319] {logging_mixin.py:115} INFO - [2022-06-26 14:13:57,318] {dag.py:2919} INFO - Setting next_dagrun for listing_4_08 to 2022-06-23T00:00:00+00:00, run_after=2022-06-24T00:00:00+00:00
[2022-06-26 14:13:57,326] {processor.py:161} INFO - Processing /opt/airflow/dags/listing_4_8.py took 0.061 seconds
[2022-06-26 14:14:27,512] {processor.py:153} INFO - Started process (PID=6109) to work on /opt/airflow/dags/listing_4_8.py
[2022-06-26 14:14:27,513] {processor.py:641} INFO - Processing file /opt/airflow/dags/listing_4_8.py for tasks to queue
[2022-06-26 14:14:27,515] {logging_mixin.py:115} INFO - [2022-06-26 14:14:27,515] {dagbag.py:507} INFO - Filling up the DagBag from /opt/airflow/dags/listing_4_8.py
[2022-06-26 14:14:27,524] {processor.py:651} INFO - DAG(s) dict_keys(['listing_4_08']) retrieved from /opt/airflow/dags/listing_4_8.py
[2022-06-26 14:14:27,543] {logging_mixin.py:115} INFO - [2022-06-26 14:14:27,542] {dag.py:2371} INFO - Sync 1 DAGs
[2022-06-26 14:14:27,555] {logging_mixin.py:115} INFO - [2022-06-26 14:14:27,555] {dag.py:2919} INFO - Setting next_dagrun for listing_4_08 to 2022-06-23T00:00:00+00:00, run_after=2022-06-24T00:00:00+00:00
[2022-06-26 14:14:27,562] {processor.py:161} INFO - Processing /opt/airflow/dags/listing_4_8.py took 0.052 seconds
[2022-06-26 14:14:58,247] {processor.py:153} INFO - Started process (PID=6484) to work on /opt/airflow/dags/listing_4_8.py
[2022-06-26 14:14:58,250] {processor.py:641} INFO - Processing file /opt/airflow/dags/listing_4_8.py for tasks to queue
[2022-06-26 14:14:58,251] {logging_mixin.py:115} INFO - [2022-06-26 14:14:58,251] {dagbag.py:507} INFO - Filling up the DagBag from /opt/airflow/dags/listing_4_8.py
[2022-06-26 14:14:58,262] {processor.py:651} INFO - DAG(s) dict_keys(['listing_4_08']) retrieved from /opt/airflow/dags/listing_4_8.py
[2022-06-26 14:14:58,282] {logging_mixin.py:115} INFO - [2022-06-26 14:14:58,282] {dag.py:2371} INFO - Sync 1 DAGs
[2022-06-26 14:14:58,387] {logging_mixin.py:115} INFO - [2022-06-26 14:14:58,387] {dag.py:2919} INFO - Setting next_dagrun for listing_4_08 to 2022-06-23T00:00:00+00:00, run_after=2022-06-24T00:00:00+00:00
[2022-06-26 14:14:58,397] {processor.py:161} INFO - Processing /opt/airflow/dags/listing_4_8.py took 0.152 seconds
[2022-06-26 14:15:28,935] {processor.py:153} INFO - Started process (PID=6855) to work on /opt/airflow/dags/listing_4_8.py
[2022-06-26 14:15:28,938] {processor.py:641} INFO - Processing file /opt/airflow/dags/listing_4_8.py for tasks to queue
[2022-06-26 14:15:28,939] {logging_mixin.py:115} INFO - [2022-06-26 14:15:28,939] {dagbag.py:507} INFO - Filling up the DagBag from /opt/airflow/dags/listing_4_8.py
[2022-06-26 14:15:28,950] {processor.py:651} INFO - DAG(s) dict_keys(['listing_4_08']) retrieved from /opt/airflow/dags/listing_4_8.py
[2022-06-26 14:15:28,973] {logging_mixin.py:115} INFO - [2022-06-26 14:15:28,973] {dag.py:2371} INFO - Sync 1 DAGs
[2022-06-26 14:15:29,064] {logging_mixin.py:115} INFO - [2022-06-26 14:15:29,064] {dag.py:2919} INFO - Setting next_dagrun for listing_4_08 to 2022-06-23T00:00:00+00:00, run_after=2022-06-24T00:00:00+00:00
[2022-06-26 14:15:29,071] {processor.py:161} INFO - Processing /opt/airflow/dags/listing_4_8.py took 0.138 seconds
[2022-06-26 14:15:59,947] {processor.py:153} INFO - Started process (PID=7476) to work on /opt/airflow/dags/listing_4_8.py
[2022-06-26 14:15:59,948] {processor.py:641} INFO - Processing file /opt/airflow/dags/listing_4_8.py for tasks to queue
[2022-06-26 14:15:59,950] {logging_mixin.py:115} INFO - [2022-06-26 14:15:59,950] {dagbag.py:507} INFO - Filling up the DagBag from /opt/airflow/dags/listing_4_8.py
[2022-06-26 14:15:59,961] {processor.py:651} INFO - DAG(s) dict_keys(['listing_4_08']) retrieved from /opt/airflow/dags/listing_4_8.py
[2022-06-26 14:15:59,980] {logging_mixin.py:115} INFO - [2022-06-26 14:15:59,980] {dag.py:2371} INFO - Sync 1 DAGs
[2022-06-26 14:16:00,064] {logging_mixin.py:115} INFO - [2022-06-26 14:16:00,064] {dag.py:2919} INFO - Setting next_dagrun for listing_4_08 to 2022-06-23T00:00:00+00:00, run_after=2022-06-24T00:00:00+00:00
[2022-06-26 14:16:00,070] {processor.py:161} INFO - Processing /opt/airflow/dags/listing_4_8.py took 0.125 seconds
[2022-06-26 14:16:30,835] {processor.py:153} INFO - Started process (PID=9155) to work on /opt/airflow/dags/listing_4_8.py
[2022-06-26 14:16:30,839] {processor.py:641} INFO - Processing file /opt/airflow/dags/listing_4_8.py for tasks to queue
[2022-06-26 14:16:30,842] {logging_mixin.py:115} INFO - [2022-06-26 14:16:30,841] {dagbag.py:507} INFO - Filling up the DagBag from /opt/airflow/dags/listing_4_8.py
[2022-06-26 14:16:30,867] {processor.py:651} INFO - DAG(s) dict_keys(['listing_4_08']) retrieved from /opt/airflow/dags/listing_4_8.py
[2022-06-26 14:16:30,911] {logging_mixin.py:115} INFO - [2022-06-26 14:16:30,911] {dag.py:2371} INFO - Sync 1 DAGs
[2022-06-26 14:16:31,045] {logging_mixin.py:115} INFO - [2022-06-26 14:16:31,044] {dag.py:2919} INFO - Setting next_dagrun for listing_4_08 to 2022-06-23T00:00:00+00:00, run_after=2022-06-24T00:00:00+00:00
[2022-06-26 14:16:31,053] {processor.py:161} INFO - Processing /opt/airflow/dags/listing_4_8.py took 0.234 seconds
[2022-06-26 14:17:01,853] {processor.py:153} INFO - Started process (PID=9924) to work on /opt/airflow/dags/listing_4_8.py
[2022-06-26 14:17:01,855] {processor.py:641} INFO - Processing file /opt/airflow/dags/listing_4_8.py for tasks to queue
[2022-06-26 14:17:01,856] {logging_mixin.py:115} INFO - [2022-06-26 14:17:01,856] {dagbag.py:507} INFO - Filling up the DagBag from /opt/airflow/dags/listing_4_8.py
[2022-06-26 14:17:01,868] {processor.py:651} INFO - DAG(s) dict_keys(['listing_4_08']) retrieved from /opt/airflow/dags/listing_4_8.py
[2022-06-26 14:17:01,888] {logging_mixin.py:115} INFO - [2022-06-26 14:17:01,888] {dag.py:2371} INFO - Sync 1 DAGs
[2022-06-26 14:17:01,985] {logging_mixin.py:115} INFO - [2022-06-26 14:17:01,984] {dag.py:2919} INFO - Setting next_dagrun for listing_4_08 to 2022-06-23T00:00:00+00:00, run_after=2022-06-24T00:00:00+00:00
[2022-06-26 14:17:01,994] {processor.py:161} INFO - Processing /opt/airflow/dags/listing_4_8.py took 0.143 seconds
[2022-06-26 14:17:32,540] {processor.py:153} INFO - Started process (PID=11045) to work on /opt/airflow/dags/listing_4_8.py
[2022-06-26 14:17:32,543] {processor.py:641} INFO - Processing file /opt/airflow/dags/listing_4_8.py for tasks to queue
[2022-06-26 14:17:32,546] {logging_mixin.py:115} INFO - [2022-06-26 14:17:32,546] {dagbag.py:507} INFO - Filling up the DagBag from /opt/airflow/dags/listing_4_8.py
[2022-06-26 14:17:32,567] {processor.py:651} INFO - DAG(s) dict_keys(['listing_4_08']) retrieved from /opt/airflow/dags/listing_4_8.py
[2022-06-26 14:17:32,588] {logging_mixin.py:115} INFO - [2022-06-26 14:17:32,588] {dag.py:2371} INFO - Sync 1 DAGs
[2022-06-26 14:17:32,685] {logging_mixin.py:115} INFO - [2022-06-26 14:17:32,685] {dag.py:2919} INFO - Setting next_dagrun for listing_4_08 to 2022-06-23T00:00:00+00:00, run_after=2022-06-24T00:00:00+00:00
[2022-06-26 14:17:32,695] {processor.py:161} INFO - Processing /opt/airflow/dags/listing_4_8.py took 0.157 seconds
[2022-06-26 14:18:03,091] {processor.py:153} INFO - Started process (PID=11418) to work on /opt/airflow/dags/listing_4_8.py
[2022-06-26 14:18:03,093] {processor.py:641} INFO - Processing file /opt/airflow/dags/listing_4_8.py for tasks to queue
[2022-06-26 14:18:03,094] {logging_mixin.py:115} INFO - [2022-06-26 14:18:03,094] {dagbag.py:507} INFO - Filling up the DagBag from /opt/airflow/dags/listing_4_8.py
[2022-06-26 14:18:03,105] {processor.py:651} INFO - DAG(s) dict_keys(['listing_4_08']) retrieved from /opt/airflow/dags/listing_4_8.py
[2022-06-26 14:18:03,132] {logging_mixin.py:115} INFO - [2022-06-26 14:18:03,132] {dag.py:2371} INFO - Sync 1 DAGs
[2022-06-26 14:18:03,230] {logging_mixin.py:115} INFO - [2022-06-26 14:18:03,230] {dag.py:2919} INFO - Setting next_dagrun for listing_4_08 to 2022-06-23T00:00:00+00:00, run_after=2022-06-24T00:00:00+00:00
[2022-06-26 14:18:03,238] {processor.py:161} INFO - Processing /opt/airflow/dags/listing_4_8.py took 0.149 seconds
[2022-06-26 14:18:34,026] {processor.py:153} INFO - Started process (PID=12242) to work on /opt/airflow/dags/listing_4_8.py
[2022-06-26 14:18:34,028] {processor.py:641} INFO - Processing file /opt/airflow/dags/listing_4_8.py for tasks to queue
[2022-06-26 14:18:34,031] {logging_mixin.py:115} INFO - [2022-06-26 14:18:34,031] {dagbag.py:507} INFO - Filling up the DagBag from /opt/airflow/dags/listing_4_8.py
[2022-06-26 14:18:34,049] {processor.py:651} INFO - DAG(s) dict_keys(['listing_4_08']) retrieved from /opt/airflow/dags/listing_4_8.py
[2022-06-26 14:18:34,090] {logging_mixin.py:115} INFO - [2022-06-26 14:18:34,090] {dag.py:2371} INFO - Sync 1 DAGs
[2022-06-26 14:18:34,249] {logging_mixin.py:115} INFO - [2022-06-26 14:18:34,249] {dag.py:2919} INFO - Setting next_dagrun for listing_4_08 to 2022-06-23T00:00:00+00:00, run_after=2022-06-24T00:00:00+00:00
[2022-06-26 14:18:34,259] {processor.py:161} INFO - Processing /opt/airflow/dags/listing_4_8.py took 0.235 seconds
[2022-06-26 14:19:04,977] {processor.py:153} INFO - Started process (PID=12803) to work on /opt/airflow/dags/listing_4_8.py
[2022-06-26 14:19:04,979] {processor.py:641} INFO - Processing file /opt/airflow/dags/listing_4_8.py for tasks to queue
[2022-06-26 14:19:04,980] {logging_mixin.py:115} INFO - [2022-06-26 14:19:04,980] {dagbag.py:507} INFO - Filling up the DagBag from /opt/airflow/dags/listing_4_8.py
[2022-06-26 14:19:04,992] {processor.py:651} INFO - DAG(s) dict_keys(['listing_4_08']) retrieved from /opt/airflow/dags/listing_4_8.py
[2022-06-26 14:19:05,012] {logging_mixin.py:115} INFO - [2022-06-26 14:19:05,012] {dag.py:2371} INFO - Sync 1 DAGs
[2022-06-26 14:19:05,103] {logging_mixin.py:115} INFO - [2022-06-26 14:19:05,102] {dag.py:2919} INFO - Setting next_dagrun for listing_4_08 to 2022-06-23T00:00:00+00:00, run_after=2022-06-24T00:00:00+00:00
[2022-06-26 14:19:05,110] {processor.py:161} INFO - Processing /opt/airflow/dags/listing_4_8.py took 0.136 seconds
[2022-06-26 14:19:35,898] {processor.py:153} INFO - Started process (PID=13617) to work on /opt/airflow/dags/listing_4_8.py
[2022-06-26 14:19:35,900] {processor.py:641} INFO - Processing file /opt/airflow/dags/listing_4_8.py for tasks to queue
[2022-06-26 14:19:35,901] {logging_mixin.py:115} INFO - [2022-06-26 14:19:35,901] {dagbag.py:507} INFO - Filling up the DagBag from /opt/airflow/dags/listing_4_8.py
[2022-06-26 14:19:35,910] {processor.py:651} INFO - DAG(s) dict_keys(['listing_4_08']) retrieved from /opt/airflow/dags/listing_4_8.py
[2022-06-26 14:19:35,929] {logging_mixin.py:115} INFO - [2022-06-26 14:19:35,928] {dag.py:2371} INFO - Sync 1 DAGs
[2022-06-26 14:19:36,014] {logging_mixin.py:115} INFO - [2022-06-26 14:19:36,014] {dag.py:2919} INFO - Setting next_dagrun for listing_4_08 to 2022-06-23T00:00:00+00:00, run_after=2022-06-24T00:00:00+00:00
[2022-06-26 14:19:36,022] {processor.py:161} INFO - Processing /opt/airflow/dags/listing_4_8.py took 0.126 seconds
[2022-06-26 14:20:06,392] {processor.py:153} INFO - Started process (PID=14579) to work on /opt/airflow/dags/listing_4_8.py
[2022-06-26 14:20:06,399] {processor.py:641} INFO - Processing file /opt/airflow/dags/listing_4_8.py for tasks to queue
[2022-06-26 14:20:06,403] {logging_mixin.py:115} INFO - [2022-06-26 14:20:06,403] {dagbag.py:507} INFO - Filling up the DagBag from /opt/airflow/dags/listing_4_8.py
[2022-06-26 14:20:06,432] {processor.py:651} INFO - DAG(s) dict_keys(['listing_4_08']) retrieved from /opt/airflow/dags/listing_4_8.py
[2022-06-26 14:20:06,480] {logging_mixin.py:115} INFO - [2022-06-26 14:20:06,480] {dag.py:2371} INFO - Sync 1 DAGs
[2022-06-26 14:20:06,662] {logging_mixin.py:115} INFO - [2022-06-26 14:20:06,662] {dag.py:2919} INFO - Setting next_dagrun for listing_4_08 to 2022-06-23T00:00:00+00:00, run_after=2022-06-24T00:00:00+00:00
[2022-06-26 14:20:06,675] {processor.py:161} INFO - Processing /opt/airflow/dags/listing_4_8.py took 0.291 seconds
[2022-06-26 14:53:10,875] {processor.py:153} INFO - Started process (PID=14846) to work on /opt/airflow/dags/listing_4_8.py
[2022-06-26 14:53:10,878] {processor.py:641} INFO - Processing file /opt/airflow/dags/listing_4_8.py for tasks to queue
[2022-06-26 14:53:10,880] {logging_mixin.py:115} INFO - [2022-06-26 14:53:10,880] {dagbag.py:507} INFO - Filling up the DagBag from /opt/airflow/dags/listing_4_8.py
[2022-06-26 14:53:11,165] {processor.py:651} INFO - DAG(s) dict_keys(['listing_4_08']) retrieved from /opt/airflow/dags/listing_4_8.py
[2022-06-26 14:53:11,320] {logging_mixin.py:115} INFO - [2022-06-26 14:53:11,319] {dag.py:2371} INFO - Sync 1 DAGs
[2022-06-26 14:53:11,473] {logging_mixin.py:115} INFO - [2022-06-26 14:53:11,473] {dag.py:2919} INFO - Setting next_dagrun for listing_4_08 to 2022-06-23T00:00:00+00:00, run_after=2022-06-24T00:00:00+00:00
[2022-06-26 14:53:11,506] {processor.py:161} INFO - Processing /opt/airflow/dags/listing_4_8.py took 0.634 seconds
[2022-06-26 16:16:01,673] {processor.py:153} INFO - Started process (PID=15218) to work on /opt/airflow/dags/listing_4_8.py
[2022-06-26 16:16:01,677] {processor.py:641} INFO - Processing file /opt/airflow/dags/listing_4_8.py for tasks to queue
[2022-06-26 16:16:01,680] {logging_mixin.py:115} INFO - [2022-06-26 16:16:01,680] {dagbag.py:507} INFO - Filling up the DagBag from /opt/airflow/dags/listing_4_8.py
[2022-06-26 16:16:01,697] {processor.py:651} INFO - DAG(s) dict_keys(['listing_4_08']) retrieved from /opt/airflow/dags/listing_4_8.py
[2022-06-26 16:16:01,734] {logging_mixin.py:115} INFO - [2022-06-26 16:16:01,734] {dag.py:2371} INFO - Sync 1 DAGs
[2022-06-26 16:16:01,888] {logging_mixin.py:115} INFO - [2022-06-26 16:16:01,888] {dag.py:2919} INFO - Setting next_dagrun for listing_4_08 to 2022-06-23T00:00:00+00:00, run_after=2022-06-24T00:00:00+00:00
[2022-06-26 16:16:01,908] {processor.py:161} INFO - Processing /opt/airflow/dags/listing_4_8.py took 0.239 seconds
[2022-06-26 17:21:23,128] {processor.py:153} INFO - Started process (PID=15568) to work on /opt/airflow/dags/listing_4_8.py
[2022-06-26 17:21:23,129] {processor.py:641} INFO - Processing file /opt/airflow/dags/listing_4_8.py for tasks to queue
[2022-06-26 17:21:23,131] {logging_mixin.py:115} INFO - [2022-06-26 17:21:23,131] {dagbag.py:507} INFO - Filling up the DagBag from /opt/airflow/dags/listing_4_8.py
[2022-06-26 17:21:23,140] {processor.py:651} INFO - DAG(s) dict_keys(['listing_4_08']) retrieved from /opt/airflow/dags/listing_4_8.py
[2022-06-26 17:21:23,278] {logging_mixin.py:115} INFO - [2022-06-26 17:21:23,278] {dag.py:2371} INFO - Sync 1 DAGs
[2022-06-26 17:21:23,294] {logging_mixin.py:115} INFO - [2022-06-26 17:21:23,294] {dag.py:2919} INFO - Setting next_dagrun for listing_4_08 to 2022-06-23T00:00:00+00:00, run_after=2022-06-24T00:00:00+00:00
[2022-06-26 17:21:23,302] {processor.py:161} INFO - Processing /opt/airflow/dags/listing_4_8.py took 0.176 seconds
[2022-06-26 18:41:39,182] {processor.py:153} INFO - Started process (PID=15935) to work on /opt/airflow/dags/listing_4_8.py
[2022-06-26 18:41:39,185] {processor.py:641} INFO - Processing file /opt/airflow/dags/listing_4_8.py for tasks to queue
[2022-06-26 18:41:39,187] {logging_mixin.py:115} INFO - [2022-06-26 18:41:39,186] {dagbag.py:507} INFO - Filling up the DagBag from /opt/airflow/dags/listing_4_8.py
[2022-06-26 18:41:39,199] {processor.py:651} INFO - DAG(s) dict_keys(['listing_4_08']) retrieved from /opt/airflow/dags/listing_4_8.py
[2022-06-26 18:41:39,316] {logging_mixin.py:115} INFO - [2022-06-26 18:41:39,316] {dag.py:2371} INFO - Sync 1 DAGs
[2022-06-26 18:41:39,330] {logging_mixin.py:115} INFO - [2022-06-26 18:41:39,330] {dag.py:2919} INFO - Setting next_dagrun for listing_4_08 to 2022-06-23T00:00:00+00:00, run_after=2022-06-24T00:00:00+00:00
[2022-06-26 18:41:39,337] {processor.py:161} INFO - Processing /opt/airflow/dags/listing_4_8.py took 0.158 seconds
[2022-06-26 20:03:40,334] {processor.py:153} INFO - Started process (PID=16210) to work on /opt/airflow/dags/listing_4_8.py
[2022-06-26 20:03:40,341] {processor.py:641} INFO - Processing file /opt/airflow/dags/listing_4_8.py for tasks to queue
[2022-06-26 20:03:40,346] {logging_mixin.py:115} INFO - [2022-06-26 20:03:40,346] {dagbag.py:507} INFO - Filling up the DagBag from /opt/airflow/dags/listing_4_8.py
[2022-06-26 20:03:40,365] {processor.py:651} INFO - DAG(s) dict_keys(['listing_4_08']) retrieved from /opt/airflow/dags/listing_4_8.py
[2022-06-26 20:03:40,400] {logging_mixin.py:115} INFO - [2022-06-26 20:03:40,400] {dag.py:2371} INFO - Sync 1 DAGs
[2022-06-26 20:03:40,430] {logging_mixin.py:115} INFO - [2022-06-26 20:03:40,430] {dag.py:2919} INFO - Setting next_dagrun for listing_4_08 to 2022-06-23T00:00:00+00:00, run_after=2022-06-24T00:00:00+00:00
[2022-06-26 20:03:40,446] {processor.py:161} INFO - Processing /opt/airflow/dags/listing_4_8.py took 0.116 seconds
[2022-06-26 21:23:33,718] {processor.py:153} INFO - Started process (PID=16493) to work on /opt/airflow/dags/listing_4_8.py
[2022-06-26 21:23:33,720] {processor.py:641} INFO - Processing file /opt/airflow/dags/listing_4_8.py for tasks to queue
[2022-06-26 21:23:33,721] {logging_mixin.py:115} INFO - [2022-06-26 21:23:33,721] {dagbag.py:507} INFO - Filling up the DagBag from /opt/airflow/dags/listing_4_8.py
[2022-06-26 21:23:33,741] {processor.py:651} INFO - DAG(s) dict_keys(['listing_4_08']) retrieved from /opt/airflow/dags/listing_4_8.py
[2022-06-26 21:23:33,794] {logging_mixin.py:115} INFO - [2022-06-26 21:23:33,794] {dag.py:2371} INFO - Sync 1 DAGs
[2022-06-26 21:23:33,831] {logging_mixin.py:115} INFO - [2022-06-26 21:23:33,831] {dag.py:2919} INFO - Setting next_dagrun for listing_4_08 to 2022-06-23T00:00:00+00:00, run_after=2022-06-24T00:00:00+00:00
[2022-06-26 21:23:33,852] {processor.py:161} INFO - Processing /opt/airflow/dags/listing_4_8.py took 0.138 seconds
[2022-06-26 22:29:32,992] {processor.py:153} INFO - Started process (PID=16773) to work on /opt/airflow/dags/listing_4_8.py
[2022-06-26 22:29:32,998] {processor.py:641} INFO - Processing file /opt/airflow/dags/listing_4_8.py for tasks to queue
[2022-06-26 22:29:33,000] {logging_mixin.py:115} INFO - [2022-06-26 22:29:32,999] {dagbag.py:507} INFO - Filling up the DagBag from /opt/airflow/dags/listing_4_8.py
[2022-06-26 22:29:33,013] {processor.py:651} INFO - DAG(s) dict_keys(['listing_4_08']) retrieved from /opt/airflow/dags/listing_4_8.py
[2022-06-26 22:29:33,036] {logging_mixin.py:115} INFO - [2022-06-26 22:29:33,036] {dag.py:2371} INFO - Sync 1 DAGs
[2022-06-26 22:29:33,051] {logging_mixin.py:115} INFO - [2022-06-26 22:29:33,051] {dag.py:2919} INFO - Setting next_dagrun for listing_4_08 to 2022-06-23T00:00:00+00:00, run_after=2022-06-24T00:00:00+00:00
[2022-06-26 22:29:33,059] {processor.py:161} INFO - Processing /opt/airflow/dags/listing_4_8.py took 0.069 seconds
[2022-06-26 23:11:58,125] {processor.py:153} INFO - Started process (PID=17078) to work on /opt/airflow/dags/listing_4_8.py
[2022-06-26 23:11:58,131] {processor.py:641} INFO - Processing file /opt/airflow/dags/listing_4_8.py for tasks to queue
[2022-06-26 23:11:58,134] {logging_mixin.py:115} INFO - [2022-06-26 23:11:58,134] {dagbag.py:507} INFO - Filling up the DagBag from /opt/airflow/dags/listing_4_8.py
[2022-06-26 23:11:58,162] {processor.py:651} INFO - DAG(s) dict_keys(['listing_4_08']) retrieved from /opt/airflow/dags/listing_4_8.py
[2022-06-26 23:11:58,198] {logging_mixin.py:115} INFO - [2022-06-26 23:11:58,198] {dag.py:2371} INFO - Sync 1 DAGs
[2022-06-26 23:11:58,226] {logging_mixin.py:115} INFO - [2022-06-26 23:11:58,225] {dag.py:2919} INFO - Setting next_dagrun for listing_4_08 to 2022-06-23T00:00:00+00:00, run_after=2022-06-24T00:00:00+00:00
[2022-06-26 23:11:58,251] {processor.py:161} INFO - Processing /opt/airflow/dags/listing_4_8.py took 0.128 seconds
[2022-06-26 23:12:28,970] {processor.py:153} INFO - Started process (PID=17372) to work on /opt/airflow/dags/listing_4_8.py
[2022-06-26 23:12:28,971] {processor.py:641} INFO - Processing file /opt/airflow/dags/listing_4_8.py for tasks to queue
[2022-06-26 23:12:28,973] {logging_mixin.py:115} INFO - [2022-06-26 23:12:28,973] {dagbag.py:507} INFO - Filling up the DagBag from /opt/airflow/dags/listing_4_8.py
[2022-06-26 23:12:28,984] {processor.py:651} INFO - DAG(s) dict_keys(['listing_4_08']) retrieved from /opt/airflow/dags/listing_4_8.py
[2022-06-26 23:12:29,002] {logging_mixin.py:115} INFO - [2022-06-26 23:12:29,002] {dag.py:2371} INFO - Sync 1 DAGs
[2022-06-26 23:12:29,017] {logging_mixin.py:115} INFO - [2022-06-26 23:12:29,017] {dag.py:2919} INFO - Setting next_dagrun for listing_4_08 to 2022-06-23T00:00:00+00:00, run_after=2022-06-24T00:00:00+00:00
[2022-06-26 23:12:29,026] {processor.py:161} INFO - Processing /opt/airflow/dags/listing_4_8.py took 0.059 seconds
[2022-06-26 23:12:59,771] {processor.py:153} INFO - Started process (PID=17645) to work on /opt/airflow/dags/listing_4_8.py
[2022-06-26 23:12:59,773] {processor.py:641} INFO - Processing file /opt/airflow/dags/listing_4_8.py for tasks to queue
[2022-06-26 23:12:59,774] {logging_mixin.py:115} INFO - [2022-06-26 23:12:59,774] {dagbag.py:507} INFO - Filling up the DagBag from /opt/airflow/dags/listing_4_8.py
[2022-06-26 23:12:59,785] {processor.py:651} INFO - DAG(s) dict_keys(['listing_4_08']) retrieved from /opt/airflow/dags/listing_4_8.py
[2022-06-26 23:12:59,803] {logging_mixin.py:115} INFO - [2022-06-26 23:12:59,803] {dag.py:2371} INFO - Sync 1 DAGs
[2022-06-26 23:12:59,816] {logging_mixin.py:115} INFO - [2022-06-26 23:12:59,816] {dag.py:2919} INFO - Setting next_dagrun for listing_4_08 to 2022-06-23T00:00:00+00:00, run_after=2022-06-24T00:00:00+00:00
[2022-06-26 23:12:59,824] {processor.py:161} INFO - Processing /opt/airflow/dags/listing_4_8.py took 0.056 seconds
[2022-06-26 23:31:50,940] {processor.py:153} INFO - Started process (PID=17916) to work on /opt/airflow/dags/listing_4_8.py
[2022-06-26 23:31:50,942] {processor.py:641} INFO - Processing file /opt/airflow/dags/listing_4_8.py for tasks to queue
[2022-06-26 23:31:50,946] {logging_mixin.py:115} INFO - [2022-06-26 23:31:50,946] {dagbag.py:507} INFO - Filling up the DagBag from /opt/airflow/dags/listing_4_8.py
[2022-06-26 23:31:50,961] {processor.py:651} INFO - DAG(s) dict_keys(['listing_4_08']) retrieved from /opt/airflow/dags/listing_4_8.py
[2022-06-26 23:31:50,988] {logging_mixin.py:115} INFO - [2022-06-26 23:31:50,988] {dag.py:2371} INFO - Sync 1 DAGs
[2022-06-26 23:31:51,013] {logging_mixin.py:115} INFO - [2022-06-26 23:31:51,013] {dag.py:2919} INFO - Setting next_dagrun for listing_4_08 to 2022-06-23T00:00:00+00:00, run_after=2022-06-24T00:00:00+00:00
[2022-06-26 23:31:51,025] {processor.py:161} INFO - Processing /opt/airflow/dags/listing_4_8.py took 0.090 seconds
