[2022-06-26 13:37:34,173] {processor.py:153} INFO - Started process (PID=72) to work on /opt/airflow/dags/listing_4_5.py
[2022-06-26 13:37:34,174] {processor.py:641} INFO - Processing file /opt/airflow/dags/listing_4_5.py for tasks to queue
[2022-06-26 13:37:34,176] {logging_mixin.py:115} INFO - [2022-06-26 13:37:34,176] {dagbag.py:507} INFO - Filling up the DagBag from /opt/airflow/dags/listing_4_5.py
[2022-06-26 13:37:34,192] {processor.py:651} INFO - DAG(s) dict_keys(['listing_4_05']) retrieved from /opt/airflow/dags/listing_4_5.py
[2022-06-26 13:37:34,254] {logging_mixin.py:115} INFO - [2022-06-26 13:37:34,254] {manager.py:508} INFO - Created Permission View: can read on DAG:listing_4_05
[2022-06-26 13:37:34,263] {logging_mixin.py:115} INFO - [2022-06-26 13:37:34,263] {manager.py:508} INFO - Created Permission View: can edit on DAG:listing_4_05
[2022-06-26 13:37:34,270] {logging_mixin.py:115} INFO - [2022-06-26 13:37:34,270] {manager.py:508} INFO - Created Permission View: can delete on DAG:listing_4_05
[2022-06-26 13:37:34,271] {logging_mixin.py:115} INFO - [2022-06-26 13:37:34,271] {dag.py:2371} INFO - Sync 1 DAGs
[2022-06-26 13:37:34,279] {logging_mixin.py:115} INFO - [2022-06-26 13:37:34,278] {dag.py:2390} INFO - Creating ORM DAG for listing_4_05
[2022-06-26 13:37:34,388] {logging_mixin.py:115} INFO - [2022-06-26 13:37:34,388] {dag.py:2919} INFO - Setting next_dagrun for listing_4_05 to 2022-06-25T00:00:00+00:00, run_after=2022-06-25T01:00:00+00:00
[2022-06-26 13:37:34,398] {processor.py:161} INFO - Processing /opt/airflow/dags/listing_4_5.py took 0.228 seconds
[2022-06-26 13:38:04,500] {processor.py:153} INFO - Started process (PID=133) to work on /opt/airflow/dags/listing_4_5.py
[2022-06-26 13:38:04,501] {processor.py:641} INFO - Processing file /opt/airflow/dags/listing_4_5.py for tasks to queue
[2022-06-26 13:38:04,502] {logging_mixin.py:115} INFO - [2022-06-26 13:38:04,502] {dagbag.py:507} INFO - Filling up the DagBag from /opt/airflow/dags/listing_4_5.py
[2022-06-26 13:38:04,515] {processor.py:651} INFO - DAG(s) dict_keys(['listing_4_05']) retrieved from /opt/airflow/dags/listing_4_5.py
[2022-06-26 13:38:04,535] {logging_mixin.py:115} INFO - [2022-06-26 13:38:04,535] {dag.py:2371} INFO - Sync 1 DAGs
[2022-06-26 13:38:04,550] {logging_mixin.py:115} INFO - [2022-06-26 13:38:04,550] {dag.py:2919} INFO - Setting next_dagrun for listing_4_05 to 2022-06-25T00:00:00+00:00, run_after=2022-06-25T01:00:00+00:00
[2022-06-26 13:38:04,559] {processor.py:161} INFO - Processing /opt/airflow/dags/listing_4_5.py took 0.062 seconds
[2022-06-26 13:38:35,132] {processor.py:153} INFO - Started process (PID=191) to work on /opt/airflow/dags/listing_4_5.py
[2022-06-26 13:38:35,134] {processor.py:641} INFO - Processing file /opt/airflow/dags/listing_4_5.py for tasks to queue
[2022-06-26 13:38:35,136] {logging_mixin.py:115} INFO - [2022-06-26 13:38:35,136] {dagbag.py:507} INFO - Filling up the DagBag from /opt/airflow/dags/listing_4_5.py
[2022-06-26 13:38:35,144] {processor.py:651} INFO - DAG(s) dict_keys(['listing_4_05']) retrieved from /opt/airflow/dags/listing_4_5.py
[2022-06-26 13:38:35,164] {logging_mixin.py:115} INFO - [2022-06-26 13:38:35,164] {dag.py:2371} INFO - Sync 1 DAGs
[2022-06-26 13:38:35,178] {logging_mixin.py:115} INFO - [2022-06-26 13:38:35,178] {dag.py:2919} INFO - Setting next_dagrun for listing_4_05 to 2022-06-25T00:00:00+00:00, run_after=2022-06-25T01:00:00+00:00
[2022-06-26 13:38:35,185] {processor.py:161} INFO - Processing /opt/airflow/dags/listing_4_5.py took 0.057 seconds
[2022-06-26 13:39:05,839] {processor.py:153} INFO - Started process (PID=246) to work on /opt/airflow/dags/listing_4_5.py
[2022-06-26 13:39:05,841] {processor.py:641} INFO - Processing file /opt/airflow/dags/listing_4_5.py for tasks to queue
[2022-06-26 13:39:05,842] {logging_mixin.py:115} INFO - [2022-06-26 13:39:05,842] {dagbag.py:507} INFO - Filling up the DagBag from /opt/airflow/dags/listing_4_5.py
[2022-06-26 13:39:05,851] {processor.py:651} INFO - DAG(s) dict_keys(['listing_4_05']) retrieved from /opt/airflow/dags/listing_4_5.py
[2022-06-26 13:39:05,868] {logging_mixin.py:115} INFO - [2022-06-26 13:39:05,868] {dag.py:2371} INFO - Sync 1 DAGs
[2022-06-26 13:39:05,882] {logging_mixin.py:115} INFO - [2022-06-26 13:39:05,882] {dag.py:2919} INFO - Setting next_dagrun for listing_4_05 to 2022-06-25T00:00:00+00:00, run_after=2022-06-25T01:00:00+00:00
[2022-06-26 13:39:05,889] {processor.py:161} INFO - Processing /opt/airflow/dags/listing_4_5.py took 0.055 seconds
[2022-06-26 13:39:35,985] {processor.py:153} INFO - Started process (PID=307) to work on /opt/airflow/dags/listing_4_5.py
[2022-06-26 13:39:35,987] {processor.py:641} INFO - Processing file /opt/airflow/dags/listing_4_5.py for tasks to queue
[2022-06-26 13:39:35,990] {logging_mixin.py:115} INFO - [2022-06-26 13:39:35,990] {dagbag.py:507} INFO - Filling up the DagBag from /opt/airflow/dags/listing_4_5.py
[2022-06-26 13:39:35,998] {processor.py:651} INFO - DAG(s) dict_keys(['listing_4_05']) retrieved from /opt/airflow/dags/listing_4_5.py
[2022-06-26 13:39:36,013] {logging_mixin.py:115} INFO - [2022-06-26 13:39:36,013] {dag.py:2371} INFO - Sync 1 DAGs
[2022-06-26 13:39:36,025] {logging_mixin.py:115} INFO - [2022-06-26 13:39:36,025] {dag.py:2919} INFO - Setting next_dagrun for listing_4_05 to 2022-06-25T00:00:00+00:00, run_after=2022-06-25T01:00:00+00:00
[2022-06-26 13:39:36,032] {processor.py:161} INFO - Processing /opt/airflow/dags/listing_4_5.py took 0.049 seconds
[2022-06-26 13:40:06,283] {processor.py:153} INFO - Started process (PID=367) to work on /opt/airflow/dags/listing_4_5.py
[2022-06-26 13:40:06,285] {processor.py:641} INFO - Processing file /opt/airflow/dags/listing_4_5.py for tasks to queue
[2022-06-26 13:40:06,287] {logging_mixin.py:115} INFO - [2022-06-26 13:40:06,286] {dagbag.py:507} INFO - Filling up the DagBag from /opt/airflow/dags/listing_4_5.py
[2022-06-26 13:40:06,296] {processor.py:651} INFO - DAG(s) dict_keys(['listing_4_05']) retrieved from /opt/airflow/dags/listing_4_5.py
[2022-06-26 13:40:06,313] {logging_mixin.py:115} INFO - [2022-06-26 13:40:06,313] {dag.py:2371} INFO - Sync 1 DAGs
[2022-06-26 13:40:06,339] {logging_mixin.py:115} INFO - [2022-06-26 13:40:06,339] {dag.py:2919} INFO - Setting next_dagrun for listing_4_05 to 2022-06-25T00:00:00+00:00, run_after=2022-06-25T01:00:00+00:00
[2022-06-26 13:40:06,347] {processor.py:161} INFO - Processing /opt/airflow/dags/listing_4_5.py took 0.067 seconds
[2022-06-26 13:40:37,317] {processor.py:153} INFO - Started process (PID=429) to work on /opt/airflow/dags/listing_4_5.py
[2022-06-26 13:40:37,319] {processor.py:641} INFO - Processing file /opt/airflow/dags/listing_4_5.py for tasks to queue
[2022-06-26 13:40:37,324] {logging_mixin.py:115} INFO - [2022-06-26 13:40:37,324] {dagbag.py:507} INFO - Filling up the DagBag from /opt/airflow/dags/listing_4_5.py
[2022-06-26 13:40:37,334] {processor.py:651} INFO - DAG(s) dict_keys(['listing_4_05']) retrieved from /opt/airflow/dags/listing_4_5.py
[2022-06-26 13:40:37,353] {logging_mixin.py:115} INFO - [2022-06-26 13:40:37,352] {dag.py:2371} INFO - Sync 1 DAGs
[2022-06-26 13:40:37,367] {logging_mixin.py:115} INFO - [2022-06-26 13:40:37,367] {dag.py:2919} INFO - Setting next_dagrun for listing_4_05 to 2022-06-25T00:00:00+00:00, run_after=2022-06-25T01:00:00+00:00
[2022-06-26 13:40:37,377] {processor.py:161} INFO - Processing /opt/airflow/dags/listing_4_5.py took 0.062 seconds
[2022-06-26 13:41:08,163] {processor.py:153} INFO - Started process (PID=493) to work on /opt/airflow/dags/listing_4_5.py
[2022-06-26 13:41:08,165] {processor.py:641} INFO - Processing file /opt/airflow/dags/listing_4_5.py for tasks to queue
[2022-06-26 13:41:08,169] {logging_mixin.py:115} INFO - [2022-06-26 13:41:08,169] {dagbag.py:507} INFO - Filling up the DagBag from /opt/airflow/dags/listing_4_5.py
[2022-06-26 13:41:08,179] {processor.py:651} INFO - DAG(s) dict_keys(['listing_4_05']) retrieved from /opt/airflow/dags/listing_4_5.py
[2022-06-26 13:41:08,196] {logging_mixin.py:115} INFO - [2022-06-26 13:41:08,196] {dag.py:2371} INFO - Sync 1 DAGs
[2022-06-26 13:41:08,210] {logging_mixin.py:115} INFO - [2022-06-26 13:41:08,210] {dag.py:2919} INFO - Setting next_dagrun for listing_4_05 to 2022-06-25T00:00:00+00:00, run_after=2022-06-25T01:00:00+00:00
[2022-06-26 13:41:08,218] {processor.py:161} INFO - Processing /opt/airflow/dags/listing_4_5.py took 0.057 seconds
[2022-06-26 13:41:38,872] {processor.py:153} INFO - Started process (PID=558) to work on /opt/airflow/dags/listing_4_5.py
[2022-06-26 13:41:38,874] {processor.py:641} INFO - Processing file /opt/airflow/dags/listing_4_5.py for tasks to queue
[2022-06-26 13:41:38,877] {logging_mixin.py:115} INFO - [2022-06-26 13:41:38,877] {dagbag.py:507} INFO - Filling up the DagBag from /opt/airflow/dags/listing_4_5.py
[2022-06-26 13:41:38,887] {processor.py:651} INFO - DAG(s) dict_keys(['listing_4_05']) retrieved from /opt/airflow/dags/listing_4_5.py
[2022-06-26 13:41:38,908] {logging_mixin.py:115} INFO - [2022-06-26 13:41:38,908] {dag.py:2371} INFO - Sync 1 DAGs
[2022-06-26 13:41:38,922] {logging_mixin.py:115} INFO - [2022-06-26 13:41:38,922] {dag.py:2919} INFO - Setting next_dagrun for listing_4_05 to 2022-06-25T00:00:00+00:00, run_after=2022-06-25T01:00:00+00:00
[2022-06-26 13:41:38,933] {processor.py:161} INFO - Processing /opt/airflow/dags/listing_4_5.py took 0.063 seconds
[2022-06-26 13:42:09,541] {processor.py:153} INFO - Started process (PID=610) to work on /opt/airflow/dags/listing_4_5.py
[2022-06-26 13:42:09,542] {processor.py:641} INFO - Processing file /opt/airflow/dags/listing_4_5.py for tasks to queue
[2022-06-26 13:42:09,546] {logging_mixin.py:115} INFO - [2022-06-26 13:42:09,546] {dagbag.py:507} INFO - Filling up the DagBag from /opt/airflow/dags/listing_4_5.py
[2022-06-26 13:42:09,557] {processor.py:651} INFO - DAG(s) dict_keys(['listing_4_05']) retrieved from /opt/airflow/dags/listing_4_5.py
[2022-06-26 13:42:09,574] {logging_mixin.py:115} INFO - [2022-06-26 13:42:09,574] {dag.py:2371} INFO - Sync 1 DAGs
[2022-06-26 13:42:09,587] {logging_mixin.py:115} INFO - [2022-06-26 13:42:09,587] {dag.py:2919} INFO - Setting next_dagrun for listing_4_05 to 2022-06-25T00:00:00+00:00, run_after=2022-06-25T01:00:00+00:00
[2022-06-26 13:42:09,595] {processor.py:161} INFO - Processing /opt/airflow/dags/listing_4_5.py took 0.056 seconds
[2022-06-26 13:42:40,367] {processor.py:153} INFO - Started process (PID=671) to work on /opt/airflow/dags/listing_4_5.py
[2022-06-26 13:42:40,368] {processor.py:641} INFO - Processing file /opt/airflow/dags/listing_4_5.py for tasks to queue
[2022-06-26 13:42:40,370] {logging_mixin.py:115} INFO - [2022-06-26 13:42:40,369] {dagbag.py:507} INFO - Filling up the DagBag from /opt/airflow/dags/listing_4_5.py
[2022-06-26 13:42:40,379] {processor.py:651} INFO - DAG(s) dict_keys(['listing_4_05']) retrieved from /opt/airflow/dags/listing_4_5.py
[2022-06-26 13:42:40,397] {logging_mixin.py:115} INFO - [2022-06-26 13:42:40,397] {dag.py:2371} INFO - Sync 1 DAGs
[2022-06-26 13:42:40,411] {logging_mixin.py:115} INFO - [2022-06-26 13:42:40,411] {dag.py:2919} INFO - Setting next_dagrun for listing_4_05 to 2022-06-25T00:00:00+00:00, run_after=2022-06-25T01:00:00+00:00
[2022-06-26 13:42:40,419] {processor.py:161} INFO - Processing /opt/airflow/dags/listing_4_5.py took 0.054 seconds
[2022-06-26 13:43:11,147] {processor.py:153} INFO - Started process (PID=732) to work on /opt/airflow/dags/listing_4_5.py
[2022-06-26 13:43:11,151] {processor.py:641} INFO - Processing file /opt/airflow/dags/listing_4_5.py for tasks to queue
[2022-06-26 13:43:11,153] {logging_mixin.py:115} INFO - [2022-06-26 13:43:11,153] {dagbag.py:507} INFO - Filling up the DagBag from /opt/airflow/dags/listing_4_5.py
[2022-06-26 13:43:11,167] {processor.py:651} INFO - DAG(s) dict_keys(['listing_4_05']) retrieved from /opt/airflow/dags/listing_4_5.py
[2022-06-26 13:43:11,188] {logging_mixin.py:115} INFO - [2022-06-26 13:43:11,188] {dag.py:2371} INFO - Sync 1 DAGs
[2022-06-26 13:43:11,204] {logging_mixin.py:115} INFO - [2022-06-26 13:43:11,204] {dag.py:2919} INFO - Setting next_dagrun for listing_4_05 to 2022-06-25T00:00:00+00:00, run_after=2022-06-25T01:00:00+00:00
[2022-06-26 13:43:11,212] {processor.py:161} INFO - Processing /opt/airflow/dags/listing_4_5.py took 0.068 seconds
[2022-06-26 13:43:41,904] {processor.py:153} INFO - Started process (PID=793) to work on /opt/airflow/dags/listing_4_5.py
[2022-06-26 13:43:41,910] {processor.py:641} INFO - Processing file /opt/airflow/dags/listing_4_5.py for tasks to queue
[2022-06-26 13:43:41,914] {logging_mixin.py:115} INFO - [2022-06-26 13:43:41,914] {dagbag.py:507} INFO - Filling up the DagBag from /opt/airflow/dags/listing_4_5.py
[2022-06-26 13:43:41,941] {processor.py:651} INFO - DAG(s) dict_keys(['listing_4_05']) retrieved from /opt/airflow/dags/listing_4_5.py
[2022-06-26 13:43:41,980] {logging_mixin.py:115} INFO - [2022-06-26 13:43:41,980] {dag.py:2371} INFO - Sync 1 DAGs
[2022-06-26 13:43:42,007] {logging_mixin.py:115} INFO - [2022-06-26 13:43:42,007] {dag.py:2919} INFO - Setting next_dagrun for listing_4_05 to 2022-06-25T00:00:00+00:00, run_after=2022-06-25T01:00:00+00:00
[2022-06-26 13:43:42,020] {processor.py:161} INFO - Processing /opt/airflow/dags/listing_4_5.py took 0.128 seconds
[2022-06-26 13:44:12,186] {processor.py:153} INFO - Started process (PID=854) to work on /opt/airflow/dags/listing_4_5.py
[2022-06-26 13:44:12,188] {processor.py:641} INFO - Processing file /opt/airflow/dags/listing_4_5.py for tasks to queue
[2022-06-26 13:44:12,190] {logging_mixin.py:115} INFO - [2022-06-26 13:44:12,190] {dagbag.py:507} INFO - Filling up the DagBag from /opt/airflow/dags/listing_4_5.py
[2022-06-26 13:44:12,202] {processor.py:651} INFO - DAG(s) dict_keys(['listing_4_05']) retrieved from /opt/airflow/dags/listing_4_5.py
[2022-06-26 13:44:12,220] {logging_mixin.py:115} INFO - [2022-06-26 13:44:12,220] {dag.py:2371} INFO - Sync 1 DAGs
[2022-06-26 13:44:12,236] {logging_mixin.py:115} INFO - [2022-06-26 13:44:12,236] {dag.py:2919} INFO - Setting next_dagrun for listing_4_05 to 2022-06-25T00:00:00+00:00, run_after=2022-06-25T01:00:00+00:00
[2022-06-26 13:44:12,245] {processor.py:161} INFO - Processing /opt/airflow/dags/listing_4_5.py took 0.062 seconds
[2022-06-26 13:44:43,197] {processor.py:153} INFO - Started process (PID=914) to work on /opt/airflow/dags/listing_4_5.py
[2022-06-26 13:44:43,199] {processor.py:641} INFO - Processing file /opt/airflow/dags/listing_4_5.py for tasks to queue
[2022-06-26 13:44:43,201] {logging_mixin.py:115} INFO - [2022-06-26 13:44:43,201] {dagbag.py:507} INFO - Filling up the DagBag from /opt/airflow/dags/listing_4_5.py
[2022-06-26 13:44:43,212] {processor.py:651} INFO - DAG(s) dict_keys(['listing_4_05']) retrieved from /opt/airflow/dags/listing_4_5.py
[2022-06-26 13:44:43,234] {logging_mixin.py:115} INFO - [2022-06-26 13:44:43,234] {dag.py:2371} INFO - Sync 1 DAGs
[2022-06-26 13:44:43,249] {logging_mixin.py:115} INFO - [2022-06-26 13:44:43,249] {dag.py:2919} INFO - Setting next_dagrun for listing_4_05 to 2022-06-25T00:00:00+00:00, run_after=2022-06-25T01:00:00+00:00
[2022-06-26 13:44:43,259] {processor.py:161} INFO - Processing /opt/airflow/dags/listing_4_5.py took 0.064 seconds
[2022-06-26 13:45:13,863] {processor.py:153} INFO - Started process (PID=965) to work on /opt/airflow/dags/listing_4_5.py
[2022-06-26 13:45:13,865] {processor.py:641} INFO - Processing file /opt/airflow/dags/listing_4_5.py for tasks to queue
[2022-06-26 13:45:13,866] {logging_mixin.py:115} INFO - [2022-06-26 13:45:13,866] {dagbag.py:507} INFO - Filling up the DagBag from /opt/airflow/dags/listing_4_5.py
[2022-06-26 13:45:13,876] {processor.py:651} INFO - DAG(s) dict_keys(['listing_4_05']) retrieved from /opt/airflow/dags/listing_4_5.py
[2022-06-26 13:45:13,901] {logging_mixin.py:115} INFO - [2022-06-26 13:45:13,901] {dag.py:2371} INFO - Sync 1 DAGs
[2022-06-26 13:45:13,921] {logging_mixin.py:115} INFO - [2022-06-26 13:45:13,921] {dag.py:2919} INFO - Setting next_dagrun for listing_4_05 to 2022-06-25T00:00:00+00:00, run_after=2022-06-25T01:00:00+00:00
[2022-06-26 13:45:13,934] {processor.py:161} INFO - Processing /opt/airflow/dags/listing_4_5.py took 0.074 seconds
[2022-06-26 13:45:44,728] {processor.py:153} INFO - Started process (PID=1025) to work on /opt/airflow/dags/listing_4_5.py
[2022-06-26 13:45:44,733] {processor.py:641} INFO - Processing file /opt/airflow/dags/listing_4_5.py for tasks to queue
[2022-06-26 13:45:44,734] {logging_mixin.py:115} INFO - [2022-06-26 13:45:44,734] {dagbag.py:507} INFO - Filling up the DagBag from /opt/airflow/dags/listing_4_5.py
[2022-06-26 13:45:44,742] {processor.py:651} INFO - DAG(s) dict_keys(['listing_4_05']) retrieved from /opt/airflow/dags/listing_4_5.py
[2022-06-26 13:45:44,761] {logging_mixin.py:115} INFO - [2022-06-26 13:45:44,761] {dag.py:2371} INFO - Sync 1 DAGs
[2022-06-26 13:45:44,775] {logging_mixin.py:115} INFO - [2022-06-26 13:45:44,775] {dag.py:2919} INFO - Setting next_dagrun for listing_4_05 to 2022-06-25T00:00:00+00:00, run_after=2022-06-25T01:00:00+00:00
[2022-06-26 13:45:44,783] {processor.py:161} INFO - Processing /opt/airflow/dags/listing_4_5.py took 0.057 seconds
[2022-06-26 13:46:15,466] {processor.py:153} INFO - Started process (PID=1087) to work on /opt/airflow/dags/listing_4_5.py
[2022-06-26 13:46:15,467] {processor.py:641} INFO - Processing file /opt/airflow/dags/listing_4_5.py for tasks to queue
[2022-06-26 13:46:15,468] {logging_mixin.py:115} INFO - [2022-06-26 13:46:15,468] {dagbag.py:507} INFO - Filling up the DagBag from /opt/airflow/dags/listing_4_5.py
[2022-06-26 13:46:15,480] {processor.py:651} INFO - DAG(s) dict_keys(['listing_4_05']) retrieved from /opt/airflow/dags/listing_4_5.py
[2022-06-26 13:46:15,499] {logging_mixin.py:115} INFO - [2022-06-26 13:46:15,499] {dag.py:2371} INFO - Sync 1 DAGs
[2022-06-26 13:46:15,512] {logging_mixin.py:115} INFO - [2022-06-26 13:46:15,512] {dag.py:2919} INFO - Setting next_dagrun for listing_4_05 to 2022-06-25T00:00:00+00:00, run_after=2022-06-25T01:00:00+00:00
[2022-06-26 13:46:15,519] {processor.py:161} INFO - Processing /opt/airflow/dags/listing_4_5.py took 0.055 seconds
[2022-06-26 13:46:46,303] {processor.py:153} INFO - Started process (PID=1148) to work on /opt/airflow/dags/listing_4_5.py
[2022-06-26 13:46:46,304] {processor.py:641} INFO - Processing file /opt/airflow/dags/listing_4_5.py for tasks to queue
[2022-06-26 13:46:46,304] {logging_mixin.py:115} INFO - [2022-06-26 13:46:46,304] {dagbag.py:507} INFO - Filling up the DagBag from /opt/airflow/dags/listing_4_5.py
[2022-06-26 13:46:46,313] {processor.py:651} INFO - DAG(s) dict_keys(['listing_4_05']) retrieved from /opt/airflow/dags/listing_4_5.py
[2022-06-26 13:46:46,329] {logging_mixin.py:115} INFO - [2022-06-26 13:46:46,329] {dag.py:2371} INFO - Sync 1 DAGs
[2022-06-26 13:46:46,341] {logging_mixin.py:115} INFO - [2022-06-26 13:46:46,341] {dag.py:2919} INFO - Setting next_dagrun for listing_4_05 to 2022-06-25T00:00:00+00:00, run_after=2022-06-25T01:00:00+00:00
[2022-06-26 13:46:46,348] {processor.py:161} INFO - Processing /opt/airflow/dags/listing_4_5.py took 0.047 seconds
[2022-06-26 13:47:17,217] {processor.py:153} INFO - Started process (PID=1209) to work on /opt/airflow/dags/listing_4_5.py
[2022-06-26 13:47:17,219] {processor.py:641} INFO - Processing file /opt/airflow/dags/listing_4_5.py for tasks to queue
[2022-06-26 13:47:17,220] {logging_mixin.py:115} INFO - [2022-06-26 13:47:17,220] {dagbag.py:507} INFO - Filling up the DagBag from /opt/airflow/dags/listing_4_5.py
[2022-06-26 13:47:17,229] {processor.py:651} INFO - DAG(s) dict_keys(['listing_4_05']) retrieved from /opt/airflow/dags/listing_4_5.py
[2022-06-26 13:47:17,245] {logging_mixin.py:115} INFO - [2022-06-26 13:47:17,245] {dag.py:2371} INFO - Sync 1 DAGs
[2022-06-26 13:47:17,258] {logging_mixin.py:115} INFO - [2022-06-26 13:47:17,258] {dag.py:2919} INFO - Setting next_dagrun for listing_4_05 to 2022-06-25T00:00:00+00:00, run_after=2022-06-25T01:00:00+00:00
[2022-06-26 13:47:17,265] {processor.py:161} INFO - Processing /opt/airflow/dags/listing_4_5.py took 0.050 seconds
[2022-06-26 13:47:48,171] {processor.py:153} INFO - Started process (PID=1270) to work on /opt/airflow/dags/listing_4_5.py
[2022-06-26 13:47:48,175] {processor.py:641} INFO - Processing file /opt/airflow/dags/listing_4_5.py for tasks to queue
[2022-06-26 13:47:48,177] {logging_mixin.py:115} INFO - [2022-06-26 13:47:48,177] {dagbag.py:507} INFO - Filling up the DagBag from /opt/airflow/dags/listing_4_5.py
[2022-06-26 13:47:48,194] {processor.py:651} INFO - DAG(s) dict_keys(['listing_4_05']) retrieved from /opt/airflow/dags/listing_4_5.py
[2022-06-26 13:47:48,217] {logging_mixin.py:115} INFO - [2022-06-26 13:47:48,217] {dag.py:2371} INFO - Sync 1 DAGs
[2022-06-26 13:47:48,233] {logging_mixin.py:115} INFO - [2022-06-26 13:47:48,233] {dag.py:2919} INFO - Setting next_dagrun for listing_4_05 to 2022-06-25T00:00:00+00:00, run_after=2022-06-25T01:00:00+00:00
[2022-06-26 13:47:48,242] {processor.py:161} INFO - Processing /opt/airflow/dags/listing_4_5.py took 0.073 seconds
[2022-06-26 13:48:19,053] {processor.py:153} INFO - Started process (PID=1330) to work on /opt/airflow/dags/listing_4_5.py
[2022-06-26 13:48:19,054] {processor.py:641} INFO - Processing file /opt/airflow/dags/listing_4_5.py for tasks to queue
[2022-06-26 13:48:19,055] {logging_mixin.py:115} INFO - [2022-06-26 13:48:19,055] {dagbag.py:507} INFO - Filling up the DagBag from /opt/airflow/dags/listing_4_5.py
[2022-06-26 13:48:19,064] {processor.py:651} INFO - DAG(s) dict_keys(['listing_4_05']) retrieved from /opt/airflow/dags/listing_4_5.py
[2022-06-26 13:48:19,083] {logging_mixin.py:115} INFO - [2022-06-26 13:48:19,083] {dag.py:2371} INFO - Sync 1 DAGs
[2022-06-26 13:48:19,096] {logging_mixin.py:115} INFO - [2022-06-26 13:48:19,096] {dag.py:2919} INFO - Setting next_dagrun for listing_4_05 to 2022-06-25T00:00:00+00:00, run_after=2022-06-25T01:00:00+00:00
[2022-06-26 13:48:19,104] {processor.py:161} INFO - Processing /opt/airflow/dags/listing_4_5.py took 0.053 seconds
[2022-06-26 13:48:49,792] {processor.py:153} INFO - Started process (PID=1391) to work on /opt/airflow/dags/listing_4_5.py
[2022-06-26 13:48:49,794] {processor.py:641} INFO - Processing file /opt/airflow/dags/listing_4_5.py for tasks to queue
[2022-06-26 13:48:49,796] {logging_mixin.py:115} INFO - [2022-06-26 13:48:49,796] {dagbag.py:507} INFO - Filling up the DagBag from /opt/airflow/dags/listing_4_5.py
[2022-06-26 13:48:49,805] {processor.py:651} INFO - DAG(s) dict_keys(['listing_4_05']) retrieved from /opt/airflow/dags/listing_4_5.py
[2022-06-26 13:48:49,823] {logging_mixin.py:115} INFO - [2022-06-26 13:48:49,823] {dag.py:2371} INFO - Sync 1 DAGs
[2022-06-26 13:48:49,837] {logging_mixin.py:115} INFO - [2022-06-26 13:48:49,837] {dag.py:2919} INFO - Setting next_dagrun for listing_4_05 to 2022-06-25T00:00:00+00:00, run_after=2022-06-25T01:00:00+00:00
[2022-06-26 13:48:49,845] {processor.py:161} INFO - Processing /opt/airflow/dags/listing_4_5.py took 0.055 seconds
[2022-06-26 13:49:20,510] {processor.py:153} INFO - Started process (PID=1441) to work on /opt/airflow/dags/listing_4_5.py
[2022-06-26 13:49:20,511] {processor.py:641} INFO - Processing file /opt/airflow/dags/listing_4_5.py for tasks to queue
[2022-06-26 13:49:20,513] {logging_mixin.py:115} INFO - [2022-06-26 13:49:20,513] {dagbag.py:507} INFO - Filling up the DagBag from /opt/airflow/dags/listing_4_5.py
[2022-06-26 13:49:20,521] {processor.py:651} INFO - DAG(s) dict_keys(['listing_4_05']) retrieved from /opt/airflow/dags/listing_4_5.py
[2022-06-26 13:49:20,536] {logging_mixin.py:115} INFO - [2022-06-26 13:49:20,536] {dag.py:2371} INFO - Sync 1 DAGs
[2022-06-26 13:49:20,549] {logging_mixin.py:115} INFO - [2022-06-26 13:49:20,549] {dag.py:2919} INFO - Setting next_dagrun for listing_4_05 to 2022-06-25T00:00:00+00:00, run_after=2022-06-25T01:00:00+00:00
[2022-06-26 13:49:20,555] {processor.py:161} INFO - Processing /opt/airflow/dags/listing_4_5.py took 0.047 seconds
[2022-06-26 13:49:51,187] {processor.py:153} INFO - Started process (PID=1502) to work on /opt/airflow/dags/listing_4_5.py
[2022-06-26 13:49:51,189] {processor.py:641} INFO - Processing file /opt/airflow/dags/listing_4_5.py for tasks to queue
[2022-06-26 13:49:51,190] {logging_mixin.py:115} INFO - [2022-06-26 13:49:51,190] {dagbag.py:507} INFO - Filling up the DagBag from /opt/airflow/dags/listing_4_5.py
[2022-06-26 13:49:51,199] {processor.py:651} INFO - DAG(s) dict_keys(['listing_4_05']) retrieved from /opt/airflow/dags/listing_4_5.py
[2022-06-26 13:49:51,219] {logging_mixin.py:115} INFO - [2022-06-26 13:49:51,218] {dag.py:2371} INFO - Sync 1 DAGs
[2022-06-26 13:49:51,232] {logging_mixin.py:115} INFO - [2022-06-26 13:49:51,232] {dag.py:2919} INFO - Setting next_dagrun for listing_4_05 to 2022-06-25T00:00:00+00:00, run_after=2022-06-25T01:00:00+00:00
[2022-06-26 13:49:51,240] {processor.py:161} INFO - Processing /opt/airflow/dags/listing_4_5.py took 0.055 seconds
[2022-06-26 13:50:22,060] {processor.py:153} INFO - Started process (PID=1564) to work on /opt/airflow/dags/listing_4_5.py
[2022-06-26 13:50:22,062] {processor.py:641} INFO - Processing file /opt/airflow/dags/listing_4_5.py for tasks to queue
[2022-06-26 13:50:22,063] {logging_mixin.py:115} INFO - [2022-06-26 13:50:22,063] {dagbag.py:507} INFO - Filling up the DagBag from /opt/airflow/dags/listing_4_5.py
[2022-06-26 13:50:22,071] {processor.py:651} INFO - DAG(s) dict_keys(['listing_4_05']) retrieved from /opt/airflow/dags/listing_4_5.py
[2022-06-26 13:50:22,089] {logging_mixin.py:115} INFO - [2022-06-26 13:50:22,089] {dag.py:2371} INFO - Sync 1 DAGs
[2022-06-26 13:50:22,102] {logging_mixin.py:115} INFO - [2022-06-26 13:50:22,102] {dag.py:2919} INFO - Setting next_dagrun for listing_4_05 to 2022-06-25T00:00:00+00:00, run_after=2022-06-25T01:00:00+00:00
[2022-06-26 13:50:22,109] {processor.py:161} INFO - Processing /opt/airflow/dags/listing_4_5.py took 0.051 seconds
[2022-06-26 13:50:52,793] {processor.py:153} INFO - Started process (PID=1625) to work on /opt/airflow/dags/listing_4_5.py
[2022-06-26 13:50:52,795] {processor.py:641} INFO - Processing file /opt/airflow/dags/listing_4_5.py for tasks to queue
[2022-06-26 13:50:52,796] {logging_mixin.py:115} INFO - [2022-06-26 13:50:52,796] {dagbag.py:507} INFO - Filling up the DagBag from /opt/airflow/dags/listing_4_5.py
[2022-06-26 13:50:52,805] {processor.py:651} INFO - DAG(s) dict_keys(['listing_4_05']) retrieved from /opt/airflow/dags/listing_4_5.py
[2022-06-26 13:50:52,822] {logging_mixin.py:115} INFO - [2022-06-26 13:50:52,822] {dag.py:2371} INFO - Sync 1 DAGs
[2022-06-26 13:50:52,836] {logging_mixin.py:115} INFO - [2022-06-26 13:50:52,835] {dag.py:2919} INFO - Setting next_dagrun for listing_4_05 to 2022-06-25T00:00:00+00:00, run_after=2022-06-25T01:00:00+00:00
[2022-06-26 13:50:52,843] {processor.py:161} INFO - Processing /opt/airflow/dags/listing_4_5.py took 0.052 seconds
[2022-06-26 13:51:23,533] {processor.py:153} INFO - Started process (PID=1685) to work on /opt/airflow/dags/listing_4_5.py
[2022-06-26 13:51:23,535] {processor.py:641} INFO - Processing file /opt/airflow/dags/listing_4_5.py for tasks to queue
[2022-06-26 13:51:23,536] {logging_mixin.py:115} INFO - [2022-06-26 13:51:23,536] {dagbag.py:507} INFO - Filling up the DagBag from /opt/airflow/dags/listing_4_5.py
[2022-06-26 13:51:23,545] {processor.py:651} INFO - DAG(s) dict_keys(['listing_4_05']) retrieved from /opt/airflow/dags/listing_4_5.py
[2022-06-26 13:51:23,563] {logging_mixin.py:115} INFO - [2022-06-26 13:51:23,563] {dag.py:2371} INFO - Sync 1 DAGs
[2022-06-26 13:51:23,576] {logging_mixin.py:115} INFO - [2022-06-26 13:51:23,576] {dag.py:2919} INFO - Setting next_dagrun for listing_4_05 to 2022-06-25T00:00:00+00:00, run_after=2022-06-25T01:00:00+00:00
[2022-06-26 13:51:23,583] {processor.py:161} INFO - Processing /opt/airflow/dags/listing_4_5.py took 0.052 seconds
[2022-06-26 13:51:54,295] {processor.py:153} INFO - Started process (PID=1745) to work on /opt/airflow/dags/listing_4_5.py
[2022-06-26 13:51:54,297] {processor.py:641} INFO - Processing file /opt/airflow/dags/listing_4_5.py for tasks to queue
[2022-06-26 13:51:54,298] {logging_mixin.py:115} INFO - [2022-06-26 13:51:54,298] {dagbag.py:507} INFO - Filling up the DagBag from /opt/airflow/dags/listing_4_5.py
[2022-06-26 13:51:54,307] {processor.py:651} INFO - DAG(s) dict_keys(['listing_4_05']) retrieved from /opt/airflow/dags/listing_4_5.py
[2022-06-26 13:51:54,326] {logging_mixin.py:115} INFO - [2022-06-26 13:51:54,326] {dag.py:2371} INFO - Sync 1 DAGs
[2022-06-26 13:51:54,340] {logging_mixin.py:115} INFO - [2022-06-26 13:51:54,340] {dag.py:2919} INFO - Setting next_dagrun for listing_4_05 to 2022-06-25T00:00:00+00:00, run_after=2022-06-25T01:00:00+00:00
[2022-06-26 13:51:54,347] {processor.py:161} INFO - Processing /opt/airflow/dags/listing_4_5.py took 0.054 seconds
[2022-06-26 13:52:25,246] {processor.py:153} INFO - Started process (PID=1806) to work on /opt/airflow/dags/listing_4_5.py
[2022-06-26 13:52:25,248] {processor.py:641} INFO - Processing file /opt/airflow/dags/listing_4_5.py for tasks to queue
[2022-06-26 13:52:25,250] {logging_mixin.py:115} INFO - [2022-06-26 13:52:25,250] {dagbag.py:507} INFO - Filling up the DagBag from /opt/airflow/dags/listing_4_5.py
[2022-06-26 13:52:25,259] {processor.py:651} INFO - DAG(s) dict_keys(['listing_4_05']) retrieved from /opt/airflow/dags/listing_4_5.py
[2022-06-26 13:52:25,276] {logging_mixin.py:115} INFO - [2022-06-26 13:52:25,276] {dag.py:2371} INFO - Sync 1 DAGs
[2022-06-26 13:52:25,289] {logging_mixin.py:115} INFO - [2022-06-26 13:52:25,289] {dag.py:2919} INFO - Setting next_dagrun for listing_4_05 to 2022-06-25T00:00:00+00:00, run_after=2022-06-25T01:00:00+00:00
[2022-06-26 13:52:25,296] {processor.py:161} INFO - Processing /opt/airflow/dags/listing_4_5.py took 0.052 seconds
[2022-06-26 13:52:56,143] {processor.py:153} INFO - Started process (PID=1866) to work on /opt/airflow/dags/listing_4_5.py
[2022-06-26 13:52:56,146] {processor.py:641} INFO - Processing file /opt/airflow/dags/listing_4_5.py for tasks to queue
[2022-06-26 13:52:56,147] {logging_mixin.py:115} INFO - [2022-06-26 13:52:56,147] {dagbag.py:507} INFO - Filling up the DagBag from /opt/airflow/dags/listing_4_5.py
[2022-06-26 13:52:56,160] {processor.py:651} INFO - DAG(s) dict_keys(['listing_4_05']) retrieved from /opt/airflow/dags/listing_4_5.py
[2022-06-26 13:52:56,180] {logging_mixin.py:115} INFO - [2022-06-26 13:52:56,180] {dag.py:2371} INFO - Sync 1 DAGs
[2022-06-26 13:52:56,196] {logging_mixin.py:115} INFO - [2022-06-26 13:52:56,196] {dag.py:2919} INFO - Setting next_dagrun for listing_4_05 to 2022-06-25T00:00:00+00:00, run_after=2022-06-25T01:00:00+00:00
[2022-06-26 13:52:56,205] {processor.py:161} INFO - Processing /opt/airflow/dags/listing_4_5.py took 0.064 seconds
[2022-06-26 13:53:27,030] {processor.py:153} INFO - Started process (PID=1917) to work on /opt/airflow/dags/listing_4_5.py
[2022-06-26 13:53:27,032] {processor.py:641} INFO - Processing file /opt/airflow/dags/listing_4_5.py for tasks to queue
[2022-06-26 13:53:27,033] {logging_mixin.py:115} INFO - [2022-06-26 13:53:27,033] {dagbag.py:507} INFO - Filling up the DagBag from /opt/airflow/dags/listing_4_5.py
[2022-06-26 13:53:27,043] {processor.py:651} INFO - DAG(s) dict_keys(['listing_4_05']) retrieved from /opt/airflow/dags/listing_4_5.py
[2022-06-26 13:53:27,065] {logging_mixin.py:115} INFO - [2022-06-26 13:53:27,065] {dag.py:2371} INFO - Sync 1 DAGs
[2022-06-26 13:53:27,080] {logging_mixin.py:115} INFO - [2022-06-26 13:53:27,079] {dag.py:2919} INFO - Setting next_dagrun for listing_4_05 to 2022-06-25T00:00:00+00:00, run_after=2022-06-25T01:00:00+00:00
[2022-06-26 13:53:27,087] {processor.py:161} INFO - Processing /opt/airflow/dags/listing_4_5.py took 0.059 seconds
[2022-06-26 13:53:58,144] {processor.py:153} INFO - Started process (PID=1978) to work on /opt/airflow/dags/listing_4_5.py
[2022-06-26 13:53:58,149] {processor.py:641} INFO - Processing file /opt/airflow/dags/listing_4_5.py for tasks to queue
[2022-06-26 13:53:58,154] {logging_mixin.py:115} INFO - [2022-06-26 13:53:58,153] {dagbag.py:507} INFO - Filling up the DagBag from /opt/airflow/dags/listing_4_5.py
[2022-06-26 13:53:58,175] {processor.py:651} INFO - DAG(s) dict_keys(['listing_4_05']) retrieved from /opt/airflow/dags/listing_4_5.py
[2022-06-26 13:53:58,198] {logging_mixin.py:115} INFO - [2022-06-26 13:53:58,198] {dag.py:2371} INFO - Sync 1 DAGs
[2022-06-26 13:53:58,213] {logging_mixin.py:115} INFO - [2022-06-26 13:53:58,213] {dag.py:2919} INFO - Setting next_dagrun for listing_4_05 to 2022-06-25T00:00:00+00:00, run_after=2022-06-25T01:00:00+00:00
[2022-06-26 13:53:58,223] {processor.py:161} INFO - Processing /opt/airflow/dags/listing_4_5.py took 0.082 seconds
[2022-06-26 13:54:28,993] {processor.py:153} INFO - Started process (PID=2038) to work on /opt/airflow/dags/listing_4_5.py
[2022-06-26 13:54:28,995] {processor.py:641} INFO - Processing file /opt/airflow/dags/listing_4_5.py for tasks to queue
[2022-06-26 13:54:28,996] {logging_mixin.py:115} INFO - [2022-06-26 13:54:28,996] {dagbag.py:507} INFO - Filling up the DagBag from /opt/airflow/dags/listing_4_5.py
[2022-06-26 13:54:29,006] {processor.py:651} INFO - DAG(s) dict_keys(['listing_4_05']) retrieved from /opt/airflow/dags/listing_4_5.py
[2022-06-26 13:54:29,026] {logging_mixin.py:115} INFO - [2022-06-26 13:54:29,026] {dag.py:2371} INFO - Sync 1 DAGs
[2022-06-26 13:54:29,041] {logging_mixin.py:115} INFO - [2022-06-26 13:54:29,041] {dag.py:2919} INFO - Setting next_dagrun for listing_4_05 to 2022-06-25T00:00:00+00:00, run_after=2022-06-25T01:00:00+00:00
[2022-06-26 13:54:29,049] {processor.py:161} INFO - Processing /opt/airflow/dags/listing_4_5.py took 0.058 seconds
[2022-06-26 13:54:59,783] {processor.py:153} INFO - Started process (PID=2099) to work on /opt/airflow/dags/listing_4_5.py
[2022-06-26 13:54:59,785] {processor.py:641} INFO - Processing file /opt/airflow/dags/listing_4_5.py for tasks to queue
[2022-06-26 13:54:59,788] {logging_mixin.py:115} INFO - [2022-06-26 13:54:59,788] {dagbag.py:507} INFO - Filling up the DagBag from /opt/airflow/dags/listing_4_5.py
[2022-06-26 13:54:59,807] {processor.py:651} INFO - DAG(s) dict_keys(['listing_4_05']) retrieved from /opt/airflow/dags/listing_4_5.py
[2022-06-26 13:54:59,833] {logging_mixin.py:115} INFO - [2022-06-26 13:54:59,832] {dag.py:2371} INFO - Sync 1 DAGs
[2022-06-26 13:54:59,857] {logging_mixin.py:115} INFO - [2022-06-26 13:54:59,857] {dag.py:2919} INFO - Setting next_dagrun for listing_4_05 to 2022-06-25T00:00:00+00:00, run_after=2022-06-25T01:00:00+00:00
[2022-06-26 13:54:59,868] {processor.py:161} INFO - Processing /opt/airflow/dags/listing_4_5.py took 0.089 seconds
[2022-06-26 13:55:30,931] {processor.py:153} INFO - Started process (PID=2159) to work on /opt/airflow/dags/listing_4_5.py
[2022-06-26 13:55:30,932] {processor.py:641} INFO - Processing file /opt/airflow/dags/listing_4_5.py for tasks to queue
[2022-06-26 13:55:30,934] {logging_mixin.py:115} INFO - [2022-06-26 13:55:30,934] {dagbag.py:507} INFO - Filling up the DagBag from /opt/airflow/dags/listing_4_5.py
[2022-06-26 13:55:30,944] {processor.py:651} INFO - DAG(s) dict_keys(['listing_4_05']) retrieved from /opt/airflow/dags/listing_4_5.py
[2022-06-26 13:55:30,962] {logging_mixin.py:115} INFO - [2022-06-26 13:55:30,962] {dag.py:2371} INFO - Sync 1 DAGs
[2022-06-26 13:55:30,977] {logging_mixin.py:115} INFO - [2022-06-26 13:55:30,977] {dag.py:2919} INFO - Setting next_dagrun for listing_4_05 to 2022-06-25T00:00:00+00:00, run_after=2022-06-25T01:00:00+00:00
[2022-06-26 13:55:30,985] {processor.py:161} INFO - Processing /opt/airflow/dags/listing_4_5.py took 0.056 seconds
[2022-06-26 13:56:01,942] {processor.py:153} INFO - Started process (PID=2220) to work on /opt/airflow/dags/listing_4_5.py
[2022-06-26 13:56:01,944] {processor.py:641} INFO - Processing file /opt/airflow/dags/listing_4_5.py for tasks to queue
[2022-06-26 13:56:01,945] {logging_mixin.py:115} INFO - [2022-06-26 13:56:01,945] {dagbag.py:507} INFO - Filling up the DagBag from /opt/airflow/dags/listing_4_5.py
[2022-06-26 13:56:01,954] {processor.py:651} INFO - DAG(s) dict_keys(['listing_4_05']) retrieved from /opt/airflow/dags/listing_4_5.py
[2022-06-26 13:56:01,974] {logging_mixin.py:115} INFO - [2022-06-26 13:56:01,974] {dag.py:2371} INFO - Sync 1 DAGs
[2022-06-26 13:56:01,987] {logging_mixin.py:115} INFO - [2022-06-26 13:56:01,987] {dag.py:2919} INFO - Setting next_dagrun for listing_4_05 to 2022-06-25T00:00:00+00:00, run_after=2022-06-25T01:00:00+00:00
[2022-06-26 13:56:01,994] {processor.py:161} INFO - Processing /opt/airflow/dags/listing_4_5.py took 0.054 seconds
[2022-06-26 13:56:32,776] {processor.py:153} INFO - Started process (PID=2282) to work on /opt/airflow/dags/listing_4_5.py
[2022-06-26 13:56:32,782] {processor.py:641} INFO - Processing file /opt/airflow/dags/listing_4_5.py for tasks to queue
[2022-06-26 13:56:32,785] {logging_mixin.py:115} INFO - [2022-06-26 13:56:32,785] {dagbag.py:507} INFO - Filling up the DagBag from /opt/airflow/dags/listing_4_5.py
[2022-06-26 13:56:32,808] {processor.py:651} INFO - DAG(s) dict_keys(['listing_4_05']) retrieved from /opt/airflow/dags/listing_4_5.py
[2022-06-26 13:56:32,847] {logging_mixin.py:115} INFO - [2022-06-26 13:56:32,846] {dag.py:2371} INFO - Sync 1 DAGs
[2022-06-26 13:56:32,880] {logging_mixin.py:115} INFO - [2022-06-26 13:56:32,880] {dag.py:2919} INFO - Setting next_dagrun for listing_4_05 to 2022-06-25T00:00:00+00:00, run_after=2022-06-25T01:00:00+00:00
[2022-06-26 13:56:32,899] {processor.py:161} INFO - Processing /opt/airflow/dags/listing_4_5.py took 0.129 seconds
[2022-06-26 13:57:03,041] {processor.py:153} INFO - Started process (PID=2340) to work on /opt/airflow/dags/listing_4_5.py
[2022-06-26 13:57:03,044] {processor.py:641} INFO - Processing file /opt/airflow/dags/listing_4_5.py for tasks to queue
[2022-06-26 13:57:03,049] {logging_mixin.py:115} INFO - [2022-06-26 13:57:03,049] {dagbag.py:507} INFO - Filling up the DagBag from /opt/airflow/dags/listing_4_5.py
[2022-06-26 13:57:03,066] {processor.py:651} INFO - DAG(s) dict_keys(['listing_4_05']) retrieved from /opt/airflow/dags/listing_4_5.py
[2022-06-26 13:57:03,089] {logging_mixin.py:115} INFO - [2022-06-26 13:57:03,089] {dag.py:2371} INFO - Sync 1 DAGs
[2022-06-26 13:57:03,108] {logging_mixin.py:115} INFO - [2022-06-26 13:57:03,108] {dag.py:2919} INFO - Setting next_dagrun for listing_4_05 to 2022-06-25T00:00:00+00:00, run_after=2022-06-25T01:00:00+00:00
[2022-06-26 13:57:03,118] {processor.py:161} INFO - Processing /opt/airflow/dags/listing_4_5.py took 0.080 seconds
[2022-06-26 13:57:33,160] {processor.py:153} INFO - Started process (PID=2394) to work on /opt/airflow/dags/listing_4_5.py
[2022-06-26 13:57:33,161] {processor.py:641} INFO - Processing file /opt/airflow/dags/listing_4_5.py for tasks to queue
[2022-06-26 13:57:33,162] {logging_mixin.py:115} INFO - [2022-06-26 13:57:33,162] {dagbag.py:507} INFO - Filling up the DagBag from /opt/airflow/dags/listing_4_5.py
[2022-06-26 13:57:33,171] {processor.py:651} INFO - DAG(s) dict_keys(['listing_4_05']) retrieved from /opt/airflow/dags/listing_4_5.py
[2022-06-26 13:57:33,187] {logging_mixin.py:115} INFO - [2022-06-26 13:57:33,187] {dag.py:2371} INFO - Sync 1 DAGs
[2022-06-26 13:57:33,200] {logging_mixin.py:115} INFO - [2022-06-26 13:57:33,200] {dag.py:2919} INFO - Setting next_dagrun for listing_4_05 to 2022-06-25T00:00:00+00:00, run_after=2022-06-25T01:00:00+00:00
[2022-06-26 13:57:33,206] {processor.py:161} INFO - Processing /opt/airflow/dags/listing_4_5.py took 0.048 seconds
[2022-06-26 13:58:03,992] {processor.py:153} INFO - Started process (PID=2455) to work on /opt/airflow/dags/listing_4_5.py
[2022-06-26 13:58:03,994] {processor.py:641} INFO - Processing file /opt/airflow/dags/listing_4_5.py for tasks to queue
[2022-06-26 13:58:03,995] {logging_mixin.py:115} INFO - [2022-06-26 13:58:03,995] {dagbag.py:507} INFO - Filling up the DagBag from /opt/airflow/dags/listing_4_5.py
[2022-06-26 13:58:04,004] {processor.py:651} INFO - DAG(s) dict_keys(['listing_4_05']) retrieved from /opt/airflow/dags/listing_4_5.py
[2022-06-26 13:58:04,019] {logging_mixin.py:115} INFO - [2022-06-26 13:58:04,019] {dag.py:2371} INFO - Sync 1 DAGs
[2022-06-26 13:58:04,032] {logging_mixin.py:115} INFO - [2022-06-26 13:58:04,032] {dag.py:2919} INFO - Setting next_dagrun for listing_4_05 to 2022-06-25T00:00:00+00:00, run_after=2022-06-25T01:00:00+00:00
[2022-06-26 13:58:04,038] {processor.py:161} INFO - Processing /opt/airflow/dags/listing_4_5.py took 0.048 seconds
[2022-06-26 13:58:35,193] {processor.py:153} INFO - Started process (PID=2516) to work on /opt/airflow/dags/listing_4_5.py
[2022-06-26 13:58:35,195] {processor.py:641} INFO - Processing file /opt/airflow/dags/listing_4_5.py for tasks to queue
[2022-06-26 13:58:35,196] {logging_mixin.py:115} INFO - [2022-06-26 13:58:35,196] {dagbag.py:507} INFO - Filling up the DagBag from /opt/airflow/dags/listing_4_5.py
[2022-06-26 13:58:35,222] {processor.py:651} INFO - DAG(s) dict_keys(['listing_4_05']) retrieved from /opt/airflow/dags/listing_4_5.py
[2022-06-26 13:58:35,247] {logging_mixin.py:115} INFO - [2022-06-26 13:58:35,247] {dag.py:2371} INFO - Sync 1 DAGs
[2022-06-26 13:58:35,263] {logging_mixin.py:115} INFO - [2022-06-26 13:58:35,263] {dag.py:2919} INFO - Setting next_dagrun for listing_4_05 to 2022-06-25T00:00:00+00:00, run_after=2022-06-25T01:00:00+00:00
[2022-06-26 13:58:35,272] {processor.py:161} INFO - Processing /opt/airflow/dags/listing_4_5.py took 0.082 seconds
[2022-06-26 13:59:05,965] {processor.py:153} INFO - Started process (PID=2576) to work on /opt/airflow/dags/listing_4_5.py
[2022-06-26 13:59:05,966] {processor.py:641} INFO - Processing file /opt/airflow/dags/listing_4_5.py for tasks to queue
[2022-06-26 13:59:05,967] {logging_mixin.py:115} INFO - [2022-06-26 13:59:05,967] {dagbag.py:507} INFO - Filling up the DagBag from /opt/airflow/dags/listing_4_5.py
[2022-06-26 13:59:05,977] {processor.py:651} INFO - DAG(s) dict_keys(['listing_4_05']) retrieved from /opt/airflow/dags/listing_4_5.py
[2022-06-26 13:59:05,998] {logging_mixin.py:115} INFO - [2022-06-26 13:59:05,998] {dag.py:2371} INFO - Sync 1 DAGs
[2022-06-26 13:59:06,015] {logging_mixin.py:115} INFO - [2022-06-26 13:59:06,015] {dag.py:2919} INFO - Setting next_dagrun for listing_4_05 to 2022-06-25T00:00:00+00:00, run_after=2022-06-25T01:00:00+00:00
[2022-06-26 13:59:06,022] {processor.py:161} INFO - Processing /opt/airflow/dags/listing_4_5.py took 0.060 seconds
[2022-06-26 13:59:36,645] {processor.py:153} INFO - Started process (PID=2637) to work on /opt/airflow/dags/listing_4_5.py
[2022-06-26 13:59:36,647] {processor.py:641} INFO - Processing file /opt/airflow/dags/listing_4_5.py for tasks to queue
[2022-06-26 13:59:36,649] {logging_mixin.py:115} INFO - [2022-06-26 13:59:36,649] {dagbag.py:507} INFO - Filling up the DagBag from /opt/airflow/dags/listing_4_5.py
[2022-06-26 13:59:36,662] {processor.py:651} INFO - DAG(s) dict_keys(['listing_4_05']) retrieved from /opt/airflow/dags/listing_4_5.py
[2022-06-26 13:59:36,687] {logging_mixin.py:115} INFO - [2022-06-26 13:59:36,687] {dag.py:2371} INFO - Sync 1 DAGs
[2022-06-26 13:59:36,703] {logging_mixin.py:115} INFO - [2022-06-26 13:59:36,703] {dag.py:2919} INFO - Setting next_dagrun for listing_4_05 to 2022-06-25T00:00:00+00:00, run_after=2022-06-25T01:00:00+00:00
[2022-06-26 13:59:36,723] {processor.py:161} INFO - Processing /opt/airflow/dags/listing_4_5.py took 0.080 seconds
[2022-06-26 14:00:07,340] {processor.py:153} INFO - Started process (PID=2700) to work on /opt/airflow/dags/listing_4_5.py
[2022-06-26 14:00:07,342] {processor.py:641} INFO - Processing file /opt/airflow/dags/listing_4_5.py for tasks to queue
[2022-06-26 14:00:07,345] {logging_mixin.py:115} INFO - [2022-06-26 14:00:07,345] {dagbag.py:507} INFO - Filling up the DagBag from /opt/airflow/dags/listing_4_5.py
[2022-06-26 14:00:07,358] {processor.py:651} INFO - DAG(s) dict_keys(['listing_4_05']) retrieved from /opt/airflow/dags/listing_4_5.py
[2022-06-26 14:00:07,378] {logging_mixin.py:115} INFO - [2022-06-26 14:00:07,378] {dag.py:2371} INFO - Sync 1 DAGs
[2022-06-26 14:00:07,400] {logging_mixin.py:115} INFO - [2022-06-26 14:00:07,400] {dag.py:2919} INFO - Setting next_dagrun for listing_4_05 to 2022-06-25T00:00:00+00:00, run_after=2022-06-25T01:00:00+00:00
[2022-06-26 14:00:07,414] {processor.py:161} INFO - Processing /opt/airflow/dags/listing_4_5.py took 0.076 seconds
[2022-06-26 14:00:38,045] {processor.py:153} INFO - Started process (PID=2751) to work on /opt/airflow/dags/listing_4_5.py
[2022-06-26 14:00:38,047] {processor.py:641} INFO - Processing file /opt/airflow/dags/listing_4_5.py for tasks to queue
[2022-06-26 14:00:38,048] {logging_mixin.py:115} INFO - [2022-06-26 14:00:38,048] {dagbag.py:507} INFO - Filling up the DagBag from /opt/airflow/dags/listing_4_5.py
[2022-06-26 14:00:38,059] {processor.py:651} INFO - DAG(s) dict_keys(['listing_4_05']) retrieved from /opt/airflow/dags/listing_4_5.py
[2022-06-26 14:00:38,080] {logging_mixin.py:115} INFO - [2022-06-26 14:00:38,079] {dag.py:2371} INFO - Sync 1 DAGs
[2022-06-26 14:00:38,096] {logging_mixin.py:115} INFO - [2022-06-26 14:00:38,096] {dag.py:2919} INFO - Setting next_dagrun for listing_4_05 to 2022-06-25T00:00:00+00:00, run_after=2022-06-25T01:00:00+00:00
[2022-06-26 14:00:38,105] {processor.py:161} INFO - Processing /opt/airflow/dags/listing_4_5.py took 0.062 seconds
[2022-06-26 14:01:08,772] {processor.py:153} INFO - Started process (PID=2812) to work on /opt/airflow/dags/listing_4_5.py
[2022-06-26 14:01:08,773] {processor.py:641} INFO - Processing file /opt/airflow/dags/listing_4_5.py for tasks to queue
[2022-06-26 14:01:08,774] {logging_mixin.py:115} INFO - [2022-06-26 14:01:08,774] {dagbag.py:507} INFO - Filling up the DagBag from /opt/airflow/dags/listing_4_5.py
[2022-06-26 14:01:08,782] {processor.py:651} INFO - DAG(s) dict_keys(['listing_4_05']) retrieved from /opt/airflow/dags/listing_4_5.py
[2022-06-26 14:01:08,800] {logging_mixin.py:115} INFO - [2022-06-26 14:01:08,800] {dag.py:2371} INFO - Sync 1 DAGs
[2022-06-26 14:01:08,815] {logging_mixin.py:115} INFO - [2022-06-26 14:01:08,815] {dag.py:2919} INFO - Setting next_dagrun for listing_4_05 to 2022-06-25T00:00:00+00:00, run_after=2022-06-25T01:00:00+00:00
[2022-06-26 14:01:08,824] {processor.py:161} INFO - Processing /opt/airflow/dags/listing_4_5.py took 0.054 seconds
[2022-06-26 14:01:39,511] {processor.py:153} INFO - Started process (PID=2873) to work on /opt/airflow/dags/listing_4_5.py
[2022-06-26 14:01:39,513] {processor.py:641} INFO - Processing file /opt/airflow/dags/listing_4_5.py for tasks to queue
[2022-06-26 14:01:39,516] {logging_mixin.py:115} INFO - [2022-06-26 14:01:39,516] {dagbag.py:507} INFO - Filling up the DagBag from /opt/airflow/dags/listing_4_5.py
[2022-06-26 14:01:39,529] {processor.py:651} INFO - DAG(s) dict_keys(['listing_4_05']) retrieved from /opt/airflow/dags/listing_4_5.py
[2022-06-26 14:01:39,562] {logging_mixin.py:115} INFO - [2022-06-26 14:01:39,562] {dag.py:2371} INFO - Sync 1 DAGs
[2022-06-26 14:01:39,577] {logging_mixin.py:115} INFO - [2022-06-26 14:01:39,577] {dag.py:2919} INFO - Setting next_dagrun for listing_4_05 to 2022-06-25T00:00:00+00:00, run_after=2022-06-25T01:00:00+00:00
[2022-06-26 14:01:39,586] {processor.py:161} INFO - Processing /opt/airflow/dags/listing_4_5.py took 0.078 seconds
[2022-06-26 14:02:10,655] {processor.py:153} INFO - Started process (PID=2934) to work on /opt/airflow/dags/listing_4_5.py
[2022-06-26 14:02:10,658] {processor.py:641} INFO - Processing file /opt/airflow/dags/listing_4_5.py for tasks to queue
[2022-06-26 14:02:10,660] {logging_mixin.py:115} INFO - [2022-06-26 14:02:10,660] {dagbag.py:507} INFO - Filling up the DagBag from /opt/airflow/dags/listing_4_5.py
[2022-06-26 14:02:10,673] {processor.py:651} INFO - DAG(s) dict_keys(['listing_4_05']) retrieved from /opt/airflow/dags/listing_4_5.py
[2022-06-26 14:02:10,695] {logging_mixin.py:115} INFO - [2022-06-26 14:02:10,695] {dag.py:2371} INFO - Sync 1 DAGs
[2022-06-26 14:02:10,715] {logging_mixin.py:115} INFO - [2022-06-26 14:02:10,715] {dag.py:2919} INFO - Setting next_dagrun for listing_4_05 to 2022-06-25T00:00:00+00:00, run_after=2022-06-25T01:00:00+00:00
[2022-06-26 14:02:10,726] {processor.py:161} INFO - Processing /opt/airflow/dags/listing_4_5.py took 0.074 seconds
[2022-06-26 14:02:41,573] {processor.py:153} INFO - Started process (PID=2995) to work on /opt/airflow/dags/listing_4_5.py
[2022-06-26 14:02:41,574] {processor.py:641} INFO - Processing file /opt/airflow/dags/listing_4_5.py for tasks to queue
[2022-06-26 14:02:41,576] {logging_mixin.py:115} INFO - [2022-06-26 14:02:41,576] {dagbag.py:507} INFO - Filling up the DagBag from /opt/airflow/dags/listing_4_5.py
[2022-06-26 14:02:41,586] {processor.py:651} INFO - DAG(s) dict_keys(['listing_4_05']) retrieved from /opt/airflow/dags/listing_4_5.py
[2022-06-26 14:02:41,606] {logging_mixin.py:115} INFO - [2022-06-26 14:02:41,606] {dag.py:2371} INFO - Sync 1 DAGs
[2022-06-26 14:02:41,622] {logging_mixin.py:115} INFO - [2022-06-26 14:02:41,622] {dag.py:2919} INFO - Setting next_dagrun for listing_4_05 to 2022-06-25T00:00:00+00:00, run_after=2022-06-25T01:00:00+00:00
[2022-06-26 14:02:41,630] {processor.py:161} INFO - Processing /opt/airflow/dags/listing_4_5.py took 0.060 seconds
[2022-06-26 14:03:12,523] {processor.py:153} INFO - Started process (PID=3056) to work on /opt/airflow/dags/listing_4_5.py
[2022-06-26 14:03:12,525] {processor.py:641} INFO - Processing file /opt/airflow/dags/listing_4_5.py for tasks to queue
[2022-06-26 14:03:12,527] {logging_mixin.py:115} INFO - [2022-06-26 14:03:12,527] {dagbag.py:507} INFO - Filling up the DagBag from /opt/airflow/dags/listing_4_5.py
[2022-06-26 14:03:12,537] {processor.py:651} INFO - DAG(s) dict_keys(['listing_4_05']) retrieved from /opt/airflow/dags/listing_4_5.py
[2022-06-26 14:03:12,564] {logging_mixin.py:115} INFO - [2022-06-26 14:03:12,564] {dag.py:2371} INFO - Sync 1 DAGs
[2022-06-26 14:03:12,578] {logging_mixin.py:115} INFO - [2022-06-26 14:03:12,578] {dag.py:2919} INFO - Setting next_dagrun for listing_4_05 to 2022-06-25T00:00:00+00:00, run_after=2022-06-25T01:00:00+00:00
[2022-06-26 14:03:12,585] {processor.py:161} INFO - Processing /opt/airflow/dags/listing_4_5.py took 0.064 seconds
[2022-06-26 14:03:43,368] {processor.py:153} INFO - Started process (PID=3117) to work on /opt/airflow/dags/listing_4_5.py
[2022-06-26 14:03:43,370] {processor.py:641} INFO - Processing file /opt/airflow/dags/listing_4_5.py for tasks to queue
[2022-06-26 14:03:43,371] {logging_mixin.py:115} INFO - [2022-06-26 14:03:43,371] {dagbag.py:507} INFO - Filling up the DagBag from /opt/airflow/dags/listing_4_5.py
[2022-06-26 14:03:43,381] {processor.py:651} INFO - DAG(s) dict_keys(['listing_4_05']) retrieved from /opt/airflow/dags/listing_4_5.py
[2022-06-26 14:03:43,401] {logging_mixin.py:115} INFO - [2022-06-26 14:03:43,401] {dag.py:2371} INFO - Sync 1 DAGs
[2022-06-26 14:03:43,414] {logging_mixin.py:115} INFO - [2022-06-26 14:03:43,414] {dag.py:2919} INFO - Setting next_dagrun for listing_4_05 to 2022-06-25T00:00:00+00:00, run_after=2022-06-25T01:00:00+00:00
[2022-06-26 14:03:43,422] {processor.py:161} INFO - Processing /opt/airflow/dags/listing_4_5.py took 0.056 seconds
[2022-06-26 14:04:14,378] {processor.py:153} INFO - Started process (PID=3168) to work on /opt/airflow/dags/listing_4_5.py
[2022-06-26 14:04:14,380] {processor.py:641} INFO - Processing file /opt/airflow/dags/listing_4_5.py for tasks to queue
[2022-06-26 14:04:14,382] {logging_mixin.py:115} INFO - [2022-06-26 14:04:14,382] {dagbag.py:507} INFO - Filling up the DagBag from /opt/airflow/dags/listing_4_5.py
[2022-06-26 14:04:14,392] {processor.py:651} INFO - DAG(s) dict_keys(['listing_4_05']) retrieved from /opt/airflow/dags/listing_4_5.py
[2022-06-26 14:04:14,414] {logging_mixin.py:115} INFO - [2022-06-26 14:04:14,414] {dag.py:2371} INFO - Sync 1 DAGs
[2022-06-26 14:04:14,431] {logging_mixin.py:115} INFO - [2022-06-26 14:04:14,431] {dag.py:2919} INFO - Setting next_dagrun for listing_4_05 to 2022-06-25T00:00:00+00:00, run_after=2022-06-25T01:00:00+00:00
[2022-06-26 14:04:14,440] {processor.py:161} INFO - Processing /opt/airflow/dags/listing_4_5.py took 0.065 seconds
[2022-06-26 14:04:45,171] {processor.py:153} INFO - Started process (PID=3230) to work on /opt/airflow/dags/listing_4_5.py
[2022-06-26 14:04:45,173] {processor.py:641} INFO - Processing file /opt/airflow/dags/listing_4_5.py for tasks to queue
[2022-06-26 14:04:45,174] {logging_mixin.py:115} INFO - [2022-06-26 14:04:45,174] {dagbag.py:507} INFO - Filling up the DagBag from /opt/airflow/dags/listing_4_5.py
[2022-06-26 14:04:45,183] {processor.py:651} INFO - DAG(s) dict_keys(['listing_4_05']) retrieved from /opt/airflow/dags/listing_4_5.py
[2022-06-26 14:04:45,201] {logging_mixin.py:115} INFO - [2022-06-26 14:04:45,201] {dag.py:2371} INFO - Sync 1 DAGs
[2022-06-26 14:04:45,220] {logging_mixin.py:115} INFO - [2022-06-26 14:04:45,220] {dag.py:2919} INFO - Setting next_dagrun for listing_4_05 to 2022-06-25T00:00:00+00:00, run_after=2022-06-25T01:00:00+00:00
[2022-06-26 14:04:45,228] {processor.py:161} INFO - Processing /opt/airflow/dags/listing_4_5.py took 0.059 seconds
[2022-06-26 14:05:16,069] {processor.py:153} INFO - Started process (PID=3291) to work on /opt/airflow/dags/listing_4_5.py
[2022-06-26 14:05:16,070] {processor.py:641} INFO - Processing file /opt/airflow/dags/listing_4_5.py for tasks to queue
[2022-06-26 14:05:16,072] {logging_mixin.py:115} INFO - [2022-06-26 14:05:16,072] {dagbag.py:507} INFO - Filling up the DagBag from /opt/airflow/dags/listing_4_5.py
[2022-06-26 14:05:16,082] {processor.py:651} INFO - DAG(s) dict_keys(['listing_4_05']) retrieved from /opt/airflow/dags/listing_4_5.py
[2022-06-26 14:05:16,101] {logging_mixin.py:115} INFO - [2022-06-26 14:05:16,101] {dag.py:2371} INFO - Sync 1 DAGs
[2022-06-26 14:05:16,117] {logging_mixin.py:115} INFO - [2022-06-26 14:05:16,117] {dag.py:2919} INFO - Setting next_dagrun for listing_4_05 to 2022-06-25T00:00:00+00:00, run_after=2022-06-25T01:00:00+00:00
[2022-06-26 14:05:16,127] {processor.py:161} INFO - Processing /opt/airflow/dags/listing_4_5.py took 0.061 seconds
[2022-06-26 14:05:46,477] {processor.py:153} INFO - Started process (PID=3352) to work on /opt/airflow/dags/listing_4_5.py
[2022-06-26 14:05:46,479] {processor.py:641} INFO - Processing file /opt/airflow/dags/listing_4_5.py for tasks to queue
[2022-06-26 14:05:46,480] {logging_mixin.py:115} INFO - [2022-06-26 14:05:46,480] {dagbag.py:507} INFO - Filling up the DagBag from /opt/airflow/dags/listing_4_5.py
[2022-06-26 14:05:46,491] {processor.py:651} INFO - DAG(s) dict_keys(['listing_4_05']) retrieved from /opt/airflow/dags/listing_4_5.py
[2022-06-26 14:05:46,511] {logging_mixin.py:115} INFO - [2022-06-26 14:05:46,511] {dag.py:2371} INFO - Sync 1 DAGs
[2022-06-26 14:05:46,526] {logging_mixin.py:115} INFO - [2022-06-26 14:05:46,526] {dag.py:2919} INFO - Setting next_dagrun for listing_4_05 to 2022-06-25T00:00:00+00:00, run_after=2022-06-25T01:00:00+00:00
[2022-06-26 14:05:46,534] {processor.py:161} INFO - Processing /opt/airflow/dags/listing_4_5.py took 0.059 seconds
[2022-06-26 14:09:53,527] {processor.py:153} INFO - Started process (PID=3403) to work on /opt/airflow/dags/listing_4_5.py
[2022-06-26 14:09:53,532] {processor.py:641} INFO - Processing file /opt/airflow/dags/listing_4_5.py for tasks to queue
[2022-06-26 14:09:53,534] {logging_mixin.py:115} INFO - [2022-06-26 14:09:53,534] {dagbag.py:507} INFO - Filling up the DagBag from /opt/airflow/dags/listing_4_5.py
[2022-06-26 14:09:53,548] {processor.py:651} INFO - DAG(s) dict_keys(['listing_4_05']) retrieved from /opt/airflow/dags/listing_4_5.py
[2022-06-26 14:09:53,577] {logging_mixin.py:115} INFO - [2022-06-26 14:09:53,577] {dag.py:2371} INFO - Sync 1 DAGs
[2022-06-26 14:09:53,597] {logging_mixin.py:115} INFO - [2022-06-26 14:09:53,597] {dag.py:2919} INFO - Setting next_dagrun for listing_4_05 to 2022-06-25T00:00:00+00:00, run_after=2022-06-25T01:00:00+00:00
[2022-06-26 14:09:53,615] {processor.py:161} INFO - Processing /opt/airflow/dags/listing_4_5.py took 0.093 seconds
[2022-06-26 14:10:24,066] {processor.py:153} INFO - Started process (PID=3464) to work on /opt/airflow/dags/listing_4_5.py
[2022-06-26 14:10:24,069] {processor.py:641} INFO - Processing file /opt/airflow/dags/listing_4_5.py for tasks to queue
[2022-06-26 14:10:24,070] {logging_mixin.py:115} INFO - [2022-06-26 14:10:24,070] {dagbag.py:507} INFO - Filling up the DagBag from /opt/airflow/dags/listing_4_5.py
[2022-06-26 14:10:24,081] {processor.py:651} INFO - DAG(s) dict_keys(['listing_4_05']) retrieved from /opt/airflow/dags/listing_4_5.py
[2022-06-26 14:10:24,102] {logging_mixin.py:115} INFO - [2022-06-26 14:10:24,102] {dag.py:2371} INFO - Sync 1 DAGs
[2022-06-26 14:10:24,118] {logging_mixin.py:115} INFO - [2022-06-26 14:10:24,118] {dag.py:2919} INFO - Setting next_dagrun for listing_4_05 to 2022-06-25T00:00:00+00:00, run_after=2022-06-25T01:00:00+00:00
[2022-06-26 14:10:24,127] {processor.py:161} INFO - Processing /opt/airflow/dags/listing_4_5.py took 0.063 seconds
[2022-06-26 14:10:54,412] {processor.py:153} INFO - Started process (PID=3515) to work on /opt/airflow/dags/listing_4_5.py
[2022-06-26 14:10:54,414] {processor.py:641} INFO - Processing file /opt/airflow/dags/listing_4_5.py for tasks to queue
[2022-06-26 14:10:54,415] {logging_mixin.py:115} INFO - [2022-06-26 14:10:54,415] {dagbag.py:507} INFO - Filling up the DagBag from /opt/airflow/dags/listing_4_5.py
[2022-06-26 14:10:54,424] {processor.py:651} INFO - DAG(s) dict_keys(['listing_4_05']) retrieved from /opt/airflow/dags/listing_4_5.py
[2022-06-26 14:10:54,445] {logging_mixin.py:115} INFO - [2022-06-26 14:10:54,445] {dag.py:2371} INFO - Sync 1 DAGs
[2022-06-26 14:10:54,460] {logging_mixin.py:115} INFO - [2022-06-26 14:10:54,459] {dag.py:2919} INFO - Setting next_dagrun for listing_4_05 to 2022-06-25T00:00:00+00:00, run_after=2022-06-25T01:00:00+00:00
[2022-06-26 14:10:54,470] {processor.py:161} INFO - Processing /opt/airflow/dags/listing_4_5.py took 0.060 seconds
[2022-06-26 14:11:24,850] {processor.py:153} INFO - Started process (PID=3576) to work on /opt/airflow/dags/listing_4_5.py
[2022-06-26 14:11:24,852] {processor.py:641} INFO - Processing file /opt/airflow/dags/listing_4_5.py for tasks to queue
[2022-06-26 14:11:24,853] {logging_mixin.py:115} INFO - [2022-06-26 14:11:24,853] {dagbag.py:507} INFO - Filling up the DagBag from /opt/airflow/dags/listing_4_5.py
[2022-06-26 14:11:24,865] {processor.py:651} INFO - DAG(s) dict_keys(['listing_4_05']) retrieved from /opt/airflow/dags/listing_4_5.py
[2022-06-26 14:11:24,890] {logging_mixin.py:115} INFO - [2022-06-26 14:11:24,889] {dag.py:2371} INFO - Sync 1 DAGs
[2022-06-26 14:11:24,908] {logging_mixin.py:115} INFO - [2022-06-26 14:11:24,908] {dag.py:2919} INFO - Setting next_dagrun for listing_4_05 to 2022-06-25T00:00:00+00:00, run_after=2022-06-25T01:00:00+00:00
[2022-06-26 14:11:24,918] {processor.py:161} INFO - Processing /opt/airflow/dags/listing_4_5.py took 0.071 seconds
[2022-06-26 14:11:55,121] {processor.py:153} INFO - Started process (PID=3637) to work on /opt/airflow/dags/listing_4_5.py
[2022-06-26 14:11:55,122] {processor.py:641} INFO - Processing file /opt/airflow/dags/listing_4_5.py for tasks to queue
[2022-06-26 14:11:55,124] {logging_mixin.py:115} INFO - [2022-06-26 14:11:55,124] {dagbag.py:507} INFO - Filling up the DagBag from /opt/airflow/dags/listing_4_5.py
[2022-06-26 14:11:55,134] {processor.py:651} INFO - DAG(s) dict_keys(['listing_4_05']) retrieved from /opt/airflow/dags/listing_4_5.py
[2022-06-26 14:11:55,153] {logging_mixin.py:115} INFO - [2022-06-26 14:11:55,153] {dag.py:2371} INFO - Sync 1 DAGs
[2022-06-26 14:11:55,169] {logging_mixin.py:115} INFO - [2022-06-26 14:11:55,169] {dag.py:2919} INFO - Setting next_dagrun for listing_4_05 to 2022-06-25T00:00:00+00:00, run_after=2022-06-25T01:00:00+00:00
[2022-06-26 14:11:55,177] {processor.py:161} INFO - Processing /opt/airflow/dags/listing_4_5.py took 0.058 seconds
[2022-06-26 14:12:25,352] {processor.py:153} INFO - Started process (PID=3698) to work on /opt/airflow/dags/listing_4_5.py
[2022-06-26 14:12:25,354] {processor.py:641} INFO - Processing file /opt/airflow/dags/listing_4_5.py for tasks to queue
[2022-06-26 14:12:25,356] {logging_mixin.py:115} INFO - [2022-06-26 14:12:25,356] {dagbag.py:507} INFO - Filling up the DagBag from /opt/airflow/dags/listing_4_5.py
[2022-06-26 14:12:25,366] {processor.py:651} INFO - DAG(s) dict_keys(['listing_4_05']) retrieved from /opt/airflow/dags/listing_4_5.py
[2022-06-26 14:12:25,383] {logging_mixin.py:115} INFO - [2022-06-26 14:12:25,383] {dag.py:2371} INFO - Sync 1 DAGs
[2022-06-26 14:12:25,397] {logging_mixin.py:115} INFO - [2022-06-26 14:12:25,397] {dag.py:2919} INFO - Setting next_dagrun for listing_4_05 to 2022-06-25T00:00:00+00:00, run_after=2022-06-25T01:00:00+00:00
[2022-06-26 14:12:25,404] {processor.py:161} INFO - Processing /opt/airflow/dags/listing_4_5.py took 0.054 seconds
[2022-06-26 14:12:56,180] {processor.py:153} INFO - Started process (PID=4253) to work on /opt/airflow/dags/listing_4_5.py
[2022-06-26 14:12:56,185] {processor.py:641} INFO - Processing file /opt/airflow/dags/listing_4_5.py for tasks to queue
[2022-06-26 14:12:56,187] {logging_mixin.py:115} INFO - [2022-06-26 14:12:56,187] {dagbag.py:507} INFO - Filling up the DagBag from /opt/airflow/dags/listing_4_5.py
[2022-06-26 14:12:56,198] {processor.py:651} INFO - DAG(s) dict_keys(['listing_4_05']) retrieved from /opt/airflow/dags/listing_4_5.py
[2022-06-26 14:12:56,218] {logging_mixin.py:115} INFO - [2022-06-26 14:12:56,218] {dag.py:2371} INFO - Sync 1 DAGs
[2022-06-26 14:12:56,236] {logging_mixin.py:115} INFO - [2022-06-26 14:12:56,236] {dag.py:2919} INFO - Setting next_dagrun for listing_4_05 to 2022-06-25T00:00:00+00:00, run_after=2022-06-25T01:00:00+00:00
[2022-06-26 14:12:56,249] {processor.py:161} INFO - Processing /opt/airflow/dags/listing_4_5.py took 0.071 seconds
[2022-06-26 14:13:26,554] {processor.py:153} INFO - Started process (PID=4747) to work on /opt/airflow/dags/listing_4_5.py
[2022-06-26 14:13:26,557] {processor.py:641} INFO - Processing file /opt/airflow/dags/listing_4_5.py for tasks to queue
[2022-06-26 14:13:26,559] {logging_mixin.py:115} INFO - [2022-06-26 14:13:26,558] {dagbag.py:507} INFO - Filling up the DagBag from /opt/airflow/dags/listing_4_5.py
[2022-06-26 14:13:26,568] {processor.py:651} INFO - DAG(s) dict_keys(['listing_4_05']) retrieved from /opt/airflow/dags/listing_4_5.py
[2022-06-26 14:13:26,586] {logging_mixin.py:115} INFO - [2022-06-26 14:13:26,586] {dag.py:2371} INFO - Sync 1 DAGs
[2022-06-26 14:13:26,600] {logging_mixin.py:115} INFO - [2022-06-26 14:13:26,600] {dag.py:2919} INFO - Setting next_dagrun for listing_4_05 to 2022-06-25T00:00:00+00:00, run_after=2022-06-25T01:00:00+00:00
[2022-06-26 14:13:26,608] {processor.py:161} INFO - Processing /opt/airflow/dags/listing_4_5.py took 0.057 seconds
[2022-06-26 14:13:57,193] {processor.py:153} INFO - Started process (PID=5740) to work on /opt/airflow/dags/listing_4_5.py
[2022-06-26 14:13:57,194] {processor.py:641} INFO - Processing file /opt/airflow/dags/listing_4_5.py for tasks to queue
[2022-06-26 14:13:57,196] {logging_mixin.py:115} INFO - [2022-06-26 14:13:57,196] {dagbag.py:507} INFO - Filling up the DagBag from /opt/airflow/dags/listing_4_5.py
[2022-06-26 14:13:57,213] {processor.py:651} INFO - DAG(s) dict_keys(['listing_4_05']) retrieved from /opt/airflow/dags/listing_4_5.py
[2022-06-26 14:13:57,237] {logging_mixin.py:115} INFO - [2022-06-26 14:13:57,237] {dag.py:2371} INFO - Sync 1 DAGs
[2022-06-26 14:13:57,255] {logging_mixin.py:115} INFO - [2022-06-26 14:13:57,255] {dag.py:2919} INFO - Setting next_dagrun for listing_4_05 to 2022-06-25T00:00:00+00:00, run_after=2022-06-25T01:00:00+00:00
[2022-06-26 14:13:57,266] {processor.py:161} INFO - Processing /opt/airflow/dags/listing_4_5.py took 0.075 seconds
[2022-06-26 14:14:27,460] {processor.py:153} INFO - Started process (PID=6108) to work on /opt/airflow/dags/listing_4_5.py
[2022-06-26 14:14:27,462] {processor.py:641} INFO - Processing file /opt/airflow/dags/listing_4_5.py for tasks to queue
[2022-06-26 14:14:27,463] {logging_mixin.py:115} INFO - [2022-06-26 14:14:27,463] {dagbag.py:507} INFO - Filling up the DagBag from /opt/airflow/dags/listing_4_5.py
[2022-06-26 14:14:27,471] {processor.py:651} INFO - DAG(s) dict_keys(['listing_4_05']) retrieved from /opt/airflow/dags/listing_4_5.py
[2022-06-26 14:14:27,489] {logging_mixin.py:115} INFO - [2022-06-26 14:14:27,489] {dag.py:2371} INFO - Sync 1 DAGs
[2022-06-26 14:14:27,504] {logging_mixin.py:115} INFO - [2022-06-26 14:14:27,504] {dag.py:2919} INFO - Setting next_dagrun for listing_4_05 to 2022-06-25T00:00:00+00:00, run_after=2022-06-25T01:00:00+00:00
[2022-06-26 14:14:27,513] {processor.py:161} INFO - Processing /opt/airflow/dags/listing_4_5.py took 0.056 seconds
[2022-06-26 14:14:58,226] {processor.py:153} INFO - Started process (PID=6483) to work on /opt/airflow/dags/listing_4_5.py
[2022-06-26 14:14:58,228] {processor.py:641} INFO - Processing file /opt/airflow/dags/listing_4_5.py for tasks to queue
[2022-06-26 14:14:58,229] {logging_mixin.py:115} INFO - [2022-06-26 14:14:58,229] {dagbag.py:507} INFO - Filling up the DagBag from /opt/airflow/dags/listing_4_5.py
[2022-06-26 14:14:58,238] {processor.py:651} INFO - DAG(s) dict_keys(['listing_4_05']) retrieved from /opt/airflow/dags/listing_4_5.py
[2022-06-26 14:14:58,258] {logging_mixin.py:115} INFO - [2022-06-26 14:14:58,258] {dag.py:2371} INFO - Sync 1 DAGs
[2022-06-26 14:14:58,366] {logging_mixin.py:115} INFO - [2022-06-26 14:14:58,366] {dag.py:2919} INFO - Setting next_dagrun for listing_4_05 to 2022-06-25T00:00:00+00:00, run_after=2022-06-25T01:00:00+00:00
[2022-06-26 14:14:58,375] {processor.py:161} INFO - Processing /opt/airflow/dags/listing_4_5.py took 0.152 seconds
[2022-06-26 14:15:28,835] {processor.py:153} INFO - Started process (PID=6847) to work on /opt/airflow/dags/listing_4_5.py
[2022-06-26 14:15:28,836] {processor.py:641} INFO - Processing file /opt/airflow/dags/listing_4_5.py for tasks to queue
[2022-06-26 14:15:28,838] {logging_mixin.py:115} INFO - [2022-06-26 14:15:28,838] {dagbag.py:507} INFO - Filling up the DagBag from /opt/airflow/dags/listing_4_5.py
[2022-06-26 14:15:28,846] {processor.py:651} INFO - DAG(s) dict_keys(['listing_4_05']) retrieved from /opt/airflow/dags/listing_4_5.py
[2022-06-26 14:15:28,866] {logging_mixin.py:115} INFO - [2022-06-26 14:15:28,866] {dag.py:2371} INFO - Sync 1 DAGs
[2022-06-26 14:15:28,989] {logging_mixin.py:115} INFO - [2022-06-26 14:15:28,989] {dag.py:2919} INFO - Setting next_dagrun for listing_4_05 to 2022-06-25T00:00:00+00:00, run_after=2022-06-25T01:00:00+00:00
[2022-06-26 14:15:28,996] {processor.py:161} INFO - Processing /opt/airflow/dags/listing_4_5.py took 0.164 seconds
[2022-06-26 14:15:59,809] {processor.py:153} INFO - Started process (PID=7475) to work on /opt/airflow/dags/listing_4_5.py
[2022-06-26 14:15:59,812] {processor.py:641} INFO - Processing file /opt/airflow/dags/listing_4_5.py for tasks to queue
[2022-06-26 14:15:59,813] {logging_mixin.py:115} INFO - [2022-06-26 14:15:59,813] {dagbag.py:507} INFO - Filling up the DagBag from /opt/airflow/dags/listing_4_5.py
[2022-06-26 14:15:59,823] {processor.py:651} INFO - DAG(s) dict_keys(['listing_4_05']) retrieved from /opt/airflow/dags/listing_4_5.py
[2022-06-26 14:15:59,845] {logging_mixin.py:115} INFO - [2022-06-26 14:15:59,845] {dag.py:2371} INFO - Sync 1 DAGs
[2022-06-26 14:15:59,943] {logging_mixin.py:115} INFO - [2022-06-26 14:15:59,943] {dag.py:2919} INFO - Setting next_dagrun for listing_4_05 to 2022-06-25T00:00:00+00:00, run_after=2022-06-25T01:00:00+00:00
[2022-06-26 14:15:59,954] {processor.py:161} INFO - Processing /opt/airflow/dags/listing_4_5.py took 0.147 seconds
[2022-06-26 14:16:30,693] {processor.py:153} INFO - Started process (PID=9142) to work on /opt/airflow/dags/listing_4_5.py
[2022-06-26 14:16:30,698] {processor.py:641} INFO - Processing file /opt/airflow/dags/listing_4_5.py for tasks to queue
[2022-06-26 14:16:30,701] {logging_mixin.py:115} INFO - [2022-06-26 14:16:30,700] {dagbag.py:507} INFO - Filling up the DagBag from /opt/airflow/dags/listing_4_5.py
[2022-06-26 14:16:30,725] {processor.py:651} INFO - DAG(s) dict_keys(['listing_4_05']) retrieved from /opt/airflow/dags/listing_4_5.py
[2022-06-26 14:16:30,771] {logging_mixin.py:115} INFO - [2022-06-26 14:16:30,771] {dag.py:2371} INFO - Sync 1 DAGs
[2022-06-26 14:16:30,953] {logging_mixin.py:115} INFO - [2022-06-26 14:16:30,953] {dag.py:2919} INFO - Setting next_dagrun for listing_4_05 to 2022-06-25T00:00:00+00:00, run_after=2022-06-25T01:00:00+00:00
[2022-06-26 14:16:30,964] {processor.py:161} INFO - Processing /opt/airflow/dags/listing_4_5.py took 0.274 seconds
[2022-06-26 14:17:01,852] {processor.py:153} INFO - Started process (PID=9923) to work on /opt/airflow/dags/listing_4_5.py
[2022-06-26 14:17:01,855] {processor.py:641} INFO - Processing file /opt/airflow/dags/listing_4_5.py for tasks to queue
[2022-06-26 14:17:01,856] {logging_mixin.py:115} INFO - [2022-06-26 14:17:01,856] {dagbag.py:507} INFO - Filling up the DagBag from /opt/airflow/dags/listing_4_5.py
[2022-06-26 14:17:01,868] {processor.py:651} INFO - DAG(s) dict_keys(['listing_4_05']) retrieved from /opt/airflow/dags/listing_4_5.py
[2022-06-26 14:17:01,888] {logging_mixin.py:115} INFO - [2022-06-26 14:17:01,888] {dag.py:2371} INFO - Sync 1 DAGs
[2022-06-26 14:17:01,985] {logging_mixin.py:115} INFO - [2022-06-26 14:17:01,984] {dag.py:2919} INFO - Setting next_dagrun for listing_4_05 to 2022-06-25T00:00:00+00:00, run_after=2022-06-25T01:00:00+00:00
[2022-06-26 14:17:01,993] {processor.py:161} INFO - Processing /opt/airflow/dags/listing_4_5.py took 0.144 seconds
[2022-06-26 14:17:32,535] {processor.py:153} INFO - Started process (PID=11044) to work on /opt/airflow/dags/listing_4_5.py
[2022-06-26 14:17:32,537] {processor.py:641} INFO - Processing file /opt/airflow/dags/listing_4_5.py for tasks to queue
[2022-06-26 14:17:32,540] {logging_mixin.py:115} INFO - [2022-06-26 14:17:32,540] {dagbag.py:507} INFO - Filling up the DagBag from /opt/airflow/dags/listing_4_5.py
[2022-06-26 14:17:32,559] {processor.py:651} INFO - DAG(s) dict_keys(['listing_4_05']) retrieved from /opt/airflow/dags/listing_4_5.py
[2022-06-26 14:17:32,588] {logging_mixin.py:115} INFO - [2022-06-26 14:17:32,588] {dag.py:2371} INFO - Sync 1 DAGs
[2022-06-26 14:17:32,685] {logging_mixin.py:115} INFO - [2022-06-26 14:17:32,685] {dag.py:2919} INFO - Setting next_dagrun for listing_4_05 to 2022-06-25T00:00:00+00:00, run_after=2022-06-25T01:00:00+00:00
[2022-06-26 14:17:32,695] {processor.py:161} INFO - Processing /opt/airflow/dags/listing_4_5.py took 0.163 seconds
[2022-06-26 14:18:03,089] {processor.py:153} INFO - Started process (PID=11417) to work on /opt/airflow/dags/listing_4_5.py
[2022-06-26 14:18:03,092] {processor.py:641} INFO - Processing file /opt/airflow/dags/listing_4_5.py for tasks to queue
[2022-06-26 14:18:03,093] {logging_mixin.py:115} INFO - [2022-06-26 14:18:03,093] {dagbag.py:507} INFO - Filling up the DagBag from /opt/airflow/dags/listing_4_5.py
[2022-06-26 14:18:03,105] {processor.py:651} INFO - DAG(s) dict_keys(['listing_4_05']) retrieved from /opt/airflow/dags/listing_4_5.py
[2022-06-26 14:18:03,133] {logging_mixin.py:115} INFO - [2022-06-26 14:18:03,133] {dag.py:2371} INFO - Sync 1 DAGs
[2022-06-26 14:18:03,230] {logging_mixin.py:115} INFO - [2022-06-26 14:18:03,230] {dag.py:2919} INFO - Setting next_dagrun for listing_4_05 to 2022-06-25T00:00:00+00:00, run_after=2022-06-25T01:00:00+00:00
[2022-06-26 14:18:03,238] {processor.py:161} INFO - Processing /opt/airflow/dags/listing_4_5.py took 0.152 seconds
[2022-06-26 14:18:34,023] {processor.py:153} INFO - Started process (PID=12241) to work on /opt/airflow/dags/listing_4_5.py
[2022-06-26 14:18:34,028] {processor.py:641} INFO - Processing file /opt/airflow/dags/listing_4_5.py for tasks to queue
[2022-06-26 14:18:34,030] {logging_mixin.py:115} INFO - [2022-06-26 14:18:34,030] {dagbag.py:507} INFO - Filling up the DagBag from /opt/airflow/dags/listing_4_5.py
[2022-06-26 14:18:34,049] {processor.py:651} INFO - DAG(s) dict_keys(['listing_4_05']) retrieved from /opt/airflow/dags/listing_4_5.py
[2022-06-26 14:18:34,088] {logging_mixin.py:115} INFO - [2022-06-26 14:18:34,088] {dag.py:2371} INFO - Sync 1 DAGs
[2022-06-26 14:18:34,258] {logging_mixin.py:115} INFO - [2022-06-26 14:18:34,258] {dag.py:2919} INFO - Setting next_dagrun for listing_4_05 to 2022-06-25T00:00:00+00:00, run_after=2022-06-25T01:00:00+00:00
[2022-06-26 14:18:34,266] {processor.py:161} INFO - Processing /opt/airflow/dags/listing_4_5.py took 0.246 seconds
[2022-06-26 14:19:04,977] {processor.py:153} INFO - Started process (PID=12802) to work on /opt/airflow/dags/listing_4_5.py
[2022-06-26 14:19:04,979] {processor.py:641} INFO - Processing file /opt/airflow/dags/listing_4_5.py for tasks to queue
[2022-06-26 14:19:04,980] {logging_mixin.py:115} INFO - [2022-06-26 14:19:04,980] {dagbag.py:507} INFO - Filling up the DagBag from /opt/airflow/dags/listing_4_5.py
[2022-06-26 14:19:04,992] {processor.py:651} INFO - DAG(s) dict_keys(['listing_4_05']) retrieved from /opt/airflow/dags/listing_4_5.py
[2022-06-26 14:19:05,012] {logging_mixin.py:115} INFO - [2022-06-26 14:19:05,012] {dag.py:2371} INFO - Sync 1 DAGs
[2022-06-26 14:19:05,103] {logging_mixin.py:115} INFO - [2022-06-26 14:19:05,103] {dag.py:2919} INFO - Setting next_dagrun for listing_4_05 to 2022-06-25T00:00:00+00:00, run_after=2022-06-25T01:00:00+00:00
[2022-06-26 14:19:05,111] {processor.py:161} INFO - Processing /opt/airflow/dags/listing_4_5.py took 0.137 seconds
[2022-06-26 14:19:35,894] {processor.py:153} INFO - Started process (PID=13616) to work on /opt/airflow/dags/listing_4_5.py
[2022-06-26 14:19:35,896] {processor.py:641} INFO - Processing file /opt/airflow/dags/listing_4_5.py for tasks to queue
[2022-06-26 14:19:35,897] {logging_mixin.py:115} INFO - [2022-06-26 14:19:35,897] {dagbag.py:507} INFO - Filling up the DagBag from /opt/airflow/dags/listing_4_5.py
[2022-06-26 14:19:35,909] {processor.py:651} INFO - DAG(s) dict_keys(['listing_4_05']) retrieved from /opt/airflow/dags/listing_4_5.py
[2022-06-26 14:19:35,929] {logging_mixin.py:115} INFO - [2022-06-26 14:19:35,928] {dag.py:2371} INFO - Sync 1 DAGs
[2022-06-26 14:19:36,014] {logging_mixin.py:115} INFO - [2022-06-26 14:19:36,014] {dag.py:2919} INFO - Setting next_dagrun for listing_4_05 to 2022-06-25T00:00:00+00:00, run_after=2022-06-25T01:00:00+00:00
[2022-06-26 14:19:36,022] {processor.py:161} INFO - Processing /opt/airflow/dags/listing_4_5.py took 0.130 seconds
[2022-06-26 14:20:06,379] {processor.py:153} INFO - Started process (PID=14574) to work on /opt/airflow/dags/listing_4_5.py
[2022-06-26 14:20:06,384] {processor.py:641} INFO - Processing file /opt/airflow/dags/listing_4_5.py for tasks to queue
[2022-06-26 14:20:06,394] {logging_mixin.py:115} INFO - [2022-06-26 14:20:06,394] {dagbag.py:507} INFO - Filling up the DagBag from /opt/airflow/dags/listing_4_5.py
[2022-06-26 14:20:06,423] {processor.py:651} INFO - DAG(s) dict_keys(['listing_4_05']) retrieved from /opt/airflow/dags/listing_4_5.py
[2022-06-26 14:20:06,475] {logging_mixin.py:115} INFO - [2022-06-26 14:20:06,475] {dag.py:2371} INFO - Sync 1 DAGs
[2022-06-26 14:20:06,652] {logging_mixin.py:115} INFO - [2022-06-26 14:20:06,651] {dag.py:2919} INFO - Setting next_dagrun for listing_4_05 to 2022-06-25T00:00:00+00:00, run_after=2022-06-25T01:00:00+00:00
[2022-06-26 14:20:06,671] {processor.py:161} INFO - Processing /opt/airflow/dags/listing_4_5.py took 0.303 seconds
[2022-06-26 14:53:10,611] {processor.py:153} INFO - Started process (PID=14842) to work on /opt/airflow/dags/listing_4_5.py
[2022-06-26 14:53:10,618] {processor.py:641} INFO - Processing file /opt/airflow/dags/listing_4_5.py for tasks to queue
[2022-06-26 14:53:10,620] {logging_mixin.py:115} INFO - [2022-06-26 14:53:10,620] {dagbag.py:507} INFO - Filling up the DagBag from /opt/airflow/dags/listing_4_5.py
[2022-06-26 14:53:10,639] {processor.py:651} INFO - DAG(s) dict_keys(['listing_4_05']) retrieved from /opt/airflow/dags/listing_4_5.py
[2022-06-26 14:53:10,671] {logging_mixin.py:115} INFO - [2022-06-26 14:53:10,671] {dag.py:2371} INFO - Sync 1 DAGs
[2022-06-26 14:53:10,839] {logging_mixin.py:115} INFO - [2022-06-26 14:53:10,839] {dag.py:2919} INFO - Setting next_dagrun for listing_4_05 to 2022-06-25T00:00:00+00:00, run_after=2022-06-25T01:00:00+00:00
[2022-06-26 14:53:10,863] {processor.py:161} INFO - Processing /opt/airflow/dags/listing_4_5.py took 0.255 seconds
[2022-06-26 16:16:01,427] {processor.py:153} INFO - Started process (PID=15214) to work on /opt/airflow/dags/listing_4_5.py
[2022-06-26 16:16:01,429] {processor.py:641} INFO - Processing file /opt/airflow/dags/listing_4_5.py for tasks to queue
[2022-06-26 16:16:01,433] {logging_mixin.py:115} INFO - [2022-06-26 16:16:01,432] {dagbag.py:507} INFO - Filling up the DagBag from /opt/airflow/dags/listing_4_5.py
[2022-06-26 16:16:01,457] {processor.py:651} INFO - DAG(s) dict_keys(['listing_4_05']) retrieved from /opt/airflow/dags/listing_4_5.py
[2022-06-26 16:16:01,487] {logging_mixin.py:115} INFO - [2022-06-26 16:16:01,487] {dag.py:2371} INFO - Sync 1 DAGs
[2022-06-26 16:16:01,628] {logging_mixin.py:115} INFO - [2022-06-26 16:16:01,628] {dag.py:2919} INFO - Setting next_dagrun for listing_4_05 to 2022-06-25T00:00:00+00:00, run_after=2022-06-25T01:00:00+00:00
[2022-06-26 16:16:01,650] {processor.py:161} INFO - Processing /opt/airflow/dags/listing_4_5.py took 0.227 seconds
[2022-06-26 17:21:22,987] {processor.py:153} INFO - Started process (PID=15567) to work on /opt/airflow/dags/listing_4_5.py
[2022-06-26 17:21:22,991] {processor.py:641} INFO - Processing file /opt/airflow/dags/listing_4_5.py for tasks to queue
[2022-06-26 17:21:22,992] {logging_mixin.py:115} INFO - [2022-06-26 17:21:22,992] {dagbag.py:507} INFO - Filling up the DagBag from /opt/airflow/dags/listing_4_5.py
[2022-06-26 17:21:23,000] {processor.py:651} INFO - DAG(s) dict_keys(['listing_4_05']) retrieved from /opt/airflow/dags/listing_4_5.py
[2022-06-26 17:21:23,087] {logging_mixin.py:115} INFO - [2022-06-26 17:21:23,087] {dag.py:2371} INFO - Sync 1 DAGs
[2022-06-26 17:21:23,098] {logging_mixin.py:115} INFO - [2022-06-26 17:21:23,097] {dag.py:2919} INFO - Setting next_dagrun for listing_4_05 to 2022-06-25T00:00:00+00:00, run_after=2022-06-25T01:00:00+00:00
[2022-06-26 17:21:23,104] {processor.py:161} INFO - Processing /opt/airflow/dags/listing_4_5.py took 0.119 seconds
[2022-06-26 18:41:39,096] {processor.py:153} INFO - Started process (PID=15934) to work on /opt/airflow/dags/listing_4_5.py
[2022-06-26 18:41:39,098] {processor.py:641} INFO - Processing file /opt/airflow/dags/listing_4_5.py for tasks to queue
[2022-06-26 18:41:39,100] {logging_mixin.py:115} INFO - [2022-06-26 18:41:39,100] {dagbag.py:507} INFO - Filling up the DagBag from /opt/airflow/dags/listing_4_5.py
[2022-06-26 18:41:39,111] {processor.py:651} INFO - DAG(s) dict_keys(['listing_4_05']) retrieved from /opt/airflow/dags/listing_4_5.py
[2022-06-26 18:41:39,238] {logging_mixin.py:115} INFO - [2022-06-26 18:41:39,238] {dag.py:2371} INFO - Sync 1 DAGs
[2022-06-26 18:41:39,254] {logging_mixin.py:115} INFO - [2022-06-26 18:41:39,253] {dag.py:2919} INFO - Setting next_dagrun for listing_4_05 to 2022-06-25T00:00:00+00:00, run_after=2022-06-25T01:00:00+00:00
[2022-06-26 18:41:39,262] {processor.py:161} INFO - Processing /opt/airflow/dags/listing_4_5.py took 0.169 seconds
[2022-06-26 20:03:40,253] {processor.py:153} INFO - Started process (PID=16206) to work on /opt/airflow/dags/listing_4_5.py
[2022-06-26 20:03:40,257] {processor.py:641} INFO - Processing file /opt/airflow/dags/listing_4_5.py for tasks to queue
[2022-06-26 20:03:40,259] {logging_mixin.py:115} INFO - [2022-06-26 20:03:40,259] {dagbag.py:507} INFO - Filling up the DagBag from /opt/airflow/dags/listing_4_5.py
[2022-06-26 20:03:40,273] {processor.py:651} INFO - DAG(s) dict_keys(['listing_4_05']) retrieved from /opt/airflow/dags/listing_4_5.py
[2022-06-26 20:03:40,308] {logging_mixin.py:115} INFO - [2022-06-26 20:03:40,308] {dag.py:2371} INFO - Sync 1 DAGs
[2022-06-26 20:03:40,353] {logging_mixin.py:115} INFO - [2022-06-26 20:03:40,352] {dag.py:2919} INFO - Setting next_dagrun for listing_4_05 to 2022-06-25T00:00:00+00:00, run_after=2022-06-25T01:00:00+00:00
[2022-06-26 20:03:40,374] {processor.py:161} INFO - Processing /opt/airflow/dags/listing_4_5.py took 0.124 seconds
[2022-06-26 21:23:33,651] {processor.py:153} INFO - Started process (PID=16492) to work on /opt/airflow/dags/listing_4_5.py
[2022-06-26 21:23:33,655] {processor.py:641} INFO - Processing file /opt/airflow/dags/listing_4_5.py for tasks to queue
[2022-06-26 21:23:33,662] {logging_mixin.py:115} INFO - [2022-06-26 21:23:33,662] {dagbag.py:507} INFO - Filling up the DagBag from /opt/airflow/dags/listing_4_5.py
[2022-06-26 21:23:33,696] {processor.py:651} INFO - DAG(s) dict_keys(['listing_4_05']) retrieved from /opt/airflow/dags/listing_4_5.py
[2022-06-26 21:23:33,751] {logging_mixin.py:115} INFO - [2022-06-26 21:23:33,751] {dag.py:2371} INFO - Sync 1 DAGs
[2022-06-26 21:23:33,771] {logging_mixin.py:115} INFO - [2022-06-26 21:23:33,771] {dag.py:2919} INFO - Setting next_dagrun for listing_4_05 to 2022-06-25T00:00:00+00:00, run_after=2022-06-25T01:00:00+00:00
[2022-06-26 21:23:33,789] {processor.py:161} INFO - Processing /opt/airflow/dags/listing_4_5.py took 0.141 seconds
[2022-06-26 22:29:32,897] {processor.py:153} INFO - Started process (PID=16772) to work on /opt/airflow/dags/listing_4_5.py
[2022-06-26 22:29:32,902] {processor.py:641} INFO - Processing file /opt/airflow/dags/listing_4_5.py for tasks to queue
[2022-06-26 22:29:32,904] {logging_mixin.py:115} INFO - [2022-06-26 22:29:32,904] {dagbag.py:507} INFO - Filling up the DagBag from /opt/airflow/dags/listing_4_5.py
[2022-06-26 22:29:32,919] {processor.py:651} INFO - DAG(s) dict_keys(['listing_4_05']) retrieved from /opt/airflow/dags/listing_4_5.py
[2022-06-26 22:29:32,941] {logging_mixin.py:115} INFO - [2022-06-26 22:29:32,941] {dag.py:2371} INFO - Sync 1 DAGs
[2022-06-26 22:29:32,959] {logging_mixin.py:115} INFO - [2022-06-26 22:29:32,958] {dag.py:2919} INFO - Setting next_dagrun for listing_4_05 to 2022-06-25T00:00:00+00:00, run_after=2022-06-25T01:00:00+00:00
[2022-06-26 22:29:32,969] {processor.py:161} INFO - Processing /opt/airflow/dags/listing_4_5.py took 0.075 seconds
[2022-06-26 23:11:58,097] {processor.py:153} INFO - Started process (PID=17077) to work on /opt/airflow/dags/listing_4_5.py
[2022-06-26 23:11:58,101] {processor.py:641} INFO - Processing file /opt/airflow/dags/listing_4_5.py for tasks to queue
[2022-06-26 23:11:58,104] {logging_mixin.py:115} INFO - [2022-06-26 23:11:58,104] {dagbag.py:507} INFO - Filling up the DagBag from /opt/airflow/dags/listing_4_5.py
[2022-06-26 23:11:58,121] {processor.py:651} INFO - DAG(s) dict_keys(['listing_4_05']) retrieved from /opt/airflow/dags/listing_4_5.py
[2022-06-26 23:11:58,153] {logging_mixin.py:115} INFO - [2022-06-26 23:11:58,153] {dag.py:2371} INFO - Sync 1 DAGs
[2022-06-26 23:11:58,177] {logging_mixin.py:115} INFO - [2022-06-26 23:11:58,177] {dag.py:2919} INFO - Setting next_dagrun for listing_4_05 to 2022-06-25T00:00:00+00:00, run_after=2022-06-25T01:00:00+00:00
[2022-06-26 23:11:58,189] {processor.py:161} INFO - Processing /opt/airflow/dags/listing_4_5.py took 0.095 seconds
[2022-06-26 23:12:28,966] {processor.py:153} INFO - Started process (PID=17371) to work on /opt/airflow/dags/listing_4_5.py
[2022-06-26 23:12:28,968] {processor.py:641} INFO - Processing file /opt/airflow/dags/listing_4_5.py for tasks to queue
[2022-06-26 23:12:28,970] {logging_mixin.py:115} INFO - [2022-06-26 23:12:28,969] {dagbag.py:507} INFO - Filling up the DagBag from /opt/airflow/dags/listing_4_5.py
[2022-06-26 23:12:28,983] {processor.py:651} INFO - DAG(s) dict_keys(['listing_4_05']) retrieved from /opt/airflow/dags/listing_4_5.py
[2022-06-26 23:12:29,002] {logging_mixin.py:115} INFO - [2022-06-26 23:12:29,002] {dag.py:2371} INFO - Sync 1 DAGs
[2022-06-26 23:12:29,017] {logging_mixin.py:115} INFO - [2022-06-26 23:12:29,017] {dag.py:2919} INFO - Setting next_dagrun for listing_4_05 to 2022-06-25T00:00:00+00:00, run_after=2022-06-25T01:00:00+00:00
[2022-06-26 23:12:29,026] {processor.py:161} INFO - Processing /opt/airflow/dags/listing_4_5.py took 0.063 seconds
[2022-06-26 23:12:59,768] {processor.py:153} INFO - Started process (PID=17644) to work on /opt/airflow/dags/listing_4_5.py
[2022-06-26 23:12:59,769] {processor.py:641} INFO - Processing file /opt/airflow/dags/listing_4_5.py for tasks to queue
[2022-06-26 23:12:59,771] {logging_mixin.py:115} INFO - [2022-06-26 23:12:59,771] {dagbag.py:507} INFO - Filling up the DagBag from /opt/airflow/dags/listing_4_5.py
[2022-06-26 23:12:59,785] {processor.py:651} INFO - DAG(s) dict_keys(['listing_4_05']) retrieved from /opt/airflow/dags/listing_4_5.py
[2022-06-26 23:12:59,803] {logging_mixin.py:115} INFO - [2022-06-26 23:12:59,803] {dag.py:2371} INFO - Sync 1 DAGs
[2022-06-26 23:12:59,816] {logging_mixin.py:115} INFO - [2022-06-26 23:12:59,816] {dag.py:2919} INFO - Setting next_dagrun for listing_4_05 to 2022-06-25T00:00:00+00:00, run_after=2022-06-25T01:00:00+00:00
[2022-06-26 23:12:59,824] {processor.py:161} INFO - Processing /opt/airflow/dags/listing_4_5.py took 0.058 seconds
[2022-06-26 23:31:50,795] {processor.py:153} INFO - Started process (PID=17912) to work on /opt/airflow/dags/listing_4_5.py
[2022-06-26 23:31:50,798] {processor.py:641} INFO - Processing file /opt/airflow/dags/listing_4_5.py for tasks to queue
[2022-06-26 23:31:50,807] {logging_mixin.py:115} INFO - [2022-06-26 23:31:50,807] {dagbag.py:507} INFO - Filling up the DagBag from /opt/airflow/dags/listing_4_5.py
[2022-06-26 23:31:50,823] {processor.py:651} INFO - DAG(s) dict_keys(['listing_4_05']) retrieved from /opt/airflow/dags/listing_4_5.py
[2022-06-26 23:31:50,864] {logging_mixin.py:115} INFO - [2022-06-26 23:31:50,864] {dag.py:2371} INFO - Sync 1 DAGs
[2022-06-26 23:31:50,891] {logging_mixin.py:115} INFO - [2022-06-26 23:31:50,891] {dag.py:2919} INFO - Setting next_dagrun for listing_4_05 to 2022-06-25T00:00:00+00:00, run_after=2022-06-25T01:00:00+00:00
[2022-06-26 23:31:50,903] {processor.py:161} INFO - Processing /opt/airflow/dags/listing_4_5.py took 0.111 seconds
