[2022-06-26 13:37:34,757] {processor.py:153} INFO - Started process (PID=77) to work on /opt/airflow/dags/running_time_con_sla.py
[2022-06-26 13:37:34,759] {processor.py:641} INFO - Processing file /opt/airflow/dags/running_time_con_sla.py for tasks to queue
[2022-06-26 13:37:34,761] {logging_mixin.py:115} INFO - [2022-06-26 13:37:34,761] {dagbag.py:507} INFO - Filling up the DagBag from /opt/airflow/dags/running_time_con_sla.py
[2022-06-26 13:37:34,777] {processor.py:651} INFO - DAG(s) dict_keys(['running_controller_sla']) retrieved from /opt/airflow/dags/running_time_con_sla.py
[2022-06-26 13:37:34,847] {logging_mixin.py:115} INFO - [2022-06-26 13:37:34,847] {manager.py:508} INFO - Created Permission View: can read on DAG:running_controller_sla
[2022-06-26 13:37:34,855] {logging_mixin.py:115} INFO - [2022-06-26 13:37:34,855] {manager.py:508} INFO - Created Permission View: can edit on DAG:running_controller_sla
[2022-06-26 13:37:34,862] {logging_mixin.py:115} INFO - [2022-06-26 13:37:34,862] {manager.py:508} INFO - Created Permission View: can delete on DAG:running_controller_sla
[2022-06-26 13:37:34,864] {logging_mixin.py:115} INFO - [2022-06-26 13:37:34,864] {dag.py:2371} INFO - Sync 1 DAGs
[2022-06-26 13:37:34,871] {logging_mixin.py:115} INFO - [2022-06-26 13:37:34,871] {dag.py:2390} INFO - Creating ORM DAG for running_controller_sla
[2022-06-26 13:37:34,953] {logging_mixin.py:115} INFO - [2022-06-26 13:37:34,953] {dag.py:2919} INFO - Setting next_dagrun for running_controller_sla to 2022-06-26T13:34:00+00:00, run_after=2022-06-26T13:36:00+00:00
[2022-06-26 13:37:34,964] {processor.py:161} INFO - Processing /opt/airflow/dags/running_time_con_sla.py took 0.210 seconds
[2022-06-26 13:38:05,770] {processor.py:153} INFO - Started process (PID=138) to work on /opt/airflow/dags/running_time_con_sla.py
[2022-06-26 13:38:05,772] {processor.py:641} INFO - Processing file /opt/airflow/dags/running_time_con_sla.py for tasks to queue
[2022-06-26 13:38:05,773] {logging_mixin.py:115} INFO - [2022-06-26 13:38:05,773] {dagbag.py:507} INFO - Filling up the DagBag from /opt/airflow/dags/running_time_con_sla.py
[2022-06-26 13:38:05,789] {processor.py:651} INFO - DAG(s) dict_keys(['running_controller_sla']) retrieved from /opt/airflow/dags/running_time_con_sla.py
[2022-06-26 13:38:05,808] {logging_mixin.py:115} INFO - [2022-06-26 13:38:05,808] {dag.py:2371} INFO - Sync 1 DAGs
[2022-06-26 13:38:05,823] {logging_mixin.py:115} INFO - [2022-06-26 13:38:05,823] {dag.py:2919} INFO - Setting next_dagrun for running_controller_sla to 2022-06-26T13:36:00+00:00, run_after=2022-06-26T13:38:00+00:00
[2022-06-26 13:38:05,832] {processor.py:161} INFO - Processing /opt/airflow/dags/running_time_con_sla.py took 0.064 seconds
[2022-06-26 13:38:36,374] {processor.py:153} INFO - Started process (PID=199) to work on /opt/airflow/dags/running_time_con_sla.py
[2022-06-26 13:38:36,375] {processor.py:641} INFO - Processing file /opt/airflow/dags/running_time_con_sla.py for tasks to queue
[2022-06-26 13:38:36,377] {logging_mixin.py:115} INFO - [2022-06-26 13:38:36,377] {dagbag.py:507} INFO - Filling up the DagBag from /opt/airflow/dags/running_time_con_sla.py
[2022-06-26 13:38:36,387] {processor.py:651} INFO - DAG(s) dict_keys(['running_controller_sla']) retrieved from /opt/airflow/dags/running_time_con_sla.py
[2022-06-26 13:38:36,404] {logging_mixin.py:115} INFO - [2022-06-26 13:38:36,404] {dag.py:2371} INFO - Sync 1 DAGs
[2022-06-26 13:38:36,418] {logging_mixin.py:115} INFO - [2022-06-26 13:38:36,418] {dag.py:2919} INFO - Setting next_dagrun for running_controller_sla to 2022-06-26T13:36:00+00:00, run_after=2022-06-26T13:38:00+00:00
[2022-06-26 13:38:36,425] {processor.py:161} INFO - Processing /opt/airflow/dags/running_time_con_sla.py took 0.055 seconds
[2022-06-26 13:39:07,170] {processor.py:153} INFO - Started process (PID=251) to work on /opt/airflow/dags/running_time_con_sla.py
[2022-06-26 13:39:07,174] {processor.py:641} INFO - Processing file /opt/airflow/dags/running_time_con_sla.py for tasks to queue
[2022-06-26 13:39:07,176] {logging_mixin.py:115} INFO - [2022-06-26 13:39:07,176] {dagbag.py:507} INFO - Filling up the DagBag from /opt/airflow/dags/running_time_con_sla.py
[2022-06-26 13:39:07,189] {processor.py:651} INFO - DAG(s) dict_keys(['running_controller_sla']) retrieved from /opt/airflow/dags/running_time_con_sla.py
[2022-06-26 13:39:07,209] {logging_mixin.py:115} INFO - [2022-06-26 13:39:07,209] {dag.py:2371} INFO - Sync 1 DAGs
[2022-06-26 13:39:07,222] {logging_mixin.py:115} INFO - [2022-06-26 13:39:07,222] {dag.py:2919} INFO - Setting next_dagrun for running_controller_sla to 2022-06-26T13:36:00+00:00, run_after=2022-06-26T13:38:00+00:00
[2022-06-26 13:39:07,231] {processor.py:161} INFO - Processing /opt/airflow/dags/running_time_con_sla.py took 0.065 seconds
[2022-06-26 13:39:38,159] {processor.py:153} INFO - Started process (PID=312) to work on /opt/airflow/dags/running_time_con_sla.py
[2022-06-26 13:39:38,161] {processor.py:641} INFO - Processing file /opt/airflow/dags/running_time_con_sla.py for tasks to queue
[2022-06-26 13:39:38,162] {logging_mixin.py:115} INFO - [2022-06-26 13:39:38,162] {dagbag.py:507} INFO - Filling up the DagBag from /opt/airflow/dags/running_time_con_sla.py
[2022-06-26 13:39:38,173] {processor.py:651} INFO - DAG(s) dict_keys(['running_controller_sla']) retrieved from /opt/airflow/dags/running_time_con_sla.py
[2022-06-26 13:39:38,192] {logging_mixin.py:115} INFO - [2022-06-26 13:39:38,192] {dag.py:2371} INFO - Sync 1 DAGs
[2022-06-26 13:39:38,206] {logging_mixin.py:115} INFO - [2022-06-26 13:39:38,206] {dag.py:2919} INFO - Setting next_dagrun for running_controller_sla to 2022-06-26T13:36:00+00:00, run_after=2022-06-26T13:38:00+00:00
[2022-06-26 13:39:38,214] {processor.py:161} INFO - Processing /opt/airflow/dags/running_time_con_sla.py took 0.059 seconds
[2022-06-26 13:40:08,552] {processor.py:153} INFO - Started process (PID=372) to work on /opt/airflow/dags/running_time_con_sla.py
[2022-06-26 13:40:08,553] {processor.py:641} INFO - Processing file /opt/airflow/dags/running_time_con_sla.py for tasks to queue
[2022-06-26 13:40:08,558] {logging_mixin.py:115} INFO - [2022-06-26 13:40:08,558] {dagbag.py:507} INFO - Filling up the DagBag from /opt/airflow/dags/running_time_con_sla.py
[2022-06-26 13:40:08,569] {processor.py:651} INFO - DAG(s) dict_keys(['running_controller_sla']) retrieved from /opt/airflow/dags/running_time_con_sla.py
[2022-06-26 13:40:08,585] {logging_mixin.py:115} INFO - [2022-06-26 13:40:08,585] {dag.py:2371} INFO - Sync 1 DAGs
[2022-06-26 13:40:08,598] {logging_mixin.py:115} INFO - [2022-06-26 13:40:08,598] {dag.py:2919} INFO - Setting next_dagrun for running_controller_sla to 2022-06-26T13:38:00+00:00, run_after=2022-06-26T13:40:00+00:00
[2022-06-26 13:40:08,605] {processor.py:161} INFO - Processing /opt/airflow/dags/running_time_con_sla.py took 0.055 seconds
[2022-06-26 13:40:39,563] {processor.py:153} INFO - Started process (PID=434) to work on /opt/airflow/dags/running_time_con_sla.py
[2022-06-26 13:40:39,566] {processor.py:641} INFO - Processing file /opt/airflow/dags/running_time_con_sla.py for tasks to queue
[2022-06-26 13:40:39,567] {logging_mixin.py:115} INFO - [2022-06-26 13:40:39,567] {dagbag.py:507} INFO - Filling up the DagBag from /opt/airflow/dags/running_time_con_sla.py
[2022-06-26 13:40:39,582] {processor.py:651} INFO - DAG(s) dict_keys(['running_controller_sla']) retrieved from /opt/airflow/dags/running_time_con_sla.py
[2022-06-26 13:40:39,606] {logging_mixin.py:115} INFO - [2022-06-26 13:40:39,606] {dag.py:2371} INFO - Sync 1 DAGs
[2022-06-26 13:40:39,626] {logging_mixin.py:115} INFO - [2022-06-26 13:40:39,626] {dag.py:2919} INFO - Setting next_dagrun for running_controller_sla to 2022-06-26T13:38:00+00:00, run_after=2022-06-26T13:40:00+00:00
[2022-06-26 13:40:39,636] {processor.py:161} INFO - Processing /opt/airflow/dags/running_time_con_sla.py took 0.078 seconds
[2022-06-26 13:41:10,351] {processor.py:153} INFO - Started process (PID=498) to work on /opt/airflow/dags/running_time_con_sla.py
[2022-06-26 13:41:10,352] {processor.py:641} INFO - Processing file /opt/airflow/dags/running_time_con_sla.py for tasks to queue
[2022-06-26 13:41:10,354] {logging_mixin.py:115} INFO - [2022-06-26 13:41:10,354] {dagbag.py:507} INFO - Filling up the DagBag from /opt/airflow/dags/running_time_con_sla.py
[2022-06-26 13:41:10,364] {processor.py:651} INFO - DAG(s) dict_keys(['running_controller_sla']) retrieved from /opt/airflow/dags/running_time_con_sla.py
[2022-06-26 13:41:10,381] {logging_mixin.py:115} INFO - [2022-06-26 13:41:10,381] {dag.py:2371} INFO - Sync 1 DAGs
[2022-06-26 13:41:10,395] {logging_mixin.py:115} INFO - [2022-06-26 13:41:10,395] {dag.py:2919} INFO - Setting next_dagrun for running_controller_sla to 2022-06-26T13:38:00+00:00, run_after=2022-06-26T13:40:00+00:00
[2022-06-26 13:41:10,402] {processor.py:161} INFO - Processing /opt/airflow/dags/running_time_con_sla.py took 0.054 seconds
[2022-06-26 13:41:41,066] {processor.py:153} INFO - Started process (PID=563) to work on /opt/airflow/dags/running_time_con_sla.py
[2022-06-26 13:41:41,067] {processor.py:641} INFO - Processing file /opt/airflow/dags/running_time_con_sla.py for tasks to queue
[2022-06-26 13:41:41,068] {logging_mixin.py:115} INFO - [2022-06-26 13:41:41,068] {dagbag.py:507} INFO - Filling up the DagBag from /opt/airflow/dags/running_time_con_sla.py
[2022-06-26 13:41:41,079] {processor.py:651} INFO - DAG(s) dict_keys(['running_controller_sla']) retrieved from /opt/airflow/dags/running_time_con_sla.py
[2022-06-26 13:41:41,095] {logging_mixin.py:115} INFO - [2022-06-26 13:41:41,095] {dag.py:2371} INFO - Sync 1 DAGs
[2022-06-26 13:41:41,108] {logging_mixin.py:115} INFO - [2022-06-26 13:41:41,108] {dag.py:2919} INFO - Setting next_dagrun for running_controller_sla to 2022-06-26T13:38:00+00:00, run_after=2022-06-26T13:40:00+00:00
[2022-06-26 13:41:41,115] {processor.py:161} INFO - Processing /opt/airflow/dags/running_time_con_sla.py took 0.054 seconds
[2022-06-26 13:42:11,696] {processor.py:153} INFO - Started process (PID=625) to work on /opt/airflow/dags/running_time_con_sla.py
[2022-06-26 13:42:11,697] {processor.py:641} INFO - Processing file /opt/airflow/dags/running_time_con_sla.py for tasks to queue
[2022-06-26 13:42:11,701] {logging_mixin.py:115} INFO - [2022-06-26 13:42:11,701] {dagbag.py:507} INFO - Filling up the DagBag from /opt/airflow/dags/running_time_con_sla.py
[2022-06-26 13:42:11,712] {processor.py:651} INFO - DAG(s) dict_keys(['running_controller_sla']) retrieved from /opt/airflow/dags/running_time_con_sla.py
[2022-06-26 13:42:11,728] {logging_mixin.py:115} INFO - [2022-06-26 13:42:11,728] {dag.py:2371} INFO - Sync 1 DAGs
[2022-06-26 13:42:11,741] {logging_mixin.py:115} INFO - [2022-06-26 13:42:11,741] {dag.py:2919} INFO - Setting next_dagrun for running_controller_sla to 2022-06-26T13:40:00+00:00, run_after=2022-06-26T13:42:00+00:00
[2022-06-26 13:42:11,748] {processor.py:161} INFO - Processing /opt/airflow/dags/running_time_con_sla.py took 0.055 seconds
[2022-06-26 13:42:42,565] {processor.py:153} INFO - Started process (PID=676) to work on /opt/airflow/dags/running_time_con_sla.py
[2022-06-26 13:42:42,569] {processor.py:641} INFO - Processing file /opt/airflow/dags/running_time_con_sla.py for tasks to queue
[2022-06-26 13:42:42,570] {logging_mixin.py:115} INFO - [2022-06-26 13:42:42,570] {dagbag.py:507} INFO - Filling up the DagBag from /opt/airflow/dags/running_time_con_sla.py
[2022-06-26 13:42:42,582] {processor.py:651} INFO - DAG(s) dict_keys(['running_controller_sla']) retrieved from /opt/airflow/dags/running_time_con_sla.py
[2022-06-26 13:42:42,600] {logging_mixin.py:115} INFO - [2022-06-26 13:42:42,600] {dag.py:2371} INFO - Sync 1 DAGs
[2022-06-26 13:42:42,615] {logging_mixin.py:115} INFO - [2022-06-26 13:42:42,615] {dag.py:2919} INFO - Setting next_dagrun for running_controller_sla to 2022-06-26T13:40:00+00:00, run_after=2022-06-26T13:42:00+00:00
[2022-06-26 13:42:42,625] {processor.py:161} INFO - Processing /opt/airflow/dags/running_time_con_sla.py took 0.063 seconds
[2022-06-26 13:43:13,338] {processor.py:153} INFO - Started process (PID=737) to work on /opt/airflow/dags/running_time_con_sla.py
[2022-06-26 13:43:13,339] {processor.py:641} INFO - Processing file /opt/airflow/dags/running_time_con_sla.py for tasks to queue
[2022-06-26 13:43:13,341] {logging_mixin.py:115} INFO - [2022-06-26 13:43:13,341] {dagbag.py:507} INFO - Filling up the DagBag from /opt/airflow/dags/running_time_con_sla.py
[2022-06-26 13:43:13,351] {processor.py:651} INFO - DAG(s) dict_keys(['running_controller_sla']) retrieved from /opt/airflow/dags/running_time_con_sla.py
[2022-06-26 13:43:13,367] {logging_mixin.py:115} INFO - [2022-06-26 13:43:13,367] {dag.py:2371} INFO - Sync 1 DAGs
[2022-06-26 13:43:13,381] {logging_mixin.py:115} INFO - [2022-06-26 13:43:13,380] {dag.py:2919} INFO - Setting next_dagrun for running_controller_sla to 2022-06-26T13:40:00+00:00, run_after=2022-06-26T13:42:00+00:00
[2022-06-26 13:43:13,387] {processor.py:161} INFO - Processing /opt/airflow/dags/running_time_con_sla.py took 0.051 seconds
[2022-06-26 13:43:44,296] {processor.py:153} INFO - Started process (PID=798) to work on /opt/airflow/dags/running_time_con_sla.py
[2022-06-26 13:43:44,299] {processor.py:641} INFO - Processing file /opt/airflow/dags/running_time_con_sla.py for tasks to queue
[2022-06-26 13:43:44,301] {logging_mixin.py:115} INFO - [2022-06-26 13:43:44,301] {dagbag.py:507} INFO - Filling up the DagBag from /opt/airflow/dags/running_time_con_sla.py
[2022-06-26 13:43:44,317] {processor.py:651} INFO - DAG(s) dict_keys(['running_controller_sla']) retrieved from /opt/airflow/dags/running_time_con_sla.py
[2022-06-26 13:43:44,341] {logging_mixin.py:115} INFO - [2022-06-26 13:43:44,341] {dag.py:2371} INFO - Sync 1 DAGs
[2022-06-26 13:43:44,367] {logging_mixin.py:115} INFO - [2022-06-26 13:43:44,367] {dag.py:2919} INFO - Setting next_dagrun for running_controller_sla to 2022-06-26T13:40:00+00:00, run_after=2022-06-26T13:42:00+00:00
[2022-06-26 13:43:44,396] {processor.py:161} INFO - Processing /opt/airflow/dags/running_time_con_sla.py took 0.102 seconds
[2022-06-26 13:44:14,427] {processor.py:153} INFO - Started process (PID=859) to work on /opt/airflow/dags/running_time_con_sla.py
[2022-06-26 13:44:14,428] {processor.py:641} INFO - Processing file /opt/airflow/dags/running_time_con_sla.py for tasks to queue
[2022-06-26 13:44:14,430] {logging_mixin.py:115} INFO - [2022-06-26 13:44:14,430] {dagbag.py:507} INFO - Filling up the DagBag from /opt/airflow/dags/running_time_con_sla.py
[2022-06-26 13:44:14,444] {processor.py:651} INFO - DAG(s) dict_keys(['running_controller_sla']) retrieved from /opt/airflow/dags/running_time_con_sla.py
[2022-06-26 13:44:14,471] {logging_mixin.py:115} INFO - [2022-06-26 13:44:14,471] {dag.py:2371} INFO - Sync 1 DAGs
[2022-06-26 13:44:14,486] {logging_mixin.py:115} INFO - [2022-06-26 13:44:14,485] {dag.py:2919} INFO - Setting next_dagrun for running_controller_sla to 2022-06-26T13:42:00+00:00, run_after=2022-06-26T13:44:00+00:00
[2022-06-26 13:44:14,494] {processor.py:161} INFO - Processing /opt/airflow/dags/running_time_con_sla.py took 0.069 seconds
[2022-06-26 13:44:45,460] {processor.py:153} INFO - Started process (PID=919) to work on /opt/airflow/dags/running_time_con_sla.py
[2022-06-26 13:44:45,461] {processor.py:641} INFO - Processing file /opt/airflow/dags/running_time_con_sla.py for tasks to queue
[2022-06-26 13:44:45,462] {logging_mixin.py:115} INFO - [2022-06-26 13:44:45,462] {dagbag.py:507} INFO - Filling up the DagBag from /opt/airflow/dags/running_time_con_sla.py
[2022-06-26 13:44:45,473] {processor.py:651} INFO - DAG(s) dict_keys(['running_controller_sla']) retrieved from /opt/airflow/dags/running_time_con_sla.py
[2022-06-26 13:44:45,489] {logging_mixin.py:115} INFO - [2022-06-26 13:44:45,489] {dag.py:2371} INFO - Sync 1 DAGs
[2022-06-26 13:44:45,502] {logging_mixin.py:115} INFO - [2022-06-26 13:44:45,502] {dag.py:2919} INFO - Setting next_dagrun for running_controller_sla to 2022-06-26T13:42:00+00:00, run_after=2022-06-26T13:44:00+00:00
[2022-06-26 13:44:45,508] {processor.py:161} INFO - Processing /opt/airflow/dags/running_time_con_sla.py took 0.050 seconds
[2022-06-26 13:45:16,182] {processor.py:153} INFO - Started process (PID=979) to work on /opt/airflow/dags/running_time_con_sla.py
[2022-06-26 13:45:16,186] {processor.py:641} INFO - Processing file /opt/airflow/dags/running_time_con_sla.py for tasks to queue
[2022-06-26 13:45:16,187] {logging_mixin.py:115} INFO - [2022-06-26 13:45:16,187] {dagbag.py:507} INFO - Filling up the DagBag from /opt/airflow/dags/running_time_con_sla.py
[2022-06-26 13:45:16,202] {processor.py:651} INFO - DAG(s) dict_keys(['running_controller_sla']) retrieved from /opt/airflow/dags/running_time_con_sla.py
[2022-06-26 13:45:16,224] {logging_mixin.py:115} INFO - [2022-06-26 13:45:16,224] {dag.py:2371} INFO - Sync 1 DAGs
[2022-06-26 13:45:16,244] {logging_mixin.py:115} INFO - [2022-06-26 13:45:16,244] {dag.py:2919} INFO - Setting next_dagrun for running_controller_sla to 2022-06-26T13:42:00+00:00, run_after=2022-06-26T13:44:00+00:00
[2022-06-26 13:45:16,256] {processor.py:161} INFO - Processing /opt/airflow/dags/running_time_con_sla.py took 0.076 seconds
[2022-06-26 13:45:46,902] {processor.py:153} INFO - Started process (PID=1041) to work on /opt/airflow/dags/running_time_con_sla.py
[2022-06-26 13:45:46,904] {processor.py:641} INFO - Processing file /opt/airflow/dags/running_time_con_sla.py for tasks to queue
[2022-06-26 13:45:46,904] {logging_mixin.py:115} INFO - [2022-06-26 13:45:46,904] {dagbag.py:507} INFO - Filling up the DagBag from /opt/airflow/dags/running_time_con_sla.py
[2022-06-26 13:45:46,916] {processor.py:651} INFO - DAG(s) dict_keys(['running_controller_sla']) retrieved from /opt/airflow/dags/running_time_con_sla.py
[2022-06-26 13:45:46,934] {logging_mixin.py:115} INFO - [2022-06-26 13:45:46,934] {dag.py:2371} INFO - Sync 1 DAGs
[2022-06-26 13:45:46,948] {logging_mixin.py:115} INFO - [2022-06-26 13:45:46,948] {dag.py:2919} INFO - Setting next_dagrun for running_controller_sla to 2022-06-26T13:42:00+00:00, run_after=2022-06-26T13:44:00+00:00
[2022-06-26 13:45:46,956] {processor.py:161} INFO - Processing /opt/airflow/dags/running_time_con_sla.py took 0.056 seconds
[2022-06-26 13:46:17,637] {processor.py:153} INFO - Started process (PID=1092) to work on /opt/airflow/dags/running_time_con_sla.py
[2022-06-26 13:46:17,639] {processor.py:641} INFO - Processing file /opt/airflow/dags/running_time_con_sla.py for tasks to queue
[2022-06-26 13:46:17,640] {logging_mixin.py:115} INFO - [2022-06-26 13:46:17,640] {dagbag.py:507} INFO - Filling up the DagBag from /opt/airflow/dags/running_time_con_sla.py
[2022-06-26 13:46:17,650] {processor.py:651} INFO - DAG(s) dict_keys(['running_controller_sla']) retrieved from /opt/airflow/dags/running_time_con_sla.py
[2022-06-26 13:46:17,667] {logging_mixin.py:115} INFO - [2022-06-26 13:46:17,667] {dag.py:2371} INFO - Sync 1 DAGs
[2022-06-26 13:46:17,680] {logging_mixin.py:115} INFO - [2022-06-26 13:46:17,680] {dag.py:2919} INFO - Setting next_dagrun for running_controller_sla to 2022-06-26T13:44:00+00:00, run_after=2022-06-26T13:46:00+00:00
[2022-06-26 13:46:17,687] {processor.py:161} INFO - Processing /opt/airflow/dags/running_time_con_sla.py took 0.052 seconds
[2022-06-26 13:46:48,473] {processor.py:153} INFO - Started process (PID=1153) to work on /opt/airflow/dags/running_time_con_sla.py
[2022-06-26 13:46:48,474] {processor.py:641} INFO - Processing file /opt/airflow/dags/running_time_con_sla.py for tasks to queue
[2022-06-26 13:46:48,476] {logging_mixin.py:115} INFO - [2022-06-26 13:46:48,476] {dagbag.py:507} INFO - Filling up the DagBag from /opt/airflow/dags/running_time_con_sla.py
[2022-06-26 13:46:48,487] {processor.py:651} INFO - DAG(s) dict_keys(['running_controller_sla']) retrieved from /opt/airflow/dags/running_time_con_sla.py
[2022-06-26 13:46:48,505] {logging_mixin.py:115} INFO - [2022-06-26 13:46:48,504] {dag.py:2371} INFO - Sync 1 DAGs
[2022-06-26 13:46:48,519] {logging_mixin.py:115} INFO - [2022-06-26 13:46:48,519] {dag.py:2919} INFO - Setting next_dagrun for running_controller_sla to 2022-06-26T13:44:00+00:00, run_after=2022-06-26T13:46:00+00:00
[2022-06-26 13:46:48,526] {processor.py:161} INFO - Processing /opt/airflow/dags/running_time_con_sla.py took 0.055 seconds
[2022-06-26 13:47:19,407] {processor.py:153} INFO - Started process (PID=1214) to work on /opt/airflow/dags/running_time_con_sla.py
[2022-06-26 13:47:19,410] {processor.py:641} INFO - Processing file /opt/airflow/dags/running_time_con_sla.py for tasks to queue
[2022-06-26 13:47:19,411] {logging_mixin.py:115} INFO - [2022-06-26 13:47:19,411] {dagbag.py:507} INFO - Filling up the DagBag from /opt/airflow/dags/running_time_con_sla.py
[2022-06-26 13:47:19,422] {processor.py:651} INFO - DAG(s) dict_keys(['running_controller_sla']) retrieved from /opt/airflow/dags/running_time_con_sla.py
[2022-06-26 13:47:19,437] {logging_mixin.py:115} INFO - [2022-06-26 13:47:19,437] {dag.py:2371} INFO - Sync 1 DAGs
[2022-06-26 13:47:19,451] {logging_mixin.py:115} INFO - [2022-06-26 13:47:19,451] {dag.py:2919} INFO - Setting next_dagrun for running_controller_sla to 2022-06-26T13:44:00+00:00, run_after=2022-06-26T13:46:00+00:00
[2022-06-26 13:47:19,459] {processor.py:161} INFO - Processing /opt/airflow/dags/running_time_con_sla.py took 0.054 seconds
[2022-06-26 13:47:50,372] {processor.py:153} INFO - Started process (PID=1275) to work on /opt/airflow/dags/running_time_con_sla.py
[2022-06-26 13:47:50,373] {processor.py:641} INFO - Processing file /opt/airflow/dags/running_time_con_sla.py for tasks to queue
[2022-06-26 13:47:50,374] {logging_mixin.py:115} INFO - [2022-06-26 13:47:50,374] {dagbag.py:507} INFO - Filling up the DagBag from /opt/airflow/dags/running_time_con_sla.py
[2022-06-26 13:47:50,386] {processor.py:651} INFO - DAG(s) dict_keys(['running_controller_sla']) retrieved from /opt/airflow/dags/running_time_con_sla.py
[2022-06-26 13:47:50,403] {logging_mixin.py:115} INFO - [2022-06-26 13:47:50,403] {dag.py:2371} INFO - Sync 1 DAGs
[2022-06-26 13:47:50,416] {logging_mixin.py:115} INFO - [2022-06-26 13:47:50,416] {dag.py:2919} INFO - Setting next_dagrun for running_controller_sla to 2022-06-26T13:44:00+00:00, run_after=2022-06-26T13:46:00+00:00
[2022-06-26 13:47:50,423] {processor.py:161} INFO - Processing /opt/airflow/dags/running_time_con_sla.py took 0.053 seconds
[2022-06-26 13:48:21,204] {processor.py:153} INFO - Started process (PID=1335) to work on /opt/airflow/dags/running_time_con_sla.py
[2022-06-26 13:48:21,205] {processor.py:641} INFO - Processing file /opt/airflow/dags/running_time_con_sla.py for tasks to queue
[2022-06-26 13:48:21,207] {logging_mixin.py:115} INFO - [2022-06-26 13:48:21,206] {dagbag.py:507} INFO - Filling up the DagBag from /opt/airflow/dags/running_time_con_sla.py
[2022-06-26 13:48:21,222] {processor.py:651} INFO - DAG(s) dict_keys(['running_controller_sla']) retrieved from /opt/airflow/dags/running_time_con_sla.py
[2022-06-26 13:48:21,242] {logging_mixin.py:115} INFO - [2022-06-26 13:48:21,242] {dag.py:2371} INFO - Sync 1 DAGs
[2022-06-26 13:48:21,258] {logging_mixin.py:115} INFO - [2022-06-26 13:48:21,257] {dag.py:2919} INFO - Setting next_dagrun for running_controller_sla to 2022-06-26T13:46:00+00:00, run_after=2022-06-26T13:48:00+00:00
[2022-06-26 13:48:21,275] {processor.py:161} INFO - Processing /opt/airflow/dags/running_time_con_sla.py took 0.073 seconds
[2022-06-26 13:48:51,989] {processor.py:153} INFO - Started process (PID=1396) to work on /opt/airflow/dags/running_time_con_sla.py
[2022-06-26 13:48:51,990] {processor.py:641} INFO - Processing file /opt/airflow/dags/running_time_con_sla.py for tasks to queue
[2022-06-26 13:48:51,991] {logging_mixin.py:115} INFO - [2022-06-26 13:48:51,991] {dagbag.py:507} INFO - Filling up the DagBag from /opt/airflow/dags/running_time_con_sla.py
[2022-06-26 13:48:52,002] {processor.py:651} INFO - DAG(s) dict_keys(['running_controller_sla']) retrieved from /opt/airflow/dags/running_time_con_sla.py
[2022-06-26 13:48:52,018] {logging_mixin.py:115} INFO - [2022-06-26 13:48:52,018] {dag.py:2371} INFO - Sync 1 DAGs
[2022-06-26 13:48:52,031] {logging_mixin.py:115} INFO - [2022-06-26 13:48:52,031] {dag.py:2919} INFO - Setting next_dagrun for running_controller_sla to 2022-06-26T13:46:00+00:00, run_after=2022-06-26T13:48:00+00:00
[2022-06-26 13:48:52,038] {processor.py:161} INFO - Processing /opt/airflow/dags/running_time_con_sla.py took 0.051 seconds
[2022-06-26 13:49:22,738] {processor.py:153} INFO - Started process (PID=1456) to work on /opt/airflow/dags/running_time_con_sla.py
[2022-06-26 13:49:22,739] {processor.py:641} INFO - Processing file /opt/airflow/dags/running_time_con_sla.py for tasks to queue
[2022-06-26 13:49:22,741] {logging_mixin.py:115} INFO - [2022-06-26 13:49:22,741] {dagbag.py:507} INFO - Filling up the DagBag from /opt/airflow/dags/running_time_con_sla.py
[2022-06-26 13:49:22,753] {processor.py:651} INFO - DAG(s) dict_keys(['running_controller_sla']) retrieved from /opt/airflow/dags/running_time_con_sla.py
[2022-06-26 13:49:22,773] {logging_mixin.py:115} INFO - [2022-06-26 13:49:22,773] {dag.py:2371} INFO - Sync 1 DAGs
[2022-06-26 13:49:22,793] {logging_mixin.py:115} INFO - [2022-06-26 13:49:22,793] {dag.py:2919} INFO - Setting next_dagrun for running_controller_sla to 2022-06-26T13:46:00+00:00, run_after=2022-06-26T13:48:00+00:00
[2022-06-26 13:49:22,802] {processor.py:161} INFO - Processing /opt/airflow/dags/running_time_con_sla.py took 0.066 seconds
[2022-06-26 13:49:53,382] {processor.py:153} INFO - Started process (PID=1518) to work on /opt/airflow/dags/running_time_con_sla.py
[2022-06-26 13:49:53,384] {processor.py:641} INFO - Processing file /opt/airflow/dags/running_time_con_sla.py for tasks to queue
[2022-06-26 13:49:53,385] {logging_mixin.py:115} INFO - [2022-06-26 13:49:53,385] {dagbag.py:507} INFO - Filling up the DagBag from /opt/airflow/dags/running_time_con_sla.py
[2022-06-26 13:49:53,396] {processor.py:651} INFO - DAG(s) dict_keys(['running_controller_sla']) retrieved from /opt/airflow/dags/running_time_con_sla.py
[2022-06-26 13:49:53,414] {logging_mixin.py:115} INFO - [2022-06-26 13:49:53,414] {dag.py:2371} INFO - Sync 1 DAGs
[2022-06-26 13:49:53,428] {logging_mixin.py:115} INFO - [2022-06-26 13:49:53,428] {dag.py:2919} INFO - Setting next_dagrun for running_controller_sla to 2022-06-26T13:46:00+00:00, run_after=2022-06-26T13:48:00+00:00
[2022-06-26 13:49:53,435] {processor.py:161} INFO - Processing /opt/airflow/dags/running_time_con_sla.py took 0.055 seconds
[2022-06-26 13:50:24,225] {processor.py:153} INFO - Started process (PID=1569) to work on /opt/airflow/dags/running_time_con_sla.py
[2022-06-26 13:50:24,226] {processor.py:641} INFO - Processing file /opt/airflow/dags/running_time_con_sla.py for tasks to queue
[2022-06-26 13:50:24,227] {logging_mixin.py:115} INFO - [2022-06-26 13:50:24,227] {dagbag.py:507} INFO - Filling up the DagBag from /opt/airflow/dags/running_time_con_sla.py
[2022-06-26 13:50:24,238] {processor.py:651} INFO - DAG(s) dict_keys(['running_controller_sla']) retrieved from /opt/airflow/dags/running_time_con_sla.py
[2022-06-26 13:50:24,254] {logging_mixin.py:115} INFO - [2022-06-26 13:50:24,254] {dag.py:2371} INFO - Sync 1 DAGs
[2022-06-26 13:50:24,269] {logging_mixin.py:115} INFO - [2022-06-26 13:50:24,269] {dag.py:2919} INFO - Setting next_dagrun for running_controller_sla to 2022-06-26T13:48:00+00:00, run_after=2022-06-26T13:50:00+00:00
[2022-06-26 13:50:24,276] {processor.py:161} INFO - Processing /opt/airflow/dags/running_time_con_sla.py took 0.053 seconds
[2022-06-26 13:50:54,960] {processor.py:153} INFO - Started process (PID=1630) to work on /opt/airflow/dags/running_time_con_sla.py
[2022-06-26 13:50:54,961] {processor.py:641} INFO - Processing file /opt/airflow/dags/running_time_con_sla.py for tasks to queue
[2022-06-26 13:50:54,962] {logging_mixin.py:115} INFO - [2022-06-26 13:50:54,962] {dagbag.py:507} INFO - Filling up the DagBag from /opt/airflow/dags/running_time_con_sla.py
[2022-06-26 13:50:54,972] {processor.py:651} INFO - DAG(s) dict_keys(['running_controller_sla']) retrieved from /opt/airflow/dags/running_time_con_sla.py
[2022-06-26 13:50:54,989] {logging_mixin.py:115} INFO - [2022-06-26 13:50:54,989] {dag.py:2371} INFO - Sync 1 DAGs
[2022-06-26 13:50:55,001] {logging_mixin.py:115} INFO - [2022-06-26 13:50:55,001] {dag.py:2919} INFO - Setting next_dagrun for running_controller_sla to 2022-06-26T13:48:00+00:00, run_after=2022-06-26T13:50:00+00:00
[2022-06-26 13:50:55,009] {processor.py:161} INFO - Processing /opt/airflow/dags/running_time_con_sla.py took 0.051 seconds
[2022-06-26 13:51:25,692] {processor.py:153} INFO - Started process (PID=1690) to work on /opt/airflow/dags/running_time_con_sla.py
[2022-06-26 13:51:25,693] {processor.py:641} INFO - Processing file /opt/airflow/dags/running_time_con_sla.py for tasks to queue
[2022-06-26 13:51:25,695] {logging_mixin.py:115} INFO - [2022-06-26 13:51:25,695] {dagbag.py:507} INFO - Filling up the DagBag from /opt/airflow/dags/running_time_con_sla.py
[2022-06-26 13:51:25,706] {processor.py:651} INFO - DAG(s) dict_keys(['running_controller_sla']) retrieved from /opt/airflow/dags/running_time_con_sla.py
[2022-06-26 13:51:25,727] {logging_mixin.py:115} INFO - [2022-06-26 13:51:25,727] {dag.py:2371} INFO - Sync 1 DAGs
[2022-06-26 13:51:25,744] {logging_mixin.py:115} INFO - [2022-06-26 13:51:25,744] {dag.py:2919} INFO - Setting next_dagrun for running_controller_sla to 2022-06-26T13:48:00+00:00, run_after=2022-06-26T13:50:00+00:00
[2022-06-26 13:51:25,753] {processor.py:161} INFO - Processing /opt/airflow/dags/running_time_con_sla.py took 0.063 seconds
[2022-06-26 13:51:56,474] {processor.py:153} INFO - Started process (PID=1750) to work on /opt/airflow/dags/running_time_con_sla.py
[2022-06-26 13:51:56,478] {processor.py:641} INFO - Processing file /opt/airflow/dags/running_time_con_sla.py for tasks to queue
[2022-06-26 13:51:56,479] {logging_mixin.py:115} INFO - [2022-06-26 13:51:56,479] {dagbag.py:507} INFO - Filling up the DagBag from /opt/airflow/dags/running_time_con_sla.py
[2022-06-26 13:51:56,492] {processor.py:651} INFO - DAG(s) dict_keys(['running_controller_sla']) retrieved from /opt/airflow/dags/running_time_con_sla.py
[2022-06-26 13:51:56,510] {logging_mixin.py:115} INFO - [2022-06-26 13:51:56,510] {dag.py:2371} INFO - Sync 1 DAGs
[2022-06-26 13:51:56,525] {logging_mixin.py:115} INFO - [2022-06-26 13:51:56,525] {dag.py:2919} INFO - Setting next_dagrun for running_controller_sla to 2022-06-26T13:48:00+00:00, run_after=2022-06-26T13:50:00+00:00
[2022-06-26 13:51:56,532] {processor.py:161} INFO - Processing /opt/airflow/dags/running_time_con_sla.py took 0.061 seconds
[2022-06-26 13:52:27,416] {processor.py:153} INFO - Started process (PID=1811) to work on /opt/airflow/dags/running_time_con_sla.py
[2022-06-26 13:52:27,418] {processor.py:641} INFO - Processing file /opt/airflow/dags/running_time_con_sla.py for tasks to queue
[2022-06-26 13:52:27,418] {logging_mixin.py:115} INFO - [2022-06-26 13:52:27,418] {dagbag.py:507} INFO - Filling up the DagBag from /opt/airflow/dags/running_time_con_sla.py
[2022-06-26 13:52:27,428] {processor.py:651} INFO - DAG(s) dict_keys(['running_controller_sla']) retrieved from /opt/airflow/dags/running_time_con_sla.py
[2022-06-26 13:52:27,445] {logging_mixin.py:115} INFO - [2022-06-26 13:52:27,445] {dag.py:2371} INFO - Sync 1 DAGs
[2022-06-26 13:52:27,458] {logging_mixin.py:115} INFO - [2022-06-26 13:52:27,458] {dag.py:2919} INFO - Setting next_dagrun for running_controller_sla to 2022-06-26T13:50:00+00:00, run_after=2022-06-26T13:52:00+00:00
[2022-06-26 13:52:27,465] {processor.py:161} INFO - Processing /opt/airflow/dags/running_time_con_sla.py took 0.050 seconds
[2022-06-26 13:52:58,333] {processor.py:153} INFO - Started process (PID=1871) to work on /opt/airflow/dags/running_time_con_sla.py
[2022-06-26 13:52:58,334] {processor.py:641} INFO - Processing file /opt/airflow/dags/running_time_con_sla.py for tasks to queue
[2022-06-26 13:52:58,335] {logging_mixin.py:115} INFO - [2022-06-26 13:52:58,335] {dagbag.py:507} INFO - Filling up the DagBag from /opt/airflow/dags/running_time_con_sla.py
[2022-06-26 13:52:58,345] {processor.py:651} INFO - DAG(s) dict_keys(['running_controller_sla']) retrieved from /opt/airflow/dags/running_time_con_sla.py
[2022-06-26 13:52:58,361] {logging_mixin.py:115} INFO - [2022-06-26 13:52:58,361] {dag.py:2371} INFO - Sync 1 DAGs
[2022-06-26 13:52:58,374] {logging_mixin.py:115} INFO - [2022-06-26 13:52:58,374] {dag.py:2919} INFO - Setting next_dagrun for running_controller_sla to 2022-06-26T13:50:00+00:00, run_after=2022-06-26T13:52:00+00:00
[2022-06-26 13:52:58,383] {processor.py:161} INFO - Processing /opt/airflow/dags/running_time_con_sla.py took 0.052 seconds
[2022-06-26 13:53:29,226] {processor.py:153} INFO - Started process (PID=1932) to work on /opt/airflow/dags/running_time_con_sla.py
[2022-06-26 13:53:29,228] {processor.py:641} INFO - Processing file /opt/airflow/dags/running_time_con_sla.py for tasks to queue
[2022-06-26 13:53:29,230] {logging_mixin.py:115} INFO - [2022-06-26 13:53:29,230] {dagbag.py:507} INFO - Filling up the DagBag from /opt/airflow/dags/running_time_con_sla.py
[2022-06-26 13:53:29,241] {processor.py:651} INFO - DAG(s) dict_keys(['running_controller_sla']) retrieved from /opt/airflow/dags/running_time_con_sla.py
[2022-06-26 13:53:29,261] {logging_mixin.py:115} INFO - [2022-06-26 13:53:29,261] {dag.py:2371} INFO - Sync 1 DAGs
[2022-06-26 13:53:29,274] {logging_mixin.py:115} INFO - [2022-06-26 13:53:29,274] {dag.py:2919} INFO - Setting next_dagrun for running_controller_sla to 2022-06-26T13:50:00+00:00, run_after=2022-06-26T13:52:00+00:00
[2022-06-26 13:53:29,280] {processor.py:161} INFO - Processing /opt/airflow/dags/running_time_con_sla.py took 0.057 seconds
[2022-06-26 13:53:59,348] {processor.py:153} INFO - Started process (PID=1983) to work on /opt/airflow/dags/running_time_con_sla.py
[2022-06-26 13:53:59,349] {processor.py:641} INFO - Processing file /opt/airflow/dags/running_time_con_sla.py for tasks to queue
[2022-06-26 13:53:59,351] {logging_mixin.py:115} INFO - [2022-06-26 13:53:59,351] {dagbag.py:507} INFO - Filling up the DagBag from /opt/airflow/dags/running_time_con_sla.py
[2022-06-26 13:53:59,362] {processor.py:651} INFO - DAG(s) dict_keys(['running_controller_sla']) retrieved from /opt/airflow/dags/running_time_con_sla.py
[2022-06-26 13:53:59,378] {logging_mixin.py:115} INFO - [2022-06-26 13:53:59,378] {dag.py:2371} INFO - Sync 1 DAGs
[2022-06-26 13:53:59,391] {logging_mixin.py:115} INFO - [2022-06-26 13:53:59,391] {dag.py:2919} INFO - Setting next_dagrun for running_controller_sla to 2022-06-26T13:50:00+00:00, run_after=2022-06-26T13:52:00+00:00
[2022-06-26 13:53:59,398] {processor.py:161} INFO - Processing /opt/airflow/dags/running_time_con_sla.py took 0.052 seconds
[2022-06-26 13:54:30,159] {processor.py:153} INFO - Started process (PID=2043) to work on /opt/airflow/dags/running_time_con_sla.py
[2022-06-26 13:54:30,161] {processor.py:641} INFO - Processing file /opt/airflow/dags/running_time_con_sla.py for tasks to queue
[2022-06-26 13:54:30,163] {logging_mixin.py:115} INFO - [2022-06-26 13:54:30,163] {dagbag.py:507} INFO - Filling up the DagBag from /opt/airflow/dags/running_time_con_sla.py
[2022-06-26 13:54:30,176] {processor.py:651} INFO - DAG(s) dict_keys(['running_controller_sla']) retrieved from /opt/airflow/dags/running_time_con_sla.py
[2022-06-26 13:54:30,196] {logging_mixin.py:115} INFO - [2022-06-26 13:54:30,196] {dag.py:2371} INFO - Sync 1 DAGs
[2022-06-26 13:54:30,210] {logging_mixin.py:115} INFO - [2022-06-26 13:54:30,210] {dag.py:2919} INFO - Setting next_dagrun for running_controller_sla to 2022-06-26T13:52:00+00:00, run_after=2022-06-26T13:54:00+00:00
[2022-06-26 13:54:30,218] {processor.py:161} INFO - Processing /opt/airflow/dags/running_time_con_sla.py took 0.061 seconds
[2022-06-26 13:55:01,049] {processor.py:153} INFO - Started process (PID=2104) to work on /opt/airflow/dags/running_time_con_sla.py
[2022-06-26 13:55:01,050] {processor.py:641} INFO - Processing file /opt/airflow/dags/running_time_con_sla.py for tasks to queue
[2022-06-26 13:55:01,052] {logging_mixin.py:115} INFO - [2022-06-26 13:55:01,052] {dagbag.py:507} INFO - Filling up the DagBag from /opt/airflow/dags/running_time_con_sla.py
[2022-06-26 13:55:01,063] {processor.py:651} INFO - DAG(s) dict_keys(['running_controller_sla']) retrieved from /opt/airflow/dags/running_time_con_sla.py
[2022-06-26 13:55:01,079] {logging_mixin.py:115} INFO - [2022-06-26 13:55:01,079] {dag.py:2371} INFO - Sync 1 DAGs
[2022-06-26 13:55:01,092] {logging_mixin.py:115} INFO - [2022-06-26 13:55:01,092] {dag.py:2919} INFO - Setting next_dagrun for running_controller_sla to 2022-06-26T13:52:00+00:00, run_after=2022-06-26T13:54:00+00:00
[2022-06-26 13:55:01,100] {processor.py:161} INFO - Processing /opt/airflow/dags/running_time_con_sla.py took 0.053 seconds
[2022-06-26 13:55:31,186] {processor.py:153} INFO - Started process (PID=2164) to work on /opt/airflow/dags/running_time_con_sla.py
[2022-06-26 13:55:31,187] {processor.py:641} INFO - Processing file /opt/airflow/dags/running_time_con_sla.py for tasks to queue
[2022-06-26 13:55:31,188] {logging_mixin.py:115} INFO - [2022-06-26 13:55:31,188] {dagbag.py:507} INFO - Filling up the DagBag from /opt/airflow/dags/running_time_con_sla.py
[2022-06-26 13:55:31,199] {processor.py:651} INFO - DAG(s) dict_keys(['running_controller_sla']) retrieved from /opt/airflow/dags/running_time_con_sla.py
[2022-06-26 13:55:31,215] {logging_mixin.py:115} INFO - [2022-06-26 13:55:31,215] {dag.py:2371} INFO - Sync 1 DAGs
[2022-06-26 13:55:31,227] {logging_mixin.py:115} INFO - [2022-06-26 13:55:31,227] {dag.py:2919} INFO - Setting next_dagrun for running_controller_sla to 2022-06-26T13:52:00+00:00, run_after=2022-06-26T13:54:00+00:00
[2022-06-26 13:55:31,234] {processor.py:161} INFO - Processing /opt/airflow/dags/running_time_con_sla.py took 0.050 seconds
[2022-06-26 13:56:02,094] {processor.py:153} INFO - Started process (PID=2225) to work on /opt/airflow/dags/running_time_con_sla.py
[2022-06-26 13:56:02,096] {processor.py:641} INFO - Processing file /opt/airflow/dags/running_time_con_sla.py for tasks to queue
[2022-06-26 13:56:02,097] {logging_mixin.py:115} INFO - [2022-06-26 13:56:02,097] {dagbag.py:507} INFO - Filling up the DagBag from /opt/airflow/dags/running_time_con_sla.py
[2022-06-26 13:56:02,108] {processor.py:651} INFO - DAG(s) dict_keys(['running_controller_sla']) retrieved from /opt/airflow/dags/running_time_con_sla.py
[2022-06-26 13:56:02,125] {logging_mixin.py:115} INFO - [2022-06-26 13:56:02,125] {dag.py:2371} INFO - Sync 1 DAGs
[2022-06-26 13:56:02,140] {logging_mixin.py:115} INFO - [2022-06-26 13:56:02,140] {dag.py:2919} INFO - Setting next_dagrun for running_controller_sla to 2022-06-26T13:54:00+00:00, run_after=2022-06-26T13:56:00+00:00
[2022-06-26 13:56:02,147] {processor.py:161} INFO - Processing /opt/airflow/dags/running_time_con_sla.py took 0.056 seconds
[2022-06-26 13:56:33,073] {processor.py:153} INFO - Started process (PID=2287) to work on /opt/airflow/dags/running_time_con_sla.py
[2022-06-26 13:56:33,074] {processor.py:641} INFO - Processing file /opt/airflow/dags/running_time_con_sla.py for tasks to queue
[2022-06-26 13:56:33,075] {logging_mixin.py:115} INFO - [2022-06-26 13:56:33,075] {dagbag.py:507} INFO - Filling up the DagBag from /opt/airflow/dags/running_time_con_sla.py
[2022-06-26 13:56:33,087] {processor.py:651} INFO - DAG(s) dict_keys(['running_controller_sla']) retrieved from /opt/airflow/dags/running_time_con_sla.py
[2022-06-26 13:56:33,105] {logging_mixin.py:115} INFO - [2022-06-26 13:56:33,105] {dag.py:2371} INFO - Sync 1 DAGs
[2022-06-26 13:56:33,119] {logging_mixin.py:115} INFO - [2022-06-26 13:56:33,119] {dag.py:2919} INFO - Setting next_dagrun for running_controller_sla to 2022-06-26T13:54:00+00:00, run_after=2022-06-26T13:56:00+00:00
[2022-06-26 13:56:33,126] {processor.py:161} INFO - Processing /opt/airflow/dags/running_time_con_sla.py took 0.055 seconds
[2022-06-26 13:57:03,352] {processor.py:153} INFO - Started process (PID=2347) to work on /opt/airflow/dags/running_time_con_sla.py
[2022-06-26 13:57:03,354] {processor.py:641} INFO - Processing file /opt/airflow/dags/running_time_con_sla.py for tasks to queue
[2022-06-26 13:57:03,356] {logging_mixin.py:115} INFO - [2022-06-26 13:57:03,356] {dagbag.py:507} INFO - Filling up the DagBag from /opt/airflow/dags/running_time_con_sla.py
[2022-06-26 13:57:03,371] {processor.py:651} INFO - DAG(s) dict_keys(['running_controller_sla']) retrieved from /opt/airflow/dags/running_time_con_sla.py
[2022-06-26 13:57:03,393] {logging_mixin.py:115} INFO - [2022-06-26 13:57:03,393] {dag.py:2371} INFO - Sync 1 DAGs
[2022-06-26 13:57:03,414] {logging_mixin.py:115} INFO - [2022-06-26 13:57:03,414] {dag.py:2919} INFO - Setting next_dagrun for running_controller_sla to 2022-06-26T13:54:00+00:00, run_after=2022-06-26T13:56:00+00:00
[2022-06-26 13:57:03,427] {processor.py:161} INFO - Processing /opt/airflow/dags/running_time_con_sla.py took 0.078 seconds
[2022-06-26 13:57:34,337] {processor.py:153} INFO - Started process (PID=2399) to work on /opt/airflow/dags/running_time_con_sla.py
[2022-06-26 13:57:34,338] {processor.py:641} INFO - Processing file /opt/airflow/dags/running_time_con_sla.py for tasks to queue
[2022-06-26 13:57:34,339] {logging_mixin.py:115} INFO - [2022-06-26 13:57:34,339] {dagbag.py:507} INFO - Filling up the DagBag from /opt/airflow/dags/running_time_con_sla.py
[2022-06-26 13:57:34,349] {processor.py:651} INFO - DAG(s) dict_keys(['running_controller_sla']) retrieved from /opt/airflow/dags/running_time_con_sla.py
[2022-06-26 13:57:34,366] {logging_mixin.py:115} INFO - [2022-06-26 13:57:34,366] {dag.py:2371} INFO - Sync 1 DAGs
[2022-06-26 13:57:34,379] {logging_mixin.py:115} INFO - [2022-06-26 13:57:34,379] {dag.py:2919} INFO - Setting next_dagrun for running_controller_sla to 2022-06-26T13:54:00+00:00, run_after=2022-06-26T13:56:00+00:00
[2022-06-26 13:57:34,386] {processor.py:161} INFO - Processing /opt/airflow/dags/running_time_con_sla.py took 0.051 seconds
[2022-06-26 13:58:05,161] {processor.py:153} INFO - Started process (PID=2460) to work on /opt/airflow/dags/running_time_con_sla.py
[2022-06-26 13:58:05,163] {processor.py:641} INFO - Processing file /opt/airflow/dags/running_time_con_sla.py for tasks to queue
[2022-06-26 13:58:05,164] {logging_mixin.py:115} INFO - [2022-06-26 13:58:05,164] {dagbag.py:507} INFO - Filling up the DagBag from /opt/airflow/dags/running_time_con_sla.py
[2022-06-26 13:58:05,177] {processor.py:651} INFO - DAG(s) dict_keys(['running_controller_sla']) retrieved from /opt/airflow/dags/running_time_con_sla.py
[2022-06-26 13:58:05,195] {logging_mixin.py:115} INFO - [2022-06-26 13:58:05,195] {dag.py:2371} INFO - Sync 1 DAGs
[2022-06-26 13:58:05,209] {logging_mixin.py:115} INFO - [2022-06-26 13:58:05,209] {dag.py:2919} INFO - Setting next_dagrun for running_controller_sla to 2022-06-26T13:56:00+00:00, run_after=2022-06-26T13:58:00+00:00
[2022-06-26 13:58:05,218] {processor.py:161} INFO - Processing /opt/airflow/dags/running_time_con_sla.py took 0.060 seconds
[2022-06-26 13:58:35,550] {processor.py:153} INFO - Started process (PID=2521) to work on /opt/airflow/dags/running_time_con_sla.py
[2022-06-26 13:58:35,551] {processor.py:641} INFO - Processing file /opt/airflow/dags/running_time_con_sla.py for tasks to queue
[2022-06-26 13:58:35,552] {logging_mixin.py:115} INFO - [2022-06-26 13:58:35,552] {dagbag.py:507} INFO - Filling up the DagBag from /opt/airflow/dags/running_time_con_sla.py
[2022-06-26 13:58:35,568] {processor.py:651} INFO - DAG(s) dict_keys(['running_controller_sla']) retrieved from /opt/airflow/dags/running_time_con_sla.py
[2022-06-26 13:58:35,590] {logging_mixin.py:115} INFO - [2022-06-26 13:58:35,590] {dag.py:2371} INFO - Sync 1 DAGs
[2022-06-26 13:58:35,607] {logging_mixin.py:115} INFO - [2022-06-26 13:58:35,607] {dag.py:2919} INFO - Setting next_dagrun for running_controller_sla to 2022-06-26T13:56:00+00:00, run_after=2022-06-26T13:58:00+00:00
[2022-06-26 13:58:35,618] {processor.py:161} INFO - Processing /opt/airflow/dags/running_time_con_sla.py took 0.071 seconds
[2022-06-26 13:59:06,193] {processor.py:153} INFO - Started process (PID=2581) to work on /opt/airflow/dags/running_time_con_sla.py
[2022-06-26 13:59:06,195] {processor.py:641} INFO - Processing file /opt/airflow/dags/running_time_con_sla.py for tasks to queue
[2022-06-26 13:59:06,196] {logging_mixin.py:115} INFO - [2022-06-26 13:59:06,196] {dagbag.py:507} INFO - Filling up the DagBag from /opt/airflow/dags/running_time_con_sla.py
[2022-06-26 13:59:06,208] {processor.py:651} INFO - DAG(s) dict_keys(['running_controller_sla']) retrieved from /opt/airflow/dags/running_time_con_sla.py
[2022-06-26 13:59:06,224] {logging_mixin.py:115} INFO - [2022-06-26 13:59:06,224] {dag.py:2371} INFO - Sync 1 DAGs
[2022-06-26 13:59:06,237] {logging_mixin.py:115} INFO - [2022-06-26 13:59:06,237] {dag.py:2919} INFO - Setting next_dagrun for running_controller_sla to 2022-06-26T13:56:00+00:00, run_after=2022-06-26T13:58:00+00:00
[2022-06-26 13:59:06,244] {processor.py:161} INFO - Processing /opt/airflow/dags/running_time_con_sla.py took 0.053 seconds
[2022-06-26 13:59:36,933] {processor.py:153} INFO - Started process (PID=2642) to work on /opt/airflow/dags/running_time_con_sla.py
[2022-06-26 13:59:36,934] {processor.py:641} INFO - Processing file /opt/airflow/dags/running_time_con_sla.py for tasks to queue
[2022-06-26 13:59:36,935] {logging_mixin.py:115} INFO - [2022-06-26 13:59:36,935] {dagbag.py:507} INFO - Filling up the DagBag from /opt/airflow/dags/running_time_con_sla.py
[2022-06-26 13:59:36,947] {processor.py:651} INFO - DAG(s) dict_keys(['running_controller_sla']) retrieved from /opt/airflow/dags/running_time_con_sla.py
[2022-06-26 13:59:36,964] {logging_mixin.py:115} INFO - [2022-06-26 13:59:36,964] {dag.py:2371} INFO - Sync 1 DAGs
[2022-06-26 13:59:36,978] {logging_mixin.py:115} INFO - [2022-06-26 13:59:36,978] {dag.py:2919} INFO - Setting next_dagrun for running_controller_sla to 2022-06-26T13:56:00+00:00, run_after=2022-06-26T13:58:00+00:00
[2022-06-26 13:59:36,985] {processor.py:161} INFO - Processing /opt/airflow/dags/running_time_con_sla.py took 0.054 seconds
[2022-06-26 14:00:07,635] {processor.py:153} INFO - Started process (PID=2705) to work on /opt/airflow/dags/running_time_con_sla.py
[2022-06-26 14:00:07,637] {processor.py:641} INFO - Processing file /opt/airflow/dags/running_time_con_sla.py for tasks to queue
[2022-06-26 14:00:07,640] {logging_mixin.py:115} INFO - [2022-06-26 14:00:07,640] {dagbag.py:507} INFO - Filling up the DagBag from /opt/airflow/dags/running_time_con_sla.py
[2022-06-26 14:00:07,658] {processor.py:651} INFO - DAG(s) dict_keys(['running_controller_sla']) retrieved from /opt/airflow/dags/running_time_con_sla.py
[2022-06-26 14:00:07,678] {logging_mixin.py:115} INFO - [2022-06-26 14:00:07,678] {dag.py:2371} INFO - Sync 1 DAGs
[2022-06-26 14:00:07,694] {logging_mixin.py:115} INFO - [2022-06-26 14:00:07,693] {dag.py:2919} INFO - Setting next_dagrun for running_controller_sla to 2022-06-26T13:58:00+00:00, run_after=2022-06-26T14:00:00+00:00
[2022-06-26 14:00:07,703] {processor.py:161} INFO - Processing /opt/airflow/dags/running_time_con_sla.py took 0.070 seconds
[2022-06-26 14:00:38,243] {processor.py:153} INFO - Started process (PID=2756) to work on /opt/airflow/dags/running_time_con_sla.py
[2022-06-26 14:00:38,244] {processor.py:641} INFO - Processing file /opt/airflow/dags/running_time_con_sla.py for tasks to queue
[2022-06-26 14:00:38,245] {logging_mixin.py:115} INFO - [2022-06-26 14:00:38,245] {dagbag.py:507} INFO - Filling up the DagBag from /opt/airflow/dags/running_time_con_sla.py
[2022-06-26 14:00:38,256] {processor.py:651} INFO - DAG(s) dict_keys(['running_controller_sla']) retrieved from /opt/airflow/dags/running_time_con_sla.py
[2022-06-26 14:00:38,276] {logging_mixin.py:115} INFO - [2022-06-26 14:00:38,275] {dag.py:2371} INFO - Sync 1 DAGs
[2022-06-26 14:00:38,292] {logging_mixin.py:115} INFO - [2022-06-26 14:00:38,292] {dag.py:2919} INFO - Setting next_dagrun for running_controller_sla to 2022-06-26T13:58:00+00:00, run_after=2022-06-26T14:00:00+00:00
[2022-06-26 14:00:38,300] {processor.py:161} INFO - Processing /opt/airflow/dags/running_time_con_sla.py took 0.060 seconds
[2022-06-26 14:01:08,984] {processor.py:153} INFO - Started process (PID=2817) to work on /opt/airflow/dags/running_time_con_sla.py
[2022-06-26 14:01:08,985] {processor.py:641} INFO - Processing file /opt/airflow/dags/running_time_con_sla.py for tasks to queue
[2022-06-26 14:01:08,987] {logging_mixin.py:115} INFO - [2022-06-26 14:01:08,987] {dagbag.py:507} INFO - Filling up the DagBag from /opt/airflow/dags/running_time_con_sla.py
[2022-06-26 14:01:09,000] {processor.py:651} INFO - DAG(s) dict_keys(['running_controller_sla']) retrieved from /opt/airflow/dags/running_time_con_sla.py
[2022-06-26 14:01:09,022] {logging_mixin.py:115} INFO - [2022-06-26 14:01:09,022] {dag.py:2371} INFO - Sync 1 DAGs
[2022-06-26 14:01:09,038] {logging_mixin.py:115} INFO - [2022-06-26 14:01:09,038] {dag.py:2919} INFO - Setting next_dagrun for running_controller_sla to 2022-06-26T13:58:00+00:00, run_after=2022-06-26T14:00:00+00:00
[2022-06-26 14:01:09,053] {processor.py:161} INFO - Processing /opt/airflow/dags/running_time_con_sla.py took 0.072 seconds
[2022-06-26 14:01:39,742] {processor.py:153} INFO - Started process (PID=2878) to work on /opt/airflow/dags/running_time_con_sla.py
[2022-06-26 14:01:39,744] {processor.py:641} INFO - Processing file /opt/airflow/dags/running_time_con_sla.py for tasks to queue
[2022-06-26 14:01:39,745] {logging_mixin.py:115} INFO - [2022-06-26 14:01:39,745] {dagbag.py:507} INFO - Filling up the DagBag from /opt/airflow/dags/running_time_con_sla.py
[2022-06-26 14:01:39,758] {processor.py:651} INFO - DAG(s) dict_keys(['running_controller_sla']) retrieved from /opt/airflow/dags/running_time_con_sla.py
[2022-06-26 14:01:39,777] {logging_mixin.py:115} INFO - [2022-06-26 14:01:39,777] {dag.py:2371} INFO - Sync 1 DAGs
[2022-06-26 14:01:39,793] {logging_mixin.py:115} INFO - [2022-06-26 14:01:39,793] {dag.py:2919} INFO - Setting next_dagrun for running_controller_sla to 2022-06-26T13:58:00+00:00, run_after=2022-06-26T14:00:00+00:00
[2022-06-26 14:01:39,800] {processor.py:161} INFO - Processing /opt/airflow/dags/running_time_con_sla.py took 0.060 seconds
[2022-06-26 14:02:10,900] {processor.py:153} INFO - Started process (PID=2939) to work on /opt/airflow/dags/running_time_con_sla.py
[2022-06-26 14:02:10,902] {processor.py:641} INFO - Processing file /opt/airflow/dags/running_time_con_sla.py for tasks to queue
[2022-06-26 14:02:10,904] {logging_mixin.py:115} INFO - [2022-06-26 14:02:10,904] {dagbag.py:507} INFO - Filling up the DagBag from /opt/airflow/dags/running_time_con_sla.py
[2022-06-26 14:02:10,919] {processor.py:651} INFO - DAG(s) dict_keys(['running_controller_sla']) retrieved from /opt/airflow/dags/running_time_con_sla.py
[2022-06-26 14:02:10,940] {logging_mixin.py:115} INFO - [2022-06-26 14:02:10,940] {dag.py:2371} INFO - Sync 1 DAGs
[2022-06-26 14:02:10,957] {logging_mixin.py:115} INFO - [2022-06-26 14:02:10,957] {dag.py:2919} INFO - Setting next_dagrun for running_controller_sla to 2022-06-26T14:00:00+00:00, run_after=2022-06-26T14:02:00+00:00
[2022-06-26 14:02:10,965] {processor.py:161} INFO - Processing /opt/airflow/dags/running_time_con_sla.py took 0.067 seconds
[2022-06-26 14:02:41,759] {processor.py:153} INFO - Started process (PID=3000) to work on /opt/airflow/dags/running_time_con_sla.py
[2022-06-26 14:02:41,761] {processor.py:641} INFO - Processing file /opt/airflow/dags/running_time_con_sla.py for tasks to queue
[2022-06-26 14:02:41,762] {logging_mixin.py:115} INFO - [2022-06-26 14:02:41,762] {dagbag.py:507} INFO - Filling up the DagBag from /opt/airflow/dags/running_time_con_sla.py
[2022-06-26 14:02:41,773] {processor.py:651} INFO - DAG(s) dict_keys(['running_controller_sla']) retrieved from /opt/airflow/dags/running_time_con_sla.py
[2022-06-26 14:02:41,808] {logging_mixin.py:115} INFO - [2022-06-26 14:02:41,808] {dag.py:2371} INFO - Sync 1 DAGs
[2022-06-26 14:02:41,824] {logging_mixin.py:115} INFO - [2022-06-26 14:02:41,824] {dag.py:2919} INFO - Setting next_dagrun for running_controller_sla to 2022-06-26T14:00:00+00:00, run_after=2022-06-26T14:02:00+00:00
[2022-06-26 14:02:41,832] {processor.py:161} INFO - Processing /opt/airflow/dags/running_time_con_sla.py took 0.075 seconds
[2022-06-26 14:03:12,810] {processor.py:153} INFO - Started process (PID=3061) to work on /opt/airflow/dags/running_time_con_sla.py
[2022-06-26 14:03:12,811] {processor.py:641} INFO - Processing file /opt/airflow/dags/running_time_con_sla.py for tasks to queue
[2022-06-26 14:03:12,812] {logging_mixin.py:115} INFO - [2022-06-26 14:03:12,812] {dagbag.py:507} INFO - Filling up the DagBag from /opt/airflow/dags/running_time_con_sla.py
[2022-06-26 14:03:12,828] {processor.py:651} INFO - DAG(s) dict_keys(['running_controller_sla']) retrieved from /opt/airflow/dags/running_time_con_sla.py
[2022-06-26 14:03:12,847] {logging_mixin.py:115} INFO - [2022-06-26 14:03:12,846] {dag.py:2371} INFO - Sync 1 DAGs
[2022-06-26 14:03:12,864] {logging_mixin.py:115} INFO - [2022-06-26 14:03:12,864] {dag.py:2919} INFO - Setting next_dagrun for running_controller_sla to 2022-06-26T14:00:00+00:00, run_after=2022-06-26T14:02:00+00:00
[2022-06-26 14:03:12,874] {processor.py:161} INFO - Processing /opt/airflow/dags/running_time_con_sla.py took 0.066 seconds
[2022-06-26 14:03:43,595] {processor.py:153} INFO - Started process (PID=3122) to work on /opt/airflow/dags/running_time_con_sla.py
[2022-06-26 14:03:43,597] {processor.py:641} INFO - Processing file /opt/airflow/dags/running_time_con_sla.py for tasks to queue
[2022-06-26 14:03:43,598] {logging_mixin.py:115} INFO - [2022-06-26 14:03:43,598] {dagbag.py:507} INFO - Filling up the DagBag from /opt/airflow/dags/running_time_con_sla.py
[2022-06-26 14:03:43,611] {processor.py:651} INFO - DAG(s) dict_keys(['running_controller_sla']) retrieved from /opt/airflow/dags/running_time_con_sla.py
[2022-06-26 14:03:43,631] {logging_mixin.py:115} INFO - [2022-06-26 14:03:43,631] {dag.py:2371} INFO - Sync 1 DAGs
[2022-06-26 14:03:43,646] {logging_mixin.py:115} INFO - [2022-06-26 14:03:43,646] {dag.py:2919} INFO - Setting next_dagrun for running_controller_sla to 2022-06-26T14:00:00+00:00, run_after=2022-06-26T14:02:00+00:00
[2022-06-26 14:03:43,654] {processor.py:161} INFO - Processing /opt/airflow/dags/running_time_con_sla.py took 0.069 seconds
[2022-06-26 14:04:14,578] {processor.py:153} INFO - Started process (PID=3182) to work on /opt/airflow/dags/running_time_con_sla.py
[2022-06-26 14:04:14,580] {processor.py:641} INFO - Processing file /opt/airflow/dags/running_time_con_sla.py for tasks to queue
[2022-06-26 14:04:14,582] {logging_mixin.py:115} INFO - [2022-06-26 14:04:14,582] {dagbag.py:507} INFO - Filling up the DagBag from /opt/airflow/dags/running_time_con_sla.py
[2022-06-26 14:04:14,596] {processor.py:651} INFO - DAG(s) dict_keys(['running_controller_sla']) retrieved from /opt/airflow/dags/running_time_con_sla.py
[2022-06-26 14:04:14,615] {logging_mixin.py:115} INFO - [2022-06-26 14:04:14,615] {dag.py:2371} INFO - Sync 1 DAGs
[2022-06-26 14:04:14,632] {logging_mixin.py:115} INFO - [2022-06-26 14:04:14,632] {dag.py:2919} INFO - Setting next_dagrun for running_controller_sla to 2022-06-26T14:02:00+00:00, run_after=2022-06-26T14:04:00+00:00
[2022-06-26 14:04:14,643] {processor.py:161} INFO - Processing /opt/airflow/dags/running_time_con_sla.py took 0.068 seconds
[2022-06-26 14:04:45,358] {processor.py:153} INFO - Started process (PID=3235) to work on /opt/airflow/dags/running_time_con_sla.py
[2022-06-26 14:04:45,360] {processor.py:641} INFO - Processing file /opt/airflow/dags/running_time_con_sla.py for tasks to queue
[2022-06-26 14:04:45,362] {logging_mixin.py:115} INFO - [2022-06-26 14:04:45,362] {dagbag.py:507} INFO - Filling up the DagBag from /opt/airflow/dags/running_time_con_sla.py
[2022-06-26 14:04:45,375] {processor.py:651} INFO - DAG(s) dict_keys(['running_controller_sla']) retrieved from /opt/airflow/dags/running_time_con_sla.py
[2022-06-26 14:04:45,393] {logging_mixin.py:115} INFO - [2022-06-26 14:04:45,393] {dag.py:2371} INFO - Sync 1 DAGs
[2022-06-26 14:04:45,407] {logging_mixin.py:115} INFO - [2022-06-26 14:04:45,407] {dag.py:2919} INFO - Setting next_dagrun for running_controller_sla to 2022-06-26T14:02:00+00:00, run_after=2022-06-26T14:04:00+00:00
[2022-06-26 14:04:45,415] {processor.py:161} INFO - Processing /opt/airflow/dags/running_time_con_sla.py took 0.059 seconds
[2022-06-26 14:05:16,281] {processor.py:153} INFO - Started process (PID=3296) to work on /opt/airflow/dags/running_time_con_sla.py
[2022-06-26 14:05:16,283] {processor.py:641} INFO - Processing file /opt/airflow/dags/running_time_con_sla.py for tasks to queue
[2022-06-26 14:05:16,285] {logging_mixin.py:115} INFO - [2022-06-26 14:05:16,285] {dagbag.py:507} INFO - Filling up the DagBag from /opt/airflow/dags/running_time_con_sla.py
[2022-06-26 14:05:16,299] {processor.py:651} INFO - DAG(s) dict_keys(['running_controller_sla']) retrieved from /opt/airflow/dags/running_time_con_sla.py
[2022-06-26 14:05:16,318] {logging_mixin.py:115} INFO - [2022-06-26 14:05:16,317] {dag.py:2371} INFO - Sync 1 DAGs
[2022-06-26 14:05:16,333] {logging_mixin.py:115} INFO - [2022-06-26 14:05:16,333] {dag.py:2919} INFO - Setting next_dagrun for running_controller_sla to 2022-06-26T14:02:00+00:00, run_after=2022-06-26T14:04:00+00:00
[2022-06-26 14:05:16,342] {processor.py:161} INFO - Processing /opt/airflow/dags/running_time_con_sla.py took 0.064 seconds
[2022-06-26 14:05:46,659] {processor.py:153} INFO - Started process (PID=3357) to work on /opt/airflow/dags/running_time_con_sla.py
[2022-06-26 14:05:46,662] {processor.py:641} INFO - Processing file /opt/airflow/dags/running_time_con_sla.py for tasks to queue
[2022-06-26 14:05:46,663] {logging_mixin.py:115} INFO - [2022-06-26 14:05:46,663] {dagbag.py:507} INFO - Filling up the DagBag from /opt/airflow/dags/running_time_con_sla.py
[2022-06-26 14:05:46,676] {processor.py:651} INFO - DAG(s) dict_keys(['running_controller_sla']) retrieved from /opt/airflow/dags/running_time_con_sla.py
[2022-06-26 14:05:46,705] {logging_mixin.py:115} INFO - [2022-06-26 14:05:46,705] {dag.py:2371} INFO - Sync 1 DAGs
[2022-06-26 14:05:46,725] {logging_mixin.py:115} INFO - [2022-06-26 14:05:46,725] {dag.py:2919} INFO - Setting next_dagrun for running_controller_sla to 2022-06-26T14:02:00+00:00, run_after=2022-06-26T14:04:00+00:00
[2022-06-26 14:05:46,734] {processor.py:161} INFO - Processing /opt/airflow/dags/running_time_con_sla.py took 0.077 seconds
[2022-06-26 14:09:53,904] {processor.py:153} INFO - Started process (PID=3408) to work on /opt/airflow/dags/running_time_con_sla.py
[2022-06-26 14:09:53,907] {processor.py:641} INFO - Processing file /opt/airflow/dags/running_time_con_sla.py for tasks to queue
[2022-06-26 14:09:53,909] {logging_mixin.py:115} INFO - [2022-06-26 14:09:53,909] {dagbag.py:507} INFO - Filling up the DagBag from /opt/airflow/dags/running_time_con_sla.py
[2022-06-26 14:09:53,927] {processor.py:651} INFO - DAG(s) dict_keys(['running_controller_sla']) retrieved from /opt/airflow/dags/running_time_con_sla.py
[2022-06-26 14:09:53,946] {logging_mixin.py:115} INFO - [2022-06-26 14:09:53,946] {dag.py:2371} INFO - Sync 1 DAGs
[2022-06-26 14:09:53,963] {logging_mixin.py:115} INFO - [2022-06-26 14:09:53,963] {dag.py:2919} INFO - Setting next_dagrun for running_controller_sla to 2022-06-26T14:06:00+00:00, run_after=2022-06-26T14:08:00+00:00
[2022-06-26 14:09:54,079] {processor.py:161} INFO - Processing /opt/airflow/dags/running_time_con_sla.py took 0.177 seconds
[2022-06-26 14:10:24,410] {processor.py:153} INFO - Started process (PID=3469) to work on /opt/airflow/dags/running_time_con_sla.py
[2022-06-26 14:10:24,412] {processor.py:641} INFO - Processing file /opt/airflow/dags/running_time_con_sla.py for tasks to queue
[2022-06-26 14:10:24,414] {logging_mixin.py:115} INFO - [2022-06-26 14:10:24,414] {dagbag.py:507} INFO - Filling up the DagBag from /opt/airflow/dags/running_time_con_sla.py
[2022-06-26 14:10:24,429] {processor.py:651} INFO - DAG(s) dict_keys(['running_controller_sla']) retrieved from /opt/airflow/dags/running_time_con_sla.py
[2022-06-26 14:10:24,454] {logging_mixin.py:115} INFO - [2022-06-26 14:10:24,454] {dag.py:2371} INFO - Sync 1 DAGs
[2022-06-26 14:10:24,475] {logging_mixin.py:115} INFO - [2022-06-26 14:10:24,475] {dag.py:2919} INFO - Setting next_dagrun for running_controller_sla to 2022-06-26T14:08:00+00:00, run_after=2022-06-26T14:10:00+00:00
[2022-06-26 14:10:24,571] {processor.py:161} INFO - Processing /opt/airflow/dags/running_time_con_sla.py took 0.165 seconds
[2022-06-26 14:10:54,678] {processor.py:153} INFO - Started process (PID=3520) to work on /opt/airflow/dags/running_time_con_sla.py
[2022-06-26 14:10:54,679] {processor.py:641} INFO - Processing file /opt/airflow/dags/running_time_con_sla.py for tasks to queue
[2022-06-26 14:10:54,681] {logging_mixin.py:115} INFO - [2022-06-26 14:10:54,681] {dagbag.py:507} INFO - Filling up the DagBag from /opt/airflow/dags/running_time_con_sla.py
[2022-06-26 14:10:54,693] {processor.py:651} INFO - DAG(s) dict_keys(['running_controller_sla']) retrieved from /opt/airflow/dags/running_time_con_sla.py
[2022-06-26 14:10:54,711] {logging_mixin.py:115} INFO - [2022-06-26 14:10:54,711] {dag.py:2371} INFO - Sync 1 DAGs
[2022-06-26 14:10:54,726] {logging_mixin.py:115} INFO - [2022-06-26 14:10:54,726] {dag.py:2919} INFO - Setting next_dagrun for running_controller_sla to 2022-06-26T14:08:00+00:00, run_after=2022-06-26T14:10:00+00:00
[2022-06-26 14:10:54,823] {processor.py:161} INFO - Processing /opt/airflow/dags/running_time_con_sla.py took 0.147 seconds
[2022-06-26 14:11:25,200] {processor.py:153} INFO - Started process (PID=3581) to work on /opt/airflow/dags/running_time_con_sla.py
[2022-06-26 14:11:25,202] {processor.py:641} INFO - Processing file /opt/airflow/dags/running_time_con_sla.py for tasks to queue
[2022-06-26 14:11:25,203] {logging_mixin.py:115} INFO - [2022-06-26 14:11:25,203] {dagbag.py:507} INFO - Filling up the DagBag from /opt/airflow/dags/running_time_con_sla.py
[2022-06-26 14:11:25,216] {processor.py:651} INFO - DAG(s) dict_keys(['running_controller_sla']) retrieved from /opt/airflow/dags/running_time_con_sla.py
[2022-06-26 14:11:25,235] {logging_mixin.py:115} INFO - [2022-06-26 14:11:25,235] {dag.py:2371} INFO - Sync 1 DAGs
[2022-06-26 14:11:25,252] {logging_mixin.py:115} INFO - [2022-06-26 14:11:25,252] {dag.py:2919} INFO - Setting next_dagrun for running_controller_sla to 2022-06-26T14:08:00+00:00, run_after=2022-06-26T14:10:00+00:00
[2022-06-26 14:11:25,340] {processor.py:161} INFO - Processing /opt/airflow/dags/running_time_con_sla.py took 0.143 seconds
[2022-06-26 14:11:55,464] {processor.py:153} INFO - Started process (PID=3642) to work on /opt/airflow/dags/running_time_con_sla.py
[2022-06-26 14:11:55,465] {processor.py:641} INFO - Processing file /opt/airflow/dags/running_time_con_sla.py for tasks to queue
[2022-06-26 14:11:55,467] {logging_mixin.py:115} INFO - [2022-06-26 14:11:55,467] {dagbag.py:507} INFO - Filling up the DagBag from /opt/airflow/dags/running_time_con_sla.py
[2022-06-26 14:11:55,485] {processor.py:651} INFO - DAG(s) dict_keys(['running_controller_sla']) retrieved from /opt/airflow/dags/running_time_con_sla.py
[2022-06-26 14:11:55,505] {logging_mixin.py:115} INFO - [2022-06-26 14:11:55,505] {dag.py:2371} INFO - Sync 1 DAGs
[2022-06-26 14:11:55,520] {logging_mixin.py:115} INFO - [2022-06-26 14:11:55,520] {dag.py:2919} INFO - Setting next_dagrun for running_controller_sla to 2022-06-26T14:08:00+00:00, run_after=2022-06-26T14:10:00+00:00
[2022-06-26 14:11:55,605] {processor.py:161} INFO - Processing /opt/airflow/dags/running_time_con_sla.py took 0.143 seconds
[2022-06-26 14:12:26,667] {processor.py:153} INFO - Started process (PID=3703) to work on /opt/airflow/dags/running_time_con_sla.py
[2022-06-26 14:12:26,669] {processor.py:641} INFO - Processing file /opt/airflow/dags/running_time_con_sla.py for tasks to queue
[2022-06-26 14:12:26,670] {logging_mixin.py:115} INFO - [2022-06-26 14:12:26,670] {dagbag.py:507} INFO - Filling up the DagBag from /opt/airflow/dags/running_time_con_sla.py
[2022-06-26 14:12:26,681] {processor.py:651} INFO - DAG(s) dict_keys(['running_controller_sla']) retrieved from /opt/airflow/dags/running_time_con_sla.py
[2022-06-26 14:12:26,697] {logging_mixin.py:115} INFO - [2022-06-26 14:12:26,697] {dag.py:2371} INFO - Sync 1 DAGs
[2022-06-26 14:12:26,711] {logging_mixin.py:115} INFO - [2022-06-26 14:12:26,711] {dag.py:2919} INFO - Setting next_dagrun for running_controller_sla to 2022-06-26T14:10:00+00:00, run_after=2022-06-26T14:12:00+00:00
[2022-06-26 14:12:26,791] {processor.py:161} INFO - Processing /opt/airflow/dags/running_time_con_sla.py took 0.126 seconds
[2022-06-26 14:12:57,806] {processor.py:153} INFO - Started process (PID=4296) to work on /opt/airflow/dags/running_time_con_sla.py
[2022-06-26 14:12:57,809] {processor.py:641} INFO - Processing file /opt/airflow/dags/running_time_con_sla.py for tasks to queue
[2022-06-26 14:12:57,811] {logging_mixin.py:115} INFO - [2022-06-26 14:12:57,811] {dagbag.py:507} INFO - Filling up the DagBag from /opt/airflow/dags/running_time_con_sla.py
[2022-06-26 14:12:57,828] {processor.py:651} INFO - DAG(s) dict_keys(['running_controller_sla']) retrieved from /opt/airflow/dags/running_time_con_sla.py
[2022-06-26 14:12:57,857] {logging_mixin.py:115} INFO - [2022-06-26 14:12:57,857] {dag.py:2371} INFO - Sync 1 DAGs
[2022-06-26 14:12:57,878] {logging_mixin.py:115} INFO - [2022-06-26 14:12:57,878] {dag.py:2919} INFO - Setting next_dagrun for running_controller_sla to 2022-06-26T14:10:00+00:00, run_after=2022-06-26T14:12:00+00:00
[2022-06-26 14:12:57,990] {processor.py:161} INFO - Processing /opt/airflow/dags/running_time_con_sla.py took 0.186 seconds
[2022-06-26 14:13:28,372] {processor.py:153} INFO - Started process (PID=4783) to work on /opt/airflow/dags/running_time_con_sla.py
[2022-06-26 14:13:28,374] {processor.py:641} INFO - Processing file /opt/airflow/dags/running_time_con_sla.py for tasks to queue
[2022-06-26 14:13:28,377] {logging_mixin.py:115} INFO - [2022-06-26 14:13:28,377] {dagbag.py:507} INFO - Filling up the DagBag from /opt/airflow/dags/running_time_con_sla.py
[2022-06-26 14:13:28,399] {processor.py:651} INFO - DAG(s) dict_keys(['running_controller_sla']) retrieved from /opt/airflow/dags/running_time_con_sla.py
[2022-06-26 14:13:28,433] {logging_mixin.py:115} INFO - [2022-06-26 14:13:28,433] {dag.py:2371} INFO - Sync 1 DAGs
[2022-06-26 14:13:28,463] {logging_mixin.py:115} INFO - [2022-06-26 14:13:28,463] {dag.py:2919} INFO - Setting next_dagrun for running_controller_sla to 2022-06-26T14:10:00+00:00, run_after=2022-06-26T14:12:00+00:00
[2022-06-26 14:13:28,620] {processor.py:161} INFO - Processing /opt/airflow/dags/running_time_con_sla.py took 0.254 seconds
[2022-06-26 14:13:58,679] {processor.py:153} INFO - Started process (PID=5761) to work on /opt/airflow/dags/running_time_con_sla.py
[2022-06-26 14:13:58,680] {processor.py:641} INFO - Processing file /opt/airflow/dags/running_time_con_sla.py for tasks to queue
[2022-06-26 14:13:58,681] {logging_mixin.py:115} INFO - [2022-06-26 14:13:58,681] {dagbag.py:507} INFO - Filling up the DagBag from /opt/airflow/dags/running_time_con_sla.py
[2022-06-26 14:13:58,692] {processor.py:651} INFO - DAG(s) dict_keys(['running_controller_sla']) retrieved from /opt/airflow/dags/running_time_con_sla.py
[2022-06-26 14:13:58,709] {logging_mixin.py:115} INFO - [2022-06-26 14:13:58,709] {dag.py:2371} INFO - Sync 1 DAGs
[2022-06-26 14:13:58,723] {logging_mixin.py:115} INFO - [2022-06-26 14:13:58,723] {dag.py:2919} INFO - Setting next_dagrun for running_controller_sla to 2022-06-26T14:10:00+00:00, run_after=2022-06-26T14:12:00+00:00
[2022-06-26 14:13:58,805] {processor.py:161} INFO - Processing /opt/airflow/dags/running_time_con_sla.py took 0.129 seconds
[2022-06-26 14:14:28,850] {processor.py:153} INFO - Started process (PID=6121) to work on /opt/airflow/dags/running_time_con_sla.py
[2022-06-26 14:14:28,851] {processor.py:641} INFO - Processing file /opt/airflow/dags/running_time_con_sla.py for tasks to queue
[2022-06-26 14:14:28,852] {logging_mixin.py:115} INFO - [2022-06-26 14:14:28,852] {dagbag.py:507} INFO - Filling up the DagBag from /opt/airflow/dags/running_time_con_sla.py
[2022-06-26 14:14:28,862] {processor.py:651} INFO - DAG(s) dict_keys(['running_controller_sla']) retrieved from /opt/airflow/dags/running_time_con_sla.py
[2022-06-26 14:14:28,879] {logging_mixin.py:115} INFO - [2022-06-26 14:14:28,879] {dag.py:2371} INFO - Sync 1 DAGs
[2022-06-26 14:14:28,892] {logging_mixin.py:115} INFO - [2022-06-26 14:14:28,892] {dag.py:2919} INFO - Setting next_dagrun for running_controller_sla to 2022-06-26T14:12:00+00:00, run_after=2022-06-26T14:14:00+00:00
[2022-06-26 14:14:28,968] {processor.py:161} INFO - Processing /opt/airflow/dags/running_time_con_sla.py took 0.121 seconds
[2022-06-26 14:14:59,728] {processor.py:153} INFO - Started process (PID=6495) to work on /opt/airflow/dags/running_time_con_sla.py
[2022-06-26 14:14:59,730] {processor.py:641} INFO - Processing file /opt/airflow/dags/running_time_con_sla.py for tasks to queue
[2022-06-26 14:14:59,731] {logging_mixin.py:115} INFO - [2022-06-26 14:14:59,731] {dagbag.py:507} INFO - Filling up the DagBag from /opt/airflow/dags/running_time_con_sla.py
[2022-06-26 14:14:59,744] {processor.py:651} INFO - DAG(s) dict_keys(['running_controller_sla']) retrieved from /opt/airflow/dags/running_time_con_sla.py
[2022-06-26 14:14:59,764] {logging_mixin.py:115} INFO - [2022-06-26 14:14:59,764] {dag.py:2371} INFO - Sync 1 DAGs
[2022-06-26 14:14:59,860] {logging_mixin.py:115} INFO - [2022-06-26 14:14:59,860] {dag.py:2919} INFO - Setting next_dagrun for running_controller_sla to 2022-06-26T14:12:00+00:00, run_after=2022-06-26T14:14:00+00:00
[2022-06-26 14:14:59,871] {processor.py:161} INFO - Processing /opt/airflow/dags/running_time_con_sla.py took 0.146 seconds
[2022-06-26 14:15:30,190] {processor.py:153} INFO - Started process (PID=6869) to work on /opt/airflow/dags/running_time_con_sla.py
[2022-06-26 14:15:30,191] {processor.py:641} INFO - Processing file /opt/airflow/dags/running_time_con_sla.py for tasks to queue
[2022-06-26 14:15:30,193] {logging_mixin.py:115} INFO - [2022-06-26 14:15:30,193] {dagbag.py:507} INFO - Filling up the DagBag from /opt/airflow/dags/running_time_con_sla.py
[2022-06-26 14:15:30,208] {processor.py:651} INFO - DAG(s) dict_keys(['running_controller_sla']) retrieved from /opt/airflow/dags/running_time_con_sla.py
[2022-06-26 14:15:30,231] {logging_mixin.py:115} INFO - [2022-06-26 14:15:30,231] {dag.py:2371} INFO - Sync 1 DAGs
[2022-06-26 14:15:30,353] {logging_mixin.py:115} INFO - [2022-06-26 14:15:30,353] {dag.py:2919} INFO - Setting next_dagrun for running_controller_sla to 2022-06-26T14:12:00+00:00, run_after=2022-06-26T14:14:00+00:00
[2022-06-26 14:15:30,367] {processor.py:161} INFO - Processing /opt/airflow/dags/running_time_con_sla.py took 0.180 seconds
[2022-06-26 14:16:01,149] {processor.py:153} INFO - Started process (PID=7487) to work on /opt/airflow/dags/running_time_con_sla.py
[2022-06-26 14:16:01,151] {processor.py:641} INFO - Processing file /opt/airflow/dags/running_time_con_sla.py for tasks to queue
[2022-06-26 14:16:01,152] {logging_mixin.py:115} INFO - [2022-06-26 14:16:01,152] {dagbag.py:507} INFO - Filling up the DagBag from /opt/airflow/dags/running_time_con_sla.py
[2022-06-26 14:16:01,163] {processor.py:651} INFO - DAG(s) dict_keys(['running_controller_sla']) retrieved from /opt/airflow/dags/running_time_con_sla.py
[2022-06-26 14:16:01,181] {logging_mixin.py:115} INFO - [2022-06-26 14:16:01,181] {dag.py:2371} INFO - Sync 1 DAGs
[2022-06-26 14:16:01,270] {logging_mixin.py:115} INFO - [2022-06-26 14:16:01,270] {dag.py:2919} INFO - Setting next_dagrun for running_controller_sla to 2022-06-26T14:14:00+00:00, run_after=2022-06-26T14:16:00+00:00
[2022-06-26 14:16:01,284] {processor.py:161} INFO - Processing /opt/airflow/dags/running_time_con_sla.py took 0.137 seconds
[2022-06-26 14:16:32,393] {processor.py:153} INFO - Started process (PID=9175) to work on /opt/airflow/dags/running_time_con_sla.py
[2022-06-26 14:16:32,396] {processor.py:641} INFO - Processing file /opt/airflow/dags/running_time_con_sla.py for tasks to queue
[2022-06-26 14:16:32,398] {logging_mixin.py:115} INFO - [2022-06-26 14:16:32,398] {dagbag.py:507} INFO - Filling up the DagBag from /opt/airflow/dags/running_time_con_sla.py
[2022-06-26 14:16:32,421] {processor.py:651} INFO - DAG(s) dict_keys(['running_controller_sla']) retrieved from /opt/airflow/dags/running_time_con_sla.py
[2022-06-26 14:16:32,450] {logging_mixin.py:115} INFO - [2022-06-26 14:16:32,449] {dag.py:2371} INFO - Sync 1 DAGs
[2022-06-26 14:16:32,546] {logging_mixin.py:115} INFO - [2022-06-26 14:16:32,546] {dag.py:2919} INFO - Setting next_dagrun for running_controller_sla to 2022-06-26T14:14:00+00:00, run_after=2022-06-26T14:16:00+00:00
[2022-06-26 14:16:32,554] {processor.py:161} INFO - Processing /opt/airflow/dags/running_time_con_sla.py took 0.175 seconds
[2022-06-26 14:17:03,378] {processor.py:153} INFO - Started process (PID=10125) to work on /opt/airflow/dags/running_time_con_sla.py
[2022-06-26 14:17:03,381] {processor.py:641} INFO - Processing file /opt/airflow/dags/running_time_con_sla.py for tasks to queue
[2022-06-26 14:17:03,382] {logging_mixin.py:115} INFO - [2022-06-26 14:17:03,382] {dagbag.py:507} INFO - Filling up the DagBag from /opt/airflow/dags/running_time_con_sla.py
[2022-06-26 14:17:03,393] {processor.py:651} INFO - DAG(s) dict_keys(['running_controller_sla']) retrieved from /opt/airflow/dags/running_time_con_sla.py
[2022-06-26 14:17:03,415] {logging_mixin.py:115} INFO - [2022-06-26 14:17:03,414] {dag.py:2371} INFO - Sync 1 DAGs
[2022-06-26 14:17:03,507] {logging_mixin.py:115} INFO - [2022-06-26 14:17:03,507] {dag.py:2919} INFO - Setting next_dagrun for running_controller_sla to 2022-06-26T14:14:00+00:00, run_after=2022-06-26T14:16:00+00:00
[2022-06-26 14:17:03,516] {processor.py:161} INFO - Processing /opt/airflow/dags/running_time_con_sla.py took 0.140 seconds
[2022-06-26 14:17:33,766] {processor.py:153} INFO - Started process (PID=11062) to work on /opt/airflow/dags/running_time_con_sla.py
[2022-06-26 14:17:33,767] {processor.py:641} INFO - Processing file /opt/airflow/dags/running_time_con_sla.py for tasks to queue
[2022-06-26 14:17:33,769] {logging_mixin.py:115} INFO - [2022-06-26 14:17:33,769] {dagbag.py:507} INFO - Filling up the DagBag from /opt/airflow/dags/running_time_con_sla.py
[2022-06-26 14:17:33,780] {processor.py:651} INFO - DAG(s) dict_keys(['running_controller_sla']) retrieved from /opt/airflow/dags/running_time_con_sla.py
[2022-06-26 14:17:33,799] {logging_mixin.py:115} INFO - [2022-06-26 14:17:33,799] {dag.py:2371} INFO - Sync 1 DAGs
[2022-06-26 14:17:33,891] {logging_mixin.py:115} INFO - [2022-06-26 14:17:33,891] {dag.py:2919} INFO - Setting next_dagrun for running_controller_sla to 2022-06-26T14:14:00+00:00, run_after=2022-06-26T14:16:00+00:00
[2022-06-26 14:17:33,898] {processor.py:161} INFO - Processing /opt/airflow/dags/running_time_con_sla.py took 0.134 seconds
[2022-06-26 14:18:04,408] {processor.py:153} INFO - Started process (PID=11439) to work on /opt/airflow/dags/running_time_con_sla.py
[2022-06-26 14:18:04,410] {processor.py:641} INFO - Processing file /opt/airflow/dags/running_time_con_sla.py for tasks to queue
[2022-06-26 14:18:04,411] {logging_mixin.py:115} INFO - [2022-06-26 14:18:04,410] {dagbag.py:507} INFO - Filling up the DagBag from /opt/airflow/dags/running_time_con_sla.py
[2022-06-26 14:18:04,423] {processor.py:651} INFO - DAG(s) dict_keys(['running_controller_sla']) retrieved from /opt/airflow/dags/running_time_con_sla.py
[2022-06-26 14:18:04,442] {logging_mixin.py:115} INFO - [2022-06-26 14:18:04,442] {dag.py:2371} INFO - Sync 1 DAGs
[2022-06-26 14:18:04,528] {logging_mixin.py:115} INFO - [2022-06-26 14:18:04,528] {dag.py:2919} INFO - Setting next_dagrun for running_controller_sla to 2022-06-26T14:16:00+00:00, run_after=2022-06-26T14:18:00+00:00
[2022-06-26 14:18:04,535] {processor.py:161} INFO - Processing /opt/airflow/dags/running_time_con_sla.py took 0.129 seconds
[2022-06-26 14:18:35,492] {processor.py:153} INFO - Started process (PID=12262) to work on /opt/airflow/dags/running_time_con_sla.py
[2022-06-26 14:18:35,493] {processor.py:641} INFO - Processing file /opt/airflow/dags/running_time_con_sla.py for tasks to queue
[2022-06-26 14:18:35,495] {logging_mixin.py:115} INFO - [2022-06-26 14:18:35,495] {dagbag.py:507} INFO - Filling up the DagBag from /opt/airflow/dags/running_time_con_sla.py
[2022-06-26 14:18:35,506] {processor.py:651} INFO - DAG(s) dict_keys(['running_controller_sla']) retrieved from /opt/airflow/dags/running_time_con_sla.py
[2022-06-26 14:18:35,523] {logging_mixin.py:115} INFO - [2022-06-26 14:18:35,523] {dag.py:2371} INFO - Sync 1 DAGs
[2022-06-26 14:18:35,614] {logging_mixin.py:115} INFO - [2022-06-26 14:18:35,614] {dag.py:2919} INFO - Setting next_dagrun for running_controller_sla to 2022-06-26T14:16:00+00:00, run_after=2022-06-26T14:18:00+00:00
[2022-06-26 14:18:35,621] {processor.py:161} INFO - Processing /opt/airflow/dags/running_time_con_sla.py took 0.132 seconds
[2022-06-26 14:19:06,469] {processor.py:153} INFO - Started process (PID=12826) to work on /opt/airflow/dags/running_time_con_sla.py
[2022-06-26 14:19:06,470] {processor.py:641} INFO - Processing file /opt/airflow/dags/running_time_con_sla.py for tasks to queue
[2022-06-26 14:19:06,472] {logging_mixin.py:115} INFO - [2022-06-26 14:19:06,472] {dagbag.py:507} INFO - Filling up the DagBag from /opt/airflow/dags/running_time_con_sla.py
[2022-06-26 14:19:06,482] {processor.py:651} INFO - DAG(s) dict_keys(['running_controller_sla']) retrieved from /opt/airflow/dags/running_time_con_sla.py
[2022-06-26 14:19:06,502] {logging_mixin.py:115} INFO - [2022-06-26 14:19:06,502] {dag.py:2371} INFO - Sync 1 DAGs
[2022-06-26 14:19:06,588] {logging_mixin.py:115} INFO - [2022-06-26 14:19:06,588] {dag.py:2919} INFO - Setting next_dagrun for running_controller_sla to 2022-06-26T14:16:00+00:00, run_after=2022-06-26T14:18:00+00:00
[2022-06-26 14:19:06,596] {processor.py:161} INFO - Processing /opt/airflow/dags/running_time_con_sla.py took 0.129 seconds
[2022-06-26 14:19:37,378] {processor.py:153} INFO - Started process (PID=13638) to work on /opt/airflow/dags/running_time_con_sla.py
[2022-06-26 14:19:37,380] {processor.py:641} INFO - Processing file /opt/airflow/dags/running_time_con_sla.py for tasks to queue
[2022-06-26 14:19:37,381] {logging_mixin.py:115} INFO - [2022-06-26 14:19:37,381] {dagbag.py:507} INFO - Filling up the DagBag from /opt/airflow/dags/running_time_con_sla.py
[2022-06-26 14:19:37,392] {processor.py:651} INFO - DAG(s) dict_keys(['running_controller_sla']) retrieved from /opt/airflow/dags/running_time_con_sla.py
[2022-06-26 14:19:37,411] {logging_mixin.py:115} INFO - [2022-06-26 14:19:37,410] {dag.py:2371} INFO - Sync 1 DAGs
[2022-06-26 14:19:37,507] {logging_mixin.py:115} INFO - [2022-06-26 14:19:37,507] {dag.py:2919} INFO - Setting next_dagrun for running_controller_sla to 2022-06-26T14:16:00+00:00, run_after=2022-06-26T14:18:00+00:00
[2022-06-26 14:19:37,515] {processor.py:161} INFO - Processing /opt/airflow/dags/running_time_con_sla.py took 0.139 seconds
[2022-06-26 14:20:08,016] {processor.py:153} INFO - Started process (PID=14637) to work on /opt/airflow/dags/running_time_con_sla.py
[2022-06-26 14:20:08,017] {processor.py:641} INFO - Processing file /opt/airflow/dags/running_time_con_sla.py for tasks to queue
[2022-06-26 14:20:08,019] {logging_mixin.py:115} INFO - [2022-06-26 14:20:08,019] {dagbag.py:507} INFO - Filling up the DagBag from /opt/airflow/dags/running_time_con_sla.py
[2022-06-26 14:20:08,038] {processor.py:651} INFO - DAG(s) dict_keys(['running_controller_sla']) retrieved from /opt/airflow/dags/running_time_con_sla.py
[2022-06-26 14:20:08,070] {logging_mixin.py:115} INFO - [2022-06-26 14:20:08,070] {dag.py:2371} INFO - Sync 1 DAGs
[2022-06-26 14:20:08,215] {logging_mixin.py:115} INFO - [2022-06-26 14:20:08,215] {dag.py:2919} INFO - Setting next_dagrun for running_controller_sla to 2022-06-26T14:18:00+00:00, run_after=2022-06-26T14:20:00+00:00
[2022-06-26 14:20:08,237] {processor.py:161} INFO - Processing /opt/airflow/dags/running_time_con_sla.py took 0.225 seconds
[2022-06-26 14:53:11,866] {processor.py:153} INFO - Started process (PID=14859) to work on /opt/airflow/dags/running_time_con_sla.py
[2022-06-26 14:53:11,868] {processor.py:641} INFO - Processing file /opt/airflow/dags/running_time_con_sla.py for tasks to queue
[2022-06-26 14:53:11,869] {logging_mixin.py:115} INFO - [2022-06-26 14:53:11,869] {dagbag.py:507} INFO - Filling up the DagBag from /opt/airflow/dags/running_time_con_sla.py
[2022-06-26 14:53:11,882] {processor.py:651} INFO - DAG(s) dict_keys(['running_controller_sla']) retrieved from /opt/airflow/dags/running_time_con_sla.py
[2022-06-26 14:53:11,905] {logging_mixin.py:115} INFO - [2022-06-26 14:53:11,905] {dag.py:2371} INFO - Sync 1 DAGs
[2022-06-26 14:53:12,006] {logging_mixin.py:115} INFO - [2022-06-26 14:53:12,006] {dag.py:2919} INFO - Setting next_dagrun for running_controller_sla to 2022-06-26T14:50:00+00:00, run_after=2022-06-26T14:52:00+00:00
[2022-06-26 14:53:12,017] {processor.py:161} INFO - Processing /opt/airflow/dags/running_time_con_sla.py took 0.152 seconds
[2022-06-26 16:16:02,719] {processor.py:153} INFO - Started process (PID=15237) to work on /opt/airflow/dags/running_time_con_sla.py
[2022-06-26 16:16:02,724] {processor.py:641} INFO - Processing file /opt/airflow/dags/running_time_con_sla.py for tasks to queue
[2022-06-26 16:16:02,728] {logging_mixin.py:115} INFO - [2022-06-26 16:16:02,728] {dagbag.py:507} INFO - Filling up the DagBag from /opt/airflow/dags/running_time_con_sla.py
[2022-06-26 16:16:02,763] {processor.py:651} INFO - DAG(s) dict_keys(['running_controller_sla']) retrieved from /opt/airflow/dags/running_time_con_sla.py
[2022-06-26 16:16:02,926] {logging_mixin.py:115} INFO - [2022-06-26 16:16:02,926] {dag.py:2371} INFO - Sync 1 DAGs
[2022-06-26 16:16:02,942] {logging_mixin.py:115} INFO - [2022-06-26 16:16:02,942] {dag.py:2919} INFO - Setting next_dagrun for running_controller_sla to 2022-06-26T16:14:00+00:00, run_after=2022-06-26T16:16:00+00:00
[2022-06-26 16:16:02,965] {processor.py:161} INFO - Processing /opt/airflow/dags/running_time_con_sla.py took 0.250 seconds
[2022-06-26 17:21:23,462] {processor.py:153} INFO - Started process (PID=15579) to work on /opt/airflow/dags/running_time_con_sla.py
[2022-06-26 17:21:23,463] {processor.py:641} INFO - Processing file /opt/airflow/dags/running_time_con_sla.py for tasks to queue
[2022-06-26 17:21:23,464] {logging_mixin.py:115} INFO - [2022-06-26 17:21:23,464] {dagbag.py:507} INFO - Filling up the DagBag from /opt/airflow/dags/running_time_con_sla.py
[2022-06-26 17:21:23,475] {processor.py:651} INFO - DAG(s) dict_keys(['running_controller_sla']) retrieved from /opt/airflow/dags/running_time_con_sla.py
[2022-06-26 17:21:23,565] {logging_mixin.py:115} INFO - [2022-06-26 17:21:23,565] {dag.py:2371} INFO - Sync 1 DAGs
[2022-06-26 17:21:23,577] {logging_mixin.py:115} INFO - [2022-06-26 17:21:23,577] {dag.py:2919} INFO - Setting next_dagrun for running_controller_sla to 2022-06-26T17:18:00+00:00, run_after=2022-06-26T17:20:00+00:00
[2022-06-26 17:21:23,586] {processor.py:161} INFO - Processing /opt/airflow/dags/running_time_con_sla.py took 0.126 seconds
[2022-06-26 18:41:39,573] {processor.py:153} INFO - Started process (PID=15942) to work on /opt/airflow/dags/running_time_con_sla.py
[2022-06-26 18:41:39,574] {processor.py:641} INFO - Processing file /opt/airflow/dags/running_time_con_sla.py for tasks to queue
[2022-06-26 18:41:39,576] {logging_mixin.py:115} INFO - [2022-06-26 18:41:39,576] {dagbag.py:507} INFO - Filling up the DagBag from /opt/airflow/dags/running_time_con_sla.py
[2022-06-26 18:41:39,678] {processor.py:651} INFO - DAG(s) dict_keys(['running_controller_sla']) retrieved from /opt/airflow/dags/running_time_con_sla.py
[2022-06-26 18:41:39,692] {logging_mixin.py:115} INFO - [2022-06-26 18:41:39,692] {dag.py:2371} INFO - Sync 1 DAGs
[2022-06-26 18:41:39,704] {logging_mixin.py:115} INFO - [2022-06-26 18:41:39,704] {dag.py:2919} INFO - Setting next_dagrun for running_controller_sla to 2022-06-26T18:38:00+00:00, run_after=2022-06-26T18:40:00+00:00
[2022-06-26 18:41:39,711] {processor.py:161} INFO - Processing /opt/airflow/dags/running_time_con_sla.py took 0.140 seconds
[2022-06-26 20:03:40,671] {processor.py:153} INFO - Started process (PID=16217) to work on /opt/airflow/dags/running_time_con_sla.py
[2022-06-26 20:03:40,674] {processor.py:641} INFO - Processing file /opt/airflow/dags/running_time_con_sla.py for tasks to queue
[2022-06-26 20:03:40,677] {logging_mixin.py:115} INFO - [2022-06-26 20:03:40,677] {dagbag.py:507} INFO - Filling up the DagBag from /opt/airflow/dags/running_time_con_sla.py
[2022-06-26 20:03:40,699] {processor.py:651} INFO - DAG(s) dict_keys(['running_controller_sla']) retrieved from /opt/airflow/dags/running_time_con_sla.py
[2022-06-26 20:03:40,727] {logging_mixin.py:115} INFO - [2022-06-26 20:03:40,727] {dag.py:2371} INFO - Sync 1 DAGs
[2022-06-26 20:03:40,749] {logging_mixin.py:115} INFO - [2022-06-26 20:03:40,749] {dag.py:2919} INFO - Setting next_dagrun for running_controller_sla to 2022-06-26T20:00:00+00:00, run_after=2022-06-26T20:02:00+00:00
[2022-06-26 20:03:40,763] {processor.py:161} INFO - Processing /opt/airflow/dags/running_time_con_sla.py took 0.095 seconds
[2022-06-26 21:23:34,091] {processor.py:153} INFO - Started process (PID=16497) to work on /opt/airflow/dags/running_time_con_sla.py
[2022-06-26 21:23:34,097] {processor.py:641} INFO - Processing file /opt/airflow/dags/running_time_con_sla.py for tasks to queue
[2022-06-26 21:23:34,102] {logging_mixin.py:115} INFO - [2022-06-26 21:23:34,102] {dagbag.py:507} INFO - Filling up the DagBag from /opt/airflow/dags/running_time_con_sla.py
[2022-06-26 21:23:34,133] {processor.py:651} INFO - DAG(s) dict_keys(['running_controller_sla']) retrieved from /opt/airflow/dags/running_time_con_sla.py
[2022-06-26 21:23:34,192] {logging_mixin.py:115} INFO - [2022-06-26 21:23:34,192] {dag.py:2371} INFO - Sync 1 DAGs
[2022-06-26 21:23:34,214] {logging_mixin.py:115} INFO - [2022-06-26 21:23:34,214] {dag.py:2919} INFO - Setting next_dagrun for running_controller_sla to 2022-06-26T21:20:00+00:00, run_after=2022-06-26T21:22:00+00:00
[2022-06-26 21:23:34,236] {processor.py:161} INFO - Processing /opt/airflow/dags/running_time_con_sla.py took 0.152 seconds
[2022-06-26 22:29:33,160] {processor.py:153} INFO - Started process (PID=16777) to work on /opt/airflow/dags/running_time_con_sla.py
[2022-06-26 22:29:33,162] {processor.py:641} INFO - Processing file /opt/airflow/dags/running_time_con_sla.py for tasks to queue
[2022-06-26 22:29:33,163] {logging_mixin.py:115} INFO - [2022-06-26 22:29:33,163] {dagbag.py:507} INFO - Filling up the DagBag from /opt/airflow/dags/running_time_con_sla.py
[2022-06-26 22:29:33,174] {processor.py:651} INFO - DAG(s) dict_keys(['running_controller_sla']) retrieved from /opt/airflow/dags/running_time_con_sla.py
[2022-06-26 22:29:33,190] {logging_mixin.py:115} INFO - [2022-06-26 22:29:33,190] {dag.py:2371} INFO - Sync 1 DAGs
[2022-06-26 22:29:33,203] {logging_mixin.py:115} INFO - [2022-06-26 22:29:33,203] {dag.py:2919} INFO - Setting next_dagrun for running_controller_sla to 2022-06-26T22:26:00+00:00, run_after=2022-06-26T22:28:00+00:00
[2022-06-26 22:29:33,210] {processor.py:161} INFO - Processing /opt/airflow/dags/running_time_con_sla.py took 0.052 seconds
[2022-06-26 23:11:58,492] {processor.py:153} INFO - Started process (PID=17089) to work on /opt/airflow/dags/running_time_con_sla.py
[2022-06-26 23:11:58,495] {processor.py:641} INFO - Processing file /opt/airflow/dags/running_time_con_sla.py for tasks to queue
[2022-06-26 23:11:58,498] {logging_mixin.py:115} INFO - [2022-06-26 23:11:58,498] {dagbag.py:507} INFO - Filling up the DagBag from /opt/airflow/dags/running_time_con_sla.py
[2022-06-26 23:11:58,528] {processor.py:651} INFO - DAG(s) dict_keys(['running_controller_sla']) retrieved from /opt/airflow/dags/running_time_con_sla.py
[2022-06-26 23:11:58,556] {logging_mixin.py:115} INFO - [2022-06-26 23:11:58,556] {dag.py:2371} INFO - Sync 1 DAGs
[2022-06-26 23:11:58,582] {logging_mixin.py:115} INFO - [2022-06-26 23:11:58,582] {dag.py:2919} INFO - Setting next_dagrun for running_controller_sla to 2022-06-26T23:08:00+00:00, run_after=2022-06-26T23:10:00+00:00
[2022-06-26 23:11:58,595] {processor.py:161} INFO - Processing /opt/airflow/dags/running_time_con_sla.py took 0.104 seconds
[2022-06-26 23:12:29,207] {processor.py:153} INFO - Started process (PID=17376) to work on /opt/airflow/dags/running_time_con_sla.py
[2022-06-26 23:12:29,210] {processor.py:641} INFO - Processing file /opt/airflow/dags/running_time_con_sla.py for tasks to queue
[2022-06-26 23:12:29,211] {logging_mixin.py:115} INFO - [2022-06-26 23:12:29,211] {dagbag.py:507} INFO - Filling up the DagBag from /opt/airflow/dags/running_time_con_sla.py
[2022-06-26 23:12:29,225] {processor.py:651} INFO - DAG(s) dict_keys(['running_controller_sla']) retrieved from /opt/airflow/dags/running_time_con_sla.py
[2022-06-26 23:12:29,245] {logging_mixin.py:115} INFO - [2022-06-26 23:12:29,244] {dag.py:2371} INFO - Sync 1 DAGs
[2022-06-26 23:12:29,259] {logging_mixin.py:115} INFO - [2022-06-26 23:12:29,259] {dag.py:2919} INFO - Setting next_dagrun for running_controller_sla to 2022-06-26T23:10:00+00:00, run_after=2022-06-26T23:12:00+00:00
[2022-06-26 23:12:29,270] {processor.py:161} INFO - Processing /opt/airflow/dags/running_time_con_sla.py took 0.065 seconds
[2022-06-26 23:13:00,008] {processor.py:153} INFO - Started process (PID=17649) to work on /opt/airflow/dags/running_time_con_sla.py
[2022-06-26 23:13:00,010] {processor.py:641} INFO - Processing file /opt/airflow/dags/running_time_con_sla.py for tasks to queue
[2022-06-26 23:13:00,011] {logging_mixin.py:115} INFO - [2022-06-26 23:13:00,011] {dagbag.py:507} INFO - Filling up the DagBag from /opt/airflow/dags/running_time_con_sla.py
[2022-06-26 23:13:00,023] {processor.py:651} INFO - DAG(s) dict_keys(['running_controller_sla']) retrieved from /opt/airflow/dags/running_time_con_sla.py
[2022-06-26 23:13:00,040] {logging_mixin.py:115} INFO - [2022-06-26 23:13:00,040] {dag.py:2371} INFO - Sync 1 DAGs
[2022-06-26 23:13:00,055] {logging_mixin.py:115} INFO - [2022-06-26 23:13:00,054] {dag.py:2919} INFO - Setting next_dagrun for running_controller_sla to 2022-06-26T23:10:00+00:00, run_after=2022-06-26T23:12:00+00:00
[2022-06-26 23:13:00,062] {processor.py:161} INFO - Processing /opt/airflow/dags/running_time_con_sla.py took 0.056 seconds
[2022-06-26 23:31:51,281] {processor.py:153} INFO - Started process (PID=17924) to work on /opt/airflow/dags/running_time_con_sla.py
[2022-06-26 23:31:51,284] {processor.py:641} INFO - Processing file /opt/airflow/dags/running_time_con_sla.py for tasks to queue
[2022-06-26 23:31:51,286] {logging_mixin.py:115} INFO - [2022-06-26 23:31:51,286] {dagbag.py:507} INFO - Filling up the DagBag from /opt/airflow/dags/running_time_con_sla.py
[2022-06-26 23:31:51,329] {processor.py:651} INFO - DAG(s) dict_keys(['running_controller_sla']) retrieved from /opt/airflow/dags/running_time_con_sla.py
[2022-06-26 23:31:51,377] {logging_mixin.py:115} INFO - [2022-06-26 23:31:51,377] {dag.py:2371} INFO - Sync 1 DAGs
[2022-06-26 23:31:51,399] {logging_mixin.py:115} INFO - [2022-06-26 23:31:51,399] {dag.py:2919} INFO - Setting next_dagrun for running_controller_sla to 2022-06-26T23:28:00+00:00, run_after=2022-06-26T23:30:00+00:00
[2022-06-26 23:31:51,421] {processor.py:161} INFO - Processing /opt/airflow/dags/running_time_con_sla.py took 0.142 seconds
