[2022-06-20 01:34:16,724] {taskinstance.py:1159} INFO - Dependencies all met for <TaskInstance: download_rocket_launches.download_launches scheduled__2022-06-10T00:00:00+00:00 [queued]>
[2022-06-20 01:34:16,750] {taskinstance.py:1159} INFO - Dependencies all met for <TaskInstance: download_rocket_launches.download_launches scheduled__2022-06-10T00:00:00+00:00 [queued]>
[2022-06-20 01:34:16,757] {taskinstance.py:1356} INFO - 
--------------------------------------------------------------------------------
[2022-06-20 01:34:16,759] {taskinstance.py:1357} INFO - Starting attempt 1 of 1
[2022-06-20 01:34:16,762] {taskinstance.py:1358} INFO - 
--------------------------------------------------------------------------------
[2022-06-20 01:34:16,835] {taskinstance.py:1377} INFO - Executing <Task(BashOperator): download_launches> on 2022-06-10 00:00:00+00:00
[2022-06-20 01:34:16,843] {standard_task_runner.py:52} INFO - Started process 122 to run task
[2022-06-20 01:34:16,873] {standard_task_runner.py:79} INFO - Running: ['***', 'tasks', 'run', 'download_rocket_launches', 'download_launches', 'scheduled__2022-06-10T00:00:00+00:00', '--job-id', '12', '--raw', '--subdir', 'DAGS_FOLDER/data-pipline-book/2_1_download_rocket_launches.py', '--cfg-path', '/tmp/tmpldvc0xm8', '--error-file', '/tmp/tmp46f933d4']
[2022-06-20 01:34:16,891] {standard_task_runner.py:80} INFO - Job 12: Subtask download_launches
[2022-06-20 01:34:17,007] {task_command.py:369} INFO - Running <TaskInstance: download_rocket_launches.download_launches scheduled__2022-06-10T00:00:00+00:00 [running]> on host b8db81cc5447
[2022-06-20 01:34:17,128] {taskinstance.py:1571} INFO - Exporting the following env vars:
AIRFLOW_CTX_DAG_OWNER=***
AIRFLOW_CTX_DAG_ID=download_rocket_launches
AIRFLOW_CTX_TASK_ID=download_launches
AIRFLOW_CTX_EXECUTION_DATE=2022-06-10T00:00:00+00:00
AIRFLOW_CTX_TRY_NUMBER=1
AIRFLOW_CTX_DAG_RUN_ID=scheduled__2022-06-10T00:00:00+00:00
[2022-06-20 01:34:17,135] {subprocess.py:62} INFO - Tmp dir root location: 
 /tmp
[2022-06-20 01:34:17,143] {subprocess.py:74} INFO - Running command: ['bash', '-c', "curl -o /tmp/launches.json -L 'https://ll.thespacedevs.com/2.0.0/launch/upcoming'"]
[2022-06-20 01:34:17,201] {subprocess.py:85} INFO - Output:
[2022-06-20 01:34:17,213] {subprocess.py:92} INFO -   % Total    % Received % Xferd  Average Speed   Time    Time     Time  Current
[2022-06-20 01:34:17,220] {subprocess.py:92} INFO -                                  Dload  Upload   Total   Spent    Left  Speed
[2022-06-20 01:34:19,693] {subprocess.py:92} INFO -   0     0    0     0    0     0      0      0 --:--:-- --:--:-- --:--:--     0  0     0    0     0    0     0      0      0 --:--:-- --:--:-- --:--:--     0  0     0    0     0    0     0      0      0 --:--:--  0:00:01 --:--:--     0  0     0    0     0    0     0      0      0 --:--:--  0:00:02 --:--:--     0
[2022-06-20 01:34:20,226] {subprocess.py:92} INFO - 100    71  100    71    0     0     23      0  0:00:03  0:00:03 --:--:--    23100    71  100    71    0     0     23      0  0:00:03  0:00:03 --:--:--     0
[2022-06-20 01:34:20,231] {subprocess.py:96} INFO - Command exited with return code 0
[2022-06-20 01:34:20,297] {taskinstance.py:1400} INFO - Marking task as SUCCESS. dag_id=download_rocket_launches, task_id=download_launches, execution_date=20220610T000000, start_date=20220620T013416, end_date=20220620T013420
[2022-06-20 01:34:20,405] {local_task_job.py:156} INFO - Task exited with return code 0
[2022-06-20 01:34:20,617] {local_task_job.py:273} INFO - 0 downstream tasks scheduled from follow-on schedule check
[2022-06-20 01:51:09,528] {taskinstance.py:1159} INFO - Dependencies all met for <TaskInstance: download_rocket_launches.download_launches scheduled__2022-06-10T00:00:00+00:00 [queued]>
[2022-06-20 01:51:09,550] {taskinstance.py:1159} INFO - Dependencies all met for <TaskInstance: download_rocket_launches.download_launches scheduled__2022-06-10T00:00:00+00:00 [queued]>
[2022-06-20 01:51:09,554] {taskinstance.py:1356} INFO - 
--------------------------------------------------------------------------------
[2022-06-20 01:51:09,559] {taskinstance.py:1357} INFO - Starting attempt 1 of 1
[2022-06-20 01:51:09,561] {taskinstance.py:1358} INFO - 
--------------------------------------------------------------------------------
[2022-06-20 01:51:09,574] {taskinstance.py:1377} INFO - Executing <Task(BashOperator): download_launches> on 2022-06-10 00:00:00+00:00
[2022-06-20 01:51:09,581] {standard_task_runner.py:52} INFO - Started process 129 to run task
[2022-06-20 01:51:09,585] {standard_task_runner.py:79} INFO - Running: ['***', 'tasks', 'run', 'download_rocket_launches', 'download_launches', 'scheduled__2022-06-10T00:00:00+00:00', '--job-id', '7', '--raw', '--subdir', 'DAGS_FOLDER/chapter02/dags/download_rocket_launches.py', '--cfg-path', '/tmp/tmpablcopvh', '--error-file', '/tmp/tmp3pq7qnb0']
[2022-06-20 01:51:09,587] {standard_task_runner.py:80} INFO - Job 7: Subtask download_launches
[2022-06-20 01:51:09,656] {task_command.py:369} INFO - Running <TaskInstance: download_rocket_launches.download_launches scheduled__2022-06-10T00:00:00+00:00 [running]> on host b39ea3d1be4a
[2022-06-20 01:51:09,743] {taskinstance.py:1571} INFO - Exporting the following env vars:
AIRFLOW_CTX_DAG_OWNER=***
AIRFLOW_CTX_DAG_ID=download_rocket_launches
AIRFLOW_CTX_TASK_ID=download_launches
AIRFLOW_CTX_EXECUTION_DATE=2022-06-10T00:00:00+00:00
AIRFLOW_CTX_TRY_NUMBER=1
AIRFLOW_CTX_DAG_RUN_ID=scheduled__2022-06-10T00:00:00+00:00
[2022-06-20 01:51:09,746] {subprocess.py:62} INFO - Tmp dir root location: 
 /tmp
[2022-06-20 01:51:09,750] {subprocess.py:74} INFO - Running command: ['bash', '-c', "curl -o /tmp/launches.json -L 'https://ll.thespacedevs.com/2.0.0/launch/upcoming'"]
[2022-06-20 01:51:09,773] {subprocess.py:85} INFO - Output:
[2022-06-20 01:51:09,782] {subprocess.py:92} INFO -   % Total    % Received % Xferd  Average Speed   Time    Time     Time  Current
[2022-06-20 01:51:09,784] {subprocess.py:92} INFO -                                  Dload  Upload   Total   Spent    Left  Speed
[2022-06-20 01:51:11,017] {subprocess.py:92} INFO -   0     0    0     0    0     0      0      0 --:--:-- --:--:-- --:--:--     0  0     0    0     0    0     0      0      0 --:--:--  0:00:01 --:--:--     0  0     0    0     0    0     0      0      0 --:--:--  0:00:01 --:--:--     0
[2022-06-20 01:51:12,060] {subprocess.py:92} INFO -   0     0    0     0    0     0      0      0 --:--:--  0:00:02 --:--:--     0100    71  100    71    0     0     31      0  0:00:02  0:00:02 --:--:--  1731
[2022-06-20 01:51:12,068] {subprocess.py:96} INFO - Command exited with return code 0
[2022-06-20 01:51:12,233] {taskinstance.py:1400} INFO - Marking task as SUCCESS. dag_id=download_rocket_launches, task_id=download_launches, execution_date=20220610T000000, start_date=20220620T015109, end_date=20220620T015112
[2022-06-20 01:51:12,323] {local_task_job.py:156} INFO - Task exited with return code 0
[2022-06-20 01:51:12,420] {local_task_job.py:273} INFO - 1 downstream tasks scheduled from follow-on schedule check
