[2022-06-20 01:19:32,674] {processor.py:153} INFO - Started process (PID=49) to work on /opt/airflow/dags/listing_4_5.py
[2022-06-20 01:19:32,676] {processor.py:641} INFO - Processing file /opt/airflow/dags/listing_4_5.py for tasks to queue
[2022-06-20 01:19:32,679] {logging_mixin.py:115} INFO - [2022-06-20 01:19:32,679] {dagbag.py:507} INFO - Filling up the DagBag from /opt/airflow/dags/listing_4_5.py
[2022-06-20 01:19:32,696] {processor.py:651} INFO - DAG(s) dict_keys(['listing_4_05']) retrieved from /opt/airflow/dags/listing_4_5.py
[2022-06-20 01:19:32,783] {logging_mixin.py:115} INFO - [2022-06-20 01:19:32,783] {dag.py:2371} INFO - Sync 1 DAGs
[2022-06-20 01:19:32,821] {logging_mixin.py:115} INFO - [2022-06-20 01:19:32,821] {dag.py:2919} INFO - Setting next_dagrun for listing_4_05 to 2022-06-19T00:00:00+00:00, run_after=2022-06-19T01:00:00+00:00
[2022-06-20 01:19:32,840] {processor.py:161} INFO - Processing /opt/airflow/dags/listing_4_5.py took 0.170 seconds
[2022-06-20 01:22:33,938] {processor.py:153} INFO - Started process (PID=52) to work on /opt/airflow/dags/listing_4_5.py
[2022-06-20 01:22:33,946] {processor.py:641} INFO - Processing file /opt/airflow/dags/listing_4_5.py for tasks to queue
[2022-06-20 01:22:33,949] {logging_mixin.py:115} INFO - [2022-06-20 01:22:33,949] {dagbag.py:507} INFO - Filling up the DagBag from /opt/airflow/dags/listing_4_5.py
[2022-06-20 01:22:33,971] {processor.py:651} INFO - DAG(s) dict_keys(['listing_4_05']) retrieved from /opt/airflow/dags/listing_4_5.py
[2022-06-20 01:22:34,058] {logging_mixin.py:115} INFO - [2022-06-20 01:22:34,058] {manager.py:508} INFO - Created Permission View: can delete on DAG:listing_4_05
[2022-06-20 01:22:34,077] {logging_mixin.py:115} INFO - [2022-06-20 01:22:34,077] {manager.py:508} INFO - Created Permission View: can read on DAG:listing_4_05
[2022-06-20 01:22:34,087] {logging_mixin.py:115} INFO - [2022-06-20 01:22:34,087] {manager.py:508} INFO - Created Permission View: can edit on DAG:listing_4_05
[2022-06-20 01:22:34,089] {logging_mixin.py:115} INFO - [2022-06-20 01:22:34,089] {dag.py:2371} INFO - Sync 1 DAGs
[2022-06-20 01:22:34,100] {logging_mixin.py:115} INFO - [2022-06-20 01:22:34,100] {dag.py:2390} INFO - Creating ORM DAG for listing_4_05
[2022-06-20 01:22:34,272] {logging_mixin.py:115} INFO - [2022-06-20 01:22:34,272] {dag.py:2919} INFO - Setting next_dagrun for listing_4_05 to 2022-06-19T00:00:00+00:00, run_after=2022-06-19T01:00:00+00:00
[2022-06-20 01:22:34,292] {processor.py:161} INFO - Processing /opt/airflow/dags/listing_4_5.py took 0.359 seconds
[2022-06-20 01:23:05,016] {processor.py:153} INFO - Started process (PID=125) to work on /opt/airflow/dags/listing_4_5.py
[2022-06-20 01:23:05,023] {processor.py:641} INFO - Processing file /opt/airflow/dags/listing_4_5.py for tasks to queue
[2022-06-20 01:23:05,026] {logging_mixin.py:115} INFO - [2022-06-20 01:23:05,026] {dagbag.py:507} INFO - Filling up the DagBag from /opt/airflow/dags/listing_4_5.py
[2022-06-20 01:23:05,039] {processor.py:651} INFO - DAG(s) dict_keys(['listing_4_05']) retrieved from /opt/airflow/dags/listing_4_5.py
[2022-06-20 01:23:05,059] {logging_mixin.py:115} INFO - [2022-06-20 01:23:05,059] {dag.py:2371} INFO - Sync 1 DAGs
[2022-06-20 01:23:05,072] {logging_mixin.py:115} INFO - [2022-06-20 01:23:05,071] {dag.py:2919} INFO - Setting next_dagrun for listing_4_05 to 2022-06-19T00:00:00+00:00, run_after=2022-06-19T01:00:00+00:00
[2022-06-20 01:23:05,083] {processor.py:161} INFO - Processing /opt/airflow/dags/listing_4_5.py took 0.069 seconds
[2022-06-20 01:23:35,250] {processor.py:153} INFO - Started process (PID=187) to work on /opt/airflow/dags/listing_4_5.py
[2022-06-20 01:23:35,253] {processor.py:641} INFO - Processing file /opt/airflow/dags/listing_4_5.py for tasks to queue
[2022-06-20 01:23:35,255] {logging_mixin.py:115} INFO - [2022-06-20 01:23:35,255] {dagbag.py:507} INFO - Filling up the DagBag from /opt/airflow/dags/listing_4_5.py
[2022-06-20 01:23:35,270] {processor.py:651} INFO - DAG(s) dict_keys(['listing_4_05']) retrieved from /opt/airflow/dags/listing_4_5.py
[2022-06-20 01:23:35,291] {logging_mixin.py:115} INFO - [2022-06-20 01:23:35,291] {dag.py:2371} INFO - Sync 1 DAGs
[2022-06-20 01:23:35,308] {logging_mixin.py:115} INFO - [2022-06-20 01:23:35,308] {dag.py:2919} INFO - Setting next_dagrun for listing_4_05 to 2022-06-19T00:00:00+00:00, run_after=2022-06-19T01:00:00+00:00
[2022-06-20 01:23:35,318] {processor.py:161} INFO - Processing /opt/airflow/dags/listing_4_5.py took 0.073 seconds
[2022-06-20 01:24:05,413] {processor.py:153} INFO - Started process (PID=259) to work on /opt/airflow/dags/listing_4_5.py
[2022-06-20 01:24:05,417] {processor.py:641} INFO - Processing file /opt/airflow/dags/listing_4_5.py for tasks to queue
[2022-06-20 01:24:05,420] {logging_mixin.py:115} INFO - [2022-06-20 01:24:05,420] {dagbag.py:507} INFO - Filling up the DagBag from /opt/airflow/dags/listing_4_5.py
[2022-06-20 01:24:05,439] {processor.py:651} INFO - DAG(s) dict_keys(['listing_4_05']) retrieved from /opt/airflow/dags/listing_4_5.py
[2022-06-20 01:24:05,460] {logging_mixin.py:115} INFO - [2022-06-20 01:24:05,460] {dag.py:2371} INFO - Sync 1 DAGs
[2022-06-20 01:24:05,474] {logging_mixin.py:115} INFO - [2022-06-20 01:24:05,474] {dag.py:2919} INFO - Setting next_dagrun for listing_4_05 to 2022-06-19T00:00:00+00:00, run_after=2022-06-19T01:00:00+00:00
[2022-06-20 01:24:05,481] {processor.py:161} INFO - Processing /opt/airflow/dags/listing_4_5.py took 0.073 seconds
[2022-06-20 01:24:36,403] {processor.py:153} INFO - Started process (PID=331) to work on /opt/airflow/dags/listing_4_5.py
[2022-06-20 01:24:36,405] {processor.py:641} INFO - Processing file /opt/airflow/dags/listing_4_5.py for tasks to queue
[2022-06-20 01:24:36,406] {logging_mixin.py:115} INFO - [2022-06-20 01:24:36,406] {dagbag.py:507} INFO - Filling up the DagBag from /opt/airflow/dags/listing_4_5.py
[2022-06-20 01:24:36,418] {processor.py:651} INFO - DAG(s) dict_keys(['listing_4_05']) retrieved from /opt/airflow/dags/listing_4_5.py
[2022-06-20 01:24:36,439] {logging_mixin.py:115} INFO - [2022-06-20 01:24:36,439] {dag.py:2371} INFO - Sync 1 DAGs
[2022-06-20 01:24:36,455] {logging_mixin.py:115} INFO - [2022-06-20 01:24:36,455] {dag.py:2919} INFO - Setting next_dagrun for listing_4_05 to 2022-06-19T00:00:00+00:00, run_after=2022-06-19T01:00:00+00:00
[2022-06-20 01:24:36,465] {processor.py:161} INFO - Processing /opt/airflow/dags/listing_4_5.py took 0.064 seconds
[2022-06-20 01:25:06,765] {processor.py:153} INFO - Started process (PID=402) to work on /opt/airflow/dags/listing_4_5.py
[2022-06-20 01:25:06,768] {processor.py:641} INFO - Processing file /opt/airflow/dags/listing_4_5.py for tasks to queue
[2022-06-20 01:25:06,770] {logging_mixin.py:115} INFO - [2022-06-20 01:25:06,770] {dagbag.py:507} INFO - Filling up the DagBag from /opt/airflow/dags/listing_4_5.py
[2022-06-20 01:25:06,781] {processor.py:651} INFO - DAG(s) dict_keys(['listing_4_05']) retrieved from /opt/airflow/dags/listing_4_5.py
[2022-06-20 01:25:06,802] {logging_mixin.py:115} INFO - [2022-06-20 01:25:06,802] {dag.py:2371} INFO - Sync 1 DAGs
[2022-06-20 01:25:06,817] {logging_mixin.py:115} INFO - [2022-06-20 01:25:06,817] {dag.py:2919} INFO - Setting next_dagrun for listing_4_05 to 2022-06-19T00:00:00+00:00, run_after=2022-06-19T01:00:00+00:00
[2022-06-20 01:25:06,825] {processor.py:161} INFO - Processing /opt/airflow/dags/listing_4_5.py took 0.061 seconds
[2022-06-20 01:25:36,932] {processor.py:153} INFO - Started process (PID=474) to work on /opt/airflow/dags/listing_4_5.py
[2022-06-20 01:25:36,936] {processor.py:641} INFO - Processing file /opt/airflow/dags/listing_4_5.py for tasks to queue
[2022-06-20 01:25:36,938] {logging_mixin.py:115} INFO - [2022-06-20 01:25:36,938] {dagbag.py:507} INFO - Filling up the DagBag from /opt/airflow/dags/listing_4_5.py
[2022-06-20 01:25:36,953] {processor.py:651} INFO - DAG(s) dict_keys(['listing_4_05']) retrieved from /opt/airflow/dags/listing_4_5.py
[2022-06-20 01:25:36,976] {logging_mixin.py:115} INFO - [2022-06-20 01:25:36,976] {dag.py:2371} INFO - Sync 1 DAGs
[2022-06-20 01:25:36,990] {logging_mixin.py:115} INFO - [2022-06-20 01:25:36,990] {dag.py:2919} INFO - Setting next_dagrun for listing_4_05 to 2022-06-19T00:00:00+00:00, run_after=2022-06-19T01:00:00+00:00
[2022-06-20 01:25:36,998] {processor.py:161} INFO - Processing /opt/airflow/dags/listing_4_5.py took 0.071 seconds
[2022-06-20 01:26:07,263] {processor.py:153} INFO - Started process (PID=545) to work on /opt/airflow/dags/listing_4_5.py
[2022-06-20 01:26:07,265] {processor.py:641} INFO - Processing file /opt/airflow/dags/listing_4_5.py for tasks to queue
[2022-06-20 01:26:07,267] {logging_mixin.py:115} INFO - [2022-06-20 01:26:07,267] {dagbag.py:507} INFO - Filling up the DagBag from /opt/airflow/dags/listing_4_5.py
[2022-06-20 01:26:07,276] {processor.py:651} INFO - DAG(s) dict_keys(['listing_4_05']) retrieved from /opt/airflow/dags/listing_4_5.py
[2022-06-20 01:26:07,293] {logging_mixin.py:115} INFO - [2022-06-20 01:26:07,293] {dag.py:2371} INFO - Sync 1 DAGs
[2022-06-20 01:26:07,307] {logging_mixin.py:115} INFO - [2022-06-20 01:26:07,307] {dag.py:2919} INFO - Setting next_dagrun for listing_4_05 to 2022-06-19T00:00:00+00:00, run_after=2022-06-19T01:00:00+00:00
[2022-06-20 01:26:07,314] {processor.py:161} INFO - Processing /opt/airflow/dags/listing_4_5.py took 0.053 seconds
[2022-06-20 01:26:37,781] {processor.py:153} INFO - Started process (PID=607) to work on /opt/airflow/dags/listing_4_5.py
[2022-06-20 01:26:37,783] {processor.py:641} INFO - Processing file /opt/airflow/dags/listing_4_5.py for tasks to queue
[2022-06-20 01:26:37,786] {logging_mixin.py:115} INFO - [2022-06-20 01:26:37,786] {dagbag.py:507} INFO - Filling up the DagBag from /opt/airflow/dags/listing_4_5.py
[2022-06-20 01:26:37,797] {processor.py:651} INFO - DAG(s) dict_keys(['listing_4_05']) retrieved from /opt/airflow/dags/listing_4_5.py
[2022-06-20 01:26:37,823] {logging_mixin.py:115} INFO - [2022-06-20 01:26:37,823] {dag.py:2371} INFO - Sync 1 DAGs
[2022-06-20 01:26:37,839] {logging_mixin.py:115} INFO - [2022-06-20 01:26:37,839] {dag.py:2919} INFO - Setting next_dagrun for listing_4_05 to 2022-06-19T00:00:00+00:00, run_after=2022-06-19T01:00:00+00:00
[2022-06-20 01:26:37,851] {processor.py:161} INFO - Processing /opt/airflow/dags/listing_4_5.py took 0.073 seconds
[2022-06-20 01:27:08,342] {processor.py:153} INFO - Started process (PID=678) to work on /opt/airflow/dags/listing_4_5.py
[2022-06-20 01:27:08,346] {processor.py:641} INFO - Processing file /opt/airflow/dags/listing_4_5.py for tasks to queue
[2022-06-20 01:27:08,348] {logging_mixin.py:115} INFO - [2022-06-20 01:27:08,348] {dagbag.py:507} INFO - Filling up the DagBag from /opt/airflow/dags/listing_4_5.py
[2022-06-20 01:27:08,374] {processor.py:651} INFO - DAG(s) dict_keys(['listing_4_05']) retrieved from /opt/airflow/dags/listing_4_5.py
[2022-06-20 01:27:08,398] {logging_mixin.py:115} INFO - [2022-06-20 01:27:08,398] {dag.py:2371} INFO - Sync 1 DAGs
[2022-06-20 01:27:08,413] {logging_mixin.py:115} INFO - [2022-06-20 01:27:08,413] {dag.py:2919} INFO - Setting next_dagrun for listing_4_05 to 2022-06-19T00:00:00+00:00, run_after=2022-06-19T01:00:00+00:00
[2022-06-20 01:27:08,420] {processor.py:161} INFO - Processing /opt/airflow/dags/listing_4_5.py took 0.082 seconds
[2022-06-20 01:27:38,589] {processor.py:153} INFO - Started process (PID=750) to work on /opt/airflow/dags/listing_4_5.py
[2022-06-20 01:27:38,594] {processor.py:641} INFO - Processing file /opt/airflow/dags/listing_4_5.py for tasks to queue
[2022-06-20 01:27:38,598] {logging_mixin.py:115} INFO - [2022-06-20 01:27:38,598] {dagbag.py:507} INFO - Filling up the DagBag from /opt/airflow/dags/listing_4_5.py
[2022-06-20 01:27:38,615] {processor.py:651} INFO - DAG(s) dict_keys(['listing_4_05']) retrieved from /opt/airflow/dags/listing_4_5.py
[2022-06-20 01:27:38,637] {logging_mixin.py:115} INFO - [2022-06-20 01:27:38,637] {dag.py:2371} INFO - Sync 1 DAGs
[2022-06-20 01:27:38,651] {logging_mixin.py:115} INFO - [2022-06-20 01:27:38,651] {dag.py:2919} INFO - Setting next_dagrun for listing_4_05 to 2022-06-19T00:00:00+00:00, run_after=2022-06-19T01:00:00+00:00
[2022-06-20 01:27:38,659] {processor.py:161} INFO - Processing /opt/airflow/dags/listing_4_5.py took 0.081 seconds
[2022-06-20 01:28:08,860] {processor.py:153} INFO - Started process (PID=822) to work on /opt/airflow/dags/listing_4_5.py
[2022-06-20 01:28:08,863] {processor.py:641} INFO - Processing file /opt/airflow/dags/listing_4_5.py for tasks to queue
[2022-06-20 01:28:08,866] {logging_mixin.py:115} INFO - [2022-06-20 01:28:08,866] {dagbag.py:507} INFO - Filling up the DagBag from /opt/airflow/dags/listing_4_5.py
[2022-06-20 01:28:08,898] {processor.py:651} INFO - DAG(s) dict_keys(['listing_4_05']) retrieved from /opt/airflow/dags/listing_4_5.py
[2022-06-20 01:28:08,921] {logging_mixin.py:115} INFO - [2022-06-20 01:28:08,921] {dag.py:2371} INFO - Sync 1 DAGs
[2022-06-20 01:28:08,933] {logging_mixin.py:115} INFO - [2022-06-20 01:28:08,933] {dag.py:2919} INFO - Setting next_dagrun for listing_4_05 to 2022-06-19T00:00:00+00:00, run_after=2022-06-19T01:00:00+00:00
[2022-06-20 01:28:08,941] {processor.py:161} INFO - Processing /opt/airflow/dags/listing_4_5.py took 0.086 seconds
[2022-06-20 01:28:39,155] {processor.py:153} INFO - Started process (PID=894) to work on /opt/airflow/dags/listing_4_5.py
[2022-06-20 01:28:39,159] {processor.py:641} INFO - Processing file /opt/airflow/dags/listing_4_5.py for tasks to queue
[2022-06-20 01:28:39,163] {logging_mixin.py:115} INFO - [2022-06-20 01:28:39,163] {dagbag.py:507} INFO - Filling up the DagBag from /opt/airflow/dags/listing_4_5.py
[2022-06-20 01:28:39,180] {processor.py:651} INFO - DAG(s) dict_keys(['listing_4_05']) retrieved from /opt/airflow/dags/listing_4_5.py
[2022-06-20 01:28:39,202] {logging_mixin.py:115} INFO - [2022-06-20 01:28:39,202] {dag.py:2371} INFO - Sync 1 DAGs
[2022-06-20 01:28:39,216] {logging_mixin.py:115} INFO - [2022-06-20 01:28:39,216] {dag.py:2919} INFO - Setting next_dagrun for listing_4_05 to 2022-06-19T00:00:00+00:00, run_after=2022-06-19T01:00:00+00:00
[2022-06-20 01:28:39,223] {processor.py:161} INFO - Processing /opt/airflow/dags/listing_4_5.py took 0.074 seconds
[2022-06-20 01:29:09,740] {processor.py:153} INFO - Started process (PID=963) to work on /opt/airflow/dags/listing_4_5.py
[2022-06-20 01:29:09,742] {processor.py:641} INFO - Processing file /opt/airflow/dags/listing_4_5.py for tasks to queue
[2022-06-20 01:29:09,744] {logging_mixin.py:115} INFO - [2022-06-20 01:29:09,744] {dagbag.py:507} INFO - Filling up the DagBag from /opt/airflow/dags/listing_4_5.py
[2022-06-20 01:29:09,756] {processor.py:651} INFO - DAG(s) dict_keys(['listing_4_05']) retrieved from /opt/airflow/dags/listing_4_5.py
[2022-06-20 01:29:09,777] {logging_mixin.py:115} INFO - [2022-06-20 01:29:09,777] {dag.py:2371} INFO - Sync 1 DAGs
[2022-06-20 01:29:09,797] {logging_mixin.py:115} INFO - [2022-06-20 01:29:09,797] {dag.py:2919} INFO - Setting next_dagrun for listing_4_05 to 2022-06-19T00:00:00+00:00, run_after=2022-06-19T01:00:00+00:00
[2022-06-20 01:29:09,812] {processor.py:161} INFO - Processing /opt/airflow/dags/listing_4_5.py took 0.074 seconds
[2022-06-20 01:29:39,882] {processor.py:153} INFO - Started process (PID=1026) to work on /opt/airflow/dags/listing_4_5.py
[2022-06-20 01:29:39,885] {processor.py:641} INFO - Processing file /opt/airflow/dags/listing_4_5.py for tasks to queue
[2022-06-20 01:29:39,887] {logging_mixin.py:115} INFO - [2022-06-20 01:29:39,887] {dagbag.py:507} INFO - Filling up the DagBag from /opt/airflow/dags/listing_4_5.py
[2022-06-20 01:29:39,900] {processor.py:651} INFO - DAG(s) dict_keys(['listing_4_05']) retrieved from /opt/airflow/dags/listing_4_5.py
[2022-06-20 01:29:39,929] {logging_mixin.py:115} INFO - [2022-06-20 01:29:39,929] {dag.py:2371} INFO - Sync 1 DAGs
[2022-06-20 01:29:39,955] {logging_mixin.py:115} INFO - [2022-06-20 01:29:39,955] {dag.py:2919} INFO - Setting next_dagrun for listing_4_05 to 2022-06-19T00:00:00+00:00, run_after=2022-06-19T01:00:00+00:00
[2022-06-20 01:29:39,972] {processor.py:161} INFO - Processing /opt/airflow/dags/listing_4_5.py took 0.092 seconds
[2022-06-20 01:30:10,037] {processor.py:153} INFO - Started process (PID=1098) to work on /opt/airflow/dags/listing_4_5.py
[2022-06-20 01:30:10,039] {processor.py:641} INFO - Processing file /opt/airflow/dags/listing_4_5.py for tasks to queue
[2022-06-20 01:30:10,040] {logging_mixin.py:115} INFO - [2022-06-20 01:30:10,040] {dagbag.py:507} INFO - Filling up the DagBag from /opt/airflow/dags/listing_4_5.py
[2022-06-20 01:30:10,048] {processor.py:651} INFO - DAG(s) dict_keys(['listing_4_05']) retrieved from /opt/airflow/dags/listing_4_5.py
[2022-06-20 01:30:10,067] {logging_mixin.py:115} INFO - [2022-06-20 01:30:10,067] {dag.py:2371} INFO - Sync 1 DAGs
[2022-06-20 01:30:10,080] {logging_mixin.py:115} INFO - [2022-06-20 01:30:10,080] {dag.py:2919} INFO - Setting next_dagrun for listing_4_05 to 2022-06-19T00:00:00+00:00, run_after=2022-06-19T01:00:00+00:00
[2022-06-20 01:30:10,088] {processor.py:161} INFO - Processing /opt/airflow/dags/listing_4_5.py took 0.053 seconds
[2022-06-20 01:30:40,190] {processor.py:153} INFO - Started process (PID=1169) to work on /opt/airflow/dags/listing_4_5.py
[2022-06-20 01:30:40,192] {processor.py:641} INFO - Processing file /opt/airflow/dags/listing_4_5.py for tasks to queue
[2022-06-20 01:30:40,193] {logging_mixin.py:115} INFO - [2022-06-20 01:30:40,193] {dagbag.py:507} INFO - Filling up the DagBag from /opt/airflow/dags/listing_4_5.py
[2022-06-20 01:30:40,200] {processor.py:651} INFO - DAG(s) dict_keys(['listing_4_05']) retrieved from /opt/airflow/dags/listing_4_5.py
[2022-06-20 01:30:40,215] {logging_mixin.py:115} INFO - [2022-06-20 01:30:40,215] {dag.py:2371} INFO - Sync 1 DAGs
[2022-06-20 01:30:40,227] {logging_mixin.py:115} INFO - [2022-06-20 01:30:40,227] {dag.py:2919} INFO - Setting next_dagrun for listing_4_05 to 2022-06-19T00:00:00+00:00, run_after=2022-06-19T01:00:00+00:00
[2022-06-20 01:30:40,235] {processor.py:161} INFO - Processing /opt/airflow/dags/listing_4_5.py took 0.047 seconds
[2022-06-20 01:31:10,662] {processor.py:153} INFO - Started process (PID=1242) to work on /opt/airflow/dags/listing_4_5.py
[2022-06-20 01:31:10,663] {processor.py:641} INFO - Processing file /opt/airflow/dags/listing_4_5.py for tasks to queue
[2022-06-20 01:31:10,664] {logging_mixin.py:115} INFO - [2022-06-20 01:31:10,664] {dagbag.py:507} INFO - Filling up the DagBag from /opt/airflow/dags/listing_4_5.py
[2022-06-20 01:31:10,672] {processor.py:651} INFO - DAG(s) dict_keys(['listing_4_05']) retrieved from /opt/airflow/dags/listing_4_5.py
[2022-06-20 01:31:10,688] {logging_mixin.py:115} INFO - [2022-06-20 01:31:10,688] {dag.py:2371} INFO - Sync 1 DAGs
[2022-06-20 01:31:10,700] {logging_mixin.py:115} INFO - [2022-06-20 01:31:10,700] {dag.py:2919} INFO - Setting next_dagrun for listing_4_05 to 2022-06-19T00:00:00+00:00, run_after=2022-06-19T01:00:00+00:00
[2022-06-20 01:31:10,706] {processor.py:161} INFO - Processing /opt/airflow/dags/listing_4_5.py took 0.046 seconds
[2022-06-20 01:31:41,044] {processor.py:153} INFO - Started process (PID=1304) to work on /opt/airflow/dags/listing_4_5.py
[2022-06-20 01:31:41,045] {processor.py:641} INFO - Processing file /opt/airflow/dags/listing_4_5.py for tasks to queue
[2022-06-20 01:31:41,046] {logging_mixin.py:115} INFO - [2022-06-20 01:31:41,046] {dagbag.py:507} INFO - Filling up the DagBag from /opt/airflow/dags/listing_4_5.py
[2022-06-20 01:31:41,056] {processor.py:651} INFO - DAG(s) dict_keys(['listing_4_05']) retrieved from /opt/airflow/dags/listing_4_5.py
[2022-06-20 01:31:41,073] {logging_mixin.py:115} INFO - [2022-06-20 01:31:41,073] {dag.py:2371} INFO - Sync 1 DAGs
[2022-06-20 01:31:41,086] {logging_mixin.py:115} INFO - [2022-06-20 01:31:41,086] {dag.py:2919} INFO - Setting next_dagrun for listing_4_05 to 2022-06-19T00:00:00+00:00, run_after=2022-06-19T01:00:00+00:00
[2022-06-20 01:31:41,092] {processor.py:161} INFO - Processing /opt/airflow/dags/listing_4_5.py took 0.052 seconds
[2022-06-20 01:32:11,356] {processor.py:153} INFO - Started process (PID=1376) to work on /opt/airflow/dags/listing_4_5.py
[2022-06-20 01:32:11,358] {processor.py:641} INFO - Processing file /opt/airflow/dags/listing_4_5.py for tasks to queue
[2022-06-20 01:32:11,360] {logging_mixin.py:115} INFO - [2022-06-20 01:32:11,360] {dagbag.py:507} INFO - Filling up the DagBag from /opt/airflow/dags/listing_4_5.py
[2022-06-20 01:32:11,372] {processor.py:651} INFO - DAG(s) dict_keys(['listing_4_05']) retrieved from /opt/airflow/dags/listing_4_5.py
[2022-06-20 01:32:11,391] {logging_mixin.py:115} INFO - [2022-06-20 01:32:11,390] {dag.py:2371} INFO - Sync 1 DAGs
[2022-06-20 01:32:11,405] {logging_mixin.py:115} INFO - [2022-06-20 01:32:11,405] {dag.py:2919} INFO - Setting next_dagrun for listing_4_05 to 2022-06-19T00:00:00+00:00, run_after=2022-06-19T01:00:00+00:00
[2022-06-20 01:32:11,414] {processor.py:161} INFO - Processing /opt/airflow/dags/listing_4_5.py took 0.061 seconds
[2022-06-20 01:32:41,742] {processor.py:153} INFO - Started process (PID=1452) to work on /opt/airflow/dags/listing_4_5.py
[2022-06-20 01:32:41,746] {processor.py:641} INFO - Processing file /opt/airflow/dags/listing_4_5.py for tasks to queue
[2022-06-20 01:32:41,749] {logging_mixin.py:115} INFO - [2022-06-20 01:32:41,749] {dagbag.py:507} INFO - Filling up the DagBag from /opt/airflow/dags/listing_4_5.py
[2022-06-20 01:32:41,762] {processor.py:651} INFO - DAG(s) dict_keys(['listing_4_05']) retrieved from /opt/airflow/dags/listing_4_5.py
[2022-06-20 01:32:41,784] {logging_mixin.py:115} INFO - [2022-06-20 01:32:41,784] {dag.py:2371} INFO - Sync 1 DAGs
[2022-06-20 01:32:41,806] {logging_mixin.py:115} INFO - [2022-06-20 01:32:41,806] {dag.py:2919} INFO - Setting next_dagrun for listing_4_05 to 2022-06-19T00:00:00+00:00, run_after=2022-06-19T01:00:00+00:00
[2022-06-20 01:32:41,817] {processor.py:161} INFO - Processing /opt/airflow/dags/listing_4_5.py took 0.079 seconds
[2022-06-20 01:33:12,504] {processor.py:153} INFO - Started process (PID=1530) to work on /opt/airflow/dags/listing_4_5.py
[2022-06-20 01:33:12,506] {processor.py:641} INFO - Processing file /opt/airflow/dags/listing_4_5.py for tasks to queue
[2022-06-20 01:33:12,506] {logging_mixin.py:115} INFO - [2022-06-20 01:33:12,506] {dagbag.py:507} INFO - Filling up the DagBag from /opt/airflow/dags/listing_4_5.py
[2022-06-20 01:33:12,514] {processor.py:651} INFO - DAG(s) dict_keys(['listing_4_05']) retrieved from /opt/airflow/dags/listing_4_5.py
[2022-06-20 01:33:12,530] {logging_mixin.py:115} INFO - [2022-06-20 01:33:12,530] {dag.py:2371} INFO - Sync 1 DAGs
[2022-06-20 01:33:12,544] {logging_mixin.py:115} INFO - [2022-06-20 01:33:12,544] {dag.py:2919} INFO - Setting next_dagrun for listing_4_05 to 2022-06-19T00:00:00+00:00, run_after=2022-06-19T01:00:00+00:00
[2022-06-20 01:33:12,550] {processor.py:161} INFO - Processing /opt/airflow/dags/listing_4_5.py took 0.049 seconds
[2022-06-20 01:33:38,759] {processor.py:153} INFO - Started process (PID=41) to work on /opt/airflow/dags/listing_4_5.py
[2022-06-20 01:33:38,762] {processor.py:641} INFO - Processing file /opt/airflow/dags/listing_4_5.py for tasks to queue
[2022-06-20 01:33:38,763] {logging_mixin.py:115} INFO - [2022-06-20 01:33:38,763] {dagbag.py:507} INFO - Filling up the DagBag from /opt/airflow/dags/listing_4_5.py
[2022-06-20 01:33:38,787] {processor.py:651} INFO - DAG(s) dict_keys(['listing_4_05']) retrieved from /opt/airflow/dags/listing_4_5.py
[2022-06-20 01:33:38,823] {logging_mixin.py:115} INFO - [2022-06-20 01:33:38,823] {dag.py:2371} INFO - Sync 1 DAGs
[2022-06-20 01:33:38,858] {logging_mixin.py:115} INFO - [2022-06-20 01:33:38,858] {dag.py:2919} INFO - Setting next_dagrun for listing_4_05 to 2022-06-19T00:00:00+00:00, run_after=2022-06-19T01:00:00+00:00
[2022-06-20 01:33:38,892] {processor.py:161} INFO - Processing /opt/airflow/dags/listing_4_5.py took 0.139 seconds
[2022-06-20 01:34:09,154] {processor.py:153} INFO - Started process (PID=115) to work on /opt/airflow/dags/listing_4_5.py
[2022-06-20 01:34:09,156] {processor.py:641} INFO - Processing file /opt/airflow/dags/listing_4_5.py for tasks to queue
[2022-06-20 01:34:09,158] {logging_mixin.py:115} INFO - [2022-06-20 01:34:09,158] {dagbag.py:507} INFO - Filling up the DagBag from /opt/airflow/dags/listing_4_5.py
[2022-06-20 01:34:09,174] {processor.py:651} INFO - DAG(s) dict_keys(['listing_4_05']) retrieved from /opt/airflow/dags/listing_4_5.py
[2022-06-20 01:34:09,200] {logging_mixin.py:115} INFO - [2022-06-20 01:34:09,200] {dag.py:2371} INFO - Sync 1 DAGs
[2022-06-20 01:34:09,220] {logging_mixin.py:115} INFO - [2022-06-20 01:34:09,220] {dag.py:2919} INFO - Setting next_dagrun for listing_4_05 to 2022-06-19T00:00:00+00:00, run_after=2022-06-19T01:00:00+00:00
[2022-06-20 01:34:09,231] {processor.py:161} INFO - Processing /opt/airflow/dags/listing_4_5.py took 0.080 seconds
[2022-06-20 01:34:40,581] {processor.py:153} INFO - Started process (PID=258) to work on /opt/airflow/dags/listing_4_5.py
[2022-06-20 01:34:40,585] {processor.py:641} INFO - Processing file /opt/airflow/dags/listing_4_5.py for tasks to queue
[2022-06-20 01:34:40,589] {logging_mixin.py:115} INFO - [2022-06-20 01:34:40,589] {dagbag.py:507} INFO - Filling up the DagBag from /opt/airflow/dags/listing_4_5.py
[2022-06-20 01:34:40,613] {processor.py:651} INFO - DAG(s) dict_keys(['listing_4_05']) retrieved from /opt/airflow/dags/listing_4_5.py
[2022-06-20 01:34:40,652] {logging_mixin.py:115} INFO - [2022-06-20 01:34:40,652] {dag.py:2371} INFO - Sync 1 DAGs
[2022-06-20 01:34:40,700] {logging_mixin.py:115} INFO - [2022-06-20 01:34:40,700] {dag.py:2919} INFO - Setting next_dagrun for listing_4_05 to 2022-06-19T00:00:00+00:00, run_after=2022-06-19T01:00:00+00:00
[2022-06-20 01:34:40,732] {processor.py:161} INFO - Processing /opt/airflow/dags/listing_4_5.py took 0.159 seconds
[2022-06-20 01:35:11,409] {processor.py:153} INFO - Started process (PID=334) to work on /opt/airflow/dags/listing_4_5.py
[2022-06-20 01:35:11,410] {processor.py:641} INFO - Processing file /opt/airflow/dags/listing_4_5.py for tasks to queue
[2022-06-20 01:35:11,412] {logging_mixin.py:115} INFO - [2022-06-20 01:35:11,412] {dagbag.py:507} INFO - Filling up the DagBag from /opt/airflow/dags/listing_4_5.py
[2022-06-20 01:35:11,421] {processor.py:651} INFO - DAG(s) dict_keys(['listing_4_05']) retrieved from /opt/airflow/dags/listing_4_5.py
[2022-06-20 01:35:11,440] {logging_mixin.py:115} INFO - [2022-06-20 01:35:11,440] {dag.py:2371} INFO - Sync 1 DAGs
[2022-06-20 01:35:11,456] {logging_mixin.py:115} INFO - [2022-06-20 01:35:11,456] {dag.py:2919} INFO - Setting next_dagrun for listing_4_05 to 2022-06-19T00:00:00+00:00, run_after=2022-06-19T01:00:00+00:00
[2022-06-20 01:35:11,463] {processor.py:161} INFO - Processing /opt/airflow/dags/listing_4_5.py took 0.057 seconds
[2022-06-20 01:35:41,902] {processor.py:153} INFO - Started process (PID=400) to work on /opt/airflow/dags/listing_4_5.py
[2022-06-20 01:35:41,904] {processor.py:641} INFO - Processing file /opt/airflow/dags/listing_4_5.py for tasks to queue
[2022-06-20 01:35:41,906] {logging_mixin.py:115} INFO - [2022-06-20 01:35:41,906] {dagbag.py:507} INFO - Filling up the DagBag from /opt/airflow/dags/listing_4_5.py
[2022-06-20 01:35:41,923] {processor.py:651} INFO - DAG(s) dict_keys(['listing_4_05']) retrieved from /opt/airflow/dags/listing_4_5.py
[2022-06-20 01:35:41,950] {logging_mixin.py:115} INFO - [2022-06-20 01:35:41,950] {dag.py:2371} INFO - Sync 1 DAGs
[2022-06-20 01:35:41,969] {logging_mixin.py:115} INFO - [2022-06-20 01:35:41,969] {dag.py:2919} INFO - Setting next_dagrun for listing_4_05 to 2022-06-19T00:00:00+00:00, run_after=2022-06-19T01:00:00+00:00
[2022-06-20 01:35:41,981] {processor.py:161} INFO - Processing /opt/airflow/dags/listing_4_5.py took 0.082 seconds
[2022-06-20 01:36:12,388] {processor.py:153} INFO - Started process (PID=475) to work on /opt/airflow/dags/listing_4_5.py
[2022-06-20 01:36:12,390] {processor.py:641} INFO - Processing file /opt/airflow/dags/listing_4_5.py for tasks to queue
[2022-06-20 01:36:12,391] {logging_mixin.py:115} INFO - [2022-06-20 01:36:12,391] {dagbag.py:507} INFO - Filling up the DagBag from /opt/airflow/dags/listing_4_5.py
[2022-06-20 01:36:12,400] {processor.py:651} INFO - DAG(s) dict_keys(['listing_4_05']) retrieved from /opt/airflow/dags/listing_4_5.py
[2022-06-20 01:36:12,420] {logging_mixin.py:115} INFO - [2022-06-20 01:36:12,420] {dag.py:2371} INFO - Sync 1 DAGs
[2022-06-20 01:36:12,434] {logging_mixin.py:115} INFO - [2022-06-20 01:36:12,434] {dag.py:2919} INFO - Setting next_dagrun for listing_4_05 to 2022-06-19T00:00:00+00:00, run_after=2022-06-19T01:00:00+00:00
[2022-06-20 01:36:12,443] {processor.py:161} INFO - Processing /opt/airflow/dags/listing_4_5.py took 0.058 seconds
[2022-06-20 01:36:43,129] {processor.py:153} INFO - Started process (PID=549) to work on /opt/airflow/dags/listing_4_5.py
[2022-06-20 01:36:43,131] {processor.py:641} INFO - Processing file /opt/airflow/dags/listing_4_5.py for tasks to queue
[2022-06-20 01:36:43,132] {logging_mixin.py:115} INFO - [2022-06-20 01:36:43,132] {dagbag.py:507} INFO - Filling up the DagBag from /opt/airflow/dags/listing_4_5.py
[2022-06-20 01:36:43,144] {processor.py:651} INFO - DAG(s) dict_keys(['listing_4_05']) retrieved from /opt/airflow/dags/listing_4_5.py
[2022-06-20 01:36:43,165] {logging_mixin.py:115} INFO - [2022-06-20 01:36:43,164] {dag.py:2371} INFO - Sync 1 DAGs
[2022-06-20 01:36:43,184] {logging_mixin.py:115} INFO - [2022-06-20 01:36:43,184] {dag.py:2919} INFO - Setting next_dagrun for listing_4_05 to 2022-06-19T00:00:00+00:00, run_after=2022-06-19T01:00:00+00:00
[2022-06-20 01:36:43,195] {processor.py:161} INFO - Processing /opt/airflow/dags/listing_4_5.py took 0.069 seconds
[2022-06-20 01:37:14,171] {processor.py:153} INFO - Started process (PID=624) to work on /opt/airflow/dags/listing_4_5.py
[2022-06-20 01:37:14,174] {processor.py:641} INFO - Processing file /opt/airflow/dags/listing_4_5.py for tasks to queue
[2022-06-20 01:37:14,176] {logging_mixin.py:115} INFO - [2022-06-20 01:37:14,175] {dagbag.py:507} INFO - Filling up the DagBag from /opt/airflow/dags/listing_4_5.py
[2022-06-20 01:37:14,194] {processor.py:651} INFO - DAG(s) dict_keys(['listing_4_05']) retrieved from /opt/airflow/dags/listing_4_5.py
[2022-06-20 01:37:14,218] {logging_mixin.py:115} INFO - [2022-06-20 01:37:14,218] {dag.py:2371} INFO - Sync 1 DAGs
[2022-06-20 01:37:14,233] {logging_mixin.py:115} INFO - [2022-06-20 01:37:14,233] {dag.py:2919} INFO - Setting next_dagrun for listing_4_05 to 2022-06-19T00:00:00+00:00, run_after=2022-06-19T01:00:00+00:00
[2022-06-20 01:37:14,244] {processor.py:161} INFO - Processing /opt/airflow/dags/listing_4_5.py took 0.076 seconds
[2022-06-20 01:37:44,559] {processor.py:153} INFO - Started process (PID=699) to work on /opt/airflow/dags/listing_4_5.py
[2022-06-20 01:37:44,561] {processor.py:641} INFO - Processing file /opt/airflow/dags/listing_4_5.py for tasks to queue
[2022-06-20 01:37:44,562] {logging_mixin.py:115} INFO - [2022-06-20 01:37:44,562] {dagbag.py:507} INFO - Filling up the DagBag from /opt/airflow/dags/listing_4_5.py
[2022-06-20 01:37:44,569] {processor.py:651} INFO - DAG(s) dict_keys(['listing_4_05']) retrieved from /opt/airflow/dags/listing_4_5.py
[2022-06-20 01:37:44,585] {logging_mixin.py:115} INFO - [2022-06-20 01:37:44,585] {dag.py:2371} INFO - Sync 1 DAGs
[2022-06-20 01:37:44,597] {logging_mixin.py:115} INFO - [2022-06-20 01:37:44,597] {dag.py:2919} INFO - Setting next_dagrun for listing_4_05 to 2022-06-19T00:00:00+00:00, run_after=2022-06-19T01:00:00+00:00
[2022-06-20 01:37:44,603] {processor.py:161} INFO - Processing /opt/airflow/dags/listing_4_5.py took 0.046 seconds
[2022-06-20 01:38:14,686] {processor.py:153} INFO - Started process (PID=774) to work on /opt/airflow/dags/listing_4_5.py
[2022-06-20 01:38:14,688] {processor.py:641} INFO - Processing file /opt/airflow/dags/listing_4_5.py for tasks to queue
[2022-06-20 01:38:14,690] {logging_mixin.py:115} INFO - [2022-06-20 01:38:14,690] {dagbag.py:507} INFO - Filling up the DagBag from /opt/airflow/dags/listing_4_5.py
[2022-06-20 01:38:14,700] {processor.py:651} INFO - DAG(s) dict_keys(['listing_4_05']) retrieved from /opt/airflow/dags/listing_4_5.py
[2022-06-20 01:38:14,719] {logging_mixin.py:115} INFO - [2022-06-20 01:38:14,719] {dag.py:2371} INFO - Sync 1 DAGs
[2022-06-20 01:38:14,733] {logging_mixin.py:115} INFO - [2022-06-20 01:38:14,733] {dag.py:2919} INFO - Setting next_dagrun for listing_4_05 to 2022-06-19T00:00:00+00:00, run_after=2022-06-19T01:00:00+00:00
[2022-06-20 01:38:14,743] {processor.py:161} INFO - Processing /opt/airflow/dags/listing_4_5.py took 0.060 seconds
[2022-06-20 01:38:45,034] {processor.py:153} INFO - Started process (PID=839) to work on /opt/airflow/dags/listing_4_5.py
[2022-06-20 01:38:45,035] {processor.py:641} INFO - Processing file /opt/airflow/dags/listing_4_5.py for tasks to queue
[2022-06-20 01:38:45,036] {logging_mixin.py:115} INFO - [2022-06-20 01:38:45,036] {dagbag.py:507} INFO - Filling up the DagBag from /opt/airflow/dags/listing_4_5.py
[2022-06-20 01:38:45,046] {processor.py:651} INFO - DAG(s) dict_keys(['listing_4_05']) retrieved from /opt/airflow/dags/listing_4_5.py
[2022-06-20 01:38:45,065] {logging_mixin.py:115} INFO - [2022-06-20 01:38:45,065] {dag.py:2371} INFO - Sync 1 DAGs
[2022-06-20 01:38:45,081] {logging_mixin.py:115} INFO - [2022-06-20 01:38:45,081] {dag.py:2919} INFO - Setting next_dagrun for listing_4_05 to 2022-06-19T00:00:00+00:00, run_after=2022-06-19T01:00:00+00:00
[2022-06-20 01:38:45,090] {processor.py:161} INFO - Processing /opt/airflow/dags/listing_4_5.py took 0.059 seconds
[2022-06-20 01:39:15,488] {processor.py:153} INFO - Started process (PID=938) to work on /opt/airflow/dags/listing_4_5.py
[2022-06-20 01:39:15,489] {processor.py:641} INFO - Processing file /opt/airflow/dags/listing_4_5.py for tasks to queue
[2022-06-20 01:39:15,492] {logging_mixin.py:115} INFO - [2022-06-20 01:39:15,492] {dagbag.py:507} INFO - Filling up the DagBag from /opt/airflow/dags/listing_4_5.py
[2022-06-20 01:39:15,506] {processor.py:651} INFO - DAG(s) dict_keys(['listing_4_05']) retrieved from /opt/airflow/dags/listing_4_5.py
[2022-06-20 01:39:15,531] {logging_mixin.py:115} INFO - [2022-06-20 01:39:15,531] {dag.py:2371} INFO - Sync 1 DAGs
[2022-06-20 01:39:15,560] {logging_mixin.py:115} INFO - [2022-06-20 01:39:15,560] {dag.py:2919} INFO - Setting next_dagrun for listing_4_05 to 2022-06-19T00:00:00+00:00, run_after=2022-06-19T01:00:00+00:00
[2022-06-20 01:39:15,584] {processor.py:161} INFO - Processing /opt/airflow/dags/listing_4_5.py took 0.100 seconds
[2022-06-20 01:39:46,203] {processor.py:153} INFO - Started process (PID=1014) to work on /opt/airflow/dags/listing_4_5.py
[2022-06-20 01:39:46,205] {processor.py:641} INFO - Processing file /opt/airflow/dags/listing_4_5.py for tasks to queue
[2022-06-20 01:39:46,206] {logging_mixin.py:115} INFO - [2022-06-20 01:39:46,206] {dagbag.py:507} INFO - Filling up the DagBag from /opt/airflow/dags/listing_4_5.py
[2022-06-20 01:39:46,219] {processor.py:651} INFO - DAG(s) dict_keys(['listing_4_05']) retrieved from /opt/airflow/dags/listing_4_5.py
[2022-06-20 01:39:46,242] {logging_mixin.py:115} INFO - [2022-06-20 01:39:46,241] {dag.py:2371} INFO - Sync 1 DAGs
[2022-06-20 01:39:46,259] {logging_mixin.py:115} INFO - [2022-06-20 01:39:46,259] {dag.py:2919} INFO - Setting next_dagrun for listing_4_05 to 2022-06-19T00:00:00+00:00, run_after=2022-06-19T01:00:00+00:00
[2022-06-20 01:39:46,275] {processor.py:161} INFO - Processing /opt/airflow/dags/listing_4_5.py took 0.075 seconds
[2022-06-20 01:40:16,801] {processor.py:153} INFO - Started process (PID=1085) to work on /opt/airflow/dags/listing_4_5.py
[2022-06-20 01:40:16,803] {processor.py:641} INFO - Processing file /opt/airflow/dags/listing_4_5.py for tasks to queue
[2022-06-20 01:40:16,804] {logging_mixin.py:115} INFO - [2022-06-20 01:40:16,804] {dagbag.py:507} INFO - Filling up the DagBag from /opt/airflow/dags/listing_4_5.py
[2022-06-20 01:40:16,814] {processor.py:651} INFO - DAG(s) dict_keys(['listing_4_05']) retrieved from /opt/airflow/dags/listing_4_5.py
[2022-06-20 01:40:16,834] {logging_mixin.py:115} INFO - [2022-06-20 01:40:16,834] {dag.py:2371} INFO - Sync 1 DAGs
[2022-06-20 01:40:16,847] {logging_mixin.py:115} INFO - [2022-06-20 01:40:16,847] {dag.py:2919} INFO - Setting next_dagrun for listing_4_05 to 2022-06-19T00:00:00+00:00, run_after=2022-06-19T01:00:00+00:00
[2022-06-20 01:40:16,855] {processor.py:161} INFO - Processing /opt/airflow/dags/listing_4_5.py took 0.058 seconds
[2022-06-20 01:40:47,716] {processor.py:153} INFO - Started process (PID=1160) to work on /opt/airflow/dags/listing_4_5.py
[2022-06-20 01:40:47,719] {processor.py:641} INFO - Processing file /opt/airflow/dags/listing_4_5.py for tasks to queue
[2022-06-20 01:40:47,719] {logging_mixin.py:115} INFO - [2022-06-20 01:40:47,719] {dagbag.py:507} INFO - Filling up the DagBag from /opt/airflow/dags/listing_4_5.py
[2022-06-20 01:40:47,728] {processor.py:651} INFO - DAG(s) dict_keys(['listing_4_05']) retrieved from /opt/airflow/dags/listing_4_5.py
[2022-06-20 01:40:47,749] {logging_mixin.py:115} INFO - [2022-06-20 01:40:47,749] {dag.py:2371} INFO - Sync 1 DAGs
[2022-06-20 01:40:47,764] {logging_mixin.py:115} INFO - [2022-06-20 01:40:47,764] {dag.py:2919} INFO - Setting next_dagrun for listing_4_05 to 2022-06-19T00:00:00+00:00, run_after=2022-06-19T01:00:00+00:00
[2022-06-20 01:40:47,775] {processor.py:161} INFO - Processing /opt/airflow/dags/listing_4_5.py took 0.061 seconds
[2022-06-20 01:41:18,409] {processor.py:153} INFO - Started process (PID=1232) to work on /opt/airflow/dags/listing_4_5.py
[2022-06-20 01:41:18,411] {processor.py:641} INFO - Processing file /opt/airflow/dags/listing_4_5.py for tasks to queue
[2022-06-20 01:41:18,413] {logging_mixin.py:115} INFO - [2022-06-20 01:41:18,412] {dagbag.py:507} INFO - Filling up the DagBag from /opt/airflow/dags/listing_4_5.py
[2022-06-20 01:41:18,423] {processor.py:651} INFO - DAG(s) dict_keys(['listing_4_05']) retrieved from /opt/airflow/dags/listing_4_5.py
[2022-06-20 01:41:18,440] {logging_mixin.py:115} INFO - [2022-06-20 01:41:18,440] {dag.py:2371} INFO - Sync 1 DAGs
[2022-06-20 01:41:18,453] {logging_mixin.py:115} INFO - [2022-06-20 01:41:18,453] {dag.py:2919} INFO - Setting next_dagrun for listing_4_05 to 2022-06-19T00:00:00+00:00, run_after=2022-06-19T01:00:00+00:00
[2022-06-20 01:41:18,460] {processor.py:161} INFO - Processing /opt/airflow/dags/listing_4_5.py took 0.054 seconds
[2022-06-20 01:41:49,285] {processor.py:153} INFO - Started process (PID=1294) to work on /opt/airflow/dags/listing_4_5.py
[2022-06-20 01:41:49,287] {processor.py:641} INFO - Processing file /opt/airflow/dags/listing_4_5.py for tasks to queue
[2022-06-20 01:41:49,288] {logging_mixin.py:115} INFO - [2022-06-20 01:41:49,288] {dagbag.py:507} INFO - Filling up the DagBag from /opt/airflow/dags/listing_4_5.py
[2022-06-20 01:41:49,305] {processor.py:651} INFO - DAG(s) dict_keys(['listing_4_05']) retrieved from /opt/airflow/dags/listing_4_5.py
[2022-06-20 01:41:49,332] {logging_mixin.py:115} INFO - [2022-06-20 01:41:49,332] {dag.py:2371} INFO - Sync 1 DAGs
[2022-06-20 01:41:49,349] {logging_mixin.py:115} INFO - [2022-06-20 01:41:49,349] {dag.py:2919} INFO - Setting next_dagrun for listing_4_05 to 2022-06-19T00:00:00+00:00, run_after=2022-06-19T01:00:00+00:00
[2022-06-20 01:41:49,357] {processor.py:161} INFO - Processing /opt/airflow/dags/listing_4_5.py took 0.076 seconds
[2022-06-20 01:42:20,213] {processor.py:153} INFO - Started process (PID=1371) to work on /opt/airflow/dags/listing_4_5.py
[2022-06-20 01:42:20,214] {processor.py:641} INFO - Processing file /opt/airflow/dags/listing_4_5.py for tasks to queue
[2022-06-20 01:42:20,215] {logging_mixin.py:115} INFO - [2022-06-20 01:42:20,215] {dagbag.py:507} INFO - Filling up the DagBag from /opt/airflow/dags/listing_4_5.py
[2022-06-20 01:42:20,226] {processor.py:651} INFO - DAG(s) dict_keys(['listing_4_05']) retrieved from /opt/airflow/dags/listing_4_5.py
[2022-06-20 01:42:20,241] {logging_mixin.py:115} INFO - [2022-06-20 01:42:20,241] {dag.py:2371} INFO - Sync 1 DAGs
[2022-06-20 01:42:20,254] {logging_mixin.py:115} INFO - [2022-06-20 01:42:20,254] {dag.py:2919} INFO - Setting next_dagrun for listing_4_05 to 2022-06-19T00:00:00+00:00, run_after=2022-06-19T01:00:00+00:00
[2022-06-20 01:42:20,261] {processor.py:161} INFO - Processing /opt/airflow/dags/listing_4_5.py took 0.050 seconds
[2022-06-20 01:42:50,755] {processor.py:153} INFO - Started process (PID=1442) to work on /opt/airflow/dags/listing_4_5.py
[2022-06-20 01:42:50,758] {processor.py:641} INFO - Processing file /opt/airflow/dags/listing_4_5.py for tasks to queue
[2022-06-20 01:42:50,764] {logging_mixin.py:115} INFO - [2022-06-20 01:42:50,764] {dagbag.py:507} INFO - Filling up the DagBag from /opt/airflow/dags/listing_4_5.py
[2022-06-20 01:42:50,819] {processor.py:651} INFO - DAG(s) dict_keys(['listing_4_05']) retrieved from /opt/airflow/dags/listing_4_5.py
[2022-06-20 01:42:50,905] {logging_mixin.py:115} INFO - [2022-06-20 01:42:50,905] {dag.py:2371} INFO - Sync 1 DAGs
[2022-06-20 01:42:50,949] {logging_mixin.py:115} INFO - [2022-06-20 01:42:50,949] {dag.py:2919} INFO - Setting next_dagrun for listing_4_05 to 2022-06-19T00:00:00+00:00, run_after=2022-06-19T01:00:00+00:00
[2022-06-20 01:42:51,000] {processor.py:161} INFO - Processing /opt/airflow/dags/listing_4_5.py took 0.249 seconds
[2022-06-20 01:50:25,807] {processor.py:153} INFO - Started process (PID=97) to work on /opt/airflow/dags/listing_4_5.py
[2022-06-20 01:50:25,809] {processor.py:641} INFO - Processing file /opt/airflow/dags/listing_4_5.py for tasks to queue
[2022-06-20 01:50:25,810] {logging_mixin.py:115} INFO - [2022-06-20 01:50:25,810] {dagbag.py:507} INFO - Filling up the DagBag from /opt/airflow/dags/listing_4_5.py
[2022-06-20 01:50:25,821] {processor.py:651} INFO - DAG(s) dict_keys(['listing_4_05']) retrieved from /opt/airflow/dags/listing_4_5.py
[2022-06-20 01:50:25,834] {logging_mixin.py:115} INFO - [2022-06-20 01:50:25,834] {dag.py:2371} INFO - Sync 1 DAGs
[2022-06-20 01:50:25,850] {logging_mixin.py:115} INFO - [2022-06-20 01:50:25,849] {dag.py:2919} INFO - Setting next_dagrun for listing_4_05 to 2022-06-19T00:00:00+00:00, run_after=2022-06-19T01:00:00+00:00
[2022-06-20 01:50:25,862] {processor.py:161} INFO - Processing /opt/airflow/dags/listing_4_5.py took 0.057 seconds
[2022-06-20 01:50:57,078] {processor.py:153} INFO - Started process (PID=186) to work on /opt/airflow/dags/listing_4_5.py
[2022-06-20 01:50:57,081] {processor.py:641} INFO - Processing file /opt/airflow/dags/listing_4_5.py for tasks to queue
[2022-06-20 01:50:57,084] {logging_mixin.py:115} INFO - [2022-06-20 01:50:57,083] {dagbag.py:507} INFO - Filling up the DagBag from /opt/airflow/dags/listing_4_5.py
[2022-06-20 01:50:57,101] {processor.py:651} INFO - DAG(s) dict_keys(['listing_4_05']) retrieved from /opt/airflow/dags/listing_4_5.py
[2022-06-20 01:50:57,266] {logging_mixin.py:115} INFO - [2022-06-20 01:50:57,266] {dag.py:2371} INFO - Sync 1 DAGs
[2022-06-20 01:50:57,280] {logging_mixin.py:115} INFO - [2022-06-20 01:50:57,280] {dag.py:2919} INFO - Setting next_dagrun for listing_4_05 to 2022-06-19T00:00:00+00:00, run_after=2022-06-19T01:00:00+00:00
[2022-06-20 01:50:57,289] {processor.py:161} INFO - Processing /opt/airflow/dags/listing_4_5.py took 0.215 seconds
[2022-06-20 01:51:27,936] {processor.py:153} INFO - Started process (PID=294) to work on /opt/airflow/dags/listing_4_5.py
[2022-06-20 01:51:27,938] {processor.py:641} INFO - Processing file /opt/airflow/dags/listing_4_5.py for tasks to queue
[2022-06-20 01:51:27,939] {logging_mixin.py:115} INFO - [2022-06-20 01:51:27,939] {dagbag.py:507} INFO - Filling up the DagBag from /opt/airflow/dags/listing_4_5.py
[2022-06-20 01:51:27,948] {processor.py:651} INFO - DAG(s) dict_keys(['listing_4_05']) retrieved from /opt/airflow/dags/listing_4_5.py
[2022-06-20 01:51:27,968] {logging_mixin.py:115} INFO - [2022-06-20 01:51:27,968] {dag.py:2371} INFO - Sync 1 DAGs
[2022-06-20 01:51:27,985] {logging_mixin.py:115} INFO - [2022-06-20 01:51:27,985] {dag.py:2919} INFO - Setting next_dagrun for listing_4_05 to 2022-06-19T00:00:00+00:00, run_after=2022-06-19T01:00:00+00:00
[2022-06-20 01:51:27,994] {processor.py:161} INFO - Processing /opt/airflow/dags/listing_4_5.py took 0.059 seconds
[2022-06-20 01:51:58,292] {processor.py:153} INFO - Started process (PID=383) to work on /opt/airflow/dags/listing_4_5.py
[2022-06-20 01:51:58,295] {processor.py:641} INFO - Processing file /opt/airflow/dags/listing_4_5.py for tasks to queue
[2022-06-20 01:51:58,296] {logging_mixin.py:115} INFO - [2022-06-20 01:51:58,296] {dagbag.py:507} INFO - Filling up the DagBag from /opt/airflow/dags/listing_4_5.py
[2022-06-20 01:51:58,309] {processor.py:651} INFO - DAG(s) dict_keys(['listing_4_05']) retrieved from /opt/airflow/dags/listing_4_5.py
[2022-06-20 01:51:58,328] {logging_mixin.py:115} INFO - [2022-06-20 01:51:58,328] {dag.py:2371} INFO - Sync 1 DAGs
[2022-06-20 01:51:58,344] {logging_mixin.py:115} INFO - [2022-06-20 01:51:58,344] {dag.py:2919} INFO - Setting next_dagrun for listing_4_05 to 2022-06-19T00:00:00+00:00, run_after=2022-06-19T01:00:00+00:00
[2022-06-20 01:51:58,355] {processor.py:161} INFO - Processing /opt/airflow/dags/listing_4_5.py took 0.066 seconds
[2022-06-20 01:52:29,179] {processor.py:153} INFO - Started process (PID=462) to work on /opt/airflow/dags/listing_4_5.py
[2022-06-20 01:52:29,182] {processor.py:641} INFO - Processing file /opt/airflow/dags/listing_4_5.py for tasks to queue
[2022-06-20 01:52:29,183] {logging_mixin.py:115} INFO - [2022-06-20 01:52:29,183] {dagbag.py:507} INFO - Filling up the DagBag from /opt/airflow/dags/listing_4_5.py
[2022-06-20 01:52:29,199] {processor.py:651} INFO - DAG(s) dict_keys(['listing_4_05']) retrieved from /opt/airflow/dags/listing_4_5.py
[2022-06-20 01:52:29,342] {logging_mixin.py:115} INFO - [2022-06-20 01:52:29,342] {dag.py:2371} INFO - Sync 1 DAGs
[2022-06-20 01:52:29,353] {logging_mixin.py:115} INFO - [2022-06-20 01:52:29,353] {dag.py:2919} INFO - Setting next_dagrun for listing_4_05 to 2022-06-19T00:00:00+00:00, run_after=2022-06-19T01:00:00+00:00
[2022-06-20 01:52:29,361] {processor.py:161} INFO - Processing /opt/airflow/dags/listing_4_5.py took 0.185 seconds
[2022-06-20 01:52:59,945] {processor.py:153} INFO - Started process (PID=551) to work on /opt/airflow/dags/listing_4_5.py
[2022-06-20 01:52:59,947] {processor.py:641} INFO - Processing file /opt/airflow/dags/listing_4_5.py for tasks to queue
[2022-06-20 01:52:59,948] {logging_mixin.py:115} INFO - [2022-06-20 01:52:59,948] {dagbag.py:507} INFO - Filling up the DagBag from /opt/airflow/dags/listing_4_5.py
[2022-06-20 01:52:59,957] {processor.py:651} INFO - DAG(s) dict_keys(['listing_4_05']) retrieved from /opt/airflow/dags/listing_4_5.py
[2022-06-20 01:52:59,974] {logging_mixin.py:115} INFO - [2022-06-20 01:52:59,974] {dag.py:2371} INFO - Sync 1 DAGs
[2022-06-20 01:52:59,995] {logging_mixin.py:115} INFO - [2022-06-20 01:52:59,995] {dag.py:2919} INFO - Setting next_dagrun for listing_4_05 to 2022-06-19T00:00:00+00:00, run_after=2022-06-19T01:00:00+00:00
[2022-06-20 01:53:00,009] {processor.py:161} INFO - Processing /opt/airflow/dags/listing_4_5.py took 0.066 seconds
[2022-06-20 01:53:30,722] {processor.py:153} INFO - Started process (PID=640) to work on /opt/airflow/dags/listing_4_5.py
[2022-06-20 01:53:30,724] {processor.py:641} INFO - Processing file /opt/airflow/dags/listing_4_5.py for tasks to queue
[2022-06-20 01:53:30,725] {logging_mixin.py:115} INFO - [2022-06-20 01:53:30,725] {dagbag.py:507} INFO - Filling up the DagBag from /opt/airflow/dags/listing_4_5.py
[2022-06-20 01:53:30,735] {processor.py:651} INFO - DAG(s) dict_keys(['listing_4_05']) retrieved from /opt/airflow/dags/listing_4_5.py
[2022-06-20 01:53:30,746] {logging_mixin.py:115} INFO - [2022-06-20 01:53:30,746] {dag.py:2371} INFO - Sync 1 DAGs
[2022-06-20 01:53:30,762] {logging_mixin.py:115} INFO - [2022-06-20 01:53:30,762] {dag.py:2919} INFO - Setting next_dagrun for listing_4_05 to 2022-06-19T00:00:00+00:00, run_after=2022-06-19T01:00:00+00:00
[2022-06-20 01:53:30,772] {processor.py:161} INFO - Processing /opt/airflow/dags/listing_4_5.py took 0.052 seconds
[2022-06-20 01:54:01,170] {processor.py:153} INFO - Started process (PID=729) to work on /opt/airflow/dags/listing_4_5.py
[2022-06-20 01:54:01,171] {processor.py:641} INFO - Processing file /opt/airflow/dags/listing_4_5.py for tasks to queue
[2022-06-20 01:54:01,173] {logging_mixin.py:115} INFO - [2022-06-20 01:54:01,173] {dagbag.py:507} INFO - Filling up the DagBag from /opt/airflow/dags/listing_4_5.py
[2022-06-20 01:54:01,183] {processor.py:651} INFO - DAG(s) dict_keys(['listing_4_05']) retrieved from /opt/airflow/dags/listing_4_5.py
[2022-06-20 01:54:01,302] {logging_mixin.py:115} INFO - [2022-06-20 01:54:01,302] {dag.py:2371} INFO - Sync 1 DAGs
[2022-06-20 01:54:01,316] {logging_mixin.py:115} INFO - [2022-06-20 01:54:01,316] {dag.py:2919} INFO - Setting next_dagrun for listing_4_05 to 2022-06-19T00:00:00+00:00, run_after=2022-06-19T01:00:00+00:00
[2022-06-20 01:54:01,324] {processor.py:161} INFO - Processing /opt/airflow/dags/listing_4_5.py took 0.157 seconds
[2022-06-20 01:54:31,666] {processor.py:153} INFO - Started process (PID=817) to work on /opt/airflow/dags/listing_4_5.py
[2022-06-20 01:54:31,667] {processor.py:641} INFO - Processing file /opt/airflow/dags/listing_4_5.py for tasks to queue
[2022-06-20 01:54:31,669] {logging_mixin.py:115} INFO - [2022-06-20 01:54:31,669] {dagbag.py:507} INFO - Filling up the DagBag from /opt/airflow/dags/listing_4_5.py
[2022-06-20 01:54:31,678] {processor.py:651} INFO - DAG(s) dict_keys(['listing_4_05']) retrieved from /opt/airflow/dags/listing_4_5.py
[2022-06-20 01:54:31,704] {logging_mixin.py:115} INFO - [2022-06-20 01:54:31,703] {dag.py:2371} INFO - Sync 1 DAGs
[2022-06-20 01:54:31,721] {logging_mixin.py:115} INFO - [2022-06-20 01:54:31,721] {dag.py:2919} INFO - Setting next_dagrun for listing_4_05 to 2022-06-19T00:00:00+00:00, run_after=2022-06-19T01:00:00+00:00
[2022-06-20 01:54:31,735] {processor.py:161} INFO - Processing /opt/airflow/dags/listing_4_5.py took 0.071 seconds
[2022-06-20 01:55:02,113] {processor.py:153} INFO - Started process (PID=908) to work on /opt/airflow/dags/listing_4_5.py
[2022-06-20 01:55:02,115] {processor.py:641} INFO - Processing file /opt/airflow/dags/listing_4_5.py for tasks to queue
[2022-06-20 01:55:02,116] {logging_mixin.py:115} INFO - [2022-06-20 01:55:02,116] {dagbag.py:507} INFO - Filling up the DagBag from /opt/airflow/dags/listing_4_5.py
[2022-06-20 01:55:02,125] {processor.py:651} INFO - DAG(s) dict_keys(['listing_4_05']) retrieved from /opt/airflow/dags/listing_4_5.py
[2022-06-20 01:55:02,138] {logging_mixin.py:115} INFO - [2022-06-20 01:55:02,138] {dag.py:2371} INFO - Sync 1 DAGs
[2022-06-20 01:55:02,155] {logging_mixin.py:115} INFO - [2022-06-20 01:55:02,155] {dag.py:2919} INFO - Setting next_dagrun for listing_4_05 to 2022-06-19T00:00:00+00:00, run_after=2022-06-19T01:00:00+00:00
[2022-06-20 01:55:02,163] {processor.py:161} INFO - Processing /opt/airflow/dags/listing_4_5.py took 0.053 seconds
[2022-06-20 01:55:32,889] {processor.py:153} INFO - Started process (PID=987) to work on /opt/airflow/dags/listing_4_5.py
[2022-06-20 01:55:32,890] {processor.py:641} INFO - Processing file /opt/airflow/dags/listing_4_5.py for tasks to queue
[2022-06-20 01:55:32,891] {logging_mixin.py:115} INFO - [2022-06-20 01:55:32,891] {dagbag.py:507} INFO - Filling up the DagBag from /opt/airflow/dags/listing_4_5.py
[2022-06-20 01:55:32,900] {processor.py:651} INFO - DAG(s) dict_keys(['listing_4_05']) retrieved from /opt/airflow/dags/listing_4_5.py
[2022-06-20 01:55:33,024] {logging_mixin.py:115} INFO - [2022-06-20 01:55:33,024] {dag.py:2371} INFO - Sync 1 DAGs
[2022-06-20 01:55:33,038] {logging_mixin.py:115} INFO - [2022-06-20 01:55:33,038] {dag.py:2919} INFO - Setting next_dagrun for listing_4_05 to 2022-06-19T00:00:00+00:00, run_after=2022-06-19T01:00:00+00:00
[2022-06-20 01:55:33,055] {processor.py:161} INFO - Processing /opt/airflow/dags/listing_4_5.py took 0.169 seconds
[2022-06-20 01:56:03,543] {processor.py:153} INFO - Started process (PID=1076) to work on /opt/airflow/dags/listing_4_5.py
[2022-06-20 01:56:03,545] {processor.py:641} INFO - Processing file /opt/airflow/dags/listing_4_5.py for tasks to queue
[2022-06-20 01:56:03,548] {logging_mixin.py:115} INFO - [2022-06-20 01:56:03,548] {dagbag.py:507} INFO - Filling up the DagBag from /opt/airflow/dags/listing_4_5.py
[2022-06-20 01:56:03,563] {processor.py:651} INFO - DAG(s) dict_keys(['listing_4_05']) retrieved from /opt/airflow/dags/listing_4_5.py
[2022-06-20 01:56:03,587] {logging_mixin.py:115} INFO - [2022-06-20 01:56:03,586] {dag.py:2371} INFO - Sync 1 DAGs
[2022-06-20 01:56:03,682] {logging_mixin.py:115} INFO - [2022-06-20 01:56:03,682] {dag.py:2919} INFO - Setting next_dagrun for listing_4_05 to 2022-06-19T00:00:00+00:00, run_after=2022-06-19T01:00:00+00:00
[2022-06-20 01:56:03,694] {processor.py:161} INFO - Processing /opt/airflow/dags/listing_4_5.py took 0.154 seconds
[2022-06-20 01:56:33,897] {processor.py:153} INFO - Started process (PID=1165) to work on /opt/airflow/dags/listing_4_5.py
[2022-06-20 01:56:33,901] {processor.py:641} INFO - Processing file /opt/airflow/dags/listing_4_5.py for tasks to queue
[2022-06-20 01:56:33,902] {logging_mixin.py:115} INFO - [2022-06-20 01:56:33,902] {dagbag.py:507} INFO - Filling up the DagBag from /opt/airflow/dags/listing_4_5.py
[2022-06-20 01:56:33,910] {processor.py:651} INFO - DAG(s) dict_keys(['listing_4_05']) retrieved from /opt/airflow/dags/listing_4_5.py
[2022-06-20 01:56:33,927] {logging_mixin.py:115} INFO - [2022-06-20 01:56:33,927] {dag.py:2371} INFO - Sync 1 DAGs
[2022-06-20 01:56:33,944] {logging_mixin.py:115} INFO - [2022-06-20 01:56:33,944] {dag.py:2919} INFO - Setting next_dagrun for listing_4_05 to 2022-06-19T00:00:00+00:00, run_after=2022-06-19T01:00:00+00:00
[2022-06-20 01:56:34,044] {processor.py:161} INFO - Processing /opt/airflow/dags/listing_4_5.py took 0.150 seconds
[2022-06-20 01:57:04,093] {processor.py:153} INFO - Started process (PID=1254) to work on /opt/airflow/dags/listing_4_5.py
[2022-06-20 01:57:04,094] {processor.py:641} INFO - Processing file /opt/airflow/dags/listing_4_5.py for tasks to queue
[2022-06-20 01:57:04,096] {logging_mixin.py:115} INFO - [2022-06-20 01:57:04,096] {dagbag.py:507} INFO - Filling up the DagBag from /opt/airflow/dags/listing_4_5.py
[2022-06-20 01:57:04,106] {processor.py:651} INFO - DAG(s) dict_keys(['listing_4_05']) retrieved from /opt/airflow/dags/listing_4_5.py
[2022-06-20 01:57:04,219] {logging_mixin.py:115} INFO - [2022-06-20 01:57:04,219] {dag.py:2371} INFO - Sync 1 DAGs
[2022-06-20 01:57:04,230] {logging_mixin.py:115} INFO - [2022-06-20 01:57:04,230] {dag.py:2919} INFO - Setting next_dagrun for listing_4_05 to 2022-06-19T00:00:00+00:00, run_after=2022-06-19T01:00:00+00:00
[2022-06-20 01:57:04,238] {processor.py:161} INFO - Processing /opt/airflow/dags/listing_4_5.py took 0.147 seconds
[2022-06-20 01:57:34,785] {processor.py:153} INFO - Started process (PID=1343) to work on /opt/airflow/dags/listing_4_5.py
[2022-06-20 01:57:34,788] {processor.py:641} INFO - Processing file /opt/airflow/dags/listing_4_5.py for tasks to queue
[2022-06-20 01:57:34,789] {logging_mixin.py:115} INFO - [2022-06-20 01:57:34,789] {dagbag.py:507} INFO - Filling up the DagBag from /opt/airflow/dags/listing_4_5.py
[2022-06-20 01:57:34,800] {processor.py:651} INFO - DAG(s) dict_keys(['listing_4_05']) retrieved from /opt/airflow/dags/listing_4_5.py
[2022-06-20 01:57:34,819] {logging_mixin.py:115} INFO - [2022-06-20 01:57:34,819] {dag.py:2371} INFO - Sync 1 DAGs
[2022-06-20 01:57:34,913] {logging_mixin.py:115} INFO - [2022-06-20 01:57:34,913] {dag.py:2919} INFO - Setting next_dagrun for listing_4_05 to 2022-06-19T00:00:00+00:00, run_after=2022-06-19T01:00:00+00:00
[2022-06-20 01:57:34,922] {processor.py:161} INFO - Processing /opt/airflow/dags/listing_4_5.py took 0.139 seconds
[2022-06-20 01:58:05,792] {processor.py:153} INFO - Started process (PID=1432) to work on /opt/airflow/dags/listing_4_5.py
[2022-06-20 01:58:05,796] {processor.py:641} INFO - Processing file /opt/airflow/dags/listing_4_5.py for tasks to queue
[2022-06-20 01:58:05,800] {logging_mixin.py:115} INFO - [2022-06-20 01:58:05,800] {dagbag.py:507} INFO - Filling up the DagBag from /opt/airflow/dags/listing_4_5.py
[2022-06-20 01:58:05,810] {processor.py:651} INFO - DAG(s) dict_keys(['listing_4_05']) retrieved from /opt/airflow/dags/listing_4_5.py
[2022-06-20 01:58:05,824] {logging_mixin.py:115} INFO - [2022-06-20 01:58:05,824] {dag.py:2371} INFO - Sync 1 DAGs
[2022-06-20 01:58:05,843] {logging_mixin.py:115} INFO - [2022-06-20 01:58:05,843] {dag.py:2919} INFO - Setting next_dagrun for listing_4_05 to 2022-06-19T00:00:00+00:00, run_after=2022-06-19T01:00:00+00:00
[2022-06-20 01:58:05,940] {processor.py:161} INFO - Processing /opt/airflow/dags/listing_4_5.py took 0.150 seconds
[2022-06-20 01:58:36,696] {processor.py:153} INFO - Started process (PID=1511) to work on /opt/airflow/dags/listing_4_5.py
[2022-06-20 01:58:36,697] {processor.py:641} INFO - Processing file /opt/airflow/dags/listing_4_5.py for tasks to queue
[2022-06-20 01:58:36,698] {logging_mixin.py:115} INFO - [2022-06-20 01:58:36,698] {dagbag.py:507} INFO - Filling up the DagBag from /opt/airflow/dags/listing_4_5.py
[2022-06-20 01:58:36,707] {processor.py:651} INFO - DAG(s) dict_keys(['listing_4_05']) retrieved from /opt/airflow/dags/listing_4_5.py
[2022-06-20 01:58:36,830] {logging_mixin.py:115} INFO - [2022-06-20 01:58:36,830] {dag.py:2371} INFO - Sync 1 DAGs
[2022-06-20 01:58:36,850] {logging_mixin.py:115} INFO - [2022-06-20 01:58:36,849] {dag.py:2919} INFO - Setting next_dagrun for listing_4_05 to 2022-06-19T00:00:00+00:00, run_after=2022-06-19T01:00:00+00:00
[2022-06-20 01:58:36,859] {processor.py:161} INFO - Processing /opt/airflow/dags/listing_4_5.py took 0.166 seconds
[2022-06-20 01:59:07,177] {processor.py:153} INFO - Started process (PID=1600) to work on /opt/airflow/dags/listing_4_5.py
[2022-06-20 01:59:07,179] {processor.py:641} INFO - Processing file /opt/airflow/dags/listing_4_5.py for tasks to queue
[2022-06-20 01:59:07,180] {logging_mixin.py:115} INFO - [2022-06-20 01:59:07,180] {dagbag.py:507} INFO - Filling up the DagBag from /opt/airflow/dags/listing_4_5.py
[2022-06-20 01:59:07,189] {processor.py:651} INFO - DAG(s) dict_keys(['listing_4_05']) retrieved from /opt/airflow/dags/listing_4_5.py
[2022-06-20 01:59:07,209] {logging_mixin.py:115} INFO - [2022-06-20 01:59:07,209] {dag.py:2371} INFO - Sync 1 DAGs
[2022-06-20 01:59:07,312] {logging_mixin.py:115} INFO - [2022-06-20 01:59:07,312] {dag.py:2919} INFO - Setting next_dagrun for listing_4_05 to 2022-06-19T00:00:00+00:00, run_after=2022-06-19T01:00:00+00:00
[2022-06-20 01:59:07,319] {processor.py:161} INFO - Processing /opt/airflow/dags/listing_4_5.py took 0.144 seconds
[2022-06-20 01:59:37,743] {processor.py:153} INFO - Started process (PID=1689) to work on /opt/airflow/dags/listing_4_5.py
[2022-06-20 01:59:37,744] {processor.py:641} INFO - Processing file /opt/airflow/dags/listing_4_5.py for tasks to queue
[2022-06-20 01:59:37,745] {logging_mixin.py:115} INFO - [2022-06-20 01:59:37,745] {dagbag.py:507} INFO - Filling up the DagBag from /opt/airflow/dags/listing_4_5.py
[2022-06-20 01:59:37,753] {processor.py:651} INFO - DAG(s) dict_keys(['listing_4_05']) retrieved from /opt/airflow/dags/listing_4_5.py
[2022-06-20 01:59:37,765] {logging_mixin.py:115} INFO - [2022-06-20 01:59:37,765] {dag.py:2371} INFO - Sync 1 DAGs
[2022-06-20 01:59:37,779] {logging_mixin.py:115} INFO - [2022-06-20 01:59:37,779] {dag.py:2919} INFO - Setting next_dagrun for listing_4_05 to 2022-06-19T00:00:00+00:00, run_after=2022-06-19T01:00:00+00:00
[2022-06-20 01:59:37,863] {processor.py:161} INFO - Processing /opt/airflow/dags/listing_4_5.py took 0.122 seconds
[2022-06-20 02:00:08,498] {processor.py:153} INFO - Started process (PID=1776) to work on /opt/airflow/dags/listing_4_5.py
[2022-06-20 02:00:08,499] {processor.py:641} INFO - Processing file /opt/airflow/dags/listing_4_5.py for tasks to queue
[2022-06-20 02:00:08,500] {logging_mixin.py:115} INFO - [2022-06-20 02:00:08,500] {dagbag.py:507} INFO - Filling up the DagBag from /opt/airflow/dags/listing_4_5.py
[2022-06-20 02:00:08,509] {processor.py:651} INFO - DAG(s) dict_keys(['listing_4_05']) retrieved from /opt/airflow/dags/listing_4_5.py
[2022-06-20 02:00:08,612] {logging_mixin.py:115} INFO - [2022-06-20 02:00:08,612] {dag.py:2371} INFO - Sync 1 DAGs
[2022-06-20 02:00:08,622] {logging_mixin.py:115} INFO - [2022-06-20 02:00:08,622] {dag.py:2919} INFO - Setting next_dagrun for listing_4_05 to 2022-06-19T00:00:00+00:00, run_after=2022-06-19T01:00:00+00:00
[2022-06-20 02:00:08,629] {processor.py:161} INFO - Processing /opt/airflow/dags/listing_4_5.py took 0.133 seconds
[2022-06-20 02:00:39,318] {processor.py:153} INFO - Started process (PID=1866) to work on /opt/airflow/dags/listing_4_5.py
[2022-06-20 02:00:39,320] {processor.py:641} INFO - Processing file /opt/airflow/dags/listing_4_5.py for tasks to queue
[2022-06-20 02:00:39,322] {logging_mixin.py:115} INFO - [2022-06-20 02:00:39,322] {dagbag.py:507} INFO - Filling up the DagBag from /opt/airflow/dags/listing_4_5.py
[2022-06-20 02:00:39,332] {processor.py:651} INFO - DAG(s) dict_keys(['listing_4_05']) retrieved from /opt/airflow/dags/listing_4_5.py
[2022-06-20 02:00:39,353] {logging_mixin.py:115} INFO - [2022-06-20 02:00:39,353] {dag.py:2371} INFO - Sync 1 DAGs
[2022-06-20 02:00:39,445] {logging_mixin.py:115} INFO - [2022-06-20 02:00:39,445] {dag.py:2919} INFO - Setting next_dagrun for listing_4_05 to 2022-06-19T00:00:00+00:00, run_after=2022-06-19T01:00:00+00:00
[2022-06-20 02:00:39,454] {processor.py:161} INFO - Processing /opt/airflow/dags/listing_4_5.py took 0.139 seconds
[2022-06-20 02:01:09,804] {processor.py:153} INFO - Started process (PID=1954) to work on /opt/airflow/dags/listing_4_5.py
[2022-06-20 02:01:09,806] {processor.py:641} INFO - Processing file /opt/airflow/dags/listing_4_5.py for tasks to queue
[2022-06-20 02:01:09,807] {logging_mixin.py:115} INFO - [2022-06-20 02:01:09,807] {dagbag.py:507} INFO - Filling up the DagBag from /opt/airflow/dags/listing_4_5.py
[2022-06-20 02:01:09,815] {processor.py:651} INFO - DAG(s) dict_keys(['listing_4_05']) retrieved from /opt/airflow/dags/listing_4_5.py
[2022-06-20 02:01:09,831] {logging_mixin.py:115} INFO - [2022-06-20 02:01:09,831] {dag.py:2371} INFO - Sync 1 DAGs
[2022-06-20 02:01:09,925] {logging_mixin.py:115} INFO - [2022-06-20 02:01:09,925] {dag.py:2919} INFO - Setting next_dagrun for listing_4_05 to 2022-06-19T00:00:00+00:00, run_after=2022-06-19T01:00:00+00:00
[2022-06-20 02:01:09,932] {processor.py:161} INFO - Processing /opt/airflow/dags/listing_4_5.py took 0.130 seconds
[2022-06-20 02:01:40,467] {processor.py:153} INFO - Started process (PID=2032) to work on /opt/airflow/dags/listing_4_5.py
[2022-06-20 02:01:40,469] {processor.py:641} INFO - Processing file /opt/airflow/dags/listing_4_5.py for tasks to queue
[2022-06-20 02:01:40,469] {logging_mixin.py:115} INFO - [2022-06-20 02:01:40,469] {dagbag.py:507} INFO - Filling up the DagBag from /opt/airflow/dags/listing_4_5.py
[2022-06-20 02:01:40,479] {processor.py:651} INFO - DAG(s) dict_keys(['listing_4_05']) retrieved from /opt/airflow/dags/listing_4_5.py
[2022-06-20 02:01:40,595] {logging_mixin.py:115} INFO - [2022-06-20 02:01:40,595] {dag.py:2371} INFO - Sync 1 DAGs
[2022-06-20 02:01:40,608] {logging_mixin.py:115} INFO - [2022-06-20 02:01:40,607] {dag.py:2919} INFO - Setting next_dagrun for listing_4_05 to 2022-06-19T00:00:00+00:00, run_after=2022-06-19T01:00:00+00:00
[2022-06-20 02:01:40,625] {processor.py:161} INFO - Processing /opt/airflow/dags/listing_4_5.py took 0.161 seconds
[2022-06-20 02:02:11,042] {processor.py:153} INFO - Started process (PID=2121) to work on /opt/airflow/dags/listing_4_5.py
[2022-06-20 02:02:11,044] {processor.py:641} INFO - Processing file /opt/airflow/dags/listing_4_5.py for tasks to queue
[2022-06-20 02:02:11,045] {logging_mixin.py:115} INFO - [2022-06-20 02:02:11,045] {dagbag.py:507} INFO - Filling up the DagBag from /opt/airflow/dags/listing_4_5.py
[2022-06-20 02:02:11,054] {processor.py:651} INFO - DAG(s) dict_keys(['listing_4_05']) retrieved from /opt/airflow/dags/listing_4_5.py
[2022-06-20 02:02:11,073] {logging_mixin.py:115} INFO - [2022-06-20 02:02:11,073] {dag.py:2371} INFO - Sync 1 DAGs
[2022-06-20 02:02:11,165] {logging_mixin.py:115} INFO - [2022-06-20 02:02:11,165] {dag.py:2919} INFO - Setting next_dagrun for listing_4_05 to 2022-06-19T00:00:00+00:00, run_after=2022-06-19T01:00:00+00:00
[2022-06-20 02:02:11,174] {processor.py:161} INFO - Processing /opt/airflow/dags/listing_4_5.py took 0.134 seconds
[2022-06-20 02:02:41,945] {processor.py:153} INFO - Started process (PID=2210) to work on /opt/airflow/dags/listing_4_5.py
[2022-06-20 02:02:41,946] {processor.py:641} INFO - Processing file /opt/airflow/dags/listing_4_5.py for tasks to queue
[2022-06-20 02:02:41,947] {logging_mixin.py:115} INFO - [2022-06-20 02:02:41,947] {dagbag.py:507} INFO - Filling up the DagBag from /opt/airflow/dags/listing_4_5.py
[2022-06-20 02:02:41,957] {processor.py:651} INFO - DAG(s) dict_keys(['listing_4_05']) retrieved from /opt/airflow/dags/listing_4_5.py
[2022-06-20 02:02:41,968] {logging_mixin.py:115} INFO - [2022-06-20 02:02:41,967] {dag.py:2371} INFO - Sync 1 DAGs
[2022-06-20 02:02:42,051] {logging_mixin.py:115} INFO - [2022-06-20 02:02:42,051] {dag.py:2919} INFO - Setting next_dagrun for listing_4_05 to 2022-06-19T00:00:00+00:00, run_after=2022-06-19T01:00:00+00:00
[2022-06-20 02:02:42,057] {processor.py:161} INFO - Processing /opt/airflow/dags/listing_4_5.py took 0.115 seconds
[2022-06-20 02:03:12,434] {processor.py:153} INFO - Started process (PID=2299) to work on /opt/airflow/dags/listing_4_5.py
[2022-06-20 02:03:12,436] {processor.py:641} INFO - Processing file /opt/airflow/dags/listing_4_5.py for tasks to queue
[2022-06-20 02:03:12,437] {logging_mixin.py:115} INFO - [2022-06-20 02:03:12,437] {dagbag.py:507} INFO - Filling up the DagBag from /opt/airflow/dags/listing_4_5.py
[2022-06-20 02:03:12,454] {processor.py:651} INFO - DAG(s) dict_keys(['listing_4_05']) retrieved from /opt/airflow/dags/listing_4_5.py
[2022-06-20 02:03:12,586] {logging_mixin.py:115} INFO - [2022-06-20 02:03:12,586] {dag.py:2371} INFO - Sync 1 DAGs
[2022-06-20 02:03:12,597] {logging_mixin.py:115} INFO - [2022-06-20 02:03:12,597] {dag.py:2919} INFO - Setting next_dagrun for listing_4_05 to 2022-06-19T00:00:00+00:00, run_after=2022-06-19T01:00:00+00:00
[2022-06-20 02:03:12,605] {processor.py:161} INFO - Processing /opt/airflow/dags/listing_4_5.py took 0.175 seconds
[2022-06-20 02:03:42,956] {processor.py:153} INFO - Started process (PID=2388) to work on /opt/airflow/dags/listing_4_5.py
[2022-06-20 02:03:42,958] {processor.py:641} INFO - Processing file /opt/airflow/dags/listing_4_5.py for tasks to queue
[2022-06-20 02:03:42,959] {logging_mixin.py:115} INFO - [2022-06-20 02:03:42,959] {dagbag.py:507} INFO - Filling up the DagBag from /opt/airflow/dags/listing_4_5.py
[2022-06-20 02:03:42,967] {processor.py:651} INFO - DAG(s) dict_keys(['listing_4_05']) retrieved from /opt/airflow/dags/listing_4_5.py
[2022-06-20 02:03:42,986] {logging_mixin.py:115} INFO - [2022-06-20 02:03:42,986] {dag.py:2371} INFO - Sync 1 DAGs
[2022-06-20 02:03:43,070] {logging_mixin.py:115} INFO - [2022-06-20 02:03:43,070] {dag.py:2919} INFO - Setting next_dagrun for listing_4_05 to 2022-06-19T00:00:00+00:00, run_after=2022-06-19T01:00:00+00:00
[2022-06-20 02:03:43,077] {processor.py:161} INFO - Processing /opt/airflow/dags/listing_4_5.py took 0.123 seconds
[2022-06-20 02:04:13,817] {processor.py:153} INFO - Started process (PID=2478) to work on /opt/airflow/dags/listing_4_5.py
[2022-06-20 02:04:13,818] {processor.py:641} INFO - Processing file /opt/airflow/dags/listing_4_5.py for tasks to queue
[2022-06-20 02:04:13,819] {logging_mixin.py:115} INFO - [2022-06-20 02:04:13,819] {dagbag.py:507} INFO - Filling up the DagBag from /opt/airflow/dags/listing_4_5.py
[2022-06-20 02:04:13,829] {processor.py:651} INFO - DAG(s) dict_keys(['listing_4_05']) retrieved from /opt/airflow/dags/listing_4_5.py
[2022-06-20 02:04:13,840] {logging_mixin.py:115} INFO - [2022-06-20 02:04:13,840] {dag.py:2371} INFO - Sync 1 DAGs
[2022-06-20 02:04:13,928] {logging_mixin.py:115} INFO - [2022-06-20 02:04:13,928] {dag.py:2919} INFO - Setting next_dagrun for listing_4_05 to 2022-06-19T00:00:00+00:00, run_after=2022-06-19T01:00:00+00:00
[2022-06-20 02:04:13,935] {processor.py:161} INFO - Processing /opt/airflow/dags/listing_4_5.py took 0.120 seconds
[2022-06-20 02:04:44,361] {processor.py:153} INFO - Started process (PID=2568) to work on /opt/airflow/dags/listing_4_5.py
[2022-06-20 02:04:44,362] {processor.py:641} INFO - Processing file /opt/airflow/dags/listing_4_5.py for tasks to queue
[2022-06-20 02:04:44,364] {logging_mixin.py:115} INFO - [2022-06-20 02:04:44,364] {dagbag.py:507} INFO - Filling up the DagBag from /opt/airflow/dags/listing_4_5.py
[2022-06-20 02:04:44,374] {processor.py:651} INFO - DAG(s) dict_keys(['listing_4_05']) retrieved from /opt/airflow/dags/listing_4_5.py
[2022-06-20 02:04:44,513] {logging_mixin.py:115} INFO - [2022-06-20 02:04:44,513] {dag.py:2371} INFO - Sync 1 DAGs
[2022-06-20 02:04:44,545] {logging_mixin.py:115} INFO - [2022-06-20 02:04:44,545] {dag.py:2919} INFO - Setting next_dagrun for listing_4_05 to 2022-06-19T00:00:00+00:00, run_after=2022-06-19T01:00:00+00:00
[2022-06-20 02:04:44,569] {processor.py:161} INFO - Processing /opt/airflow/dags/listing_4_5.py took 0.210 seconds
[2022-06-20 02:05:15,780] {processor.py:153} INFO - Started process (PID=2648) to work on /opt/airflow/dags/listing_4_5.py
[2022-06-20 02:05:15,783] {processor.py:641} INFO - Processing file /opt/airflow/dags/listing_4_5.py for tasks to queue
[2022-06-20 02:05:15,785] {logging_mixin.py:115} INFO - [2022-06-20 02:05:15,785] {dagbag.py:507} INFO - Filling up the DagBag from /opt/airflow/dags/listing_4_5.py
[2022-06-20 02:05:15,804] {processor.py:651} INFO - DAG(s) dict_keys(['listing_4_05']) retrieved from /opt/airflow/dags/listing_4_5.py
[2022-06-20 02:05:15,865] {logging_mixin.py:115} INFO - [2022-06-20 02:05:15,865] {dag.py:2371} INFO - Sync 1 DAGs
[2022-06-20 02:05:16,050] {logging_mixin.py:115} INFO - [2022-06-20 02:05:16,050] {dag.py:2919} INFO - Setting next_dagrun for listing_4_05 to 2022-06-19T00:00:00+00:00, run_after=2022-06-19T01:00:00+00:00
[2022-06-20 02:05:16,063] {processor.py:161} INFO - Processing /opt/airflow/dags/listing_4_5.py took 0.287 seconds
