[2022-06-20 01:19:32,894] {processor.py:153} INFO - Started process (PID=51) to work on /opt/airflow/dags/listing_2_10.py
[2022-06-20 01:19:32,902] {processor.py:641} INFO - Processing file /opt/airflow/dags/listing_2_10.py for tasks to queue
[2022-06-20 01:19:32,905] {logging_mixin.py:115} INFO - [2022-06-20 01:19:32,905] {dagbag.py:507} INFO - Filling up the DagBag from /opt/airflow/dags/listing_2_10.py
[2022-06-20 01:19:32,936] {processor.py:651} INFO - DAG(s) dict_keys(['listing_2_10']) retrieved from /opt/airflow/dags/listing_2_10.py
[2022-06-20 01:19:33,033] {logging_mixin.py:115} INFO - [2022-06-20 01:19:33,033] {dag.py:2371} INFO - Sync 1 DAGs
[2022-06-20 01:19:33,061] {logging_mixin.py:115} INFO - [2022-06-20 01:19:33,061] {dag.py:2919} INFO - Setting next_dagrun for listing_2_10 to 2022-06-12T00:00:00+00:00, run_after=2022-06-13T00:00:00+00:00
[2022-06-20 01:19:33,093] {processor.py:161} INFO - Processing /opt/airflow/dags/listing_2_10.py took 0.204 seconds
[2022-06-20 01:22:34,334] {processor.py:153} INFO - Started process (PID=54) to work on /opt/airflow/dags/listing_2_10.py
[2022-06-20 01:22:34,336] {processor.py:641} INFO - Processing file /opt/airflow/dags/listing_2_10.py for tasks to queue
[2022-06-20 01:22:34,339] {logging_mixin.py:115} INFO - [2022-06-20 01:22:34,339] {dagbag.py:507} INFO - Filling up the DagBag from /opt/airflow/dags/listing_2_10.py
[2022-06-20 01:22:34,370] {processor.py:651} INFO - DAG(s) dict_keys(['listing_2_10']) retrieved from /opt/airflow/dags/listing_2_10.py
[2022-06-20 01:22:34,476] {logging_mixin.py:115} INFO - [2022-06-20 01:22:34,476] {manager.py:508} INFO - Created Permission View: can delete on DAG:listing_2_10
[2022-06-20 01:22:34,512] {logging_mixin.py:115} INFO - [2022-06-20 01:22:34,511] {manager.py:508} INFO - Created Permission View: can read on DAG:listing_2_10
[2022-06-20 01:22:34,532] {logging_mixin.py:115} INFO - [2022-06-20 01:22:34,532] {manager.py:508} INFO - Created Permission View: can edit on DAG:listing_2_10
[2022-06-20 01:22:34,538] {logging_mixin.py:115} INFO - [2022-06-20 01:22:34,538] {dag.py:2371} INFO - Sync 1 DAGs
[2022-06-20 01:22:34,560] {logging_mixin.py:115} INFO - [2022-06-20 01:22:34,560] {dag.py:2390} INFO - Creating ORM DAG for listing_2_10
[2022-06-20 01:22:34,796] {logging_mixin.py:115} INFO - [2022-06-20 01:22:34,796] {dag.py:2919} INFO - Setting next_dagrun for listing_2_10 to 2022-06-06T00:00:00+00:00, run_after=2022-06-07T00:00:00+00:00
[2022-06-20 01:22:34,845] {processor.py:161} INFO - Processing /opt/airflow/dags/listing_2_10.py took 0.514 seconds
[2022-06-20 01:23:05,103] {processor.py:153} INFO - Started process (PID=127) to work on /opt/airflow/dags/listing_2_10.py
[2022-06-20 01:23:05,105] {processor.py:641} INFO - Processing file /opt/airflow/dags/listing_2_10.py for tasks to queue
[2022-06-20 01:23:05,106] {logging_mixin.py:115} INFO - [2022-06-20 01:23:05,106] {dagbag.py:507} INFO - Filling up the DagBag from /opt/airflow/dags/listing_2_10.py
[2022-06-20 01:23:05,118] {processor.py:651} INFO - DAG(s) dict_keys(['listing_2_10']) retrieved from /opt/airflow/dags/listing_2_10.py
[2022-06-20 01:23:05,136] {logging_mixin.py:115} INFO - [2022-06-20 01:23:05,136] {dag.py:2371} INFO - Sync 1 DAGs
[2022-06-20 01:23:05,152] {logging_mixin.py:115} INFO - [2022-06-20 01:23:05,152] {dag.py:2919} INFO - Setting next_dagrun for listing_2_10 to 2022-06-06T00:00:00+00:00, run_after=2022-06-07T00:00:00+00:00
[2022-06-20 01:23:05,161] {processor.py:161} INFO - Processing /opt/airflow/dags/listing_2_10.py took 0.062 seconds
[2022-06-20 01:23:35,336] {processor.py:153} INFO - Started process (PID=189) to work on /opt/airflow/dags/listing_2_10.py
[2022-06-20 01:23:35,338] {processor.py:641} INFO - Processing file /opt/airflow/dags/listing_2_10.py for tasks to queue
[2022-06-20 01:23:35,339] {logging_mixin.py:115} INFO - [2022-06-20 01:23:35,339] {dagbag.py:507} INFO - Filling up the DagBag from /opt/airflow/dags/listing_2_10.py
[2022-06-20 01:23:35,349] {processor.py:651} INFO - DAG(s) dict_keys(['listing_2_10']) retrieved from /opt/airflow/dags/listing_2_10.py
[2022-06-20 01:23:35,369] {logging_mixin.py:115} INFO - [2022-06-20 01:23:35,369] {dag.py:2371} INFO - Sync 1 DAGs
[2022-06-20 01:23:35,383] {logging_mixin.py:115} INFO - [2022-06-20 01:23:35,383] {dag.py:2919} INFO - Setting next_dagrun for listing_2_10 to 2022-06-06T00:00:00+00:00, run_after=2022-06-07T00:00:00+00:00
[2022-06-20 01:23:35,392] {processor.py:161} INFO - Processing /opt/airflow/dags/listing_2_10.py took 0.058 seconds
[2022-06-20 01:24:05,497] {processor.py:153} INFO - Started process (PID=261) to work on /opt/airflow/dags/listing_2_10.py
[2022-06-20 01:24:05,498] {processor.py:641} INFO - Processing file /opt/airflow/dags/listing_2_10.py for tasks to queue
[2022-06-20 01:24:05,499] {logging_mixin.py:115} INFO - [2022-06-20 01:24:05,499] {dagbag.py:507} INFO - Filling up the DagBag from /opt/airflow/dags/listing_2_10.py
[2022-06-20 01:24:05,509] {processor.py:651} INFO - DAG(s) dict_keys(['listing_2_10']) retrieved from /opt/airflow/dags/listing_2_10.py
[2022-06-20 01:24:05,526] {logging_mixin.py:115} INFO - [2022-06-20 01:24:05,526] {dag.py:2371} INFO - Sync 1 DAGs
[2022-06-20 01:24:05,538] {logging_mixin.py:115} INFO - [2022-06-20 01:24:05,537] {dag.py:2919} INFO - Setting next_dagrun for listing_2_10 to 2022-06-06T00:00:00+00:00, run_after=2022-06-07T00:00:00+00:00
[2022-06-20 01:24:05,544] {processor.py:161} INFO - Processing /opt/airflow/dags/listing_2_10.py took 0.049 seconds
[2022-06-20 01:24:36,493] {processor.py:153} INFO - Started process (PID=333) to work on /opt/airflow/dags/listing_2_10.py
[2022-06-20 01:24:36,495] {processor.py:641} INFO - Processing file /opt/airflow/dags/listing_2_10.py for tasks to queue
[2022-06-20 01:24:36,497] {logging_mixin.py:115} INFO - [2022-06-20 01:24:36,497] {dagbag.py:507} INFO - Filling up the DagBag from /opt/airflow/dags/listing_2_10.py
[2022-06-20 01:24:36,512] {processor.py:651} INFO - DAG(s) dict_keys(['listing_2_10']) retrieved from /opt/airflow/dags/listing_2_10.py
[2022-06-20 01:24:36,534] {logging_mixin.py:115} INFO - [2022-06-20 01:24:36,534] {dag.py:2371} INFO - Sync 1 DAGs
[2022-06-20 01:24:36,551] {logging_mixin.py:115} INFO - [2022-06-20 01:24:36,551] {dag.py:2919} INFO - Setting next_dagrun for listing_2_10 to 2022-06-06T00:00:00+00:00, run_after=2022-06-07T00:00:00+00:00
[2022-06-20 01:24:36,560] {processor.py:161} INFO - Processing /opt/airflow/dags/listing_2_10.py took 0.070 seconds
[2022-06-20 01:25:06,844] {processor.py:153} INFO - Started process (PID=404) to work on /opt/airflow/dags/listing_2_10.py
[2022-06-20 01:25:06,845] {processor.py:641} INFO - Processing file /opt/airflow/dags/listing_2_10.py for tasks to queue
[2022-06-20 01:25:06,847] {logging_mixin.py:115} INFO - [2022-06-20 01:25:06,847] {dagbag.py:507} INFO - Filling up the DagBag from /opt/airflow/dags/listing_2_10.py
[2022-06-20 01:25:06,856] {processor.py:651} INFO - DAG(s) dict_keys(['listing_2_10']) retrieved from /opt/airflow/dags/listing_2_10.py
[2022-06-20 01:25:06,873] {logging_mixin.py:115} INFO - [2022-06-20 01:25:06,873] {dag.py:2371} INFO - Sync 1 DAGs
[2022-06-20 01:25:06,886] {logging_mixin.py:115} INFO - [2022-06-20 01:25:06,886] {dag.py:2919} INFO - Setting next_dagrun for listing_2_10 to 2022-06-06T00:00:00+00:00, run_after=2022-06-07T00:00:00+00:00
[2022-06-20 01:25:06,893] {processor.py:161} INFO - Processing /opt/airflow/dags/listing_2_10.py took 0.051 seconds
[2022-06-20 01:25:37,014] {processor.py:153} INFO - Started process (PID=476) to work on /opt/airflow/dags/listing_2_10.py
[2022-06-20 01:25:37,015] {processor.py:641} INFO - Processing file /opt/airflow/dags/listing_2_10.py for tasks to queue
[2022-06-20 01:25:37,016] {logging_mixin.py:115} INFO - [2022-06-20 01:25:37,016] {dagbag.py:507} INFO - Filling up the DagBag from /opt/airflow/dags/listing_2_10.py
[2022-06-20 01:25:37,026] {processor.py:651} INFO - DAG(s) dict_keys(['listing_2_10']) retrieved from /opt/airflow/dags/listing_2_10.py
[2022-06-20 01:25:37,041] {logging_mixin.py:115} INFO - [2022-06-20 01:25:37,041] {dag.py:2371} INFO - Sync 1 DAGs
[2022-06-20 01:25:37,053] {logging_mixin.py:115} INFO - [2022-06-20 01:25:37,052] {dag.py:2919} INFO - Setting next_dagrun for listing_2_10 to 2022-06-06T00:00:00+00:00, run_after=2022-06-07T00:00:00+00:00
[2022-06-20 01:25:37,059] {processor.py:161} INFO - Processing /opt/airflow/dags/listing_2_10.py took 0.047 seconds
[2022-06-20 01:26:07,330] {processor.py:153} INFO - Started process (PID=547) to work on /opt/airflow/dags/listing_2_10.py
[2022-06-20 01:26:07,331] {processor.py:641} INFO - Processing file /opt/airflow/dags/listing_2_10.py for tasks to queue
[2022-06-20 01:26:07,332] {logging_mixin.py:115} INFO - [2022-06-20 01:26:07,332] {dagbag.py:507} INFO - Filling up the DagBag from /opt/airflow/dags/listing_2_10.py
[2022-06-20 01:26:07,344] {processor.py:651} INFO - DAG(s) dict_keys(['listing_2_10']) retrieved from /opt/airflow/dags/listing_2_10.py
[2022-06-20 01:26:07,364] {logging_mixin.py:115} INFO - [2022-06-20 01:26:07,364] {dag.py:2371} INFO - Sync 1 DAGs
[2022-06-20 01:26:07,381] {logging_mixin.py:115} INFO - [2022-06-20 01:26:07,381] {dag.py:2919} INFO - Setting next_dagrun for listing_2_10 to 2022-06-06T00:00:00+00:00, run_after=2022-06-07T00:00:00+00:00
[2022-06-20 01:26:07,393] {processor.py:161} INFO - Processing /opt/airflow/dags/listing_2_10.py took 0.066 seconds
[2022-06-20 01:26:37,881] {processor.py:153} INFO - Started process (PID=609) to work on /opt/airflow/dags/listing_2_10.py
[2022-06-20 01:26:37,884] {processor.py:641} INFO - Processing file /opt/airflow/dags/listing_2_10.py for tasks to queue
[2022-06-20 01:26:37,886] {logging_mixin.py:115} INFO - [2022-06-20 01:26:37,886] {dagbag.py:507} INFO - Filling up the DagBag from /opt/airflow/dags/listing_2_10.py
[2022-06-20 01:26:37,901] {processor.py:651} INFO - DAG(s) dict_keys(['listing_2_10']) retrieved from /opt/airflow/dags/listing_2_10.py
[2022-06-20 01:26:37,925] {logging_mixin.py:115} INFO - [2022-06-20 01:26:37,925] {dag.py:2371} INFO - Sync 1 DAGs
[2022-06-20 01:26:37,941] {logging_mixin.py:115} INFO - [2022-06-20 01:26:37,941] {dag.py:2919} INFO - Setting next_dagrun for listing_2_10 to 2022-06-06T00:00:00+00:00, run_after=2022-06-07T00:00:00+00:00
[2022-06-20 01:26:37,948] {processor.py:161} INFO - Processing /opt/airflow/dags/listing_2_10.py took 0.070 seconds
[2022-06-20 01:27:08,438] {processor.py:153} INFO - Started process (PID=680) to work on /opt/airflow/dags/listing_2_10.py
[2022-06-20 01:27:08,439] {processor.py:641} INFO - Processing file /opt/airflow/dags/listing_2_10.py for tasks to queue
[2022-06-20 01:27:08,440] {logging_mixin.py:115} INFO - [2022-06-20 01:27:08,440] {dagbag.py:507} INFO - Filling up the DagBag from /opt/airflow/dags/listing_2_10.py
[2022-06-20 01:27:08,451] {processor.py:651} INFO - DAG(s) dict_keys(['listing_2_10']) retrieved from /opt/airflow/dags/listing_2_10.py
[2022-06-20 01:27:08,467] {logging_mixin.py:115} INFO - [2022-06-20 01:27:08,467] {dag.py:2371} INFO - Sync 1 DAGs
[2022-06-20 01:27:08,480] {logging_mixin.py:115} INFO - [2022-06-20 01:27:08,480] {dag.py:2919} INFO - Setting next_dagrun for listing_2_10 to 2022-06-06T00:00:00+00:00, run_after=2022-06-07T00:00:00+00:00
[2022-06-20 01:27:08,487] {processor.py:161} INFO - Processing /opt/airflow/dags/listing_2_10.py took 0.051 seconds
[2022-06-20 01:27:38,678] {processor.py:153} INFO - Started process (PID=752) to work on /opt/airflow/dags/listing_2_10.py
[2022-06-20 01:27:38,680] {processor.py:641} INFO - Processing file /opt/airflow/dags/listing_2_10.py for tasks to queue
[2022-06-20 01:27:38,682] {logging_mixin.py:115} INFO - [2022-06-20 01:27:38,681] {dagbag.py:507} INFO - Filling up the DagBag from /opt/airflow/dags/listing_2_10.py
[2022-06-20 01:27:38,692] {processor.py:651} INFO - DAG(s) dict_keys(['listing_2_10']) retrieved from /opt/airflow/dags/listing_2_10.py
[2022-06-20 01:27:38,709] {logging_mixin.py:115} INFO - [2022-06-20 01:27:38,709] {dag.py:2371} INFO - Sync 1 DAGs
[2022-06-20 01:27:38,722] {logging_mixin.py:115} INFO - [2022-06-20 01:27:38,722] {dag.py:2919} INFO - Setting next_dagrun for listing_2_10 to 2022-06-06T00:00:00+00:00, run_after=2022-06-07T00:00:00+00:00
[2022-06-20 01:27:38,729] {processor.py:161} INFO - Processing /opt/airflow/dags/listing_2_10.py took 0.053 seconds
[2022-06-20 01:28:08,961] {processor.py:153} INFO - Started process (PID=824) to work on /opt/airflow/dags/listing_2_10.py
[2022-06-20 01:28:08,962] {processor.py:641} INFO - Processing file /opt/airflow/dags/listing_2_10.py for tasks to queue
[2022-06-20 01:28:08,963] {logging_mixin.py:115} INFO - [2022-06-20 01:28:08,963] {dagbag.py:507} INFO - Filling up the DagBag from /opt/airflow/dags/listing_2_10.py
[2022-06-20 01:28:08,974] {processor.py:651} INFO - DAG(s) dict_keys(['listing_2_10']) retrieved from /opt/airflow/dags/listing_2_10.py
[2022-06-20 01:28:08,990] {logging_mixin.py:115} INFO - [2022-06-20 01:28:08,990] {dag.py:2371} INFO - Sync 1 DAGs
[2022-06-20 01:28:09,002] {logging_mixin.py:115} INFO - [2022-06-20 01:28:09,002] {dag.py:2919} INFO - Setting next_dagrun for listing_2_10 to 2022-06-06T00:00:00+00:00, run_after=2022-06-07T00:00:00+00:00
[2022-06-20 01:28:09,008] {processor.py:161} INFO - Processing /opt/airflow/dags/listing_2_10.py took 0.050 seconds
[2022-06-20 01:28:39,240] {processor.py:153} INFO - Started process (PID=896) to work on /opt/airflow/dags/listing_2_10.py
[2022-06-20 01:28:39,241] {processor.py:641} INFO - Processing file /opt/airflow/dags/listing_2_10.py for tasks to queue
[2022-06-20 01:28:39,243] {logging_mixin.py:115} INFO - [2022-06-20 01:28:39,243] {dagbag.py:507} INFO - Filling up the DagBag from /opt/airflow/dags/listing_2_10.py
[2022-06-20 01:28:39,252] {processor.py:651} INFO - DAG(s) dict_keys(['listing_2_10']) retrieved from /opt/airflow/dags/listing_2_10.py
[2022-06-20 01:28:39,267] {logging_mixin.py:115} INFO - [2022-06-20 01:28:39,267] {dag.py:2371} INFO - Sync 1 DAGs
[2022-06-20 01:28:39,279] {logging_mixin.py:115} INFO - [2022-06-20 01:28:39,279] {dag.py:2919} INFO - Setting next_dagrun for listing_2_10 to 2022-06-06T00:00:00+00:00, run_after=2022-06-07T00:00:00+00:00
[2022-06-20 01:28:39,286] {processor.py:161} INFO - Processing /opt/airflow/dags/listing_2_10.py took 0.048 seconds
[2022-06-20 01:29:09,833] {processor.py:153} INFO - Started process (PID=967) to work on /opt/airflow/dags/listing_2_10.py
[2022-06-20 01:29:09,834] {processor.py:641} INFO - Processing file /opt/airflow/dags/listing_2_10.py for tasks to queue
[2022-06-20 01:29:09,835] {logging_mixin.py:115} INFO - [2022-06-20 01:29:09,835] {dagbag.py:507} INFO - Filling up the DagBag from /opt/airflow/dags/listing_2_10.py
[2022-06-20 01:29:09,846] {processor.py:651} INFO - DAG(s) dict_keys(['listing_2_10']) retrieved from /opt/airflow/dags/listing_2_10.py
[2022-06-20 01:29:09,863] {logging_mixin.py:115} INFO - [2022-06-20 01:29:09,863] {dag.py:2371} INFO - Sync 1 DAGs
[2022-06-20 01:29:09,876] {logging_mixin.py:115} INFO - [2022-06-20 01:29:09,876] {dag.py:2919} INFO - Setting next_dagrun for listing_2_10 to 2022-06-06T00:00:00+00:00, run_after=2022-06-07T00:00:00+00:00
[2022-06-20 01:29:09,883] {processor.py:161} INFO - Processing /opt/airflow/dags/listing_2_10.py took 0.052 seconds
[2022-06-20 01:29:39,992] {processor.py:153} INFO - Started process (PID=1028) to work on /opt/airflow/dags/listing_2_10.py
[2022-06-20 01:29:39,993] {processor.py:641} INFO - Processing file /opt/airflow/dags/listing_2_10.py for tasks to queue
[2022-06-20 01:29:39,994] {logging_mixin.py:115} INFO - [2022-06-20 01:29:39,994] {dagbag.py:507} INFO - Filling up the DagBag from /opt/airflow/dags/listing_2_10.py
[2022-06-20 01:29:40,004] {processor.py:651} INFO - DAG(s) dict_keys(['listing_2_10']) retrieved from /opt/airflow/dags/listing_2_10.py
[2022-06-20 01:29:40,022] {logging_mixin.py:115} INFO - [2022-06-20 01:29:40,022] {dag.py:2371} INFO - Sync 1 DAGs
[2022-06-20 01:29:40,037] {logging_mixin.py:115} INFO - [2022-06-20 01:29:40,037] {dag.py:2919} INFO - Setting next_dagrun for listing_2_10 to 2022-06-06T00:00:00+00:00, run_after=2022-06-07T00:00:00+00:00
[2022-06-20 01:29:40,046] {processor.py:161} INFO - Processing /opt/airflow/dags/listing_2_10.py took 0.056 seconds
[2022-06-20 01:30:10,202] {processor.py:153} INFO - Started process (PID=1100) to work on /opt/airflow/dags/listing_2_10.py
[2022-06-20 01:30:10,204] {processor.py:641} INFO - Processing file /opt/airflow/dags/listing_2_10.py for tasks to queue
[2022-06-20 01:30:10,205] {logging_mixin.py:115} INFO - [2022-06-20 01:30:10,205] {dagbag.py:507} INFO - Filling up the DagBag from /opt/airflow/dags/listing_2_10.py
[2022-06-20 01:30:10,214] {processor.py:651} INFO - DAG(s) dict_keys(['listing_2_10']) retrieved from /opt/airflow/dags/listing_2_10.py
[2022-06-20 01:30:10,231] {logging_mixin.py:115} INFO - [2022-06-20 01:30:10,231] {dag.py:2371} INFO - Sync 1 DAGs
[2022-06-20 01:30:10,244] {logging_mixin.py:115} INFO - [2022-06-20 01:30:10,243] {dag.py:2919} INFO - Setting next_dagrun for listing_2_10 to 2022-06-06T00:00:00+00:00, run_after=2022-06-07T00:00:00+00:00
[2022-06-20 01:30:10,250] {processor.py:161} INFO - Processing /opt/airflow/dags/listing_2_10.py took 0.051 seconds
[2022-06-20 01:30:40,320] {processor.py:153} INFO - Started process (PID=1171) to work on /opt/airflow/dags/listing_2_10.py
[2022-06-20 01:30:40,322] {processor.py:641} INFO - Processing file /opt/airflow/dags/listing_2_10.py for tasks to queue
[2022-06-20 01:30:40,323] {logging_mixin.py:115} INFO - [2022-06-20 01:30:40,323] {dagbag.py:507} INFO - Filling up the DagBag from /opt/airflow/dags/listing_2_10.py
[2022-06-20 01:30:40,331] {processor.py:651} INFO - DAG(s) dict_keys(['listing_2_10']) retrieved from /opt/airflow/dags/listing_2_10.py
[2022-06-20 01:30:40,347] {logging_mixin.py:115} INFO - [2022-06-20 01:30:40,347] {dag.py:2371} INFO - Sync 1 DAGs
[2022-06-20 01:30:40,359] {logging_mixin.py:115} INFO - [2022-06-20 01:30:40,359] {dag.py:2919} INFO - Setting next_dagrun for listing_2_10 to 2022-06-06T00:00:00+00:00, run_after=2022-06-07T00:00:00+00:00
[2022-06-20 01:30:40,364] {processor.py:161} INFO - Processing /opt/airflow/dags/listing_2_10.py took 0.046 seconds
[2022-06-20 01:31:10,725] {processor.py:153} INFO - Started process (PID=1244) to work on /opt/airflow/dags/listing_2_10.py
[2022-06-20 01:31:10,727] {processor.py:641} INFO - Processing file /opt/airflow/dags/listing_2_10.py for tasks to queue
[2022-06-20 01:31:10,728] {logging_mixin.py:115} INFO - [2022-06-20 01:31:10,728] {dagbag.py:507} INFO - Filling up the DagBag from /opt/airflow/dags/listing_2_10.py
[2022-06-20 01:31:10,739] {processor.py:651} INFO - DAG(s) dict_keys(['listing_2_10']) retrieved from /opt/airflow/dags/listing_2_10.py
[2022-06-20 01:31:10,758] {logging_mixin.py:115} INFO - [2022-06-20 01:31:10,758] {dag.py:2371} INFO - Sync 1 DAGs
[2022-06-20 01:31:10,771] {logging_mixin.py:115} INFO - [2022-06-20 01:31:10,771] {dag.py:2919} INFO - Setting next_dagrun for listing_2_10 to 2022-06-06T00:00:00+00:00, run_after=2022-06-07T00:00:00+00:00
[2022-06-20 01:31:10,779] {processor.py:161} INFO - Processing /opt/airflow/dags/listing_2_10.py took 0.057 seconds
[2022-06-20 01:31:41,116] {processor.py:153} INFO - Started process (PID=1306) to work on /opt/airflow/dags/listing_2_10.py
[2022-06-20 01:31:41,119] {processor.py:641} INFO - Processing file /opt/airflow/dags/listing_2_10.py for tasks to queue
[2022-06-20 01:31:41,121] {logging_mixin.py:115} INFO - [2022-06-20 01:31:41,121] {dagbag.py:507} INFO - Filling up the DagBag from /opt/airflow/dags/listing_2_10.py
[2022-06-20 01:31:41,135] {processor.py:651} INFO - DAG(s) dict_keys(['listing_2_10']) retrieved from /opt/airflow/dags/listing_2_10.py
[2022-06-20 01:31:41,157] {logging_mixin.py:115} INFO - [2022-06-20 01:31:41,157] {dag.py:2371} INFO - Sync 1 DAGs
[2022-06-20 01:31:41,182] {logging_mixin.py:115} INFO - [2022-06-20 01:31:41,182] {dag.py:2919} INFO - Setting next_dagrun for listing_2_10 to 2022-06-06T00:00:00+00:00, run_after=2022-06-07T00:00:00+00:00
[2022-06-20 01:31:41,193] {processor.py:161} INFO - Processing /opt/airflow/dags/listing_2_10.py took 0.080 seconds
[2022-06-20 01:32:11,434] {processor.py:153} INFO - Started process (PID=1378) to work on /opt/airflow/dags/listing_2_10.py
[2022-06-20 01:32:11,435] {processor.py:641} INFO - Processing file /opt/airflow/dags/listing_2_10.py for tasks to queue
[2022-06-20 01:32:11,437] {logging_mixin.py:115} INFO - [2022-06-20 01:32:11,437] {dagbag.py:507} INFO - Filling up the DagBag from /opt/airflow/dags/listing_2_10.py
[2022-06-20 01:32:11,447] {processor.py:651} INFO - DAG(s) dict_keys(['listing_2_10']) retrieved from /opt/airflow/dags/listing_2_10.py
[2022-06-20 01:32:11,466] {logging_mixin.py:115} INFO - [2022-06-20 01:32:11,466] {dag.py:2371} INFO - Sync 1 DAGs
[2022-06-20 01:32:11,481] {logging_mixin.py:115} INFO - [2022-06-20 01:32:11,481] {dag.py:2919} INFO - Setting next_dagrun for listing_2_10 to 2022-06-06T00:00:00+00:00, run_after=2022-06-07T00:00:00+00:00
[2022-06-20 01:32:11,489] {processor.py:161} INFO - Processing /opt/airflow/dags/listing_2_10.py took 0.057 seconds
[2022-06-20 01:32:41,842] {processor.py:153} INFO - Started process (PID=1454) to work on /opt/airflow/dags/listing_2_10.py
[2022-06-20 01:32:41,843] {processor.py:641} INFO - Processing file /opt/airflow/dags/listing_2_10.py for tasks to queue
[2022-06-20 01:32:41,844] {logging_mixin.py:115} INFO - [2022-06-20 01:32:41,844] {dagbag.py:507} INFO - Filling up the DagBag from /opt/airflow/dags/listing_2_10.py
[2022-06-20 01:32:41,860] {processor.py:651} INFO - DAG(s) dict_keys(['listing_2_10']) retrieved from /opt/airflow/dags/listing_2_10.py
[2022-06-20 01:32:41,881] {logging_mixin.py:115} INFO - [2022-06-20 01:32:41,881] {dag.py:2371} INFO - Sync 1 DAGs
[2022-06-20 01:32:41,902] {logging_mixin.py:115} INFO - [2022-06-20 01:32:41,902] {dag.py:2919} INFO - Setting next_dagrun for listing_2_10 to 2022-06-06T00:00:00+00:00, run_after=2022-06-07T00:00:00+00:00
[2022-06-20 01:32:41,914] {processor.py:161} INFO - Processing /opt/airflow/dags/listing_2_10.py took 0.075 seconds
[2022-06-20 01:33:12,576] {processor.py:153} INFO - Started process (PID=1532) to work on /opt/airflow/dags/listing_2_10.py
[2022-06-20 01:33:12,577] {processor.py:641} INFO - Processing file /opt/airflow/dags/listing_2_10.py for tasks to queue
[2022-06-20 01:33:12,578] {logging_mixin.py:115} INFO - [2022-06-20 01:33:12,578] {dagbag.py:507} INFO - Filling up the DagBag from /opt/airflow/dags/listing_2_10.py
[2022-06-20 01:33:12,587] {processor.py:651} INFO - DAG(s) dict_keys(['listing_2_10']) retrieved from /opt/airflow/dags/listing_2_10.py
[2022-06-20 01:33:12,605] {logging_mixin.py:115} INFO - [2022-06-20 01:33:12,605] {dag.py:2371} INFO - Sync 1 DAGs
[2022-06-20 01:33:12,619] {logging_mixin.py:115} INFO - [2022-06-20 01:33:12,618] {dag.py:2919} INFO - Setting next_dagrun for listing_2_10 to 2022-06-06T00:00:00+00:00, run_after=2022-06-07T00:00:00+00:00
[2022-06-20 01:33:12,628] {processor.py:161} INFO - Processing /opt/airflow/dags/listing_2_10.py took 0.054 seconds
[2022-06-20 01:33:38,959] {processor.py:153} INFO - Started process (PID=43) to work on /opt/airflow/dags/listing_2_10.py
[2022-06-20 01:33:38,976] {processor.py:641} INFO - Processing file /opt/airflow/dags/listing_2_10.py for tasks to queue
[2022-06-20 01:33:38,983] {logging_mixin.py:115} INFO - [2022-06-20 01:33:38,983] {dagbag.py:507} INFO - Filling up the DagBag from /opt/airflow/dags/listing_2_10.py
[2022-06-20 01:33:39,023] {processor.py:651} INFO - DAG(s) dict_keys(['listing_2_10']) retrieved from /opt/airflow/dags/listing_2_10.py
[2022-06-20 01:33:39,062] {logging_mixin.py:115} INFO - [2022-06-20 01:33:39,062] {dag.py:2371} INFO - Sync 1 DAGs
[2022-06-20 01:33:39,094] {logging_mixin.py:115} INFO - [2022-06-20 01:33:39,094] {dag.py:2919} INFO - Setting next_dagrun for listing_2_10 to 2022-06-06T00:00:00+00:00, run_after=2022-06-07T00:00:00+00:00
[2022-06-20 01:33:39,110] {processor.py:161} INFO - Processing /opt/airflow/dags/listing_2_10.py took 0.155 seconds
[2022-06-20 01:34:09,263] {processor.py:153} INFO - Started process (PID=117) to work on /opt/airflow/dags/listing_2_10.py
[2022-06-20 01:34:09,265] {processor.py:641} INFO - Processing file /opt/airflow/dags/listing_2_10.py for tasks to queue
[2022-06-20 01:34:09,269] {logging_mixin.py:115} INFO - [2022-06-20 01:34:09,268] {dagbag.py:507} INFO - Filling up the DagBag from /opt/airflow/dags/listing_2_10.py
[2022-06-20 01:34:09,300] {processor.py:651} INFO - DAG(s) dict_keys(['listing_2_10']) retrieved from /opt/airflow/dags/listing_2_10.py
[2022-06-20 01:34:09,337] {logging_mixin.py:115} INFO - [2022-06-20 01:34:09,337] {dag.py:2371} INFO - Sync 1 DAGs
[2022-06-20 01:34:09,357] {logging_mixin.py:115} INFO - [2022-06-20 01:34:09,357] {dag.py:2919} INFO - Setting next_dagrun for listing_2_10 to 2022-06-06T00:00:00+00:00, run_after=2022-06-07T00:00:00+00:00
[2022-06-20 01:34:09,371] {processor.py:161} INFO - Processing /opt/airflow/dags/listing_2_10.py took 0.110 seconds
[2022-06-20 01:34:40,790] {processor.py:153} INFO - Started process (PID=260) to work on /opt/airflow/dags/listing_2_10.py
[2022-06-20 01:34:40,797] {processor.py:641} INFO - Processing file /opt/airflow/dags/listing_2_10.py for tasks to queue
[2022-06-20 01:34:40,800] {logging_mixin.py:115} INFO - [2022-06-20 01:34:40,799] {dagbag.py:507} INFO - Filling up the DagBag from /opt/airflow/dags/listing_2_10.py
[2022-06-20 01:34:40,843] {processor.py:651} INFO - DAG(s) dict_keys(['listing_2_10']) retrieved from /opt/airflow/dags/listing_2_10.py
[2022-06-20 01:34:40,876] {logging_mixin.py:115} INFO - [2022-06-20 01:34:40,876] {dag.py:2371} INFO - Sync 1 DAGs
[2022-06-20 01:34:40,894] {logging_mixin.py:115} INFO - [2022-06-20 01:34:40,894] {dag.py:2919} INFO - Setting next_dagrun for listing_2_10 to 2022-06-06T00:00:00+00:00, run_after=2022-06-07T00:00:00+00:00
[2022-06-20 01:34:40,915] {processor.py:161} INFO - Processing /opt/airflow/dags/listing_2_10.py took 0.136 seconds
[2022-06-20 01:35:11,486] {processor.py:153} INFO - Started process (PID=336) to work on /opt/airflow/dags/listing_2_10.py
[2022-06-20 01:35:11,487] {processor.py:641} INFO - Processing file /opt/airflow/dags/listing_2_10.py for tasks to queue
[2022-06-20 01:35:11,488] {logging_mixin.py:115} INFO - [2022-06-20 01:35:11,488] {dagbag.py:507} INFO - Filling up the DagBag from /opt/airflow/dags/listing_2_10.py
[2022-06-20 01:35:11,498] {processor.py:651} INFO - DAG(s) dict_keys(['listing_2_10']) retrieved from /opt/airflow/dags/listing_2_10.py
[2022-06-20 01:35:11,519] {logging_mixin.py:115} INFO - [2022-06-20 01:35:11,519] {dag.py:2371} INFO - Sync 1 DAGs
[2022-06-20 01:35:11,534] {logging_mixin.py:115} INFO - [2022-06-20 01:35:11,534] {dag.py:2919} INFO - Setting next_dagrun for listing_2_10 to 2022-06-06T00:00:00+00:00, run_after=2022-06-07T00:00:00+00:00
[2022-06-20 01:35:11,542] {processor.py:161} INFO - Processing /opt/airflow/dags/listing_2_10.py took 0.058 seconds
[2022-06-20 01:35:42,019] {processor.py:153} INFO - Started process (PID=402) to work on /opt/airflow/dags/listing_2_10.py
[2022-06-20 01:35:42,026] {processor.py:641} INFO - Processing file /opt/airflow/dags/listing_2_10.py for tasks to queue
[2022-06-20 01:35:42,030] {logging_mixin.py:115} INFO - [2022-06-20 01:35:42,030] {dagbag.py:507} INFO - Filling up the DagBag from /opt/airflow/dags/listing_2_10.py
[2022-06-20 01:35:42,043] {processor.py:651} INFO - DAG(s) dict_keys(['listing_2_10']) retrieved from /opt/airflow/dags/listing_2_10.py
[2022-06-20 01:35:42,062] {logging_mixin.py:115} INFO - [2022-06-20 01:35:42,062] {dag.py:2371} INFO - Sync 1 DAGs
[2022-06-20 01:35:42,076] {logging_mixin.py:115} INFO - [2022-06-20 01:35:42,075] {dag.py:2919} INFO - Setting next_dagrun for listing_2_10 to 2022-06-06T00:00:00+00:00, run_after=2022-06-07T00:00:00+00:00
[2022-06-20 01:35:42,083] {processor.py:161} INFO - Processing /opt/airflow/dags/listing_2_10.py took 0.076 seconds
[2022-06-20 01:36:12,463] {processor.py:153} INFO - Started process (PID=477) to work on /opt/airflow/dags/listing_2_10.py
[2022-06-20 01:36:12,465] {processor.py:641} INFO - Processing file /opt/airflow/dags/listing_2_10.py for tasks to queue
[2022-06-20 01:36:12,466] {logging_mixin.py:115} INFO - [2022-06-20 01:36:12,466] {dagbag.py:507} INFO - Filling up the DagBag from /opt/airflow/dags/listing_2_10.py
[2022-06-20 01:36:12,475] {processor.py:651} INFO - DAG(s) dict_keys(['listing_2_10']) retrieved from /opt/airflow/dags/listing_2_10.py
[2022-06-20 01:36:12,492] {logging_mixin.py:115} INFO - [2022-06-20 01:36:12,492] {dag.py:2371} INFO - Sync 1 DAGs
[2022-06-20 01:36:12,504] {logging_mixin.py:115} INFO - [2022-06-20 01:36:12,504] {dag.py:2919} INFO - Setting next_dagrun for listing_2_10 to 2022-06-06T00:00:00+00:00, run_after=2022-06-07T00:00:00+00:00
[2022-06-20 01:36:12,510] {processor.py:161} INFO - Processing /opt/airflow/dags/listing_2_10.py took 0.049 seconds
[2022-06-20 01:36:43,229] {processor.py:153} INFO - Started process (PID=551) to work on /opt/airflow/dags/listing_2_10.py
[2022-06-20 01:36:43,232] {processor.py:641} INFO - Processing file /opt/airflow/dags/listing_2_10.py for tasks to queue
[2022-06-20 01:36:43,235] {logging_mixin.py:115} INFO - [2022-06-20 01:36:43,235] {dagbag.py:507} INFO - Filling up the DagBag from /opt/airflow/dags/listing_2_10.py
[2022-06-20 01:36:43,255] {processor.py:651} INFO - DAG(s) dict_keys(['listing_2_10']) retrieved from /opt/airflow/dags/listing_2_10.py
[2022-06-20 01:36:43,287] {logging_mixin.py:115} INFO - [2022-06-20 01:36:43,287] {dag.py:2371} INFO - Sync 1 DAGs
[2022-06-20 01:36:43,315] {logging_mixin.py:115} INFO - [2022-06-20 01:36:43,315] {dag.py:2919} INFO - Setting next_dagrun for listing_2_10 to 2022-06-06T00:00:00+00:00, run_after=2022-06-07T00:00:00+00:00
[2022-06-20 01:36:43,327] {processor.py:161} INFO - Processing /opt/airflow/dags/listing_2_10.py took 0.101 seconds
[2022-06-20 01:37:14,266] {processor.py:153} INFO - Started process (PID=626) to work on /opt/airflow/dags/listing_2_10.py
[2022-06-20 01:37:14,267] {processor.py:641} INFO - Processing file /opt/airflow/dags/listing_2_10.py for tasks to queue
[2022-06-20 01:37:14,270] {logging_mixin.py:115} INFO - [2022-06-20 01:37:14,270] {dagbag.py:507} INFO - Filling up the DagBag from /opt/airflow/dags/listing_2_10.py
[2022-06-20 01:37:14,283] {processor.py:651} INFO - DAG(s) dict_keys(['listing_2_10']) retrieved from /opt/airflow/dags/listing_2_10.py
[2022-06-20 01:37:14,305] {logging_mixin.py:115} INFO - [2022-06-20 01:37:14,305] {dag.py:2371} INFO - Sync 1 DAGs
[2022-06-20 01:37:14,320] {logging_mixin.py:115} INFO - [2022-06-20 01:37:14,320] {dag.py:2919} INFO - Setting next_dagrun for listing_2_10 to 2022-06-06T00:00:00+00:00, run_after=2022-06-07T00:00:00+00:00
[2022-06-20 01:37:14,331] {processor.py:161} INFO - Processing /opt/airflow/dags/listing_2_10.py took 0.067 seconds
[2022-06-20 01:37:44,624] {processor.py:153} INFO - Started process (PID=701) to work on /opt/airflow/dags/listing_2_10.py
[2022-06-20 01:37:44,625] {processor.py:641} INFO - Processing file /opt/airflow/dags/listing_2_10.py for tasks to queue
[2022-06-20 01:37:44,626] {logging_mixin.py:115} INFO - [2022-06-20 01:37:44,626] {dagbag.py:507} INFO - Filling up the DagBag from /opt/airflow/dags/listing_2_10.py
[2022-06-20 01:37:44,637] {processor.py:651} INFO - DAG(s) dict_keys(['listing_2_10']) retrieved from /opt/airflow/dags/listing_2_10.py
[2022-06-20 01:37:44,654] {logging_mixin.py:115} INFO - [2022-06-20 01:37:44,654] {dag.py:2371} INFO - Sync 1 DAGs
[2022-06-20 01:37:44,666] {logging_mixin.py:115} INFO - [2022-06-20 01:37:44,666] {dag.py:2919} INFO - Setting next_dagrun for listing_2_10 to 2022-06-06T00:00:00+00:00, run_after=2022-06-07T00:00:00+00:00
[2022-06-20 01:37:44,673] {processor.py:161} INFO - Processing /opt/airflow/dags/listing_2_10.py took 0.052 seconds
[2022-06-20 01:38:14,765] {processor.py:153} INFO - Started process (PID=776) to work on /opt/airflow/dags/listing_2_10.py
[2022-06-20 01:38:14,766] {processor.py:641} INFO - Processing file /opt/airflow/dags/listing_2_10.py for tasks to queue
[2022-06-20 01:38:14,767] {logging_mixin.py:115} INFO - [2022-06-20 01:38:14,767] {dagbag.py:507} INFO - Filling up the DagBag from /opt/airflow/dags/listing_2_10.py
[2022-06-20 01:38:14,778] {processor.py:651} INFO - DAG(s) dict_keys(['listing_2_10']) retrieved from /opt/airflow/dags/listing_2_10.py
[2022-06-20 01:38:14,790] {logging_mixin.py:115} INFO - [2022-06-20 01:38:14,790] {dag.py:2371} INFO - Sync 1 DAGs
[2022-06-20 01:38:14,805] {logging_mixin.py:115} INFO - [2022-06-20 01:38:14,805] {dag.py:2919} INFO - Setting next_dagrun for listing_2_10 to 2022-06-06T00:00:00+00:00, run_after=2022-06-07T00:00:00+00:00
[2022-06-20 01:38:14,814] {processor.py:161} INFO - Processing /opt/airflow/dags/listing_2_10.py took 0.052 seconds
[2022-06-20 01:38:45,113] {processor.py:153} INFO - Started process (PID=841) to work on /opt/airflow/dags/listing_2_10.py
[2022-06-20 01:38:45,114] {processor.py:641} INFO - Processing file /opt/airflow/dags/listing_2_10.py for tasks to queue
[2022-06-20 01:38:45,115] {logging_mixin.py:115} INFO - [2022-06-20 01:38:45,115] {dagbag.py:507} INFO - Filling up the DagBag from /opt/airflow/dags/listing_2_10.py
[2022-06-20 01:38:45,126] {processor.py:651} INFO - DAG(s) dict_keys(['listing_2_10']) retrieved from /opt/airflow/dags/listing_2_10.py
[2022-06-20 01:38:45,171] {logging_mixin.py:115} INFO - [2022-06-20 01:38:45,171] {dag.py:2371} INFO - Sync 1 DAGs
[2022-06-20 01:38:45,318] {logging_mixin.py:115} INFO - [2022-06-20 01:38:45,318] {dag.py:2919} INFO - Setting next_dagrun for listing_2_10 to 2022-06-06T00:00:00+00:00, run_after=2022-06-07T00:00:00+00:00
[2022-06-20 01:38:45,333] {processor.py:161} INFO - Processing /opt/airflow/dags/listing_2_10.py took 0.222 seconds
[2022-06-20 01:39:15,754] {processor.py:153} INFO - Started process (PID=941) to work on /opt/airflow/dags/listing_2_10.py
[2022-06-20 01:39:15,755] {processor.py:641} INFO - Processing file /opt/airflow/dags/listing_2_10.py for tasks to queue
[2022-06-20 01:39:15,757] {logging_mixin.py:115} INFO - [2022-06-20 01:39:15,757] {dagbag.py:507} INFO - Filling up the DagBag from /opt/airflow/dags/listing_2_10.py
[2022-06-20 01:39:15,772] {processor.py:651} INFO - DAG(s) dict_keys(['listing_2_10']) retrieved from /opt/airflow/dags/listing_2_10.py
[2022-06-20 01:39:15,793] {logging_mixin.py:115} INFO - [2022-06-20 01:39:15,793] {dag.py:2371} INFO - Sync 1 DAGs
[2022-06-20 01:39:15,812] {logging_mixin.py:115} INFO - [2022-06-20 01:39:15,812] {dag.py:2919} INFO - Setting next_dagrun for listing_2_10 to 2022-06-20T00:00:00+00:00, run_after=2022-06-21T00:00:00+00:00
[2022-06-20 01:39:15,822] {processor.py:161} INFO - Processing /opt/airflow/dags/listing_2_10.py took 0.070 seconds
[2022-06-20 01:39:46,316] {processor.py:153} INFO - Started process (PID=1016) to work on /opt/airflow/dags/listing_2_10.py
[2022-06-20 01:39:46,319] {processor.py:641} INFO - Processing file /opt/airflow/dags/listing_2_10.py for tasks to queue
[2022-06-20 01:39:46,322] {logging_mixin.py:115} INFO - [2022-06-20 01:39:46,322] {dagbag.py:507} INFO - Filling up the DagBag from /opt/airflow/dags/listing_2_10.py
[2022-06-20 01:39:46,344] {processor.py:651} INFO - DAG(s) dict_keys(['listing_2_10']) retrieved from /opt/airflow/dags/listing_2_10.py
[2022-06-20 01:39:46,361] {logging_mixin.py:115} INFO - [2022-06-20 01:39:46,361] {dag.py:2371} INFO - Sync 1 DAGs
[2022-06-20 01:39:46,401] {logging_mixin.py:115} INFO - [2022-06-20 01:39:46,400] {dag.py:2919} INFO - Setting next_dagrun for listing_2_10 to 2022-06-20T00:00:00+00:00, run_after=2022-06-21T00:00:00+00:00
[2022-06-20 01:39:46,415] {processor.py:161} INFO - Processing /opt/airflow/dags/listing_2_10.py took 0.102 seconds
[2022-06-20 01:40:16,876] {processor.py:153} INFO - Started process (PID=1087) to work on /opt/airflow/dags/listing_2_10.py
[2022-06-20 01:40:16,878] {processor.py:641} INFO - Processing file /opt/airflow/dags/listing_2_10.py for tasks to queue
[2022-06-20 01:40:16,879] {logging_mixin.py:115} INFO - [2022-06-20 01:40:16,879] {dagbag.py:507} INFO - Filling up the DagBag from /opt/airflow/dags/listing_2_10.py
[2022-06-20 01:40:16,889] {processor.py:651} INFO - DAG(s) dict_keys(['listing_2_10']) retrieved from /opt/airflow/dags/listing_2_10.py
[2022-06-20 01:40:16,931] {logging_mixin.py:115} INFO - [2022-06-20 01:40:16,931] {dag.py:2371} INFO - Sync 1 DAGs
[2022-06-20 01:40:17,026] {logging_mixin.py:115} INFO - [2022-06-20 01:40:17,026] {dag.py:2919} INFO - Setting next_dagrun for listing_2_10 to 2022-06-20T00:00:00+00:00, run_after=2022-06-21T00:00:00+00:00
[2022-06-20 01:40:17,039] {processor.py:161} INFO - Processing /opt/airflow/dags/listing_2_10.py took 0.165 seconds
[2022-06-20 01:40:47,808] {processor.py:153} INFO - Started process (PID=1162) to work on /opt/airflow/dags/listing_2_10.py
[2022-06-20 01:40:47,812] {processor.py:641} INFO - Processing file /opt/airflow/dags/listing_2_10.py for tasks to queue
[2022-06-20 01:40:47,815] {logging_mixin.py:115} INFO - [2022-06-20 01:40:47,814] {dagbag.py:507} INFO - Filling up the DagBag from /opt/airflow/dags/listing_2_10.py
[2022-06-20 01:40:47,841] {processor.py:651} INFO - DAG(s) dict_keys(['listing_2_10']) retrieved from /opt/airflow/dags/listing_2_10.py
[2022-06-20 01:40:47,871] {logging_mixin.py:115} INFO - [2022-06-20 01:40:47,871] {dag.py:2371} INFO - Sync 1 DAGs
[2022-06-20 01:40:47,895] {logging_mixin.py:115} INFO - [2022-06-20 01:40:47,894] {dag.py:2919} INFO - Setting next_dagrun for listing_2_10 to 2022-06-20T00:00:00+00:00, run_after=2022-06-21T00:00:00+00:00
[2022-06-20 01:40:47,904] {processor.py:161} INFO - Processing /opt/airflow/dags/listing_2_10.py took 0.101 seconds
[2022-06-20 01:41:18,479] {processor.py:153} INFO - Started process (PID=1234) to work on /opt/airflow/dags/listing_2_10.py
[2022-06-20 01:41:18,481] {processor.py:641} INFO - Processing file /opt/airflow/dags/listing_2_10.py for tasks to queue
[2022-06-20 01:41:18,482] {logging_mixin.py:115} INFO - [2022-06-20 01:41:18,482] {dagbag.py:507} INFO - Filling up the DagBag from /opt/airflow/dags/listing_2_10.py
[2022-06-20 01:41:18,492] {processor.py:651} INFO - DAG(s) dict_keys(['listing_2_10']) retrieved from /opt/airflow/dags/listing_2_10.py
[2022-06-20 01:41:18,510] {logging_mixin.py:115} INFO - [2022-06-20 01:41:18,509] {dag.py:2371} INFO - Sync 1 DAGs
[2022-06-20 01:41:18,523] {logging_mixin.py:115} INFO - [2022-06-20 01:41:18,523] {dag.py:2919} INFO - Setting next_dagrun for listing_2_10 to 2022-06-20T00:00:00+00:00, run_after=2022-06-21T00:00:00+00:00
[2022-06-20 01:41:18,530] {processor.py:161} INFO - Processing /opt/airflow/dags/listing_2_10.py took 0.053 seconds
[2022-06-20 01:41:49,400] {processor.py:153} INFO - Started process (PID=1296) to work on /opt/airflow/dags/listing_2_10.py
[2022-06-20 01:41:49,402] {processor.py:641} INFO - Processing file /opt/airflow/dags/listing_2_10.py for tasks to queue
[2022-06-20 01:41:49,404] {logging_mixin.py:115} INFO - [2022-06-20 01:41:49,404] {dagbag.py:507} INFO - Filling up the DagBag from /opt/airflow/dags/listing_2_10.py
[2022-06-20 01:41:49,423] {processor.py:651} INFO - DAG(s) dict_keys(['listing_2_10']) retrieved from /opt/airflow/dags/listing_2_10.py
[2022-06-20 01:41:49,454] {logging_mixin.py:115} INFO - [2022-06-20 01:41:49,454] {dag.py:2371} INFO - Sync 1 DAGs
[2022-06-20 01:41:49,469] {logging_mixin.py:115} INFO - [2022-06-20 01:41:49,469] {dag.py:2919} INFO - Setting next_dagrun for listing_2_10 to 2022-06-20T00:00:00+00:00, run_after=2022-06-21T00:00:00+00:00
[2022-06-20 01:41:49,481] {processor.py:161} INFO - Processing /opt/airflow/dags/listing_2_10.py took 0.086 seconds
[2022-06-20 01:42:20,281] {processor.py:153} INFO - Started process (PID=1373) to work on /opt/airflow/dags/listing_2_10.py
[2022-06-20 01:42:20,283] {processor.py:641} INFO - Processing file /opt/airflow/dags/listing_2_10.py for tasks to queue
[2022-06-20 01:42:20,285] {logging_mixin.py:115} INFO - [2022-06-20 01:42:20,285] {dagbag.py:507} INFO - Filling up the DagBag from /opt/airflow/dags/listing_2_10.py
[2022-06-20 01:42:20,295] {processor.py:651} INFO - DAG(s) dict_keys(['listing_2_10']) retrieved from /opt/airflow/dags/listing_2_10.py
[2022-06-20 01:42:20,312] {logging_mixin.py:115} INFO - [2022-06-20 01:42:20,312] {dag.py:2371} INFO - Sync 1 DAGs
[2022-06-20 01:42:20,325] {logging_mixin.py:115} INFO - [2022-06-20 01:42:20,325] {dag.py:2919} INFO - Setting next_dagrun for listing_2_10 to 2022-06-20T00:00:00+00:00, run_after=2022-06-21T00:00:00+00:00
[2022-06-20 01:42:20,332] {processor.py:161} INFO - Processing /opt/airflow/dags/listing_2_10.py took 0.053 seconds
[2022-06-20 01:42:51,058] {processor.py:153} INFO - Started process (PID=1444) to work on /opt/airflow/dags/listing_2_10.py
[2022-06-20 01:42:51,062] {processor.py:641} INFO - Processing file /opt/airflow/dags/listing_2_10.py for tasks to queue
[2022-06-20 01:42:51,066] {logging_mixin.py:115} INFO - [2022-06-20 01:42:51,066] {dagbag.py:507} INFO - Filling up the DagBag from /opt/airflow/dags/listing_2_10.py
[2022-06-20 01:42:51,105] {processor.py:651} INFO - DAG(s) dict_keys(['listing_2_10']) retrieved from /opt/airflow/dags/listing_2_10.py
[2022-06-20 01:42:51,154] {logging_mixin.py:115} INFO - [2022-06-20 01:42:51,154] {dag.py:2371} INFO - Sync 1 DAGs
[2022-06-20 01:42:52,092] {logging_mixin.py:115} INFO - [2022-06-20 01:42:52,092] {process_utils.py:240} INFO - Waiting up to 5 seconds for processes to exit...
[2022-06-20 01:50:25,882] {processor.py:153} INFO - Started process (PID=99) to work on /opt/airflow/dags/listing_2_10.py
[2022-06-20 01:50:25,884] {processor.py:641} INFO - Processing file /opt/airflow/dags/listing_2_10.py for tasks to queue
[2022-06-20 01:50:25,885] {logging_mixin.py:115} INFO - [2022-06-20 01:50:25,885] {dagbag.py:507} INFO - Filling up the DagBag from /opt/airflow/dags/listing_2_10.py
[2022-06-20 01:50:25,896] {processor.py:651} INFO - DAG(s) dict_keys(['listing_2_10']) retrieved from /opt/airflow/dags/listing_2_10.py
[2022-06-20 01:50:25,907] {logging_mixin.py:115} INFO - [2022-06-20 01:50:25,907] {dag.py:2371} INFO - Sync 1 DAGs
[2022-06-20 01:50:25,922] {logging_mixin.py:115} INFO - [2022-06-20 01:50:25,922] {dag.py:2919} INFO - Setting next_dagrun for listing_2_10 to 2022-06-06T00:00:00+00:00, run_after=2022-06-07T00:00:00+00:00
[2022-06-20 01:50:25,935] {processor.py:161} INFO - Processing /opt/airflow/dags/listing_2_10.py took 0.055 seconds
[2022-06-20 01:50:57,328] {processor.py:153} INFO - Started process (PID=188) to work on /opt/airflow/dags/listing_2_10.py
[2022-06-20 01:50:57,331] {processor.py:641} INFO - Processing file /opt/airflow/dags/listing_2_10.py for tasks to queue
[2022-06-20 01:50:57,336] {logging_mixin.py:115} INFO - [2022-06-20 01:50:57,336] {dagbag.py:507} INFO - Filling up the DagBag from /opt/airflow/dags/listing_2_10.py
[2022-06-20 01:50:57,357] {processor.py:651} INFO - DAG(s) dict_keys(['listing_2_10']) retrieved from /opt/airflow/dags/listing_2_10.py
[2022-06-20 01:50:57,616] {logging_mixin.py:115} INFO - [2022-06-20 01:50:57,616] {dag.py:2371} INFO - Sync 1 DAGs
[2022-06-20 01:50:57,631] {logging_mixin.py:115} INFO - [2022-06-20 01:50:57,631] {dag.py:2919} INFO - Setting next_dagrun for listing_2_10 to 2022-06-06T00:00:00+00:00, run_after=2022-06-07T00:00:00+00:00
[2022-06-20 01:50:57,655] {processor.py:161} INFO - Processing /opt/airflow/dags/listing_2_10.py took 0.330 seconds
[2022-06-20 01:51:28,015] {processor.py:153} INFO - Started process (PID=296) to work on /opt/airflow/dags/listing_2_10.py
[2022-06-20 01:51:28,016] {processor.py:641} INFO - Processing file /opt/airflow/dags/listing_2_10.py for tasks to queue
[2022-06-20 01:51:28,017] {logging_mixin.py:115} INFO - [2022-06-20 01:51:28,017] {dagbag.py:507} INFO - Filling up the DagBag from /opt/airflow/dags/listing_2_10.py
[2022-06-20 01:51:28,028] {processor.py:651} INFO - DAG(s) dict_keys(['listing_2_10']) retrieved from /opt/airflow/dags/listing_2_10.py
[2022-06-20 01:51:28,050] {logging_mixin.py:115} INFO - [2022-06-20 01:51:28,050] {dag.py:2371} INFO - Sync 1 DAGs
[2022-06-20 01:51:28,067] {logging_mixin.py:115} INFO - [2022-06-20 01:51:28,067] {dag.py:2919} INFO - Setting next_dagrun for listing_2_10 to 2022-06-06T00:00:00+00:00, run_after=2022-06-07T00:00:00+00:00
[2022-06-20 01:51:28,152] {processor.py:161} INFO - Processing /opt/airflow/dags/listing_2_10.py took 0.140 seconds
[2022-06-20 01:51:58,476] {processor.py:153} INFO - Started process (PID=385) to work on /opt/airflow/dags/listing_2_10.py
[2022-06-20 01:51:58,480] {processor.py:641} INFO - Processing file /opt/airflow/dags/listing_2_10.py for tasks to queue
[2022-06-20 01:51:58,483] {logging_mixin.py:115} INFO - [2022-06-20 01:51:58,483] {dagbag.py:507} INFO - Filling up the DagBag from /opt/airflow/dags/listing_2_10.py
[2022-06-20 01:51:58,502] {processor.py:651} INFO - DAG(s) dict_keys(['listing_2_10']) retrieved from /opt/airflow/dags/listing_2_10.py
[2022-06-20 01:51:58,521] {logging_mixin.py:115} INFO - [2022-06-20 01:51:58,521] {dag.py:2371} INFO - Sync 1 DAGs
[2022-06-20 01:51:58,540] {logging_mixin.py:115} INFO - [2022-06-20 01:51:58,540] {dag.py:2919} INFO - Setting next_dagrun for listing_2_10 to 2022-06-06T00:00:00+00:00, run_after=2022-06-07T00:00:00+00:00
[2022-06-20 01:51:58,554] {processor.py:161} INFO - Processing /opt/airflow/dags/listing_2_10.py took 0.081 seconds
[2022-06-20 01:52:29,391] {processor.py:153} INFO - Started process (PID=464) to work on /opt/airflow/dags/listing_2_10.py
[2022-06-20 01:52:29,393] {processor.py:641} INFO - Processing file /opt/airflow/dags/listing_2_10.py for tasks to queue
[2022-06-20 01:52:29,395] {logging_mixin.py:115} INFO - [2022-06-20 01:52:29,395] {dagbag.py:507} INFO - Filling up the DagBag from /opt/airflow/dags/listing_2_10.py
[2022-06-20 01:52:29,407] {processor.py:651} INFO - DAG(s) dict_keys(['listing_2_10']) retrieved from /opt/airflow/dags/listing_2_10.py
[2022-06-20 01:52:29,536] {logging_mixin.py:115} INFO - [2022-06-20 01:52:29,536] {dag.py:2371} INFO - Sync 1 DAGs
[2022-06-20 01:52:29,556] {logging_mixin.py:115} INFO - [2022-06-20 01:52:29,556] {dag.py:2919} INFO - Setting next_dagrun for listing_2_10 to 2022-06-06T00:00:00+00:00, run_after=2022-06-07T00:00:00+00:00
[2022-06-20 01:52:29,617] {processor.py:161} INFO - Processing /opt/airflow/dags/listing_2_10.py took 0.229 seconds
[2022-06-20 01:53:00,037] {processor.py:153} INFO - Started process (PID=553) to work on /opt/airflow/dags/listing_2_10.py
[2022-06-20 01:53:00,039] {processor.py:641} INFO - Processing file /opt/airflow/dags/listing_2_10.py for tasks to queue
[2022-06-20 01:53:00,040] {logging_mixin.py:115} INFO - [2022-06-20 01:53:00,040] {dagbag.py:507} INFO - Filling up the DagBag from /opt/airflow/dags/listing_2_10.py
[2022-06-20 01:53:00,049] {processor.py:651} INFO - DAG(s) dict_keys(['listing_2_10']) retrieved from /opt/airflow/dags/listing_2_10.py
[2022-06-20 01:53:00,068] {logging_mixin.py:115} INFO - [2022-06-20 01:53:00,068] {dag.py:2371} INFO - Sync 1 DAGs
[2022-06-20 01:53:00,085] {logging_mixin.py:115} INFO - [2022-06-20 01:53:00,085] {dag.py:2919} INFO - Setting next_dagrun for listing_2_10 to 2022-06-06T00:00:00+00:00, run_after=2022-06-07T00:00:00+00:00
[2022-06-20 01:53:00,181] {processor.py:161} INFO - Processing /opt/airflow/dags/listing_2_10.py took 0.146 seconds
[2022-06-20 01:53:30,792] {processor.py:153} INFO - Started process (PID=642) to work on /opt/airflow/dags/listing_2_10.py
[2022-06-20 01:53:30,794] {processor.py:641} INFO - Processing file /opt/airflow/dags/listing_2_10.py for tasks to queue
[2022-06-20 01:53:30,795] {logging_mixin.py:115} INFO - [2022-06-20 01:53:30,794] {dagbag.py:507} INFO - Filling up the DagBag from /opt/airflow/dags/listing_2_10.py
[2022-06-20 01:53:30,805] {processor.py:651} INFO - DAG(s) dict_keys(['listing_2_10']) retrieved from /opt/airflow/dags/listing_2_10.py
[2022-06-20 01:53:30,819] {logging_mixin.py:115} INFO - [2022-06-20 01:53:30,819] {dag.py:2371} INFO - Sync 1 DAGs
[2022-06-20 01:53:30,838] {logging_mixin.py:115} INFO - [2022-06-20 01:53:30,838] {dag.py:2919} INFO - Setting next_dagrun for listing_2_10 to 2022-06-06T00:00:00+00:00, run_after=2022-06-07T00:00:00+00:00
[2022-06-20 01:53:30,848] {processor.py:161} INFO - Processing /opt/airflow/dags/listing_2_10.py took 0.058 seconds
[2022-06-20 01:54:01,349] {processor.py:153} INFO - Started process (PID=731) to work on /opt/airflow/dags/listing_2_10.py
[2022-06-20 01:54:01,352] {processor.py:641} INFO - Processing file /opt/airflow/dags/listing_2_10.py for tasks to queue
[2022-06-20 01:54:01,354] {logging_mixin.py:115} INFO - [2022-06-20 01:54:01,354] {dagbag.py:507} INFO - Filling up the DagBag from /opt/airflow/dags/listing_2_10.py
[2022-06-20 01:54:01,364] {processor.py:651} INFO - DAG(s) dict_keys(['listing_2_10']) retrieved from /opt/airflow/dags/listing_2_10.py
[2022-06-20 01:54:01,491] {logging_mixin.py:115} INFO - [2022-06-20 01:54:01,491] {dag.py:2371} INFO - Sync 1 DAGs
[2022-06-20 01:54:01,504] {logging_mixin.py:115} INFO - [2022-06-20 01:54:01,504] {dag.py:2919} INFO - Setting next_dagrun for listing_2_10 to 2022-06-06T00:00:00+00:00, run_after=2022-06-07T00:00:00+00:00
[2022-06-20 01:54:01,515] {processor.py:161} INFO - Processing /opt/airflow/dags/listing_2_10.py took 0.168 seconds
[2022-06-20 01:54:31,760] {processor.py:153} INFO - Started process (PID=819) to work on /opt/airflow/dags/listing_2_10.py
[2022-06-20 01:54:31,762] {processor.py:641} INFO - Processing file /opt/airflow/dags/listing_2_10.py for tasks to queue
[2022-06-20 01:54:31,763] {logging_mixin.py:115} INFO - [2022-06-20 01:54:31,763] {dagbag.py:507} INFO - Filling up the DagBag from /opt/airflow/dags/listing_2_10.py
[2022-06-20 01:54:31,777] {processor.py:651} INFO - DAG(s) dict_keys(['listing_2_10']) retrieved from /opt/airflow/dags/listing_2_10.py
[2022-06-20 01:54:31,798] {logging_mixin.py:115} INFO - [2022-06-20 01:54:31,798] {dag.py:2371} INFO - Sync 1 DAGs
[2022-06-20 01:54:31,815] {logging_mixin.py:115} INFO - [2022-06-20 01:54:31,815] {dag.py:2919} INFO - Setting next_dagrun for listing_2_10 to 2022-06-06T00:00:00+00:00, run_after=2022-06-07T00:00:00+00:00
[2022-06-20 01:54:31,909] {processor.py:161} INFO - Processing /opt/airflow/dags/listing_2_10.py took 0.151 seconds
[2022-06-20 01:55:02,205] {processor.py:153} INFO - Started process (PID=910) to work on /opt/airflow/dags/listing_2_10.py
[2022-06-20 01:55:02,207] {processor.py:641} INFO - Processing file /opt/airflow/dags/listing_2_10.py for tasks to queue
[2022-06-20 01:55:02,208] {logging_mixin.py:115} INFO - [2022-06-20 01:55:02,208] {dagbag.py:507} INFO - Filling up the DagBag from /opt/airflow/dags/listing_2_10.py
[2022-06-20 01:55:02,218] {processor.py:651} INFO - DAG(s) dict_keys(['listing_2_10']) retrieved from /opt/airflow/dags/listing_2_10.py
[2022-06-20 01:55:02,229] {logging_mixin.py:115} INFO - [2022-06-20 01:55:02,229] {dag.py:2371} INFO - Sync 1 DAGs
[2022-06-20 01:55:02,244] {logging_mixin.py:115} INFO - [2022-06-20 01:55:02,244] {dag.py:2919} INFO - Setting next_dagrun for listing_2_10 to 2022-06-06T00:00:00+00:00, run_after=2022-06-07T00:00:00+00:00
[2022-06-20 01:55:02,255] {processor.py:161} INFO - Processing /opt/airflow/dags/listing_2_10.py took 0.051 seconds
[2022-06-20 01:55:33,088] {processor.py:153} INFO - Started process (PID=997) to work on /opt/airflow/dags/listing_2_10.py
[2022-06-20 01:55:33,090] {processor.py:641} INFO - Processing file /opt/airflow/dags/listing_2_10.py for tasks to queue
[2022-06-20 01:55:33,091] {logging_mixin.py:115} INFO - [2022-06-20 01:55:33,091] {dagbag.py:507} INFO - Filling up the DagBag from /opt/airflow/dags/listing_2_10.py
[2022-06-20 01:55:33,104] {processor.py:651} INFO - DAG(s) dict_keys(['listing_2_10']) retrieved from /opt/airflow/dags/listing_2_10.py
[2022-06-20 01:55:33,233] {logging_mixin.py:115} INFO - [2022-06-20 01:55:33,233] {dag.py:2371} INFO - Sync 1 DAGs
[2022-06-20 01:55:33,247] {logging_mixin.py:115} INFO - [2022-06-20 01:55:33,247] {dag.py:2919} INFO - Setting next_dagrun for listing_2_10 to 2022-06-06T00:00:00+00:00, run_after=2022-06-07T00:00:00+00:00
[2022-06-20 01:55:33,260] {processor.py:161} INFO - Processing /opt/airflow/dags/listing_2_10.py took 0.174 seconds
[2022-06-20 01:56:03,723] {processor.py:153} INFO - Started process (PID=1078) to work on /opt/airflow/dags/listing_2_10.py
[2022-06-20 01:56:03,725] {processor.py:641} INFO - Processing file /opt/airflow/dags/listing_2_10.py for tasks to queue
[2022-06-20 01:56:03,726] {logging_mixin.py:115} INFO - [2022-06-20 01:56:03,726] {dagbag.py:507} INFO - Filling up the DagBag from /opt/airflow/dags/listing_2_10.py
[2022-06-20 01:56:03,737] {processor.py:651} INFO - DAG(s) dict_keys(['listing_2_10']) retrieved from /opt/airflow/dags/listing_2_10.py
[2022-06-20 01:56:03,754] {logging_mixin.py:115} INFO - [2022-06-20 01:56:03,754] {dag.py:2371} INFO - Sync 1 DAGs
[2022-06-20 01:56:03,834] {logging_mixin.py:115} INFO - [2022-06-20 01:56:03,834] {dag.py:2919} INFO - Setting next_dagrun for listing_2_10 to 2022-06-06T00:00:00+00:00, run_after=2022-06-07T00:00:00+00:00
[2022-06-20 01:56:03,841] {processor.py:161} INFO - Processing /opt/airflow/dags/listing_2_10.py took 0.120 seconds
[2022-06-20 01:56:34,092] {processor.py:153} INFO - Started process (PID=1167) to work on /opt/airflow/dags/listing_2_10.py
[2022-06-20 01:56:34,094] {processor.py:641} INFO - Processing file /opt/airflow/dags/listing_2_10.py for tasks to queue
[2022-06-20 01:56:34,095] {logging_mixin.py:115} INFO - [2022-06-20 01:56:34,095] {dagbag.py:507} INFO - Filling up the DagBag from /opt/airflow/dags/listing_2_10.py
[2022-06-20 01:56:34,106] {processor.py:651} INFO - DAG(s) dict_keys(['listing_2_10']) retrieved from /opt/airflow/dags/listing_2_10.py
[2022-06-20 01:56:34,119] {logging_mixin.py:115} INFO - [2022-06-20 01:56:34,118] {dag.py:2371} INFO - Sync 1 DAGs
[2022-06-20 01:56:34,136] {logging_mixin.py:115} INFO - [2022-06-20 01:56:34,136] {dag.py:2919} INFO - Setting next_dagrun for listing_2_10 to 2022-06-06T00:00:00+00:00, run_after=2022-06-07T00:00:00+00:00
[2022-06-20 01:56:34,216] {processor.py:161} INFO - Processing /opt/airflow/dags/listing_2_10.py took 0.127 seconds
[2022-06-20 01:57:04,264] {processor.py:153} INFO - Started process (PID=1256) to work on /opt/airflow/dags/listing_2_10.py
[2022-06-20 01:57:04,265] {processor.py:641} INFO - Processing file /opt/airflow/dags/listing_2_10.py for tasks to queue
[2022-06-20 01:57:04,266] {logging_mixin.py:115} INFO - [2022-06-20 01:57:04,266] {dagbag.py:507} INFO - Filling up the DagBag from /opt/airflow/dags/listing_2_10.py
[2022-06-20 01:57:04,276] {processor.py:651} INFO - DAG(s) dict_keys(['listing_2_10']) retrieved from /opt/airflow/dags/listing_2_10.py
[2022-06-20 01:57:04,382] {logging_mixin.py:115} INFO - [2022-06-20 01:57:04,382] {dag.py:2371} INFO - Sync 1 DAGs
[2022-06-20 01:57:04,398] {logging_mixin.py:115} INFO - [2022-06-20 01:57:04,398] {dag.py:2919} INFO - Setting next_dagrun for listing_2_10 to 2022-06-06T00:00:00+00:00, run_after=2022-06-07T00:00:00+00:00
[2022-06-20 01:57:04,417] {processor.py:161} INFO - Processing /opt/airflow/dags/listing_2_10.py took 0.155 seconds
[2022-06-20 01:57:34,949] {processor.py:153} INFO - Started process (PID=1345) to work on /opt/airflow/dags/listing_2_10.py
[2022-06-20 01:57:34,950] {processor.py:641} INFO - Processing file /opt/airflow/dags/listing_2_10.py for tasks to queue
[2022-06-20 01:57:34,955] {logging_mixin.py:115} INFO - [2022-06-20 01:57:34,955] {dagbag.py:507} INFO - Filling up the DagBag from /opt/airflow/dags/listing_2_10.py
[2022-06-20 01:57:34,971] {processor.py:651} INFO - DAG(s) dict_keys(['listing_2_10']) retrieved from /opt/airflow/dags/listing_2_10.py
[2022-06-20 01:57:35,027] {logging_mixin.py:115} INFO - [2022-06-20 01:57:35,027] {dag.py:2371} INFO - Sync 1 DAGs
[2022-06-20 01:57:35,145] {logging_mixin.py:115} INFO - [2022-06-20 01:57:35,144] {dag.py:2919} INFO - Setting next_dagrun for listing_2_10 to 2022-06-06T00:00:00+00:00, run_after=2022-06-07T00:00:00+00:00
[2022-06-20 01:57:35,154] {processor.py:161} INFO - Processing /opt/airflow/dags/listing_2_10.py took 0.208 seconds
[2022-06-20 01:58:05,966] {processor.py:153} INFO - Started process (PID=1434) to work on /opt/airflow/dags/listing_2_10.py
[2022-06-20 01:58:05,968] {processor.py:641} INFO - Processing file /opt/airflow/dags/listing_2_10.py for tasks to queue
[2022-06-20 01:58:05,969] {logging_mixin.py:115} INFO - [2022-06-20 01:58:05,969] {dagbag.py:507} INFO - Filling up the DagBag from /opt/airflow/dags/listing_2_10.py
[2022-06-20 01:58:05,979] {processor.py:651} INFO - DAG(s) dict_keys(['listing_2_10']) retrieved from /opt/airflow/dags/listing_2_10.py
[2022-06-20 01:58:05,991] {logging_mixin.py:115} INFO - [2022-06-20 01:58:05,991] {dag.py:2371} INFO - Sync 1 DAGs
[2022-06-20 01:58:06,007] {logging_mixin.py:115} INFO - [2022-06-20 01:58:06,007] {dag.py:2919} INFO - Setting next_dagrun for listing_2_10 to 2022-06-06T00:00:00+00:00, run_after=2022-06-07T00:00:00+00:00
[2022-06-20 01:58:06,097] {processor.py:161} INFO - Processing /opt/airflow/dags/listing_2_10.py took 0.132 seconds
[2022-06-20 01:58:36,892] {processor.py:153} INFO - Started process (PID=1513) to work on /opt/airflow/dags/listing_2_10.py
[2022-06-20 01:58:36,895] {processor.py:641} INFO - Processing file /opt/airflow/dags/listing_2_10.py for tasks to queue
[2022-06-20 01:58:36,897] {logging_mixin.py:115} INFO - [2022-06-20 01:58:36,897] {dagbag.py:507} INFO - Filling up the DagBag from /opt/airflow/dags/listing_2_10.py
[2022-06-20 01:58:36,919] {processor.py:651} INFO - DAG(s) dict_keys(['listing_2_10']) retrieved from /opt/airflow/dags/listing_2_10.py
[2022-06-20 01:58:37,083] {logging_mixin.py:115} INFO - [2022-06-20 01:58:37,083] {dag.py:2371} INFO - Sync 1 DAGs
[2022-06-20 01:58:37,098] {logging_mixin.py:115} INFO - [2022-06-20 01:58:37,098] {dag.py:2919} INFO - Setting next_dagrun for listing_2_10 to 2022-06-06T00:00:00+00:00, run_after=2022-06-07T00:00:00+00:00
[2022-06-20 01:58:37,110] {processor.py:161} INFO - Processing /opt/airflow/dags/listing_2_10.py took 0.220 seconds
[2022-06-20 01:59:07,346] {processor.py:153} INFO - Started process (PID=1602) to work on /opt/airflow/dags/listing_2_10.py
[2022-06-20 01:59:07,348] {processor.py:641} INFO - Processing file /opt/airflow/dags/listing_2_10.py for tasks to queue
[2022-06-20 01:59:07,350] {logging_mixin.py:115} INFO - [2022-06-20 01:59:07,350] {dagbag.py:507} INFO - Filling up the DagBag from /opt/airflow/dags/listing_2_10.py
[2022-06-20 01:59:07,361] {processor.py:651} INFO - DAG(s) dict_keys(['listing_2_10']) retrieved from /opt/airflow/dags/listing_2_10.py
[2022-06-20 01:59:07,380] {logging_mixin.py:115} INFO - [2022-06-20 01:59:07,380] {dag.py:2371} INFO - Sync 1 DAGs
[2022-06-20 01:59:07,484] {logging_mixin.py:115} INFO - [2022-06-20 01:59:07,484] {dag.py:2919} INFO - Setting next_dagrun for listing_2_10 to 2022-06-06T00:00:00+00:00, run_after=2022-06-07T00:00:00+00:00
[2022-06-20 01:59:07,490] {processor.py:161} INFO - Processing /opt/airflow/dags/listing_2_10.py took 0.147 seconds
[2022-06-20 01:59:38,024] {processor.py:153} INFO - Started process (PID=1691) to work on /opt/airflow/dags/listing_2_10.py
[2022-06-20 01:59:38,025] {processor.py:641} INFO - Processing file /opt/airflow/dags/listing_2_10.py for tasks to queue
[2022-06-20 01:59:38,026] {logging_mixin.py:115} INFO - [2022-06-20 01:59:38,026] {dagbag.py:507} INFO - Filling up the DagBag from /opt/airflow/dags/listing_2_10.py
[2022-06-20 01:59:38,038] {processor.py:651} INFO - DAG(s) dict_keys(['listing_2_10']) retrieved from /opt/airflow/dags/listing_2_10.py
[2022-06-20 01:59:38,052] {logging_mixin.py:115} INFO - [2022-06-20 01:59:38,052] {dag.py:2371} INFO - Sync 1 DAGs
[2022-06-20 01:59:38,068] {logging_mixin.py:115} INFO - [2022-06-20 01:59:38,068] {dag.py:2919} INFO - Setting next_dagrun for listing_2_10 to 2022-06-06T00:00:00+00:00, run_after=2022-06-07T00:00:00+00:00
[2022-06-20 01:59:38,155] {processor.py:161} INFO - Processing /opt/airflow/dags/listing_2_10.py took 0.133 seconds
[2022-06-20 02:00:08,809] {processor.py:153} INFO - Started process (PID=1778) to work on /opt/airflow/dags/listing_2_10.py
[2022-06-20 02:00:08,811] {processor.py:641} INFO - Processing file /opt/airflow/dags/listing_2_10.py for tasks to queue
[2022-06-20 02:00:08,812] {logging_mixin.py:115} INFO - [2022-06-20 02:00:08,812] {dagbag.py:507} INFO - Filling up the DagBag from /opt/airflow/dags/listing_2_10.py
[2022-06-20 02:00:08,823] {processor.py:651} INFO - DAG(s) dict_keys(['listing_2_10']) retrieved from /opt/airflow/dags/listing_2_10.py
[2022-06-20 02:00:08,945] {logging_mixin.py:115} INFO - [2022-06-20 02:00:08,945] {dag.py:2371} INFO - Sync 1 DAGs
[2022-06-20 02:00:08,959] {logging_mixin.py:115} INFO - [2022-06-20 02:00:08,958] {dag.py:2919} INFO - Setting next_dagrun for listing_2_10 to 2022-06-06T00:00:00+00:00, run_after=2022-06-07T00:00:00+00:00
[2022-06-20 02:00:08,971] {processor.py:161} INFO - Processing /opt/airflow/dags/listing_2_10.py took 0.164 seconds
[2022-06-20 02:00:39,491] {processor.py:153} INFO - Started process (PID=1868) to work on /opt/airflow/dags/listing_2_10.py
[2022-06-20 02:00:39,495] {processor.py:641} INFO - Processing file /opt/airflow/dags/listing_2_10.py for tasks to queue
[2022-06-20 02:00:39,496] {logging_mixin.py:115} INFO - [2022-06-20 02:00:39,496] {dagbag.py:507} INFO - Filling up the DagBag from /opt/airflow/dags/listing_2_10.py
[2022-06-20 02:00:39,507] {processor.py:651} INFO - DAG(s) dict_keys(['listing_2_10']) retrieved from /opt/airflow/dags/listing_2_10.py
[2022-06-20 02:00:39,527] {logging_mixin.py:115} INFO - [2022-06-20 02:00:39,527] {dag.py:2371} INFO - Sync 1 DAGs
[2022-06-20 02:00:39,622] {logging_mixin.py:115} INFO - [2022-06-20 02:00:39,622] {dag.py:2919} INFO - Setting next_dagrun for listing_2_10 to 2022-06-06T00:00:00+00:00, run_after=2022-06-07T00:00:00+00:00
[2022-06-20 02:00:39,630] {processor.py:161} INFO - Processing /opt/airflow/dags/listing_2_10.py took 0.141 seconds
[2022-06-20 02:01:09,961] {processor.py:153} INFO - Started process (PID=1956) to work on /opt/airflow/dags/listing_2_10.py
[2022-06-20 02:01:09,963] {processor.py:641} INFO - Processing file /opt/airflow/dags/listing_2_10.py for tasks to queue
[2022-06-20 02:01:09,964] {logging_mixin.py:115} INFO - [2022-06-20 02:01:09,964] {dagbag.py:507} INFO - Filling up the DagBag from /opt/airflow/dags/listing_2_10.py
[2022-06-20 02:01:09,977] {processor.py:651} INFO - DAG(s) dict_keys(['listing_2_10']) retrieved from /opt/airflow/dags/listing_2_10.py
[2022-06-20 02:01:09,990] {logging_mixin.py:115} INFO - [2022-06-20 02:01:09,990] {dag.py:2371} INFO - Sync 1 DAGs
[2022-06-20 02:01:10,080] {logging_mixin.py:115} INFO - [2022-06-20 02:01:10,080] {dag.py:2919} INFO - Setting next_dagrun for listing_2_10 to 2022-06-06T00:00:00+00:00, run_after=2022-06-07T00:00:00+00:00
[2022-06-20 02:01:10,089] {processor.py:161} INFO - Processing /opt/airflow/dags/listing_2_10.py took 0.130 seconds
[2022-06-20 02:01:40,657] {processor.py:153} INFO - Started process (PID=2040) to work on /opt/airflow/dags/listing_2_10.py
[2022-06-20 02:01:40,660] {processor.py:641} INFO - Processing file /opt/airflow/dags/listing_2_10.py for tasks to queue
[2022-06-20 02:01:40,662] {logging_mixin.py:115} INFO - [2022-06-20 02:01:40,662] {dagbag.py:507} INFO - Filling up the DagBag from /opt/airflow/dags/listing_2_10.py
[2022-06-20 02:01:40,678] {processor.py:651} INFO - DAG(s) dict_keys(['listing_2_10']) retrieved from /opt/airflow/dags/listing_2_10.py
[2022-06-20 02:01:40,808] {logging_mixin.py:115} INFO - [2022-06-20 02:01:40,808] {dag.py:2371} INFO - Sync 1 DAGs
[2022-06-20 02:01:40,823] {logging_mixin.py:115} INFO - [2022-06-20 02:01:40,823] {dag.py:2919} INFO - Setting next_dagrun for listing_2_10 to 2022-06-06T00:00:00+00:00, run_after=2022-06-07T00:00:00+00:00
[2022-06-20 02:01:40,833] {processor.py:161} INFO - Processing /opt/airflow/dags/listing_2_10.py took 0.178 seconds
[2022-06-20 02:02:11,198] {processor.py:153} INFO - Started process (PID=2123) to work on /opt/airflow/dags/listing_2_10.py
[2022-06-20 02:02:11,200] {processor.py:641} INFO - Processing file /opt/airflow/dags/listing_2_10.py for tasks to queue
[2022-06-20 02:02:11,201] {logging_mixin.py:115} INFO - [2022-06-20 02:02:11,201] {dagbag.py:507} INFO - Filling up the DagBag from /opt/airflow/dags/listing_2_10.py
[2022-06-20 02:02:11,210] {processor.py:651} INFO - DAG(s) dict_keys(['listing_2_10']) retrieved from /opt/airflow/dags/listing_2_10.py
[2022-06-20 02:02:11,230] {logging_mixin.py:115} INFO - [2022-06-20 02:02:11,230] {dag.py:2371} INFO - Sync 1 DAGs
[2022-06-20 02:02:11,336] {logging_mixin.py:115} INFO - [2022-06-20 02:02:11,336] {dag.py:2919} INFO - Setting next_dagrun for listing_2_10 to 2022-06-06T00:00:00+00:00, run_after=2022-06-07T00:00:00+00:00
[2022-06-20 02:02:11,348] {processor.py:161} INFO - Processing /opt/airflow/dags/listing_2_10.py took 0.152 seconds
[2022-06-20 02:02:42,084] {processor.py:153} INFO - Started process (PID=2212) to work on /opt/airflow/dags/listing_2_10.py
[2022-06-20 02:02:42,086] {processor.py:641} INFO - Processing file /opt/airflow/dags/listing_2_10.py for tasks to queue
[2022-06-20 02:02:42,087] {logging_mixin.py:115} INFO - [2022-06-20 02:02:42,087] {dagbag.py:507} INFO - Filling up the DagBag from /opt/airflow/dags/listing_2_10.py
[2022-06-20 02:02:42,096] {processor.py:651} INFO - DAG(s) dict_keys(['listing_2_10']) retrieved from /opt/airflow/dags/listing_2_10.py
[2022-06-20 02:02:42,106] {logging_mixin.py:115} INFO - [2022-06-20 02:02:42,106] {dag.py:2371} INFO - Sync 1 DAGs
[2022-06-20 02:02:42,200] {logging_mixin.py:115} INFO - [2022-06-20 02:02:42,200] {dag.py:2919} INFO - Setting next_dagrun for listing_2_10 to 2022-06-06T00:00:00+00:00, run_after=2022-06-07T00:00:00+00:00
[2022-06-20 02:02:42,206] {processor.py:161} INFO - Processing /opt/airflow/dags/listing_2_10.py took 0.124 seconds
[2022-06-20 02:03:12,631] {processor.py:153} INFO - Started process (PID=2301) to work on /opt/airflow/dags/listing_2_10.py
[2022-06-20 02:03:12,633] {processor.py:641} INFO - Processing file /opt/airflow/dags/listing_2_10.py for tasks to queue
[2022-06-20 02:03:12,634] {logging_mixin.py:115} INFO - [2022-06-20 02:03:12,634] {dagbag.py:507} INFO - Filling up the DagBag from /opt/airflow/dags/listing_2_10.py
[2022-06-20 02:03:12,644] {processor.py:651} INFO - DAG(s) dict_keys(['listing_2_10']) retrieved from /opt/airflow/dags/listing_2_10.py
[2022-06-20 02:03:12,744] {logging_mixin.py:115} INFO - [2022-06-20 02:03:12,744] {dag.py:2371} INFO - Sync 1 DAGs
[2022-06-20 02:03:12,754] {logging_mixin.py:115} INFO - [2022-06-20 02:03:12,754] {dag.py:2919} INFO - Setting next_dagrun for listing_2_10 to 2022-06-06T00:00:00+00:00, run_after=2022-06-07T00:00:00+00:00
[2022-06-20 02:03:12,761] {processor.py:161} INFO - Processing /opt/airflow/dags/listing_2_10.py took 0.132 seconds
[2022-06-20 02:03:43,244] {processor.py:153} INFO - Started process (PID=2390) to work on /opt/airflow/dags/listing_2_10.py
[2022-06-20 02:03:43,245] {processor.py:641} INFO - Processing file /opt/airflow/dags/listing_2_10.py for tasks to queue
[2022-06-20 02:03:43,247] {logging_mixin.py:115} INFO - [2022-06-20 02:03:43,247] {dagbag.py:507} INFO - Filling up the DagBag from /opt/airflow/dags/listing_2_10.py
[2022-06-20 02:03:43,258] {processor.py:651} INFO - DAG(s) dict_keys(['listing_2_10']) retrieved from /opt/airflow/dags/listing_2_10.py
[2022-06-20 02:03:43,280] {logging_mixin.py:115} INFO - [2022-06-20 02:03:43,280] {dag.py:2371} INFO - Sync 1 DAGs
[2022-06-20 02:03:43,364] {logging_mixin.py:115} INFO - [2022-06-20 02:03:43,364] {dag.py:2919} INFO - Setting next_dagrun for listing_2_10 to 2022-06-06T00:00:00+00:00, run_after=2022-06-07T00:00:00+00:00
[2022-06-20 02:03:43,371] {processor.py:161} INFO - Processing /opt/airflow/dags/listing_2_10.py took 0.130 seconds
[2022-06-20 02:04:13,967] {processor.py:153} INFO - Started process (PID=2480) to work on /opt/airflow/dags/listing_2_10.py
[2022-06-20 02:04:13,969] {processor.py:641} INFO - Processing file /opt/airflow/dags/listing_2_10.py for tasks to queue
[2022-06-20 02:04:13,970] {logging_mixin.py:115} INFO - [2022-06-20 02:04:13,970] {dagbag.py:507} INFO - Filling up the DagBag from /opt/airflow/dags/listing_2_10.py
[2022-06-20 02:04:13,985] {processor.py:651} INFO - DAG(s) dict_keys(['listing_2_10']) retrieved from /opt/airflow/dags/listing_2_10.py
[2022-06-20 02:04:14,010] {logging_mixin.py:115} INFO - [2022-06-20 02:04:14,010] {dag.py:2371} INFO - Sync 1 DAGs
[2022-06-20 02:04:14,122] {logging_mixin.py:115} INFO - [2022-06-20 02:04:14,122] {dag.py:2919} INFO - Setting next_dagrun for listing_2_10 to 2022-06-06T00:00:00+00:00, run_after=2022-06-07T00:00:00+00:00
[2022-06-20 02:04:14,136] {processor.py:161} INFO - Processing /opt/airflow/dags/listing_2_10.py took 0.171 seconds
[2022-06-20 02:04:44,618] {processor.py:153} INFO - Started process (PID=2570) to work on /opt/airflow/dags/listing_2_10.py
[2022-06-20 02:04:44,620] {processor.py:641} INFO - Processing file /opt/airflow/dags/listing_2_10.py for tasks to queue
[2022-06-20 02:04:44,622] {logging_mixin.py:115} INFO - [2022-06-20 02:04:44,622] {dagbag.py:507} INFO - Filling up the DagBag from /opt/airflow/dags/listing_2_10.py
[2022-06-20 02:04:44,639] {processor.py:651} INFO - DAG(s) dict_keys(['listing_2_10']) retrieved from /opt/airflow/dags/listing_2_10.py
[2022-06-20 02:04:44,775] {logging_mixin.py:115} INFO - [2022-06-20 02:04:44,775] {dag.py:2371} INFO - Sync 1 DAGs
[2022-06-20 02:04:44,790] {logging_mixin.py:115} INFO - [2022-06-20 02:04:44,790] {dag.py:2919} INFO - Setting next_dagrun for listing_2_10 to 2022-06-06T00:00:00+00:00, run_after=2022-06-07T00:00:00+00:00
[2022-06-20 02:04:44,802] {processor.py:161} INFO - Processing /opt/airflow/dags/listing_2_10.py took 0.186 seconds
[2022-06-20 02:05:16,101] {processor.py:153} INFO - Started process (PID=2650) to work on /opt/airflow/dags/listing_2_10.py
[2022-06-20 02:05:16,103] {processor.py:641} INFO - Processing file /opt/airflow/dags/listing_2_10.py for tasks to queue
[2022-06-20 02:05:16,104] {logging_mixin.py:115} INFO - [2022-06-20 02:05:16,104] {dagbag.py:507} INFO - Filling up the DagBag from /opt/airflow/dags/listing_2_10.py
[2022-06-20 02:05:16,117] {processor.py:651} INFO - DAG(s) dict_keys(['listing_2_10']) retrieved from /opt/airflow/dags/listing_2_10.py
[2022-06-20 02:05:16,140] {logging_mixin.py:115} INFO - [2022-06-20 02:05:16,140] {dag.py:2371} INFO - Sync 1 DAGs
[2022-06-20 02:05:16,260] {logging_mixin.py:115} INFO - [2022-06-20 02:05:16,260] {dag.py:2919} INFO - Setting next_dagrun for listing_2_10 to 2022-06-06T00:00:00+00:00, run_after=2022-06-07T00:00:00+00:00
[2022-06-20 02:05:16,272] {processor.py:161} INFO - Processing /opt/airflow/dags/listing_2_10.py took 0.173 seconds
