[2022-06-20 01:19:33,155] {processor.py:153} INFO - Started process (PID=57) to work on /opt/airflow/dags/running_time_con_timeout.py
[2022-06-20 01:19:33,158] {processor.py:641} INFO - Processing file /opt/airflow/dags/running_time_con_timeout.py for tasks to queue
[2022-06-20 01:19:33,162] {logging_mixin.py:115} INFO - [2022-06-20 01:19:33,162] {dagbag.py:507} INFO - Filling up the DagBag from /opt/airflow/dags/running_time_con_timeout.py
[2022-06-20 01:19:33,196] {processor.py:651} INFO - DAG(s) dict_keys(['running_controller_timeout']) retrieved from /opt/airflow/dags/running_time_con_timeout.py
[2022-06-20 01:19:33,241] {logging_mixin.py:115} INFO - [2022-06-20 01:19:33,241] {dag.py:2371} INFO - Sync 1 DAGs
[2022-06-20 01:19:33,275] {logging_mixin.py:115} INFO - [2022-06-20 01:19:33,275] {dag.py:2919} INFO - Setting next_dagrun for running_controller_timeout to 2022-06-19T01:19:33.275423+00:00, run_after=2022-06-20T01:19:33.275423+00:00
[2022-06-20 01:19:33,298] {processor.py:161} INFO - Processing /opt/airflow/dags/running_time_con_timeout.py took 0.153 seconds
[2022-06-20 01:22:34,912] {processor.py:153} INFO - Started process (PID=56) to work on /opt/airflow/dags/running_time_con_timeout.py
[2022-06-20 01:22:34,916] {processor.py:641} INFO - Processing file /opt/airflow/dags/running_time_con_timeout.py for tasks to queue
[2022-06-20 01:22:34,920] {logging_mixin.py:115} INFO - [2022-06-20 01:22:34,919] {dagbag.py:507} INFO - Filling up the DagBag from /opt/airflow/dags/running_time_con_timeout.py
[2022-06-20 01:22:34,948] {processor.py:651} INFO - DAG(s) dict_keys(['running_controller_timeout']) retrieved from /opt/airflow/dags/running_time_con_timeout.py
[2022-06-20 01:22:35,049] {logging_mixin.py:115} INFO - [2022-06-20 01:22:35,049] {manager.py:508} INFO - Created Permission View: can delete on DAG:running_controller_timeout
[2022-06-20 01:22:35,063] {logging_mixin.py:115} INFO - [2022-06-20 01:22:35,062] {manager.py:508} INFO - Created Permission View: can read on DAG:running_controller_timeout
[2022-06-20 01:22:35,094] {logging_mixin.py:115} INFO - [2022-06-20 01:22:35,093] {manager.py:508} INFO - Created Permission View: can edit on DAG:running_controller_timeout
[2022-06-20 01:22:35,096] {logging_mixin.py:115} INFO - [2022-06-20 01:22:35,096] {dag.py:2371} INFO - Sync 1 DAGs
[2022-06-20 01:22:35,110] {logging_mixin.py:115} INFO - [2022-06-20 01:22:35,110] {dag.py:2390} INFO - Creating ORM DAG for running_controller_timeout
[2022-06-20 01:22:35,341] {logging_mixin.py:115} INFO - [2022-06-20 01:22:35,340] {dag.py:2919} INFO - Setting next_dagrun for running_controller_timeout to 2022-06-19T01:22:35.340169+00:00, run_after=2022-06-20T01:22:35.340169+00:00
[2022-06-20 01:22:35,385] {processor.py:161} INFO - Processing /opt/airflow/dags/running_time_con_timeout.py took 0.479 seconds
[2022-06-20 01:23:06,135] {processor.py:153} INFO - Started process (PID=129) to work on /opt/airflow/dags/running_time_con_timeout.py
[2022-06-20 01:23:06,138] {processor.py:641} INFO - Processing file /opt/airflow/dags/running_time_con_timeout.py for tasks to queue
[2022-06-20 01:23:06,140] {logging_mixin.py:115} INFO - [2022-06-20 01:23:06,140] {dagbag.py:507} INFO - Filling up the DagBag from /opt/airflow/dags/running_time_con_timeout.py
[2022-06-20 01:23:06,155] {processor.py:651} INFO - DAG(s) dict_keys(['running_controller_timeout']) retrieved from /opt/airflow/dags/running_time_con_timeout.py
[2022-06-20 01:23:06,177] {logging_mixin.py:115} INFO - [2022-06-20 01:23:06,177] {dag.py:2371} INFO - Sync 1 DAGs
[2022-06-20 01:23:06,190] {logging_mixin.py:115} INFO - [2022-06-20 01:23:06,190] {dag.py:2919} INFO - Setting next_dagrun for running_controller_timeout to 2022-06-19T01:23:06.190491+00:00, run_after=2022-06-20T01:23:06.190491+00:00
[2022-06-20 01:23:06,200] {processor.py:161} INFO - Processing /opt/airflow/dags/running_time_con_timeout.py took 0.072 seconds
[2022-06-20 01:23:36,350] {processor.py:153} INFO - Started process (PID=199) to work on /opt/airflow/dags/running_time_con_timeout.py
[2022-06-20 01:23:36,351] {processor.py:641} INFO - Processing file /opt/airflow/dags/running_time_con_timeout.py for tasks to queue
[2022-06-20 01:23:36,353] {logging_mixin.py:115} INFO - [2022-06-20 01:23:36,353] {dagbag.py:507} INFO - Filling up the DagBag from /opt/airflow/dags/running_time_con_timeout.py
[2022-06-20 01:23:36,363] {processor.py:651} INFO - DAG(s) dict_keys(['running_controller_timeout']) retrieved from /opt/airflow/dags/running_time_con_timeout.py
[2022-06-20 01:23:36,384] {logging_mixin.py:115} INFO - [2022-06-20 01:23:36,383] {dag.py:2371} INFO - Sync 1 DAGs
[2022-06-20 01:23:36,396] {logging_mixin.py:115} INFO - [2022-06-20 01:23:36,396] {dag.py:2919} INFO - Setting next_dagrun for running_controller_timeout to 2022-06-19T01:23:36.396528+00:00, run_after=2022-06-20T01:23:36.396528+00:00
[2022-06-20 01:23:36,406] {processor.py:161} INFO - Processing /opt/airflow/dags/running_time_con_timeout.py took 0.059 seconds
[2022-06-20 01:24:06,531] {processor.py:153} INFO - Started process (PID=263) to work on /opt/airflow/dags/running_time_con_timeout.py
[2022-06-20 01:24:06,534] {processor.py:641} INFO - Processing file /opt/airflow/dags/running_time_con_timeout.py for tasks to queue
[2022-06-20 01:24:06,535] {logging_mixin.py:115} INFO - [2022-06-20 01:24:06,535] {dagbag.py:507} INFO - Filling up the DagBag from /opt/airflow/dags/running_time_con_timeout.py
[2022-06-20 01:24:06,547] {processor.py:651} INFO - DAG(s) dict_keys(['running_controller_timeout']) retrieved from /opt/airflow/dags/running_time_con_timeout.py
[2022-06-20 01:24:06,576] {logging_mixin.py:115} INFO - [2022-06-20 01:24:06,576] {dag.py:2371} INFO - Sync 1 DAGs
[2022-06-20 01:24:06,593] {logging_mixin.py:115} INFO - [2022-06-20 01:24:06,593] {dag.py:2919} INFO - Setting next_dagrun for running_controller_timeout to 2022-06-19T01:24:06.593413+00:00, run_after=2022-06-20T01:24:06.593413+00:00
[2022-06-20 01:24:06,601] {processor.py:161} INFO - Processing /opt/airflow/dags/running_time_con_timeout.py took 0.073 seconds
[2022-06-20 01:24:37,524] {processor.py:153} INFO - Started process (PID=335) to work on /opt/airflow/dags/running_time_con_timeout.py
[2022-06-20 01:24:37,526] {processor.py:641} INFO - Processing file /opt/airflow/dags/running_time_con_timeout.py for tasks to queue
[2022-06-20 01:24:37,528] {logging_mixin.py:115} INFO - [2022-06-20 01:24:37,528] {dagbag.py:507} INFO - Filling up the DagBag from /opt/airflow/dags/running_time_con_timeout.py
[2022-06-20 01:24:37,545] {processor.py:651} INFO - DAG(s) dict_keys(['running_controller_timeout']) retrieved from /opt/airflow/dags/running_time_con_timeout.py
[2022-06-20 01:24:37,570] {logging_mixin.py:115} INFO - [2022-06-20 01:24:37,570] {dag.py:2371} INFO - Sync 1 DAGs
[2022-06-20 01:24:37,586] {logging_mixin.py:115} INFO - [2022-06-20 01:24:37,586] {dag.py:2919} INFO - Setting next_dagrun for running_controller_timeout to 2022-06-19T01:24:37.586580+00:00, run_after=2022-06-20T01:24:37.586580+00:00
[2022-06-20 01:24:37,599] {processor.py:161} INFO - Processing /opt/airflow/dags/running_time_con_timeout.py took 0.079 seconds
[2022-06-20 01:25:07,854] {processor.py:153} INFO - Started process (PID=406) to work on /opt/airflow/dags/running_time_con_timeout.py
[2022-06-20 01:25:07,855] {processor.py:641} INFO - Processing file /opt/airflow/dags/running_time_con_timeout.py for tasks to queue
[2022-06-20 01:25:07,856] {logging_mixin.py:115} INFO - [2022-06-20 01:25:07,856] {dagbag.py:507} INFO - Filling up the DagBag from /opt/airflow/dags/running_time_con_timeout.py
[2022-06-20 01:25:07,866] {processor.py:651} INFO - DAG(s) dict_keys(['running_controller_timeout']) retrieved from /opt/airflow/dags/running_time_con_timeout.py
[2022-06-20 01:25:07,885] {logging_mixin.py:115} INFO - [2022-06-20 01:25:07,885] {dag.py:2371} INFO - Sync 1 DAGs
[2022-06-20 01:25:07,896] {logging_mixin.py:115} INFO - [2022-06-20 01:25:07,896] {dag.py:2919} INFO - Setting next_dagrun for running_controller_timeout to 2022-06-19T01:25:07.896559+00:00, run_after=2022-06-20T01:25:07.896559+00:00
[2022-06-20 01:25:07,904] {processor.py:161} INFO - Processing /opt/airflow/dags/running_time_con_timeout.py took 0.053 seconds
[2022-06-20 01:25:38,028] {processor.py:153} INFO - Started process (PID=478) to work on /opt/airflow/dags/running_time_con_timeout.py
[2022-06-20 01:25:38,029] {processor.py:641} INFO - Processing file /opt/airflow/dags/running_time_con_timeout.py for tasks to queue
[2022-06-20 01:25:38,030] {logging_mixin.py:115} INFO - [2022-06-20 01:25:38,030] {dagbag.py:507} INFO - Filling up the DagBag from /opt/airflow/dags/running_time_con_timeout.py
[2022-06-20 01:25:38,040] {processor.py:651} INFO - DAG(s) dict_keys(['running_controller_timeout']) retrieved from /opt/airflow/dags/running_time_con_timeout.py
[2022-06-20 01:25:38,059] {logging_mixin.py:115} INFO - [2022-06-20 01:25:38,059] {dag.py:2371} INFO - Sync 1 DAGs
[2022-06-20 01:25:38,071] {logging_mixin.py:115} INFO - [2022-06-20 01:25:38,071] {dag.py:2919} INFO - Setting next_dagrun for running_controller_timeout to 2022-06-19T01:25:38.071346+00:00, run_after=2022-06-20T01:25:38.071346+00:00
[2022-06-20 01:25:38,079] {processor.py:161} INFO - Processing /opt/airflow/dags/running_time_con_timeout.py took 0.053 seconds
[2022-06-20 01:26:08,372] {processor.py:153} INFO - Started process (PID=549) to work on /opt/airflow/dags/running_time_con_timeout.py
[2022-06-20 01:26:08,375] {processor.py:641} INFO - Processing file /opt/airflow/dags/running_time_con_timeout.py for tasks to queue
[2022-06-20 01:26:08,377] {logging_mixin.py:115} INFO - [2022-06-20 01:26:08,377] {dagbag.py:507} INFO - Filling up the DagBag from /opt/airflow/dags/running_time_con_timeout.py
[2022-06-20 01:26:08,394] {processor.py:651} INFO - DAG(s) dict_keys(['running_controller_timeout']) retrieved from /opt/airflow/dags/running_time_con_timeout.py
[2022-06-20 01:26:08,415] {logging_mixin.py:115} INFO - [2022-06-20 01:26:08,415] {dag.py:2371} INFO - Sync 1 DAGs
[2022-06-20 01:26:08,426] {logging_mixin.py:115} INFO - [2022-06-20 01:26:08,426] {dag.py:2919} INFO - Setting next_dagrun for running_controller_timeout to 2022-06-19T01:26:08.426456+00:00, run_after=2022-06-20T01:26:08.426456+00:00
[2022-06-20 01:26:08,433] {processor.py:161} INFO - Processing /opt/airflow/dags/running_time_con_timeout.py took 0.066 seconds
[2022-06-20 01:26:38,896] {processor.py:153} INFO - Started process (PID=620) to work on /opt/airflow/dags/running_time_con_timeout.py
[2022-06-20 01:26:38,899] {processor.py:641} INFO - Processing file /opt/airflow/dags/running_time_con_timeout.py for tasks to queue
[2022-06-20 01:26:38,904] {logging_mixin.py:115} INFO - [2022-06-20 01:26:38,904] {dagbag.py:507} INFO - Filling up the DagBag from /opt/airflow/dags/running_time_con_timeout.py
[2022-06-20 01:26:38,939] {processor.py:651} INFO - DAG(s) dict_keys(['running_controller_timeout']) retrieved from /opt/airflow/dags/running_time_con_timeout.py
[2022-06-20 01:26:38,978] {logging_mixin.py:115} INFO - [2022-06-20 01:26:38,978] {dag.py:2371} INFO - Sync 1 DAGs
[2022-06-20 01:26:39,002] {logging_mixin.py:115} INFO - [2022-06-20 01:26:39,001] {dag.py:2919} INFO - Setting next_dagrun for running_controller_timeout to 2022-06-19T01:26:39.001725+00:00, run_after=2022-06-20T01:26:39.001725+00:00
[2022-06-20 01:26:39,021] {processor.py:161} INFO - Processing /opt/airflow/dags/running_time_con_timeout.py took 0.130 seconds
[2022-06-20 01:27:09,480] {processor.py:153} INFO - Started process (PID=682) to work on /opt/airflow/dags/running_time_con_timeout.py
[2022-06-20 01:27:09,485] {processor.py:641} INFO - Processing file /opt/airflow/dags/running_time_con_timeout.py for tasks to queue
[2022-06-20 01:27:09,488] {logging_mixin.py:115} INFO - [2022-06-20 01:27:09,487] {dagbag.py:507} INFO - Filling up the DagBag from /opt/airflow/dags/running_time_con_timeout.py
[2022-06-20 01:27:09,509] {processor.py:651} INFO - DAG(s) dict_keys(['running_controller_timeout']) retrieved from /opt/airflow/dags/running_time_con_timeout.py
[2022-06-20 01:27:09,530] {logging_mixin.py:115} INFO - [2022-06-20 01:27:09,530] {dag.py:2371} INFO - Sync 1 DAGs
[2022-06-20 01:27:09,546] {logging_mixin.py:115} INFO - [2022-06-20 01:27:09,546] {dag.py:2919} INFO - Setting next_dagrun for running_controller_timeout to 2022-06-19T01:27:09.546280+00:00, run_after=2022-06-20T01:27:09.546280+00:00
[2022-06-20 01:27:09,555] {processor.py:161} INFO - Processing /opt/airflow/dags/running_time_con_timeout.py took 0.079 seconds
[2022-06-20 01:27:39,693] {processor.py:153} INFO - Started process (PID=754) to work on /opt/airflow/dags/running_time_con_timeout.py
[2022-06-20 01:27:39,695] {processor.py:641} INFO - Processing file /opt/airflow/dags/running_time_con_timeout.py for tasks to queue
[2022-06-20 01:27:39,696] {logging_mixin.py:115} INFO - [2022-06-20 01:27:39,696] {dagbag.py:507} INFO - Filling up the DagBag from /opt/airflow/dags/running_time_con_timeout.py
[2022-06-20 01:27:39,710] {processor.py:651} INFO - DAG(s) dict_keys(['running_controller_timeout']) retrieved from /opt/airflow/dags/running_time_con_timeout.py
[2022-06-20 01:27:39,732] {logging_mixin.py:115} INFO - [2022-06-20 01:27:39,732] {dag.py:2371} INFO - Sync 1 DAGs
[2022-06-20 01:27:39,746] {logging_mixin.py:115} INFO - [2022-06-20 01:27:39,746] {dag.py:2919} INFO - Setting next_dagrun for running_controller_timeout to 2022-06-19T01:27:39.746607+00:00, run_after=2022-06-20T01:27:39.746607+00:00
[2022-06-20 01:27:39,755] {processor.py:161} INFO - Processing /opt/airflow/dags/running_time_con_timeout.py took 0.065 seconds
[2022-06-20 01:28:10,007] {processor.py:153} INFO - Started process (PID=826) to work on /opt/airflow/dags/running_time_con_timeout.py
[2022-06-20 01:28:10,009] {processor.py:641} INFO - Processing file /opt/airflow/dags/running_time_con_timeout.py for tasks to queue
[2022-06-20 01:28:10,011] {logging_mixin.py:115} INFO - [2022-06-20 01:28:10,011] {dagbag.py:507} INFO - Filling up the DagBag from /opt/airflow/dags/running_time_con_timeout.py
[2022-06-20 01:28:10,027] {processor.py:651} INFO - DAG(s) dict_keys(['running_controller_timeout']) retrieved from /opt/airflow/dags/running_time_con_timeout.py
[2022-06-20 01:28:10,048] {logging_mixin.py:115} INFO - [2022-06-20 01:28:10,048] {dag.py:2371} INFO - Sync 1 DAGs
[2022-06-20 01:28:10,060] {logging_mixin.py:115} INFO - [2022-06-20 01:28:10,060] {dag.py:2919} INFO - Setting next_dagrun for running_controller_timeout to 2022-06-19T01:28:10.060269+00:00, run_after=2022-06-20T01:28:10.060269+00:00
[2022-06-20 01:28:10,069] {processor.py:161} INFO - Processing /opt/airflow/dags/running_time_con_timeout.py took 0.066 seconds
[2022-06-20 01:28:40,256] {processor.py:153} INFO - Started process (PID=898) to work on /opt/airflow/dags/running_time_con_timeout.py
[2022-06-20 01:28:40,260] {processor.py:641} INFO - Processing file /opt/airflow/dags/running_time_con_timeout.py for tasks to queue
[2022-06-20 01:28:40,262] {logging_mixin.py:115} INFO - [2022-06-20 01:28:40,262] {dagbag.py:507} INFO - Filling up the DagBag from /opt/airflow/dags/running_time_con_timeout.py
[2022-06-20 01:28:40,279] {processor.py:651} INFO - DAG(s) dict_keys(['running_controller_timeout']) retrieved from /opt/airflow/dags/running_time_con_timeout.py
[2022-06-20 01:28:40,309] {logging_mixin.py:115} INFO - [2022-06-20 01:28:40,309] {dag.py:2371} INFO - Sync 1 DAGs
[2022-06-20 01:28:40,336] {logging_mixin.py:115} INFO - [2022-06-20 01:28:40,336] {dag.py:2919} INFO - Setting next_dagrun for running_controller_timeout to 2022-06-19T01:28:40.335988+00:00, run_after=2022-06-20T01:28:40.335988+00:00
[2022-06-20 01:28:40,355] {processor.py:161} INFO - Processing /opt/airflow/dags/running_time_con_timeout.py took 0.102 seconds
[2022-06-20 01:29:10,847] {processor.py:153} INFO - Started process (PID=969) to work on /opt/airflow/dags/running_time_con_timeout.py
[2022-06-20 01:29:10,849] {processor.py:641} INFO - Processing file /opt/airflow/dags/running_time_con_timeout.py for tasks to queue
[2022-06-20 01:29:10,851] {logging_mixin.py:115} INFO - [2022-06-20 01:29:10,851] {dagbag.py:507} INFO - Filling up the DagBag from /opt/airflow/dags/running_time_con_timeout.py
[2022-06-20 01:29:10,862] {processor.py:651} INFO - DAG(s) dict_keys(['running_controller_timeout']) retrieved from /opt/airflow/dags/running_time_con_timeout.py
[2022-06-20 01:29:10,879] {logging_mixin.py:115} INFO - [2022-06-20 01:29:10,879] {dag.py:2371} INFO - Sync 1 DAGs
[2022-06-20 01:29:10,890] {logging_mixin.py:115} INFO - [2022-06-20 01:29:10,890] {dag.py:2919} INFO - Setting next_dagrun for running_controller_timeout to 2022-06-19T01:29:10.890750+00:00, run_after=2022-06-20T01:29:10.890750+00:00
[2022-06-20 01:29:10,898] {processor.py:161} INFO - Processing /opt/airflow/dags/running_time_con_timeout.py took 0.054 seconds
[2022-06-20 01:29:41,013] {processor.py:153} INFO - Started process (PID=1030) to work on /opt/airflow/dags/running_time_con_timeout.py
[2022-06-20 01:29:41,015] {processor.py:641} INFO - Processing file /opt/airflow/dags/running_time_con_timeout.py for tasks to queue
[2022-06-20 01:29:41,016] {logging_mixin.py:115} INFO - [2022-06-20 01:29:41,016] {dagbag.py:507} INFO - Filling up the DagBag from /opt/airflow/dags/running_time_con_timeout.py
[2022-06-20 01:29:41,028] {processor.py:651} INFO - DAG(s) dict_keys(['running_controller_timeout']) retrieved from /opt/airflow/dags/running_time_con_timeout.py
[2022-06-20 01:29:41,045] {logging_mixin.py:115} INFO - [2022-06-20 01:29:41,045] {dag.py:2371} INFO - Sync 1 DAGs
[2022-06-20 01:29:41,058] {logging_mixin.py:115} INFO - [2022-06-20 01:29:41,058] {dag.py:2919} INFO - Setting next_dagrun for running_controller_timeout to 2022-06-19T01:29:41.058255+00:00, run_after=2022-06-20T01:29:41.058255+00:00
[2022-06-20 01:29:41,067] {processor.py:161} INFO - Processing /opt/airflow/dags/running_time_con_timeout.py took 0.063 seconds
[2022-06-20 01:30:11,208] {processor.py:153} INFO - Started process (PID=1102) to work on /opt/airflow/dags/running_time_con_timeout.py
[2022-06-20 01:30:11,210] {processor.py:641} INFO - Processing file /opt/airflow/dags/running_time_con_timeout.py for tasks to queue
[2022-06-20 01:30:11,211] {logging_mixin.py:115} INFO - [2022-06-20 01:30:11,211] {dagbag.py:507} INFO - Filling up the DagBag from /opt/airflow/dags/running_time_con_timeout.py
[2022-06-20 01:30:11,226] {processor.py:651} INFO - DAG(s) dict_keys(['running_controller_timeout']) retrieved from /opt/airflow/dags/running_time_con_timeout.py
[2022-06-20 01:30:11,248] {logging_mixin.py:115} INFO - [2022-06-20 01:30:11,248] {dag.py:2371} INFO - Sync 1 DAGs
[2022-06-20 01:30:11,263] {logging_mixin.py:115} INFO - [2022-06-20 01:30:11,263] {dag.py:2919} INFO - Setting next_dagrun for running_controller_timeout to 2022-06-19T01:30:11.263700+00:00, run_after=2022-06-20T01:30:11.263700+00:00
[2022-06-20 01:30:11,278] {processor.py:161} INFO - Processing /opt/airflow/dags/running_time_con_timeout.py took 0.073 seconds
[2022-06-20 01:30:41,338] {processor.py:153} INFO - Started process (PID=1173) to work on /opt/airflow/dags/running_time_con_timeout.py
[2022-06-20 01:30:41,340] {processor.py:641} INFO - Processing file /opt/airflow/dags/running_time_con_timeout.py for tasks to queue
[2022-06-20 01:30:41,341] {logging_mixin.py:115} INFO - [2022-06-20 01:30:41,341] {dagbag.py:507} INFO - Filling up the DagBag from /opt/airflow/dags/running_time_con_timeout.py
[2022-06-20 01:30:41,352] {processor.py:651} INFO - DAG(s) dict_keys(['running_controller_timeout']) retrieved from /opt/airflow/dags/running_time_con_timeout.py
[2022-06-20 01:30:41,368] {logging_mixin.py:115} INFO - [2022-06-20 01:30:41,368] {dag.py:2371} INFO - Sync 1 DAGs
[2022-06-20 01:30:41,380] {logging_mixin.py:115} INFO - [2022-06-20 01:30:41,380] {dag.py:2919} INFO - Setting next_dagrun for running_controller_timeout to 2022-06-19T01:30:41.380477+00:00, run_after=2022-06-20T01:30:41.380477+00:00
[2022-06-20 01:30:41,388] {processor.py:161} INFO - Processing /opt/airflow/dags/running_time_con_timeout.py took 0.052 seconds
[2022-06-20 01:31:11,802] {processor.py:153} INFO - Started process (PID=1246) to work on /opt/airflow/dags/running_time_con_timeout.py
[2022-06-20 01:31:11,804] {processor.py:641} INFO - Processing file /opt/airflow/dags/running_time_con_timeout.py for tasks to queue
[2022-06-20 01:31:11,805] {logging_mixin.py:115} INFO - [2022-06-20 01:31:11,805] {dagbag.py:507} INFO - Filling up the DagBag from /opt/airflow/dags/running_time_con_timeout.py
[2022-06-20 01:31:11,819] {processor.py:651} INFO - DAG(s) dict_keys(['running_controller_timeout']) retrieved from /opt/airflow/dags/running_time_con_timeout.py
[2022-06-20 01:31:11,835] {logging_mixin.py:115} INFO - [2022-06-20 01:31:11,835] {dag.py:2371} INFO - Sync 1 DAGs
[2022-06-20 01:31:11,848] {logging_mixin.py:115} INFO - [2022-06-20 01:31:11,848] {dag.py:2919} INFO - Setting next_dagrun for running_controller_timeout to 2022-06-19T01:31:11.847891+00:00, run_after=2022-06-20T01:31:11.847891+00:00
[2022-06-20 01:31:11,856] {processor.py:161} INFO - Processing /opt/airflow/dags/running_time_con_timeout.py took 0.056 seconds
[2022-06-20 01:31:42,215] {processor.py:153} INFO - Started process (PID=1318) to work on /opt/airflow/dags/running_time_con_timeout.py
[2022-06-20 01:31:42,217] {processor.py:641} INFO - Processing file /opt/airflow/dags/running_time_con_timeout.py for tasks to queue
[2022-06-20 01:31:42,219] {logging_mixin.py:115} INFO - [2022-06-20 01:31:42,219] {dagbag.py:507} INFO - Filling up the DagBag from /opt/airflow/dags/running_time_con_timeout.py
[2022-06-20 01:31:42,232] {processor.py:651} INFO - DAG(s) dict_keys(['running_controller_timeout']) retrieved from /opt/airflow/dags/running_time_con_timeout.py
[2022-06-20 01:31:42,253] {logging_mixin.py:115} INFO - [2022-06-20 01:31:42,253] {dag.py:2371} INFO - Sync 1 DAGs
[2022-06-20 01:31:42,268] {logging_mixin.py:115} INFO - [2022-06-20 01:31:42,268] {dag.py:2919} INFO - Setting next_dagrun for running_controller_timeout to 2022-06-19T01:31:42.268347+00:00, run_after=2022-06-20T01:31:42.268347+00:00
[2022-06-20 01:31:42,278] {processor.py:161} INFO - Processing /opt/airflow/dags/running_time_con_timeout.py took 0.066 seconds
[2022-06-20 01:32:12,488] {processor.py:153} INFO - Started process (PID=1380) to work on /opt/airflow/dags/running_time_con_timeout.py
[2022-06-20 01:32:12,491] {processor.py:641} INFO - Processing file /opt/airflow/dags/running_time_con_timeout.py for tasks to queue
[2022-06-20 01:32:12,493] {logging_mixin.py:115} INFO - [2022-06-20 01:32:12,493] {dagbag.py:507} INFO - Filling up the DagBag from /opt/airflow/dags/running_time_con_timeout.py
[2022-06-20 01:32:12,507] {processor.py:651} INFO - DAG(s) dict_keys(['running_controller_timeout']) retrieved from /opt/airflow/dags/running_time_con_timeout.py
[2022-06-20 01:32:12,527] {logging_mixin.py:115} INFO - [2022-06-20 01:32:12,527] {dag.py:2371} INFO - Sync 1 DAGs
[2022-06-20 01:32:12,538] {logging_mixin.py:115} INFO - [2022-06-20 01:32:12,537] {dag.py:2919} INFO - Setting next_dagrun for running_controller_timeout to 2022-06-19T01:32:12.537874+00:00, run_after=2022-06-20T01:32:12.537874+00:00
[2022-06-20 01:32:12,546] {processor.py:161} INFO - Processing /opt/airflow/dags/running_time_con_timeout.py took 0.066 seconds
[2022-06-20 01:32:42,944] {processor.py:153} INFO - Started process (PID=1457) to work on /opt/airflow/dags/running_time_con_timeout.py
[2022-06-20 01:32:42,946] {processor.py:641} INFO - Processing file /opt/airflow/dags/running_time_con_timeout.py for tasks to queue
[2022-06-20 01:32:42,948] {logging_mixin.py:115} INFO - [2022-06-20 01:32:42,948] {dagbag.py:507} INFO - Filling up the DagBag from /opt/airflow/dags/running_time_con_timeout.py
[2022-06-20 01:32:42,960] {processor.py:651} INFO - DAG(s) dict_keys(['running_controller_timeout']) retrieved from /opt/airflow/dags/running_time_con_timeout.py
[2022-06-20 01:32:42,981] {logging_mixin.py:115} INFO - [2022-06-20 01:32:42,981] {dag.py:2371} INFO - Sync 1 DAGs
[2022-06-20 01:32:42,997] {logging_mixin.py:115} INFO - [2022-06-20 01:32:42,997] {dag.py:2919} INFO - Setting next_dagrun for running_controller_timeout to 2022-06-19T01:32:42.996929+00:00, run_after=2022-06-20T01:32:42.996929+00:00
[2022-06-20 01:32:43,008] {processor.py:161} INFO - Processing /opt/airflow/dags/running_time_con_timeout.py took 0.066 seconds
[2022-06-20 01:33:13,598] {processor.py:153} INFO - Started process (PID=1534) to work on /opt/airflow/dags/running_time_con_timeout.py
[2022-06-20 01:33:13,601] {processor.py:641} INFO - Processing file /opt/airflow/dags/running_time_con_timeout.py for tasks to queue
[2022-06-20 01:33:13,603] {logging_mixin.py:115} INFO - [2022-06-20 01:33:13,602] {dagbag.py:507} INFO - Filling up the DagBag from /opt/airflow/dags/running_time_con_timeout.py
[2022-06-20 01:33:13,627] {processor.py:651} INFO - DAG(s) dict_keys(['running_controller_timeout']) retrieved from /opt/airflow/dags/running_time_con_timeout.py
[2022-06-20 01:33:13,680] {logging_mixin.py:115} INFO - [2022-06-20 01:33:13,680] {dag.py:2371} INFO - Sync 1 DAGs
[2022-06-20 01:33:13,697] {logging_mixin.py:115} INFO - [2022-06-20 01:33:13,697] {dag.py:2919} INFO - Setting next_dagrun for running_controller_timeout to 2022-06-19T01:33:13.697052+00:00, run_after=2022-06-20T01:33:13.697052+00:00
[2022-06-20 01:33:13,712] {processor.py:161} INFO - Processing /opt/airflow/dags/running_time_con_timeout.py took 0.117 seconds
[2022-06-20 01:33:39,161] {processor.py:153} INFO - Started process (PID=45) to work on /opt/airflow/dags/running_time_con_timeout.py
[2022-06-20 01:33:39,169] {processor.py:641} INFO - Processing file /opt/airflow/dags/running_time_con_timeout.py for tasks to queue
[2022-06-20 01:33:39,177] {logging_mixin.py:115} INFO - [2022-06-20 01:33:39,176] {dagbag.py:507} INFO - Filling up the DagBag from /opt/airflow/dags/running_time_con_timeout.py
[2022-06-20 01:33:39,221] {processor.py:651} INFO - DAG(s) dict_keys(['running_controller_timeout']) retrieved from /opt/airflow/dags/running_time_con_timeout.py
[2022-06-20 01:33:39,269] {logging_mixin.py:115} INFO - [2022-06-20 01:33:39,269] {dag.py:2371} INFO - Sync 1 DAGs
[2022-06-20 01:33:39,296] {logging_mixin.py:115} INFO - [2022-06-20 01:33:39,296] {dag.py:2919} INFO - Setting next_dagrun for running_controller_timeout to 2022-06-19T01:33:39.295217+00:00, run_after=2022-06-20T01:33:39.295217+00:00
[2022-06-20 01:33:39,313] {processor.py:161} INFO - Processing /opt/airflow/dags/running_time_con_timeout.py took 0.169 seconds
[2022-06-20 01:34:09,402] {processor.py:153} INFO - Started process (PID=119) to work on /opt/airflow/dags/running_time_con_timeout.py
[2022-06-20 01:34:09,405] {processor.py:641} INFO - Processing file /opt/airflow/dags/running_time_con_timeout.py for tasks to queue
[2022-06-20 01:34:09,407] {logging_mixin.py:115} INFO - [2022-06-20 01:34:09,407] {dagbag.py:507} INFO - Filling up the DagBag from /opt/airflow/dags/running_time_con_timeout.py
[2022-06-20 01:34:09,424] {processor.py:651} INFO - DAG(s) dict_keys(['running_controller_timeout']) retrieved from /opt/airflow/dags/running_time_con_timeout.py
[2022-06-20 01:34:09,451] {logging_mixin.py:115} INFO - [2022-06-20 01:34:09,451] {dag.py:2371} INFO - Sync 1 DAGs
[2022-06-20 01:34:09,470] {logging_mixin.py:115} INFO - [2022-06-20 01:34:09,470] {dag.py:2919} INFO - Setting next_dagrun for running_controller_timeout to 2022-06-19T01:34:09.470144+00:00, run_after=2022-06-20T01:34:09.470144+00:00
[2022-06-20 01:34:09,486] {processor.py:161} INFO - Processing /opt/airflow/dags/running_time_con_timeout.py took 0.087 seconds
[2022-06-20 01:34:40,960] {processor.py:153} INFO - Started process (PID=262) to work on /opt/airflow/dags/running_time_con_timeout.py
[2022-06-20 01:34:40,963] {processor.py:641} INFO - Processing file /opt/airflow/dags/running_time_con_timeout.py for tasks to queue
[2022-06-20 01:34:40,966] {logging_mixin.py:115} INFO - [2022-06-20 01:34:40,966] {dagbag.py:507} INFO - Filling up the DagBag from /opt/airflow/dags/running_time_con_timeout.py
[2022-06-20 01:34:40,995] {processor.py:651} INFO - DAG(s) dict_keys(['running_controller_timeout']) retrieved from /opt/airflow/dags/running_time_con_timeout.py
[2022-06-20 01:34:41,036] {logging_mixin.py:115} INFO - [2022-06-20 01:34:41,036] {dag.py:2371} INFO - Sync 1 DAGs
[2022-06-20 01:34:41,077] {logging_mixin.py:115} INFO - [2022-06-20 01:34:41,076] {dag.py:2919} INFO - Setting next_dagrun for running_controller_timeout to 2022-06-19T01:34:41.076623+00:00, run_after=2022-06-20T01:34:41.076623+00:00
[2022-06-20 01:34:41,117] {processor.py:161} INFO - Processing /opt/airflow/dags/running_time_con_timeout.py took 0.160 seconds
[2022-06-20 01:35:11,569] {processor.py:153} INFO - Started process (PID=338) to work on /opt/airflow/dags/running_time_con_timeout.py
[2022-06-20 01:35:11,571] {processor.py:641} INFO - Processing file /opt/airflow/dags/running_time_con_timeout.py for tasks to queue
[2022-06-20 01:35:11,572] {logging_mixin.py:115} INFO - [2022-06-20 01:35:11,571] {dagbag.py:507} INFO - Filling up the DagBag from /opt/airflow/dags/running_time_con_timeout.py
[2022-06-20 01:35:11,584] {processor.py:651} INFO - DAG(s) dict_keys(['running_controller_timeout']) retrieved from /opt/airflow/dags/running_time_con_timeout.py
[2022-06-20 01:35:11,603] {logging_mixin.py:115} INFO - [2022-06-20 01:35:11,603] {dag.py:2371} INFO - Sync 1 DAGs
[2022-06-20 01:35:11,619] {logging_mixin.py:115} INFO - [2022-06-20 01:35:11,619] {dag.py:2919} INFO - Setting next_dagrun for running_controller_timeout to 2022-06-19T01:35:11.619116+00:00, run_after=2022-06-20T01:35:11.619116+00:00
[2022-06-20 01:35:11,627] {processor.py:161} INFO - Processing /opt/airflow/dags/running_time_con_timeout.py took 0.060 seconds
[2022-06-20 01:35:42,103] {processor.py:153} INFO - Started process (PID=404) to work on /opt/airflow/dags/running_time_con_timeout.py
[2022-06-20 01:35:42,105] {processor.py:641} INFO - Processing file /opt/airflow/dags/running_time_con_timeout.py for tasks to queue
[2022-06-20 01:35:42,106] {logging_mixin.py:115} INFO - [2022-06-20 01:35:42,106] {dagbag.py:507} INFO - Filling up the DagBag from /opt/airflow/dags/running_time_con_timeout.py
[2022-06-20 01:35:42,116] {processor.py:651} INFO - DAG(s) dict_keys(['running_controller_timeout']) retrieved from /opt/airflow/dags/running_time_con_timeout.py
[2022-06-20 01:35:42,139] {logging_mixin.py:115} INFO - [2022-06-20 01:35:42,139] {dag.py:2371} INFO - Sync 1 DAGs
[2022-06-20 01:35:42,156] {logging_mixin.py:115} INFO - [2022-06-20 01:35:42,156] {dag.py:2919} INFO - Setting next_dagrun for running_controller_timeout to 2022-06-19T01:35:42.156230+00:00, run_after=2022-06-20T01:35:42.156230+00:00
[2022-06-20 01:35:42,164] {processor.py:161} INFO - Processing /opt/airflow/dags/running_time_con_timeout.py took 0.063 seconds
[2022-06-20 01:36:12,535] {processor.py:153} INFO - Started process (PID=479) to work on /opt/airflow/dags/running_time_con_timeout.py
[2022-06-20 01:36:12,536] {processor.py:641} INFO - Processing file /opt/airflow/dags/running_time_con_timeout.py for tasks to queue
[2022-06-20 01:36:12,537] {logging_mixin.py:115} INFO - [2022-06-20 01:36:12,537] {dagbag.py:507} INFO - Filling up the DagBag from /opt/airflow/dags/running_time_con_timeout.py
[2022-06-20 01:36:12,546] {processor.py:651} INFO - DAG(s) dict_keys(['running_controller_timeout']) retrieved from /opt/airflow/dags/running_time_con_timeout.py
[2022-06-20 01:36:12,565] {logging_mixin.py:115} INFO - [2022-06-20 01:36:12,565] {dag.py:2371} INFO - Sync 1 DAGs
[2022-06-20 01:36:12,578] {logging_mixin.py:115} INFO - [2022-06-20 01:36:12,578] {dag.py:2919} INFO - Setting next_dagrun for running_controller_timeout to 2022-06-19T01:36:12.578356+00:00, run_after=2022-06-20T01:36:12.578356+00:00
[2022-06-20 01:36:12,586] {processor.py:161} INFO - Processing /opt/airflow/dags/running_time_con_timeout.py took 0.054 seconds
[2022-06-20 01:36:43,354] {processor.py:153} INFO - Started process (PID=553) to work on /opt/airflow/dags/running_time_con_timeout.py
[2022-06-20 01:36:43,356] {processor.py:641} INFO - Processing file /opt/airflow/dags/running_time_con_timeout.py for tasks to queue
[2022-06-20 01:36:43,358] {logging_mixin.py:115} INFO - [2022-06-20 01:36:43,358] {dagbag.py:507} INFO - Filling up the DagBag from /opt/airflow/dags/running_time_con_timeout.py
[2022-06-20 01:36:43,379] {processor.py:651} INFO - DAG(s) dict_keys(['running_controller_timeout']) retrieved from /opt/airflow/dags/running_time_con_timeout.py
[2022-06-20 01:36:43,399] {logging_mixin.py:115} INFO - [2022-06-20 01:36:43,399] {dag.py:2371} INFO - Sync 1 DAGs
[2022-06-20 01:36:43,413] {logging_mixin.py:115} INFO - [2022-06-20 01:36:43,413] {dag.py:2919} INFO - Setting next_dagrun for running_controller_timeout to 2022-06-19T01:36:43.412827+00:00, run_after=2022-06-20T01:36:43.412827+00:00
[2022-06-20 01:36:43,420] {processor.py:161} INFO - Processing /opt/airflow/dags/running_time_con_timeout.py took 0.069 seconds
[2022-06-20 01:37:14,354] {processor.py:153} INFO - Started process (PID=628) to work on /opt/airflow/dags/running_time_con_timeout.py
[2022-06-20 01:37:14,356] {processor.py:641} INFO - Processing file /opt/airflow/dags/running_time_con_timeout.py for tasks to queue
[2022-06-20 01:37:14,357] {logging_mixin.py:115} INFO - [2022-06-20 01:37:14,357] {dagbag.py:507} INFO - Filling up the DagBag from /opt/airflow/dags/running_time_con_timeout.py
[2022-06-20 01:37:14,371] {processor.py:651} INFO - DAG(s) dict_keys(['running_controller_timeout']) retrieved from /opt/airflow/dags/running_time_con_timeout.py
[2022-06-20 01:37:14,401] {logging_mixin.py:115} INFO - [2022-06-20 01:37:14,401] {dag.py:2371} INFO - Sync 1 DAGs
[2022-06-20 01:37:14,417] {logging_mixin.py:115} INFO - [2022-06-20 01:37:14,417] {dag.py:2919} INFO - Setting next_dagrun for running_controller_timeout to 2022-06-19T01:37:14.417607+00:00, run_after=2022-06-20T01:37:14.417607+00:00
[2022-06-20 01:37:14,429] {processor.py:161} INFO - Processing /opt/airflow/dags/running_time_con_timeout.py took 0.077 seconds
[2022-06-20 01:37:44,764] {processor.py:153} INFO - Started process (PID=703) to work on /opt/airflow/dags/running_time_con_timeout.py
[2022-06-20 01:37:44,765] {processor.py:641} INFO - Processing file /opt/airflow/dags/running_time_con_timeout.py for tasks to queue
[2022-06-20 01:37:44,767] {logging_mixin.py:115} INFO - [2022-06-20 01:37:44,767] {dagbag.py:507} INFO - Filling up the DagBag from /opt/airflow/dags/running_time_con_timeout.py
[2022-06-20 01:37:44,777] {processor.py:651} INFO - DAG(s) dict_keys(['running_controller_timeout']) retrieved from /opt/airflow/dags/running_time_con_timeout.py
[2022-06-20 01:37:44,795] {logging_mixin.py:115} INFO - [2022-06-20 01:37:44,795] {dag.py:2371} INFO - Sync 1 DAGs
[2022-06-20 01:37:44,807] {logging_mixin.py:115} INFO - [2022-06-20 01:37:44,807] {dag.py:2919} INFO - Setting next_dagrun for running_controller_timeout to 2022-06-19T01:37:44.807585+00:00, run_after=2022-06-20T01:37:44.807585+00:00
[2022-06-20 01:37:44,815] {processor.py:161} INFO - Processing /opt/airflow/dags/running_time_con_timeout.py took 0.055 seconds
[2022-06-20 01:38:14,861] {processor.py:153} INFO - Started process (PID=778) to work on /opt/airflow/dags/running_time_con_timeout.py
[2022-06-20 01:38:14,862] {processor.py:641} INFO - Processing file /opt/airflow/dags/running_time_con_timeout.py for tasks to queue
[2022-06-20 01:38:14,864] {logging_mixin.py:115} INFO - [2022-06-20 01:38:14,864] {dagbag.py:507} INFO - Filling up the DagBag from /opt/airflow/dags/running_time_con_timeout.py
[2022-06-20 01:38:14,875] {processor.py:651} INFO - DAG(s) dict_keys(['running_controller_timeout']) retrieved from /opt/airflow/dags/running_time_con_timeout.py
[2022-06-20 01:38:14,895] {logging_mixin.py:115} INFO - [2022-06-20 01:38:14,895] {dag.py:2371} INFO - Sync 1 DAGs
[2022-06-20 01:38:14,908] {logging_mixin.py:115} INFO - [2022-06-20 01:38:14,908] {dag.py:2919} INFO - Setting next_dagrun for running_controller_timeout to 2022-06-19T01:38:14.907907+00:00, run_after=2022-06-20T01:38:14.907907+00:00
[2022-06-20 01:38:14,916] {processor.py:161} INFO - Processing /opt/airflow/dags/running_time_con_timeout.py took 0.057 seconds
[2022-06-20 01:38:45,205] {processor.py:153} INFO - Started process (PID=843) to work on /opt/airflow/dags/running_time_con_timeout.py
[2022-06-20 01:38:45,208] {processor.py:641} INFO - Processing file /opt/airflow/dags/running_time_con_timeout.py for tasks to queue
[2022-06-20 01:38:45,210] {logging_mixin.py:115} INFO - [2022-06-20 01:38:45,210] {dagbag.py:507} INFO - Filling up the DagBag from /opt/airflow/dags/running_time_con_timeout.py
[2022-06-20 01:38:45,233] {processor.py:651} INFO - DAG(s) dict_keys(['running_controller_timeout']) retrieved from /opt/airflow/dags/running_time_con_timeout.py
[2022-06-20 01:38:45,271] {logging_mixin.py:115} INFO - [2022-06-20 01:38:45,271] {dag.py:2371} INFO - Sync 1 DAGs
[2022-06-20 01:38:45,295] {logging_mixin.py:115} INFO - [2022-06-20 01:38:45,295] {dag.py:2919} INFO - Setting next_dagrun for running_controller_timeout to 2022-06-19T01:38:45.294495+00:00, run_after=2022-06-20T01:38:45.294495+00:00
[2022-06-20 01:38:45,309] {processor.py:161} INFO - Processing /opt/airflow/dags/running_time_con_timeout.py took 0.107 seconds
[2022-06-20 01:39:15,760] {processor.py:153} INFO - Started process (PID=942) to work on /opt/airflow/dags/running_time_con_timeout.py
[2022-06-20 01:39:15,765] {processor.py:641} INFO - Processing file /opt/airflow/dags/running_time_con_timeout.py for tasks to queue
[2022-06-20 01:39:15,767] {logging_mixin.py:115} INFO - [2022-06-20 01:39:15,767] {dagbag.py:507} INFO - Filling up the DagBag from /opt/airflow/dags/running_time_con_timeout.py
[2022-06-20 01:39:15,778] {processor.py:651} INFO - DAG(s) dict_keys(['running_controller_timeout']) retrieved from /opt/airflow/dags/running_time_con_timeout.py
[2022-06-20 01:39:15,802] {logging_mixin.py:115} INFO - [2022-06-20 01:39:15,801] {dag.py:2371} INFO - Sync 1 DAGs
[2022-06-20 01:39:15,816] {logging_mixin.py:115} INFO - [2022-06-20 01:39:15,816] {dag.py:2919} INFO - Setting next_dagrun for running_controller_timeout to 2022-06-19T01:39:15.816519+00:00, run_after=2022-06-20T01:39:15.816519+00:00
[2022-06-20 01:39:15,824] {processor.py:161} INFO - Processing /opt/airflow/dags/running_time_con_timeout.py took 0.066 seconds
[2022-06-20 01:39:46,559] {processor.py:153} INFO - Started process (PID=1018) to work on /opt/airflow/dags/running_time_con_timeout.py
[2022-06-20 01:39:46,562] {processor.py:641} INFO - Processing file /opt/airflow/dags/running_time_con_timeout.py for tasks to queue
[2022-06-20 01:39:46,565] {logging_mixin.py:115} INFO - [2022-06-20 01:39:46,564] {dagbag.py:507} INFO - Filling up the DagBag from /opt/airflow/dags/running_time_con_timeout.py
[2022-06-20 01:39:46,601] {processor.py:651} INFO - DAG(s) dict_keys(['running_controller_timeout']) retrieved from /opt/airflow/dags/running_time_con_timeout.py
[2022-06-20 01:39:46,628] {logging_mixin.py:115} INFO - [2022-06-20 01:39:46,628] {dag.py:2371} INFO - Sync 1 DAGs
[2022-06-20 01:39:46,647] {logging_mixin.py:115} INFO - [2022-06-20 01:39:46,647] {dag.py:2919} INFO - Setting next_dagrun for running_controller_timeout to 2022-06-19T01:39:46.647542+00:00, run_after=2022-06-20T01:39:46.647542+00:00
[2022-06-20 01:39:46,665] {processor.py:161} INFO - Processing /opt/airflow/dags/running_time_con_timeout.py took 0.109 seconds
[2022-06-20 01:40:16,962] {processor.py:153} INFO - Started process (PID=1089) to work on /opt/airflow/dags/running_time_con_timeout.py
[2022-06-20 01:40:16,963] {processor.py:641} INFO - Processing file /opt/airflow/dags/running_time_con_timeout.py for tasks to queue
[2022-06-20 01:40:16,965] {logging_mixin.py:115} INFO - [2022-06-20 01:40:16,965] {dagbag.py:507} INFO - Filling up the DagBag from /opt/airflow/dags/running_time_con_timeout.py
[2022-06-20 01:40:16,975] {processor.py:651} INFO - DAG(s) dict_keys(['running_controller_timeout']) retrieved from /opt/airflow/dags/running_time_con_timeout.py
[2022-06-20 01:40:16,995] {logging_mixin.py:115} INFO - [2022-06-20 01:40:16,995] {dag.py:2371} INFO - Sync 1 DAGs
[2022-06-20 01:40:17,010] {logging_mixin.py:115} INFO - [2022-06-20 01:40:17,010] {dag.py:2919} INFO - Setting next_dagrun for running_controller_timeout to 2022-06-19T01:40:17.010366+00:00, run_after=2022-06-20T01:40:17.010366+00:00
[2022-06-20 01:40:17,019] {processor.py:161} INFO - Processing /opt/airflow/dags/running_time_con_timeout.py took 0.060 seconds
[2022-06-20 01:40:47,991] {processor.py:153} INFO - Started process (PID=1164) to work on /opt/airflow/dags/running_time_con_timeout.py
[2022-06-20 01:40:47,994] {processor.py:641} INFO - Processing file /opt/airflow/dags/running_time_con_timeout.py for tasks to queue
[2022-06-20 01:40:47,995] {logging_mixin.py:115} INFO - [2022-06-20 01:40:47,995] {dagbag.py:507} INFO - Filling up the DagBag from /opt/airflow/dags/running_time_con_timeout.py
[2022-06-20 01:40:48,004] {processor.py:651} INFO - DAG(s) dict_keys(['running_controller_timeout']) retrieved from /opt/airflow/dags/running_time_con_timeout.py
[2022-06-20 01:40:48,027] {logging_mixin.py:115} INFO - [2022-06-20 01:40:48,027] {dag.py:2371} INFO - Sync 1 DAGs
[2022-06-20 01:40:48,047] {logging_mixin.py:115} INFO - [2022-06-20 01:40:48,047] {dag.py:2919} INFO - Setting next_dagrun for running_controller_timeout to 2022-06-19T01:40:48.046973+00:00, run_after=2022-06-20T01:40:48.046973+00:00
[2022-06-20 01:40:48,054] {processor.py:161} INFO - Processing /opt/airflow/dags/running_time_con_timeout.py took 0.065 seconds
[2022-06-20 01:41:18,556] {processor.py:153} INFO - Started process (PID=1236) to work on /opt/airflow/dags/running_time_con_timeout.py
[2022-06-20 01:41:18,557] {processor.py:641} INFO - Processing file /opt/airflow/dags/running_time_con_timeout.py for tasks to queue
[2022-06-20 01:41:18,559] {logging_mixin.py:115} INFO - [2022-06-20 01:41:18,559] {dagbag.py:507} INFO - Filling up the DagBag from /opt/airflow/dags/running_time_con_timeout.py
[2022-06-20 01:41:18,569] {processor.py:651} INFO - DAG(s) dict_keys(['running_controller_timeout']) retrieved from /opt/airflow/dags/running_time_con_timeout.py
[2022-06-20 01:41:18,586] {logging_mixin.py:115} INFO - [2022-06-20 01:41:18,586] {dag.py:2371} INFO - Sync 1 DAGs
[2022-06-20 01:41:18,604] {logging_mixin.py:115} INFO - [2022-06-20 01:41:18,604] {dag.py:2919} INFO - Setting next_dagrun for running_controller_timeout to 2022-06-19T01:41:18.604365+00:00, run_after=2022-06-20T01:41:18.604365+00:00
[2022-06-20 01:41:18,613] {processor.py:161} INFO - Processing /opt/airflow/dags/running_time_con_timeout.py took 0.059 seconds
[2022-06-20 01:41:49,568] {processor.py:153} INFO - Started process (PID=1298) to work on /opt/airflow/dags/running_time_con_timeout.py
[2022-06-20 01:41:49,569] {processor.py:641} INFO - Processing file /opt/airflow/dags/running_time_con_timeout.py for tasks to queue
[2022-06-20 01:41:49,571] {logging_mixin.py:115} INFO - [2022-06-20 01:41:49,570] {dagbag.py:507} INFO - Filling up the DagBag from /opt/airflow/dags/running_time_con_timeout.py
[2022-06-20 01:41:49,586] {processor.py:651} INFO - DAG(s) dict_keys(['running_controller_timeout']) retrieved from /opt/airflow/dags/running_time_con_timeout.py
[2022-06-20 01:41:49,607] {logging_mixin.py:115} INFO - [2022-06-20 01:41:49,607] {dag.py:2371} INFO - Sync 1 DAGs
[2022-06-20 01:41:49,621] {logging_mixin.py:115} INFO - [2022-06-20 01:41:49,621] {dag.py:2919} INFO - Setting next_dagrun for running_controller_timeout to 2022-06-19T01:41:49.621573+00:00, run_after=2022-06-20T01:41:49.621573+00:00
[2022-06-20 01:41:49,633] {processor.py:161} INFO - Processing /opt/airflow/dags/running_time_con_timeout.py took 0.067 seconds
[2022-06-20 01:42:20,355] {processor.py:153} INFO - Started process (PID=1375) to work on /opt/airflow/dags/running_time_con_timeout.py
[2022-06-20 01:42:20,357] {processor.py:641} INFO - Processing file /opt/airflow/dags/running_time_con_timeout.py for tasks to queue
[2022-06-20 01:42:20,358] {logging_mixin.py:115} INFO - [2022-06-20 01:42:20,358] {dagbag.py:507} INFO - Filling up the DagBag from /opt/airflow/dags/running_time_con_timeout.py
[2022-06-20 01:42:20,369] {processor.py:651} INFO - DAG(s) dict_keys(['running_controller_timeout']) retrieved from /opt/airflow/dags/running_time_con_timeout.py
[2022-06-20 01:42:20,389] {logging_mixin.py:115} INFO - [2022-06-20 01:42:20,389] {dag.py:2371} INFO - Sync 1 DAGs
[2022-06-20 01:42:20,402] {logging_mixin.py:115} INFO - [2022-06-20 01:42:20,402] {dag.py:2919} INFO - Setting next_dagrun for running_controller_timeout to 2022-06-19T01:42:20.402625+00:00, run_after=2022-06-20T01:42:20.402625+00:00
[2022-06-20 01:42:20,411] {processor.py:161} INFO - Processing /opt/airflow/dags/running_time_con_timeout.py took 0.057 seconds
[2022-06-20 01:50:25,955] {processor.py:153} INFO - Started process (PID=101) to work on /opt/airflow/dags/running_time_con_timeout.py
[2022-06-20 01:50:25,957] {processor.py:641} INFO - Processing file /opt/airflow/dags/running_time_con_timeout.py for tasks to queue
[2022-06-20 01:50:25,958] {logging_mixin.py:115} INFO - [2022-06-20 01:50:25,958] {dagbag.py:507} INFO - Filling up the DagBag from /opt/airflow/dags/running_time_con_timeout.py
[2022-06-20 01:50:25,970] {processor.py:651} INFO - DAG(s) dict_keys(['running_controller_timeout']) retrieved from /opt/airflow/dags/running_time_con_timeout.py
[2022-06-20 01:50:26,105] {logging_mixin.py:115} INFO - [2022-06-20 01:50:26,105] {manager.py:508} INFO - Created Permission View: can read on DAG:running_controller_timeout
[2022-06-20 01:50:26,112] {logging_mixin.py:115} INFO - [2022-06-20 01:50:26,112] {manager.py:508} INFO - Created Permission View: can edit on DAG:running_controller_timeout
[2022-06-20 01:50:26,118] {logging_mixin.py:115} INFO - [2022-06-20 01:50:26,118] {manager.py:508} INFO - Created Permission View: can delete on DAG:running_controller_timeout
[2022-06-20 01:50:26,119] {logging_mixin.py:115} INFO - [2022-06-20 01:50:26,119] {dag.py:2371} INFO - Sync 1 DAGs
[2022-06-20 01:50:26,124] {logging_mixin.py:115} INFO - [2022-06-20 01:50:26,124] {dag.py:2390} INFO - Creating ORM DAG for running_controller_timeout
[2022-06-20 01:50:26,131] {logging_mixin.py:115} INFO - [2022-06-20 01:50:26,131] {dag.py:2919} INFO - Setting next_dagrun for running_controller_timeout to 2022-06-19T01:50:26.131703+00:00, run_after=2022-06-20T01:50:26.131703+00:00
[2022-06-20 01:50:26,143] {processor.py:161} INFO - Processing /opt/airflow/dags/running_time_con_timeout.py took 0.190 seconds
[2022-06-20 01:50:57,697] {processor.py:153} INFO - Started process (PID=190) to work on /opt/airflow/dags/running_time_con_timeout.py
[2022-06-20 01:50:57,699] {processor.py:641} INFO - Processing file /opt/airflow/dags/running_time_con_timeout.py for tasks to queue
[2022-06-20 01:50:57,700] {logging_mixin.py:115} INFO - [2022-06-20 01:50:57,700] {dagbag.py:507} INFO - Filling up the DagBag from /opt/airflow/dags/running_time_con_timeout.py
[2022-06-20 01:50:57,712] {processor.py:651} INFO - DAG(s) dict_keys(['running_controller_timeout']) retrieved from /opt/airflow/dags/running_time_con_timeout.py
[2022-06-20 01:50:57,732] {logging_mixin.py:115} INFO - [2022-06-20 01:50:57,732] {dag.py:2371} INFO - Sync 1 DAGs
[2022-06-20 01:50:57,749] {logging_mixin.py:115} INFO - [2022-06-20 01:50:57,748] {dag.py:2919} INFO - Setting next_dagrun for running_controller_timeout to 2022-06-19T01:50:57.748824+00:00, run_after=2022-06-20T01:50:57.748824+00:00
[2022-06-20 01:50:57,850] {processor.py:161} INFO - Processing /opt/airflow/dags/running_time_con_timeout.py took 0.155 seconds
[2022-06-20 01:51:28,185] {processor.py:153} INFO - Started process (PID=298) to work on /opt/airflow/dags/running_time_con_timeout.py
[2022-06-20 01:51:28,187] {processor.py:641} INFO - Processing file /opt/airflow/dags/running_time_con_timeout.py for tasks to queue
[2022-06-20 01:51:28,189] {logging_mixin.py:115} INFO - [2022-06-20 01:51:28,189] {dagbag.py:507} INFO - Filling up the DagBag from /opt/airflow/dags/running_time_con_timeout.py
[2022-06-20 01:51:28,199] {processor.py:651} INFO - DAG(s) dict_keys(['running_controller_timeout']) retrieved from /opt/airflow/dags/running_time_con_timeout.py
[2022-06-20 01:51:28,221] {logging_mixin.py:115} INFO - [2022-06-20 01:51:28,221] {dag.py:2371} INFO - Sync 1 DAGs
[2022-06-20 01:51:28,237] {logging_mixin.py:115} INFO - [2022-06-20 01:51:28,237] {dag.py:2919} INFO - Setting next_dagrun for running_controller_timeout to 2022-06-19T01:51:28.237085+00:00, run_after=2022-06-20T01:51:28.237085+00:00
[2022-06-20 01:51:28,328] {processor.py:161} INFO - Processing /opt/airflow/dags/running_time_con_timeout.py took 0.147 seconds
[2022-06-20 01:51:58,591] {processor.py:153} INFO - Started process (PID=387) to work on /opt/airflow/dags/running_time_con_timeout.py
[2022-06-20 01:51:58,594] {processor.py:641} INFO - Processing file /opt/airflow/dags/running_time_con_timeout.py for tasks to queue
[2022-06-20 01:51:58,596] {logging_mixin.py:115} INFO - [2022-06-20 01:51:58,596] {dagbag.py:507} INFO - Filling up the DagBag from /opt/airflow/dags/running_time_con_timeout.py
[2022-06-20 01:51:58,609] {processor.py:651} INFO - DAG(s) dict_keys(['running_controller_timeout']) retrieved from /opt/airflow/dags/running_time_con_timeout.py
[2022-06-20 01:51:58,630] {logging_mixin.py:115} INFO - [2022-06-20 01:51:58,630] {dag.py:2371} INFO - Sync 1 DAGs
[2022-06-20 01:51:58,646] {logging_mixin.py:115} INFO - [2022-06-20 01:51:58,646] {dag.py:2919} INFO - Setting next_dagrun for running_controller_timeout to 2022-06-19T01:51:58.646534+00:00, run_after=2022-06-20T01:51:58.646534+00:00
[2022-06-20 01:51:58,768] {processor.py:161} INFO - Processing /opt/airflow/dags/running_time_con_timeout.py took 0.180 seconds
[2022-06-20 01:52:29,648] {processor.py:153} INFO - Started process (PID=466) to work on /opt/airflow/dags/running_time_con_timeout.py
[2022-06-20 01:52:29,651] {processor.py:641} INFO - Processing file /opt/airflow/dags/running_time_con_timeout.py for tasks to queue
[2022-06-20 01:52:29,652] {logging_mixin.py:115} INFO - [2022-06-20 01:52:29,652] {dagbag.py:507} INFO - Filling up the DagBag from /opt/airflow/dags/running_time_con_timeout.py
[2022-06-20 01:52:29,662] {processor.py:651} INFO - DAG(s) dict_keys(['running_controller_timeout']) retrieved from /opt/airflow/dags/running_time_con_timeout.py
[2022-06-20 01:52:29,682] {logging_mixin.py:115} INFO - [2022-06-20 01:52:29,682] {dag.py:2371} INFO - Sync 1 DAGs
[2022-06-20 01:52:29,699] {logging_mixin.py:115} INFO - [2022-06-20 01:52:29,699] {dag.py:2919} INFO - Setting next_dagrun for running_controller_timeout to 2022-06-19T01:52:29.698997+00:00, run_after=2022-06-20T01:52:29.698997+00:00
[2022-06-20 01:52:29,792] {processor.py:161} INFO - Processing /opt/airflow/dags/running_time_con_timeout.py took 0.147 seconds
[2022-06-20 01:53:00,211] {processor.py:153} INFO - Started process (PID=555) to work on /opt/airflow/dags/running_time_con_timeout.py
[2022-06-20 01:53:00,215] {processor.py:641} INFO - Processing file /opt/airflow/dags/running_time_con_timeout.py for tasks to queue
[2022-06-20 01:53:00,217] {logging_mixin.py:115} INFO - [2022-06-20 01:53:00,217] {dagbag.py:507} INFO - Filling up the DagBag from /opt/airflow/dags/running_time_con_timeout.py
[2022-06-20 01:53:00,229] {processor.py:651} INFO - DAG(s) dict_keys(['running_controller_timeout']) retrieved from /opt/airflow/dags/running_time_con_timeout.py
[2022-06-20 01:53:00,252] {logging_mixin.py:115} INFO - [2022-06-20 01:53:00,252] {dag.py:2371} INFO - Sync 1 DAGs
[2022-06-20 01:53:00,269] {logging_mixin.py:115} INFO - [2022-06-20 01:53:00,269] {dag.py:2919} INFO - Setting next_dagrun for running_controller_timeout to 2022-06-19T01:53:00.269357+00:00, run_after=2022-06-20T01:53:00.269357+00:00
[2022-06-20 01:53:00,363] {processor.py:161} INFO - Processing /opt/airflow/dags/running_time_con_timeout.py took 0.154 seconds
[2022-06-20 01:53:30,866] {processor.py:153} INFO - Started process (PID=644) to work on /opt/airflow/dags/running_time_con_timeout.py
[2022-06-20 01:53:30,868] {processor.py:641} INFO - Processing file /opt/airflow/dags/running_time_con_timeout.py for tasks to queue
[2022-06-20 01:53:30,869] {logging_mixin.py:115} INFO - [2022-06-20 01:53:30,869] {dagbag.py:507} INFO - Filling up the DagBag from /opt/airflow/dags/running_time_con_timeout.py
[2022-06-20 01:53:30,878] {processor.py:651} INFO - DAG(s) dict_keys(['running_controller_timeout']) retrieved from /opt/airflow/dags/running_time_con_timeout.py
[2022-06-20 01:53:30,896] {logging_mixin.py:115} INFO - [2022-06-20 01:53:30,896] {dag.py:2371} INFO - Sync 1 DAGs
[2022-06-20 01:53:30,911] {logging_mixin.py:115} INFO - [2022-06-20 01:53:30,911] {dag.py:2919} INFO - Setting next_dagrun for running_controller_timeout to 2022-06-19T01:53:30.911655+00:00, run_after=2022-06-20T01:53:30.911655+00:00
[2022-06-20 01:53:31,008] {processor.py:161} INFO - Processing /opt/airflow/dags/running_time_con_timeout.py took 0.145 seconds
[2022-06-20 01:54:01,533] {processor.py:153} INFO - Started process (PID=733) to work on /opt/airflow/dags/running_time_con_timeout.py
[2022-06-20 01:54:01,534] {processor.py:641} INFO - Processing file /opt/airflow/dags/running_time_con_timeout.py for tasks to queue
[2022-06-20 01:54:01,535] {logging_mixin.py:115} INFO - [2022-06-20 01:54:01,535] {dagbag.py:507} INFO - Filling up the DagBag from /opt/airflow/dags/running_time_con_timeout.py
[2022-06-20 01:54:01,547] {processor.py:651} INFO - DAG(s) dict_keys(['running_controller_timeout']) retrieved from /opt/airflow/dags/running_time_con_timeout.py
[2022-06-20 01:54:01,566] {logging_mixin.py:115} INFO - [2022-06-20 01:54:01,566] {dag.py:2371} INFO - Sync 1 DAGs
[2022-06-20 01:54:01,583] {logging_mixin.py:115} INFO - [2022-06-20 01:54:01,583] {dag.py:2919} INFO - Setting next_dagrun for running_controller_timeout to 2022-06-19T01:54:01.583062+00:00, run_after=2022-06-20T01:54:01.583062+00:00
[2022-06-20 01:54:01,668] {processor.py:161} INFO - Processing /opt/airflow/dags/running_time_con_timeout.py took 0.137 seconds
[2022-06-20 01:54:31,948] {processor.py:153} INFO - Started process (PID=821) to work on /opt/airflow/dags/running_time_con_timeout.py
[2022-06-20 01:54:31,953] {processor.py:641} INFO - Processing file /opt/airflow/dags/running_time_con_timeout.py for tasks to queue
[2022-06-20 01:54:31,955] {logging_mixin.py:115} INFO - [2022-06-20 01:54:31,955] {dagbag.py:507} INFO - Filling up the DagBag from /opt/airflow/dags/running_time_con_timeout.py
[2022-06-20 01:54:31,981] {processor.py:651} INFO - DAG(s) dict_keys(['running_controller_timeout']) retrieved from /opt/airflow/dags/running_time_con_timeout.py
[2022-06-20 01:54:32,000] {logging_mixin.py:115} INFO - [2022-06-20 01:54:32,000] {dag.py:2371} INFO - Sync 1 DAGs
[2022-06-20 01:54:32,021] {logging_mixin.py:115} INFO - [2022-06-20 01:54:32,021] {dag.py:2919} INFO - Setting next_dagrun for running_controller_timeout to 2022-06-19T01:54:32.021055+00:00, run_after=2022-06-20T01:54:32.021055+00:00
[2022-06-20 01:54:32,113] {processor.py:161} INFO - Processing /opt/airflow/dags/running_time_con_timeout.py took 0.167 seconds
[2022-06-20 01:55:02,274] {processor.py:153} INFO - Started process (PID=912) to work on /opt/airflow/dags/running_time_con_timeout.py
[2022-06-20 01:55:02,275] {processor.py:641} INFO - Processing file /opt/airflow/dags/running_time_con_timeout.py for tasks to queue
[2022-06-20 01:55:02,277] {logging_mixin.py:115} INFO - [2022-06-20 01:55:02,277] {dagbag.py:507} INFO - Filling up the DagBag from /opt/airflow/dags/running_time_con_timeout.py
[2022-06-20 01:55:02,287] {processor.py:651} INFO - DAG(s) dict_keys(['running_controller_timeout']) retrieved from /opt/airflow/dags/running_time_con_timeout.py
[2022-06-20 01:55:02,305] {logging_mixin.py:115} INFO - [2022-06-20 01:55:02,305] {dag.py:2371} INFO - Sync 1 DAGs
[2022-06-20 01:55:02,321] {logging_mixin.py:115} INFO - [2022-06-20 01:55:02,321] {dag.py:2919} INFO - Setting next_dagrun for running_controller_timeout to 2022-06-19T01:55:02.320857+00:00, run_after=2022-06-20T01:55:02.320857+00:00
[2022-06-20 01:55:02,417] {processor.py:161} INFO - Processing /opt/airflow/dags/running_time_con_timeout.py took 0.145 seconds
[2022-06-20 01:55:33,288] {processor.py:153} INFO - Started process (PID=1001) to work on /opt/airflow/dags/running_time_con_timeout.py
[2022-06-20 01:55:33,290] {processor.py:641} INFO - Processing file /opt/airflow/dags/running_time_con_timeout.py for tasks to queue
[2022-06-20 01:55:33,292] {logging_mixin.py:115} INFO - [2022-06-20 01:55:33,292] {dagbag.py:507} INFO - Filling up the DagBag from /opt/airflow/dags/running_time_con_timeout.py
[2022-06-20 01:55:33,305] {processor.py:651} INFO - DAG(s) dict_keys(['running_controller_timeout']) retrieved from /opt/airflow/dags/running_time_con_timeout.py
[2022-06-20 01:55:33,329] {logging_mixin.py:115} INFO - [2022-06-20 01:55:33,329] {dag.py:2371} INFO - Sync 1 DAGs
[2022-06-20 01:55:33,433] {logging_mixin.py:115} INFO - [2022-06-20 01:55:33,433] {dag.py:2919} INFO - Setting next_dagrun for running_controller_timeout to 2022-06-19T01:55:33.432600+00:00, run_after=2022-06-20T01:55:33.432600+00:00
[2022-06-20 01:55:33,443] {processor.py:161} INFO - Processing /opt/airflow/dags/running_time_con_timeout.py took 0.157 seconds
[2022-06-20 01:56:03,870] {processor.py:153} INFO - Started process (PID=1080) to work on /opt/airflow/dags/running_time_con_timeout.py
[2022-06-20 01:56:03,872] {processor.py:641} INFO - Processing file /opt/airflow/dags/running_time_con_timeout.py for tasks to queue
[2022-06-20 01:56:03,873] {logging_mixin.py:115} INFO - [2022-06-20 01:56:03,873] {dagbag.py:507} INFO - Filling up the DagBag from /opt/airflow/dags/running_time_con_timeout.py
[2022-06-20 01:56:03,883] {processor.py:651} INFO - DAG(s) dict_keys(['running_controller_timeout']) retrieved from /opt/airflow/dags/running_time_con_timeout.py
[2022-06-20 01:56:03,900] {logging_mixin.py:115} INFO - [2022-06-20 01:56:03,900] {dag.py:2371} INFO - Sync 1 DAGs
[2022-06-20 01:56:03,985] {logging_mixin.py:115} INFO - [2022-06-20 01:56:03,985] {dag.py:2919} INFO - Setting next_dagrun for running_controller_timeout to 2022-06-19T01:56:03.985474+00:00, run_after=2022-06-20T01:56:03.985474+00:00
[2022-06-20 01:56:03,994] {processor.py:161} INFO - Processing /opt/airflow/dags/running_time_con_timeout.py took 0.126 seconds
[2022-06-20 01:56:34,246] {processor.py:153} INFO - Started process (PID=1169) to work on /opt/airflow/dags/running_time_con_timeout.py
[2022-06-20 01:56:34,248] {processor.py:641} INFO - Processing file /opt/airflow/dags/running_time_con_timeout.py for tasks to queue
[2022-06-20 01:56:34,249] {logging_mixin.py:115} INFO - [2022-06-20 01:56:34,249] {dagbag.py:507} INFO - Filling up the DagBag from /opt/airflow/dags/running_time_con_timeout.py
[2022-06-20 01:56:34,261] {processor.py:651} INFO - DAG(s) dict_keys(['running_controller_timeout']) retrieved from /opt/airflow/dags/running_time_con_timeout.py
[2022-06-20 01:56:34,283] {logging_mixin.py:115} INFO - [2022-06-20 01:56:34,283] {dag.py:2371} INFO - Sync 1 DAGs
[2022-06-20 01:56:34,385] {logging_mixin.py:115} INFO - [2022-06-20 01:56:34,385] {dag.py:2919} INFO - Setting next_dagrun for running_controller_timeout to 2022-06-19T01:56:34.385189+00:00, run_after=2022-06-20T01:56:34.385189+00:00
[2022-06-20 01:56:34,397] {processor.py:161} INFO - Processing /opt/airflow/dags/running_time_con_timeout.py took 0.153 seconds
[2022-06-20 01:57:04,469] {processor.py:153} INFO - Started process (PID=1258) to work on /opt/airflow/dags/running_time_con_timeout.py
[2022-06-20 01:57:04,473] {processor.py:641} INFO - Processing file /opt/airflow/dags/running_time_con_timeout.py for tasks to queue
[2022-06-20 01:57:04,476] {logging_mixin.py:115} INFO - [2022-06-20 01:57:04,476] {dagbag.py:507} INFO - Filling up the DagBag from /opt/airflow/dags/running_time_con_timeout.py
[2022-06-20 01:57:04,516] {processor.py:651} INFO - DAG(s) dict_keys(['running_controller_timeout']) retrieved from /opt/airflow/dags/running_time_con_timeout.py
[2022-06-20 01:57:04,540] {logging_mixin.py:115} INFO - [2022-06-20 01:57:04,540] {dag.py:2371} INFO - Sync 1 DAGs
[2022-06-20 01:57:04,634] {logging_mixin.py:115} INFO - [2022-06-20 01:57:04,634] {dag.py:2919} INFO - Setting next_dagrun for running_controller_timeout to 2022-06-19T01:57:04.634463+00:00, run_after=2022-06-20T01:57:04.634463+00:00
[2022-06-20 01:57:04,642] {processor.py:161} INFO - Processing /opt/airflow/dags/running_time_con_timeout.py took 0.179 seconds
[2022-06-20 01:57:35,181] {processor.py:153} INFO - Started process (PID=1347) to work on /opt/airflow/dags/running_time_con_timeout.py
[2022-06-20 01:57:35,183] {processor.py:641} INFO - Processing file /opt/airflow/dags/running_time_con_timeout.py for tasks to queue
[2022-06-20 01:57:35,184] {logging_mixin.py:115} INFO - [2022-06-20 01:57:35,184] {dagbag.py:507} INFO - Filling up the DagBag from /opt/airflow/dags/running_time_con_timeout.py
[2022-06-20 01:57:35,195] {processor.py:651} INFO - DAG(s) dict_keys(['running_controller_timeout']) retrieved from /opt/airflow/dags/running_time_con_timeout.py
[2022-06-20 01:57:35,213] {logging_mixin.py:115} INFO - [2022-06-20 01:57:35,213] {dag.py:2371} INFO - Sync 1 DAGs
[2022-06-20 01:57:35,346] {logging_mixin.py:115} INFO - [2022-06-20 01:57:35,345] {dag.py:2919} INFO - Setting next_dagrun for running_controller_timeout to 2022-06-19T01:57:35.345740+00:00, run_after=2022-06-20T01:57:35.345740+00:00
[2022-06-20 01:57:35,361] {processor.py:161} INFO - Processing /opt/airflow/dags/running_time_con_timeout.py took 0.182 seconds
[2022-06-20 01:58:06,122] {processor.py:153} INFO - Started process (PID=1436) to work on /opt/airflow/dags/running_time_con_timeout.py
[2022-06-20 01:58:06,124] {processor.py:641} INFO - Processing file /opt/airflow/dags/running_time_con_timeout.py for tasks to queue
[2022-06-20 01:58:06,125] {logging_mixin.py:115} INFO - [2022-06-20 01:58:06,125] {dagbag.py:507} INFO - Filling up the DagBag from /opt/airflow/dags/running_time_con_timeout.py
[2022-06-20 01:58:06,135] {processor.py:651} INFO - DAG(s) dict_keys(['running_controller_timeout']) retrieved from /opt/airflow/dags/running_time_con_timeout.py
[2022-06-20 01:58:06,154] {logging_mixin.py:115} INFO - [2022-06-20 01:58:06,154] {dag.py:2371} INFO - Sync 1 DAGs
[2022-06-20 01:58:06,247] {logging_mixin.py:115} INFO - [2022-06-20 01:58:06,247] {dag.py:2919} INFO - Setting next_dagrun for running_controller_timeout to 2022-06-19T01:58:06.247109+00:00, run_after=2022-06-20T01:58:06.247109+00:00
[2022-06-20 01:58:06,257] {processor.py:161} INFO - Processing /opt/airflow/dags/running_time_con_timeout.py took 0.137 seconds
[2022-06-20 01:58:37,143] {processor.py:153} INFO - Started process (PID=1523) to work on /opt/airflow/dags/running_time_con_timeout.py
[2022-06-20 01:58:37,145] {processor.py:641} INFO - Processing file /opt/airflow/dags/running_time_con_timeout.py for tasks to queue
[2022-06-20 01:58:37,147] {logging_mixin.py:115} INFO - [2022-06-20 01:58:37,147] {dagbag.py:507} INFO - Filling up the DagBag from /opt/airflow/dags/running_time_con_timeout.py
[2022-06-20 01:58:37,158] {processor.py:651} INFO - DAG(s) dict_keys(['running_controller_timeout']) retrieved from /opt/airflow/dags/running_time_con_timeout.py
[2022-06-20 01:58:37,180] {logging_mixin.py:115} INFO - [2022-06-20 01:58:37,180] {dag.py:2371} INFO - Sync 1 DAGs
[2022-06-20 01:58:37,292] {logging_mixin.py:115} INFO - [2022-06-20 01:58:37,292] {dag.py:2919} INFO - Setting next_dagrun for running_controller_timeout to 2022-06-19T01:58:37.292802+00:00, run_after=2022-06-20T01:58:37.292802+00:00
[2022-06-20 01:58:37,314] {processor.py:161} INFO - Processing /opt/airflow/dags/running_time_con_timeout.py took 0.173 seconds
[2022-06-20 01:59:07,515] {processor.py:153} INFO - Started process (PID=1604) to work on /opt/airflow/dags/running_time_con_timeout.py
[2022-06-20 01:59:07,516] {processor.py:641} INFO - Processing file /opt/airflow/dags/running_time_con_timeout.py for tasks to queue
[2022-06-20 01:59:07,517] {logging_mixin.py:115} INFO - [2022-06-20 01:59:07,517] {dagbag.py:507} INFO - Filling up the DagBag from /opt/airflow/dags/running_time_con_timeout.py
[2022-06-20 01:59:07,528] {processor.py:651} INFO - DAG(s) dict_keys(['running_controller_timeout']) retrieved from /opt/airflow/dags/running_time_con_timeout.py
[2022-06-20 01:59:07,551] {logging_mixin.py:115} INFO - [2022-06-20 01:59:07,551] {dag.py:2371} INFO - Sync 1 DAGs
[2022-06-20 01:59:07,687] {logging_mixin.py:115} INFO - [2022-06-20 01:59:07,687] {dag.py:2919} INFO - Setting next_dagrun for running_controller_timeout to 2022-06-19T01:59:07.687195+00:00, run_after=2022-06-20T01:59:07.687195+00:00
[2022-06-20 01:59:07,697] {processor.py:161} INFO - Processing /opt/airflow/dags/running_time_con_timeout.py took 0.184 seconds
[2022-06-20 01:59:38,182] {processor.py:153} INFO - Started process (PID=1693) to work on /opt/airflow/dags/running_time_con_timeout.py
[2022-06-20 01:59:38,184] {processor.py:641} INFO - Processing file /opt/airflow/dags/running_time_con_timeout.py for tasks to queue
[2022-06-20 01:59:38,187] {logging_mixin.py:115} INFO - [2022-06-20 01:59:38,187] {dagbag.py:507} INFO - Filling up the DagBag from /opt/airflow/dags/running_time_con_timeout.py
[2022-06-20 01:59:38,197] {processor.py:651} INFO - DAG(s) dict_keys(['running_controller_timeout']) retrieved from /opt/airflow/dags/running_time_con_timeout.py
[2022-06-20 01:59:38,216] {logging_mixin.py:115} INFO - [2022-06-20 01:59:38,216] {dag.py:2371} INFO - Sync 1 DAGs
[2022-06-20 01:59:38,310] {logging_mixin.py:115} INFO - [2022-06-20 01:59:38,310] {dag.py:2919} INFO - Setting next_dagrun for running_controller_timeout to 2022-06-19T01:59:38.310538+00:00, run_after=2022-06-20T01:59:38.310538+00:00
[2022-06-20 01:59:38,321] {processor.py:161} INFO - Processing /opt/airflow/dags/running_time_con_timeout.py took 0.141 seconds
[2022-06-20 02:00:08,982] {processor.py:153} INFO - Started process (PID=1780) to work on /opt/airflow/dags/running_time_con_timeout.py
[2022-06-20 02:00:08,984] {processor.py:641} INFO - Processing file /opt/airflow/dags/running_time_con_timeout.py for tasks to queue
[2022-06-20 02:00:08,986] {logging_mixin.py:115} INFO - [2022-06-20 02:00:08,986] {dagbag.py:507} INFO - Filling up the DagBag from /opt/airflow/dags/running_time_con_timeout.py
[2022-06-20 02:00:08,996] {processor.py:651} INFO - DAG(s) dict_keys(['running_controller_timeout']) retrieved from /opt/airflow/dags/running_time_con_timeout.py
[2022-06-20 02:00:09,018] {logging_mixin.py:115} INFO - [2022-06-20 02:00:09,018] {dag.py:2371} INFO - Sync 1 DAGs
[2022-06-20 02:00:09,109] {logging_mixin.py:115} INFO - [2022-06-20 02:00:09,109] {dag.py:2919} INFO - Setting next_dagrun for running_controller_timeout to 2022-06-19T02:00:09.109766+00:00, run_after=2022-06-20T02:00:09.109766+00:00
[2022-06-20 02:00:09,118] {processor.py:161} INFO - Processing /opt/airflow/dags/running_time_con_timeout.py took 0.138 seconds
[2022-06-20 02:00:39,657] {processor.py:153} INFO - Started process (PID=1870) to work on /opt/airflow/dags/running_time_con_timeout.py
[2022-06-20 02:00:39,659] {processor.py:641} INFO - Processing file /opt/airflow/dags/running_time_con_timeout.py for tasks to queue
[2022-06-20 02:00:39,661] {logging_mixin.py:115} INFO - [2022-06-20 02:00:39,661] {dagbag.py:507} INFO - Filling up the DagBag from /opt/airflow/dags/running_time_con_timeout.py
[2022-06-20 02:00:39,674] {processor.py:651} INFO - DAG(s) dict_keys(['running_controller_timeout']) retrieved from /opt/airflow/dags/running_time_con_timeout.py
[2022-06-20 02:00:39,693] {logging_mixin.py:115} INFO - [2022-06-20 02:00:39,693] {dag.py:2371} INFO - Sync 1 DAGs
[2022-06-20 02:00:39,786] {logging_mixin.py:115} INFO - [2022-06-20 02:00:39,786] {dag.py:2919} INFO - Setting next_dagrun for running_controller_timeout to 2022-06-19T02:00:39.786590+00:00, run_after=2022-06-20T02:00:39.786590+00:00
[2022-06-20 02:00:39,796] {processor.py:161} INFO - Processing /opt/airflow/dags/running_time_con_timeout.py took 0.141 seconds
[2022-06-20 02:01:10,116] {processor.py:153} INFO - Started process (PID=1958) to work on /opt/airflow/dags/running_time_con_timeout.py
[2022-06-20 02:01:10,118] {processor.py:641} INFO - Processing file /opt/airflow/dags/running_time_con_timeout.py for tasks to queue
[2022-06-20 02:01:10,119] {logging_mixin.py:115} INFO - [2022-06-20 02:01:10,119] {dagbag.py:507} INFO - Filling up the DagBag from /opt/airflow/dags/running_time_con_timeout.py
[2022-06-20 02:01:10,129] {processor.py:651} INFO - DAG(s) dict_keys(['running_controller_timeout']) retrieved from /opt/airflow/dags/running_time_con_timeout.py
[2022-06-20 02:01:10,150] {logging_mixin.py:115} INFO - [2022-06-20 02:01:10,150] {dag.py:2371} INFO - Sync 1 DAGs
[2022-06-20 02:01:10,240] {logging_mixin.py:115} INFO - [2022-06-20 02:01:10,240] {dag.py:2919} INFO - Setting next_dagrun for running_controller_timeout to 2022-06-19T02:01:10.240799+00:00, run_after=2022-06-20T02:01:10.240799+00:00
[2022-06-20 02:01:10,250] {processor.py:161} INFO - Processing /opt/airflow/dags/running_time_con_timeout.py took 0.135 seconds
[2022-06-20 02:01:40,863] {processor.py:153} INFO - Started process (PID=2046) to work on /opt/airflow/dags/running_time_con_timeout.py
[2022-06-20 02:01:40,865] {processor.py:641} INFO - Processing file /opt/airflow/dags/running_time_con_timeout.py for tasks to queue
[2022-06-20 02:01:40,867] {logging_mixin.py:115} INFO - [2022-06-20 02:01:40,867] {dagbag.py:507} INFO - Filling up the DagBag from /opt/airflow/dags/running_time_con_timeout.py
[2022-06-20 02:01:40,880] {processor.py:651} INFO - DAG(s) dict_keys(['running_controller_timeout']) retrieved from /opt/airflow/dags/running_time_con_timeout.py
[2022-06-20 02:01:40,905] {logging_mixin.py:115} INFO - [2022-06-20 02:01:40,905] {dag.py:2371} INFO - Sync 1 DAGs
[2022-06-20 02:01:41,017] {logging_mixin.py:115} INFO - [2022-06-20 02:01:41,017] {dag.py:2919} INFO - Setting next_dagrun for running_controller_timeout to 2022-06-19T02:01:41.017225+00:00, run_after=2022-06-20T02:01:41.017225+00:00
[2022-06-20 02:01:41,031] {processor.py:161} INFO - Processing /opt/airflow/dags/running_time_con_timeout.py took 0.170 seconds
[2022-06-20 02:02:11,377] {processor.py:153} INFO - Started process (PID=2125) to work on /opt/airflow/dags/running_time_con_timeout.py
[2022-06-20 02:02:11,379] {processor.py:641} INFO - Processing file /opt/airflow/dags/running_time_con_timeout.py for tasks to queue
[2022-06-20 02:02:11,380] {logging_mixin.py:115} INFO - [2022-06-20 02:02:11,380] {dagbag.py:507} INFO - Filling up the DagBag from /opt/airflow/dags/running_time_con_timeout.py
[2022-06-20 02:02:11,392] {processor.py:651} INFO - DAG(s) dict_keys(['running_controller_timeout']) retrieved from /opt/airflow/dags/running_time_con_timeout.py
[2022-06-20 02:02:11,414] {logging_mixin.py:115} INFO - [2022-06-20 02:02:11,414] {dag.py:2371} INFO - Sync 1 DAGs
[2022-06-20 02:02:11,511] {logging_mixin.py:115} INFO - [2022-06-20 02:02:11,511] {dag.py:2919} INFO - Setting next_dagrun for running_controller_timeout to 2022-06-19T02:02:11.510810+00:00, run_after=2022-06-20T02:02:11.510810+00:00
[2022-06-20 02:02:11,520] {processor.py:161} INFO - Processing /opt/airflow/dags/running_time_con_timeout.py took 0.146 seconds
[2022-06-20 02:02:42,372] {processor.py:153} INFO - Started process (PID=2214) to work on /opt/airflow/dags/running_time_con_timeout.py
[2022-06-20 02:02:42,374] {processor.py:641} INFO - Processing file /opt/airflow/dags/running_time_con_timeout.py for tasks to queue
[2022-06-20 02:02:42,375] {logging_mixin.py:115} INFO - [2022-06-20 02:02:42,375] {dagbag.py:507} INFO - Filling up the DagBag from /opt/airflow/dags/running_time_con_timeout.py
[2022-06-20 02:02:42,385] {processor.py:651} INFO - DAG(s) dict_keys(['running_controller_timeout']) retrieved from /opt/airflow/dags/running_time_con_timeout.py
[2022-06-20 02:02:42,411] {logging_mixin.py:115} INFO - [2022-06-20 02:02:42,411] {dag.py:2371} INFO - Sync 1 DAGs
[2022-06-20 02:02:42,504] {logging_mixin.py:115} INFO - [2022-06-20 02:02:42,504] {dag.py:2919} INFO - Setting next_dagrun for running_controller_timeout to 2022-06-19T02:02:42.503950+00:00, run_after=2022-06-20T02:02:42.503950+00:00
[2022-06-20 02:02:42,515] {processor.py:161} INFO - Processing /opt/airflow/dags/running_time_con_timeout.py took 0.145 seconds
[2022-06-20 02:03:12,924] {processor.py:153} INFO - Started process (PID=2303) to work on /opt/airflow/dags/running_time_con_timeout.py
[2022-06-20 02:03:12,926] {processor.py:641} INFO - Processing file /opt/airflow/dags/running_time_con_timeout.py for tasks to queue
[2022-06-20 02:03:12,927] {logging_mixin.py:115} INFO - [2022-06-20 02:03:12,927] {dagbag.py:507} INFO - Filling up the DagBag from /opt/airflow/dags/running_time_con_timeout.py
[2022-06-20 02:03:12,937] {processor.py:651} INFO - DAG(s) dict_keys(['running_controller_timeout']) retrieved from /opt/airflow/dags/running_time_con_timeout.py
[2022-06-20 02:03:12,957] {logging_mixin.py:115} INFO - [2022-06-20 02:03:12,957] {dag.py:2371} INFO - Sync 1 DAGs
[2022-06-20 02:03:13,054] {logging_mixin.py:115} INFO - [2022-06-20 02:03:13,054] {dag.py:2919} INFO - Setting next_dagrun for running_controller_timeout to 2022-06-19T02:03:13.054063+00:00, run_after=2022-06-20T02:03:13.054063+00:00
[2022-06-20 02:03:13,064] {processor.py:161} INFO - Processing /opt/airflow/dags/running_time_con_timeout.py took 0.142 seconds
[2022-06-20 02:03:43,396] {processor.py:153} INFO - Started process (PID=2392) to work on /opt/airflow/dags/running_time_con_timeout.py
[2022-06-20 02:03:43,398] {processor.py:641} INFO - Processing file /opt/airflow/dags/running_time_con_timeout.py for tasks to queue
[2022-06-20 02:03:43,399] {logging_mixin.py:115} INFO - [2022-06-20 02:03:43,399] {dagbag.py:507} INFO - Filling up the DagBag from /opt/airflow/dags/running_time_con_timeout.py
[2022-06-20 02:03:43,409] {processor.py:651} INFO - DAG(s) dict_keys(['running_controller_timeout']) retrieved from /opt/airflow/dags/running_time_con_timeout.py
[2022-06-20 02:03:43,427] {logging_mixin.py:115} INFO - [2022-06-20 02:03:43,427] {dag.py:2371} INFO - Sync 1 DAGs
[2022-06-20 02:03:43,502] {logging_mixin.py:115} INFO - [2022-06-20 02:03:43,502] {dag.py:2919} INFO - Setting next_dagrun for running_controller_timeout to 2022-06-19T02:03:43.502493+00:00, run_after=2022-06-20T02:03:43.502493+00:00
[2022-06-20 02:03:43,510] {processor.py:161} INFO - Processing /opt/airflow/dags/running_time_con_timeout.py took 0.116 seconds
[2022-06-20 02:04:14,316] {processor.py:153} INFO - Started process (PID=2482) to work on /opt/airflow/dags/running_time_con_timeout.py
[2022-06-20 02:04:14,317] {processor.py:641} INFO - Processing file /opt/airflow/dags/running_time_con_timeout.py for tasks to queue
[2022-06-20 02:04:14,318] {logging_mixin.py:115} INFO - [2022-06-20 02:04:14,318] {dagbag.py:507} INFO - Filling up the DagBag from /opt/airflow/dags/running_time_con_timeout.py
[2022-06-20 02:04:14,329] {processor.py:651} INFO - DAG(s) dict_keys(['running_controller_timeout']) retrieved from /opt/airflow/dags/running_time_con_timeout.py
[2022-06-20 02:04:14,349] {logging_mixin.py:115} INFO - [2022-06-20 02:04:14,349] {dag.py:2371} INFO - Sync 1 DAGs
[2022-06-20 02:04:14,439] {logging_mixin.py:115} INFO - [2022-06-20 02:04:14,439] {dag.py:2919} INFO - Setting next_dagrun for running_controller_timeout to 2022-06-19T02:04:14.439215+00:00, run_after=2022-06-20T02:04:14.439215+00:00
[2022-06-20 02:04:14,464] {processor.py:161} INFO - Processing /opt/airflow/dags/running_time_con_timeout.py took 0.150 seconds
[2022-06-20 02:04:44,832] {processor.py:153} INFO - Started process (PID=2572) to work on /opt/airflow/dags/running_time_con_timeout.py
[2022-06-20 02:04:44,834] {processor.py:641} INFO - Processing file /opt/airflow/dags/running_time_con_timeout.py for tasks to queue
[2022-06-20 02:04:44,836] {logging_mixin.py:115} INFO - [2022-06-20 02:04:44,836] {dagbag.py:507} INFO - Filling up the DagBag from /opt/airflow/dags/running_time_con_timeout.py
[2022-06-20 02:04:44,849] {processor.py:651} INFO - DAG(s) dict_keys(['running_controller_timeout']) retrieved from /opt/airflow/dags/running_time_con_timeout.py
[2022-06-20 02:04:44,873] {logging_mixin.py:115} INFO - [2022-06-20 02:04:44,873] {dag.py:2371} INFO - Sync 1 DAGs
[2022-06-20 02:04:44,979] {logging_mixin.py:115} INFO - [2022-06-20 02:04:44,979] {dag.py:2919} INFO - Setting next_dagrun for running_controller_timeout to 2022-06-19T02:04:44.979289+00:00, run_after=2022-06-20T02:04:44.979289+00:00
[2022-06-20 02:04:44,988] {processor.py:161} INFO - Processing /opt/airflow/dags/running_time_con_timeout.py took 0.159 seconds
[2022-06-20 02:05:16,585] {processor.py:153} INFO - Started process (PID=2652) to work on /opt/airflow/dags/running_time_con_timeout.py
[2022-06-20 02:05:16,586] {processor.py:641} INFO - Processing file /opt/airflow/dags/running_time_con_timeout.py for tasks to queue
[2022-06-20 02:05:16,587] {logging_mixin.py:115} INFO - [2022-06-20 02:05:16,587] {dagbag.py:507} INFO - Filling up the DagBag from /opt/airflow/dags/running_time_con_timeout.py
[2022-06-20 02:05:16,680] {processor.py:651} INFO - DAG(s) dict_keys(['running_controller_timeout']) retrieved from /opt/airflow/dags/running_time_con_timeout.py
[2022-06-20 02:05:16,705] {logging_mixin.py:115} INFO - [2022-06-20 02:05:16,704] {dag.py:2371} INFO - Sync 1 DAGs
[2022-06-20 02:05:16,716] {logging_mixin.py:115} INFO - [2022-06-20 02:05:16,716] {dag.py:2919} INFO - Setting next_dagrun for running_controller_timeout to 2022-06-19T02:05:16.716815+00:00, run_after=2022-06-20T02:05:16.716815+00:00
[2022-06-20 02:05:16,724] {processor.py:161} INFO - Processing /opt/airflow/dags/running_time_con_timeout.py took 0.141 seconds
