[2022-06-26 13:37:31,592] {processor.py:153} INFO - Started process (PID=62) to work on /opt/airflow/dags/chapter04/4_2_context_pythonop.py
[2022-06-26 13:37:31,597] {processor.py:641} INFO - Processing file /opt/airflow/dags/chapter04/4_2_context_pythonop.py for tasks to queue
[2022-06-26 13:37:31,601] {logging_mixin.py:115} INFO - [2022-06-26 13:37:31,601] {dagbag.py:507} INFO - Filling up the DagBag from /opt/airflow/dags/chapter04/4_2_context_pythonop.py
[2022-06-26 13:37:31,643] {processor.py:651} INFO - DAG(s) dict_keys(['4_2_context_pythonop']) retrieved from /opt/airflow/dags/chapter04/4_2_context_pythonop.py
[2022-06-26 13:37:31,768] {logging_mixin.py:115} INFO - [2022-06-26 13:37:31,767] {manager.py:508} INFO - Created Permission View: can read on DAG:4_2_context_pythonop
[2022-06-26 13:37:31,784] {logging_mixin.py:115} INFO - [2022-06-26 13:37:31,784] {manager.py:508} INFO - Created Permission View: can edit on DAG:4_2_context_pythonop
[2022-06-26 13:37:31,794] {logging_mixin.py:115} INFO - [2022-06-26 13:37:31,794] {manager.py:508} INFO - Created Permission View: can delete on DAG:4_2_context_pythonop
[2022-06-26 13:37:31,796] {logging_mixin.py:115} INFO - [2022-06-26 13:37:31,796] {dag.py:2371} INFO - Sync 1 DAGs
[2022-06-26 13:37:31,806] {logging_mixin.py:115} INFO - [2022-06-26 13:37:31,806] {dag.py:2390} INFO - Creating ORM DAG for 4_2_context_pythonop
[2022-06-26 13:37:32,078] {logging_mixin.py:115} INFO - [2022-06-26 13:37:32,078] {dag.py:2919} INFO - Setting next_dagrun for 4_2_context_pythonop to 2022-06-23T00:00:00+00:00, run_after=2022-06-23T00:00:00+00:00
[2022-06-26 13:37:32,110] {processor.py:161} INFO - Processing /opt/airflow/dags/chapter04/4_2_context_pythonop.py took 0.523 seconds
[2022-06-26 13:38:03,041] {processor.py:153} INFO - Started process (PID=123) to work on /opt/airflow/dags/chapter04/4_2_context_pythonop.py
[2022-06-26 13:38:03,042] {processor.py:641} INFO - Processing file /opt/airflow/dags/chapter04/4_2_context_pythonop.py for tasks to queue
[2022-06-26 13:38:03,044] {logging_mixin.py:115} INFO - [2022-06-26 13:38:03,044] {dagbag.py:507} INFO - Filling up the DagBag from /opt/airflow/dags/chapter04/4_2_context_pythonop.py
[2022-06-26 13:38:03,077] {processor.py:651} INFO - DAG(s) dict_keys(['4_2_context_pythonop']) retrieved from /opt/airflow/dags/chapter04/4_2_context_pythonop.py
[2022-06-26 13:38:03,107] {logging_mixin.py:115} INFO - [2022-06-26 13:38:03,107] {dag.py:2371} INFO - Sync 1 DAGs
[2022-06-26 13:38:03,124] {logging_mixin.py:115} INFO - [2022-06-26 13:38:03,124] {dag.py:2919} INFO - Setting next_dagrun for 4_2_context_pythonop to 2022-06-23T00:00:00+00:00, run_after=2022-06-23T00:00:00+00:00
[2022-06-26 13:38:03,134] {processor.py:161} INFO - Processing /opt/airflow/dags/chapter04/4_2_context_pythonop.py took 0.096 seconds
[2022-06-26 13:38:33,679] {processor.py:153} INFO - Started process (PID=174) to work on /opt/airflow/dags/chapter04/4_2_context_pythonop.py
[2022-06-26 13:38:33,682] {processor.py:641} INFO - Processing file /opt/airflow/dags/chapter04/4_2_context_pythonop.py for tasks to queue
[2022-06-26 13:38:33,686] {logging_mixin.py:115} INFO - [2022-06-26 13:38:33,686] {dagbag.py:507} INFO - Filling up the DagBag from /opt/airflow/dags/chapter04/4_2_context_pythonop.py
[2022-06-26 13:38:33,694] {processor.py:651} INFO - DAG(s) dict_keys(['4_2_context_pythonop']) retrieved from /opt/airflow/dags/chapter04/4_2_context_pythonop.py
[2022-06-26 13:38:33,712] {logging_mixin.py:115} INFO - [2022-06-26 13:38:33,712] {dag.py:2371} INFO - Sync 1 DAGs
[2022-06-26 13:38:33,735] {logging_mixin.py:115} INFO - [2022-06-26 13:38:33,735] {dag.py:2919} INFO - Setting next_dagrun for 4_2_context_pythonop to 2022-06-23T00:00:00+00:00, run_after=2022-06-23T00:00:00+00:00
[2022-06-26 13:38:33,756] {processor.py:161} INFO - Processing /opt/airflow/dags/chapter04/4_2_context_pythonop.py took 0.080 seconds
[2022-06-26 13:39:04,279] {processor.py:153} INFO - Started process (PID=236) to work on /opt/airflow/dags/chapter04/4_2_context_pythonop.py
[2022-06-26 13:39:04,280] {processor.py:641} INFO - Processing file /opt/airflow/dags/chapter04/4_2_context_pythonop.py for tasks to queue
[2022-06-26 13:39:04,282] {logging_mixin.py:115} INFO - [2022-06-26 13:39:04,282] {dagbag.py:507} INFO - Filling up the DagBag from /opt/airflow/dags/chapter04/4_2_context_pythonop.py
[2022-06-26 13:39:04,290] {processor.py:651} INFO - DAG(s) dict_keys(['4_2_context_pythonop']) retrieved from /opt/airflow/dags/chapter04/4_2_context_pythonop.py
[2022-06-26 13:39:04,323] {logging_mixin.py:115} INFO - [2022-06-26 13:39:04,323] {dag.py:2371} INFO - Sync 1 DAGs
[2022-06-26 13:39:04,341] {logging_mixin.py:115} INFO - [2022-06-26 13:39:04,341] {dag.py:2919} INFO - Setting next_dagrun for 4_2_context_pythonop to 2022-06-23T00:00:00+00:00, run_after=2022-06-23T00:00:00+00:00
[2022-06-26 13:39:04,353] {processor.py:161} INFO - Processing /opt/airflow/dags/chapter04/4_2_context_pythonop.py took 0.078 seconds
[2022-06-26 13:39:34,514] {processor.py:153} INFO - Started process (PID=297) to work on /opt/airflow/dags/chapter04/4_2_context_pythonop.py
[2022-06-26 13:39:34,516] {processor.py:641} INFO - Processing file /opt/airflow/dags/chapter04/4_2_context_pythonop.py for tasks to queue
[2022-06-26 13:39:34,522] {logging_mixin.py:115} INFO - [2022-06-26 13:39:34,522] {dagbag.py:507} INFO - Filling up the DagBag from /opt/airflow/dags/chapter04/4_2_context_pythonop.py
[2022-06-26 13:39:34,532] {processor.py:651} INFO - DAG(s) dict_keys(['4_2_context_pythonop']) retrieved from /opt/airflow/dags/chapter04/4_2_context_pythonop.py
[2022-06-26 13:39:34,553] {logging_mixin.py:115} INFO - [2022-06-26 13:39:34,553] {dag.py:2371} INFO - Sync 1 DAGs
[2022-06-26 13:39:34,571] {logging_mixin.py:115} INFO - [2022-06-26 13:39:34,571] {dag.py:2919} INFO - Setting next_dagrun for 4_2_context_pythonop to 2022-06-23T00:00:00+00:00, run_after=2022-06-23T00:00:00+00:00
[2022-06-26 13:39:34,581] {processor.py:161} INFO - Processing /opt/airflow/dags/chapter04/4_2_context_pythonop.py took 0.070 seconds
[2022-06-26 13:40:04,807] {processor.py:153} INFO - Started process (PID=357) to work on /opt/airflow/dags/chapter04/4_2_context_pythonop.py
[2022-06-26 13:40:04,809] {processor.py:641} INFO - Processing file /opt/airflow/dags/chapter04/4_2_context_pythonop.py for tasks to queue
[2022-06-26 13:40:04,811] {logging_mixin.py:115} INFO - [2022-06-26 13:40:04,811] {dagbag.py:507} INFO - Filling up the DagBag from /opt/airflow/dags/chapter04/4_2_context_pythonop.py
[2022-06-26 13:40:04,873] {processor.py:651} INFO - DAG(s) dict_keys(['4_2_context_pythonop']) retrieved from /opt/airflow/dags/chapter04/4_2_context_pythonop.py
[2022-06-26 13:40:04,907] {logging_mixin.py:115} INFO - [2022-06-26 13:40:04,907] {dag.py:2371} INFO - Sync 1 DAGs
[2022-06-26 13:40:04,939] {logging_mixin.py:115} INFO - [2022-06-26 13:40:04,939] {dag.py:2919} INFO - Setting next_dagrun for 4_2_context_pythonop to 2022-06-23T00:00:00+00:00, run_after=2022-06-23T00:00:00+00:00
[2022-06-26 13:40:04,948] {processor.py:161} INFO - Processing /opt/airflow/dags/chapter04/4_2_context_pythonop.py took 0.147 seconds
[2022-06-26 13:40:35,658] {processor.py:153} INFO - Started process (PID=419) to work on /opt/airflow/dags/chapter04/4_2_context_pythonop.py
[2022-06-26 13:40:35,660] {processor.py:641} INFO - Processing file /opt/airflow/dags/chapter04/4_2_context_pythonop.py for tasks to queue
[2022-06-26 13:40:35,662] {logging_mixin.py:115} INFO - [2022-06-26 13:40:35,661] {dagbag.py:507} INFO - Filling up the DagBag from /opt/airflow/dags/chapter04/4_2_context_pythonop.py
[2022-06-26 13:40:35,669] {processor.py:651} INFO - DAG(s) dict_keys(['4_2_context_pythonop']) retrieved from /opt/airflow/dags/chapter04/4_2_context_pythonop.py
[2022-06-26 13:40:35,689] {logging_mixin.py:115} INFO - [2022-06-26 13:40:35,689] {dag.py:2371} INFO - Sync 1 DAGs
[2022-06-26 13:40:35,704] {logging_mixin.py:115} INFO - [2022-06-26 13:40:35,704] {dag.py:2919} INFO - Setting next_dagrun for 4_2_context_pythonop to 2022-06-23T00:00:00+00:00, run_after=2022-06-23T00:00:00+00:00
[2022-06-26 13:40:35,712] {processor.py:161} INFO - Processing /opt/airflow/dags/chapter04/4_2_context_pythonop.py took 0.059 seconds
[2022-06-26 13:41:06,593] {processor.py:153} INFO - Started process (PID=483) to work on /opt/airflow/dags/chapter04/4_2_context_pythonop.py
[2022-06-26 13:41:06,595] {processor.py:641} INFO - Processing file /opt/airflow/dags/chapter04/4_2_context_pythonop.py for tasks to queue
[2022-06-26 13:41:06,596] {logging_mixin.py:115} INFO - [2022-06-26 13:41:06,596] {dagbag.py:507} INFO - Filling up the DagBag from /opt/airflow/dags/chapter04/4_2_context_pythonop.py
[2022-06-26 13:41:06,609] {processor.py:651} INFO - DAG(s) dict_keys(['4_2_context_pythonop']) retrieved from /opt/airflow/dags/chapter04/4_2_context_pythonop.py
[2022-06-26 13:41:06,632] {logging_mixin.py:115} INFO - [2022-06-26 13:41:06,632] {dag.py:2371} INFO - Sync 1 DAGs
[2022-06-26 13:41:06,650] {logging_mixin.py:115} INFO - [2022-06-26 13:41:06,650] {dag.py:2919} INFO - Setting next_dagrun for 4_2_context_pythonop to 2022-06-23T00:00:00+00:00, run_after=2022-06-23T00:00:00+00:00
[2022-06-26 13:41:06,660] {processor.py:161} INFO - Processing /opt/airflow/dags/chapter04/4_2_context_pythonop.py took 0.072 seconds
[2022-06-26 13:41:37,285] {processor.py:153} INFO - Started process (PID=534) to work on /opt/airflow/dags/chapter04/4_2_context_pythonop.py
[2022-06-26 13:41:37,288] {processor.py:641} INFO - Processing file /opt/airflow/dags/chapter04/4_2_context_pythonop.py for tasks to queue
[2022-06-26 13:41:37,289] {logging_mixin.py:115} INFO - [2022-06-26 13:41:37,289] {dagbag.py:507} INFO - Filling up the DagBag from /opt/airflow/dags/chapter04/4_2_context_pythonop.py
[2022-06-26 13:41:37,302] {processor.py:651} INFO - DAG(s) dict_keys(['4_2_context_pythonop']) retrieved from /opt/airflow/dags/chapter04/4_2_context_pythonop.py
[2022-06-26 13:41:37,328] {logging_mixin.py:115} INFO - [2022-06-26 13:41:37,328] {dag.py:2371} INFO - Sync 1 DAGs
[2022-06-26 13:41:37,342] {logging_mixin.py:115} INFO - [2022-06-26 13:41:37,342] {dag.py:2919} INFO - Setting next_dagrun for 4_2_context_pythonop to 2022-06-23T00:00:00+00:00, run_after=2022-06-23T00:00:00+00:00
[2022-06-26 13:41:37,352] {processor.py:161} INFO - Processing /opt/airflow/dags/chapter04/4_2_context_pythonop.py took 0.072 seconds
[2022-06-26 13:42:08,007] {processor.py:153} INFO - Started process (PID=600) to work on /opt/airflow/dags/chapter04/4_2_context_pythonop.py
[2022-06-26 13:42:08,008] {processor.py:641} INFO - Processing file /opt/airflow/dags/chapter04/4_2_context_pythonop.py for tasks to queue
[2022-06-26 13:42:08,010] {logging_mixin.py:115} INFO - [2022-06-26 13:42:08,010] {dagbag.py:507} INFO - Filling up the DagBag from /opt/airflow/dags/chapter04/4_2_context_pythonop.py
[2022-06-26 13:42:08,018] {processor.py:651} INFO - DAG(s) dict_keys(['4_2_context_pythonop']) retrieved from /opt/airflow/dags/chapter04/4_2_context_pythonop.py
[2022-06-26 13:42:08,036] {logging_mixin.py:115} INFO - [2022-06-26 13:42:08,036] {dag.py:2371} INFO - Sync 1 DAGs
[2022-06-26 13:42:08,052] {logging_mixin.py:115} INFO - [2022-06-26 13:42:08,052] {dag.py:2919} INFO - Setting next_dagrun for 4_2_context_pythonop to 2022-06-23T00:00:00+00:00, run_after=2022-06-23T00:00:00+00:00
[2022-06-26 13:42:08,059] {processor.py:161} INFO - Processing /opt/airflow/dags/chapter04/4_2_context_pythonop.py took 0.057 seconds
[2022-06-26 13:42:38,821] {processor.py:153} INFO - Started process (PID=660) to work on /opt/airflow/dags/chapter04/4_2_context_pythonop.py
[2022-06-26 13:42:38,823] {processor.py:641} INFO - Processing file /opt/airflow/dags/chapter04/4_2_context_pythonop.py for tasks to queue
[2022-06-26 13:42:38,824] {logging_mixin.py:115} INFO - [2022-06-26 13:42:38,824] {dagbag.py:507} INFO - Filling up the DagBag from /opt/airflow/dags/chapter04/4_2_context_pythonop.py
[2022-06-26 13:42:38,835] {processor.py:651} INFO - DAG(s) dict_keys(['4_2_context_pythonop']) retrieved from /opt/airflow/dags/chapter04/4_2_context_pythonop.py
[2022-06-26 13:42:38,865] {logging_mixin.py:115} INFO - [2022-06-26 13:42:38,865] {dag.py:2371} INFO - Sync 1 DAGs
[2022-06-26 13:42:38,880] {logging_mixin.py:115} INFO - [2022-06-26 13:42:38,880] {dag.py:2919} INFO - Setting next_dagrun for 4_2_context_pythonop to 2022-06-23T00:00:00+00:00, run_after=2022-06-23T00:00:00+00:00
[2022-06-26 13:42:38,893] {processor.py:161} INFO - Processing /opt/airflow/dags/chapter04/4_2_context_pythonop.py took 0.074 seconds
[2022-06-26 13:43:09,616] {processor.py:153} INFO - Started process (PID=722) to work on /opt/airflow/dags/chapter04/4_2_context_pythonop.py
[2022-06-26 13:43:09,619] {processor.py:641} INFO - Processing file /opt/airflow/dags/chapter04/4_2_context_pythonop.py for tasks to queue
[2022-06-26 13:43:09,620] {logging_mixin.py:115} INFO - [2022-06-26 13:43:09,620] {dagbag.py:507} INFO - Filling up the DagBag from /opt/airflow/dags/chapter04/4_2_context_pythonop.py
[2022-06-26 13:43:09,631] {processor.py:651} INFO - DAG(s) dict_keys(['4_2_context_pythonop']) retrieved from /opt/airflow/dags/chapter04/4_2_context_pythonop.py
[2022-06-26 13:43:09,650] {logging_mixin.py:115} INFO - [2022-06-26 13:43:09,650] {dag.py:2371} INFO - Sync 1 DAGs
[2022-06-26 13:43:09,665] {logging_mixin.py:115} INFO - [2022-06-26 13:43:09,665] {dag.py:2919} INFO - Setting next_dagrun for 4_2_context_pythonop to 2022-06-23T00:00:00+00:00, run_after=2022-06-23T00:00:00+00:00
[2022-06-26 13:43:09,678] {processor.py:161} INFO - Processing /opt/airflow/dags/chapter04/4_2_context_pythonop.py took 0.064 seconds
[2022-06-26 13:43:40,234] {processor.py:153} INFO - Started process (PID=782) to work on /opt/airflow/dags/chapter04/4_2_context_pythonop.py
[2022-06-26 13:43:40,236] {processor.py:641} INFO - Processing file /opt/airflow/dags/chapter04/4_2_context_pythonop.py for tasks to queue
[2022-06-26 13:43:40,237] {logging_mixin.py:115} INFO - [2022-06-26 13:43:40,237] {dagbag.py:507} INFO - Filling up the DagBag from /opt/airflow/dags/chapter04/4_2_context_pythonop.py
[2022-06-26 13:43:40,246] {processor.py:651} INFO - DAG(s) dict_keys(['4_2_context_pythonop']) retrieved from /opt/airflow/dags/chapter04/4_2_context_pythonop.py
[2022-06-26 13:43:40,266] {logging_mixin.py:115} INFO - [2022-06-26 13:43:40,266] {dag.py:2371} INFO - Sync 1 DAGs
[2022-06-26 13:43:40,281] {logging_mixin.py:115} INFO - [2022-06-26 13:43:40,281] {dag.py:2919} INFO - Setting next_dagrun for 4_2_context_pythonop to 2022-06-23T00:00:00+00:00, run_after=2022-06-23T00:00:00+00:00
[2022-06-26 13:43:40,290] {processor.py:161} INFO - Processing /opt/airflow/dags/chapter04/4_2_context_pythonop.py took 0.059 seconds
[2022-06-26 13:44:10,556] {processor.py:153} INFO - Started process (PID=842) to work on /opt/airflow/dags/chapter04/4_2_context_pythonop.py
[2022-06-26 13:44:10,558] {processor.py:641} INFO - Processing file /opt/airflow/dags/chapter04/4_2_context_pythonop.py for tasks to queue
[2022-06-26 13:44:10,559] {logging_mixin.py:115} INFO - [2022-06-26 13:44:10,559] {dagbag.py:507} INFO - Filling up the DagBag from /opt/airflow/dags/chapter04/4_2_context_pythonop.py
[2022-06-26 13:44:10,576] {processor.py:651} INFO - DAG(s) dict_keys(['4_2_context_pythonop']) retrieved from /opt/airflow/dags/chapter04/4_2_context_pythonop.py
[2022-06-26 13:44:10,610] {logging_mixin.py:115} INFO - [2022-06-26 13:44:10,610] {dag.py:2371} INFO - Sync 1 DAGs
[2022-06-26 13:44:10,626] {logging_mixin.py:115} INFO - [2022-06-26 13:44:10,626] {dag.py:2919} INFO - Setting next_dagrun for 4_2_context_pythonop to 2022-06-23T00:00:00+00:00, run_after=2022-06-23T00:00:00+00:00
[2022-06-26 13:44:10,647] {processor.py:161} INFO - Processing /opt/airflow/dags/chapter04/4_2_context_pythonop.py took 0.093 seconds
[2022-06-26 13:44:41,504] {processor.py:153} INFO - Started process (PID=894) to work on /opt/airflow/dags/chapter04/4_2_context_pythonop.py
[2022-06-26 13:44:41,505] {processor.py:641} INFO - Processing file /opt/airflow/dags/chapter04/4_2_context_pythonop.py for tasks to queue
[2022-06-26 13:44:41,508] {logging_mixin.py:115} INFO - [2022-06-26 13:44:41,507] {dagbag.py:507} INFO - Filling up the DagBag from /opt/airflow/dags/chapter04/4_2_context_pythonop.py
[2022-06-26 13:44:41,519] {processor.py:651} INFO - DAG(s) dict_keys(['4_2_context_pythonop']) retrieved from /opt/airflow/dags/chapter04/4_2_context_pythonop.py
[2022-06-26 13:44:41,543] {logging_mixin.py:115} INFO - [2022-06-26 13:44:41,543] {dag.py:2371} INFO - Sync 1 DAGs
[2022-06-26 13:44:41,567] {logging_mixin.py:115} INFO - [2022-06-26 13:44:41,567] {dag.py:2919} INFO - Setting next_dagrun for 4_2_context_pythonop to 2022-06-23T00:00:00+00:00, run_after=2022-06-23T00:00:00+00:00
[2022-06-26 13:44:41,581] {processor.py:161} INFO - Processing /opt/airflow/dags/chapter04/4_2_context_pythonop.py took 0.079 seconds
[2022-06-26 13:45:12,411] {processor.py:153} INFO - Started process (PID=953) to work on /opt/airflow/dags/chapter04/4_2_context_pythonop.py
[2022-06-26 13:45:12,413] {processor.py:641} INFO - Processing file /opt/airflow/dags/chapter04/4_2_context_pythonop.py for tasks to queue
[2022-06-26 13:45:12,414] {logging_mixin.py:115} INFO - [2022-06-26 13:45:12,414] {dagbag.py:507} INFO - Filling up the DagBag from /opt/airflow/dags/chapter04/4_2_context_pythonop.py
[2022-06-26 13:45:12,423] {processor.py:651} INFO - DAG(s) dict_keys(['4_2_context_pythonop']) retrieved from /opt/airflow/dags/chapter04/4_2_context_pythonop.py
[2022-06-26 13:45:12,441] {logging_mixin.py:115} INFO - [2022-06-26 13:45:12,441] {dag.py:2371} INFO - Sync 1 DAGs
[2022-06-26 13:45:12,454] {logging_mixin.py:115} INFO - [2022-06-26 13:45:12,454] {dag.py:2919} INFO - Setting next_dagrun for 4_2_context_pythonop to 2022-06-23T00:00:00+00:00, run_after=2022-06-23T00:00:00+00:00
[2022-06-26 13:45:12,464] {processor.py:161} INFO - Processing /opt/airflow/dags/chapter04/4_2_context_pythonop.py took 0.056 seconds
[2022-06-26 13:45:43,318] {processor.py:153} INFO - Started process (PID=1015) to work on /opt/airflow/dags/chapter04/4_2_context_pythonop.py
[2022-06-26 13:45:43,320] {processor.py:641} INFO - Processing file /opt/airflow/dags/chapter04/4_2_context_pythonop.py for tasks to queue
[2022-06-26 13:45:43,322] {logging_mixin.py:115} INFO - [2022-06-26 13:45:43,322] {dagbag.py:507} INFO - Filling up the DagBag from /opt/airflow/dags/chapter04/4_2_context_pythonop.py
[2022-06-26 13:45:43,329] {processor.py:651} INFO - DAG(s) dict_keys(['4_2_context_pythonop']) retrieved from /opt/airflow/dags/chapter04/4_2_context_pythonop.py
[2022-06-26 13:45:43,350] {logging_mixin.py:115} INFO - [2022-06-26 13:45:43,349] {dag.py:2371} INFO - Sync 1 DAGs
[2022-06-26 13:45:43,364] {logging_mixin.py:115} INFO - [2022-06-26 13:45:43,364] {dag.py:2919} INFO - Setting next_dagrun for 4_2_context_pythonop to 2022-06-23T00:00:00+00:00, run_after=2022-06-23T00:00:00+00:00
[2022-06-26 13:45:43,372] {processor.py:161} INFO - Processing /opt/airflow/dags/chapter04/4_2_context_pythonop.py took 0.056 seconds
[2022-06-26 13:46:14,105] {processor.py:153} INFO - Started process (PID=1077) to work on /opt/airflow/dags/chapter04/4_2_context_pythonop.py
[2022-06-26 13:46:14,106] {processor.py:641} INFO - Processing file /opt/airflow/dags/chapter04/4_2_context_pythonop.py for tasks to queue
[2022-06-26 13:46:14,107] {logging_mixin.py:115} INFO - [2022-06-26 13:46:14,107] {dagbag.py:507} INFO - Filling up the DagBag from /opt/airflow/dags/chapter04/4_2_context_pythonop.py
[2022-06-26 13:46:14,118] {processor.py:651} INFO - DAG(s) dict_keys(['4_2_context_pythonop']) retrieved from /opt/airflow/dags/chapter04/4_2_context_pythonop.py
[2022-06-26 13:46:14,139] {logging_mixin.py:115} INFO - [2022-06-26 13:46:14,139] {dag.py:2371} INFO - Sync 1 DAGs
[2022-06-26 13:46:14,152] {logging_mixin.py:115} INFO - [2022-06-26 13:46:14,152] {dag.py:2919} INFO - Setting next_dagrun for 4_2_context_pythonop to 2022-06-23T00:00:00+00:00, run_after=2022-06-23T00:00:00+00:00
[2022-06-26 13:46:14,159] {processor.py:161} INFO - Processing /opt/airflow/dags/chapter04/4_2_context_pythonop.py took 0.057 seconds
[2022-06-26 13:46:44,786] {processor.py:153} INFO - Started process (PID=1138) to work on /opt/airflow/dags/chapter04/4_2_context_pythonop.py
[2022-06-26 13:46:44,787] {processor.py:641} INFO - Processing file /opt/airflow/dags/chapter04/4_2_context_pythonop.py for tasks to queue
[2022-06-26 13:46:44,790] {logging_mixin.py:115} INFO - [2022-06-26 13:46:44,790] {dagbag.py:507} INFO - Filling up the DagBag from /opt/airflow/dags/chapter04/4_2_context_pythonop.py
[2022-06-26 13:46:44,803] {processor.py:651} INFO - DAG(s) dict_keys(['4_2_context_pythonop']) retrieved from /opt/airflow/dags/chapter04/4_2_context_pythonop.py
[2022-06-26 13:46:44,825] {logging_mixin.py:115} INFO - [2022-06-26 13:46:44,825] {dag.py:2371} INFO - Sync 1 DAGs
[2022-06-26 13:46:44,841] {logging_mixin.py:115} INFO - [2022-06-26 13:46:44,841] {dag.py:2919} INFO - Setting next_dagrun for 4_2_context_pythonop to 2022-06-23T00:00:00+00:00, run_after=2022-06-23T00:00:00+00:00
[2022-06-26 13:46:44,851] {processor.py:161} INFO - Processing /opt/airflow/dags/chapter04/4_2_context_pythonop.py took 0.067 seconds
[2022-06-26 13:47:15,809] {processor.py:153} INFO - Started process (PID=1199) to work on /opt/airflow/dags/chapter04/4_2_context_pythonop.py
[2022-06-26 13:47:15,811] {processor.py:641} INFO - Processing file /opt/airflow/dags/chapter04/4_2_context_pythonop.py for tasks to queue
[2022-06-26 13:47:15,812] {logging_mixin.py:115} INFO - [2022-06-26 13:47:15,812] {dagbag.py:507} INFO - Filling up the DagBag from /opt/airflow/dags/chapter04/4_2_context_pythonop.py
[2022-06-26 13:47:15,820] {processor.py:651} INFO - DAG(s) dict_keys(['4_2_context_pythonop']) retrieved from /opt/airflow/dags/chapter04/4_2_context_pythonop.py
[2022-06-26 13:47:15,839] {logging_mixin.py:115} INFO - [2022-06-26 13:47:15,839] {dag.py:2371} INFO - Sync 1 DAGs
[2022-06-26 13:47:15,853] {logging_mixin.py:115} INFO - [2022-06-26 13:47:15,853] {dag.py:2919} INFO - Setting next_dagrun for 4_2_context_pythonop to 2022-06-23T00:00:00+00:00, run_after=2022-06-23T00:00:00+00:00
[2022-06-26 13:47:15,862] {processor.py:161} INFO - Processing /opt/airflow/dags/chapter04/4_2_context_pythonop.py took 0.055 seconds
[2022-06-26 13:47:46,689] {processor.py:153} INFO - Started process (PID=1260) to work on /opt/airflow/dags/chapter04/4_2_context_pythonop.py
[2022-06-26 13:47:46,691] {processor.py:641} INFO - Processing file /opt/airflow/dags/chapter04/4_2_context_pythonop.py for tasks to queue
[2022-06-26 13:47:46,692] {logging_mixin.py:115} INFO - [2022-06-26 13:47:46,692] {dagbag.py:507} INFO - Filling up the DagBag from /opt/airflow/dags/chapter04/4_2_context_pythonop.py
[2022-06-26 13:47:46,702] {processor.py:651} INFO - DAG(s) dict_keys(['4_2_context_pythonop']) retrieved from /opt/airflow/dags/chapter04/4_2_context_pythonop.py
[2022-06-26 13:47:46,724] {logging_mixin.py:115} INFO - [2022-06-26 13:47:46,724] {dag.py:2371} INFO - Sync 1 DAGs
[2022-06-26 13:47:46,742] {logging_mixin.py:115} INFO - [2022-06-26 13:47:46,742] {dag.py:2919} INFO - Setting next_dagrun for 4_2_context_pythonop to 2022-06-23T00:00:00+00:00, run_after=2022-06-23T00:00:00+00:00
[2022-06-26 13:47:46,752] {processor.py:161} INFO - Processing /opt/airflow/dags/chapter04/4_2_context_pythonop.py took 0.065 seconds
[2022-06-26 13:48:17,564] {processor.py:153} INFO - Started process (PID=1319) to work on /opt/airflow/dags/chapter04/4_2_context_pythonop.py
[2022-06-26 13:48:17,566] {processor.py:641} INFO - Processing file /opt/airflow/dags/chapter04/4_2_context_pythonop.py for tasks to queue
[2022-06-26 13:48:17,567] {logging_mixin.py:115} INFO - [2022-06-26 13:48:17,567] {dagbag.py:507} INFO - Filling up the DagBag from /opt/airflow/dags/chapter04/4_2_context_pythonop.py
[2022-06-26 13:48:17,578] {processor.py:651} INFO - DAG(s) dict_keys(['4_2_context_pythonop']) retrieved from /opt/airflow/dags/chapter04/4_2_context_pythonop.py
[2022-06-26 13:48:17,595] {logging_mixin.py:115} INFO - [2022-06-26 13:48:17,595] {dag.py:2371} INFO - Sync 1 DAGs
[2022-06-26 13:48:17,609] {logging_mixin.py:115} INFO - [2022-06-26 13:48:17,608] {dag.py:2919} INFO - Setting next_dagrun for 4_2_context_pythonop to 2022-06-23T00:00:00+00:00, run_after=2022-06-23T00:00:00+00:00
[2022-06-26 13:48:17,616] {processor.py:161} INFO - Processing /opt/airflow/dags/chapter04/4_2_context_pythonop.py took 0.054 seconds
[2022-06-26 13:48:48,304] {processor.py:153} INFO - Started process (PID=1371) to work on /opt/airflow/dags/chapter04/4_2_context_pythonop.py
[2022-06-26 13:48:48,305] {processor.py:641} INFO - Processing file /opt/airflow/dags/chapter04/4_2_context_pythonop.py for tasks to queue
[2022-06-26 13:48:48,307] {logging_mixin.py:115} INFO - [2022-06-26 13:48:48,307] {dagbag.py:507} INFO - Filling up the DagBag from /opt/airflow/dags/chapter04/4_2_context_pythonop.py
[2022-06-26 13:48:48,315] {processor.py:651} INFO - DAG(s) dict_keys(['4_2_context_pythonop']) retrieved from /opt/airflow/dags/chapter04/4_2_context_pythonop.py
[2022-06-26 13:48:48,332] {logging_mixin.py:115} INFO - [2022-06-26 13:48:48,332] {dag.py:2371} INFO - Sync 1 DAGs
[2022-06-26 13:48:48,345] {logging_mixin.py:115} INFO - [2022-06-26 13:48:48,345] {dag.py:2919} INFO - Setting next_dagrun for 4_2_context_pythonop to 2022-06-23T00:00:00+00:00, run_after=2022-06-23T00:00:00+00:00
[2022-06-26 13:48:48,352] {processor.py:161} INFO - Processing /opt/airflow/dags/chapter04/4_2_context_pythonop.py took 0.050 seconds
[2022-06-26 13:49:19,065] {processor.py:153} INFO - Started process (PID=1431) to work on /opt/airflow/dags/chapter04/4_2_context_pythonop.py
[2022-06-26 13:49:19,066] {processor.py:641} INFO - Processing file /opt/airflow/dags/chapter04/4_2_context_pythonop.py for tasks to queue
[2022-06-26 13:49:19,068] {logging_mixin.py:115} INFO - [2022-06-26 13:49:19,068] {dagbag.py:507} INFO - Filling up the DagBag from /opt/airflow/dags/chapter04/4_2_context_pythonop.py
[2022-06-26 13:49:19,076] {processor.py:651} INFO - DAG(s) dict_keys(['4_2_context_pythonop']) retrieved from /opt/airflow/dags/chapter04/4_2_context_pythonop.py
[2022-06-26 13:49:19,094] {logging_mixin.py:115} INFO - [2022-06-26 13:49:19,094] {dag.py:2371} INFO - Sync 1 DAGs
[2022-06-26 13:49:19,110] {logging_mixin.py:115} INFO - [2022-06-26 13:49:19,109] {dag.py:2919} INFO - Setting next_dagrun for 4_2_context_pythonop to 2022-06-23T00:00:00+00:00, run_after=2022-06-23T00:00:00+00:00
[2022-06-26 13:49:19,117] {processor.py:161} INFO - Processing /opt/airflow/dags/chapter04/4_2_context_pythonop.py took 0.054 seconds
[2022-06-26 13:49:49,784] {processor.py:153} INFO - Started process (PID=1492) to work on /opt/airflow/dags/chapter04/4_2_context_pythonop.py
[2022-06-26 13:49:49,785] {processor.py:641} INFO - Processing file /opt/airflow/dags/chapter04/4_2_context_pythonop.py for tasks to queue
[2022-06-26 13:49:49,787] {logging_mixin.py:115} INFO - [2022-06-26 13:49:49,787] {dagbag.py:507} INFO - Filling up the DagBag from /opt/airflow/dags/chapter04/4_2_context_pythonop.py
[2022-06-26 13:49:49,797] {processor.py:651} INFO - DAG(s) dict_keys(['4_2_context_pythonop']) retrieved from /opt/airflow/dags/chapter04/4_2_context_pythonop.py
[2022-06-26 13:49:49,817] {logging_mixin.py:115} INFO - [2022-06-26 13:49:49,817] {dag.py:2371} INFO - Sync 1 DAGs
[2022-06-26 13:49:49,831] {logging_mixin.py:115} INFO - [2022-06-26 13:49:49,831] {dag.py:2919} INFO - Setting next_dagrun for 4_2_context_pythonop to 2022-06-23T00:00:00+00:00, run_after=2022-06-23T00:00:00+00:00
[2022-06-26 13:49:49,841] {processor.py:161} INFO - Processing /opt/airflow/dags/chapter04/4_2_context_pythonop.py took 0.059 seconds
[2022-06-26 13:50:20,655] {processor.py:153} INFO - Started process (PID=1554) to work on /opt/airflow/dags/chapter04/4_2_context_pythonop.py
[2022-06-26 13:50:20,656] {processor.py:641} INFO - Processing file /opt/airflow/dags/chapter04/4_2_context_pythonop.py for tasks to queue
[2022-06-26 13:50:20,657] {logging_mixin.py:115} INFO - [2022-06-26 13:50:20,657] {dagbag.py:507} INFO - Filling up the DagBag from /opt/airflow/dags/chapter04/4_2_context_pythonop.py
[2022-06-26 13:50:20,666] {processor.py:651} INFO - DAG(s) dict_keys(['4_2_context_pythonop']) retrieved from /opt/airflow/dags/chapter04/4_2_context_pythonop.py
[2022-06-26 13:50:20,684] {logging_mixin.py:115} INFO - [2022-06-26 13:50:20,684] {dag.py:2371} INFO - Sync 1 DAGs
[2022-06-26 13:50:20,698] {logging_mixin.py:115} INFO - [2022-06-26 13:50:20,698] {dag.py:2919} INFO - Setting next_dagrun for 4_2_context_pythonop to 2022-06-23T00:00:00+00:00, run_after=2022-06-23T00:00:00+00:00
[2022-06-26 13:50:20,706] {processor.py:161} INFO - Processing /opt/airflow/dags/chapter04/4_2_context_pythonop.py took 0.054 seconds
[2022-06-26 13:50:51,364] {processor.py:153} INFO - Started process (PID=1615) to work on /opt/airflow/dags/chapter04/4_2_context_pythonop.py
[2022-06-26 13:50:51,366] {processor.py:641} INFO - Processing file /opt/airflow/dags/chapter04/4_2_context_pythonop.py for tasks to queue
[2022-06-26 13:50:51,368] {logging_mixin.py:115} INFO - [2022-06-26 13:50:51,368] {dagbag.py:507} INFO - Filling up the DagBag from /opt/airflow/dags/chapter04/4_2_context_pythonop.py
[2022-06-26 13:50:51,378] {processor.py:651} INFO - DAG(s) dict_keys(['4_2_context_pythonop']) retrieved from /opt/airflow/dags/chapter04/4_2_context_pythonop.py
[2022-06-26 13:50:51,398] {logging_mixin.py:115} INFO - [2022-06-26 13:50:51,398] {dag.py:2371} INFO - Sync 1 DAGs
[2022-06-26 13:50:51,411] {logging_mixin.py:115} INFO - [2022-06-26 13:50:51,411] {dag.py:2919} INFO - Setting next_dagrun for 4_2_context_pythonop to 2022-06-23T00:00:00+00:00, run_after=2022-06-23T00:00:00+00:00
[2022-06-26 13:50:51,419] {processor.py:161} INFO - Processing /opt/airflow/dags/chapter04/4_2_context_pythonop.py took 0.056 seconds
[2022-06-26 13:51:22,129] {processor.py:153} INFO - Started process (PID=1675) to work on /opt/airflow/dags/chapter04/4_2_context_pythonop.py
[2022-06-26 13:51:22,131] {processor.py:641} INFO - Processing file /opt/airflow/dags/chapter04/4_2_context_pythonop.py for tasks to queue
[2022-06-26 13:51:22,132] {logging_mixin.py:115} INFO - [2022-06-26 13:51:22,132] {dagbag.py:507} INFO - Filling up the DagBag from /opt/airflow/dags/chapter04/4_2_context_pythonop.py
[2022-06-26 13:51:22,143] {processor.py:651} INFO - DAG(s) dict_keys(['4_2_context_pythonop']) retrieved from /opt/airflow/dags/chapter04/4_2_context_pythonop.py
[2022-06-26 13:51:22,163] {logging_mixin.py:115} INFO - [2022-06-26 13:51:22,163] {dag.py:2371} INFO - Sync 1 DAGs
[2022-06-26 13:51:22,177] {logging_mixin.py:115} INFO - [2022-06-26 13:51:22,177] {dag.py:2919} INFO - Setting next_dagrun for 4_2_context_pythonop to 2022-06-23T00:00:00+00:00, run_after=2022-06-23T00:00:00+00:00
[2022-06-26 13:51:22,184] {processor.py:161} INFO - Processing /opt/airflow/dags/chapter04/4_2_context_pythonop.py took 0.057 seconds
[2022-06-26 13:51:52,814] {processor.py:153} INFO - Started process (PID=1735) to work on /opt/airflow/dags/chapter04/4_2_context_pythonop.py
[2022-06-26 13:51:52,816] {processor.py:641} INFO - Processing file /opt/airflow/dags/chapter04/4_2_context_pythonop.py for tasks to queue
[2022-06-26 13:51:52,817] {logging_mixin.py:115} INFO - [2022-06-26 13:51:52,817] {dagbag.py:507} INFO - Filling up the DagBag from /opt/airflow/dags/chapter04/4_2_context_pythonop.py
[2022-06-26 13:51:52,824] {processor.py:651} INFO - DAG(s) dict_keys(['4_2_context_pythonop']) retrieved from /opt/airflow/dags/chapter04/4_2_context_pythonop.py
[2022-06-26 13:51:52,845] {logging_mixin.py:115} INFO - [2022-06-26 13:51:52,844] {dag.py:2371} INFO - Sync 1 DAGs
[2022-06-26 13:51:52,860] {logging_mixin.py:115} INFO - [2022-06-26 13:51:52,860] {dag.py:2919} INFO - Setting next_dagrun for 4_2_context_pythonop to 2022-06-23T00:00:00+00:00, run_after=2022-06-23T00:00:00+00:00
[2022-06-26 13:51:52,871] {processor.py:161} INFO - Processing /opt/airflow/dags/chapter04/4_2_context_pythonop.py took 0.059 seconds
[2022-06-26 13:52:23,813] {processor.py:153} INFO - Started process (PID=1796) to work on /opt/airflow/dags/chapter04/4_2_context_pythonop.py
[2022-06-26 13:52:23,815] {processor.py:641} INFO - Processing file /opt/airflow/dags/chapter04/4_2_context_pythonop.py for tasks to queue
[2022-06-26 13:52:23,816] {logging_mixin.py:115} INFO - [2022-06-26 13:52:23,816] {dagbag.py:507} INFO - Filling up the DagBag from /opt/airflow/dags/chapter04/4_2_context_pythonop.py
[2022-06-26 13:52:23,828] {processor.py:651} INFO - DAG(s) dict_keys(['4_2_context_pythonop']) retrieved from /opt/airflow/dags/chapter04/4_2_context_pythonop.py
[2022-06-26 13:52:23,854] {logging_mixin.py:115} INFO - [2022-06-26 13:52:23,854] {dag.py:2371} INFO - Sync 1 DAGs
[2022-06-26 13:52:23,868] {logging_mixin.py:115} INFO - [2022-06-26 13:52:23,868] {dag.py:2919} INFO - Setting next_dagrun for 4_2_context_pythonop to 2022-06-23T00:00:00+00:00, run_after=2022-06-23T00:00:00+00:00
[2022-06-26 13:52:23,877] {processor.py:161} INFO - Processing /opt/airflow/dags/chapter04/4_2_context_pythonop.py took 0.067 seconds
[2022-06-26 13:52:54,822] {processor.py:153} INFO - Started process (PID=1846) to work on /opt/airflow/dags/chapter04/4_2_context_pythonop.py
[2022-06-26 13:52:54,823] {processor.py:641} INFO - Processing file /opt/airflow/dags/chapter04/4_2_context_pythonop.py for tasks to queue
[2022-06-26 13:52:54,824] {logging_mixin.py:115} INFO - [2022-06-26 13:52:54,824] {dagbag.py:507} INFO - Filling up the DagBag from /opt/airflow/dags/chapter04/4_2_context_pythonop.py
[2022-06-26 13:52:54,833] {processor.py:651} INFO - DAG(s) dict_keys(['4_2_context_pythonop']) retrieved from /opt/airflow/dags/chapter04/4_2_context_pythonop.py
[2022-06-26 13:52:54,852] {logging_mixin.py:115} INFO - [2022-06-26 13:52:54,852] {dag.py:2371} INFO - Sync 1 DAGs
[2022-06-26 13:52:54,866] {logging_mixin.py:115} INFO - [2022-06-26 13:52:54,866] {dag.py:2919} INFO - Setting next_dagrun for 4_2_context_pythonop to 2022-06-23T00:00:00+00:00, run_after=2022-06-23T00:00:00+00:00
[2022-06-26 13:52:54,873] {processor.py:161} INFO - Processing /opt/airflow/dags/chapter04/4_2_context_pythonop.py took 0.053 seconds
[2022-06-26 13:53:25,561] {processor.py:153} INFO - Started process (PID=1907) to work on /opt/airflow/dags/chapter04/4_2_context_pythonop.py
[2022-06-26 13:53:25,563] {processor.py:641} INFO - Processing file /opt/airflow/dags/chapter04/4_2_context_pythonop.py for tasks to queue
[2022-06-26 13:53:25,564] {logging_mixin.py:115} INFO - [2022-06-26 13:53:25,564] {dagbag.py:507} INFO - Filling up the DagBag from /opt/airflow/dags/chapter04/4_2_context_pythonop.py
[2022-06-26 13:53:25,573] {processor.py:651} INFO - DAG(s) dict_keys(['4_2_context_pythonop']) retrieved from /opt/airflow/dags/chapter04/4_2_context_pythonop.py
[2022-06-26 13:53:25,592] {logging_mixin.py:115} INFO - [2022-06-26 13:53:25,592] {dag.py:2371} INFO - Sync 1 DAGs
[2022-06-26 13:53:25,608] {logging_mixin.py:115} INFO - [2022-06-26 13:53:25,608] {dag.py:2919} INFO - Setting next_dagrun for 4_2_context_pythonop to 2022-06-23T00:00:00+00:00, run_after=2022-06-23T00:00:00+00:00
[2022-06-26 13:53:25,617] {processor.py:161} INFO - Processing /opt/airflow/dags/chapter04/4_2_context_pythonop.py took 0.058 seconds
[2022-06-26 13:53:56,518] {processor.py:153} INFO - Started process (PID=1968) to work on /opt/airflow/dags/chapter04/4_2_context_pythonop.py
[2022-06-26 13:53:56,522] {processor.py:641} INFO - Processing file /opt/airflow/dags/chapter04/4_2_context_pythonop.py for tasks to queue
[2022-06-26 13:53:56,524] {logging_mixin.py:115} INFO - [2022-06-26 13:53:56,524] {dagbag.py:507} INFO - Filling up the DagBag from /opt/airflow/dags/chapter04/4_2_context_pythonop.py
[2022-06-26 13:53:56,538] {processor.py:651} INFO - DAG(s) dict_keys(['4_2_context_pythonop']) retrieved from /opt/airflow/dags/chapter04/4_2_context_pythonop.py
[2022-06-26 13:53:56,564] {logging_mixin.py:115} INFO - [2022-06-26 13:53:56,564] {dag.py:2371} INFO - Sync 1 DAGs
[2022-06-26 13:53:56,584] {logging_mixin.py:115} INFO - [2022-06-26 13:53:56,584] {dag.py:2919} INFO - Setting next_dagrun for 4_2_context_pythonop to 2022-06-23T00:00:00+00:00, run_after=2022-06-23T00:00:00+00:00
[2022-06-26 13:53:56,600] {processor.py:161} INFO - Processing /opt/airflow/dags/chapter04/4_2_context_pythonop.py took 0.084 seconds
[2022-06-26 13:54:27,493] {processor.py:153} INFO - Started process (PID=2028) to work on /opt/airflow/dags/chapter04/4_2_context_pythonop.py
[2022-06-26 13:54:27,495] {processor.py:641} INFO - Processing file /opt/airflow/dags/chapter04/4_2_context_pythonop.py for tasks to queue
[2022-06-26 13:54:27,499] {logging_mixin.py:115} INFO - [2022-06-26 13:54:27,499] {dagbag.py:507} INFO - Filling up the DagBag from /opt/airflow/dags/chapter04/4_2_context_pythonop.py
[2022-06-26 13:54:27,517] {processor.py:651} INFO - DAG(s) dict_keys(['4_2_context_pythonop']) retrieved from /opt/airflow/dags/chapter04/4_2_context_pythonop.py
[2022-06-26 13:54:27,544] {logging_mixin.py:115} INFO - [2022-06-26 13:54:27,544] {dag.py:2371} INFO - Sync 1 DAGs
[2022-06-26 13:54:27,561] {logging_mixin.py:115} INFO - [2022-06-26 13:54:27,561] {dag.py:2919} INFO - Setting next_dagrun for 4_2_context_pythonop to 2022-06-23T00:00:00+00:00, run_after=2022-06-23T00:00:00+00:00
[2022-06-26 13:54:27,569] {processor.py:161} INFO - Processing /opt/airflow/dags/chapter04/4_2_context_pythonop.py took 0.079 seconds
[2022-06-26 13:54:58,324] {processor.py:153} INFO - Started process (PID=2089) to work on /opt/airflow/dags/chapter04/4_2_context_pythonop.py
[2022-06-26 13:54:58,326] {processor.py:641} INFO - Processing file /opt/airflow/dags/chapter04/4_2_context_pythonop.py for tasks to queue
[2022-06-26 13:54:58,327] {logging_mixin.py:115} INFO - [2022-06-26 13:54:58,327] {dagbag.py:507} INFO - Filling up the DagBag from /opt/airflow/dags/chapter04/4_2_context_pythonop.py
[2022-06-26 13:54:58,335] {processor.py:651} INFO - DAG(s) dict_keys(['4_2_context_pythonop']) retrieved from /opt/airflow/dags/chapter04/4_2_context_pythonop.py
[2022-06-26 13:54:58,354] {logging_mixin.py:115} INFO - [2022-06-26 13:54:58,354] {dag.py:2371} INFO - Sync 1 DAGs
[2022-06-26 13:54:58,368] {logging_mixin.py:115} INFO - [2022-06-26 13:54:58,368] {dag.py:2919} INFO - Setting next_dagrun for 4_2_context_pythonop to 2022-06-23T00:00:00+00:00, run_after=2022-06-23T00:00:00+00:00
[2022-06-26 13:54:58,378] {processor.py:161} INFO - Processing /opt/airflow/dags/chapter04/4_2_context_pythonop.py took 0.056 seconds
[2022-06-26 13:55:29,288] {processor.py:153} INFO - Started process (PID=2149) to work on /opt/airflow/dags/chapter04/4_2_context_pythonop.py
[2022-06-26 13:55:29,291] {processor.py:641} INFO - Processing file /opt/airflow/dags/chapter04/4_2_context_pythonop.py for tasks to queue
[2022-06-26 13:55:29,293] {logging_mixin.py:115} INFO - [2022-06-26 13:55:29,293] {dagbag.py:507} INFO - Filling up the DagBag from /opt/airflow/dags/chapter04/4_2_context_pythonop.py
[2022-06-26 13:55:29,313] {processor.py:651} INFO - DAG(s) dict_keys(['4_2_context_pythonop']) retrieved from /opt/airflow/dags/chapter04/4_2_context_pythonop.py
[2022-06-26 13:55:29,346] {logging_mixin.py:115} INFO - [2022-06-26 13:55:29,345] {dag.py:2371} INFO - Sync 1 DAGs
[2022-06-26 13:55:29,366] {logging_mixin.py:115} INFO - [2022-06-26 13:55:29,366] {dag.py:2919} INFO - Setting next_dagrun for 4_2_context_pythonop to 2022-06-23T00:00:00+00:00, run_after=2022-06-23T00:00:00+00:00
[2022-06-26 13:55:29,385] {processor.py:161} INFO - Processing /opt/airflow/dags/chapter04/4_2_context_pythonop.py took 0.101 seconds
[2022-06-26 13:56:00,568] {processor.py:153} INFO - Started process (PID=2210) to work on /opt/airflow/dags/chapter04/4_2_context_pythonop.py
[2022-06-26 13:56:00,569] {processor.py:641} INFO - Processing file /opt/airflow/dags/chapter04/4_2_context_pythonop.py for tasks to queue
[2022-06-26 13:56:00,570] {logging_mixin.py:115} INFO - [2022-06-26 13:56:00,570] {dagbag.py:507} INFO - Filling up the DagBag from /opt/airflow/dags/chapter04/4_2_context_pythonop.py
[2022-06-26 13:56:00,578] {processor.py:651} INFO - DAG(s) dict_keys(['4_2_context_pythonop']) retrieved from /opt/airflow/dags/chapter04/4_2_context_pythonop.py
[2022-06-26 13:56:00,598] {logging_mixin.py:115} INFO - [2022-06-26 13:56:00,597] {dag.py:2371} INFO - Sync 1 DAGs
[2022-06-26 13:56:00,611] {logging_mixin.py:115} INFO - [2022-06-26 13:56:00,611] {dag.py:2919} INFO - Setting next_dagrun for 4_2_context_pythonop to 2022-06-23T00:00:00+00:00, run_after=2022-06-23T00:00:00+00:00
[2022-06-26 13:56:00,620] {processor.py:161} INFO - Processing /opt/airflow/dags/chapter04/4_2_context_pythonop.py took 0.055 seconds
[2022-06-26 13:56:31,318] {processor.py:153} INFO - Started process (PID=2272) to work on /opt/airflow/dags/chapter04/4_2_context_pythonop.py
[2022-06-26 13:56:31,320] {processor.py:641} INFO - Processing file /opt/airflow/dags/chapter04/4_2_context_pythonop.py for tasks to queue
[2022-06-26 13:56:31,322] {logging_mixin.py:115} INFO - [2022-06-26 13:56:31,322] {dagbag.py:507} INFO - Filling up the DagBag from /opt/airflow/dags/chapter04/4_2_context_pythonop.py
[2022-06-26 13:56:31,333] {processor.py:651} INFO - DAG(s) dict_keys(['4_2_context_pythonop']) retrieved from /opt/airflow/dags/chapter04/4_2_context_pythonop.py
[2022-06-26 13:56:31,359] {logging_mixin.py:115} INFO - [2022-06-26 13:56:31,359] {dag.py:2371} INFO - Sync 1 DAGs
[2022-06-26 13:56:31,378] {logging_mixin.py:115} INFO - [2022-06-26 13:56:31,378] {dag.py:2919} INFO - Setting next_dagrun for 4_2_context_pythonop to 2022-06-23T00:00:00+00:00, run_after=2022-06-23T00:00:00+00:00
[2022-06-26 13:56:31,388] {processor.py:161} INFO - Processing /opt/airflow/dags/chapter04/4_2_context_pythonop.py took 0.073 seconds
[2022-06-26 13:57:02,266] {processor.py:153} INFO - Started process (PID=2323) to work on /opt/airflow/dags/chapter04/4_2_context_pythonop.py
[2022-06-26 13:57:02,269] {processor.py:641} INFO - Processing file /opt/airflow/dags/chapter04/4_2_context_pythonop.py for tasks to queue
[2022-06-26 13:57:02,271] {logging_mixin.py:115} INFO - [2022-06-26 13:57:02,271] {dagbag.py:507} INFO - Filling up the DagBag from /opt/airflow/dags/chapter04/4_2_context_pythonop.py
[2022-06-26 13:57:02,283] {processor.py:651} INFO - DAG(s) dict_keys(['4_2_context_pythonop']) retrieved from /opt/airflow/dags/chapter04/4_2_context_pythonop.py
[2022-06-26 13:57:02,312] {logging_mixin.py:115} INFO - [2022-06-26 13:57:02,312] {dag.py:2371} INFO - Sync 1 DAGs
[2022-06-26 13:57:02,329] {logging_mixin.py:115} INFO - [2022-06-26 13:57:02,329] {dag.py:2919} INFO - Setting next_dagrun for 4_2_context_pythonop to 2022-06-23T00:00:00+00:00, run_after=2022-06-23T00:00:00+00:00
[2022-06-26 13:57:02,340] {processor.py:161} INFO - Processing /opt/airflow/dags/chapter04/4_2_context_pythonop.py took 0.078 seconds
[2022-06-26 13:57:32,706] {processor.py:153} INFO - Started process (PID=2384) to work on /opt/airflow/dags/chapter04/4_2_context_pythonop.py
[2022-06-26 13:57:32,708] {processor.py:641} INFO - Processing file /opt/airflow/dags/chapter04/4_2_context_pythonop.py for tasks to queue
[2022-06-26 13:57:32,709] {logging_mixin.py:115} INFO - [2022-06-26 13:57:32,709] {dagbag.py:507} INFO - Filling up the DagBag from /opt/airflow/dags/chapter04/4_2_context_pythonop.py
[2022-06-26 13:57:32,719] {processor.py:651} INFO - DAG(s) dict_keys(['4_2_context_pythonop']) retrieved from /opt/airflow/dags/chapter04/4_2_context_pythonop.py
[2022-06-26 13:57:32,738] {logging_mixin.py:115} INFO - [2022-06-26 13:57:32,737] {dag.py:2371} INFO - Sync 1 DAGs
[2022-06-26 13:57:32,751] {logging_mixin.py:115} INFO - [2022-06-26 13:57:32,750] {dag.py:2919} INFO - Setting next_dagrun for 4_2_context_pythonop to 2022-06-23T00:00:00+00:00, run_after=2022-06-23T00:00:00+00:00
[2022-06-26 13:57:32,759] {processor.py:161} INFO - Processing /opt/airflow/dags/chapter04/4_2_context_pythonop.py took 0.055 seconds
[2022-06-26 13:58:03,619] {processor.py:153} INFO - Started process (PID=2445) to work on /opt/airflow/dags/chapter04/4_2_context_pythonop.py
[2022-06-26 13:58:03,621] {processor.py:641} INFO - Processing file /opt/airflow/dags/chapter04/4_2_context_pythonop.py for tasks to queue
[2022-06-26 13:58:03,622] {logging_mixin.py:115} INFO - [2022-06-26 13:58:03,622] {dagbag.py:507} INFO - Filling up the DagBag from /opt/airflow/dags/chapter04/4_2_context_pythonop.py
[2022-06-26 13:58:03,632] {processor.py:651} INFO - DAG(s) dict_keys(['4_2_context_pythonop']) retrieved from /opt/airflow/dags/chapter04/4_2_context_pythonop.py
[2022-06-26 13:58:03,649] {logging_mixin.py:115} INFO - [2022-06-26 13:58:03,649] {dag.py:2371} INFO - Sync 1 DAGs
[2022-06-26 13:58:03,663] {logging_mixin.py:115} INFO - [2022-06-26 13:58:03,663] {dag.py:2919} INFO - Setting next_dagrun for 4_2_context_pythonop to 2022-06-23T00:00:00+00:00, run_after=2022-06-23T00:00:00+00:00
[2022-06-26 13:58:03,671] {processor.py:161} INFO - Processing /opt/airflow/dags/chapter04/4_2_context_pythonop.py took 0.054 seconds
[2022-06-26 13:58:34,704] {processor.py:153} INFO - Started process (PID=2506) to work on /opt/airflow/dags/chapter04/4_2_context_pythonop.py
[2022-06-26 13:58:34,706] {processor.py:641} INFO - Processing file /opt/airflow/dags/chapter04/4_2_context_pythonop.py for tasks to queue
[2022-06-26 13:58:34,708] {logging_mixin.py:115} INFO - [2022-06-26 13:58:34,708] {dagbag.py:507} INFO - Filling up the DagBag from /opt/airflow/dags/chapter04/4_2_context_pythonop.py
[2022-06-26 13:58:34,717] {processor.py:651} INFO - DAG(s) dict_keys(['4_2_context_pythonop']) retrieved from /opt/airflow/dags/chapter04/4_2_context_pythonop.py
[2022-06-26 13:58:34,744] {logging_mixin.py:115} INFO - [2022-06-26 13:58:34,744] {dag.py:2371} INFO - Sync 1 DAGs
[2022-06-26 13:58:34,762] {logging_mixin.py:115} INFO - [2022-06-26 13:58:34,762] {dag.py:2919} INFO - Setting next_dagrun for 4_2_context_pythonop to 2022-06-23T00:00:00+00:00, run_after=2022-06-23T00:00:00+00:00
[2022-06-26 13:58:34,774] {processor.py:161} INFO - Processing /opt/airflow/dags/chapter04/4_2_context_pythonop.py took 0.072 seconds
[2022-06-26 13:59:05,427] {processor.py:153} INFO - Started process (PID=2566) to work on /opt/airflow/dags/chapter04/4_2_context_pythonop.py
[2022-06-26 13:59:05,428] {processor.py:641} INFO - Processing file /opt/airflow/dags/chapter04/4_2_context_pythonop.py for tasks to queue
[2022-06-26 13:59:05,430] {logging_mixin.py:115} INFO - [2022-06-26 13:59:05,430] {dagbag.py:507} INFO - Filling up the DagBag from /opt/airflow/dags/chapter04/4_2_context_pythonop.py
[2022-06-26 13:59:05,440] {processor.py:651} INFO - DAG(s) dict_keys(['4_2_context_pythonop']) retrieved from /opt/airflow/dags/chapter04/4_2_context_pythonop.py
[2022-06-26 13:59:05,461] {logging_mixin.py:115} INFO - [2022-06-26 13:59:05,461] {dag.py:2371} INFO - Sync 1 DAGs
[2022-06-26 13:59:05,476] {logging_mixin.py:115} INFO - [2022-06-26 13:59:05,476] {dag.py:2919} INFO - Setting next_dagrun for 4_2_context_pythonop to 2022-06-23T00:00:00+00:00, run_after=2022-06-23T00:00:00+00:00
[2022-06-26 13:59:05,486] {processor.py:161} INFO - Processing /opt/airflow/dags/chapter04/4_2_context_pythonop.py took 0.062 seconds
[2022-06-26 13:59:36,201] {processor.py:153} INFO - Started process (PID=2627) to work on /opt/airflow/dags/chapter04/4_2_context_pythonop.py
[2022-06-26 13:59:36,204] {processor.py:641} INFO - Processing file /opt/airflow/dags/chapter04/4_2_context_pythonop.py for tasks to queue
[2022-06-26 13:59:36,205] {logging_mixin.py:115} INFO - [2022-06-26 13:59:36,205] {dagbag.py:507} INFO - Filling up the DagBag from /opt/airflow/dags/chapter04/4_2_context_pythonop.py
[2022-06-26 13:59:36,213] {processor.py:651} INFO - DAG(s) dict_keys(['4_2_context_pythonop']) retrieved from /opt/airflow/dags/chapter04/4_2_context_pythonop.py
[2022-06-26 13:59:36,231] {logging_mixin.py:115} INFO - [2022-06-26 13:59:36,231] {dag.py:2371} INFO - Sync 1 DAGs
[2022-06-26 13:59:36,246] {logging_mixin.py:115} INFO - [2022-06-26 13:59:36,246] {dag.py:2919} INFO - Setting next_dagrun for 4_2_context_pythonop to 2022-06-23T00:00:00+00:00, run_after=2022-06-23T00:00:00+00:00
[2022-06-26 13:59:36,256] {processor.py:161} INFO - Processing /opt/airflow/dags/chapter04/4_2_context_pythonop.py took 0.057 seconds
[2022-06-26 14:00:06,862] {processor.py:153} INFO - Started process (PID=2690) to work on /opt/airflow/dags/chapter04/4_2_context_pythonop.py
[2022-06-26 14:00:06,866] {processor.py:641} INFO - Processing file /opt/airflow/dags/chapter04/4_2_context_pythonop.py for tasks to queue
[2022-06-26 14:00:06,870] {logging_mixin.py:115} INFO - [2022-06-26 14:00:06,869] {dagbag.py:507} INFO - Filling up the DagBag from /opt/airflow/dags/chapter04/4_2_context_pythonop.py
[2022-06-26 14:00:06,896] {processor.py:651} INFO - DAG(s) dict_keys(['4_2_context_pythonop']) retrieved from /opt/airflow/dags/chapter04/4_2_context_pythonop.py
[2022-06-26 14:00:06,924] {logging_mixin.py:115} INFO - [2022-06-26 14:00:06,924] {dag.py:2371} INFO - Sync 1 DAGs
[2022-06-26 14:00:06,939] {logging_mixin.py:115} INFO - [2022-06-26 14:00:06,939] {dag.py:2919} INFO - Setting next_dagrun for 4_2_context_pythonop to 2022-06-23T00:00:00+00:00, run_after=2022-06-23T00:00:00+00:00
[2022-06-26 14:00:06,951] {processor.py:161} INFO - Processing /opt/airflow/dags/chapter04/4_2_context_pythonop.py took 0.095 seconds
[2022-06-26 14:00:37,646] {processor.py:153} INFO - Started process (PID=2741) to work on /opt/airflow/dags/chapter04/4_2_context_pythonop.py
[2022-06-26 14:00:37,648] {processor.py:641} INFO - Processing file /opt/airflow/dags/chapter04/4_2_context_pythonop.py for tasks to queue
[2022-06-26 14:00:37,650] {logging_mixin.py:115} INFO - [2022-06-26 14:00:37,650] {dagbag.py:507} INFO - Filling up the DagBag from /opt/airflow/dags/chapter04/4_2_context_pythonop.py
[2022-06-26 14:00:37,659] {processor.py:651} INFO - DAG(s) dict_keys(['4_2_context_pythonop']) retrieved from /opt/airflow/dags/chapter04/4_2_context_pythonop.py
[2022-06-26 14:00:37,683] {logging_mixin.py:115} INFO - [2022-06-26 14:00:37,683] {dag.py:2371} INFO - Sync 1 DAGs
[2022-06-26 14:00:37,699] {logging_mixin.py:115} INFO - [2022-06-26 14:00:37,699] {dag.py:2919} INFO - Setting next_dagrun for 4_2_context_pythonop to 2022-06-23T00:00:00+00:00, run_after=2022-06-23T00:00:00+00:00
[2022-06-26 14:00:37,708] {processor.py:161} INFO - Processing /opt/airflow/dags/chapter04/4_2_context_pythonop.py took 0.064 seconds
[2022-06-26 14:01:08,315] {processor.py:153} INFO - Started process (PID=2802) to work on /opt/airflow/dags/chapter04/4_2_context_pythonop.py
[2022-06-26 14:01:08,316] {processor.py:641} INFO - Processing file /opt/airflow/dags/chapter04/4_2_context_pythonop.py for tasks to queue
[2022-06-26 14:01:08,317] {logging_mixin.py:115} INFO - [2022-06-26 14:01:08,317] {dagbag.py:507} INFO - Filling up the DagBag from /opt/airflow/dags/chapter04/4_2_context_pythonop.py
[2022-06-26 14:01:08,325] {processor.py:651} INFO - DAG(s) dict_keys(['4_2_context_pythonop']) retrieved from /opt/airflow/dags/chapter04/4_2_context_pythonop.py
[2022-06-26 14:01:08,344] {logging_mixin.py:115} INFO - [2022-06-26 14:01:08,344] {dag.py:2371} INFO - Sync 1 DAGs
[2022-06-26 14:01:08,356] {logging_mixin.py:115} INFO - [2022-06-26 14:01:08,356] {dag.py:2919} INFO - Setting next_dagrun for 4_2_context_pythonop to 2022-06-23T00:00:00+00:00, run_after=2022-06-23T00:00:00+00:00
[2022-06-26 14:01:08,363] {processor.py:161} INFO - Processing /opt/airflow/dags/chapter04/4_2_context_pythonop.py took 0.050 seconds
[2022-06-26 14:01:38,903] {processor.py:153} INFO - Started process (PID=2862) to work on /opt/airflow/dags/chapter04/4_2_context_pythonop.py
[2022-06-26 14:01:38,905] {processor.py:641} INFO - Processing file /opt/airflow/dags/chapter04/4_2_context_pythonop.py for tasks to queue
[2022-06-26 14:01:38,907] {logging_mixin.py:115} INFO - [2022-06-26 14:01:38,907] {dagbag.py:507} INFO - Filling up the DagBag from /opt/airflow/dags/chapter04/4_2_context_pythonop.py
[2022-06-26 14:01:38,916] {processor.py:651} INFO - DAG(s) dict_keys(['4_2_context_pythonop']) retrieved from /opt/airflow/dags/chapter04/4_2_context_pythonop.py
[2022-06-26 14:01:38,936] {logging_mixin.py:115} INFO - [2022-06-26 14:01:38,935] {dag.py:2371} INFO - Sync 1 DAGs
[2022-06-26 14:01:38,951] {logging_mixin.py:115} INFO - [2022-06-26 14:01:38,951] {dag.py:2919} INFO - Setting next_dagrun for 4_2_context_pythonop to 2022-06-23T00:00:00+00:00, run_after=2022-06-23T00:00:00+00:00
[2022-06-26 14:01:38,959] {processor.py:161} INFO - Processing /opt/airflow/dags/chapter04/4_2_context_pythonop.py took 0.059 seconds
[2022-06-26 14:02:10,105] {processor.py:153} INFO - Started process (PID=2924) to work on /opt/airflow/dags/chapter04/4_2_context_pythonop.py
[2022-06-26 14:02:10,109] {processor.py:641} INFO - Processing file /opt/airflow/dags/chapter04/4_2_context_pythonop.py for tasks to queue
[2022-06-26 14:02:10,112] {logging_mixin.py:115} INFO - [2022-06-26 14:02:10,112] {dagbag.py:507} INFO - Filling up the DagBag from /opt/airflow/dags/chapter04/4_2_context_pythonop.py
[2022-06-26 14:02:10,125] {processor.py:651} INFO - DAG(s) dict_keys(['4_2_context_pythonop']) retrieved from /opt/airflow/dags/chapter04/4_2_context_pythonop.py
[2022-06-26 14:02:10,155] {logging_mixin.py:115} INFO - [2022-06-26 14:02:10,155] {dag.py:2371} INFO - Sync 1 DAGs
[2022-06-26 14:02:10,185] {logging_mixin.py:115} INFO - [2022-06-26 14:02:10,185] {dag.py:2919} INFO - Setting next_dagrun for 4_2_context_pythonop to 2022-06-23T00:00:00+00:00, run_after=2022-06-23T00:00:00+00:00
[2022-06-26 14:02:10,201] {processor.py:161} INFO - Processing /opt/airflow/dags/chapter04/4_2_context_pythonop.py took 0.098 seconds
[2022-06-26 14:02:40,979] {processor.py:153} INFO - Started process (PID=2985) to work on /opt/airflow/dags/chapter04/4_2_context_pythonop.py
[2022-06-26 14:02:40,981] {processor.py:641} INFO - Processing file /opt/airflow/dags/chapter04/4_2_context_pythonop.py for tasks to queue
[2022-06-26 14:02:40,985] {logging_mixin.py:115} INFO - [2022-06-26 14:02:40,985] {dagbag.py:507} INFO - Filling up the DagBag from /opt/airflow/dags/chapter04/4_2_context_pythonop.py
[2022-06-26 14:02:40,996] {processor.py:651} INFO - DAG(s) dict_keys(['4_2_context_pythonop']) retrieved from /opt/airflow/dags/chapter04/4_2_context_pythonop.py
[2022-06-26 14:02:41,020] {logging_mixin.py:115} INFO - [2022-06-26 14:02:41,020] {dag.py:2371} INFO - Sync 1 DAGs
[2022-06-26 14:02:41,036] {logging_mixin.py:115} INFO - [2022-06-26 14:02:41,036] {dag.py:2919} INFO - Setting next_dagrun for 4_2_context_pythonop to 2022-06-23T00:00:00+00:00, run_after=2022-06-23T00:00:00+00:00
[2022-06-26 14:02:41,047] {processor.py:161} INFO - Processing /opt/airflow/dags/chapter04/4_2_context_pythonop.py took 0.072 seconds
[2022-06-26 14:03:12,043] {processor.py:153} INFO - Started process (PID=3046) to work on /opt/airflow/dags/chapter04/4_2_context_pythonop.py
[2022-06-26 14:03:12,044] {processor.py:641} INFO - Processing file /opt/airflow/dags/chapter04/4_2_context_pythonop.py for tasks to queue
[2022-06-26 14:03:12,046] {logging_mixin.py:115} INFO - [2022-06-26 14:03:12,045] {dagbag.py:507} INFO - Filling up the DagBag from /opt/airflow/dags/chapter04/4_2_context_pythonop.py
[2022-06-26 14:03:12,054] {processor.py:651} INFO - DAG(s) dict_keys(['4_2_context_pythonop']) retrieved from /opt/airflow/dags/chapter04/4_2_context_pythonop.py
[2022-06-26 14:03:12,074] {logging_mixin.py:115} INFO - [2022-06-26 14:03:12,074] {dag.py:2371} INFO - Sync 1 DAGs
[2022-06-26 14:03:12,091] {logging_mixin.py:115} INFO - [2022-06-26 14:03:12,091] {dag.py:2919} INFO - Setting next_dagrun for 4_2_context_pythonop to 2022-06-23T00:00:00+00:00, run_after=2022-06-23T00:00:00+00:00
[2022-06-26 14:03:12,100] {processor.py:161} INFO - Processing /opt/airflow/dags/chapter04/4_2_context_pythonop.py took 0.059 seconds
[2022-06-26 14:03:42,862] {processor.py:153} INFO - Started process (PID=3107) to work on /opt/airflow/dags/chapter04/4_2_context_pythonop.py
[2022-06-26 14:03:42,864] {processor.py:641} INFO - Processing file /opt/airflow/dags/chapter04/4_2_context_pythonop.py for tasks to queue
[2022-06-26 14:03:42,866] {logging_mixin.py:115} INFO - [2022-06-26 14:03:42,866] {dagbag.py:507} INFO - Filling up the DagBag from /opt/airflow/dags/chapter04/4_2_context_pythonop.py
[2022-06-26 14:03:42,881] {processor.py:651} INFO - DAG(s) dict_keys(['4_2_context_pythonop']) retrieved from /opt/airflow/dags/chapter04/4_2_context_pythonop.py
[2022-06-26 14:03:42,907] {logging_mixin.py:115} INFO - [2022-06-26 14:03:42,907] {dag.py:2371} INFO - Sync 1 DAGs
[2022-06-26 14:03:42,926] {logging_mixin.py:115} INFO - [2022-06-26 14:03:42,926] {dag.py:2919} INFO - Setting next_dagrun for 4_2_context_pythonop to 2022-06-23T00:00:00+00:00, run_after=2022-06-23T00:00:00+00:00
[2022-06-26 14:03:42,939] {processor.py:161} INFO - Processing /opt/airflow/dags/chapter04/4_2_context_pythonop.py took 0.080 seconds
[2022-06-26 14:04:13,920] {processor.py:153} INFO - Started process (PID=3158) to work on /opt/airflow/dags/chapter04/4_2_context_pythonop.py
[2022-06-26 14:04:13,923] {processor.py:641} INFO - Processing file /opt/airflow/dags/chapter04/4_2_context_pythonop.py for tasks to queue
[2022-06-26 14:04:13,924] {logging_mixin.py:115} INFO - [2022-06-26 14:04:13,924] {dagbag.py:507} INFO - Filling up the DagBag from /opt/airflow/dags/chapter04/4_2_context_pythonop.py
[2022-06-26 14:04:13,936] {processor.py:651} INFO - DAG(s) dict_keys(['4_2_context_pythonop']) retrieved from /opt/airflow/dags/chapter04/4_2_context_pythonop.py
[2022-06-26 14:04:13,957] {logging_mixin.py:115} INFO - [2022-06-26 14:04:13,957] {dag.py:2371} INFO - Sync 1 DAGs
[2022-06-26 14:04:13,971] {logging_mixin.py:115} INFO - [2022-06-26 14:04:13,971] {dag.py:2919} INFO - Setting next_dagrun for 4_2_context_pythonop to 2022-06-23T00:00:00+00:00, run_after=2022-06-23T00:00:00+00:00
[2022-06-26 14:04:13,980] {processor.py:161} INFO - Processing /opt/airflow/dags/chapter04/4_2_context_pythonop.py took 0.062 seconds
[2022-06-26 14:04:44,695] {processor.py:153} INFO - Started process (PID=3220) to work on /opt/airflow/dags/chapter04/4_2_context_pythonop.py
[2022-06-26 14:04:44,697] {processor.py:641} INFO - Processing file /opt/airflow/dags/chapter04/4_2_context_pythonop.py for tasks to queue
[2022-06-26 14:04:44,699] {logging_mixin.py:115} INFO - [2022-06-26 14:04:44,699] {dagbag.py:507} INFO - Filling up the DagBag from /opt/airflow/dags/chapter04/4_2_context_pythonop.py
[2022-06-26 14:04:44,707] {processor.py:651} INFO - DAG(s) dict_keys(['4_2_context_pythonop']) retrieved from /opt/airflow/dags/chapter04/4_2_context_pythonop.py
[2022-06-26 14:04:44,729] {logging_mixin.py:115} INFO - [2022-06-26 14:04:44,729] {dag.py:2371} INFO - Sync 1 DAGs
[2022-06-26 14:04:44,742] {logging_mixin.py:115} INFO - [2022-06-26 14:04:44,742] {dag.py:2919} INFO - Setting next_dagrun for 4_2_context_pythonop to 2022-06-23T00:00:00+00:00, run_after=2022-06-23T00:00:00+00:00
[2022-06-26 14:04:44,750] {processor.py:161} INFO - Processing /opt/airflow/dags/chapter04/4_2_context_pythonop.py took 0.057 seconds
[2022-06-26 14:05:15,570] {processor.py:153} INFO - Started process (PID=3281) to work on /opt/airflow/dags/chapter04/4_2_context_pythonop.py
[2022-06-26 14:05:15,572] {processor.py:641} INFO - Processing file /opt/airflow/dags/chapter04/4_2_context_pythonop.py for tasks to queue
[2022-06-26 14:05:15,573] {logging_mixin.py:115} INFO - [2022-06-26 14:05:15,573] {dagbag.py:507} INFO - Filling up the DagBag from /opt/airflow/dags/chapter04/4_2_context_pythonop.py
[2022-06-26 14:05:15,581] {processor.py:651} INFO - DAG(s) dict_keys(['4_2_context_pythonop']) retrieved from /opt/airflow/dags/chapter04/4_2_context_pythonop.py
[2022-06-26 14:05:15,600] {logging_mixin.py:115} INFO - [2022-06-26 14:05:15,600] {dag.py:2371} INFO - Sync 1 DAGs
[2022-06-26 14:05:15,616] {logging_mixin.py:115} INFO - [2022-06-26 14:05:15,616] {dag.py:2919} INFO - Setting next_dagrun for 4_2_context_pythonop to 2022-06-23T00:00:00+00:00, run_after=2022-06-23T00:00:00+00:00
[2022-06-26 14:05:15,625] {processor.py:161} INFO - Processing /opt/airflow/dags/chapter04/4_2_context_pythonop.py took 0.056 seconds
[2022-06-26 14:05:46,072] {processor.py:153} INFO - Started process (PID=3342) to work on /opt/airflow/dags/chapter04/4_2_context_pythonop.py
[2022-06-26 14:05:46,074] {processor.py:641} INFO - Processing file /opt/airflow/dags/chapter04/4_2_context_pythonop.py for tasks to queue
[2022-06-26 14:05:46,075] {logging_mixin.py:115} INFO - [2022-06-26 14:05:46,075] {dagbag.py:507} INFO - Filling up the DagBag from /opt/airflow/dags/chapter04/4_2_context_pythonop.py
[2022-06-26 14:05:46,086] {processor.py:651} INFO - DAG(s) dict_keys(['4_2_context_pythonop']) retrieved from /opt/airflow/dags/chapter04/4_2_context_pythonop.py
[2022-06-26 14:05:46,107] {logging_mixin.py:115} INFO - [2022-06-26 14:05:46,107] {dag.py:2371} INFO - Sync 1 DAGs
[2022-06-26 14:05:46,121] {logging_mixin.py:115} INFO - [2022-06-26 14:05:46,121] {dag.py:2919} INFO - Setting next_dagrun for 4_2_context_pythonop to 2022-06-23T00:00:00+00:00, run_after=2022-06-23T00:00:00+00:00
[2022-06-26 14:05:46,131] {processor.py:161} INFO - Processing /opt/airflow/dags/chapter04/4_2_context_pythonop.py took 0.061 seconds
[2022-06-26 14:09:52,409] {processor.py:153} INFO - Started process (PID=3393) to work on /opt/airflow/dags/chapter04/4_2_context_pythonop.py
[2022-06-26 14:09:52,412] {processor.py:641} INFO - Processing file /opt/airflow/dags/chapter04/4_2_context_pythonop.py for tasks to queue
[2022-06-26 14:09:52,416] {logging_mixin.py:115} INFO - [2022-06-26 14:09:52,416] {dagbag.py:507} INFO - Filling up the DagBag from /opt/airflow/dags/chapter04/4_2_context_pythonop.py
[2022-06-26 14:09:52,435] {processor.py:651} INFO - DAG(s) dict_keys(['4_2_context_pythonop']) retrieved from /opt/airflow/dags/chapter04/4_2_context_pythonop.py
[2022-06-26 14:09:52,465] {logging_mixin.py:115} INFO - [2022-06-26 14:09:52,465] {dag.py:2371} INFO - Sync 1 DAGs
[2022-06-26 14:09:52,497] {logging_mixin.py:115} INFO - [2022-06-26 14:09:52,497] {dag.py:2919} INFO - Setting next_dagrun for 4_2_context_pythonop to 2022-06-23T00:00:00+00:00, run_after=2022-06-23T00:00:00+00:00
[2022-06-26 14:09:52,516] {processor.py:161} INFO - Processing /opt/airflow/dags/chapter04/4_2_context_pythonop.py took 0.110 seconds
[2022-06-26 14:10:23,338] {processor.py:153} INFO - Started process (PID=3444) to work on /opt/airflow/dags/chapter04/4_2_context_pythonop.py
[2022-06-26 14:10:23,340] {processor.py:641} INFO - Processing file /opt/airflow/dags/chapter04/4_2_context_pythonop.py for tasks to queue
[2022-06-26 14:10:23,341] {logging_mixin.py:115} INFO - [2022-06-26 14:10:23,341] {dagbag.py:507} INFO - Filling up the DagBag from /opt/airflow/dags/chapter04/4_2_context_pythonop.py
[2022-06-26 14:10:23,348] {processor.py:651} INFO - DAG(s) dict_keys(['4_2_context_pythonop']) retrieved from /opt/airflow/dags/chapter04/4_2_context_pythonop.py
[2022-06-26 14:10:23,364] {logging_mixin.py:115} INFO - [2022-06-26 14:10:23,364] {dag.py:2371} INFO - Sync 1 DAGs
[2022-06-26 14:10:23,377] {logging_mixin.py:115} INFO - [2022-06-26 14:10:23,377] {dag.py:2919} INFO - Setting next_dagrun for 4_2_context_pythonop to 2022-06-23T00:00:00+00:00, run_after=2022-06-23T00:00:00+00:00
[2022-06-26 14:10:23,383] {processor.py:161} INFO - Processing /opt/airflow/dags/chapter04/4_2_context_pythonop.py took 0.047 seconds
[2022-06-26 14:10:53,715] {processor.py:153} INFO - Started process (PID=3505) to work on /opt/airflow/dags/chapter04/4_2_context_pythonop.py
[2022-06-26 14:10:53,716] {processor.py:641} INFO - Processing file /opt/airflow/dags/chapter04/4_2_context_pythonop.py for tasks to queue
[2022-06-26 14:10:53,718] {logging_mixin.py:115} INFO - [2022-06-26 14:10:53,718] {dagbag.py:507} INFO - Filling up the DagBag from /opt/airflow/dags/chapter04/4_2_context_pythonop.py
[2022-06-26 14:10:53,728] {processor.py:651} INFO - DAG(s) dict_keys(['4_2_context_pythonop']) retrieved from /opt/airflow/dags/chapter04/4_2_context_pythonop.py
[2022-06-26 14:10:53,748] {logging_mixin.py:115} INFO - [2022-06-26 14:10:53,748] {dag.py:2371} INFO - Sync 1 DAGs
[2022-06-26 14:10:53,764] {logging_mixin.py:115} INFO - [2022-06-26 14:10:53,764] {dag.py:2919} INFO - Setting next_dagrun for 4_2_context_pythonop to 2022-06-23T00:00:00+00:00, run_after=2022-06-23T00:00:00+00:00
[2022-06-26 14:10:53,772] {processor.py:161} INFO - Processing /opt/airflow/dags/chapter04/4_2_context_pythonop.py took 0.059 seconds
[2022-06-26 14:11:24,046] {processor.py:153} INFO - Started process (PID=3566) to work on /opt/airflow/dags/chapter04/4_2_context_pythonop.py
[2022-06-26 14:11:24,048] {processor.py:641} INFO - Processing file /opt/airflow/dags/chapter04/4_2_context_pythonop.py for tasks to queue
[2022-06-26 14:11:24,049] {logging_mixin.py:115} INFO - [2022-06-26 14:11:24,049] {dagbag.py:507} INFO - Filling up the DagBag from /opt/airflow/dags/chapter04/4_2_context_pythonop.py
[2022-06-26 14:11:24,064] {processor.py:651} INFO - DAG(s) dict_keys(['4_2_context_pythonop']) retrieved from /opt/airflow/dags/chapter04/4_2_context_pythonop.py
[2022-06-26 14:11:24,087] {logging_mixin.py:115} INFO - [2022-06-26 14:11:24,087] {dag.py:2371} INFO - Sync 1 DAGs
[2022-06-26 14:11:24,101] {logging_mixin.py:115} INFO - [2022-06-26 14:11:24,101] {dag.py:2919} INFO - Setting next_dagrun for 4_2_context_pythonop to 2022-06-23T00:00:00+00:00, run_after=2022-06-23T00:00:00+00:00
[2022-06-26 14:11:24,112] {processor.py:161} INFO - Processing /opt/airflow/dags/chapter04/4_2_context_pythonop.py took 0.068 seconds
[2022-06-26 14:11:54,316] {processor.py:153} INFO - Started process (PID=3626) to work on /opt/airflow/dags/chapter04/4_2_context_pythonop.py
[2022-06-26 14:11:54,318] {processor.py:641} INFO - Processing file /opt/airflow/dags/chapter04/4_2_context_pythonop.py for tasks to queue
[2022-06-26 14:11:54,319] {logging_mixin.py:115} INFO - [2022-06-26 14:11:54,319] {dagbag.py:507} INFO - Filling up the DagBag from /opt/airflow/dags/chapter04/4_2_context_pythonop.py
[2022-06-26 14:11:54,327] {processor.py:651} INFO - DAG(s) dict_keys(['4_2_context_pythonop']) retrieved from /opt/airflow/dags/chapter04/4_2_context_pythonop.py
[2022-06-26 14:11:54,345] {logging_mixin.py:115} INFO - [2022-06-26 14:11:54,345] {dag.py:2371} INFO - Sync 1 DAGs
[2022-06-26 14:11:54,358] {logging_mixin.py:115} INFO - [2022-06-26 14:11:54,358] {dag.py:2919} INFO - Setting next_dagrun for 4_2_context_pythonop to 2022-06-23T00:00:00+00:00, run_after=2022-06-23T00:00:00+00:00
[2022-06-26 14:11:54,365] {processor.py:161} INFO - Processing /opt/airflow/dags/chapter04/4_2_context_pythonop.py took 0.054 seconds
[2022-06-26 14:12:24,643] {processor.py:153} INFO - Started process (PID=3687) to work on /opt/airflow/dags/chapter04/4_2_context_pythonop.py
[2022-06-26 14:12:24,644] {processor.py:641} INFO - Processing file /opt/airflow/dags/chapter04/4_2_context_pythonop.py for tasks to queue
[2022-06-26 14:12:24,646] {logging_mixin.py:115} INFO - [2022-06-26 14:12:24,646] {dagbag.py:507} INFO - Filling up the DagBag from /opt/airflow/dags/chapter04/4_2_context_pythonop.py
[2022-06-26 14:12:24,654] {processor.py:651} INFO - DAG(s) dict_keys(['4_2_context_pythonop']) retrieved from /opt/airflow/dags/chapter04/4_2_context_pythonop.py
[2022-06-26 14:12:24,671] {logging_mixin.py:115} INFO - [2022-06-26 14:12:24,671] {dag.py:2371} INFO - Sync 1 DAGs
[2022-06-26 14:12:24,685] {logging_mixin.py:115} INFO - [2022-06-26 14:12:24,684] {dag.py:2919} INFO - Setting next_dagrun for 4_2_context_pythonop to 2022-06-23T00:00:00+00:00, run_after=2022-06-23T00:00:00+00:00
[2022-06-26 14:12:24,692] {processor.py:161} INFO - Processing /opt/airflow/dags/chapter04/4_2_context_pythonop.py took 0.052 seconds
[2022-06-26 14:12:55,101] {processor.py:153} INFO - Started process (PID=4230) to work on /opt/airflow/dags/chapter04/4_2_context_pythonop.py
[2022-06-26 14:12:55,105] {processor.py:641} INFO - Processing file /opt/airflow/dags/chapter04/4_2_context_pythonop.py for tasks to queue
[2022-06-26 14:12:55,109] {logging_mixin.py:115} INFO - [2022-06-26 14:12:55,109] {dagbag.py:507} INFO - Filling up the DagBag from /opt/airflow/dags/chapter04/4_2_context_pythonop.py
[2022-06-26 14:12:55,126] {processor.py:651} INFO - DAG(s) dict_keys(['4_2_context_pythonop']) retrieved from /opt/airflow/dags/chapter04/4_2_context_pythonop.py
[2022-06-26 14:12:55,155] {logging_mixin.py:115} INFO - [2022-06-26 14:12:55,155] {dag.py:2371} INFO - Sync 1 DAGs
[2022-06-26 14:12:55,187] {logging_mixin.py:115} INFO - [2022-06-26 14:12:55,187] {dag.py:2919} INFO - Setting next_dagrun for 4_2_context_pythonop to 2022-06-23T00:00:00+00:00, run_after=2022-06-23T00:00:00+00:00
[2022-06-26 14:12:55,207] {processor.py:161} INFO - Processing /opt/airflow/dags/chapter04/4_2_context_pythonop.py took 0.109 seconds
[2022-06-26 14:13:25,693] {processor.py:153} INFO - Started process (PID=4728) to work on /opt/airflow/dags/chapter04/4_2_context_pythonop.py
[2022-06-26 14:13:25,695] {processor.py:641} INFO - Processing file /opt/airflow/dags/chapter04/4_2_context_pythonop.py for tasks to queue
[2022-06-26 14:13:25,697] {logging_mixin.py:115} INFO - [2022-06-26 14:13:25,697] {dagbag.py:507} INFO - Filling up the DagBag from /opt/airflow/dags/chapter04/4_2_context_pythonop.py
[2022-06-26 14:13:25,706] {processor.py:651} INFO - DAG(s) dict_keys(['4_2_context_pythonop']) retrieved from /opt/airflow/dags/chapter04/4_2_context_pythonop.py
[2022-06-26 14:13:25,724] {logging_mixin.py:115} INFO - [2022-06-26 14:13:25,724] {dag.py:2371} INFO - Sync 1 DAGs
[2022-06-26 14:13:25,739] {logging_mixin.py:115} INFO - [2022-06-26 14:13:25,739] {dag.py:2919} INFO - Setting next_dagrun for 4_2_context_pythonop to 2022-06-23T00:00:00+00:00, run_after=2022-06-23T00:00:00+00:00
[2022-06-26 14:13:25,748] {processor.py:161} INFO - Processing /opt/airflow/dags/chapter04/4_2_context_pythonop.py took 0.057 seconds
[2022-06-26 14:13:56,176] {processor.py:153} INFO - Started process (PID=5714) to work on /opt/airflow/dags/chapter04/4_2_context_pythonop.py
[2022-06-26 14:13:56,178] {processor.py:641} INFO - Processing file /opt/airflow/dags/chapter04/4_2_context_pythonop.py for tasks to queue
[2022-06-26 14:13:56,180] {logging_mixin.py:115} INFO - [2022-06-26 14:13:56,180] {dagbag.py:507} INFO - Filling up the DagBag from /opt/airflow/dags/chapter04/4_2_context_pythonop.py
[2022-06-26 14:13:56,193] {processor.py:651} INFO - DAG(s) dict_keys(['4_2_context_pythonop']) retrieved from /opt/airflow/dags/chapter04/4_2_context_pythonop.py
[2022-06-26 14:13:56,220] {logging_mixin.py:115} INFO - [2022-06-26 14:13:56,220] {dag.py:2371} INFO - Sync 1 DAGs
[2022-06-26 14:13:56,245] {logging_mixin.py:115} INFO - [2022-06-26 14:13:56,245] {dag.py:2919} INFO - Setting next_dagrun for 4_2_context_pythonop to 2022-06-23T00:00:00+00:00, run_after=2022-06-23T00:00:00+00:00
[2022-06-26 14:13:56,260] {processor.py:161} INFO - Processing /opt/airflow/dags/chapter04/4_2_context_pythonop.py took 0.087 seconds
[2022-06-26 14:14:26,606] {processor.py:153} INFO - Started process (PID=6083) to work on /opt/airflow/dags/chapter04/4_2_context_pythonop.py
[2022-06-26 14:14:26,607] {processor.py:641} INFO - Processing file /opt/airflow/dags/chapter04/4_2_context_pythonop.py for tasks to queue
[2022-06-26 14:14:26,609] {logging_mixin.py:115} INFO - [2022-06-26 14:14:26,609] {dagbag.py:507} INFO - Filling up the DagBag from /opt/airflow/dags/chapter04/4_2_context_pythonop.py
[2022-06-26 14:14:26,618] {processor.py:651} INFO - DAG(s) dict_keys(['4_2_context_pythonop']) retrieved from /opt/airflow/dags/chapter04/4_2_context_pythonop.py
[2022-06-26 14:14:26,638] {logging_mixin.py:115} INFO - [2022-06-26 14:14:26,638] {dag.py:2371} INFO - Sync 1 DAGs
[2022-06-26 14:14:26,653] {logging_mixin.py:115} INFO - [2022-06-26 14:14:26,653] {dag.py:2919} INFO - Setting next_dagrun for 4_2_context_pythonop to 2022-06-23T00:00:00+00:00, run_after=2022-06-23T00:00:00+00:00
[2022-06-26 14:14:26,662] {processor.py:161} INFO - Processing /opt/airflow/dags/chapter04/4_2_context_pythonop.py took 0.059 seconds
[2022-06-26 14:14:57,157] {processor.py:153} INFO - Started process (PID=6458) to work on /opt/airflow/dags/chapter04/4_2_context_pythonop.py
[2022-06-26 14:14:57,159] {processor.py:641} INFO - Processing file /opt/airflow/dags/chapter04/4_2_context_pythonop.py for tasks to queue
[2022-06-26 14:14:57,160] {logging_mixin.py:115} INFO - [2022-06-26 14:14:57,160] {dagbag.py:507} INFO - Filling up the DagBag from /opt/airflow/dags/chapter04/4_2_context_pythonop.py
[2022-06-26 14:14:57,169] {processor.py:651} INFO - DAG(s) dict_keys(['4_2_context_pythonop']) retrieved from /opt/airflow/dags/chapter04/4_2_context_pythonop.py
[2022-06-26 14:14:57,189] {logging_mixin.py:115} INFO - [2022-06-26 14:14:57,189] {dag.py:2371} INFO - Sync 1 DAGs
[2022-06-26 14:14:57,204] {logging_mixin.py:115} INFO - [2022-06-26 14:14:57,204] {dag.py:2919} INFO - Setting next_dagrun for 4_2_context_pythonop to 2022-06-23T00:00:00+00:00, run_after=2022-06-23T00:00:00+00:00
[2022-06-26 14:14:57,292] {processor.py:161} INFO - Processing /opt/airflow/dags/chapter04/4_2_context_pythonop.py took 0.138 seconds
[2022-06-26 14:15:27,895] {processor.py:153} INFO - Started process (PID=6829) to work on /opt/airflow/dags/chapter04/4_2_context_pythonop.py
[2022-06-26 14:15:27,914] {processor.py:641} INFO - Processing file /opt/airflow/dags/chapter04/4_2_context_pythonop.py for tasks to queue
[2022-06-26 14:15:27,915] {logging_mixin.py:115} INFO - [2022-06-26 14:15:27,915] {dagbag.py:507} INFO - Filling up the DagBag from /opt/airflow/dags/chapter04/4_2_context_pythonop.py
[2022-06-26 14:15:27,926] {processor.py:651} INFO - DAG(s) dict_keys(['4_2_context_pythonop']) retrieved from /opt/airflow/dags/chapter04/4_2_context_pythonop.py
[2022-06-26 14:15:27,946] {logging_mixin.py:115} INFO - [2022-06-26 14:15:27,946] {dag.py:2371} INFO - Sync 1 DAGs
[2022-06-26 14:15:27,962] {logging_mixin.py:115} INFO - [2022-06-26 14:15:27,962] {dag.py:2919} INFO - Setting next_dagrun for 4_2_context_pythonop to 2022-06-23T00:00:00+00:00, run_after=2022-06-23T00:00:00+00:00
[2022-06-26 14:15:28,047] {processor.py:161} INFO - Processing /opt/airflow/dags/chapter04/4_2_context_pythonop.py took 0.154 seconds
[2022-06-26 14:15:58,694] {processor.py:153} INFO - Started process (PID=7446) to work on /opt/airflow/dags/chapter04/4_2_context_pythonop.py
[2022-06-26 14:15:58,696] {processor.py:641} INFO - Processing file /opt/airflow/dags/chapter04/4_2_context_pythonop.py for tasks to queue
[2022-06-26 14:15:58,698] {logging_mixin.py:115} INFO - [2022-06-26 14:15:58,697] {dagbag.py:507} INFO - Filling up the DagBag from /opt/airflow/dags/chapter04/4_2_context_pythonop.py
[2022-06-26 14:15:58,708] {processor.py:651} INFO - DAG(s) dict_keys(['4_2_context_pythonop']) retrieved from /opt/airflow/dags/chapter04/4_2_context_pythonop.py
[2022-06-26 14:15:58,731] {logging_mixin.py:115} INFO - [2022-06-26 14:15:58,731] {dag.py:2371} INFO - Sync 1 DAGs
[2022-06-26 14:15:58,748] {logging_mixin.py:115} INFO - [2022-06-26 14:15:58,748] {dag.py:2919} INFO - Setting next_dagrun for 4_2_context_pythonop to 2022-06-23T00:00:00+00:00, run_after=2022-06-23T00:00:00+00:00
[2022-06-26 14:15:58,851] {processor.py:161} INFO - Processing /opt/airflow/dags/chapter04/4_2_context_pythonop.py took 0.161 seconds
[2022-06-26 14:16:29,436] {processor.py:153} INFO - Started process (PID=9121) to work on /opt/airflow/dags/chapter04/4_2_context_pythonop.py
[2022-06-26 14:16:29,438] {processor.py:641} INFO - Processing file /opt/airflow/dags/chapter04/4_2_context_pythonop.py for tasks to queue
[2022-06-26 14:16:29,440] {logging_mixin.py:115} INFO - [2022-06-26 14:16:29,440] {dagbag.py:507} INFO - Filling up the DagBag from /opt/airflow/dags/chapter04/4_2_context_pythonop.py
[2022-06-26 14:16:29,455] {processor.py:651} INFO - DAG(s) dict_keys(['4_2_context_pythonop']) retrieved from /opt/airflow/dags/chapter04/4_2_context_pythonop.py
[2022-06-26 14:16:29,478] {logging_mixin.py:115} INFO - [2022-06-26 14:16:29,478] {dag.py:2371} INFO - Sync 1 DAGs
[2022-06-26 14:16:29,503] {logging_mixin.py:115} INFO - [2022-06-26 14:16:29,503] {dag.py:2919} INFO - Setting next_dagrun for 4_2_context_pythonop to 2022-06-23T00:00:00+00:00, run_after=2022-06-23T00:00:00+00:00
[2022-06-26 14:16:29,612] {processor.py:161} INFO - Processing /opt/airflow/dags/chapter04/4_2_context_pythonop.py took 0.179 seconds
[2022-06-26 14:16:59,675] {processor.py:153} INFO - Started process (PID=9881) to work on /opt/airflow/dags/chapter04/4_2_context_pythonop.py
[2022-06-26 14:16:59,677] {processor.py:641} INFO - Processing file /opt/airflow/dags/chapter04/4_2_context_pythonop.py for tasks to queue
[2022-06-26 14:16:59,679] {logging_mixin.py:115} INFO - [2022-06-26 14:16:59,678] {dagbag.py:507} INFO - Filling up the DagBag from /opt/airflow/dags/chapter04/4_2_context_pythonop.py
[2022-06-26 14:16:59,688] {processor.py:651} INFO - DAG(s) dict_keys(['4_2_context_pythonop']) retrieved from /opt/airflow/dags/chapter04/4_2_context_pythonop.py
[2022-06-26 14:16:59,708] {logging_mixin.py:115} INFO - [2022-06-26 14:16:59,707] {dag.py:2371} INFO - Sync 1 DAGs
[2022-06-26 14:16:59,721] {logging_mixin.py:115} INFO - [2022-06-26 14:16:59,721] {dag.py:2919} INFO - Setting next_dagrun for 4_2_context_pythonop to 2022-06-23T00:00:00+00:00, run_after=2022-06-23T00:00:00+00:00
[2022-06-26 14:16:59,809] {processor.py:161} INFO - Processing /opt/airflow/dags/chapter04/4_2_context_pythonop.py took 0.137 seconds
[2022-06-26 14:17:30,458] {processor.py:153} INFO - Started process (PID=10815) to work on /opt/airflow/dags/chapter04/4_2_context_pythonop.py
[2022-06-26 14:17:30,461] {processor.py:641} INFO - Processing file /opt/airflow/dags/chapter04/4_2_context_pythonop.py for tasks to queue
[2022-06-26 14:17:30,462] {logging_mixin.py:115} INFO - [2022-06-26 14:17:30,462] {dagbag.py:507} INFO - Filling up the DagBag from /opt/airflow/dags/chapter04/4_2_context_pythonop.py
[2022-06-26 14:17:30,471] {processor.py:651} INFO - DAG(s) dict_keys(['4_2_context_pythonop']) retrieved from /opt/airflow/dags/chapter04/4_2_context_pythonop.py
[2022-06-26 14:17:30,495] {logging_mixin.py:115} INFO - [2022-06-26 14:17:30,495] {dag.py:2371} INFO - Sync 1 DAGs
[2022-06-26 14:17:30,512] {logging_mixin.py:115} INFO - [2022-06-26 14:17:30,512] {dag.py:2919} INFO - Setting next_dagrun for 4_2_context_pythonop to 2022-06-23T00:00:00+00:00, run_after=2022-06-23T00:00:00+00:00
[2022-06-26 14:17:30,608] {processor.py:161} INFO - Processing /opt/airflow/dags/chapter04/4_2_context_pythonop.py took 0.153 seconds
[2022-06-26 14:18:00,928] {processor.py:153} INFO - Started process (PID=11385) to work on /opt/airflow/dags/chapter04/4_2_context_pythonop.py
[2022-06-26 14:18:00,932] {processor.py:641} INFO - Processing file /opt/airflow/dags/chapter04/4_2_context_pythonop.py for tasks to queue
[2022-06-26 14:18:00,935] {logging_mixin.py:115} INFO - [2022-06-26 14:18:00,935] {dagbag.py:507} INFO - Filling up the DagBag from /opt/airflow/dags/chapter04/4_2_context_pythonop.py
[2022-06-26 14:18:00,950] {processor.py:651} INFO - DAG(s) dict_keys(['4_2_context_pythonop']) retrieved from /opt/airflow/dags/chapter04/4_2_context_pythonop.py
[2022-06-26 14:18:00,971] {logging_mixin.py:115} INFO - [2022-06-26 14:18:00,971] {dag.py:2371} INFO - Sync 1 DAGs
[2022-06-26 14:18:00,988] {logging_mixin.py:115} INFO - [2022-06-26 14:18:00,988] {dag.py:2919} INFO - Setting next_dagrun for 4_2_context_pythonop to 2022-06-23T00:00:00+00:00, run_after=2022-06-23T00:00:00+00:00
[2022-06-26 14:18:01,083] {processor.py:161} INFO - Processing /opt/airflow/dags/chapter04/4_2_context_pythonop.py took 0.160 seconds
[2022-06-26 14:18:31,926] {processor.py:153} INFO - Started process (PID=12207) to work on /opt/airflow/dags/chapter04/4_2_context_pythonop.py
[2022-06-26 14:18:31,931] {processor.py:641} INFO - Processing file /opt/airflow/dags/chapter04/4_2_context_pythonop.py for tasks to queue
[2022-06-26 14:18:31,935] {logging_mixin.py:115} INFO - [2022-06-26 14:18:31,934] {dagbag.py:507} INFO - Filling up the DagBag from /opt/airflow/dags/chapter04/4_2_context_pythonop.py
[2022-06-26 14:18:31,990] {processor.py:651} INFO - DAG(s) dict_keys(['4_2_context_pythonop']) retrieved from /opt/airflow/dags/chapter04/4_2_context_pythonop.py
[2022-06-26 14:18:32,021] {logging_mixin.py:115} INFO - [2022-06-26 14:18:32,020] {dag.py:2371} INFO - Sync 1 DAGs
[2022-06-26 14:18:32,055] {logging_mixin.py:115} INFO - [2022-06-26 14:18:32,055] {dag.py:2919} INFO - Setting next_dagrun for 4_2_context_pythonop to 2022-06-23T00:00:00+00:00, run_after=2022-06-23T00:00:00+00:00
[2022-06-26 14:18:32,167] {processor.py:161} INFO - Processing /opt/airflow/dags/chapter04/4_2_context_pythonop.py took 0.251 seconds
[2022-06-26 14:19:02,836] {processor.py:153} INFO - Started process (PID=12588) to work on /opt/airflow/dags/chapter04/4_2_context_pythonop.py
[2022-06-26 14:19:02,838] {processor.py:641} INFO - Processing file /opt/airflow/dags/chapter04/4_2_context_pythonop.py for tasks to queue
[2022-06-26 14:19:02,840] {logging_mixin.py:115} INFO - [2022-06-26 14:19:02,840] {dagbag.py:507} INFO - Filling up the DagBag from /opt/airflow/dags/chapter04/4_2_context_pythonop.py
[2022-06-26 14:19:02,850] {processor.py:651} INFO - DAG(s) dict_keys(['4_2_context_pythonop']) retrieved from /opt/airflow/dags/chapter04/4_2_context_pythonop.py
[2022-06-26 14:19:02,875] {logging_mixin.py:115} INFO - [2022-06-26 14:19:02,875] {dag.py:2371} INFO - Sync 1 DAGs
[2022-06-26 14:19:02,895] {logging_mixin.py:115} INFO - [2022-06-26 14:19:02,895] {dag.py:2919} INFO - Setting next_dagrun for 4_2_context_pythonop to 2022-06-23T00:00:00+00:00, run_after=2022-06-23T00:00:00+00:00
[2022-06-26 14:19:02,993] {processor.py:161} INFO - Processing /opt/airflow/dags/chapter04/4_2_context_pythonop.py took 0.159 seconds
[2022-06-26 14:19:33,685] {processor.py:153} INFO - Started process (PID=13575) to work on /opt/airflow/dags/chapter04/4_2_context_pythonop.py
[2022-06-26 14:19:33,687] {processor.py:641} INFO - Processing file /opt/airflow/dags/chapter04/4_2_context_pythonop.py for tasks to queue
[2022-06-26 14:19:33,688] {logging_mixin.py:115} INFO - [2022-06-26 14:19:33,688] {dagbag.py:507} INFO - Filling up the DagBag from /opt/airflow/dags/chapter04/4_2_context_pythonop.py
[2022-06-26 14:19:33,700] {processor.py:651} INFO - DAG(s) dict_keys(['4_2_context_pythonop']) retrieved from /opt/airflow/dags/chapter04/4_2_context_pythonop.py
[2022-06-26 14:19:33,732] {logging_mixin.py:115} INFO - [2022-06-26 14:19:33,732] {dag.py:2371} INFO - Sync 1 DAGs
[2022-06-26 14:19:33,751] {logging_mixin.py:115} INFO - [2022-06-26 14:19:33,751] {dag.py:2919} INFO - Setting next_dagrun for 4_2_context_pythonop to 2022-06-23T00:00:00+00:00, run_after=2022-06-23T00:00:00+00:00
[2022-06-26 14:19:33,841] {processor.py:161} INFO - Processing /opt/airflow/dags/chapter04/4_2_context_pythonop.py took 0.159 seconds
[2022-06-26 14:20:04,523] {processor.py:153} INFO - Started process (PID=14352) to work on /opt/airflow/dags/chapter04/4_2_context_pythonop.py
[2022-06-26 14:20:04,525] {processor.py:641} INFO - Processing file /opt/airflow/dags/chapter04/4_2_context_pythonop.py for tasks to queue
[2022-06-26 14:20:04,527] {logging_mixin.py:115} INFO - [2022-06-26 14:20:04,527] {dagbag.py:507} INFO - Filling up the DagBag from /opt/airflow/dags/chapter04/4_2_context_pythonop.py
[2022-06-26 14:20:04,536] {processor.py:651} INFO - DAG(s) dict_keys(['4_2_context_pythonop']) retrieved from /opt/airflow/dags/chapter04/4_2_context_pythonop.py
[2022-06-26 14:20:04,593] {logging_mixin.py:115} INFO - [2022-06-26 14:20:04,593] {dag.py:2371} INFO - Sync 1 DAGs
[2022-06-26 14:20:04,701] {logging_mixin.py:115} INFO - [2022-06-26 14:20:04,701] {dag.py:2919} INFO - Setting next_dagrun for 4_2_context_pythonop to 2022-06-23T00:00:00+00:00, run_after=2022-06-23T00:00:00+00:00
[2022-06-26 14:20:04,713] {processor.py:161} INFO - Processing /opt/airflow/dags/chapter04/4_2_context_pythonop.py took 0.193 seconds
[2022-06-26 14:53:08,930] {processor.py:153} INFO - Started process (PID=14815) to work on /opt/airflow/dags/chapter04/4_2_context_pythonop.py
[2022-06-26 14:53:08,934] {processor.py:641} INFO - Processing file /opt/airflow/dags/chapter04/4_2_context_pythonop.py for tasks to queue
[2022-06-26 14:53:08,938] {logging_mixin.py:115} INFO - [2022-06-26 14:53:08,937] {dagbag.py:507} INFO - Filling up the DagBag from /opt/airflow/dags/chapter04/4_2_context_pythonop.py
[2022-06-26 14:53:08,959] {processor.py:651} INFO - DAG(s) dict_keys(['4_2_context_pythonop']) retrieved from /opt/airflow/dags/chapter04/4_2_context_pythonop.py
[2022-06-26 14:53:08,995] {logging_mixin.py:115} INFO - [2022-06-26 14:53:08,995] {dag.py:2371} INFO - Sync 1 DAGs
[2022-06-26 14:53:09,173] {logging_mixin.py:115} INFO - [2022-06-26 14:53:09,172] {dag.py:2919} INFO - Setting next_dagrun for 4_2_context_pythonop to 2022-06-23T00:00:00+00:00, run_after=2022-06-23T00:00:00+00:00
[2022-06-26 14:53:09,194] {processor.py:161} INFO - Processing /opt/airflow/dags/chapter04/4_2_context_pythonop.py took 0.275 seconds
[2022-06-26 16:16:00,129] {processor.py:153} INFO - Started process (PID=15197) to work on /opt/airflow/dags/chapter04/4_2_context_pythonop.py
[2022-06-26 16:16:00,132] {processor.py:641} INFO - Processing file /opt/airflow/dags/chapter04/4_2_context_pythonop.py for tasks to queue
[2022-06-26 16:16:00,135] {logging_mixin.py:115} INFO - [2022-06-26 16:16:00,135] {dagbag.py:507} INFO - Filling up the DagBag from /opt/airflow/dags/chapter04/4_2_context_pythonop.py
[2022-06-26 16:16:00,157] {processor.py:651} INFO - DAG(s) dict_keys(['4_2_context_pythonop']) retrieved from /opt/airflow/dags/chapter04/4_2_context_pythonop.py
[2022-06-26 16:16:00,192] {logging_mixin.py:115} INFO - [2022-06-26 16:16:00,192] {dag.py:2371} INFO - Sync 1 DAGs
[2022-06-26 16:16:00,413] {logging_mixin.py:115} INFO - [2022-06-26 16:16:00,413] {dag.py:2919} INFO - Setting next_dagrun for 4_2_context_pythonop to 2022-06-23T00:00:00+00:00, run_after=2022-06-23T00:00:00+00:00
[2022-06-26 16:16:00,432] {processor.py:161} INFO - Processing /opt/airflow/dags/chapter04/4_2_context_pythonop.py took 0.306 seconds
[2022-06-26 17:21:21,554] {processor.py:153} INFO - Started process (PID=15547) to work on /opt/airflow/dags/chapter04/4_2_context_pythonop.py
[2022-06-26 17:21:21,557] {processor.py:641} INFO - Processing file /opt/airflow/dags/chapter04/4_2_context_pythonop.py for tasks to queue
[2022-06-26 17:21:21,559] {logging_mixin.py:115} INFO - [2022-06-26 17:21:21,559] {dagbag.py:507} INFO - Filling up the DagBag from /opt/airflow/dags/chapter04/4_2_context_pythonop.py
[2022-06-26 17:21:21,575] {processor.py:651} INFO - DAG(s) dict_keys(['4_2_context_pythonop']) retrieved from /opt/airflow/dags/chapter04/4_2_context_pythonop.py
[2022-06-26 17:21:21,726] {logging_mixin.py:115} INFO - [2022-06-26 17:21:21,726] {dag.py:2371} INFO - Sync 1 DAGs
[2022-06-26 17:21:21,744] {logging_mixin.py:115} INFO - [2022-06-26 17:21:21,744] {dag.py:2919} INFO - Setting next_dagrun for 4_2_context_pythonop to 2022-06-23T00:00:00+00:00, run_after=2022-06-23T00:00:00+00:00
[2022-06-26 17:21:21,758] {processor.py:161} INFO - Processing /opt/airflow/dags/chapter04/4_2_context_pythonop.py took 0.207 seconds
[2022-06-26 18:41:37,853] {processor.py:153} INFO - Started process (PID=15917) to work on /opt/airflow/dags/chapter04/4_2_context_pythonop.py
[2022-06-26 18:41:37,856] {processor.py:641} INFO - Processing file /opt/airflow/dags/chapter04/4_2_context_pythonop.py for tasks to queue
[2022-06-26 18:41:37,859] {logging_mixin.py:115} INFO - [2022-06-26 18:41:37,859] {dagbag.py:507} INFO - Filling up the DagBag from /opt/airflow/dags/chapter04/4_2_context_pythonop.py
[2022-06-26 18:41:37,886] {processor.py:651} INFO - DAG(s) dict_keys(['4_2_context_pythonop']) retrieved from /opt/airflow/dags/chapter04/4_2_context_pythonop.py
[2022-06-26 18:41:38,034] {logging_mixin.py:115} INFO - [2022-06-26 18:41:38,034] {dag.py:2371} INFO - Sync 1 DAGs
[2022-06-26 18:41:38,053] {logging_mixin.py:115} INFO - [2022-06-26 18:41:38,053] {dag.py:2919} INFO - Setting next_dagrun for 4_2_context_pythonop to 2022-06-23T00:00:00+00:00, run_after=2022-06-23T00:00:00+00:00
[2022-06-26 18:41:38,068] {processor.py:161} INFO - Processing /opt/airflow/dags/chapter04/4_2_context_pythonop.py took 0.221 seconds
[2022-06-26 20:03:39,490] {processor.py:153} INFO - Started process (PID=16195) to work on /opt/airflow/dags/chapter04/4_2_context_pythonop.py
[2022-06-26 20:03:39,493] {processor.py:641} INFO - Processing file /opt/airflow/dags/chapter04/4_2_context_pythonop.py for tasks to queue
[2022-06-26 20:03:39,495] {logging_mixin.py:115} INFO - [2022-06-26 20:03:39,495] {dagbag.py:507} INFO - Filling up the DagBag from /opt/airflow/dags/chapter04/4_2_context_pythonop.py
[2022-06-26 20:03:39,517] {processor.py:651} INFO - DAG(s) dict_keys(['4_2_context_pythonop']) retrieved from /opt/airflow/dags/chapter04/4_2_context_pythonop.py
[2022-06-26 20:03:39,545] {logging_mixin.py:115} INFO - [2022-06-26 20:03:39,545] {dag.py:2371} INFO - Sync 1 DAGs
[2022-06-26 20:03:39,569] {logging_mixin.py:115} INFO - [2022-06-26 20:03:39,569] {dag.py:2919} INFO - Setting next_dagrun for 4_2_context_pythonop to 2022-06-23T00:00:00+00:00, run_after=2022-06-23T00:00:00+00:00
[2022-06-26 20:03:39,586] {processor.py:161} INFO - Processing /opt/airflow/dags/chapter04/4_2_context_pythonop.py took 0.098 seconds
[2022-06-26 21:23:32,245] {processor.py:153} INFO - Started process (PID=16468) to work on /opt/airflow/dags/chapter04/4_2_context_pythonop.py
[2022-06-26 21:23:32,250] {processor.py:641} INFO - Processing file /opt/airflow/dags/chapter04/4_2_context_pythonop.py for tasks to queue
[2022-06-26 21:23:32,253] {logging_mixin.py:115} INFO - [2022-06-26 21:23:32,253] {dagbag.py:507} INFO - Filling up the DagBag from /opt/airflow/dags/chapter04/4_2_context_pythonop.py
[2022-06-26 21:23:32,268] {processor.py:651} INFO - DAG(s) dict_keys(['4_2_context_pythonop']) retrieved from /opt/airflow/dags/chapter04/4_2_context_pythonop.py
[2022-06-26 21:23:32,305] {logging_mixin.py:115} INFO - [2022-06-26 21:23:32,305] {dag.py:2371} INFO - Sync 1 DAGs
[2022-06-26 21:23:32,336] {logging_mixin.py:115} INFO - [2022-06-26 21:23:32,336] {dag.py:2919} INFO - Setting next_dagrun for 4_2_context_pythonop to 2022-06-23T00:00:00+00:00, run_after=2022-06-23T00:00:00+00:00
[2022-06-26 21:23:32,363] {processor.py:161} INFO - Processing /opt/airflow/dags/chapter04/4_2_context_pythonop.py took 0.120 seconds
[2022-06-26 22:29:32,057] {processor.py:153} INFO - Started process (PID=16755) to work on /opt/airflow/dags/chapter04/4_2_context_pythonop.py
[2022-06-26 22:29:32,060] {processor.py:641} INFO - Processing file /opt/airflow/dags/chapter04/4_2_context_pythonop.py for tasks to queue
[2022-06-26 22:29:32,062] {logging_mixin.py:115} INFO - [2022-06-26 22:29:32,062] {dagbag.py:507} INFO - Filling up the DagBag from /opt/airflow/dags/chapter04/4_2_context_pythonop.py
[2022-06-26 22:29:32,076] {processor.py:651} INFO - DAG(s) dict_keys(['4_2_context_pythonop']) retrieved from /opt/airflow/dags/chapter04/4_2_context_pythonop.py
[2022-06-26 22:29:32,106] {logging_mixin.py:115} INFO - [2022-06-26 22:29:32,106] {dag.py:2371} INFO - Sync 1 DAGs
[2022-06-26 22:29:32,139] {logging_mixin.py:115} INFO - [2022-06-26 22:29:32,139] {dag.py:2919} INFO - Setting next_dagrun for 4_2_context_pythonop to 2022-06-23T00:00:00+00:00, run_after=2022-06-23T00:00:00+00:00
[2022-06-26 22:29:32,156] {processor.py:161} INFO - Processing /opt/airflow/dags/chapter04/4_2_context_pythonop.py took 0.104 seconds
[2022-06-26 23:11:57,256] {processor.py:153} INFO - Started process (PID=17060) to work on /opt/airflow/dags/chapter04/4_2_context_pythonop.py
[2022-06-26 23:11:57,260] {processor.py:641} INFO - Processing file /opt/airflow/dags/chapter04/4_2_context_pythonop.py for tasks to queue
[2022-06-26 23:11:57,261] {logging_mixin.py:115} INFO - [2022-06-26 23:11:57,261] {dagbag.py:507} INFO - Filling up the DagBag from /opt/airflow/dags/chapter04/4_2_context_pythonop.py
[2022-06-26 23:11:57,281] {processor.py:651} INFO - DAG(s) dict_keys(['4_2_context_pythonop']) retrieved from /opt/airflow/dags/chapter04/4_2_context_pythonop.py
[2022-06-26 23:11:57,325] {logging_mixin.py:115} INFO - [2022-06-26 23:11:57,325] {dag.py:2371} INFO - Sync 1 DAGs
[2022-06-26 23:11:57,347] {logging_mixin.py:115} INFO - [2022-06-26 23:11:57,347] {dag.py:2919} INFO - Setting next_dagrun for 4_2_context_pythonop to 2022-06-23T00:00:00+00:00, run_after=2022-06-23T00:00:00+00:00
[2022-06-26 23:11:57,363] {processor.py:161} INFO - Processing /opt/airflow/dags/chapter04/4_2_context_pythonop.py took 0.110 seconds
[2022-06-26 23:12:27,455] {processor.py:153} INFO - Started process (PID=17347) to work on /opt/airflow/dags/chapter04/4_2_context_pythonop.py
[2022-06-26 23:12:27,457] {processor.py:641} INFO - Processing file /opt/airflow/dags/chapter04/4_2_context_pythonop.py for tasks to queue
[2022-06-26 23:12:27,459] {logging_mixin.py:115} INFO - [2022-06-26 23:12:27,459] {dagbag.py:507} INFO - Filling up the DagBag from /opt/airflow/dags/chapter04/4_2_context_pythonop.py
[2022-06-26 23:12:27,466] {processor.py:651} INFO - DAG(s) dict_keys(['4_2_context_pythonop']) retrieved from /opt/airflow/dags/chapter04/4_2_context_pythonop.py
[2022-06-26 23:12:27,485] {logging_mixin.py:115} INFO - [2022-06-26 23:12:27,485] {dag.py:2371} INFO - Sync 1 DAGs
[2022-06-26 23:12:27,499] {logging_mixin.py:115} INFO - [2022-06-26 23:12:27,499] {dag.py:2919} INFO - Setting next_dagrun for 4_2_context_pythonop to 2022-06-23T00:00:00+00:00, run_after=2022-06-23T00:00:00+00:00
[2022-06-26 23:12:27,508] {processor.py:161} INFO - Processing /opt/airflow/dags/chapter04/4_2_context_pythonop.py took 0.054 seconds
[2022-06-26 23:12:58,273] {processor.py:153} INFO - Started process (PID=17627) to work on /opt/airflow/dags/chapter04/4_2_context_pythonop.py
[2022-06-26 23:12:58,275] {processor.py:641} INFO - Processing file /opt/airflow/dags/chapter04/4_2_context_pythonop.py for tasks to queue
[2022-06-26 23:12:58,276] {logging_mixin.py:115} INFO - [2022-06-26 23:12:58,276] {dagbag.py:507} INFO - Filling up the DagBag from /opt/airflow/dags/chapter04/4_2_context_pythonop.py
[2022-06-26 23:12:58,284] {processor.py:651} INFO - DAG(s) dict_keys(['4_2_context_pythonop']) retrieved from /opt/airflow/dags/chapter04/4_2_context_pythonop.py
[2022-06-26 23:12:58,302] {logging_mixin.py:115} INFO - [2022-06-26 23:12:58,302] {dag.py:2371} INFO - Sync 1 DAGs
[2022-06-26 23:12:58,317] {logging_mixin.py:115} INFO - [2022-06-26 23:12:58,316] {dag.py:2919} INFO - Setting next_dagrun for 4_2_context_pythonop to 2022-06-23T00:00:00+00:00, run_after=2022-06-23T00:00:00+00:00
[2022-06-26 23:12:58,326] {processor.py:161} INFO - Processing /opt/airflow/dags/chapter04/4_2_context_pythonop.py took 0.055 seconds
[2022-06-26 23:31:49,868] {processor.py:153} INFO - Started process (PID=17895) to work on /opt/airflow/dags/chapter04/4_2_context_pythonop.py
[2022-06-26 23:31:49,871] {processor.py:641} INFO - Processing file /opt/airflow/dags/chapter04/4_2_context_pythonop.py for tasks to queue
[2022-06-26 23:31:49,873] {logging_mixin.py:115} INFO - [2022-06-26 23:31:49,873] {dagbag.py:507} INFO - Filling up the DagBag from /opt/airflow/dags/chapter04/4_2_context_pythonop.py
[2022-06-26 23:31:49,897] {processor.py:651} INFO - DAG(s) dict_keys(['4_2_context_pythonop']) retrieved from /opt/airflow/dags/chapter04/4_2_context_pythonop.py
[2022-06-26 23:31:49,948] {logging_mixin.py:115} INFO - [2022-06-26 23:31:49,948] {dag.py:2371} INFO - Sync 1 DAGs
[2022-06-26 23:31:49,978] {logging_mixin.py:115} INFO - [2022-06-26 23:31:49,978] {dag.py:2919} INFO - Setting next_dagrun for 4_2_context_pythonop to 2022-06-23T00:00:00+00:00, run_after=2022-06-23T00:00:00+00:00
[2022-06-26 23:31:50,004] {processor.py:161} INFO - Processing /opt/airflow/dags/chapter04/4_2_context_pythonop.py took 0.140 seconds
