[2022-06-20 01:39:11,419] {taskinstance.py:1159} INFO - Dependencies all met for <TaskInstance: listing_2_10.get_pictures scheduled__2022-06-15T00:00:00+00:00 [queued]>
[2022-06-20 01:39:11,429] {taskinstance.py:1159} INFO - Dependencies all met for <TaskInstance: listing_2_10.get_pictures scheduled__2022-06-15T00:00:00+00:00 [queued]>
[2022-06-20 01:39:11,431] {taskinstance.py:1356} INFO - 
--------------------------------------------------------------------------------
[2022-06-20 01:39:11,432] {taskinstance.py:1357} INFO - Starting attempt 1 of 1
[2022-06-20 01:39:11,434] {taskinstance.py:1358} INFO - 
--------------------------------------------------------------------------------
[2022-06-20 01:39:11,449] {taskinstance.py:1377} INFO - Executing <Task(PythonOperator): get_pictures> on 2022-06-15 00:00:00+00:00
[2022-06-20 01:39:11,467] {standard_task_runner.py:52} INFO - Started process 840 to run task
[2022-06-20 01:39:11,473] {standard_task_runner.py:79} INFO - Running: ['***', 'tasks', 'run', 'listing_2_10', 'get_pictures', 'scheduled__2022-06-15T00:00:00+00:00', '--job-id', '137', '--raw', '--subdir', 'DAGS_FOLDER/data-pipline-book/3_1_scheduled_dag.py', '--cfg-path', '/tmp/tmpp8zgf8hw', '--error-file', '/tmp/tmp47opad8b']
[2022-06-20 01:39:11,476] {standard_task_runner.py:80} INFO - Job 137: Subtask get_pictures
[2022-06-20 01:39:11,582] {task_command.py:369} INFO - Running <TaskInstance: listing_2_10.get_pictures scheduled__2022-06-15T00:00:00+00:00 [running]> on host b8db81cc5447
[2022-06-20 01:39:11,641] {taskinstance.py:1571} INFO - Exporting the following env vars:
AIRFLOW_CTX_DAG_OWNER=***
AIRFLOW_CTX_DAG_ID=listing_2_10
AIRFLOW_CTX_TASK_ID=get_pictures
AIRFLOW_CTX_EXECUTION_DATE=2022-06-15T00:00:00+00:00
AIRFLOW_CTX_TRY_NUMBER=1
AIRFLOW_CTX_DAG_RUN_ID=scheduled__2022-06-15T00:00:00+00:00
[2022-06-20 01:39:11,645] {taskinstance.py:1889} ERROR - Task failed with exception
Traceback (most recent call last):
  File "/home/airflow/.local/lib/python3.7/site-packages/airflow/operators/python.py", line 171, in execute
    return_value = self.execute_callable()
  File "/home/airflow/.local/lib/python3.7/site-packages/airflow/operators/python.py", line 189, in execute_callable
    return self.python_callable(*self.op_args, **self.op_kwargs)
  File "/opt/airflow/dags/data-pipline-book/3_1_scheduled_dag.py", line 31, in _get_pictures
    image_urls = [launch["image"] for launch in launches["results"]]
KeyError: 'results'
[2022-06-20 01:39:11,661] {taskinstance.py:1400} INFO - Marking task as FAILED. dag_id=listing_2_10, task_id=get_pictures, execution_date=20220615T000000, start_date=20220620T013911, end_date=20220620T013911
[2022-06-20 01:39:11,669] {standard_task_runner.py:97} ERROR - Failed to execute job 137 for task get_pictures ('results'; 840)
[2022-06-20 01:39:11,699] {local_task_job.py:156} INFO - Task exited with return code 1
[2022-06-20 01:39:11,737] {local_task_job.py:273} INFO - 0 downstream tasks scheduled from follow-on schedule check
