[2022-06-26 13:37:30,399] {processor.py:153} INFO - Started process (PID=57) to work on /opt/airflow/dags/chapter03/02_daily_scheduled.py
[2022-06-26 13:37:30,403] {processor.py:641} INFO - Processing file /opt/airflow/dags/chapter03/02_daily_scheduled.py for tasks to queue
[2022-06-26 13:37:30,407] {logging_mixin.py:115} INFO - [2022-06-26 13:37:30,407] {dagbag.py:507} INFO - Filling up the DagBag from /opt/airflow/dags/chapter03/02_daily_scheduled.py
[2022-06-26 13:37:30,705] {processor.py:651} INFO - DAG(s) dict_keys(['02_daily_schedule']) retrieved from /opt/airflow/dags/chapter03/02_daily_scheduled.py
[2022-06-26 13:37:30,765] {logging_mixin.py:115} INFO - [2022-06-26 13:37:30,765] {manager.py:508} INFO - Created Permission View: can read on DAG:02_daily_schedule
[2022-06-26 13:37:30,775] {logging_mixin.py:115} INFO - [2022-06-26 13:37:30,774] {manager.py:508} INFO - Created Permission View: can edit on DAG:02_daily_schedule
[2022-06-26 13:37:30,780] {logging_mixin.py:115} INFO - [2022-06-26 13:37:30,780] {manager.py:508} INFO - Created Permission View: can delete on DAG:02_daily_schedule
[2022-06-26 13:37:30,782] {logging_mixin.py:115} INFO - [2022-06-26 13:37:30,782] {dag.py:2371} INFO - Sync 1 DAGs
[2022-06-26 13:37:30,789] {logging_mixin.py:115} INFO - [2022-06-26 13:37:30,788] {dag.py:2390} INFO - Creating ORM DAG for 02_daily_schedule
[2022-06-26 13:37:30,799] {logging_mixin.py:115} INFO - [2022-06-26 13:37:30,799] {dag.py:2919} INFO - Setting next_dagrun for 02_daily_schedule to 2019-01-01T00:00:00+00:00, run_after=2019-01-02T00:00:00+00:00
[2022-06-26 13:37:30,816] {processor.py:161} INFO - Processing /opt/airflow/dags/chapter03/02_daily_scheduled.py took 0.422 seconds
[2022-06-26 13:38:00,952] {processor.py:153} INFO - Started process (PID=108) to work on /opt/airflow/dags/chapter03/02_daily_scheduled.py
[2022-06-26 13:38:00,953] {processor.py:641} INFO - Processing file /opt/airflow/dags/chapter03/02_daily_scheduled.py for tasks to queue
[2022-06-26 13:38:00,954] {logging_mixin.py:115} INFO - [2022-06-26 13:38:00,954] {dagbag.py:507} INFO - Filling up the DagBag from /opt/airflow/dags/chapter03/02_daily_scheduled.py
[2022-06-26 13:38:01,132] {processor.py:651} INFO - DAG(s) dict_keys(['02_daily_schedule']) retrieved from /opt/airflow/dags/chapter03/02_daily_scheduled.py
[2022-06-26 13:38:01,145] {logging_mixin.py:115} INFO - [2022-06-26 13:38:01,145] {dag.py:2371} INFO - Sync 1 DAGs
[2022-06-26 13:38:01,156] {logging_mixin.py:115} INFO - [2022-06-26 13:38:01,156] {dag.py:2919} INFO - Setting next_dagrun for 02_daily_schedule to 2019-01-01T00:00:00+00:00, run_after=2019-01-02T00:00:00+00:00
[2022-06-26 13:38:01,161] {processor.py:161} INFO - Processing /opt/airflow/dags/chapter03/02_daily_scheduled.py took 0.212 seconds
[2022-06-26 13:38:31,550] {processor.py:153} INFO - Started process (PID=169) to work on /opt/airflow/dags/chapter03/02_daily_scheduled.py
[2022-06-26 13:38:31,552] {processor.py:641} INFO - Processing file /opt/airflow/dags/chapter03/02_daily_scheduled.py for tasks to queue
[2022-06-26 13:38:31,553] {logging_mixin.py:115} INFO - [2022-06-26 13:38:31,553] {dagbag.py:507} INFO - Filling up the DagBag from /opt/airflow/dags/chapter03/02_daily_scheduled.py
[2022-06-26 13:38:31,738] {processor.py:651} INFO - DAG(s) dict_keys(['02_daily_schedule']) retrieved from /opt/airflow/dags/chapter03/02_daily_scheduled.py
[2022-06-26 13:38:31,751] {logging_mixin.py:115} INFO - [2022-06-26 13:38:31,751] {dag.py:2371} INFO - Sync 1 DAGs
[2022-06-26 13:38:31,762] {logging_mixin.py:115} INFO - [2022-06-26 13:38:31,762] {dag.py:2919} INFO - Setting next_dagrun for 02_daily_schedule to 2019-01-01T00:00:00+00:00, run_after=2019-01-02T00:00:00+00:00
[2022-06-26 13:38:31,768] {processor.py:161} INFO - Processing /opt/airflow/dags/chapter03/02_daily_scheduled.py took 0.222 seconds
[2022-06-26 13:39:02,163] {processor.py:153} INFO - Started process (PID=230) to work on /opt/airflow/dags/chapter03/02_daily_scheduled.py
[2022-06-26 13:39:02,165] {processor.py:641} INFO - Processing file /opt/airflow/dags/chapter03/02_daily_scheduled.py for tasks to queue
[2022-06-26 13:39:02,167] {logging_mixin.py:115} INFO - [2022-06-26 13:39:02,167] {dagbag.py:507} INFO - Filling up the DagBag from /opt/airflow/dags/chapter03/02_daily_scheduled.py
[2022-06-26 13:39:02,366] {processor.py:651} INFO - DAG(s) dict_keys(['02_daily_schedule']) retrieved from /opt/airflow/dags/chapter03/02_daily_scheduled.py
[2022-06-26 13:39:02,380] {logging_mixin.py:115} INFO - [2022-06-26 13:39:02,380] {dag.py:2371} INFO - Sync 1 DAGs
[2022-06-26 13:39:02,392] {logging_mixin.py:115} INFO - [2022-06-26 13:39:02,392] {dag.py:2919} INFO - Setting next_dagrun for 02_daily_schedule to 2019-01-01T00:00:00+00:00, run_after=2019-01-02T00:00:00+00:00
[2022-06-26 13:39:02,399] {processor.py:161} INFO - Processing /opt/airflow/dags/chapter03/02_daily_scheduled.py took 0.240 seconds
[2022-06-26 13:39:33,148] {processor.py:153} INFO - Started process (PID=292) to work on /opt/airflow/dags/chapter03/02_daily_scheduled.py
[2022-06-26 13:39:33,150] {processor.py:641} INFO - Processing file /opt/airflow/dags/chapter03/02_daily_scheduled.py for tasks to queue
[2022-06-26 13:39:33,154] {logging_mixin.py:115} INFO - [2022-06-26 13:39:33,154] {dagbag.py:507} INFO - Filling up the DagBag from /opt/airflow/dags/chapter03/02_daily_scheduled.py
[2022-06-26 13:39:33,335] {processor.py:651} INFO - DAG(s) dict_keys(['02_daily_schedule']) retrieved from /opt/airflow/dags/chapter03/02_daily_scheduled.py
[2022-06-26 13:39:33,351] {logging_mixin.py:115} INFO - [2022-06-26 13:39:33,351] {dag.py:2371} INFO - Sync 1 DAGs
[2022-06-26 13:39:33,363] {logging_mixin.py:115} INFO - [2022-06-26 13:39:33,363] {dag.py:2919} INFO - Setting next_dagrun for 02_daily_schedule to 2019-01-01T00:00:00+00:00, run_after=2019-01-02T00:00:00+00:00
[2022-06-26 13:39:33,369] {processor.py:161} INFO - Processing /opt/airflow/dags/chapter03/02_daily_scheduled.py took 0.223 seconds
[2022-06-26 13:40:04,228] {processor.py:153} INFO - Started process (PID=352) to work on /opt/airflow/dags/chapter03/02_daily_scheduled.py
[2022-06-26 13:40:04,230] {processor.py:641} INFO - Processing file /opt/airflow/dags/chapter03/02_daily_scheduled.py for tasks to queue
[2022-06-26 13:40:04,235] {logging_mixin.py:115} INFO - [2022-06-26 13:40:04,235] {dagbag.py:507} INFO - Filling up the DagBag from /opt/airflow/dags/chapter03/02_daily_scheduled.py
[2022-06-26 13:40:04,638] {processor.py:651} INFO - DAG(s) dict_keys(['02_daily_schedule']) retrieved from /opt/airflow/dags/chapter03/02_daily_scheduled.py
[2022-06-26 13:40:04,675] {logging_mixin.py:115} INFO - [2022-06-26 13:40:04,675] {dag.py:2371} INFO - Sync 1 DAGs
[2022-06-26 13:40:04,702] {logging_mixin.py:115} INFO - [2022-06-26 13:40:04,702] {dag.py:2919} INFO - Setting next_dagrun for 02_daily_schedule to 2019-01-01T00:00:00+00:00, run_after=2019-01-02T00:00:00+00:00
[2022-06-26 13:40:04,740] {processor.py:161} INFO - Processing /opt/airflow/dags/chapter03/02_daily_scheduled.py took 0.515 seconds
[2022-06-26 13:40:35,573] {processor.py:153} INFO - Started process (PID=416) to work on /opt/airflow/dags/chapter03/02_daily_scheduled.py
[2022-06-26 13:40:35,576] {processor.py:641} INFO - Processing file /opt/airflow/dags/chapter03/02_daily_scheduled.py for tasks to queue
[2022-06-26 13:40:35,582] {logging_mixin.py:115} INFO - [2022-06-26 13:40:35,582] {dagbag.py:507} INFO - Filling up the DagBag from /opt/airflow/dags/chapter03/02_daily_scheduled.py
[2022-06-26 13:40:35,812] {processor.py:651} INFO - DAG(s) dict_keys(['02_daily_schedule']) retrieved from /opt/airflow/dags/chapter03/02_daily_scheduled.py
[2022-06-26 13:40:35,835] {logging_mixin.py:115} INFO - [2022-06-26 13:40:35,834] {dag.py:2371} INFO - Sync 1 DAGs
[2022-06-26 13:40:35,876] {logging_mixin.py:115} INFO - [2022-06-26 13:40:35,876] {dag.py:2919} INFO - Setting next_dagrun for 02_daily_schedule to 2019-01-01T00:00:00+00:00, run_after=2019-01-02T00:00:00+00:00
[2022-06-26 13:40:35,884] {processor.py:161} INFO - Processing /opt/airflow/dags/chapter03/02_daily_scheduled.py took 0.313 seconds
[2022-06-26 13:41:06,508] {processor.py:153} INFO - Started process (PID=480) to work on /opt/airflow/dags/chapter03/02_daily_scheduled.py
[2022-06-26 13:41:06,512] {processor.py:641} INFO - Processing file /opt/airflow/dags/chapter03/02_daily_scheduled.py for tasks to queue
[2022-06-26 13:41:06,518] {logging_mixin.py:115} INFO - [2022-06-26 13:41:06,518] {dagbag.py:507} INFO - Filling up the DagBag from /opt/airflow/dags/chapter03/02_daily_scheduled.py
[2022-06-26 13:41:06,749] {processor.py:651} INFO - DAG(s) dict_keys(['02_daily_schedule']) retrieved from /opt/airflow/dags/chapter03/02_daily_scheduled.py
[2022-06-26 13:41:06,768] {logging_mixin.py:115} INFO - [2022-06-26 13:41:06,768] {dag.py:2371} INFO - Sync 1 DAGs
[2022-06-26 13:41:06,784] {logging_mixin.py:115} INFO - [2022-06-26 13:41:06,784] {dag.py:2919} INFO - Setting next_dagrun for 02_daily_schedule to 2019-01-01T00:00:00+00:00, run_after=2019-01-02T00:00:00+00:00
[2022-06-26 13:41:06,794] {processor.py:161} INFO - Processing /opt/airflow/dags/chapter03/02_daily_scheduled.py took 0.288 seconds
[2022-06-26 13:41:37,177] {processor.py:153} INFO - Started process (PID=531) to work on /opt/airflow/dags/chapter03/02_daily_scheduled.py
[2022-06-26 13:41:37,179] {processor.py:641} INFO - Processing file /opt/airflow/dags/chapter03/02_daily_scheduled.py for tasks to queue
[2022-06-26 13:41:37,182] {logging_mixin.py:115} INFO - [2022-06-26 13:41:37,182] {dagbag.py:507} INFO - Filling up the DagBag from /opt/airflow/dags/chapter03/02_daily_scheduled.py
[2022-06-26 13:41:37,413] {processor.py:651} INFO - DAG(s) dict_keys(['02_daily_schedule']) retrieved from /opt/airflow/dags/chapter03/02_daily_scheduled.py
[2022-06-26 13:41:37,432] {logging_mixin.py:115} INFO - [2022-06-26 13:41:37,432] {dag.py:2371} INFO - Sync 1 DAGs
[2022-06-26 13:41:37,446] {logging_mixin.py:115} INFO - [2022-06-26 13:41:37,446] {dag.py:2919} INFO - Setting next_dagrun for 02_daily_schedule to 2019-01-01T00:00:00+00:00, run_after=2019-01-02T00:00:00+00:00
[2022-06-26 13:41:37,459] {processor.py:161} INFO - Processing /opt/airflow/dags/chapter03/02_daily_scheduled.py took 0.286 seconds
[2022-06-26 13:42:07,930] {processor.py:153} INFO - Started process (PID=597) to work on /opt/airflow/dags/chapter03/02_daily_scheduled.py
[2022-06-26 13:42:07,931] {processor.py:641} INFO - Processing file /opt/airflow/dags/chapter03/02_daily_scheduled.py for tasks to queue
[2022-06-26 13:42:07,938] {logging_mixin.py:115} INFO - [2022-06-26 13:42:07,937] {dagbag.py:507} INFO - Filling up the DagBag from /opt/airflow/dags/chapter03/02_daily_scheduled.py
[2022-06-26 13:42:08,149] {processor.py:651} INFO - DAG(s) dict_keys(['02_daily_schedule']) retrieved from /opt/airflow/dags/chapter03/02_daily_scheduled.py
[2022-06-26 13:42:08,168] {logging_mixin.py:115} INFO - [2022-06-26 13:42:08,168] {dag.py:2371} INFO - Sync 1 DAGs
[2022-06-26 13:42:08,181] {logging_mixin.py:115} INFO - [2022-06-26 13:42:08,180] {dag.py:2919} INFO - Setting next_dagrun for 02_daily_schedule to 2019-01-01T00:00:00+00:00, run_after=2019-01-02T00:00:00+00:00
[2022-06-26 13:42:08,188] {processor.py:161} INFO - Processing /opt/airflow/dags/chapter03/02_daily_scheduled.py took 0.262 seconds
[2022-06-26 13:42:38,733] {processor.py:153} INFO - Started process (PID=658) to work on /opt/airflow/dags/chapter03/02_daily_scheduled.py
[2022-06-26 13:42:38,739] {processor.py:641} INFO - Processing file /opt/airflow/dags/chapter03/02_daily_scheduled.py for tasks to queue
[2022-06-26 13:42:38,742] {logging_mixin.py:115} INFO - [2022-06-26 13:42:38,742] {dagbag.py:507} INFO - Filling up the DagBag from /opt/airflow/dags/chapter03/02_daily_scheduled.py
[2022-06-26 13:42:38,983] {processor.py:651} INFO - DAG(s) dict_keys(['02_daily_schedule']) retrieved from /opt/airflow/dags/chapter03/02_daily_scheduled.py
[2022-06-26 13:42:39,000] {logging_mixin.py:115} INFO - [2022-06-26 13:42:38,999] {dag.py:2371} INFO - Sync 1 DAGs
[2022-06-26 13:42:39,012] {logging_mixin.py:115} INFO - [2022-06-26 13:42:39,012] {dag.py:2919} INFO - Setting next_dagrun for 02_daily_schedule to 2019-01-01T00:00:00+00:00, run_after=2019-01-02T00:00:00+00:00
[2022-06-26 13:42:39,021] {processor.py:161} INFO - Processing /opt/airflow/dags/chapter03/02_daily_scheduled.py took 0.291 seconds
[2022-06-26 13:43:09,415] {processor.py:153} INFO - Started process (PID=719) to work on /opt/airflow/dags/chapter03/02_daily_scheduled.py
[2022-06-26 13:43:09,417] {processor.py:641} INFO - Processing file /opt/airflow/dags/chapter03/02_daily_scheduled.py for tasks to queue
[2022-06-26 13:43:09,418] {logging_mixin.py:115} INFO - [2022-06-26 13:43:09,418] {dagbag.py:507} INFO - Filling up the DagBag from /opt/airflow/dags/chapter03/02_daily_scheduled.py
[2022-06-26 13:43:09,650] {processor.py:651} INFO - DAG(s) dict_keys(['02_daily_schedule']) retrieved from /opt/airflow/dags/chapter03/02_daily_scheduled.py
[2022-06-26 13:43:09,668] {logging_mixin.py:115} INFO - [2022-06-26 13:43:09,667] {dag.py:2371} INFO - Sync 1 DAGs
[2022-06-26 13:43:09,683] {logging_mixin.py:115} INFO - [2022-06-26 13:43:09,683] {dag.py:2919} INFO - Setting next_dagrun for 02_daily_schedule to 2019-01-01T00:00:00+00:00, run_after=2019-01-02T00:00:00+00:00
[2022-06-26 13:43:09,694] {processor.py:161} INFO - Processing /opt/airflow/dags/chapter03/02_daily_scheduled.py took 0.281 seconds
[2022-06-26 13:43:40,160] {processor.py:153} INFO - Started process (PID=780) to work on /opt/airflow/dags/chapter03/02_daily_scheduled.py
[2022-06-26 13:43:40,162] {processor.py:641} INFO - Processing file /opt/airflow/dags/chapter03/02_daily_scheduled.py for tasks to queue
[2022-06-26 13:43:40,163] {logging_mixin.py:115} INFO - [2022-06-26 13:43:40,163] {dagbag.py:507} INFO - Filling up the DagBag from /opt/airflow/dags/chapter03/02_daily_scheduled.py
[2022-06-26 13:43:40,381] {processor.py:651} INFO - DAG(s) dict_keys(['02_daily_schedule']) retrieved from /opt/airflow/dags/chapter03/02_daily_scheduled.py
[2022-06-26 13:43:40,397] {logging_mixin.py:115} INFO - [2022-06-26 13:43:40,397] {dag.py:2371} INFO - Sync 1 DAGs
[2022-06-26 13:43:40,409] {logging_mixin.py:115} INFO - [2022-06-26 13:43:40,409] {dag.py:2919} INFO - Setting next_dagrun for 02_daily_schedule to 2019-01-01T00:00:00+00:00, run_after=2019-01-02T00:00:00+00:00
[2022-06-26 13:43:40,418] {processor.py:161} INFO - Processing /opt/airflow/dags/chapter03/02_daily_scheduled.py took 0.261 seconds
[2022-06-26 13:44:10,681] {processor.py:153} INFO - Started process (PID=844) to work on /opt/airflow/dags/chapter03/02_daily_scheduled.py
[2022-06-26 13:44:10,684] {processor.py:641} INFO - Processing file /opt/airflow/dags/chapter03/02_daily_scheduled.py for tasks to queue
[2022-06-26 13:44:10,686] {logging_mixin.py:115} INFO - [2022-06-26 13:44:10,686] {dagbag.py:507} INFO - Filling up the DagBag from /opt/airflow/dags/chapter03/02_daily_scheduled.py
[2022-06-26 13:44:10,926] {processor.py:651} INFO - DAG(s) dict_keys(['02_daily_schedule']) retrieved from /opt/airflow/dags/chapter03/02_daily_scheduled.py
[2022-06-26 13:44:10,941] {logging_mixin.py:115} INFO - [2022-06-26 13:44:10,941] {dag.py:2371} INFO - Sync 1 DAGs
[2022-06-26 13:44:10,953] {logging_mixin.py:115} INFO - [2022-06-26 13:44:10,953] {dag.py:2919} INFO - Setting next_dagrun for 02_daily_schedule to 2019-01-01T00:00:00+00:00, run_after=2019-01-02T00:00:00+00:00
[2022-06-26 13:44:10,960] {processor.py:161} INFO - Processing /opt/airflow/dags/chapter03/02_daily_scheduled.py took 0.281 seconds
[2022-06-26 13:44:41,500] {processor.py:153} INFO - Started process (PID=893) to work on /opt/airflow/dags/chapter03/02_daily_scheduled.py
[2022-06-26 13:44:41,502] {processor.py:641} INFO - Processing file /opt/airflow/dags/chapter03/02_daily_scheduled.py for tasks to queue
[2022-06-26 13:44:41,504] {logging_mixin.py:115} INFO - [2022-06-26 13:44:41,504] {dagbag.py:507} INFO - Filling up the DagBag from /opt/airflow/dags/chapter03/02_daily_scheduled.py
[2022-06-26 13:44:41,751] {processor.py:651} INFO - DAG(s) dict_keys(['02_daily_schedule']) retrieved from /opt/airflow/dags/chapter03/02_daily_scheduled.py
[2022-06-26 13:44:41,771] {logging_mixin.py:115} INFO - [2022-06-26 13:44:41,771] {dag.py:2371} INFO - Sync 1 DAGs
[2022-06-26 13:44:41,789] {logging_mixin.py:115} INFO - [2022-06-26 13:44:41,789] {dag.py:2919} INFO - Setting next_dagrun for 02_daily_schedule to 2019-01-01T00:00:00+00:00, run_after=2019-01-02T00:00:00+00:00
[2022-06-26 13:44:41,803] {processor.py:161} INFO - Processing /opt/airflow/dags/chapter03/02_daily_scheduled.py took 0.306 seconds
[2022-06-26 13:45:12,418] {processor.py:153} INFO - Started process (PID=954) to work on /opt/airflow/dags/chapter03/02_daily_scheduled.py
[2022-06-26 13:45:12,419] {processor.py:641} INFO - Processing file /opt/airflow/dags/chapter03/02_daily_scheduled.py for tasks to queue
[2022-06-26 13:45:12,421] {logging_mixin.py:115} INFO - [2022-06-26 13:45:12,421] {dagbag.py:507} INFO - Filling up the DagBag from /opt/airflow/dags/chapter03/02_daily_scheduled.py
[2022-06-26 13:45:12,635] {processor.py:651} INFO - DAG(s) dict_keys(['02_daily_schedule']) retrieved from /opt/airflow/dags/chapter03/02_daily_scheduled.py
[2022-06-26 13:45:12,650] {logging_mixin.py:115} INFO - [2022-06-26 13:45:12,650] {dag.py:2371} INFO - Sync 1 DAGs
[2022-06-26 13:45:12,663] {logging_mixin.py:115} INFO - [2022-06-26 13:45:12,663] {dag.py:2919} INFO - Setting next_dagrun for 02_daily_schedule to 2019-01-01T00:00:00+00:00, run_after=2019-01-02T00:00:00+00:00
[2022-06-26 13:45:12,671] {processor.py:161} INFO - Processing /opt/airflow/dags/chapter03/02_daily_scheduled.py took 0.254 seconds
[2022-06-26 13:45:43,075] {processor.py:153} INFO - Started process (PID=1011) to work on /opt/airflow/dags/chapter03/02_daily_scheduled.py
[2022-06-26 13:45:43,077] {processor.py:641} INFO - Processing file /opt/airflow/dags/chapter03/02_daily_scheduled.py for tasks to queue
[2022-06-26 13:45:43,078] {logging_mixin.py:115} INFO - [2022-06-26 13:45:43,078] {dagbag.py:507} INFO - Filling up the DagBag from /opt/airflow/dags/chapter03/02_daily_scheduled.py
[2022-06-26 13:45:43,286] {processor.py:651} INFO - DAG(s) dict_keys(['02_daily_schedule']) retrieved from /opt/airflow/dags/chapter03/02_daily_scheduled.py
[2022-06-26 13:45:43,302] {logging_mixin.py:115} INFO - [2022-06-26 13:45:43,301] {dag.py:2371} INFO - Sync 1 DAGs
[2022-06-26 13:45:43,316] {logging_mixin.py:115} INFO - [2022-06-26 13:45:43,315] {dag.py:2919} INFO - Setting next_dagrun for 02_daily_schedule to 2019-01-01T00:00:00+00:00, run_after=2019-01-02T00:00:00+00:00
[2022-06-26 13:45:43,327] {processor.py:161} INFO - Processing /opt/airflow/dags/chapter03/02_daily_scheduled.py took 0.253 seconds
[2022-06-26 13:46:13,717] {processor.py:153} INFO - Started process (PID=1072) to work on /opt/airflow/dags/chapter03/02_daily_scheduled.py
[2022-06-26 13:46:13,718] {processor.py:641} INFO - Processing file /opt/airflow/dags/chapter03/02_daily_scheduled.py for tasks to queue
[2022-06-26 13:46:13,720] {logging_mixin.py:115} INFO - [2022-06-26 13:46:13,720] {dagbag.py:507} INFO - Filling up the DagBag from /opt/airflow/dags/chapter03/02_daily_scheduled.py
[2022-06-26 13:46:13,931] {processor.py:651} INFO - DAG(s) dict_keys(['02_daily_schedule']) retrieved from /opt/airflow/dags/chapter03/02_daily_scheduled.py
[2022-06-26 13:46:13,949] {logging_mixin.py:115} INFO - [2022-06-26 13:46:13,949] {dag.py:2371} INFO - Sync 1 DAGs
[2022-06-26 13:46:13,961] {logging_mixin.py:115} INFO - [2022-06-26 13:46:13,961] {dag.py:2919} INFO - Setting next_dagrun for 02_daily_schedule to 2019-01-01T00:00:00+00:00, run_after=2019-01-02T00:00:00+00:00
[2022-06-26 13:46:13,969] {processor.py:161} INFO - Processing /opt/airflow/dags/chapter03/02_daily_scheduled.py took 0.255 seconds
[2022-06-26 13:46:44,418] {processor.py:153} INFO - Started process (PID=1133) to work on /opt/airflow/dags/chapter03/02_daily_scheduled.py
[2022-06-26 13:46:44,419] {processor.py:641} INFO - Processing file /opt/airflow/dags/chapter03/02_daily_scheduled.py for tasks to queue
[2022-06-26 13:46:44,421] {logging_mixin.py:115} INFO - [2022-06-26 13:46:44,421] {dagbag.py:507} INFO - Filling up the DagBag from /opt/airflow/dags/chapter03/02_daily_scheduled.py
[2022-06-26 13:46:44,636] {processor.py:651} INFO - DAG(s) dict_keys(['02_daily_schedule']) retrieved from /opt/airflow/dags/chapter03/02_daily_scheduled.py
[2022-06-26 13:46:44,655] {logging_mixin.py:115} INFO - [2022-06-26 13:46:44,655] {dag.py:2371} INFO - Sync 1 DAGs
[2022-06-26 13:46:44,668] {logging_mixin.py:115} INFO - [2022-06-26 13:46:44,668] {dag.py:2919} INFO - Setting next_dagrun for 02_daily_schedule to 2019-01-01T00:00:00+00:00, run_after=2019-01-02T00:00:00+00:00
[2022-06-26 13:46:44,679] {processor.py:161} INFO - Processing /opt/airflow/dags/chapter03/02_daily_scheduled.py took 0.263 seconds
[2022-06-26 13:47:15,282] {processor.py:153} INFO - Started process (PID=1193) to work on /opt/airflow/dags/chapter03/02_daily_scheduled.py
[2022-06-26 13:47:15,284] {processor.py:641} INFO - Processing file /opt/airflow/dags/chapter03/02_daily_scheduled.py for tasks to queue
[2022-06-26 13:47:15,286] {logging_mixin.py:115} INFO - [2022-06-26 13:47:15,286] {dagbag.py:507} INFO - Filling up the DagBag from /opt/airflow/dags/chapter03/02_daily_scheduled.py
[2022-06-26 13:47:15,513] {processor.py:651} INFO - DAG(s) dict_keys(['02_daily_schedule']) retrieved from /opt/airflow/dags/chapter03/02_daily_scheduled.py
[2022-06-26 13:47:15,533] {logging_mixin.py:115} INFO - [2022-06-26 13:47:15,533] {dag.py:2371} INFO - Sync 1 DAGs
[2022-06-26 13:47:15,556] {logging_mixin.py:115} INFO - [2022-06-26 13:47:15,556] {dag.py:2919} INFO - Setting next_dagrun for 02_daily_schedule to 2019-01-01T00:00:00+00:00, run_after=2019-01-02T00:00:00+00:00
[2022-06-26 13:47:15,568] {processor.py:161} INFO - Processing /opt/airflow/dags/chapter03/02_daily_scheduled.py took 0.288 seconds
[2022-06-26 13:47:46,376] {processor.py:153} INFO - Started process (PID=1255) to work on /opt/airflow/dags/chapter03/02_daily_scheduled.py
[2022-06-26 13:47:46,378] {processor.py:641} INFO - Processing file /opt/airflow/dags/chapter03/02_daily_scheduled.py for tasks to queue
[2022-06-26 13:47:46,379] {logging_mixin.py:115} INFO - [2022-06-26 13:47:46,379] {dagbag.py:507} INFO - Filling up the DagBag from /opt/airflow/dags/chapter03/02_daily_scheduled.py
[2022-06-26 13:47:46,612] {processor.py:651} INFO - DAG(s) dict_keys(['02_daily_schedule']) retrieved from /opt/airflow/dags/chapter03/02_daily_scheduled.py
[2022-06-26 13:47:46,629] {logging_mixin.py:115} INFO - [2022-06-26 13:47:46,629] {dag.py:2371} INFO - Sync 1 DAGs
[2022-06-26 13:47:46,646] {logging_mixin.py:115} INFO - [2022-06-26 13:47:46,646] {dag.py:2919} INFO - Setting next_dagrun for 02_daily_schedule to 2019-01-01T00:00:00+00:00, run_after=2019-01-02T00:00:00+00:00
[2022-06-26 13:47:46,655] {processor.py:161} INFO - Processing /opt/airflow/dags/chapter03/02_daily_scheduled.py took 0.282 seconds
[2022-06-26 13:48:17,468] {processor.py:153} INFO - Started process (PID=1317) to work on /opt/airflow/dags/chapter03/02_daily_scheduled.py
[2022-06-26 13:48:17,470] {processor.py:641} INFO - Processing file /opt/airflow/dags/chapter03/02_daily_scheduled.py for tasks to queue
[2022-06-26 13:48:17,471] {logging_mixin.py:115} INFO - [2022-06-26 13:48:17,471] {dagbag.py:507} INFO - Filling up the DagBag from /opt/airflow/dags/chapter03/02_daily_scheduled.py
[2022-06-26 13:48:17,687] {processor.py:651} INFO - DAG(s) dict_keys(['02_daily_schedule']) retrieved from /opt/airflow/dags/chapter03/02_daily_scheduled.py
[2022-06-26 13:48:17,702] {logging_mixin.py:115} INFO - [2022-06-26 13:48:17,702] {dag.py:2371} INFO - Sync 1 DAGs
[2022-06-26 13:48:17,715] {logging_mixin.py:115} INFO - [2022-06-26 13:48:17,715] {dag.py:2919} INFO - Setting next_dagrun for 02_daily_schedule to 2019-01-01T00:00:00+00:00, run_after=2019-01-02T00:00:00+00:00
[2022-06-26 13:48:17,723] {processor.py:161} INFO - Processing /opt/airflow/dags/chapter03/02_daily_scheduled.py took 0.257 seconds
[2022-06-26 13:48:47,983] {processor.py:153} INFO - Started process (PID=1366) to work on /opt/airflow/dags/chapter03/02_daily_scheduled.py
[2022-06-26 13:48:47,984] {processor.py:641} INFO - Processing file /opt/airflow/dags/chapter03/02_daily_scheduled.py for tasks to queue
[2022-06-26 13:48:47,985] {logging_mixin.py:115} INFO - [2022-06-26 13:48:47,985] {dagbag.py:507} INFO - Filling up the DagBag from /opt/airflow/dags/chapter03/02_daily_scheduled.py
[2022-06-26 13:48:48,177] {processor.py:651} INFO - DAG(s) dict_keys(['02_daily_schedule']) retrieved from /opt/airflow/dags/chapter03/02_daily_scheduled.py
[2022-06-26 13:48:48,191] {logging_mixin.py:115} INFO - [2022-06-26 13:48:48,190] {dag.py:2371} INFO - Sync 1 DAGs
[2022-06-26 13:48:48,204] {logging_mixin.py:115} INFO - [2022-06-26 13:48:48,204] {dag.py:2919} INFO - Setting next_dagrun for 02_daily_schedule to 2019-01-01T00:00:00+00:00, run_after=2019-01-02T00:00:00+00:00
[2022-06-26 13:48:48,211] {processor.py:161} INFO - Processing /opt/airflow/dags/chapter03/02_daily_scheduled.py took 0.230 seconds
[2022-06-26 13:49:18,787] {processor.py:153} INFO - Started process (PID=1427) to work on /opt/airflow/dags/chapter03/02_daily_scheduled.py
[2022-06-26 13:49:18,789] {processor.py:641} INFO - Processing file /opt/airflow/dags/chapter03/02_daily_scheduled.py for tasks to queue
[2022-06-26 13:49:18,790] {logging_mixin.py:115} INFO - [2022-06-26 13:49:18,790] {dagbag.py:507} INFO - Filling up the DagBag from /opt/airflow/dags/chapter03/02_daily_scheduled.py
[2022-06-26 13:49:19,000] {processor.py:651} INFO - DAG(s) dict_keys(['02_daily_schedule']) retrieved from /opt/airflow/dags/chapter03/02_daily_scheduled.py
[2022-06-26 13:49:19,014] {logging_mixin.py:115} INFO - [2022-06-26 13:49:19,014] {dag.py:2371} INFO - Sync 1 DAGs
[2022-06-26 13:49:19,029] {logging_mixin.py:115} INFO - [2022-06-26 13:49:19,029] {dag.py:2919} INFO - Setting next_dagrun for 02_daily_schedule to 2019-01-01T00:00:00+00:00, run_after=2019-01-02T00:00:00+00:00
[2022-06-26 13:49:19,037] {processor.py:161} INFO - Processing /opt/airflow/dags/chapter03/02_daily_scheduled.py took 0.252 seconds
[2022-06-26 13:49:49,514] {processor.py:153} INFO - Started process (PID=1488) to work on /opt/airflow/dags/chapter03/02_daily_scheduled.py
[2022-06-26 13:49:49,516] {processor.py:641} INFO - Processing file /opt/airflow/dags/chapter03/02_daily_scheduled.py for tasks to queue
[2022-06-26 13:49:49,517] {logging_mixin.py:115} INFO - [2022-06-26 13:49:49,517] {dagbag.py:507} INFO - Filling up the DagBag from /opt/airflow/dags/chapter03/02_daily_scheduled.py
[2022-06-26 13:49:49,736] {processor.py:651} INFO - DAG(s) dict_keys(['02_daily_schedule']) retrieved from /opt/airflow/dags/chapter03/02_daily_scheduled.py
[2022-06-26 13:49:49,759] {logging_mixin.py:115} INFO - [2022-06-26 13:49:49,758] {dag.py:2371} INFO - Sync 1 DAGs
[2022-06-26 13:49:49,778] {logging_mixin.py:115} INFO - [2022-06-26 13:49:49,777] {dag.py:2919} INFO - Setting next_dagrun for 02_daily_schedule to 2019-01-01T00:00:00+00:00, run_after=2019-01-02T00:00:00+00:00
[2022-06-26 13:49:49,786] {processor.py:161} INFO - Processing /opt/airflow/dags/chapter03/02_daily_scheduled.py took 0.274 seconds
[2022-06-26 13:50:20,428] {processor.py:153} INFO - Started process (PID=1551) to work on /opt/airflow/dags/chapter03/02_daily_scheduled.py
[2022-06-26 13:50:20,430] {processor.py:641} INFO - Processing file /opt/airflow/dags/chapter03/02_daily_scheduled.py for tasks to queue
[2022-06-26 13:50:20,431] {logging_mixin.py:115} INFO - [2022-06-26 13:50:20,431] {dagbag.py:507} INFO - Filling up the DagBag from /opt/airflow/dags/chapter03/02_daily_scheduled.py
[2022-06-26 13:50:20,673] {processor.py:651} INFO - DAG(s) dict_keys(['02_daily_schedule']) retrieved from /opt/airflow/dags/chapter03/02_daily_scheduled.py
[2022-06-26 13:50:20,687] {logging_mixin.py:115} INFO - [2022-06-26 13:50:20,687] {dag.py:2371} INFO - Sync 1 DAGs
[2022-06-26 13:50:20,700] {logging_mixin.py:115} INFO - [2022-06-26 13:50:20,700] {dag.py:2919} INFO - Setting next_dagrun for 02_daily_schedule to 2019-01-01T00:00:00+00:00, run_after=2019-01-02T00:00:00+00:00
[2022-06-26 13:50:20,707] {processor.py:161} INFO - Processing /opt/airflow/dags/chapter03/02_daily_scheduled.py took 0.281 seconds
[2022-06-26 13:50:51,087] {processor.py:153} INFO - Started process (PID=1611) to work on /opt/airflow/dags/chapter03/02_daily_scheduled.py
[2022-06-26 13:50:51,089] {processor.py:641} INFO - Processing file /opt/airflow/dags/chapter03/02_daily_scheduled.py for tasks to queue
[2022-06-26 13:50:51,090] {logging_mixin.py:115} INFO - [2022-06-26 13:50:51,090] {dagbag.py:507} INFO - Filling up the DagBag from /opt/airflow/dags/chapter03/02_daily_scheduled.py
[2022-06-26 13:50:51,314] {processor.py:651} INFO - DAG(s) dict_keys(['02_daily_schedule']) retrieved from /opt/airflow/dags/chapter03/02_daily_scheduled.py
[2022-06-26 13:50:51,330] {logging_mixin.py:115} INFO - [2022-06-26 13:50:51,330] {dag.py:2371} INFO - Sync 1 DAGs
[2022-06-26 13:50:51,342] {logging_mixin.py:115} INFO - [2022-06-26 13:50:51,342] {dag.py:2919} INFO - Setting next_dagrun for 02_daily_schedule to 2019-01-01T00:00:00+00:00, run_after=2019-01-02T00:00:00+00:00
[2022-06-26 13:50:51,350] {processor.py:161} INFO - Processing /opt/airflow/dags/chapter03/02_daily_scheduled.py took 0.266 seconds
[2022-06-26 13:51:21,754] {processor.py:153} INFO - Started process (PID=1670) to work on /opt/airflow/dags/chapter03/02_daily_scheduled.py
[2022-06-26 13:51:21,756] {processor.py:641} INFO - Processing file /opt/airflow/dags/chapter03/02_daily_scheduled.py for tasks to queue
[2022-06-26 13:51:21,757] {logging_mixin.py:115} INFO - [2022-06-26 13:51:21,757] {dagbag.py:507} INFO - Filling up the DagBag from /opt/airflow/dags/chapter03/02_daily_scheduled.py
[2022-06-26 13:51:21,962] {processor.py:651} INFO - DAG(s) dict_keys(['02_daily_schedule']) retrieved from /opt/airflow/dags/chapter03/02_daily_scheduled.py
[2022-06-26 13:51:21,976] {logging_mixin.py:115} INFO - [2022-06-26 13:51:21,976] {dag.py:2371} INFO - Sync 1 DAGs
[2022-06-26 13:51:21,989] {logging_mixin.py:115} INFO - [2022-06-26 13:51:21,989] {dag.py:2919} INFO - Setting next_dagrun for 02_daily_schedule to 2019-01-01T00:00:00+00:00, run_after=2019-01-02T00:00:00+00:00
[2022-06-26 13:51:21,995] {processor.py:161} INFO - Processing /opt/airflow/dags/chapter03/02_daily_scheduled.py took 0.244 seconds
[2022-06-26 13:51:52,496] {processor.py:153} INFO - Started process (PID=1730) to work on /opt/airflow/dags/chapter03/02_daily_scheduled.py
[2022-06-26 13:51:52,498] {processor.py:641} INFO - Processing file /opt/airflow/dags/chapter03/02_daily_scheduled.py for tasks to queue
[2022-06-26 13:51:52,500] {logging_mixin.py:115} INFO - [2022-06-26 13:51:52,500] {dagbag.py:507} INFO - Filling up the DagBag from /opt/airflow/dags/chapter03/02_daily_scheduled.py
[2022-06-26 13:51:52,687] {processor.py:651} INFO - DAG(s) dict_keys(['02_daily_schedule']) retrieved from /opt/airflow/dags/chapter03/02_daily_scheduled.py
[2022-06-26 13:51:52,702] {logging_mixin.py:115} INFO - [2022-06-26 13:51:52,701] {dag.py:2371} INFO - Sync 1 DAGs
[2022-06-26 13:51:52,715] {logging_mixin.py:115} INFO - [2022-06-26 13:51:52,715] {dag.py:2919} INFO - Setting next_dagrun for 02_daily_schedule to 2019-01-01T00:00:00+00:00, run_after=2019-01-02T00:00:00+00:00
[2022-06-26 13:51:52,721] {processor.py:161} INFO - Processing /opt/airflow/dags/chapter03/02_daily_scheduled.py took 0.227 seconds
[2022-06-26 13:52:23,410] {processor.py:153} INFO - Started process (PID=1791) to work on /opt/airflow/dags/chapter03/02_daily_scheduled.py
[2022-06-26 13:52:23,412] {processor.py:641} INFO - Processing file /opt/airflow/dags/chapter03/02_daily_scheduled.py for tasks to queue
[2022-06-26 13:52:23,414] {logging_mixin.py:115} INFO - [2022-06-26 13:52:23,414] {dagbag.py:507} INFO - Filling up the DagBag from /opt/airflow/dags/chapter03/02_daily_scheduled.py
[2022-06-26 13:52:23,630] {processor.py:651} INFO - DAG(s) dict_keys(['02_daily_schedule']) retrieved from /opt/airflow/dags/chapter03/02_daily_scheduled.py
[2022-06-26 13:52:23,647] {logging_mixin.py:115} INFO - [2022-06-26 13:52:23,647] {dag.py:2371} INFO - Sync 1 DAGs
[2022-06-26 13:52:23,661] {logging_mixin.py:115} INFO - [2022-06-26 13:52:23,661] {dag.py:2919} INFO - Setting next_dagrun for 02_daily_schedule to 2019-01-01T00:00:00+00:00, run_after=2019-01-02T00:00:00+00:00
[2022-06-26 13:52:23,669] {processor.py:161} INFO - Processing /opt/airflow/dags/chapter03/02_daily_scheduled.py took 0.261 seconds
[2022-06-26 13:52:54,339] {processor.py:153} INFO - Started process (PID=1840) to work on /opt/airflow/dags/chapter03/02_daily_scheduled.py
[2022-06-26 13:52:54,341] {processor.py:641} INFO - Processing file /opt/airflow/dags/chapter03/02_daily_scheduled.py for tasks to queue
[2022-06-26 13:52:54,342] {logging_mixin.py:115} INFO - [2022-06-26 13:52:54,342] {dagbag.py:507} INFO - Filling up the DagBag from /opt/airflow/dags/chapter03/02_daily_scheduled.py
[2022-06-26 13:52:54,537] {processor.py:651} INFO - DAG(s) dict_keys(['02_daily_schedule']) retrieved from /opt/airflow/dags/chapter03/02_daily_scheduled.py
[2022-06-26 13:52:54,551] {logging_mixin.py:115} INFO - [2022-06-26 13:52:54,551] {dag.py:2371} INFO - Sync 1 DAGs
[2022-06-26 13:52:54,565] {logging_mixin.py:115} INFO - [2022-06-26 13:52:54,565] {dag.py:2919} INFO - Setting next_dagrun for 02_daily_schedule to 2019-01-01T00:00:00+00:00, run_after=2019-01-02T00:00:00+00:00
[2022-06-26 13:52:54,571] {processor.py:161} INFO - Processing /opt/airflow/dags/chapter03/02_daily_scheduled.py took 0.234 seconds
[2022-06-26 13:53:25,132] {processor.py:153} INFO - Started process (PID=1901) to work on /opt/airflow/dags/chapter03/02_daily_scheduled.py
[2022-06-26 13:53:25,134] {processor.py:641} INFO - Processing file /opt/airflow/dags/chapter03/02_daily_scheduled.py for tasks to queue
[2022-06-26 13:53:25,136] {logging_mixin.py:115} INFO - [2022-06-26 13:53:25,135] {dagbag.py:507} INFO - Filling up the DagBag from /opt/airflow/dags/chapter03/02_daily_scheduled.py
[2022-06-26 13:53:25,367] {processor.py:651} INFO - DAG(s) dict_keys(['02_daily_schedule']) retrieved from /opt/airflow/dags/chapter03/02_daily_scheduled.py
[2022-06-26 13:53:25,383] {logging_mixin.py:115} INFO - [2022-06-26 13:53:25,383] {dag.py:2371} INFO - Sync 1 DAGs
[2022-06-26 13:53:25,395] {logging_mixin.py:115} INFO - [2022-06-26 13:53:25,395] {dag.py:2919} INFO - Setting next_dagrun for 02_daily_schedule to 2019-01-01T00:00:00+00:00, run_after=2019-01-02T00:00:00+00:00
[2022-06-26 13:53:25,402] {processor.py:161} INFO - Processing /opt/airflow/dags/chapter03/02_daily_scheduled.py took 0.273 seconds
[2022-06-26 13:53:56,051] {processor.py:153} INFO - Started process (PID=1962) to work on /opt/airflow/dags/chapter03/02_daily_scheduled.py
[2022-06-26 13:53:56,053] {processor.py:641} INFO - Processing file /opt/airflow/dags/chapter03/02_daily_scheduled.py for tasks to queue
[2022-06-26 13:53:56,055] {logging_mixin.py:115} INFO - [2022-06-26 13:53:56,055] {dagbag.py:507} INFO - Filling up the DagBag from /opt/airflow/dags/chapter03/02_daily_scheduled.py
[2022-06-26 13:53:56,265] {processor.py:651} INFO - DAG(s) dict_keys(['02_daily_schedule']) retrieved from /opt/airflow/dags/chapter03/02_daily_scheduled.py
[2022-06-26 13:53:56,281] {logging_mixin.py:115} INFO - [2022-06-26 13:53:56,281] {dag.py:2371} INFO - Sync 1 DAGs
[2022-06-26 13:53:56,295] {logging_mixin.py:115} INFO - [2022-06-26 13:53:56,295] {dag.py:2919} INFO - Setting next_dagrun for 02_daily_schedule to 2019-01-01T00:00:00+00:00, run_after=2019-01-02T00:00:00+00:00
[2022-06-26 13:53:56,305] {processor.py:161} INFO - Processing /opt/airflow/dags/chapter03/02_daily_scheduled.py took 0.257 seconds
[2022-06-26 13:54:27,049] {processor.py:153} INFO - Started process (PID=2022) to work on /opt/airflow/dags/chapter03/02_daily_scheduled.py
[2022-06-26 13:54:27,051] {processor.py:641} INFO - Processing file /opt/airflow/dags/chapter03/02_daily_scheduled.py for tasks to queue
[2022-06-26 13:54:27,052] {logging_mixin.py:115} INFO - [2022-06-26 13:54:27,052] {dagbag.py:507} INFO - Filling up the DagBag from /opt/airflow/dags/chapter03/02_daily_scheduled.py
[2022-06-26 13:54:27,244] {processor.py:651} INFO - DAG(s) dict_keys(['02_daily_schedule']) retrieved from /opt/airflow/dags/chapter03/02_daily_scheduled.py
[2022-06-26 13:54:27,259] {logging_mixin.py:115} INFO - [2022-06-26 13:54:27,258] {dag.py:2371} INFO - Sync 1 DAGs
[2022-06-26 13:54:27,271] {logging_mixin.py:115} INFO - [2022-06-26 13:54:27,271] {dag.py:2919} INFO - Setting next_dagrun for 02_daily_schedule to 2019-01-01T00:00:00+00:00, run_after=2019-01-02T00:00:00+00:00
[2022-06-26 13:54:27,278] {processor.py:161} INFO - Processing /opt/airflow/dags/chapter03/02_daily_scheduled.py took 0.231 seconds
[2022-06-26 13:54:57,900] {processor.py:153} INFO - Started process (PID=2083) to work on /opt/airflow/dags/chapter03/02_daily_scheduled.py
[2022-06-26 13:54:57,902] {processor.py:641} INFO - Processing file /opt/airflow/dags/chapter03/02_daily_scheduled.py for tasks to queue
[2022-06-26 13:54:57,904] {logging_mixin.py:115} INFO - [2022-06-26 13:54:57,904] {dagbag.py:507} INFO - Filling up the DagBag from /opt/airflow/dags/chapter03/02_daily_scheduled.py
[2022-06-26 13:54:58,103] {processor.py:651} INFO - DAG(s) dict_keys(['02_daily_schedule']) retrieved from /opt/airflow/dags/chapter03/02_daily_scheduled.py
[2022-06-26 13:54:58,123] {logging_mixin.py:115} INFO - [2022-06-26 13:54:58,123] {dag.py:2371} INFO - Sync 1 DAGs
[2022-06-26 13:54:58,138] {logging_mixin.py:115} INFO - [2022-06-26 13:54:58,138] {dag.py:2919} INFO - Setting next_dagrun for 02_daily_schedule to 2019-01-01T00:00:00+00:00, run_after=2019-01-02T00:00:00+00:00
[2022-06-26 13:54:58,151] {processor.py:161} INFO - Processing /opt/airflow/dags/chapter03/02_daily_scheduled.py took 0.253 seconds
[2022-06-26 13:55:28,835] {processor.py:153} INFO - Started process (PID=2143) to work on /opt/airflow/dags/chapter03/02_daily_scheduled.py
[2022-06-26 13:55:28,838] {processor.py:641} INFO - Processing file /opt/airflow/dags/chapter03/02_daily_scheduled.py for tasks to queue
[2022-06-26 13:55:28,841] {logging_mixin.py:115} INFO - [2022-06-26 13:55:28,841] {dagbag.py:507} INFO - Filling up the DagBag from /opt/airflow/dags/chapter03/02_daily_scheduled.py
[2022-06-26 13:55:29,067] {processor.py:651} INFO - DAG(s) dict_keys(['02_daily_schedule']) retrieved from /opt/airflow/dags/chapter03/02_daily_scheduled.py
[2022-06-26 13:55:29,081] {logging_mixin.py:115} INFO - [2022-06-26 13:55:29,081] {dag.py:2371} INFO - Sync 1 DAGs
[2022-06-26 13:55:29,093] {logging_mixin.py:115} INFO - [2022-06-26 13:55:29,093] {dag.py:2919} INFO - Setting next_dagrun for 02_daily_schedule to 2019-01-01T00:00:00+00:00, run_after=2019-01-02T00:00:00+00:00
[2022-06-26 13:55:29,100] {processor.py:161} INFO - Processing /opt/airflow/dags/chapter03/02_daily_scheduled.py took 0.269 seconds
[2022-06-26 13:56:00,053] {processor.py:153} INFO - Started process (PID=2204) to work on /opt/airflow/dags/chapter03/02_daily_scheduled.py
[2022-06-26 13:56:00,057] {processor.py:641} INFO - Processing file /opt/airflow/dags/chapter03/02_daily_scheduled.py for tasks to queue
[2022-06-26 13:56:00,059] {logging_mixin.py:115} INFO - [2022-06-26 13:56:00,058] {dagbag.py:507} INFO - Filling up the DagBag from /opt/airflow/dags/chapter03/02_daily_scheduled.py
[2022-06-26 13:56:00,270] {processor.py:651} INFO - DAG(s) dict_keys(['02_daily_schedule']) retrieved from /opt/airflow/dags/chapter03/02_daily_scheduled.py
[2022-06-26 13:56:00,286] {logging_mixin.py:115} INFO - [2022-06-26 13:56:00,286] {dag.py:2371} INFO - Sync 1 DAGs
[2022-06-26 13:56:00,301] {logging_mixin.py:115} INFO - [2022-06-26 13:56:00,301] {dag.py:2919} INFO - Setting next_dagrun for 02_daily_schedule to 2019-01-01T00:00:00+00:00, run_after=2019-01-02T00:00:00+00:00
[2022-06-26 13:56:00,309] {processor.py:161} INFO - Processing /opt/airflow/dags/chapter03/02_daily_scheduled.py took 0.259 seconds
[2022-06-26 13:56:30,884] {processor.py:153} INFO - Started process (PID=2266) to work on /opt/airflow/dags/chapter03/02_daily_scheduled.py
[2022-06-26 13:56:30,887] {processor.py:641} INFO - Processing file /opt/airflow/dags/chapter03/02_daily_scheduled.py for tasks to queue
[2022-06-26 13:56:30,889] {logging_mixin.py:115} INFO - [2022-06-26 13:56:30,889] {dagbag.py:507} INFO - Filling up the DagBag from /opt/airflow/dags/chapter03/02_daily_scheduled.py
[2022-06-26 13:56:31,094] {processor.py:651} INFO - DAG(s) dict_keys(['02_daily_schedule']) retrieved from /opt/airflow/dags/chapter03/02_daily_scheduled.py
[2022-06-26 13:56:31,113] {logging_mixin.py:115} INFO - [2022-06-26 13:56:31,112] {dag.py:2371} INFO - Sync 1 DAGs
[2022-06-26 13:56:31,127] {logging_mixin.py:115} INFO - [2022-06-26 13:56:31,127] {dag.py:2919} INFO - Setting next_dagrun for 02_daily_schedule to 2019-01-01T00:00:00+00:00, run_after=2019-01-02T00:00:00+00:00
[2022-06-26 13:56:31,135] {processor.py:161} INFO - Processing /opt/airflow/dags/chapter03/02_daily_scheduled.py took 0.253 seconds
[2022-06-26 13:57:01,919] {processor.py:153} INFO - Started process (PID=2318) to work on /opt/airflow/dags/chapter03/02_daily_scheduled.py
[2022-06-26 13:57:01,922] {processor.py:641} INFO - Processing file /opt/airflow/dags/chapter03/02_daily_scheduled.py for tasks to queue
[2022-06-26 13:57:01,924] {logging_mixin.py:115} INFO - [2022-06-26 13:57:01,924] {dagbag.py:507} INFO - Filling up the DagBag from /opt/airflow/dags/chapter03/02_daily_scheduled.py
[2022-06-26 13:57:02,187] {processor.py:651} INFO - DAG(s) dict_keys(['02_daily_schedule']) retrieved from /opt/airflow/dags/chapter03/02_daily_scheduled.py
[2022-06-26 13:57:02,205] {logging_mixin.py:115} INFO - [2022-06-26 13:57:02,204] {dag.py:2371} INFO - Sync 1 DAGs
[2022-06-26 13:57:02,221] {logging_mixin.py:115} INFO - [2022-06-26 13:57:02,221] {dag.py:2919} INFO - Setting next_dagrun for 02_daily_schedule to 2019-01-01T00:00:00+00:00, run_after=2019-01-02T00:00:00+00:00
[2022-06-26 13:57:02,230] {processor.py:161} INFO - Processing /opt/airflow/dags/chapter03/02_daily_scheduled.py took 0.313 seconds
[2022-06-26 13:57:32,419] {processor.py:153} INFO - Started process (PID=2379) to work on /opt/airflow/dags/chapter03/02_daily_scheduled.py
[2022-06-26 13:57:32,420] {processor.py:641} INFO - Processing file /opt/airflow/dags/chapter03/02_daily_scheduled.py for tasks to queue
[2022-06-26 13:57:32,422] {logging_mixin.py:115} INFO - [2022-06-26 13:57:32,422] {dagbag.py:507} INFO - Filling up the DagBag from /opt/airflow/dags/chapter03/02_daily_scheduled.py
[2022-06-26 13:57:32,641] {processor.py:651} INFO - DAG(s) dict_keys(['02_daily_schedule']) retrieved from /opt/airflow/dags/chapter03/02_daily_scheduled.py
[2022-06-26 13:57:32,657] {logging_mixin.py:115} INFO - [2022-06-26 13:57:32,656] {dag.py:2371} INFO - Sync 1 DAGs
[2022-06-26 13:57:32,671] {logging_mixin.py:115} INFO - [2022-06-26 13:57:32,671] {dag.py:2919} INFO - Setting next_dagrun for 02_daily_schedule to 2019-01-01T00:00:00+00:00, run_after=2019-01-02T00:00:00+00:00
[2022-06-26 13:57:32,679] {processor.py:161} INFO - Processing /opt/airflow/dags/chapter03/02_daily_scheduled.py took 0.262 seconds
[2022-06-26 13:58:03,136] {processor.py:153} INFO - Started process (PID=2440) to work on /opt/airflow/dags/chapter03/02_daily_scheduled.py
[2022-06-26 13:58:03,138] {processor.py:641} INFO - Processing file /opt/airflow/dags/chapter03/02_daily_scheduled.py for tasks to queue
[2022-06-26 13:58:03,140] {logging_mixin.py:115} INFO - [2022-06-26 13:58:03,140] {dagbag.py:507} INFO - Filling up the DagBag from /opt/airflow/dags/chapter03/02_daily_scheduled.py
[2022-06-26 13:58:03,363] {processor.py:651} INFO - DAG(s) dict_keys(['02_daily_schedule']) retrieved from /opt/airflow/dags/chapter03/02_daily_scheduled.py
[2022-06-26 13:58:03,381] {logging_mixin.py:115} INFO - [2022-06-26 13:58:03,381] {dag.py:2371} INFO - Sync 1 DAGs
[2022-06-26 13:58:03,396] {logging_mixin.py:115} INFO - [2022-06-26 13:58:03,396] {dag.py:2919} INFO - Setting next_dagrun for 02_daily_schedule to 2019-01-01T00:00:00+00:00, run_after=2019-01-02T00:00:00+00:00
[2022-06-26 13:58:03,404] {processor.py:161} INFO - Processing /opt/airflow/dags/chapter03/02_daily_scheduled.py took 0.271 seconds
[2022-06-26 13:58:34,193] {processor.py:153} INFO - Started process (PID=2501) to work on /opt/airflow/dags/chapter03/02_daily_scheduled.py
[2022-06-26 13:58:34,197] {processor.py:641} INFO - Processing file /opt/airflow/dags/chapter03/02_daily_scheduled.py for tasks to queue
[2022-06-26 13:58:34,199] {logging_mixin.py:115} INFO - [2022-06-26 13:58:34,199] {dagbag.py:507} INFO - Filling up the DagBag from /opt/airflow/dags/chapter03/02_daily_scheduled.py
[2022-06-26 13:58:34,467] {processor.py:651} INFO - DAG(s) dict_keys(['02_daily_schedule']) retrieved from /opt/airflow/dags/chapter03/02_daily_scheduled.py
[2022-06-26 13:58:34,486] {logging_mixin.py:115} INFO - [2022-06-26 13:58:34,486] {dag.py:2371} INFO - Sync 1 DAGs
[2022-06-26 13:58:34,502] {logging_mixin.py:115} INFO - [2022-06-26 13:58:34,502] {dag.py:2919} INFO - Setting next_dagrun for 02_daily_schedule to 2019-01-01T00:00:00+00:00, run_after=2019-01-02T00:00:00+00:00
[2022-06-26 13:58:34,515] {processor.py:161} INFO - Processing /opt/airflow/dags/chapter03/02_daily_scheduled.py took 0.325 seconds
[2022-06-26 13:59:05,102] {processor.py:153} INFO - Started process (PID=2561) to work on /opt/airflow/dags/chapter03/02_daily_scheduled.py
[2022-06-26 13:59:05,103] {processor.py:641} INFO - Processing file /opt/airflow/dags/chapter03/02_daily_scheduled.py for tasks to queue
[2022-06-26 13:59:05,104] {logging_mixin.py:115} INFO - [2022-06-26 13:59:05,104] {dagbag.py:507} INFO - Filling up the DagBag from /opt/airflow/dags/chapter03/02_daily_scheduled.py
[2022-06-26 13:59:05,295] {processor.py:651} INFO - DAG(s) dict_keys(['02_daily_schedule']) retrieved from /opt/airflow/dags/chapter03/02_daily_scheduled.py
[2022-06-26 13:59:05,309] {logging_mixin.py:115} INFO - [2022-06-26 13:59:05,308] {dag.py:2371} INFO - Sync 1 DAGs
[2022-06-26 13:59:05,319] {logging_mixin.py:115} INFO - [2022-06-26 13:59:05,319] {dag.py:2919} INFO - Setting next_dagrun for 02_daily_schedule to 2019-01-01T00:00:00+00:00, run_after=2019-01-02T00:00:00+00:00
[2022-06-26 13:59:05,325] {processor.py:161} INFO - Processing /opt/airflow/dags/chapter03/02_daily_scheduled.py took 0.225 seconds
[2022-06-26 13:59:35,796] {processor.py:153} INFO - Started process (PID=2622) to work on /opt/airflow/dags/chapter03/02_daily_scheduled.py
[2022-06-26 13:59:35,798] {processor.py:641} INFO - Processing file /opt/airflow/dags/chapter03/02_daily_scheduled.py for tasks to queue
[2022-06-26 13:59:35,799] {logging_mixin.py:115} INFO - [2022-06-26 13:59:35,799] {dagbag.py:507} INFO - Filling up the DagBag from /opt/airflow/dags/chapter03/02_daily_scheduled.py
[2022-06-26 13:59:36,076] {processor.py:651} INFO - DAG(s) dict_keys(['02_daily_schedule']) retrieved from /opt/airflow/dags/chapter03/02_daily_scheduled.py
[2022-06-26 13:59:36,098] {logging_mixin.py:115} INFO - [2022-06-26 13:59:36,098] {dag.py:2371} INFO - Sync 1 DAGs
[2022-06-26 13:59:36,115] {logging_mixin.py:115} INFO - [2022-06-26 13:59:36,115] {dag.py:2919} INFO - Setting next_dagrun for 02_daily_schedule to 2019-01-01T00:00:00+00:00, run_after=2019-01-02T00:00:00+00:00
[2022-06-26 13:59:36,124] {processor.py:161} INFO - Processing /opt/airflow/dags/chapter03/02_daily_scheduled.py took 0.331 seconds
[2022-06-26 14:00:06,485] {processor.py:153} INFO - Started process (PID=2672) to work on /opt/airflow/dags/chapter03/02_daily_scheduled.py
[2022-06-26 14:00:06,487] {processor.py:641} INFO - Processing file /opt/airflow/dags/chapter03/02_daily_scheduled.py for tasks to queue
[2022-06-26 14:00:06,489] {logging_mixin.py:115} INFO - [2022-06-26 14:00:06,489] {dagbag.py:507} INFO - Filling up the DagBag from /opt/airflow/dags/chapter03/02_daily_scheduled.py
[2022-06-26 14:00:06,747] {processor.py:651} INFO - DAG(s) dict_keys(['02_daily_schedule']) retrieved from /opt/airflow/dags/chapter03/02_daily_scheduled.py
[2022-06-26 14:00:06,767] {logging_mixin.py:115} INFO - [2022-06-26 14:00:06,767] {dag.py:2371} INFO - Sync 1 DAGs
[2022-06-26 14:00:06,787] {logging_mixin.py:115} INFO - [2022-06-26 14:00:06,787] {dag.py:2919} INFO - Setting next_dagrun for 02_daily_schedule to 2019-01-01T00:00:00+00:00, run_after=2019-01-02T00:00:00+00:00
[2022-06-26 14:00:06,808] {processor.py:161} INFO - Processing /opt/airflow/dags/chapter03/02_daily_scheduled.py took 0.325 seconds
[2022-06-26 14:00:37,217] {processor.py:153} INFO - Started process (PID=2736) to work on /opt/airflow/dags/chapter03/02_daily_scheduled.py
[2022-06-26 14:00:37,219] {processor.py:641} INFO - Processing file /opt/airflow/dags/chapter03/02_daily_scheduled.py for tasks to queue
[2022-06-26 14:00:37,221] {logging_mixin.py:115} INFO - [2022-06-26 14:00:37,221] {dagbag.py:507} INFO - Filling up the DagBag from /opt/airflow/dags/chapter03/02_daily_scheduled.py
[2022-06-26 14:00:37,411] {processor.py:651} INFO - DAG(s) dict_keys(['02_daily_schedule']) retrieved from /opt/airflow/dags/chapter03/02_daily_scheduled.py
[2022-06-26 14:00:37,430] {logging_mixin.py:115} INFO - [2022-06-26 14:00:37,430] {dag.py:2371} INFO - Sync 1 DAGs
[2022-06-26 14:00:37,444] {logging_mixin.py:115} INFO - [2022-06-26 14:00:37,443] {dag.py:2919} INFO - Setting next_dagrun for 02_daily_schedule to 2019-01-01T00:00:00+00:00, run_after=2019-01-02T00:00:00+00:00
[2022-06-26 14:00:37,453] {processor.py:161} INFO - Processing /opt/airflow/dags/chapter03/02_daily_scheduled.py took 0.238 seconds
[2022-06-26 14:01:08,004] {processor.py:153} INFO - Started process (PID=2797) to work on /opt/airflow/dags/chapter03/02_daily_scheduled.py
[2022-06-26 14:01:08,006] {processor.py:641} INFO - Processing file /opt/airflow/dags/chapter03/02_daily_scheduled.py for tasks to queue
[2022-06-26 14:01:08,007] {logging_mixin.py:115} INFO - [2022-06-26 14:01:08,007] {dagbag.py:507} INFO - Filling up the DagBag from /opt/airflow/dags/chapter03/02_daily_scheduled.py
[2022-06-26 14:01:08,184] {processor.py:651} INFO - DAG(s) dict_keys(['02_daily_schedule']) retrieved from /opt/airflow/dags/chapter03/02_daily_scheduled.py
[2022-06-26 14:01:08,198] {logging_mixin.py:115} INFO - [2022-06-26 14:01:08,198] {dag.py:2371} INFO - Sync 1 DAGs
[2022-06-26 14:01:08,211] {logging_mixin.py:115} INFO - [2022-06-26 14:01:08,211] {dag.py:2919} INFO - Setting next_dagrun for 02_daily_schedule to 2019-01-01T00:00:00+00:00, run_after=2019-01-02T00:00:00+00:00
[2022-06-26 14:01:08,218] {processor.py:161} INFO - Processing /opt/airflow/dags/chapter03/02_daily_scheduled.py took 0.216 seconds
[2022-06-26 14:01:38,543] {processor.py:153} INFO - Started process (PID=2858) to work on /opt/airflow/dags/chapter03/02_daily_scheduled.py
[2022-06-26 14:01:38,545] {processor.py:641} INFO - Processing file /opt/airflow/dags/chapter03/02_daily_scheduled.py for tasks to queue
[2022-06-26 14:01:38,546] {logging_mixin.py:115} INFO - [2022-06-26 14:01:38,546] {dagbag.py:507} INFO - Filling up the DagBag from /opt/airflow/dags/chapter03/02_daily_scheduled.py
[2022-06-26 14:01:38,764] {processor.py:651} INFO - DAG(s) dict_keys(['02_daily_schedule']) retrieved from /opt/airflow/dags/chapter03/02_daily_scheduled.py
[2022-06-26 14:01:38,780] {logging_mixin.py:115} INFO - [2022-06-26 14:01:38,780] {dag.py:2371} INFO - Sync 1 DAGs
[2022-06-26 14:01:38,792] {logging_mixin.py:115} INFO - [2022-06-26 14:01:38,792] {dag.py:2919} INFO - Setting next_dagrun for 02_daily_schedule to 2019-01-01T00:00:00+00:00, run_after=2019-01-02T00:00:00+00:00
[2022-06-26 14:01:38,798] {processor.py:161} INFO - Processing /opt/airflow/dags/chapter03/02_daily_scheduled.py took 0.258 seconds
[2022-06-26 14:02:09,639] {processor.py:153} INFO - Started process (PID=2919) to work on /opt/airflow/dags/chapter03/02_daily_scheduled.py
[2022-06-26 14:02:09,652] {processor.py:641} INFO - Processing file /opt/airflow/dags/chapter03/02_daily_scheduled.py for tasks to queue
[2022-06-26 14:02:09,662] {logging_mixin.py:115} INFO - [2022-06-26 14:02:09,662] {dagbag.py:507} INFO - Filling up the DagBag from /opt/airflow/dags/chapter03/02_daily_scheduled.py
[2022-06-26 14:02:09,880] {processor.py:651} INFO - DAG(s) dict_keys(['02_daily_schedule']) retrieved from /opt/airflow/dags/chapter03/02_daily_scheduled.py
[2022-06-26 14:02:09,897] {logging_mixin.py:115} INFO - [2022-06-26 14:02:09,897] {dag.py:2371} INFO - Sync 1 DAGs
[2022-06-26 14:02:09,911] {logging_mixin.py:115} INFO - [2022-06-26 14:02:09,911] {dag.py:2919} INFO - Setting next_dagrun for 02_daily_schedule to 2019-01-01T00:00:00+00:00, run_after=2019-01-02T00:00:00+00:00
[2022-06-26 14:02:09,917] {processor.py:161} INFO - Processing /opt/airflow/dags/chapter03/02_daily_scheduled.py took 0.294 seconds
[2022-06-26 14:02:40,578] {processor.py:153} INFO - Started process (PID=2980) to work on /opt/airflow/dags/chapter03/02_daily_scheduled.py
[2022-06-26 14:02:40,580] {processor.py:641} INFO - Processing file /opt/airflow/dags/chapter03/02_daily_scheduled.py for tasks to queue
[2022-06-26 14:02:40,582] {logging_mixin.py:115} INFO - [2022-06-26 14:02:40,582] {dagbag.py:507} INFO - Filling up the DagBag from /opt/airflow/dags/chapter03/02_daily_scheduled.py
[2022-06-26 14:02:40,779] {processor.py:651} INFO - DAG(s) dict_keys(['02_daily_schedule']) retrieved from /opt/airflow/dags/chapter03/02_daily_scheduled.py
[2022-06-26 14:02:40,793] {logging_mixin.py:115} INFO - [2022-06-26 14:02:40,793] {dag.py:2371} INFO - Sync 1 DAGs
[2022-06-26 14:02:40,805] {logging_mixin.py:115} INFO - [2022-06-26 14:02:40,805] {dag.py:2919} INFO - Setting next_dagrun for 02_daily_schedule to 2019-01-01T00:00:00+00:00, run_after=2019-01-02T00:00:00+00:00
[2022-06-26 14:02:40,812] {processor.py:161} INFO - Processing /opt/airflow/dags/chapter03/02_daily_scheduled.py took 0.235 seconds
[2022-06-26 14:03:11,634] {processor.py:153} INFO - Started process (PID=3041) to work on /opt/airflow/dags/chapter03/02_daily_scheduled.py
[2022-06-26 14:03:11,635] {processor.py:641} INFO - Processing file /opt/airflow/dags/chapter03/02_daily_scheduled.py for tasks to queue
[2022-06-26 14:03:11,637] {logging_mixin.py:115} INFO - [2022-06-26 14:03:11,637] {dagbag.py:507} INFO - Filling up the DagBag from /opt/airflow/dags/chapter03/02_daily_scheduled.py
[2022-06-26 14:03:11,821] {processor.py:651} INFO - DAG(s) dict_keys(['02_daily_schedule']) retrieved from /opt/airflow/dags/chapter03/02_daily_scheduled.py
[2022-06-26 14:03:11,838] {logging_mixin.py:115} INFO - [2022-06-26 14:03:11,838] {dag.py:2371} INFO - Sync 1 DAGs
[2022-06-26 14:03:11,851] {logging_mixin.py:115} INFO - [2022-06-26 14:03:11,851] {dag.py:2919} INFO - Setting next_dagrun for 02_daily_schedule to 2019-01-01T00:00:00+00:00, run_after=2019-01-02T00:00:00+00:00
[2022-06-26 14:03:11,859] {processor.py:161} INFO - Processing /opt/airflow/dags/chapter03/02_daily_scheduled.py took 0.227 seconds
[2022-06-26 14:03:42,356] {processor.py:153} INFO - Started process (PID=3102) to work on /opt/airflow/dags/chapter03/02_daily_scheduled.py
[2022-06-26 14:03:42,359] {processor.py:641} INFO - Processing file /opt/airflow/dags/chapter03/02_daily_scheduled.py for tasks to queue
[2022-06-26 14:03:42,361] {logging_mixin.py:115} INFO - [2022-06-26 14:03:42,361] {dagbag.py:507} INFO - Filling up the DagBag from /opt/airflow/dags/chapter03/02_daily_scheduled.py
[2022-06-26 14:03:42,569] {processor.py:651} INFO - DAG(s) dict_keys(['02_daily_schedule']) retrieved from /opt/airflow/dags/chapter03/02_daily_scheduled.py
[2022-06-26 14:03:42,589] {logging_mixin.py:115} INFO - [2022-06-26 14:03:42,589] {dag.py:2371} INFO - Sync 1 DAGs
[2022-06-26 14:03:42,602] {logging_mixin.py:115} INFO - [2022-06-26 14:03:42,602] {dag.py:2919} INFO - Setting next_dagrun for 02_daily_schedule to 2019-01-01T00:00:00+00:00, run_after=2019-01-02T00:00:00+00:00
[2022-06-26 14:03:42,611] {processor.py:161} INFO - Processing /opt/airflow/dags/chapter03/02_daily_scheduled.py took 0.257 seconds
[2022-06-26 14:04:13,484] {processor.py:153} INFO - Started process (PID=3153) to work on /opt/airflow/dags/chapter03/02_daily_scheduled.py
[2022-06-26 14:04:13,488] {processor.py:641} INFO - Processing file /opt/airflow/dags/chapter03/02_daily_scheduled.py for tasks to queue
[2022-06-26 14:04:13,490] {logging_mixin.py:115} INFO - [2022-06-26 14:04:13,490] {dagbag.py:507} INFO - Filling up the DagBag from /opt/airflow/dags/chapter03/02_daily_scheduled.py
[2022-06-26 14:04:13,681] {processor.py:651} INFO - DAG(s) dict_keys(['02_daily_schedule']) retrieved from /opt/airflow/dags/chapter03/02_daily_scheduled.py
[2022-06-26 14:04:13,694] {logging_mixin.py:115} INFO - [2022-06-26 14:04:13,694] {dag.py:2371} INFO - Sync 1 DAGs
[2022-06-26 14:04:13,706] {logging_mixin.py:115} INFO - [2022-06-26 14:04:13,705] {dag.py:2919} INFO - Setting next_dagrun for 02_daily_schedule to 2019-01-01T00:00:00+00:00, run_after=2019-01-02T00:00:00+00:00
[2022-06-26 14:04:13,712] {processor.py:161} INFO - Processing /opt/airflow/dags/chapter03/02_daily_scheduled.py took 0.230 seconds
[2022-06-26 14:04:44,412] {processor.py:153} INFO - Started process (PID=3215) to work on /opt/airflow/dags/chapter03/02_daily_scheduled.py
[2022-06-26 14:04:44,413] {processor.py:641} INFO - Processing file /opt/airflow/dags/chapter03/02_daily_scheduled.py for tasks to queue
[2022-06-26 14:04:44,415] {logging_mixin.py:115} INFO - [2022-06-26 14:04:44,415] {dagbag.py:507} INFO - Filling up the DagBag from /opt/airflow/dags/chapter03/02_daily_scheduled.py
[2022-06-26 14:04:44,629] {processor.py:651} INFO - DAG(s) dict_keys(['02_daily_schedule']) retrieved from /opt/airflow/dags/chapter03/02_daily_scheduled.py
[2022-06-26 14:04:44,643] {logging_mixin.py:115} INFO - [2022-06-26 14:04:44,643] {dag.py:2371} INFO - Sync 1 DAGs
[2022-06-26 14:04:44,656] {logging_mixin.py:115} INFO - [2022-06-26 14:04:44,655] {dag.py:2919} INFO - Setting next_dagrun for 02_daily_schedule to 2019-01-01T00:00:00+00:00, run_after=2019-01-02T00:00:00+00:00
[2022-06-26 14:04:44,663] {processor.py:161} INFO - Processing /opt/airflow/dags/chapter03/02_daily_scheduled.py took 0.253 seconds
[2022-06-26 14:05:15,278] {processor.py:153} INFO - Started process (PID=3276) to work on /opt/airflow/dags/chapter03/02_daily_scheduled.py
[2022-06-26 14:05:15,279] {processor.py:641} INFO - Processing file /opt/airflow/dags/chapter03/02_daily_scheduled.py for tasks to queue
[2022-06-26 14:05:15,281] {logging_mixin.py:115} INFO - [2022-06-26 14:05:15,281] {dagbag.py:507} INFO - Filling up the DagBag from /opt/airflow/dags/chapter03/02_daily_scheduled.py
[2022-06-26 14:05:15,505] {processor.py:651} INFO - DAG(s) dict_keys(['02_daily_schedule']) retrieved from /opt/airflow/dags/chapter03/02_daily_scheduled.py
[2022-06-26 14:05:15,520] {logging_mixin.py:115} INFO - [2022-06-26 14:05:15,520] {dag.py:2371} INFO - Sync 1 DAGs
[2022-06-26 14:05:15,533] {logging_mixin.py:115} INFO - [2022-06-26 14:05:15,533] {dag.py:2919} INFO - Setting next_dagrun for 02_daily_schedule to 2019-01-01T00:00:00+00:00, run_after=2019-01-02T00:00:00+00:00
[2022-06-26 14:05:15,541] {processor.py:161} INFO - Processing /opt/airflow/dags/chapter03/02_daily_scheduled.py took 0.265 seconds
[2022-06-26 14:05:45,817] {processor.py:153} INFO - Started process (PID=3338) to work on /opt/airflow/dags/chapter03/02_daily_scheduled.py
[2022-06-26 14:05:45,818] {processor.py:641} INFO - Processing file /opt/airflow/dags/chapter03/02_daily_scheduled.py for tasks to queue
[2022-06-26 14:05:45,820] {logging_mixin.py:115} INFO - [2022-06-26 14:05:45,820] {dagbag.py:507} INFO - Filling up the DagBag from /opt/airflow/dags/chapter03/02_daily_scheduled.py
[2022-06-26 14:05:46,036] {processor.py:651} INFO - DAG(s) dict_keys(['02_daily_schedule']) retrieved from /opt/airflow/dags/chapter03/02_daily_scheduled.py
[2022-06-26 14:05:46,051] {logging_mixin.py:115} INFO - [2022-06-26 14:05:46,050] {dag.py:2371} INFO - Sync 1 DAGs
[2022-06-26 14:05:46,065] {logging_mixin.py:115} INFO - [2022-06-26 14:05:46,065] {dag.py:2919} INFO - Setting next_dagrun for 02_daily_schedule to 2019-01-01T00:00:00+00:00, run_after=2019-01-02T00:00:00+00:00
[2022-06-26 14:05:46,072] {processor.py:161} INFO - Processing /opt/airflow/dags/chapter03/02_daily_scheduled.py took 0.258 seconds
[2022-06-26 14:09:51,758] {processor.py:153} INFO - Started process (PID=3388) to work on /opt/airflow/dags/chapter03/02_daily_scheduled.py
[2022-06-26 14:09:51,761] {processor.py:641} INFO - Processing file /opt/airflow/dags/chapter03/02_daily_scheduled.py for tasks to queue
[2022-06-26 14:09:51,763] {logging_mixin.py:115} INFO - [2022-06-26 14:09:51,763] {dagbag.py:507} INFO - Filling up the DagBag from /opt/airflow/dags/chapter03/02_daily_scheduled.py
[2022-06-26 14:09:52,112] {processor.py:651} INFO - DAG(s) dict_keys(['02_daily_schedule']) retrieved from /opt/airflow/dags/chapter03/02_daily_scheduled.py
[2022-06-26 14:09:52,134] {logging_mixin.py:115} INFO - [2022-06-26 14:09:52,134] {dag.py:2371} INFO - Sync 1 DAGs
[2022-06-26 14:09:52,153] {logging_mixin.py:115} INFO - [2022-06-26 14:09:52,152] {dag.py:2919} INFO - Setting next_dagrun for 02_daily_schedule to 2019-01-01T00:00:00+00:00, run_after=2019-01-02T00:00:00+00:00
[2022-06-26 14:09:52,169] {processor.py:161} INFO - Processing /opt/airflow/dags/chapter03/02_daily_scheduled.py took 0.415 seconds
[2022-06-26 14:10:22,883] {processor.py:153} INFO - Started process (PID=3439) to work on /opt/airflow/dags/chapter03/02_daily_scheduled.py
[2022-06-26 14:10:22,885] {processor.py:641} INFO - Processing file /opt/airflow/dags/chapter03/02_daily_scheduled.py for tasks to queue
[2022-06-26 14:10:22,886] {logging_mixin.py:115} INFO - [2022-06-26 14:10:22,886] {dagbag.py:507} INFO - Filling up the DagBag from /opt/airflow/dags/chapter03/02_daily_scheduled.py
[2022-06-26 14:10:23,062] {processor.py:651} INFO - DAG(s) dict_keys(['02_daily_schedule']) retrieved from /opt/airflow/dags/chapter03/02_daily_scheduled.py
[2022-06-26 14:10:23,075] {logging_mixin.py:115} INFO - [2022-06-26 14:10:23,075] {dag.py:2371} INFO - Sync 1 DAGs
[2022-06-26 14:10:23,085] {logging_mixin.py:115} INFO - [2022-06-26 14:10:23,085] {dag.py:2919} INFO - Setting next_dagrun for 02_daily_schedule to 2019-01-01T00:00:00+00:00, run_after=2019-01-02T00:00:00+00:00
[2022-06-26 14:10:23,091] {processor.py:161} INFO - Processing /opt/airflow/dags/chapter03/02_daily_scheduled.py took 0.211 seconds
[2022-06-26 14:10:53,413] {processor.py:153} INFO - Started process (PID=3500) to work on /opt/airflow/dags/chapter03/02_daily_scheduled.py
[2022-06-26 14:10:53,415] {processor.py:641} INFO - Processing file /opt/airflow/dags/chapter03/02_daily_scheduled.py for tasks to queue
[2022-06-26 14:10:53,416] {logging_mixin.py:115} INFO - [2022-06-26 14:10:53,416] {dagbag.py:507} INFO - Filling up the DagBag from /opt/airflow/dags/chapter03/02_daily_scheduled.py
[2022-06-26 14:10:53,643] {processor.py:651} INFO - DAG(s) dict_keys(['02_daily_schedule']) retrieved from /opt/airflow/dags/chapter03/02_daily_scheduled.py
[2022-06-26 14:10:53,660] {logging_mixin.py:115} INFO - [2022-06-26 14:10:53,660] {dag.py:2371} INFO - Sync 1 DAGs
[2022-06-26 14:10:53,674] {logging_mixin.py:115} INFO - [2022-06-26 14:10:53,674] {dag.py:2919} INFO - Setting next_dagrun for 02_daily_schedule to 2019-01-01T00:00:00+00:00, run_after=2019-01-02T00:00:00+00:00
[2022-06-26 14:10:53,684] {processor.py:161} INFO - Processing /opt/airflow/dags/chapter03/02_daily_scheduled.py took 0.273 seconds
[2022-06-26 14:11:23,851] {processor.py:153} INFO - Started process (PID=3563) to work on /opt/airflow/dags/chapter03/02_daily_scheduled.py
[2022-06-26 14:11:23,854] {processor.py:641} INFO - Processing file /opt/airflow/dags/chapter03/02_daily_scheduled.py for tasks to queue
[2022-06-26 14:11:23,855] {logging_mixin.py:115} INFO - [2022-06-26 14:11:23,855] {dagbag.py:507} INFO - Filling up the DagBag from /opt/airflow/dags/chapter03/02_daily_scheduled.py
[2022-06-26 14:11:24,088] {processor.py:651} INFO - DAG(s) dict_keys(['02_daily_schedule']) retrieved from /opt/airflow/dags/chapter03/02_daily_scheduled.py
[2022-06-26 14:11:24,107] {logging_mixin.py:115} INFO - [2022-06-26 14:11:24,107] {dag.py:2371} INFO - Sync 1 DAGs
[2022-06-26 14:11:24,123] {logging_mixin.py:115} INFO - [2022-06-26 14:11:24,123] {dag.py:2919} INFO - Setting next_dagrun for 02_daily_schedule to 2019-01-01T00:00:00+00:00, run_after=2019-01-02T00:00:00+00:00
[2022-06-26 14:11:24,134] {processor.py:161} INFO - Processing /opt/airflow/dags/chapter03/02_daily_scheduled.py took 0.285 seconds
[2022-06-26 14:11:54,204] {processor.py:153} INFO - Started process (PID=3625) to work on /opt/airflow/dags/chapter03/02_daily_scheduled.py
[2022-06-26 14:11:54,206] {processor.py:641} INFO - Processing file /opt/airflow/dags/chapter03/02_daily_scheduled.py for tasks to queue
[2022-06-26 14:11:54,208] {logging_mixin.py:115} INFO - [2022-06-26 14:11:54,208] {dagbag.py:507} INFO - Filling up the DagBag from /opt/airflow/dags/chapter03/02_daily_scheduled.py
[2022-06-26 14:11:54,432] {processor.py:651} INFO - DAG(s) dict_keys(['02_daily_schedule']) retrieved from /opt/airflow/dags/chapter03/02_daily_scheduled.py
[2022-06-26 14:11:54,450] {logging_mixin.py:115} INFO - [2022-06-26 14:11:54,450] {dag.py:2371} INFO - Sync 1 DAGs
[2022-06-26 14:11:54,464] {logging_mixin.py:115} INFO - [2022-06-26 14:11:54,464] {dag.py:2919} INFO - Setting next_dagrun for 02_daily_schedule to 2019-01-01T00:00:00+00:00, run_after=2019-01-02T00:00:00+00:00
[2022-06-26 14:11:54,473] {processor.py:161} INFO - Processing /opt/airflow/dags/chapter03/02_daily_scheduled.py took 0.272 seconds
[2022-06-26 14:12:24,524] {processor.py:153} INFO - Started process (PID=3686) to work on /opt/airflow/dags/chapter03/02_daily_scheduled.py
[2022-06-26 14:12:24,526] {processor.py:641} INFO - Processing file /opt/airflow/dags/chapter03/02_daily_scheduled.py for tasks to queue
[2022-06-26 14:12:24,527] {logging_mixin.py:115} INFO - [2022-06-26 14:12:24,527] {dagbag.py:507} INFO - Filling up the DagBag from /opt/airflow/dags/chapter03/02_daily_scheduled.py
[2022-06-26 14:12:24,741] {processor.py:651} INFO - DAG(s) dict_keys(['02_daily_schedule']) retrieved from /opt/airflow/dags/chapter03/02_daily_scheduled.py
[2022-06-26 14:12:24,755] {logging_mixin.py:115} INFO - [2022-06-26 14:12:24,755] {dag.py:2371} INFO - Sync 1 DAGs
[2022-06-26 14:12:24,767] {logging_mixin.py:115} INFO - [2022-06-26 14:12:24,767] {dag.py:2919} INFO - Setting next_dagrun for 02_daily_schedule to 2019-01-01T00:00:00+00:00, run_after=2019-01-02T00:00:00+00:00
[2022-06-26 14:12:24,776] {processor.py:161} INFO - Processing /opt/airflow/dags/chapter03/02_daily_scheduled.py took 0.254 seconds
[2022-06-26 14:12:55,126] {processor.py:153} INFO - Started process (PID=4231) to work on /opt/airflow/dags/chapter03/02_daily_scheduled.py
[2022-06-26 14:12:55,129] {processor.py:641} INFO - Processing file /opt/airflow/dags/chapter03/02_daily_scheduled.py for tasks to queue
[2022-06-26 14:12:55,131] {logging_mixin.py:115} INFO - [2022-06-26 14:12:55,131] {dagbag.py:507} INFO - Filling up the DagBag from /opt/airflow/dags/chapter03/02_daily_scheduled.py
[2022-06-26 14:12:55,410] {processor.py:651} INFO - DAG(s) dict_keys(['02_daily_schedule']) retrieved from /opt/airflow/dags/chapter03/02_daily_scheduled.py
[2022-06-26 14:12:55,430] {logging_mixin.py:115} INFO - [2022-06-26 14:12:55,430] {dag.py:2371} INFO - Sync 1 DAGs
[2022-06-26 14:12:55,450] {logging_mixin.py:115} INFO - [2022-06-26 14:12:55,450] {dag.py:2919} INFO - Setting next_dagrun for 02_daily_schedule to 2019-01-01T00:00:00+00:00, run_after=2019-01-02T00:00:00+00:00
[2022-06-26 14:12:55,468] {processor.py:161} INFO - Processing /opt/airflow/dags/chapter03/02_daily_scheduled.py took 0.344 seconds
[2022-06-26 14:13:25,767] {processor.py:153} INFO - Started process (PID=4731) to work on /opt/airflow/dags/chapter03/02_daily_scheduled.py
[2022-06-26 14:13:25,769] {processor.py:641} INFO - Processing file /opt/airflow/dags/chapter03/02_daily_scheduled.py for tasks to queue
[2022-06-26 14:13:25,770] {logging_mixin.py:115} INFO - [2022-06-26 14:13:25,770] {dagbag.py:507} INFO - Filling up the DagBag from /opt/airflow/dags/chapter03/02_daily_scheduled.py
[2022-06-26 14:13:25,981] {processor.py:651} INFO - DAG(s) dict_keys(['02_daily_schedule']) retrieved from /opt/airflow/dags/chapter03/02_daily_scheduled.py
[2022-06-26 14:13:25,998] {logging_mixin.py:115} INFO - [2022-06-26 14:13:25,998] {dag.py:2371} INFO - Sync 1 DAGs
[2022-06-26 14:13:26,011] {logging_mixin.py:115} INFO - [2022-06-26 14:13:26,011] {dag.py:2919} INFO - Setting next_dagrun for 02_daily_schedule to 2019-01-01T00:00:00+00:00, run_after=2019-01-02T00:00:00+00:00
[2022-06-26 14:13:26,018] {processor.py:161} INFO - Processing /opt/airflow/dags/chapter03/02_daily_scheduled.py took 0.253 seconds
[2022-06-26 14:13:56,288] {processor.py:153} INFO - Started process (PID=5718) to work on /opt/airflow/dags/chapter03/02_daily_scheduled.py
[2022-06-26 14:13:56,289] {processor.py:641} INFO - Processing file /opt/airflow/dags/chapter03/02_daily_scheduled.py for tasks to queue
[2022-06-26 14:13:56,292] {logging_mixin.py:115} INFO - [2022-06-26 14:13:56,292] {dagbag.py:507} INFO - Filling up the DagBag from /opt/airflow/dags/chapter03/02_daily_scheduled.py
[2022-06-26 14:13:56,526] {processor.py:651} INFO - DAG(s) dict_keys(['02_daily_schedule']) retrieved from /opt/airflow/dags/chapter03/02_daily_scheduled.py
[2022-06-26 14:13:56,545] {logging_mixin.py:115} INFO - [2022-06-26 14:13:56,545] {dag.py:2371} INFO - Sync 1 DAGs
[2022-06-26 14:13:56,559] {logging_mixin.py:115} INFO - [2022-06-26 14:13:56,559] {dag.py:2919} INFO - Setting next_dagrun for 02_daily_schedule to 2019-01-01T00:00:00+00:00, run_after=2019-01-02T00:00:00+00:00
[2022-06-26 14:13:56,569] {processor.py:161} INFO - Processing /opt/airflow/dags/chapter03/02_daily_scheduled.py took 0.284 seconds
[2022-06-26 14:14:26,714] {processor.py:153} INFO - Started process (PID=6085) to work on /opt/airflow/dags/chapter03/02_daily_scheduled.py
[2022-06-26 14:14:26,716] {processor.py:641} INFO - Processing file /opt/airflow/dags/chapter03/02_daily_scheduled.py for tasks to queue
[2022-06-26 14:14:26,718] {logging_mixin.py:115} INFO - [2022-06-26 14:14:26,718] {dagbag.py:507} INFO - Filling up the DagBag from /opt/airflow/dags/chapter03/02_daily_scheduled.py
[2022-06-26 14:14:26,955] {processor.py:651} INFO - DAG(s) dict_keys(['02_daily_schedule']) retrieved from /opt/airflow/dags/chapter03/02_daily_scheduled.py
[2022-06-26 14:14:26,970] {logging_mixin.py:115} INFO - [2022-06-26 14:14:26,969] {dag.py:2371} INFO - Sync 1 DAGs
[2022-06-26 14:14:26,982] {logging_mixin.py:115} INFO - [2022-06-26 14:14:26,982] {dag.py:2919} INFO - Setting next_dagrun for 02_daily_schedule to 2019-01-01T00:00:00+00:00, run_after=2019-01-02T00:00:00+00:00
[2022-06-26 14:14:26,990] {processor.py:161} INFO - Processing /opt/airflow/dags/chapter03/02_daily_scheduled.py took 0.277 seconds
[2022-06-26 14:14:57,356] {processor.py:153} INFO - Started process (PID=6461) to work on /opt/airflow/dags/chapter03/02_daily_scheduled.py
[2022-06-26 14:14:57,359] {processor.py:641} INFO - Processing file /opt/airflow/dags/chapter03/02_daily_scheduled.py for tasks to queue
[2022-06-26 14:14:57,360] {logging_mixin.py:115} INFO - [2022-06-26 14:14:57,360] {dagbag.py:507} INFO - Filling up the DagBag from /opt/airflow/dags/chapter03/02_daily_scheduled.py
[2022-06-26 14:14:57,576] {processor.py:651} INFO - DAG(s) dict_keys(['02_daily_schedule']) retrieved from /opt/airflow/dags/chapter03/02_daily_scheduled.py
[2022-06-26 14:14:57,591] {logging_mixin.py:115} INFO - [2022-06-26 14:14:57,591] {dag.py:2371} INFO - Sync 1 DAGs
[2022-06-26 14:14:57,605] {logging_mixin.py:115} INFO - [2022-06-26 14:14:57,605] {dag.py:2919} INFO - Setting next_dagrun for 02_daily_schedule to 2019-01-01T00:00:00+00:00, run_after=2019-01-02T00:00:00+00:00
[2022-06-26 14:14:57,615] {processor.py:161} INFO - Processing /opt/airflow/dags/chapter03/02_daily_scheduled.py took 0.261 seconds
[2022-06-26 14:15:27,864] {processor.py:153} INFO - Started process (PID=6828) to work on /opt/airflow/dags/chapter03/02_daily_scheduled.py
[2022-06-26 14:15:27,865] {processor.py:641} INFO - Processing file /opt/airflow/dags/chapter03/02_daily_scheduled.py for tasks to queue
[2022-06-26 14:15:27,866] {logging_mixin.py:115} INFO - [2022-06-26 14:15:27,866] {dagbag.py:507} INFO - Filling up the DagBag from /opt/airflow/dags/chapter03/02_daily_scheduled.py
[2022-06-26 14:15:28,089] {processor.py:651} INFO - DAG(s) dict_keys(['02_daily_schedule']) retrieved from /opt/airflow/dags/chapter03/02_daily_scheduled.py
[2022-06-26 14:15:28,104] {logging_mixin.py:115} INFO - [2022-06-26 14:15:28,104] {dag.py:2371} INFO - Sync 1 DAGs
[2022-06-26 14:15:28,116] {logging_mixin.py:115} INFO - [2022-06-26 14:15:28,116] {dag.py:2919} INFO - Setting next_dagrun for 02_daily_schedule to 2019-01-01T00:00:00+00:00, run_after=2019-01-02T00:00:00+00:00
[2022-06-26 14:15:28,122] {processor.py:161} INFO - Processing /opt/airflow/dags/chapter03/02_daily_scheduled.py took 0.261 seconds
[2022-06-26 14:15:58,655] {processor.py:153} INFO - Started process (PID=7445) to work on /opt/airflow/dags/chapter03/02_daily_scheduled.py
[2022-06-26 14:15:58,657] {processor.py:641} INFO - Processing file /opt/airflow/dags/chapter03/02_daily_scheduled.py for tasks to queue
[2022-06-26 14:15:58,659] {logging_mixin.py:115} INFO - [2022-06-26 14:15:58,659] {dagbag.py:507} INFO - Filling up the DagBag from /opt/airflow/dags/chapter03/02_daily_scheduled.py
[2022-06-26 14:15:58,901] {processor.py:651} INFO - DAG(s) dict_keys(['02_daily_schedule']) retrieved from /opt/airflow/dags/chapter03/02_daily_scheduled.py
[2022-06-26 14:15:58,918] {logging_mixin.py:115} INFO - [2022-06-26 14:15:58,918] {dag.py:2371} INFO - Sync 1 DAGs
[2022-06-26 14:15:58,932] {logging_mixin.py:115} INFO - [2022-06-26 14:15:58,932] {dag.py:2919} INFO - Setting next_dagrun for 02_daily_schedule to 2019-01-01T00:00:00+00:00, run_after=2019-01-02T00:00:00+00:00
[2022-06-26 14:15:58,940] {processor.py:161} INFO - Processing /opt/airflow/dags/chapter03/02_daily_scheduled.py took 0.288 seconds
[2022-06-26 14:16:29,387] {processor.py:153} INFO - Started process (PID=9116) to work on /opt/airflow/dags/chapter03/02_daily_scheduled.py
[2022-06-26 14:16:29,389] {processor.py:641} INFO - Processing file /opt/airflow/dags/chapter03/02_daily_scheduled.py for tasks to queue
[2022-06-26 14:16:29,390] {logging_mixin.py:115} INFO - [2022-06-26 14:16:29,390] {dagbag.py:507} INFO - Filling up the DagBag from /opt/airflow/dags/chapter03/02_daily_scheduled.py
[2022-06-26 14:16:29,671] {processor.py:651} INFO - DAG(s) dict_keys(['02_daily_schedule']) retrieved from /opt/airflow/dags/chapter03/02_daily_scheduled.py
[2022-06-26 14:16:29,694] {logging_mixin.py:115} INFO - [2022-06-26 14:16:29,693] {dag.py:2371} INFO - Sync 1 DAGs
[2022-06-26 14:16:29,714] {logging_mixin.py:115} INFO - [2022-06-26 14:16:29,714] {dag.py:2919} INFO - Setting next_dagrun for 02_daily_schedule to 2019-01-01T00:00:00+00:00, run_after=2019-01-02T00:00:00+00:00
[2022-06-26 14:16:29,726] {processor.py:161} INFO - Processing /opt/airflow/dags/chapter03/02_daily_scheduled.py took 0.342 seconds
[2022-06-26 14:16:59,841] {processor.py:153} INFO - Started process (PID=9892) to work on /opt/airflow/dags/chapter03/02_daily_scheduled.py
[2022-06-26 14:16:59,843] {processor.py:641} INFO - Processing file /opt/airflow/dags/chapter03/02_daily_scheduled.py for tasks to queue
[2022-06-26 14:16:59,844] {logging_mixin.py:115} INFO - [2022-06-26 14:16:59,844] {dagbag.py:507} INFO - Filling up the DagBag from /opt/airflow/dags/chapter03/02_daily_scheduled.py
[2022-06-26 14:17:00,024] {processor.py:651} INFO - DAG(s) dict_keys(['02_daily_schedule']) retrieved from /opt/airflow/dags/chapter03/02_daily_scheduled.py
[2022-06-26 14:17:00,039] {logging_mixin.py:115} INFO - [2022-06-26 14:17:00,039] {dag.py:2371} INFO - Sync 1 DAGs
[2022-06-26 14:17:00,050] {logging_mixin.py:115} INFO - [2022-06-26 14:17:00,050] {dag.py:2919} INFO - Setting next_dagrun for 02_daily_schedule to 2019-01-01T00:00:00+00:00, run_after=2019-01-02T00:00:00+00:00
[2022-06-26 14:17:00,056] {processor.py:161} INFO - Processing /opt/airflow/dags/chapter03/02_daily_scheduled.py took 0.217 seconds
[2022-06-26 14:17:30,428] {processor.py:153} INFO - Started process (PID=10814) to work on /opt/airflow/dags/chapter03/02_daily_scheduled.py
[2022-06-26 14:17:30,430] {processor.py:641} INFO - Processing file /opt/airflow/dags/chapter03/02_daily_scheduled.py for tasks to queue
[2022-06-26 14:17:30,433] {logging_mixin.py:115} INFO - [2022-06-26 14:17:30,432] {dagbag.py:507} INFO - Filling up the DagBag from /opt/airflow/dags/chapter03/02_daily_scheduled.py
[2022-06-26 14:17:30,669] {processor.py:651} INFO - DAG(s) dict_keys(['02_daily_schedule']) retrieved from /opt/airflow/dags/chapter03/02_daily_scheduled.py
[2022-06-26 14:17:30,688] {logging_mixin.py:115} INFO - [2022-06-26 14:17:30,688] {dag.py:2371} INFO - Sync 1 DAGs
[2022-06-26 14:17:30,701] {logging_mixin.py:115} INFO - [2022-06-26 14:17:30,701] {dag.py:2919} INFO - Setting next_dagrun for 02_daily_schedule to 2019-01-01T00:00:00+00:00, run_after=2019-01-02T00:00:00+00:00
[2022-06-26 14:17:30,709] {processor.py:161} INFO - Processing /opt/airflow/dags/chapter03/02_daily_scheduled.py took 0.285 seconds
[2022-06-26 14:18:00,956] {processor.py:153} INFO - Started process (PID=11386) to work on /opt/airflow/dags/chapter03/02_daily_scheduled.py
[2022-06-26 14:18:00,958] {processor.py:641} INFO - Processing file /opt/airflow/dags/chapter03/02_daily_scheduled.py for tasks to queue
[2022-06-26 14:18:00,960] {logging_mixin.py:115} INFO - [2022-06-26 14:18:00,960] {dagbag.py:507} INFO - Filling up the DagBag from /opt/airflow/dags/chapter03/02_daily_scheduled.py
[2022-06-26 14:18:01,189] {processor.py:651} INFO - DAG(s) dict_keys(['02_daily_schedule']) retrieved from /opt/airflow/dags/chapter03/02_daily_scheduled.py
[2022-06-26 14:18:01,207] {logging_mixin.py:115} INFO - [2022-06-26 14:18:01,207] {dag.py:2371} INFO - Sync 1 DAGs
[2022-06-26 14:18:01,223] {logging_mixin.py:115} INFO - [2022-06-26 14:18:01,223] {dag.py:2919} INFO - Setting next_dagrun for 02_daily_schedule to 2019-01-01T00:00:00+00:00, run_after=2019-01-02T00:00:00+00:00
[2022-06-26 14:18:01,232] {processor.py:161} INFO - Processing /opt/airflow/dags/chapter03/02_daily_scheduled.py took 0.279 seconds
[2022-06-26 14:18:31,621] {processor.py:153} INFO - Started process (PID=12205) to work on /opt/airflow/dags/chapter03/02_daily_scheduled.py
[2022-06-26 14:18:31,634] {processor.py:641} INFO - Processing file /opt/airflow/dags/chapter03/02_daily_scheduled.py for tasks to queue
[2022-06-26 14:18:31,637] {logging_mixin.py:115} INFO - [2022-06-26 14:18:31,637] {dagbag.py:507} INFO - Filling up the DagBag from /opt/airflow/dags/chapter03/02_daily_scheduled.py
[2022-06-26 14:18:31,977] {processor.py:651} INFO - DAG(s) dict_keys(['02_daily_schedule']) retrieved from /opt/airflow/dags/chapter03/02_daily_scheduled.py
[2022-06-26 14:18:32,004] {logging_mixin.py:115} INFO - [2022-06-26 14:18:32,004] {dag.py:2371} INFO - Sync 1 DAGs
[2022-06-26 14:18:32,029] {logging_mixin.py:115} INFO - [2022-06-26 14:18:32,029] {dag.py:2919} INFO - Setting next_dagrun for 02_daily_schedule to 2019-01-01T00:00:00+00:00, run_after=2019-01-02T00:00:00+00:00
[2022-06-26 14:18:32,037] {processor.py:161} INFO - Processing /opt/airflow/dags/chapter03/02_daily_scheduled.py took 0.418 seconds
[2022-06-26 14:19:02,811] {processor.py:153} INFO - Started process (PID=12587) to work on /opt/airflow/dags/chapter03/02_daily_scheduled.py
[2022-06-26 14:19:02,813] {processor.py:641} INFO - Processing file /opt/airflow/dags/chapter03/02_daily_scheduled.py for tasks to queue
[2022-06-26 14:19:02,815] {logging_mixin.py:115} INFO - [2022-06-26 14:19:02,815] {dagbag.py:507} INFO - Filling up the DagBag from /opt/airflow/dags/chapter03/02_daily_scheduled.py
[2022-06-26 14:19:03,085] {processor.py:651} INFO - DAG(s) dict_keys(['02_daily_schedule']) retrieved from /opt/airflow/dags/chapter03/02_daily_scheduled.py
[2022-06-26 14:19:03,104] {logging_mixin.py:115} INFO - [2022-06-26 14:19:03,104] {dag.py:2371} INFO - Sync 1 DAGs
[2022-06-26 14:19:03,119] {logging_mixin.py:115} INFO - [2022-06-26 14:19:03,119] {dag.py:2919} INFO - Setting next_dagrun for 02_daily_schedule to 2019-01-01T00:00:00+00:00, run_after=2019-01-02T00:00:00+00:00
[2022-06-26 14:19:03,128] {processor.py:161} INFO - Processing /opt/airflow/dags/chapter03/02_daily_scheduled.py took 0.320 seconds
[2022-06-26 14:19:33,717] {processor.py:153} INFO - Started process (PID=13576) to work on /opt/airflow/dags/chapter03/02_daily_scheduled.py
[2022-06-26 14:19:33,720] {processor.py:641} INFO - Processing file /opt/airflow/dags/chapter03/02_daily_scheduled.py for tasks to queue
[2022-06-26 14:19:33,721] {logging_mixin.py:115} INFO - [2022-06-26 14:19:33,721] {dagbag.py:507} INFO - Filling up the DagBag from /opt/airflow/dags/chapter03/02_daily_scheduled.py
[2022-06-26 14:19:33,960] {processor.py:651} INFO - DAG(s) dict_keys(['02_daily_schedule']) retrieved from /opt/airflow/dags/chapter03/02_daily_scheduled.py
[2022-06-26 14:19:33,986] {logging_mixin.py:115} INFO - [2022-06-26 14:19:33,985] {dag.py:2371} INFO - Sync 1 DAGs
[2022-06-26 14:19:34,002] {logging_mixin.py:115} INFO - [2022-06-26 14:19:34,002] {dag.py:2919} INFO - Setting next_dagrun for 02_daily_schedule to 2019-01-01T00:00:00+00:00, run_after=2019-01-02T00:00:00+00:00
[2022-06-26 14:19:34,014] {processor.py:161} INFO - Processing /opt/airflow/dags/chapter03/02_daily_scheduled.py took 0.299 seconds
[2022-06-26 14:20:04,702] {processor.py:153} INFO - Started process (PID=14353) to work on /opt/airflow/dags/chapter03/02_daily_scheduled.py
[2022-06-26 14:20:04,704] {processor.py:641} INFO - Processing file /opt/airflow/dags/chapter03/02_daily_scheduled.py for tasks to queue
[2022-06-26 14:20:04,705] {logging_mixin.py:115} INFO - [2022-06-26 14:20:04,705] {dagbag.py:507} INFO - Filling up the DagBag from /opt/airflow/dags/chapter03/02_daily_scheduled.py
[2022-06-26 14:20:04,954] {processor.py:651} INFO - DAG(s) dict_keys(['02_daily_schedule']) retrieved from /opt/airflow/dags/chapter03/02_daily_scheduled.py
[2022-06-26 14:20:04,970] {logging_mixin.py:115} INFO - [2022-06-26 14:20:04,969] {dag.py:2371} INFO - Sync 1 DAGs
[2022-06-26 14:20:04,983] {logging_mixin.py:115} INFO - [2022-06-26 14:20:04,983] {dag.py:2919} INFO - Setting next_dagrun for 02_daily_schedule to 2019-01-01T00:00:00+00:00, run_after=2019-01-02T00:00:00+00:00
[2022-06-26 14:20:04,990] {processor.py:161} INFO - Processing /opt/airflow/dags/chapter03/02_daily_scheduled.py took 0.291 seconds
[2022-06-26 14:53:07,914] {processor.py:153} INFO - Started process (PID=14803) to work on /opt/airflow/dags/chapter03/02_daily_scheduled.py
[2022-06-26 14:53:07,918] {processor.py:641} INFO - Processing file /opt/airflow/dags/chapter03/02_daily_scheduled.py for tasks to queue
[2022-06-26 14:53:07,920] {logging_mixin.py:115} INFO - [2022-06-26 14:53:07,920] {dagbag.py:507} INFO - Filling up the DagBag from /opt/airflow/dags/chapter03/02_daily_scheduled.py
[2022-06-26 14:53:08,350] {processor.py:651} INFO - DAG(s) dict_keys(['02_daily_schedule']) retrieved from /opt/airflow/dags/chapter03/02_daily_scheduled.py
[2022-06-26 14:53:08,371] {logging_mixin.py:115} INFO - [2022-06-26 14:53:08,371] {dag.py:2371} INFO - Sync 1 DAGs
[2022-06-26 14:53:08,407] {logging_mixin.py:115} INFO - [2022-06-26 14:53:08,407] {dag.py:2919} INFO - Setting next_dagrun for 02_daily_schedule to 2019-01-01T00:00:00+00:00, run_after=2019-01-02T00:00:00+00:00
[2022-06-26 14:53:08,433] {processor.py:161} INFO - Processing /opt/airflow/dags/chapter03/02_daily_scheduled.py took 0.522 seconds
[2022-06-26 16:15:59,135] {processor.py:153} INFO - Started process (PID=15178) to work on /opt/airflow/dags/chapter03/02_daily_scheduled.py
[2022-06-26 16:15:59,139] {processor.py:641} INFO - Processing file /opt/airflow/dags/chapter03/02_daily_scheduled.py for tasks to queue
[2022-06-26 16:15:59,141] {logging_mixin.py:115} INFO - [2022-06-26 16:15:59,141] {dagbag.py:507} INFO - Filling up the DagBag from /opt/airflow/dags/chapter03/02_daily_scheduled.py
[2022-06-26 16:15:59,651] {processor.py:651} INFO - DAG(s) dict_keys(['02_daily_schedule']) retrieved from /opt/airflow/dags/chapter03/02_daily_scheduled.py
[2022-06-26 16:15:59,684] {logging_mixin.py:115} INFO - [2022-06-26 16:15:59,684] {dag.py:2371} INFO - Sync 1 DAGs
[2022-06-26 16:15:59,725] {logging_mixin.py:115} INFO - [2022-06-26 16:15:59,725] {dag.py:2919} INFO - Setting next_dagrun for 02_daily_schedule to 2019-01-01T00:00:00+00:00, run_after=2019-01-02T00:00:00+00:00
[2022-06-26 16:15:59,742] {processor.py:161} INFO - Processing /opt/airflow/dags/chapter03/02_daily_scheduled.py took 0.610 seconds
[2022-06-26 17:21:20,869] {processor.py:153} INFO - Started process (PID=15532) to work on /opt/airflow/dags/chapter03/02_daily_scheduled.py
[2022-06-26 17:21:20,871] {processor.py:641} INFO - Processing file /opt/airflow/dags/chapter03/02_daily_scheduled.py for tasks to queue
[2022-06-26 17:21:20,877] {logging_mixin.py:115} INFO - [2022-06-26 17:21:20,876] {dagbag.py:507} INFO - Filling up the DagBag from /opt/airflow/dags/chapter03/02_daily_scheduled.py
[2022-06-26 17:21:21,266] {processor.py:651} INFO - DAG(s) dict_keys(['02_daily_schedule']) retrieved from /opt/airflow/dags/chapter03/02_daily_scheduled.py
[2022-06-26 17:21:21,311] {logging_mixin.py:115} INFO - [2022-06-26 17:21:21,311] {dag.py:2371} INFO - Sync 1 DAGs
[2022-06-26 17:21:21,336] {logging_mixin.py:115} INFO - [2022-06-26 17:21:21,336] {dag.py:2919} INFO - Setting next_dagrun for 02_daily_schedule to 2019-01-01T00:00:00+00:00, run_after=2019-01-02T00:00:00+00:00
[2022-06-26 17:21:21,355] {processor.py:161} INFO - Processing /opt/airflow/dags/chapter03/02_daily_scheduled.py took 0.489 seconds
[2022-06-26 18:41:37,012] {processor.py:153} INFO - Started process (PID=15898) to work on /opt/airflow/dags/chapter03/02_daily_scheduled.py
[2022-06-26 18:41:37,015] {processor.py:641} INFO - Processing file /opt/airflow/dags/chapter03/02_daily_scheduled.py for tasks to queue
[2022-06-26 18:41:37,017] {logging_mixin.py:115} INFO - [2022-06-26 18:41:37,017] {dagbag.py:507} INFO - Filling up the DagBag from /opt/airflow/dags/chapter03/02_daily_scheduled.py
[2022-06-26 18:41:37,415] {processor.py:651} INFO - DAG(s) dict_keys(['02_daily_schedule']) retrieved from /opt/airflow/dags/chapter03/02_daily_scheduled.py
[2022-06-26 18:41:37,440] {logging_mixin.py:115} INFO - [2022-06-26 18:41:37,439] {dag.py:2371} INFO - Sync 1 DAGs
[2022-06-26 18:41:37,458] {logging_mixin.py:115} INFO - [2022-06-26 18:41:37,458] {dag.py:2919} INFO - Setting next_dagrun for 02_daily_schedule to 2019-01-01T00:00:00+00:00, run_after=2019-01-02T00:00:00+00:00
[2022-06-26 18:41:37,473] {processor.py:161} INFO - Processing /opt/airflow/dags/chapter03/02_daily_scheduled.py took 0.464 seconds
[2022-06-26 20:03:38,973] {processor.py:153} INFO - Started process (PID=16183) to work on /opt/airflow/dags/chapter03/02_daily_scheduled.py
[2022-06-26 20:03:38,977] {processor.py:641} INFO - Processing file /opt/airflow/dags/chapter03/02_daily_scheduled.py for tasks to queue
[2022-06-26 20:03:38,981] {logging_mixin.py:115} INFO - [2022-06-26 20:03:38,980] {dagbag.py:507} INFO - Filling up the DagBag from /opt/airflow/dags/chapter03/02_daily_scheduled.py
[2022-06-26 20:03:39,193] {processor.py:651} INFO - DAG(s) dict_keys(['02_daily_schedule']) retrieved from /opt/airflow/dags/chapter03/02_daily_scheduled.py
[2022-06-26 20:03:39,225] {logging_mixin.py:115} INFO - [2022-06-26 20:03:39,224] {dag.py:2371} INFO - Sync 1 DAGs
[2022-06-26 20:03:39,255] {logging_mixin.py:115} INFO - [2022-06-26 20:03:39,254] {dag.py:2919} INFO - Setting next_dagrun for 02_daily_schedule to 2019-01-01T00:00:00+00:00, run_after=2019-01-02T00:00:00+00:00
[2022-06-26 20:03:39,269] {processor.py:161} INFO - Processing /opt/airflow/dags/chapter03/02_daily_scheduled.py took 0.298 seconds
[2022-06-26 21:23:31,521] {processor.py:153} INFO - Started process (PID=16460) to work on /opt/airflow/dags/chapter03/02_daily_scheduled.py
[2022-06-26 21:23:31,523] {processor.py:641} INFO - Processing file /opt/airflow/dags/chapter03/02_daily_scheduled.py for tasks to queue
[2022-06-26 21:23:31,526] {logging_mixin.py:115} INFO - [2022-06-26 21:23:31,526] {dagbag.py:507} INFO - Filling up the DagBag from /opt/airflow/dags/chapter03/02_daily_scheduled.py
[2022-06-26 21:23:31,803] {processor.py:651} INFO - DAG(s) dict_keys(['02_daily_schedule']) retrieved from /opt/airflow/dags/chapter03/02_daily_scheduled.py
[2022-06-26 21:23:31,849] {logging_mixin.py:115} INFO - [2022-06-26 21:23:31,848] {dag.py:2371} INFO - Sync 1 DAGs
[2022-06-26 21:23:31,887] {logging_mixin.py:115} INFO - [2022-06-26 21:23:31,887] {dag.py:2919} INFO - Setting next_dagrun for 02_daily_schedule to 2019-01-01T00:00:00+00:00, run_after=2019-01-02T00:00:00+00:00
[2022-06-26 21:23:31,912] {processor.py:161} INFO - Processing /opt/airflow/dags/chapter03/02_daily_scheduled.py took 0.394 seconds
[2022-06-26 22:29:31,448] {processor.py:153} INFO - Started process (PID=16745) to work on /opt/airflow/dags/chapter03/02_daily_scheduled.py
[2022-06-26 22:29:31,451] {processor.py:641} INFO - Processing file /opt/airflow/dags/chapter03/02_daily_scheduled.py for tasks to queue
[2022-06-26 22:29:31,454] {logging_mixin.py:115} INFO - [2022-06-26 22:29:31,453] {dagbag.py:507} INFO - Filling up the DagBag from /opt/airflow/dags/chapter03/02_daily_scheduled.py
[2022-06-26 22:29:31,749] {processor.py:651} INFO - DAG(s) dict_keys(['02_daily_schedule']) retrieved from /opt/airflow/dags/chapter03/02_daily_scheduled.py
[2022-06-26 22:29:31,782] {logging_mixin.py:115} INFO - [2022-06-26 22:29:31,781] {dag.py:2371} INFO - Sync 1 DAGs
[2022-06-26 22:29:31,810] {logging_mixin.py:115} INFO - [2022-06-26 22:29:31,810] {dag.py:2919} INFO - Setting next_dagrun for 02_daily_schedule to 2019-01-01T00:00:00+00:00, run_after=2019-01-02T00:00:00+00:00
[2022-06-26 22:29:31,830] {processor.py:161} INFO - Processing /opt/airflow/dags/chapter03/02_daily_scheduled.py took 0.387 seconds
[2022-06-26 23:11:56,549] {processor.py:153} INFO - Started process (PID=17054) to work on /opt/airflow/dags/chapter03/02_daily_scheduled.py
[2022-06-26 23:11:56,552] {processor.py:641} INFO - Processing file /opt/airflow/dags/chapter03/02_daily_scheduled.py for tasks to queue
[2022-06-26 23:11:56,556] {logging_mixin.py:115} INFO - [2022-06-26 23:11:56,556] {dagbag.py:507} INFO - Filling up the DagBag from /opt/airflow/dags/chapter03/02_daily_scheduled.py
[2022-06-26 23:11:56,858] {processor.py:651} INFO - DAG(s) dict_keys(['02_daily_schedule']) retrieved from /opt/airflow/dags/chapter03/02_daily_scheduled.py
[2022-06-26 23:11:56,918] {logging_mixin.py:115} INFO - [2022-06-26 23:11:56,917] {dag.py:2371} INFO - Sync 1 DAGs
[2022-06-26 23:11:56,960] {logging_mixin.py:115} INFO - [2022-06-26 23:11:56,960] {dag.py:2919} INFO - Setting next_dagrun for 02_daily_schedule to 2019-01-01T00:00:00+00:00, run_after=2019-01-02T00:00:00+00:00
[2022-06-26 23:11:56,988] {processor.py:161} INFO - Processing /opt/airflow/dags/chapter03/02_daily_scheduled.py took 0.446 seconds
[2022-06-26 23:12:27,136] {processor.py:153} INFO - Started process (PID=17341) to work on /opt/airflow/dags/chapter03/02_daily_scheduled.py
[2022-06-26 23:12:27,138] {processor.py:641} INFO - Processing file /opt/airflow/dags/chapter03/02_daily_scheduled.py for tasks to queue
[2022-06-26 23:12:27,139] {logging_mixin.py:115} INFO - [2022-06-26 23:12:27,139] {dagbag.py:507} INFO - Filling up the DagBag from /opt/airflow/dags/chapter03/02_daily_scheduled.py
[2022-06-26 23:12:27,260] {processor.py:651} INFO - DAG(s) dict_keys(['02_daily_schedule']) retrieved from /opt/airflow/dags/chapter03/02_daily_scheduled.py
[2022-06-26 23:12:27,278] {logging_mixin.py:115} INFO - [2022-06-26 23:12:27,277] {dag.py:2371} INFO - Sync 1 DAGs
[2022-06-26 23:12:27,291] {logging_mixin.py:115} INFO - [2022-06-26 23:12:27,291] {dag.py:2919} INFO - Setting next_dagrun for 02_daily_schedule to 2019-01-01T00:00:00+00:00, run_after=2019-01-02T00:00:00+00:00
[2022-06-26 23:12:27,298] {processor.py:161} INFO - Processing /opt/airflow/dags/chapter03/02_daily_scheduled.py took 0.164 seconds
[2022-06-26 23:12:57,976] {processor.py:153} INFO - Started process (PID=17615) to work on /opt/airflow/dags/chapter03/02_daily_scheduled.py
[2022-06-26 23:12:57,978] {processor.py:641} INFO - Processing file /opt/airflow/dags/chapter03/02_daily_scheduled.py for tasks to queue
[2022-06-26 23:12:57,979] {logging_mixin.py:115} INFO - [2022-06-26 23:12:57,979] {dagbag.py:507} INFO - Filling up the DagBag from /opt/airflow/dags/chapter03/02_daily_scheduled.py
[2022-06-26 23:12:58,090] {processor.py:651} INFO - DAG(s) dict_keys(['02_daily_schedule']) retrieved from /opt/airflow/dags/chapter03/02_daily_scheduled.py
[2022-06-26 23:12:58,106] {logging_mixin.py:115} INFO - [2022-06-26 23:12:58,105] {dag.py:2371} INFO - Sync 1 DAGs
[2022-06-26 23:12:58,125] {logging_mixin.py:115} INFO - [2022-06-26 23:12:58,124] {dag.py:2919} INFO - Setting next_dagrun for 02_daily_schedule to 2019-01-01T00:00:00+00:00, run_after=2019-01-02T00:00:00+00:00
[2022-06-26 23:12:58,133] {processor.py:161} INFO - Processing /opt/airflow/dags/chapter03/02_daily_scheduled.py took 0.160 seconds
[2022-06-26 23:31:49,269] {processor.py:153} INFO - Started process (PID=17890) to work on /opt/airflow/dags/chapter03/02_daily_scheduled.py
[2022-06-26 23:31:49,277] {processor.py:641} INFO - Processing file /opt/airflow/dags/chapter03/02_daily_scheduled.py for tasks to queue
[2022-06-26 23:31:49,280] {logging_mixin.py:115} INFO - [2022-06-26 23:31:49,280] {dagbag.py:507} INFO - Filling up the DagBag from /opt/airflow/dags/chapter03/02_daily_scheduled.py
[2022-06-26 23:31:49,616] {processor.py:651} INFO - DAG(s) dict_keys(['02_daily_schedule']) retrieved from /opt/airflow/dags/chapter03/02_daily_scheduled.py
[2022-06-26 23:31:49,686] {logging_mixin.py:115} INFO - [2022-06-26 23:31:49,683] {dag.py:2371} INFO - Sync 1 DAGs
[2022-06-26 23:31:49,716] {logging_mixin.py:115} INFO - [2022-06-26 23:31:49,716] {dag.py:2919} INFO - Setting next_dagrun for 02_daily_schedule to 2019-01-01T00:00:00+00:00, run_after=2019-01-02T00:00:00+00:00
[2022-06-26 23:31:49,751] {processor.py:161} INFO - Processing /opt/airflow/dags/chapter03/02_daily_scheduled.py took 0.485 seconds
