[2022-06-26 13:37:29,257] {processor.py:153} INFO - Started process (PID=44) to work on /opt/airflow/dags/chapter03/04_time_delta.py
[2022-06-26 13:37:29,260] {processor.py:641} INFO - Processing file /opt/airflow/dags/chapter03/04_time_delta.py for tasks to queue
[2022-06-26 13:37:29,267] {logging_mixin.py:115} INFO - [2022-06-26 13:37:29,267] {dagbag.py:507} INFO - Filling up the DagBag from /opt/airflow/dags/chapter03/04_time_delta.py
[2022-06-26 13:37:29,904] {processor.py:651} INFO - DAG(s) dict_keys(['04_time_delta']) retrieved from /opt/airflow/dags/chapter03/04_time_delta.py
[2022-06-26 13:37:30,075] {logging_mixin.py:115} INFO - [2022-06-26 13:37:30,074] {manager.py:508} INFO - Created Permission View: can read on DAG:04_time_delta
[2022-06-26 13:37:30,132] {logging_mixin.py:115} INFO - [2022-06-26 13:37:30,132] {manager.py:508} INFO - Created Permission View: can edit on DAG:04_time_delta
[2022-06-26 13:37:30,164] {logging_mixin.py:115} INFO - [2022-06-26 13:37:30,163] {manager.py:508} INFO - Created Permission View: can delete on DAG:04_time_delta
[2022-06-26 13:37:30,174] {logging_mixin.py:115} INFO - [2022-06-26 13:37:30,169] {dag.py:2371} INFO - Sync 1 DAGs
[2022-06-26 13:37:30,216] {logging_mixin.py:115} INFO - [2022-06-26 13:37:30,215] {dag.py:2390} INFO - Creating ORM DAG for 04_time_delta
[2022-06-26 13:37:30,258] {logging_mixin.py:115} INFO - [2022-06-26 13:37:30,257] {dag.py:2919} INFO - Setting next_dagrun for 04_time_delta to 2019-01-01T00:00:00+00:00, run_after=2019-01-04T00:00:00+00:00
[2022-06-26 13:37:30,306] {processor.py:161} INFO - Processing /opt/airflow/dags/chapter03/04_time_delta.py took 1.051 seconds
[2022-06-26 13:38:00,479] {processor.py:153} INFO - Started process (PID=104) to work on /opt/airflow/dags/chapter03/04_time_delta.py
[2022-06-26 13:38:00,481] {processor.py:641} INFO - Processing file /opt/airflow/dags/chapter03/04_time_delta.py for tasks to queue
[2022-06-26 13:38:00,482] {logging_mixin.py:115} INFO - [2022-06-26 13:38:00,482] {dagbag.py:507} INFO - Filling up the DagBag from /opt/airflow/dags/chapter03/04_time_delta.py
[2022-06-26 13:38:00,661] {processor.py:651} INFO - DAG(s) dict_keys(['04_time_delta']) retrieved from /opt/airflow/dags/chapter03/04_time_delta.py
[2022-06-26 13:38:00,674] {logging_mixin.py:115} INFO - [2022-06-26 13:38:00,673] {dag.py:2371} INFO - Sync 1 DAGs
[2022-06-26 13:38:00,684] {logging_mixin.py:115} INFO - [2022-06-26 13:38:00,684] {dag.py:2919} INFO - Setting next_dagrun for 04_time_delta to 2019-01-01T00:00:00+00:00, run_after=2019-01-04T00:00:00+00:00
[2022-06-26 13:38:00,690] {processor.py:161} INFO - Processing /opt/airflow/dags/chapter03/04_time_delta.py took 0.214 seconds
[2022-06-26 13:38:31,265] {processor.py:153} INFO - Started process (PID=165) to work on /opt/airflow/dags/chapter03/04_time_delta.py
[2022-06-26 13:38:31,269] {processor.py:641} INFO - Processing file /opt/airflow/dags/chapter03/04_time_delta.py for tasks to queue
[2022-06-26 13:38:31,275] {logging_mixin.py:115} INFO - [2022-06-26 13:38:31,275] {dagbag.py:507} INFO - Filling up the DagBag from /opt/airflow/dags/chapter03/04_time_delta.py
[2022-06-26 13:38:31,470] {processor.py:651} INFO - DAG(s) dict_keys(['04_time_delta']) retrieved from /opt/airflow/dags/chapter03/04_time_delta.py
[2022-06-26 13:38:31,486] {logging_mixin.py:115} INFO - [2022-06-26 13:38:31,486] {dag.py:2371} INFO - Sync 1 DAGs
[2022-06-26 13:38:31,498] {logging_mixin.py:115} INFO - [2022-06-26 13:38:31,498] {dag.py:2919} INFO - Setting next_dagrun for 04_time_delta to 2019-01-01T00:00:00+00:00, run_after=2019-01-04T00:00:00+00:00
[2022-06-26 13:38:31,505] {processor.py:161} INFO - Processing /opt/airflow/dags/chapter03/04_time_delta.py took 0.242 seconds
[2022-06-26 13:39:01,883] {processor.py:153} INFO - Started process (PID=226) to work on /opt/airflow/dags/chapter03/04_time_delta.py
[2022-06-26 13:39:01,885] {processor.py:641} INFO - Processing file /opt/airflow/dags/chapter03/04_time_delta.py for tasks to queue
[2022-06-26 13:39:01,889] {logging_mixin.py:115} INFO - [2022-06-26 13:39:01,889] {dagbag.py:507} INFO - Filling up the DagBag from /opt/airflow/dags/chapter03/04_time_delta.py
[2022-06-26 13:39:02,093] {processor.py:651} INFO - DAG(s) dict_keys(['04_time_delta']) retrieved from /opt/airflow/dags/chapter03/04_time_delta.py
[2022-06-26 13:39:02,108] {logging_mixin.py:115} INFO - [2022-06-26 13:39:02,108] {dag.py:2371} INFO - Sync 1 DAGs
[2022-06-26 13:39:02,119] {logging_mixin.py:115} INFO - [2022-06-26 13:39:02,119] {dag.py:2919} INFO - Setting next_dagrun for 04_time_delta to 2019-01-01T00:00:00+00:00, run_after=2019-01-04T00:00:00+00:00
[2022-06-26 13:39:02,126] {processor.py:161} INFO - Processing /opt/airflow/dags/chapter03/04_time_delta.py took 0.245 seconds
[2022-06-26 13:39:32,672] {processor.py:153} INFO - Started process (PID=288) to work on /opt/airflow/dags/chapter03/04_time_delta.py
[2022-06-26 13:39:32,675] {processor.py:641} INFO - Processing file /opt/airflow/dags/chapter03/04_time_delta.py for tasks to queue
[2022-06-26 13:39:32,676] {logging_mixin.py:115} INFO - [2022-06-26 13:39:32,676] {dagbag.py:507} INFO - Filling up the DagBag from /opt/airflow/dags/chapter03/04_time_delta.py
[2022-06-26 13:39:32,857] {processor.py:651} INFO - DAG(s) dict_keys(['04_time_delta']) retrieved from /opt/airflow/dags/chapter03/04_time_delta.py
[2022-06-26 13:39:32,871] {logging_mixin.py:115} INFO - [2022-06-26 13:39:32,871] {dag.py:2371} INFO - Sync 1 DAGs
[2022-06-26 13:39:32,882] {logging_mixin.py:115} INFO - [2022-06-26 13:39:32,882] {dag.py:2919} INFO - Setting next_dagrun for 04_time_delta to 2019-01-01T00:00:00+00:00, run_after=2019-01-04T00:00:00+00:00
[2022-06-26 13:39:32,888] {processor.py:161} INFO - Processing /opt/airflow/dags/chapter03/04_time_delta.py took 0.221 seconds
[2022-06-26 13:40:03,695] {processor.py:153} INFO - Started process (PID=348) to work on /opt/airflow/dags/chapter03/04_time_delta.py
[2022-06-26 13:40:03,696] {processor.py:641} INFO - Processing file /opt/airflow/dags/chapter03/04_time_delta.py for tasks to queue
[2022-06-26 13:40:03,696] {logging_mixin.py:115} INFO - [2022-06-26 13:40:03,696] {dagbag.py:507} INFO - Filling up the DagBag from /opt/airflow/dags/chapter03/04_time_delta.py
[2022-06-26 13:40:03,896] {processor.py:651} INFO - DAG(s) dict_keys(['04_time_delta']) retrieved from /opt/airflow/dags/chapter03/04_time_delta.py
[2022-06-26 13:40:03,910] {logging_mixin.py:115} INFO - [2022-06-26 13:40:03,910] {dag.py:2371} INFO - Sync 1 DAGs
[2022-06-26 13:40:03,922] {logging_mixin.py:115} INFO - [2022-06-26 13:40:03,922] {dag.py:2919} INFO - Setting next_dagrun for 04_time_delta to 2019-01-01T00:00:00+00:00, run_after=2019-01-04T00:00:00+00:00
[2022-06-26 13:40:03,929] {processor.py:161} INFO - Processing /opt/airflow/dags/chapter03/04_time_delta.py took 0.238 seconds
[2022-06-26 13:40:34,101] {processor.py:153} INFO - Started process (PID=410) to work on /opt/airflow/dags/chapter03/04_time_delta.py
[2022-06-26 13:40:34,103] {processor.py:641} INFO - Processing file /opt/airflow/dags/chapter03/04_time_delta.py for tasks to queue
[2022-06-26 13:40:34,104] {logging_mixin.py:115} INFO - [2022-06-26 13:40:34,104] {dagbag.py:507} INFO - Filling up the DagBag from /opt/airflow/dags/chapter03/04_time_delta.py
[2022-06-26 13:40:34,304] {processor.py:651} INFO - DAG(s) dict_keys(['04_time_delta']) retrieved from /opt/airflow/dags/chapter03/04_time_delta.py
[2022-06-26 13:40:34,319] {logging_mixin.py:115} INFO - [2022-06-26 13:40:34,319] {dag.py:2371} INFO - Sync 1 DAGs
[2022-06-26 13:40:34,332] {logging_mixin.py:115} INFO - [2022-06-26 13:40:34,332] {dag.py:2919} INFO - Setting next_dagrun for 04_time_delta to 2019-01-01T00:00:00+00:00, run_after=2019-01-04T00:00:00+00:00
[2022-06-26 13:40:34,339] {processor.py:161} INFO - Processing /opt/airflow/dags/chapter03/04_time_delta.py took 0.242 seconds
[2022-06-26 13:41:05,026] {processor.py:153} INFO - Started process (PID=461) to work on /opt/airflow/dags/chapter03/04_time_delta.py
[2022-06-26 13:41:05,027] {processor.py:641} INFO - Processing file /opt/airflow/dags/chapter03/04_time_delta.py for tasks to queue
[2022-06-26 13:41:05,029] {logging_mixin.py:115} INFO - [2022-06-26 13:41:05,029] {dagbag.py:507} INFO - Filling up the DagBag from /opt/airflow/dags/chapter03/04_time_delta.py
[2022-06-26 13:41:05,225] {processor.py:651} INFO - DAG(s) dict_keys(['04_time_delta']) retrieved from /opt/airflow/dags/chapter03/04_time_delta.py
[2022-06-26 13:41:05,239] {logging_mixin.py:115} INFO - [2022-06-26 13:41:05,239] {dag.py:2371} INFO - Sync 1 DAGs
[2022-06-26 13:41:05,251] {logging_mixin.py:115} INFO - [2022-06-26 13:41:05,251] {dag.py:2919} INFO - Setting next_dagrun for 04_time_delta to 2019-01-01T00:00:00+00:00, run_after=2019-01-04T00:00:00+00:00
[2022-06-26 13:41:05,258] {processor.py:161} INFO - Processing /opt/airflow/dags/chapter03/04_time_delta.py took 0.237 seconds
[2022-06-26 13:41:35,840] {processor.py:153} INFO - Started process (PID=525) to work on /opt/airflow/dags/chapter03/04_time_delta.py
[2022-06-26 13:41:35,841] {processor.py:641} INFO - Processing file /opt/airflow/dags/chapter03/04_time_delta.py for tasks to queue
[2022-06-26 13:41:35,842] {logging_mixin.py:115} INFO - [2022-06-26 13:41:35,842] {dagbag.py:507} INFO - Filling up the DagBag from /opt/airflow/dags/chapter03/04_time_delta.py
[2022-06-26 13:41:36,018] {processor.py:651} INFO - DAG(s) dict_keys(['04_time_delta']) retrieved from /opt/airflow/dags/chapter03/04_time_delta.py
[2022-06-26 13:41:36,031] {logging_mixin.py:115} INFO - [2022-06-26 13:41:36,031] {dag.py:2371} INFO - Sync 1 DAGs
[2022-06-26 13:41:36,041] {logging_mixin.py:115} INFO - [2022-06-26 13:41:36,041] {dag.py:2919} INFO - Setting next_dagrun for 04_time_delta to 2019-01-01T00:00:00+00:00, run_after=2019-01-04T00:00:00+00:00
[2022-06-26 13:41:36,047] {processor.py:161} INFO - Processing /opt/airflow/dags/chapter03/04_time_delta.py took 0.212 seconds
[2022-06-26 13:42:06,556] {processor.py:153} INFO - Started process (PID=591) to work on /opt/airflow/dags/chapter03/04_time_delta.py
[2022-06-26 13:42:06,558] {processor.py:641} INFO - Processing file /opt/airflow/dags/chapter03/04_time_delta.py for tasks to queue
[2022-06-26 13:42:06,559] {logging_mixin.py:115} INFO - [2022-06-26 13:42:06,559] {dagbag.py:507} INFO - Filling up the DagBag from /opt/airflow/dags/chapter03/04_time_delta.py
[2022-06-26 13:42:06,736] {processor.py:651} INFO - DAG(s) dict_keys(['04_time_delta']) retrieved from /opt/airflow/dags/chapter03/04_time_delta.py
[2022-06-26 13:42:06,752] {logging_mixin.py:115} INFO - [2022-06-26 13:42:06,752] {dag.py:2371} INFO - Sync 1 DAGs
[2022-06-26 13:42:06,765] {logging_mixin.py:115} INFO - [2022-06-26 13:42:06,765] {dag.py:2919} INFO - Setting next_dagrun for 04_time_delta to 2019-01-01T00:00:00+00:00, run_after=2019-01-04T00:00:00+00:00
[2022-06-26 13:42:06,776] {processor.py:161} INFO - Processing /opt/airflow/dags/chapter03/04_time_delta.py took 0.224 seconds
[2022-06-26 13:42:37,409] {processor.py:153} INFO - Started process (PID=652) to work on /opt/airflow/dags/chapter03/04_time_delta.py
[2022-06-26 13:42:37,410] {processor.py:641} INFO - Processing file /opt/airflow/dags/chapter03/04_time_delta.py for tasks to queue
[2022-06-26 13:42:37,412] {logging_mixin.py:115} INFO - [2022-06-26 13:42:37,412] {dagbag.py:507} INFO - Filling up the DagBag from /opt/airflow/dags/chapter03/04_time_delta.py
[2022-06-26 13:42:37,638] {processor.py:651} INFO - DAG(s) dict_keys(['04_time_delta']) retrieved from /opt/airflow/dags/chapter03/04_time_delta.py
[2022-06-26 13:42:37,657] {logging_mixin.py:115} INFO - [2022-06-26 13:42:37,656] {dag.py:2371} INFO - Sync 1 DAGs
[2022-06-26 13:42:37,673] {logging_mixin.py:115} INFO - [2022-06-26 13:42:37,672] {dag.py:2919} INFO - Setting next_dagrun for 04_time_delta to 2019-01-01T00:00:00+00:00, run_after=2019-01-04T00:00:00+00:00
[2022-06-26 13:42:37,683] {processor.py:161} INFO - Processing /opt/airflow/dags/chapter03/04_time_delta.py took 0.277 seconds
[2022-06-26 13:43:08,102] {processor.py:153} INFO - Started process (PID=713) to work on /opt/airflow/dags/chapter03/04_time_delta.py
[2022-06-26 13:43:08,103] {processor.py:641} INFO - Processing file /opt/airflow/dags/chapter03/04_time_delta.py for tasks to queue
[2022-06-26 13:43:08,105] {logging_mixin.py:115} INFO - [2022-06-26 13:43:08,105] {dagbag.py:507} INFO - Filling up the DagBag from /opt/airflow/dags/chapter03/04_time_delta.py
[2022-06-26 13:43:08,280] {processor.py:651} INFO - DAG(s) dict_keys(['04_time_delta']) retrieved from /opt/airflow/dags/chapter03/04_time_delta.py
[2022-06-26 13:43:08,293] {logging_mixin.py:115} INFO - [2022-06-26 13:43:08,293] {dag.py:2371} INFO - Sync 1 DAGs
[2022-06-26 13:43:08,303] {logging_mixin.py:115} INFO - [2022-06-26 13:43:08,303] {dag.py:2919} INFO - Setting next_dagrun for 04_time_delta to 2019-01-01T00:00:00+00:00, run_after=2019-01-04T00:00:00+00:00
[2022-06-26 13:43:08,309] {processor.py:161} INFO - Processing /opt/airflow/dags/chapter03/04_time_delta.py took 0.210 seconds
[2022-06-26 13:43:38,839] {processor.py:153} INFO - Started process (PID=774) to work on /opt/airflow/dags/chapter03/04_time_delta.py
[2022-06-26 13:43:38,841] {processor.py:641} INFO - Processing file /opt/airflow/dags/chapter03/04_time_delta.py for tasks to queue
[2022-06-26 13:43:38,842] {logging_mixin.py:115} INFO - [2022-06-26 13:43:38,842] {dagbag.py:507} INFO - Filling up the DagBag from /opt/airflow/dags/chapter03/04_time_delta.py
[2022-06-26 13:43:39,017] {processor.py:651} INFO - DAG(s) dict_keys(['04_time_delta']) retrieved from /opt/airflow/dags/chapter03/04_time_delta.py
[2022-06-26 13:43:39,030] {logging_mixin.py:115} INFO - [2022-06-26 13:43:39,030] {dag.py:2371} INFO - Sync 1 DAGs
[2022-06-26 13:43:39,040] {logging_mixin.py:115} INFO - [2022-06-26 13:43:39,040] {dag.py:2919} INFO - Setting next_dagrun for 04_time_delta to 2019-01-01T00:00:00+00:00, run_after=2019-01-04T00:00:00+00:00
[2022-06-26 13:43:39,047] {processor.py:161} INFO - Processing /opt/airflow/dags/chapter03/04_time_delta.py took 0.210 seconds
[2022-06-26 13:44:09,940] {processor.py:153} INFO - Started process (PID=835) to work on /opt/airflow/dags/chapter03/04_time_delta.py
[2022-06-26 13:44:09,942] {processor.py:641} INFO - Processing file /opt/airflow/dags/chapter03/04_time_delta.py for tasks to queue
[2022-06-26 13:44:09,944] {logging_mixin.py:115} INFO - [2022-06-26 13:44:09,944] {dagbag.py:507} INFO - Filling up the DagBag from /opt/airflow/dags/chapter03/04_time_delta.py
[2022-06-26 13:44:10,224] {processor.py:651} INFO - DAG(s) dict_keys(['04_time_delta']) retrieved from /opt/airflow/dags/chapter03/04_time_delta.py
[2022-06-26 13:44:10,246] {logging_mixin.py:115} INFO - [2022-06-26 13:44:10,245] {dag.py:2371} INFO - Sync 1 DAGs
[2022-06-26 13:44:10,262] {logging_mixin.py:115} INFO - [2022-06-26 13:44:10,262] {dag.py:2919} INFO - Setting next_dagrun for 04_time_delta to 2019-01-01T00:00:00+00:00, run_after=2019-01-04T00:00:00+00:00
[2022-06-26 13:44:10,272] {processor.py:161} INFO - Processing /opt/airflow/dags/chapter03/04_time_delta.py took 0.334 seconds
[2022-06-26 13:44:40,912] {processor.py:153} INFO - Started process (PID=886) to work on /opt/airflow/dags/chapter03/04_time_delta.py
[2022-06-26 13:44:40,914] {processor.py:641} INFO - Processing file /opt/airflow/dags/chapter03/04_time_delta.py for tasks to queue
[2022-06-26 13:44:40,915] {logging_mixin.py:115} INFO - [2022-06-26 13:44:40,915] {dagbag.py:507} INFO - Filling up the DagBag from /opt/airflow/dags/chapter03/04_time_delta.py
[2022-06-26 13:44:41,156] {processor.py:651} INFO - DAG(s) dict_keys(['04_time_delta']) retrieved from /opt/airflow/dags/chapter03/04_time_delta.py
[2022-06-26 13:44:41,174] {logging_mixin.py:115} INFO - [2022-06-26 13:44:41,173] {dag.py:2371} INFO - Sync 1 DAGs
[2022-06-26 13:44:41,187] {logging_mixin.py:115} INFO - [2022-06-26 13:44:41,187] {dag.py:2919} INFO - Setting next_dagrun for 04_time_delta to 2019-01-01T00:00:00+00:00, run_after=2019-01-04T00:00:00+00:00
[2022-06-26 13:44:41,197] {processor.py:161} INFO - Processing /opt/airflow/dags/chapter03/04_time_delta.py took 0.287 seconds
[2022-06-26 13:45:11,964] {processor.py:153} INFO - Started process (PID=946) to work on /opt/airflow/dags/chapter03/04_time_delta.py
[2022-06-26 13:45:11,967] {processor.py:641} INFO - Processing file /opt/airflow/dags/chapter03/04_time_delta.py for tasks to queue
[2022-06-26 13:45:11,969] {logging_mixin.py:115} INFO - [2022-06-26 13:45:11,969] {dagbag.py:507} INFO - Filling up the DagBag from /opt/airflow/dags/chapter03/04_time_delta.py
[2022-06-26 13:45:12,164] {processor.py:651} INFO - DAG(s) dict_keys(['04_time_delta']) retrieved from /opt/airflow/dags/chapter03/04_time_delta.py
[2022-06-26 13:45:12,179] {logging_mixin.py:115} INFO - [2022-06-26 13:45:12,178] {dag.py:2371} INFO - Sync 1 DAGs
[2022-06-26 13:45:12,189] {logging_mixin.py:115} INFO - [2022-06-26 13:45:12,189] {dag.py:2919} INFO - Setting next_dagrun for 04_time_delta to 2019-01-01T00:00:00+00:00, run_after=2019-01-04T00:00:00+00:00
[2022-06-26 13:45:12,197] {processor.py:161} INFO - Processing /opt/airflow/dags/chapter03/04_time_delta.py took 0.235 seconds
[2022-06-26 13:45:42,748] {processor.py:153} INFO - Started process (PID=1006) to work on /opt/airflow/dags/chapter03/04_time_delta.py
[2022-06-26 13:45:42,749] {processor.py:641} INFO - Processing file /opt/airflow/dags/chapter03/04_time_delta.py for tasks to queue
[2022-06-26 13:45:42,751] {logging_mixin.py:115} INFO - [2022-06-26 13:45:42,751] {dagbag.py:507} INFO - Filling up the DagBag from /opt/airflow/dags/chapter03/04_time_delta.py
[2022-06-26 13:45:42,943] {processor.py:651} INFO - DAG(s) dict_keys(['04_time_delta']) retrieved from /opt/airflow/dags/chapter03/04_time_delta.py
[2022-06-26 13:45:42,958] {logging_mixin.py:115} INFO - [2022-06-26 13:45:42,958] {dag.py:2371} INFO - Sync 1 DAGs
[2022-06-26 13:45:42,970] {logging_mixin.py:115} INFO - [2022-06-26 13:45:42,970] {dag.py:2919} INFO - Setting next_dagrun for 04_time_delta to 2019-01-01T00:00:00+00:00, run_after=2019-01-04T00:00:00+00:00
[2022-06-26 13:45:42,978] {processor.py:161} INFO - Processing /opt/airflow/dags/chapter03/04_time_delta.py took 0.232 seconds
[2022-06-26 13:46:13,398] {processor.py:153} INFO - Started process (PID=1068) to work on /opt/airflow/dags/chapter03/04_time_delta.py
[2022-06-26 13:46:13,399] {processor.py:641} INFO - Processing file /opt/airflow/dags/chapter03/04_time_delta.py for tasks to queue
[2022-06-26 13:46:13,400] {logging_mixin.py:115} INFO - [2022-06-26 13:46:13,400] {dagbag.py:507} INFO - Filling up the DagBag from /opt/airflow/dags/chapter03/04_time_delta.py
[2022-06-26 13:46:13,575] {processor.py:651} INFO - DAG(s) dict_keys(['04_time_delta']) retrieved from /opt/airflow/dags/chapter03/04_time_delta.py
[2022-06-26 13:46:13,593] {logging_mixin.py:115} INFO - [2022-06-26 13:46:13,593] {dag.py:2371} INFO - Sync 1 DAGs
[2022-06-26 13:46:13,604] {logging_mixin.py:115} INFO - [2022-06-26 13:46:13,603] {dag.py:2919} INFO - Setting next_dagrun for 04_time_delta to 2019-01-01T00:00:00+00:00, run_after=2019-01-04T00:00:00+00:00
[2022-06-26 13:46:13,609] {processor.py:161} INFO - Processing /opt/airflow/dags/chapter03/04_time_delta.py took 0.213 seconds
[2022-06-26 13:46:44,120] {processor.py:153} INFO - Started process (PID=1129) to work on /opt/airflow/dags/chapter03/04_time_delta.py
[2022-06-26 13:46:44,122] {processor.py:641} INFO - Processing file /opt/airflow/dags/chapter03/04_time_delta.py for tasks to queue
[2022-06-26 13:46:44,123] {logging_mixin.py:115} INFO - [2022-06-26 13:46:44,123] {dagbag.py:507} INFO - Filling up the DagBag from /opt/airflow/dags/chapter03/04_time_delta.py
[2022-06-26 13:46:44,299] {processor.py:651} INFO - DAG(s) dict_keys(['04_time_delta']) retrieved from /opt/airflow/dags/chapter03/04_time_delta.py
[2022-06-26 13:46:44,311] {logging_mixin.py:115} INFO - [2022-06-26 13:46:44,311] {dag.py:2371} INFO - Sync 1 DAGs
[2022-06-26 13:46:44,322] {logging_mixin.py:115} INFO - [2022-06-26 13:46:44,322] {dag.py:2919} INFO - Setting next_dagrun for 04_time_delta to 2019-01-01T00:00:00+00:00, run_after=2019-01-04T00:00:00+00:00
[2022-06-26 13:46:44,329] {processor.py:161} INFO - Processing /opt/airflow/dags/chapter03/04_time_delta.py took 0.210 seconds
[2022-06-26 13:47:15,019] {processor.py:153} INFO - Started process (PID=1190) to work on /opt/airflow/dags/chapter03/04_time_delta.py
[2022-06-26 13:47:15,021] {processor.py:641} INFO - Processing file /opt/airflow/dags/chapter03/04_time_delta.py for tasks to queue
[2022-06-26 13:47:15,023] {logging_mixin.py:115} INFO - [2022-06-26 13:47:15,023] {dagbag.py:507} INFO - Filling up the DagBag from /opt/airflow/dags/chapter03/04_time_delta.py
[2022-06-26 13:47:15,219] {processor.py:651} INFO - DAG(s) dict_keys(['04_time_delta']) retrieved from /opt/airflow/dags/chapter03/04_time_delta.py
[2022-06-26 13:47:15,233] {logging_mixin.py:115} INFO - [2022-06-26 13:47:15,233] {dag.py:2371} INFO - Sync 1 DAGs
[2022-06-26 13:47:15,244] {logging_mixin.py:115} INFO - [2022-06-26 13:47:15,244] {dag.py:2919} INFO - Setting next_dagrun for 04_time_delta to 2019-01-01T00:00:00+00:00, run_after=2019-01-04T00:00:00+00:00
[2022-06-26 13:47:15,252] {processor.py:161} INFO - Processing /opt/airflow/dags/chapter03/04_time_delta.py took 0.235 seconds
[2022-06-26 13:47:46,104] {processor.py:153} INFO - Started process (PID=1251) to work on /opt/airflow/dags/chapter03/04_time_delta.py
[2022-06-26 13:47:46,106] {processor.py:641} INFO - Processing file /opt/airflow/dags/chapter03/04_time_delta.py for tasks to queue
[2022-06-26 13:47:46,107] {logging_mixin.py:115} INFO - [2022-06-26 13:47:46,107] {dagbag.py:507} INFO - Filling up the DagBag from /opt/airflow/dags/chapter03/04_time_delta.py
[2022-06-26 13:47:46,314] {processor.py:651} INFO - DAG(s) dict_keys(['04_time_delta']) retrieved from /opt/airflow/dags/chapter03/04_time_delta.py
[2022-06-26 13:47:46,329] {logging_mixin.py:115} INFO - [2022-06-26 13:47:46,329] {dag.py:2371} INFO - Sync 1 DAGs
[2022-06-26 13:47:46,341] {logging_mixin.py:115} INFO - [2022-06-26 13:47:46,341] {dag.py:2919} INFO - Setting next_dagrun for 04_time_delta to 2019-01-01T00:00:00+00:00, run_after=2019-01-04T00:00:00+00:00
[2022-06-26 13:47:46,348] {processor.py:161} INFO - Processing /opt/airflow/dags/chapter03/04_time_delta.py took 0.246 seconds
[2022-06-26 13:48:16,918] {processor.py:153} INFO - Started process (PID=1311) to work on /opt/airflow/dags/chapter03/04_time_delta.py
[2022-06-26 13:48:16,920] {processor.py:641} INFO - Processing file /opt/airflow/dags/chapter03/04_time_delta.py for tasks to queue
[2022-06-26 13:48:16,921] {logging_mixin.py:115} INFO - [2022-06-26 13:48:16,921] {dagbag.py:507} INFO - Filling up the DagBag from /opt/airflow/dags/chapter03/04_time_delta.py
[2022-06-26 13:48:17,114] {processor.py:651} INFO - DAG(s) dict_keys(['04_time_delta']) retrieved from /opt/airflow/dags/chapter03/04_time_delta.py
[2022-06-26 13:48:17,128] {logging_mixin.py:115} INFO - [2022-06-26 13:48:17,127] {dag.py:2371} INFO - Sync 1 DAGs
[2022-06-26 13:48:17,141] {logging_mixin.py:115} INFO - [2022-06-26 13:48:17,141] {dag.py:2919} INFO - Setting next_dagrun for 04_time_delta to 2019-01-01T00:00:00+00:00, run_after=2019-01-04T00:00:00+00:00
[2022-06-26 13:48:17,148] {processor.py:161} INFO - Processing /opt/airflow/dags/chapter03/04_time_delta.py took 0.233 seconds
[2022-06-26 13:48:47,682] {processor.py:153} INFO - Started process (PID=1362) to work on /opt/airflow/dags/chapter03/04_time_delta.py
[2022-06-26 13:48:47,684] {processor.py:641} INFO - Processing file /opt/airflow/dags/chapter03/04_time_delta.py for tasks to queue
[2022-06-26 13:48:47,685] {logging_mixin.py:115} INFO - [2022-06-26 13:48:47,685] {dagbag.py:507} INFO - Filling up the DagBag from /opt/airflow/dags/chapter03/04_time_delta.py
[2022-06-26 13:48:47,860] {processor.py:651} INFO - DAG(s) dict_keys(['04_time_delta']) retrieved from /opt/airflow/dags/chapter03/04_time_delta.py
[2022-06-26 13:48:47,872] {logging_mixin.py:115} INFO - [2022-06-26 13:48:47,872] {dag.py:2371} INFO - Sync 1 DAGs
[2022-06-26 13:48:47,883] {logging_mixin.py:115} INFO - [2022-06-26 13:48:47,883] {dag.py:2919} INFO - Setting next_dagrun for 04_time_delta to 2019-01-01T00:00:00+00:00, run_after=2019-01-04T00:00:00+00:00
[2022-06-26 13:48:47,890] {processor.py:161} INFO - Processing /opt/airflow/dags/chapter03/04_time_delta.py took 0.210 seconds
[2022-06-26 13:49:18,513] {processor.py:153} INFO - Started process (PID=1422) to work on /opt/airflow/dags/chapter03/04_time_delta.py
[2022-06-26 13:49:18,516] {processor.py:641} INFO - Processing file /opt/airflow/dags/chapter03/04_time_delta.py for tasks to queue
[2022-06-26 13:49:18,517] {logging_mixin.py:115} INFO - [2022-06-26 13:49:18,517] {dagbag.py:507} INFO - Filling up the DagBag from /opt/airflow/dags/chapter03/04_time_delta.py
[2022-06-26 13:49:18,726] {processor.py:651} INFO - DAG(s) dict_keys(['04_time_delta']) retrieved from /opt/airflow/dags/chapter03/04_time_delta.py
[2022-06-26 13:49:18,740] {logging_mixin.py:115} INFO - [2022-06-26 13:49:18,739] {dag.py:2371} INFO - Sync 1 DAGs
[2022-06-26 13:49:18,752] {logging_mixin.py:115} INFO - [2022-06-26 13:49:18,752] {dag.py:2919} INFO - Setting next_dagrun for 04_time_delta to 2019-01-01T00:00:00+00:00, run_after=2019-01-04T00:00:00+00:00
[2022-06-26 13:49:18,759] {processor.py:161} INFO - Processing /opt/airflow/dags/chapter03/04_time_delta.py took 0.248 seconds
[2022-06-26 13:49:49,187] {processor.py:153} INFO - Started process (PID=1483) to work on /opt/airflow/dags/chapter03/04_time_delta.py
[2022-06-26 13:49:49,188] {processor.py:641} INFO - Processing file /opt/airflow/dags/chapter03/04_time_delta.py for tasks to queue
[2022-06-26 13:49:49,190] {logging_mixin.py:115} INFO - [2022-06-26 13:49:49,190] {dagbag.py:507} INFO - Filling up the DagBag from /opt/airflow/dags/chapter03/04_time_delta.py
[2022-06-26 13:49:49,388] {processor.py:651} INFO - DAG(s) dict_keys(['04_time_delta']) retrieved from /opt/airflow/dags/chapter03/04_time_delta.py
[2022-06-26 13:49:49,403] {logging_mixin.py:115} INFO - [2022-06-26 13:49:49,403] {dag.py:2371} INFO - Sync 1 DAGs
[2022-06-26 13:49:49,416] {logging_mixin.py:115} INFO - [2022-06-26 13:49:49,416] {dag.py:2919} INFO - Setting next_dagrun for 04_time_delta to 2019-01-01T00:00:00+00:00, run_after=2019-01-04T00:00:00+00:00
[2022-06-26 13:49:49,423] {processor.py:161} INFO - Processing /opt/airflow/dags/chapter03/04_time_delta.py took 0.238 seconds
[2022-06-26 13:50:19,969] {processor.py:153} INFO - Started process (PID=1545) to work on /opt/airflow/dags/chapter03/04_time_delta.py
[2022-06-26 13:50:19,970] {processor.py:641} INFO - Processing file /opt/airflow/dags/chapter03/04_time_delta.py for tasks to queue
[2022-06-26 13:50:19,972] {logging_mixin.py:115} INFO - [2022-06-26 13:50:19,972] {dagbag.py:507} INFO - Filling up the DagBag from /opt/airflow/dags/chapter03/04_time_delta.py
[2022-06-26 13:50:20,231] {processor.py:651} INFO - DAG(s) dict_keys(['04_time_delta']) retrieved from /opt/airflow/dags/chapter03/04_time_delta.py
[2022-06-26 13:50:20,254] {logging_mixin.py:115} INFO - [2022-06-26 13:50:20,253] {dag.py:2371} INFO - Sync 1 DAGs
[2022-06-26 13:50:20,274] {logging_mixin.py:115} INFO - [2022-06-26 13:50:20,274] {dag.py:2919} INFO - Setting next_dagrun for 04_time_delta to 2019-01-01T00:00:00+00:00, run_after=2019-01-04T00:00:00+00:00
[2022-06-26 13:50:20,289] {processor.py:161} INFO - Processing /opt/airflow/dags/chapter03/04_time_delta.py took 0.322 seconds
[2022-06-26 13:50:50,766] {processor.py:153} INFO - Started process (PID=1606) to work on /opt/airflow/dags/chapter03/04_time_delta.py
[2022-06-26 13:50:50,768] {processor.py:641} INFO - Processing file /opt/airflow/dags/chapter03/04_time_delta.py for tasks to queue
[2022-06-26 13:50:50,770] {logging_mixin.py:115} INFO - [2022-06-26 13:50:50,770] {dagbag.py:507} INFO - Filling up the DagBag from /opt/airflow/dags/chapter03/04_time_delta.py
[2022-06-26 13:50:50,958] {processor.py:651} INFO - DAG(s) dict_keys(['04_time_delta']) retrieved from /opt/airflow/dags/chapter03/04_time_delta.py
[2022-06-26 13:50:50,973] {logging_mixin.py:115} INFO - [2022-06-26 13:50:50,973] {dag.py:2371} INFO - Sync 1 DAGs
[2022-06-26 13:50:50,985] {logging_mixin.py:115} INFO - [2022-06-26 13:50:50,985] {dag.py:2919} INFO - Setting next_dagrun for 04_time_delta to 2019-01-01T00:00:00+00:00, run_after=2019-01-04T00:00:00+00:00
[2022-06-26 13:50:50,993] {processor.py:161} INFO - Processing /opt/airflow/dags/chapter03/04_time_delta.py took 0.228 seconds
[2022-06-26 13:51:21,426] {processor.py:153} INFO - Started process (PID=1666) to work on /opt/airflow/dags/chapter03/04_time_delta.py
[2022-06-26 13:51:21,428] {processor.py:641} INFO - Processing file /opt/airflow/dags/chapter03/04_time_delta.py for tasks to queue
[2022-06-26 13:51:21,429] {logging_mixin.py:115} INFO - [2022-06-26 13:51:21,429] {dagbag.py:507} INFO - Filling up the DagBag from /opt/airflow/dags/chapter03/04_time_delta.py
[2022-06-26 13:51:21,619] {processor.py:651} INFO - DAG(s) dict_keys(['04_time_delta']) retrieved from /opt/airflow/dags/chapter03/04_time_delta.py
[2022-06-26 13:51:21,632] {logging_mixin.py:115} INFO - [2022-06-26 13:51:21,632] {dag.py:2371} INFO - Sync 1 DAGs
[2022-06-26 13:51:21,644] {logging_mixin.py:115} INFO - [2022-06-26 13:51:21,643] {dag.py:2919} INFO - Setting next_dagrun for 04_time_delta to 2019-01-01T00:00:00+00:00, run_after=2019-01-04T00:00:00+00:00
[2022-06-26 13:51:21,650] {processor.py:161} INFO - Processing /opt/airflow/dags/chapter03/04_time_delta.py took 0.227 seconds
[2022-06-26 13:51:52,188] {processor.py:153} INFO - Started process (PID=1726) to work on /opt/airflow/dags/chapter03/04_time_delta.py
[2022-06-26 13:51:52,189] {processor.py:641} INFO - Processing file /opt/airflow/dags/chapter03/04_time_delta.py for tasks to queue
[2022-06-26 13:51:52,191] {logging_mixin.py:115} INFO - [2022-06-26 13:51:52,191] {dagbag.py:507} INFO - Filling up the DagBag from /opt/airflow/dags/chapter03/04_time_delta.py
[2022-06-26 13:51:52,374] {processor.py:651} INFO - DAG(s) dict_keys(['04_time_delta']) retrieved from /opt/airflow/dags/chapter03/04_time_delta.py
[2022-06-26 13:51:52,387] {logging_mixin.py:115} INFO - [2022-06-26 13:51:52,387] {dag.py:2371} INFO - Sync 1 DAGs
[2022-06-26 13:51:52,399] {logging_mixin.py:115} INFO - [2022-06-26 13:51:52,398] {dag.py:2919} INFO - Setting next_dagrun for 04_time_delta to 2019-01-01T00:00:00+00:00, run_after=2019-01-04T00:00:00+00:00
[2022-06-26 13:51:52,405] {processor.py:161} INFO - Processing /opt/airflow/dags/chapter03/04_time_delta.py took 0.218 seconds
[2022-06-26 13:52:23,031] {processor.py:153} INFO - Started process (PID=1777) to work on /opt/airflow/dags/chapter03/04_time_delta.py
[2022-06-26 13:52:23,032] {processor.py:641} INFO - Processing file /opt/airflow/dags/chapter03/04_time_delta.py for tasks to queue
[2022-06-26 13:52:23,033] {logging_mixin.py:115} INFO - [2022-06-26 13:52:23,033] {dagbag.py:507} INFO - Filling up the DagBag from /opt/airflow/dags/chapter03/04_time_delta.py
[2022-06-26 13:52:23,252] {processor.py:651} INFO - DAG(s) dict_keys(['04_time_delta']) retrieved from /opt/airflow/dags/chapter03/04_time_delta.py
[2022-06-26 13:52:23,270] {logging_mixin.py:115} INFO - [2022-06-26 13:52:23,270] {dag.py:2371} INFO - Sync 1 DAGs
[2022-06-26 13:52:23,283] {logging_mixin.py:115} INFO - [2022-06-26 13:52:23,283] {dag.py:2919} INFO - Setting next_dagrun for 04_time_delta to 2019-01-01T00:00:00+00:00, run_after=2019-01-04T00:00:00+00:00
[2022-06-26 13:52:23,290] {processor.py:161} INFO - Processing /opt/airflow/dags/chapter03/04_time_delta.py took 0.261 seconds
[2022-06-26 13:52:54,104] {processor.py:153} INFO - Started process (PID=1837) to work on /opt/airflow/dags/chapter03/04_time_delta.py
[2022-06-26 13:52:54,105] {processor.py:641} INFO - Processing file /opt/airflow/dags/chapter03/04_time_delta.py for tasks to queue
[2022-06-26 13:52:54,106] {logging_mixin.py:115} INFO - [2022-06-26 13:52:54,106] {dagbag.py:507} INFO - Filling up the DagBag from /opt/airflow/dags/chapter03/04_time_delta.py
[2022-06-26 13:52:54,283] {processor.py:651} INFO - DAG(s) dict_keys(['04_time_delta']) retrieved from /opt/airflow/dags/chapter03/04_time_delta.py
[2022-06-26 13:52:54,295] {logging_mixin.py:115} INFO - [2022-06-26 13:52:54,295] {dag.py:2371} INFO - Sync 1 DAGs
[2022-06-26 13:52:54,306] {logging_mixin.py:115} INFO - [2022-06-26 13:52:54,306] {dag.py:2919} INFO - Setting next_dagrun for 04_time_delta to 2019-01-01T00:00:00+00:00, run_after=2019-01-04T00:00:00+00:00
[2022-06-26 13:52:54,312] {processor.py:161} INFO - Processing /opt/airflow/dags/chapter03/04_time_delta.py took 0.210 seconds
[2022-06-26 13:53:24,865] {processor.py:153} INFO - Started process (PID=1898) to work on /opt/airflow/dags/chapter03/04_time_delta.py
[2022-06-26 13:53:24,867] {processor.py:641} INFO - Processing file /opt/airflow/dags/chapter03/04_time_delta.py for tasks to queue
[2022-06-26 13:53:24,868] {logging_mixin.py:115} INFO - [2022-06-26 13:53:24,867] {dagbag.py:507} INFO - Filling up the DagBag from /opt/airflow/dags/chapter03/04_time_delta.py
[2022-06-26 13:53:25,063] {processor.py:651} INFO - DAG(s) dict_keys(['04_time_delta']) retrieved from /opt/airflow/dags/chapter03/04_time_delta.py
[2022-06-26 13:53:25,077] {logging_mixin.py:115} INFO - [2022-06-26 13:53:25,077] {dag.py:2371} INFO - Sync 1 DAGs
[2022-06-26 13:53:25,089] {logging_mixin.py:115} INFO - [2022-06-26 13:53:25,089] {dag.py:2919} INFO - Setting next_dagrun for 04_time_delta to 2019-01-01T00:00:00+00:00, run_after=2019-01-04T00:00:00+00:00
[2022-06-26 13:53:25,097] {processor.py:161} INFO - Processing /opt/airflow/dags/chapter03/04_time_delta.py took 0.234 seconds
[2022-06-26 13:53:55,770] {processor.py:153} INFO - Started process (PID=1959) to work on /opt/airflow/dags/chapter03/04_time_delta.py
[2022-06-26 13:53:55,771] {processor.py:641} INFO - Processing file /opt/airflow/dags/chapter03/04_time_delta.py for tasks to queue
[2022-06-26 13:53:55,773] {logging_mixin.py:115} INFO - [2022-06-26 13:53:55,773] {dagbag.py:507} INFO - Filling up the DagBag from /opt/airflow/dags/chapter03/04_time_delta.py
[2022-06-26 13:53:55,989] {processor.py:651} INFO - DAG(s) dict_keys(['04_time_delta']) retrieved from /opt/airflow/dags/chapter03/04_time_delta.py
[2022-06-26 13:53:56,004] {logging_mixin.py:115} INFO - [2022-06-26 13:53:56,004] {dag.py:2371} INFO - Sync 1 DAGs
[2022-06-26 13:53:56,015] {logging_mixin.py:115} INFO - [2022-06-26 13:53:56,015] {dag.py:2919} INFO - Setting next_dagrun for 04_time_delta to 2019-01-01T00:00:00+00:00, run_after=2019-01-04T00:00:00+00:00
[2022-06-26 13:53:56,021] {processor.py:161} INFO - Processing /opt/airflow/dags/chapter03/04_time_delta.py took 0.254 seconds
[2022-06-26 13:54:26,812] {processor.py:153} INFO - Started process (PID=2019) to work on /opt/airflow/dags/chapter03/04_time_delta.py
[2022-06-26 13:54:26,814] {processor.py:641} INFO - Processing file /opt/airflow/dags/chapter03/04_time_delta.py for tasks to queue
[2022-06-26 13:54:26,815] {logging_mixin.py:115} INFO - [2022-06-26 13:54:26,815] {dagbag.py:507} INFO - Filling up the DagBag from /opt/airflow/dags/chapter03/04_time_delta.py
[2022-06-26 13:54:26,991] {processor.py:651} INFO - DAG(s) dict_keys(['04_time_delta']) retrieved from /opt/airflow/dags/chapter03/04_time_delta.py
[2022-06-26 13:54:27,004] {logging_mixin.py:115} INFO - [2022-06-26 13:54:27,004] {dag.py:2371} INFO - Sync 1 DAGs
[2022-06-26 13:54:27,014] {logging_mixin.py:115} INFO - [2022-06-26 13:54:27,014] {dag.py:2919} INFO - Setting next_dagrun for 04_time_delta to 2019-01-01T00:00:00+00:00, run_after=2019-01-04T00:00:00+00:00
[2022-06-26 13:54:27,020] {processor.py:161} INFO - Processing /opt/airflow/dags/chapter03/04_time_delta.py took 0.210 seconds
[2022-06-26 13:54:57,660] {processor.py:153} INFO - Started process (PID=2080) to work on /opt/airflow/dags/chapter03/04_time_delta.py
[2022-06-26 13:54:57,662] {processor.py:641} INFO - Processing file /opt/airflow/dags/chapter03/04_time_delta.py for tasks to queue
[2022-06-26 13:54:57,663] {logging_mixin.py:115} INFO - [2022-06-26 13:54:57,663] {dagbag.py:507} INFO - Filling up the DagBag from /opt/airflow/dags/chapter03/04_time_delta.py
[2022-06-26 13:54:57,840] {processor.py:651} INFO - DAG(s) dict_keys(['04_time_delta']) retrieved from /opt/airflow/dags/chapter03/04_time_delta.py
[2022-06-26 13:54:57,853] {logging_mixin.py:115} INFO - [2022-06-26 13:54:57,853] {dag.py:2371} INFO - Sync 1 DAGs
[2022-06-26 13:54:57,865] {logging_mixin.py:115} INFO - [2022-06-26 13:54:57,865] {dag.py:2919} INFO - Setting next_dagrun for 04_time_delta to 2019-01-01T00:00:00+00:00, run_after=2019-01-04T00:00:00+00:00
[2022-06-26 13:54:57,873] {processor.py:161} INFO - Processing /opt/airflow/dags/chapter03/04_time_delta.py took 0.215 seconds
[2022-06-26 13:55:28,552] {processor.py:153} INFO - Started process (PID=2140) to work on /opt/airflow/dags/chapter03/04_time_delta.py
[2022-06-26 13:55:28,554] {processor.py:641} INFO - Processing file /opt/airflow/dags/chapter03/04_time_delta.py for tasks to queue
[2022-06-26 13:55:28,555] {logging_mixin.py:115} INFO - [2022-06-26 13:55:28,555] {dagbag.py:507} INFO - Filling up the DagBag from /opt/airflow/dags/chapter03/04_time_delta.py
[2022-06-26 13:55:28,747] {processor.py:651} INFO - DAG(s) dict_keys(['04_time_delta']) retrieved from /opt/airflow/dags/chapter03/04_time_delta.py
[2022-06-26 13:55:28,763] {logging_mixin.py:115} INFO - [2022-06-26 13:55:28,762] {dag.py:2371} INFO - Sync 1 DAGs
[2022-06-26 13:55:28,777] {logging_mixin.py:115} INFO - [2022-06-26 13:55:28,777] {dag.py:2919} INFO - Setting next_dagrun for 04_time_delta to 2019-01-01T00:00:00+00:00, run_after=2019-01-04T00:00:00+00:00
[2022-06-26 13:55:28,786] {processor.py:161} INFO - Processing /opt/airflow/dags/chapter03/04_time_delta.py took 0.237 seconds
[2022-06-26 13:55:59,763] {processor.py:153} INFO - Started process (PID=2201) to work on /opt/airflow/dags/chapter03/04_time_delta.py
[2022-06-26 13:55:59,767] {processor.py:641} INFO - Processing file /opt/airflow/dags/chapter03/04_time_delta.py for tasks to queue
[2022-06-26 13:55:59,768] {logging_mixin.py:115} INFO - [2022-06-26 13:55:59,768] {dagbag.py:507} INFO - Filling up the DagBag from /opt/airflow/dags/chapter03/04_time_delta.py
[2022-06-26 13:55:59,972] {processor.py:651} INFO - DAG(s) dict_keys(['04_time_delta']) retrieved from /opt/airflow/dags/chapter03/04_time_delta.py
[2022-06-26 13:55:59,989] {logging_mixin.py:115} INFO - [2022-06-26 13:55:59,989] {dag.py:2371} INFO - Sync 1 DAGs
[2022-06-26 13:56:00,002] {logging_mixin.py:115} INFO - [2022-06-26 13:56:00,002] {dag.py:2919} INFO - Setting next_dagrun for 04_time_delta to 2019-01-01T00:00:00+00:00, run_after=2019-01-04T00:00:00+00:00
[2022-06-26 13:56:00,010] {processor.py:161} INFO - Processing /opt/airflow/dags/chapter03/04_time_delta.py took 0.251 seconds
[2022-06-26 13:56:30,595] {processor.py:153} INFO - Started process (PID=2251) to work on /opt/airflow/dags/chapter03/04_time_delta.py
[2022-06-26 13:56:30,597] {processor.py:641} INFO - Processing file /opt/airflow/dags/chapter03/04_time_delta.py for tasks to queue
[2022-06-26 13:56:30,599] {logging_mixin.py:115} INFO - [2022-06-26 13:56:30,599] {dagbag.py:507} INFO - Filling up the DagBag from /opt/airflow/dags/chapter03/04_time_delta.py
[2022-06-26 13:56:30,821] {processor.py:651} INFO - DAG(s) dict_keys(['04_time_delta']) retrieved from /opt/airflow/dags/chapter03/04_time_delta.py
[2022-06-26 13:56:30,836] {logging_mixin.py:115} INFO - [2022-06-26 13:56:30,835] {dag.py:2371} INFO - Sync 1 DAGs
[2022-06-26 13:56:30,847] {logging_mixin.py:115} INFO - [2022-06-26 13:56:30,847] {dag.py:2919} INFO - Setting next_dagrun for 04_time_delta to 2019-01-01T00:00:00+00:00, run_after=2019-01-04T00:00:00+00:00
[2022-06-26 13:56:30,854] {processor.py:161} INFO - Processing /opt/airflow/dags/chapter03/04_time_delta.py took 0.262 seconds
[2022-06-26 13:57:01,574] {processor.py:153} INFO - Started process (PID=2314) to work on /opt/airflow/dags/chapter03/04_time_delta.py
[2022-06-26 13:57:01,577] {processor.py:641} INFO - Processing file /opt/airflow/dags/chapter03/04_time_delta.py for tasks to queue
[2022-06-26 13:57:01,579] {logging_mixin.py:115} INFO - [2022-06-26 13:57:01,579] {dagbag.py:507} INFO - Filling up the DagBag from /opt/airflow/dags/chapter03/04_time_delta.py
[2022-06-26 13:57:01,823] {processor.py:651} INFO - DAG(s) dict_keys(['04_time_delta']) retrieved from /opt/airflow/dags/chapter03/04_time_delta.py
[2022-06-26 13:57:01,844] {logging_mixin.py:115} INFO - [2022-06-26 13:57:01,844] {dag.py:2371} INFO - Sync 1 DAGs
[2022-06-26 13:57:01,862] {logging_mixin.py:115} INFO - [2022-06-26 13:57:01,862] {dag.py:2919} INFO - Setting next_dagrun for 04_time_delta to 2019-01-01T00:00:00+00:00, run_after=2019-01-04T00:00:00+00:00
[2022-06-26 13:57:01,877] {processor.py:161} INFO - Processing /opt/airflow/dags/chapter03/04_time_delta.py took 0.305 seconds
[2022-06-26 13:57:31,946] {processor.py:153} INFO - Started process (PID=2375) to work on /opt/airflow/dags/chapter03/04_time_delta.py
[2022-06-26 13:57:31,947] {processor.py:641} INFO - Processing file /opt/airflow/dags/chapter03/04_time_delta.py for tasks to queue
[2022-06-26 13:57:31,948] {logging_mixin.py:115} INFO - [2022-06-26 13:57:31,948] {dagbag.py:507} INFO - Filling up the DagBag from /opt/airflow/dags/chapter03/04_time_delta.py
[2022-06-26 13:57:32,122] {processor.py:651} INFO - DAG(s) dict_keys(['04_time_delta']) retrieved from /opt/airflow/dags/chapter03/04_time_delta.py
[2022-06-26 13:57:32,135] {logging_mixin.py:115} INFO - [2022-06-26 13:57:32,134] {dag.py:2371} INFO - Sync 1 DAGs
[2022-06-26 13:57:32,145] {logging_mixin.py:115} INFO - [2022-06-26 13:57:32,145] {dag.py:2919} INFO - Setting next_dagrun for 04_time_delta to 2019-01-01T00:00:00+00:00, run_after=2019-01-04T00:00:00+00:00
[2022-06-26 13:57:32,151] {processor.py:161} INFO - Processing /opt/airflow/dags/chapter03/04_time_delta.py took 0.207 seconds
[2022-06-26 13:58:02,789] {processor.py:153} INFO - Started process (PID=2436) to work on /opt/airflow/dags/chapter03/04_time_delta.py
[2022-06-26 13:58:02,790] {processor.py:641} INFO - Processing file /opt/airflow/dags/chapter03/04_time_delta.py for tasks to queue
[2022-06-26 13:58:02,791] {logging_mixin.py:115} INFO - [2022-06-26 13:58:02,791] {dagbag.py:507} INFO - Filling up the DagBag from /opt/airflow/dags/chapter03/04_time_delta.py
[2022-06-26 13:58:02,983] {processor.py:651} INFO - DAG(s) dict_keys(['04_time_delta']) retrieved from /opt/airflow/dags/chapter03/04_time_delta.py
[2022-06-26 13:58:02,998] {logging_mixin.py:115} INFO - [2022-06-26 13:58:02,998] {dag.py:2371} INFO - Sync 1 DAGs
[2022-06-26 13:58:03,011] {logging_mixin.py:115} INFO - [2022-06-26 13:58:03,011] {dag.py:2919} INFO - Setting next_dagrun for 04_time_delta to 2019-01-01T00:00:00+00:00, run_after=2019-01-04T00:00:00+00:00
[2022-06-26 13:58:03,017] {processor.py:161} INFO - Processing /opt/airflow/dags/chapter03/04_time_delta.py took 0.231 seconds
[2022-06-26 13:58:33,735] {processor.py:153} INFO - Started process (PID=2497) to work on /opt/airflow/dags/chapter03/04_time_delta.py
[2022-06-26 13:58:33,737] {processor.py:641} INFO - Processing file /opt/airflow/dags/chapter03/04_time_delta.py for tasks to queue
[2022-06-26 13:58:33,738] {logging_mixin.py:115} INFO - [2022-06-26 13:58:33,738] {dagbag.py:507} INFO - Filling up the DagBag from /opt/airflow/dags/chapter03/04_time_delta.py
[2022-06-26 13:58:33,976] {processor.py:651} INFO - DAG(s) dict_keys(['04_time_delta']) retrieved from /opt/airflow/dags/chapter03/04_time_delta.py
[2022-06-26 13:58:33,993] {logging_mixin.py:115} INFO - [2022-06-26 13:58:33,993] {dag.py:2371} INFO - Sync 1 DAGs
[2022-06-26 13:58:34,007] {logging_mixin.py:115} INFO - [2022-06-26 13:58:34,007] {dag.py:2919} INFO - Setting next_dagrun for 04_time_delta to 2019-01-01T00:00:00+00:00, run_after=2019-01-04T00:00:00+00:00
[2022-06-26 13:58:34,015] {processor.py:161} INFO - Processing /opt/airflow/dags/chapter03/04_time_delta.py took 0.283 seconds
[2022-06-26 13:59:04,846] {processor.py:153} INFO - Started process (PID=2557) to work on /opt/airflow/dags/chapter03/04_time_delta.py
[2022-06-26 13:59:04,848] {processor.py:641} INFO - Processing file /opt/airflow/dags/chapter03/04_time_delta.py for tasks to queue
[2022-06-26 13:59:04,849] {logging_mixin.py:115} INFO - [2022-06-26 13:59:04,849] {dagbag.py:507} INFO - Filling up the DagBag from /opt/airflow/dags/chapter03/04_time_delta.py
[2022-06-26 13:59:05,039] {processor.py:651} INFO - DAG(s) dict_keys(['04_time_delta']) retrieved from /opt/airflow/dags/chapter03/04_time_delta.py
[2022-06-26 13:59:05,053] {logging_mixin.py:115} INFO - [2022-06-26 13:59:05,053] {dag.py:2371} INFO - Sync 1 DAGs
[2022-06-26 13:59:05,066] {logging_mixin.py:115} INFO - [2022-06-26 13:59:05,066] {dag.py:2919} INFO - Setting next_dagrun for 04_time_delta to 2019-01-01T00:00:00+00:00, run_after=2019-01-04T00:00:00+00:00
[2022-06-26 13:59:05,073] {processor.py:161} INFO - Processing /opt/airflow/dags/chapter03/04_time_delta.py took 0.229 seconds
[2022-06-26 13:59:35,428] {processor.py:153} INFO - Started process (PID=2618) to work on /opt/airflow/dags/chapter03/04_time_delta.py
[2022-06-26 13:59:35,432] {processor.py:641} INFO - Processing file /opt/airflow/dags/chapter03/04_time_delta.py for tasks to queue
[2022-06-26 13:59:35,436] {logging_mixin.py:115} INFO - [2022-06-26 13:59:35,435] {dagbag.py:507} INFO - Filling up the DagBag from /opt/airflow/dags/chapter03/04_time_delta.py
[2022-06-26 13:59:35,718] {processor.py:651} INFO - DAG(s) dict_keys(['04_time_delta']) retrieved from /opt/airflow/dags/chapter03/04_time_delta.py
[2022-06-26 13:59:35,737] {logging_mixin.py:115} INFO - [2022-06-26 13:59:35,737] {dag.py:2371} INFO - Sync 1 DAGs
[2022-06-26 13:59:35,757] {logging_mixin.py:115} INFO - [2022-06-26 13:59:35,757] {dag.py:2919} INFO - Setting next_dagrun for 04_time_delta to 2019-01-01T00:00:00+00:00, run_after=2019-01-04T00:00:00+00:00
[2022-06-26 13:59:35,770] {processor.py:161} INFO - Processing /opt/airflow/dags/chapter03/04_time_delta.py took 0.347 seconds
[2022-06-26 14:00:06,224] {processor.py:153} INFO - Started process (PID=2668) to work on /opt/airflow/dags/chapter03/04_time_delta.py
[2022-06-26 14:00:06,227] {processor.py:641} INFO - Processing file /opt/airflow/dags/chapter03/04_time_delta.py for tasks to queue
[2022-06-26 14:00:06,229] {logging_mixin.py:115} INFO - [2022-06-26 14:00:06,229] {dagbag.py:507} INFO - Filling up the DagBag from /opt/airflow/dags/chapter03/04_time_delta.py
[2022-06-26 14:00:06,419] {processor.py:651} INFO - DAG(s) dict_keys(['04_time_delta']) retrieved from /opt/airflow/dags/chapter03/04_time_delta.py
[2022-06-26 14:00:06,435] {logging_mixin.py:115} INFO - [2022-06-26 14:00:06,434] {dag.py:2371} INFO - Sync 1 DAGs
[2022-06-26 14:00:06,448] {logging_mixin.py:115} INFO - [2022-06-26 14:00:06,448] {dag.py:2919} INFO - Setting next_dagrun for 04_time_delta to 2019-01-01T00:00:00+00:00, run_after=2019-01-04T00:00:00+00:00
[2022-06-26 14:00:06,454] {processor.py:161} INFO - Processing /opt/airflow/dags/chapter03/04_time_delta.py took 0.233 seconds
[2022-06-26 14:00:36,935] {processor.py:153} INFO - Started process (PID=2732) to work on /opt/airflow/dags/chapter03/04_time_delta.py
[2022-06-26 14:00:36,937] {processor.py:641} INFO - Processing file /opt/airflow/dags/chapter03/04_time_delta.py for tasks to queue
[2022-06-26 14:00:36,939] {logging_mixin.py:115} INFO - [2022-06-26 14:00:36,939] {dagbag.py:507} INFO - Filling up the DagBag from /opt/airflow/dags/chapter03/04_time_delta.py
[2022-06-26 14:00:37,153] {processor.py:651} INFO - DAG(s) dict_keys(['04_time_delta']) retrieved from /opt/airflow/dags/chapter03/04_time_delta.py
[2022-06-26 14:00:37,170] {logging_mixin.py:115} INFO - [2022-06-26 14:00:37,170] {dag.py:2371} INFO - Sync 1 DAGs
[2022-06-26 14:00:37,183] {logging_mixin.py:115} INFO - [2022-06-26 14:00:37,183] {dag.py:2919} INFO - Setting next_dagrun for 04_time_delta to 2019-01-01T00:00:00+00:00, run_after=2019-01-04T00:00:00+00:00
[2022-06-26 14:00:37,190] {processor.py:161} INFO - Processing /opt/airflow/dags/chapter03/04_time_delta.py took 0.257 seconds
[2022-06-26 14:01:07,752] {processor.py:153} INFO - Started process (PID=2793) to work on /opt/airflow/dags/chapter03/04_time_delta.py
[2022-06-26 14:01:07,754] {processor.py:641} INFO - Processing file /opt/airflow/dags/chapter03/04_time_delta.py for tasks to queue
[2022-06-26 14:01:07,756] {logging_mixin.py:115} INFO - [2022-06-26 14:01:07,756] {dagbag.py:507} INFO - Filling up the DagBag from /opt/airflow/dags/chapter03/04_time_delta.py
[2022-06-26 14:01:07,944] {processor.py:651} INFO - DAG(s) dict_keys(['04_time_delta']) retrieved from /opt/airflow/dags/chapter03/04_time_delta.py
[2022-06-26 14:01:07,959] {logging_mixin.py:115} INFO - [2022-06-26 14:01:07,958] {dag.py:2371} INFO - Sync 1 DAGs
[2022-06-26 14:01:07,971] {logging_mixin.py:115} INFO - [2022-06-26 14:01:07,971] {dag.py:2919} INFO - Setting next_dagrun for 04_time_delta to 2019-01-01T00:00:00+00:00, run_after=2019-01-04T00:00:00+00:00
[2022-06-26 14:01:07,978] {processor.py:161} INFO - Processing /opt/airflow/dags/chapter03/04_time_delta.py took 0.227 seconds
[2022-06-26 14:01:38,189] {processor.py:153} INFO - Started process (PID=2854) to work on /opt/airflow/dags/chapter03/04_time_delta.py
[2022-06-26 14:01:38,190] {processor.py:641} INFO - Processing file /opt/airflow/dags/chapter03/04_time_delta.py for tasks to queue
[2022-06-26 14:01:38,192] {logging_mixin.py:115} INFO - [2022-06-26 14:01:38,192] {dagbag.py:507} INFO - Filling up the DagBag from /opt/airflow/dags/chapter03/04_time_delta.py
[2022-06-26 14:01:38,447] {processor.py:651} INFO - DAG(s) dict_keys(['04_time_delta']) retrieved from /opt/airflow/dags/chapter03/04_time_delta.py
[2022-06-26 14:01:38,471] {logging_mixin.py:115} INFO - [2022-06-26 14:01:38,470] {dag.py:2371} INFO - Sync 1 DAGs
[2022-06-26 14:01:38,492] {logging_mixin.py:115} INFO - [2022-06-26 14:01:38,492] {dag.py:2919} INFO - Setting next_dagrun for 04_time_delta to 2019-01-01T00:00:00+00:00, run_after=2019-01-04T00:00:00+00:00
[2022-06-26 14:01:38,505] {processor.py:161} INFO - Processing /opt/airflow/dags/chapter03/04_time_delta.py took 0.319 seconds
[2022-06-26 14:02:09,314] {processor.py:153} INFO - Started process (PID=2915) to work on /opt/airflow/dags/chapter03/04_time_delta.py
[2022-06-26 14:02:09,316] {processor.py:641} INFO - Processing file /opt/airflow/dags/chapter03/04_time_delta.py for tasks to queue
[2022-06-26 14:02:09,318] {logging_mixin.py:115} INFO - [2022-06-26 14:02:09,318] {dagbag.py:507} INFO - Filling up the DagBag from /opt/airflow/dags/chapter03/04_time_delta.py
[2022-06-26 14:02:09,546] {processor.py:651} INFO - DAG(s) dict_keys(['04_time_delta']) retrieved from /opt/airflow/dags/chapter03/04_time_delta.py
[2022-06-26 14:02:09,566] {logging_mixin.py:115} INFO - [2022-06-26 14:02:09,566] {dag.py:2371} INFO - Sync 1 DAGs
[2022-06-26 14:02:09,581] {logging_mixin.py:115} INFO - [2022-06-26 14:02:09,581] {dag.py:2919} INFO - Setting next_dagrun for 04_time_delta to 2019-01-01T00:00:00+00:00, run_after=2019-01-04T00:00:00+00:00
[2022-06-26 14:02:09,593] {processor.py:161} INFO - Processing /opt/airflow/dags/chapter03/04_time_delta.py took 0.282 seconds
[2022-06-26 14:02:40,270] {processor.py:153} INFO - Started process (PID=2976) to work on /opt/airflow/dags/chapter03/04_time_delta.py
[2022-06-26 14:02:40,275] {processor.py:641} INFO - Processing file /opt/airflow/dags/chapter03/04_time_delta.py for tasks to queue
[2022-06-26 14:02:40,278] {logging_mixin.py:115} INFO - [2022-06-26 14:02:40,278] {dagbag.py:507} INFO - Filling up the DagBag from /opt/airflow/dags/chapter03/04_time_delta.py
[2022-06-26 14:02:40,508] {processor.py:651} INFO - DAG(s) dict_keys(['04_time_delta']) retrieved from /opt/airflow/dags/chapter03/04_time_delta.py
[2022-06-26 14:02:40,526] {logging_mixin.py:115} INFO - [2022-06-26 14:02:40,526] {dag.py:2371} INFO - Sync 1 DAGs
[2022-06-26 14:02:40,539] {logging_mixin.py:115} INFO - [2022-06-26 14:02:40,539] {dag.py:2919} INFO - Setting next_dagrun for 04_time_delta to 2019-01-01T00:00:00+00:00, run_after=2019-01-04T00:00:00+00:00
[2022-06-26 14:02:40,547] {processor.py:161} INFO - Processing /opt/airflow/dags/chapter03/04_time_delta.py took 0.280 seconds
[2022-06-26 14:03:11,353] {processor.py:153} INFO - Started process (PID=3037) to work on /opt/airflow/dags/chapter03/04_time_delta.py
[2022-06-26 14:03:11,355] {processor.py:641} INFO - Processing file /opt/airflow/dags/chapter03/04_time_delta.py for tasks to queue
[2022-06-26 14:03:11,357] {logging_mixin.py:115} INFO - [2022-06-26 14:03:11,357] {dagbag.py:507} INFO - Filling up the DagBag from /opt/airflow/dags/chapter03/04_time_delta.py
[2022-06-26 14:03:11,555] {processor.py:651} INFO - DAG(s) dict_keys(['04_time_delta']) retrieved from /opt/airflow/dags/chapter03/04_time_delta.py
[2022-06-26 14:03:11,584] {logging_mixin.py:115} INFO - [2022-06-26 14:03:11,584] {dag.py:2371} INFO - Sync 1 DAGs
[2022-06-26 14:03:11,595] {logging_mixin.py:115} INFO - [2022-06-26 14:03:11,595] {dag.py:2919} INFO - Setting next_dagrun for 04_time_delta to 2019-01-01T00:00:00+00:00, run_after=2019-01-04T00:00:00+00:00
[2022-06-26 14:03:11,603] {processor.py:161} INFO - Processing /opt/airflow/dags/chapter03/04_time_delta.py took 0.253 seconds
[2022-06-26 14:03:42,056] {processor.py:153} INFO - Started process (PID=3095) to work on /opt/airflow/dags/chapter03/04_time_delta.py
[2022-06-26 14:03:42,059] {processor.py:641} INFO - Processing file /opt/airflow/dags/chapter03/04_time_delta.py for tasks to queue
[2022-06-26 14:03:42,062] {logging_mixin.py:115} INFO - [2022-06-26 14:03:42,062] {dagbag.py:507} INFO - Filling up the DagBag from /opt/airflow/dags/chapter03/04_time_delta.py
[2022-06-26 14:03:42,274] {processor.py:651} INFO - DAG(s) dict_keys(['04_time_delta']) retrieved from /opt/airflow/dags/chapter03/04_time_delta.py
[2022-06-26 14:03:42,295] {logging_mixin.py:115} INFO - [2022-06-26 14:03:42,294] {dag.py:2371} INFO - Sync 1 DAGs
[2022-06-26 14:03:42,309] {logging_mixin.py:115} INFO - [2022-06-26 14:03:42,309] {dag.py:2919} INFO - Setting next_dagrun for 04_time_delta to 2019-01-01T00:00:00+00:00, run_after=2019-01-04T00:00:00+00:00
[2022-06-26 14:03:42,320] {processor.py:161} INFO - Processing /opt/airflow/dags/chapter03/04_time_delta.py took 0.267 seconds
[2022-06-26 14:04:13,180] {processor.py:153} INFO - Started process (PID=3149) to work on /opt/airflow/dags/chapter03/04_time_delta.py
[2022-06-26 14:04:13,184] {processor.py:641} INFO - Processing file /opt/airflow/dags/chapter03/04_time_delta.py for tasks to queue
[2022-06-26 14:04:13,186] {logging_mixin.py:115} INFO - [2022-06-26 14:04:13,186] {dagbag.py:507} INFO - Filling up the DagBag from /opt/airflow/dags/chapter03/04_time_delta.py
[2022-06-26 14:04:13,411] {processor.py:651} INFO - DAG(s) dict_keys(['04_time_delta']) retrieved from /opt/airflow/dags/chapter03/04_time_delta.py
[2022-06-26 14:04:13,429] {logging_mixin.py:115} INFO - [2022-06-26 14:04:13,429] {dag.py:2371} INFO - Sync 1 DAGs
[2022-06-26 14:04:13,442] {logging_mixin.py:115} INFO - [2022-06-26 14:04:13,442] {dag.py:2919} INFO - Setting next_dagrun for 04_time_delta to 2019-01-01T00:00:00+00:00, run_after=2019-01-04T00:00:00+00:00
[2022-06-26 14:04:13,450] {processor.py:161} INFO - Processing /opt/airflow/dags/chapter03/04_time_delta.py took 0.273 seconds
[2022-06-26 14:04:44,124] {processor.py:153} INFO - Started process (PID=3211) to work on /opt/airflow/dags/chapter03/04_time_delta.py
[2022-06-26 14:04:44,126] {processor.py:641} INFO - Processing file /opt/airflow/dags/chapter03/04_time_delta.py for tasks to queue
[2022-06-26 14:04:44,127] {logging_mixin.py:115} INFO - [2022-06-26 14:04:44,127] {dagbag.py:507} INFO - Filling up the DagBag from /opt/airflow/dags/chapter03/04_time_delta.py
[2022-06-26 14:04:44,348] {processor.py:651} INFO - DAG(s) dict_keys(['04_time_delta']) retrieved from /opt/airflow/dags/chapter03/04_time_delta.py
[2022-06-26 14:04:44,364] {logging_mixin.py:115} INFO - [2022-06-26 14:04:44,364] {dag.py:2371} INFO - Sync 1 DAGs
[2022-06-26 14:04:44,376] {logging_mixin.py:115} INFO - [2022-06-26 14:04:44,376] {dag.py:2919} INFO - Setting next_dagrun for 04_time_delta to 2019-01-01T00:00:00+00:00, run_after=2019-01-04T00:00:00+00:00
[2022-06-26 14:04:44,383] {processor.py:161} INFO - Processing /opt/airflow/dags/chapter03/04_time_delta.py took 0.262 seconds
[2022-06-26 14:05:15,014] {processor.py:153} INFO - Started process (PID=3272) to work on /opt/airflow/dags/chapter03/04_time_delta.py
[2022-06-26 14:05:15,017] {processor.py:641} INFO - Processing file /opt/airflow/dags/chapter03/04_time_delta.py for tasks to queue
[2022-06-26 14:05:15,019] {logging_mixin.py:115} INFO - [2022-06-26 14:05:15,018] {dagbag.py:507} INFO - Filling up the DagBag from /opt/airflow/dags/chapter03/04_time_delta.py
[2022-06-26 14:05:15,209] {processor.py:651} INFO - DAG(s) dict_keys(['04_time_delta']) retrieved from /opt/airflow/dags/chapter03/04_time_delta.py
[2022-06-26 14:05:15,225] {logging_mixin.py:115} INFO - [2022-06-26 14:05:15,225] {dag.py:2371} INFO - Sync 1 DAGs
[2022-06-26 14:05:15,236] {logging_mixin.py:115} INFO - [2022-06-26 14:05:15,236] {dag.py:2919} INFO - Setting next_dagrun for 04_time_delta to 2019-01-01T00:00:00+00:00, run_after=2019-01-04T00:00:00+00:00
[2022-06-26 14:05:15,243] {processor.py:161} INFO - Processing /opt/airflow/dags/chapter03/04_time_delta.py took 0.231 seconds
[2022-06-26 14:05:45,473] {processor.py:153} INFO - Started process (PID=3333) to work on /opt/airflow/dags/chapter03/04_time_delta.py
[2022-06-26 14:05:45,475] {processor.py:641} INFO - Processing file /opt/airflow/dags/chapter03/04_time_delta.py for tasks to queue
[2022-06-26 14:05:45,476] {logging_mixin.py:115} INFO - [2022-06-26 14:05:45,476] {dagbag.py:507} INFO - Filling up the DagBag from /opt/airflow/dags/chapter03/04_time_delta.py
[2022-06-26 14:05:45,687] {processor.py:651} INFO - DAG(s) dict_keys(['04_time_delta']) retrieved from /opt/airflow/dags/chapter03/04_time_delta.py
[2022-06-26 14:05:45,704] {logging_mixin.py:115} INFO - [2022-06-26 14:05:45,703] {dag.py:2371} INFO - Sync 1 DAGs
[2022-06-26 14:05:45,716] {logging_mixin.py:115} INFO - [2022-06-26 14:05:45,715] {dag.py:2919} INFO - Setting next_dagrun for 04_time_delta to 2019-01-01T00:00:00+00:00, run_after=2019-01-04T00:00:00+00:00
[2022-06-26 14:05:45,723] {processor.py:161} INFO - Processing /opt/airflow/dags/chapter03/04_time_delta.py took 0.253 seconds
[2022-06-26 14:09:51,125] {processor.py:153} INFO - Started process (PID=3384) to work on /opt/airflow/dags/chapter03/04_time_delta.py
[2022-06-26 14:09:51,140] {processor.py:641} INFO - Processing file /opt/airflow/dags/chapter03/04_time_delta.py for tasks to queue
[2022-06-26 14:09:51,146] {logging_mixin.py:115} INFO - [2022-06-26 14:09:51,145] {dagbag.py:507} INFO - Filling up the DagBag from /opt/airflow/dags/chapter03/04_time_delta.py
[2022-06-26 14:09:51,557] {processor.py:651} INFO - DAG(s) dict_keys(['04_time_delta']) retrieved from /opt/airflow/dags/chapter03/04_time_delta.py
[2022-06-26 14:09:51,614] {logging_mixin.py:115} INFO - [2022-06-26 14:09:51,614] {dag.py:2371} INFO - Sync 1 DAGs
[2022-06-26 14:09:51,662] {logging_mixin.py:115} INFO - [2022-06-26 14:09:51,662] {dag.py:2919} INFO - Setting next_dagrun for 04_time_delta to 2019-01-01T00:00:00+00:00, run_after=2019-01-04T00:00:00+00:00
[2022-06-26 14:09:51,686] {processor.py:161} INFO - Processing /opt/airflow/dags/chapter03/04_time_delta.py took 0.568 seconds
[2022-06-26 14:10:22,589] {processor.py:153} INFO - Started process (PID=3435) to work on /opt/airflow/dags/chapter03/04_time_delta.py
[2022-06-26 14:10:22,592] {processor.py:641} INFO - Processing file /opt/airflow/dags/chapter03/04_time_delta.py for tasks to queue
[2022-06-26 14:10:22,593] {logging_mixin.py:115} INFO - [2022-06-26 14:10:22,593] {dagbag.py:507} INFO - Filling up the DagBag from /opt/airflow/dags/chapter03/04_time_delta.py
[2022-06-26 14:10:22,806] {processor.py:651} INFO - DAG(s) dict_keys(['04_time_delta']) retrieved from /opt/airflow/dags/chapter03/04_time_delta.py
[2022-06-26 14:10:22,834] {logging_mixin.py:115} INFO - [2022-06-26 14:10:22,833] {dag.py:2371} INFO - Sync 1 DAGs
[2022-06-26 14:10:22,846] {logging_mixin.py:115} INFO - [2022-06-26 14:10:22,846] {dag.py:2919} INFO - Setting next_dagrun for 04_time_delta to 2019-01-01T00:00:00+00:00, run_after=2019-01-04T00:00:00+00:00
[2022-06-26 14:10:22,853] {processor.py:161} INFO - Processing /opt/airflow/dags/chapter03/04_time_delta.py took 0.266 seconds
[2022-06-26 14:10:53,146] {processor.py:153} INFO - Started process (PID=3496) to work on /opt/airflow/dags/chapter03/04_time_delta.py
[2022-06-26 14:10:53,148] {processor.py:641} INFO - Processing file /opt/airflow/dags/chapter03/04_time_delta.py for tasks to queue
[2022-06-26 14:10:53,149] {logging_mixin.py:115} INFO - [2022-06-26 14:10:53,149] {dagbag.py:507} INFO - Filling up the DagBag from /opt/airflow/dags/chapter03/04_time_delta.py
[2022-06-26 14:10:53,349] {processor.py:651} INFO - DAG(s) dict_keys(['04_time_delta']) retrieved from /opt/airflow/dags/chapter03/04_time_delta.py
[2022-06-26 14:10:53,365] {logging_mixin.py:115} INFO - [2022-06-26 14:10:53,364] {dag.py:2371} INFO - Sync 1 DAGs
[2022-06-26 14:10:53,376] {logging_mixin.py:115} INFO - [2022-06-26 14:10:53,376] {dag.py:2919} INFO - Setting next_dagrun for 04_time_delta to 2019-01-01T00:00:00+00:00, run_after=2019-01-04T00:00:00+00:00
[2022-06-26 14:10:53,383] {processor.py:161} INFO - Processing /opt/airflow/dags/chapter03/04_time_delta.py took 0.240 seconds
[2022-06-26 14:11:23,455] {processor.py:153} INFO - Started process (PID=3557) to work on /opt/airflow/dags/chapter03/04_time_delta.py
[2022-06-26 14:11:23,457] {processor.py:641} INFO - Processing file /opt/airflow/dags/chapter03/04_time_delta.py for tasks to queue
[2022-06-26 14:11:23,459] {logging_mixin.py:115} INFO - [2022-06-26 14:11:23,459] {dagbag.py:507} INFO - Filling up the DagBag from /opt/airflow/dags/chapter03/04_time_delta.py
[2022-06-26 14:11:23,658] {processor.py:651} INFO - DAG(s) dict_keys(['04_time_delta']) retrieved from /opt/airflow/dags/chapter03/04_time_delta.py
[2022-06-26 14:11:23,674] {logging_mixin.py:115} INFO - [2022-06-26 14:11:23,674] {dag.py:2371} INFO - Sync 1 DAGs
[2022-06-26 14:11:23,686] {logging_mixin.py:115} INFO - [2022-06-26 14:11:23,686] {dag.py:2919} INFO - Setting next_dagrun for 04_time_delta to 2019-01-01T00:00:00+00:00, run_after=2019-01-04T00:00:00+00:00
[2022-06-26 14:11:23,693] {processor.py:161} INFO - Processing /opt/airflow/dags/chapter03/04_time_delta.py took 0.241 seconds
[2022-06-26 14:11:53,806] {processor.py:153} INFO - Started process (PID=3618) to work on /opt/airflow/dags/chapter03/04_time_delta.py
[2022-06-26 14:11:53,808] {processor.py:641} INFO - Processing file /opt/airflow/dags/chapter03/04_time_delta.py for tasks to queue
[2022-06-26 14:11:53,809] {logging_mixin.py:115} INFO - [2022-06-26 14:11:53,809] {dagbag.py:507} INFO - Filling up the DagBag from /opt/airflow/dags/chapter03/04_time_delta.py
[2022-06-26 14:11:54,002] {processor.py:651} INFO - DAG(s) dict_keys(['04_time_delta']) retrieved from /opt/airflow/dags/chapter03/04_time_delta.py
[2022-06-26 14:11:54,018] {logging_mixin.py:115} INFO - [2022-06-26 14:11:54,017] {dag.py:2371} INFO - Sync 1 DAGs
[2022-06-26 14:11:54,029] {logging_mixin.py:115} INFO - [2022-06-26 14:11:54,029] {dag.py:2919} INFO - Setting next_dagrun for 04_time_delta to 2019-01-01T00:00:00+00:00, run_after=2019-01-04T00:00:00+00:00
[2022-06-26 14:11:54,036] {processor.py:161} INFO - Processing /opt/airflow/dags/chapter03/04_time_delta.py took 0.233 seconds
[2022-06-26 14:12:24,128] {processor.py:153} INFO - Started process (PID=3679) to work on /opt/airflow/dags/chapter03/04_time_delta.py
[2022-06-26 14:12:24,131] {processor.py:641} INFO - Processing file /opt/airflow/dags/chapter03/04_time_delta.py for tasks to queue
[2022-06-26 14:12:24,132] {logging_mixin.py:115} INFO - [2022-06-26 14:12:24,132] {dagbag.py:507} INFO - Filling up the DagBag from /opt/airflow/dags/chapter03/04_time_delta.py
[2022-06-26 14:12:24,322] {processor.py:651} INFO - DAG(s) dict_keys(['04_time_delta']) retrieved from /opt/airflow/dags/chapter03/04_time_delta.py
[2022-06-26 14:12:24,338] {logging_mixin.py:115} INFO - [2022-06-26 14:12:24,338] {dag.py:2371} INFO - Sync 1 DAGs
[2022-06-26 14:12:24,349] {logging_mixin.py:115} INFO - [2022-06-26 14:12:24,349] {dag.py:2919} INFO - Setting next_dagrun for 04_time_delta to 2019-01-01T00:00:00+00:00, run_after=2019-01-04T00:00:00+00:00
[2022-06-26 14:12:24,355] {processor.py:161} INFO - Processing /opt/airflow/dags/chapter03/04_time_delta.py took 0.232 seconds
[2022-06-26 14:12:54,450] {processor.py:153} INFO - Started process (PID=4178) to work on /opt/airflow/dags/chapter03/04_time_delta.py
[2022-06-26 14:12:54,453] {processor.py:641} INFO - Processing file /opt/airflow/dags/chapter03/04_time_delta.py for tasks to queue
[2022-06-26 14:12:54,455] {logging_mixin.py:115} INFO - [2022-06-26 14:12:54,455] {dagbag.py:507} INFO - Filling up the DagBag from /opt/airflow/dags/chapter03/04_time_delta.py
[2022-06-26 14:12:54,738] {processor.py:651} INFO - DAG(s) dict_keys(['04_time_delta']) retrieved from /opt/airflow/dags/chapter03/04_time_delta.py
[2022-06-26 14:12:54,766] {logging_mixin.py:115} INFO - [2022-06-26 14:12:54,765] {dag.py:2371} INFO - Sync 1 DAGs
[2022-06-26 14:12:54,782] {logging_mixin.py:115} INFO - [2022-06-26 14:12:54,782] {dag.py:2919} INFO - Setting next_dagrun for 04_time_delta to 2019-01-01T00:00:00+00:00, run_after=2019-01-04T00:00:00+00:00
[2022-06-26 14:12:54,795] {processor.py:161} INFO - Processing /opt/airflow/dags/chapter03/04_time_delta.py took 0.347 seconds
[2022-06-26 14:13:25,290] {processor.py:153} INFO - Started process (PID=4721) to work on /opt/airflow/dags/chapter03/04_time_delta.py
[2022-06-26 14:13:25,294] {processor.py:641} INFO - Processing file /opt/airflow/dags/chapter03/04_time_delta.py for tasks to queue
[2022-06-26 14:13:25,296] {logging_mixin.py:115} INFO - [2022-06-26 14:13:25,296] {dagbag.py:507} INFO - Filling up the DagBag from /opt/airflow/dags/chapter03/04_time_delta.py
[2022-06-26 14:13:25,498] {processor.py:651} INFO - DAG(s) dict_keys(['04_time_delta']) retrieved from /opt/airflow/dags/chapter03/04_time_delta.py
[2022-06-26 14:13:25,515] {logging_mixin.py:115} INFO - [2022-06-26 14:13:25,515] {dag.py:2371} INFO - Sync 1 DAGs
[2022-06-26 14:13:25,526] {logging_mixin.py:115} INFO - [2022-06-26 14:13:25,526] {dag.py:2919} INFO - Setting next_dagrun for 04_time_delta to 2019-01-01T00:00:00+00:00, run_after=2019-01-04T00:00:00+00:00
[2022-06-26 14:13:25,532] {processor.py:161} INFO - Processing /opt/airflow/dags/chapter03/04_time_delta.py took 0.246 seconds
[2022-06-26 14:13:55,811] {processor.py:153} INFO - Started process (PID=5704) to work on /opt/airflow/dags/chapter03/04_time_delta.py
[2022-06-26 14:13:55,813] {processor.py:641} INFO - Processing file /opt/airflow/dags/chapter03/04_time_delta.py for tasks to queue
[2022-06-26 14:13:55,814] {logging_mixin.py:115} INFO - [2022-06-26 14:13:55,814] {dagbag.py:507} INFO - Filling up the DagBag from /opt/airflow/dags/chapter03/04_time_delta.py
[2022-06-26 14:13:56,016] {processor.py:651} INFO - DAG(s) dict_keys(['04_time_delta']) retrieved from /opt/airflow/dags/chapter03/04_time_delta.py
[2022-06-26 14:13:56,033] {logging_mixin.py:115} INFO - [2022-06-26 14:13:56,033] {dag.py:2371} INFO - Sync 1 DAGs
[2022-06-26 14:13:56,045] {logging_mixin.py:115} INFO - [2022-06-26 14:13:56,045] {dag.py:2919} INFO - Setting next_dagrun for 04_time_delta to 2019-01-01T00:00:00+00:00, run_after=2019-01-04T00:00:00+00:00
[2022-06-26 14:13:56,052] {processor.py:161} INFO - Processing /opt/airflow/dags/chapter03/04_time_delta.py took 0.244 seconds
[2022-06-26 14:14:26,173] {processor.py:153} INFO - Started process (PID=6072) to work on /opt/airflow/dags/chapter03/04_time_delta.py
[2022-06-26 14:14:26,175] {processor.py:641} INFO - Processing file /opt/airflow/dags/chapter03/04_time_delta.py for tasks to queue
[2022-06-26 14:14:26,176] {logging_mixin.py:115} INFO - [2022-06-26 14:14:26,176] {dagbag.py:507} INFO - Filling up the DagBag from /opt/airflow/dags/chapter03/04_time_delta.py
[2022-06-26 14:14:26,401] {processor.py:651} INFO - DAG(s) dict_keys(['04_time_delta']) retrieved from /opt/airflow/dags/chapter03/04_time_delta.py
[2022-06-26 14:14:26,416] {logging_mixin.py:115} INFO - [2022-06-26 14:14:26,416] {dag.py:2371} INFO - Sync 1 DAGs
[2022-06-26 14:14:26,428] {logging_mixin.py:115} INFO - [2022-06-26 14:14:26,428] {dag.py:2919} INFO - Setting next_dagrun for 04_time_delta to 2019-01-01T00:00:00+00:00, run_after=2019-01-04T00:00:00+00:00
[2022-06-26 14:14:26,437] {processor.py:161} INFO - Processing /opt/airflow/dags/chapter03/04_time_delta.py took 0.267 seconds
[2022-06-26 14:14:56,598] {processor.py:153} INFO - Started process (PID=6444) to work on /opt/airflow/dags/chapter03/04_time_delta.py
[2022-06-26 14:14:56,601] {processor.py:641} INFO - Processing file /opt/airflow/dags/chapter03/04_time_delta.py for tasks to queue
[2022-06-26 14:14:56,603] {logging_mixin.py:115} INFO - [2022-06-26 14:14:56,603] {dagbag.py:507} INFO - Filling up the DagBag from /opt/airflow/dags/chapter03/04_time_delta.py
[2022-06-26 14:14:56,800] {processor.py:651} INFO - DAG(s) dict_keys(['04_time_delta']) retrieved from /opt/airflow/dags/chapter03/04_time_delta.py
[2022-06-26 14:14:56,815] {logging_mixin.py:115} INFO - [2022-06-26 14:14:56,815] {dag.py:2371} INFO - Sync 1 DAGs
[2022-06-26 14:14:56,827] {logging_mixin.py:115} INFO - [2022-06-26 14:14:56,827] {dag.py:2919} INFO - Setting next_dagrun for 04_time_delta to 2019-01-01T00:00:00+00:00, run_after=2019-01-04T00:00:00+00:00
[2022-06-26 14:14:56,834] {processor.py:161} INFO - Processing /opt/airflow/dags/chapter03/04_time_delta.py took 0.240 seconds
[2022-06-26 14:15:27,307] {processor.py:153} INFO - Started process (PID=6818) to work on /opt/airflow/dags/chapter03/04_time_delta.py
[2022-06-26 14:15:27,309] {processor.py:641} INFO - Processing file /opt/airflow/dags/chapter03/04_time_delta.py for tasks to queue
[2022-06-26 14:15:27,311] {logging_mixin.py:115} INFO - [2022-06-26 14:15:27,311] {dagbag.py:507} INFO - Filling up the DagBag from /opt/airflow/dags/chapter03/04_time_delta.py
[2022-06-26 14:15:27,503] {processor.py:651} INFO - DAG(s) dict_keys(['04_time_delta']) retrieved from /opt/airflow/dags/chapter03/04_time_delta.py
[2022-06-26 14:15:27,519] {logging_mixin.py:115} INFO - [2022-06-26 14:15:27,519] {dag.py:2371} INFO - Sync 1 DAGs
[2022-06-26 14:15:27,532] {logging_mixin.py:115} INFO - [2022-06-26 14:15:27,531] {dag.py:2919} INFO - Setting next_dagrun for 04_time_delta to 2019-01-01T00:00:00+00:00, run_after=2019-01-04T00:00:00+00:00
[2022-06-26 14:15:27,540] {processor.py:161} INFO - Processing /opt/airflow/dags/chapter03/04_time_delta.py took 0.236 seconds
[2022-06-26 14:15:58,042] {processor.py:153} INFO - Started process (PID=7221) to work on /opt/airflow/dags/chapter03/04_time_delta.py
[2022-06-26 14:15:58,045] {processor.py:641} INFO - Processing file /opt/airflow/dags/chapter03/04_time_delta.py for tasks to queue
[2022-06-26 14:15:58,047] {logging_mixin.py:115} INFO - [2022-06-26 14:15:58,047] {dagbag.py:507} INFO - Filling up the DagBag from /opt/airflow/dags/chapter03/04_time_delta.py
[2022-06-26 14:15:58,309] {processor.py:651} INFO - DAG(s) dict_keys(['04_time_delta']) retrieved from /opt/airflow/dags/chapter03/04_time_delta.py
[2022-06-26 14:15:58,348] {logging_mixin.py:115} INFO - [2022-06-26 14:15:58,347] {dag.py:2371} INFO - Sync 1 DAGs
[2022-06-26 14:15:58,365] {logging_mixin.py:115} INFO - [2022-06-26 14:15:58,365] {dag.py:2919} INFO - Setting next_dagrun for 04_time_delta to 2019-01-01T00:00:00+00:00, run_after=2019-01-04T00:00:00+00:00
[2022-06-26 14:15:58,377] {processor.py:161} INFO - Processing /opt/airflow/dags/chapter03/04_time_delta.py took 0.337 seconds
[2022-06-26 14:16:28,737] {processor.py:153} INFO - Started process (PID=9106) to work on /opt/airflow/dags/chapter03/04_time_delta.py
[2022-06-26 14:16:28,740] {processor.py:641} INFO - Processing file /opt/airflow/dags/chapter03/04_time_delta.py for tasks to queue
[2022-06-26 14:16:28,743] {logging_mixin.py:115} INFO - [2022-06-26 14:16:28,743] {dagbag.py:507} INFO - Filling up the DagBag from /opt/airflow/dags/chapter03/04_time_delta.py
[2022-06-26 14:16:28,983] {processor.py:651} INFO - DAG(s) dict_keys(['04_time_delta']) retrieved from /opt/airflow/dags/chapter03/04_time_delta.py
[2022-06-26 14:16:29,003] {logging_mixin.py:115} INFO - [2022-06-26 14:16:29,002] {dag.py:2371} INFO - Sync 1 DAGs
[2022-06-26 14:16:29,015] {logging_mixin.py:115} INFO - [2022-06-26 14:16:29,015] {dag.py:2919} INFO - Setting next_dagrun for 04_time_delta to 2019-01-01T00:00:00+00:00, run_after=2019-01-04T00:00:00+00:00
[2022-06-26 14:16:29,022] {processor.py:161} INFO - Processing /opt/airflow/dags/chapter03/04_time_delta.py took 0.289 seconds
[2022-06-26 14:16:59,109] {processor.py:153} INFO - Started process (PID=9871) to work on /opt/airflow/dags/chapter03/04_time_delta.py
[2022-06-26 14:16:59,111] {processor.py:641} INFO - Processing file /opt/airflow/dags/chapter03/04_time_delta.py for tasks to queue
[2022-06-26 14:16:59,113] {logging_mixin.py:115} INFO - [2022-06-26 14:16:59,113] {dagbag.py:507} INFO - Filling up the DagBag from /opt/airflow/dags/chapter03/04_time_delta.py
[2022-06-26 14:16:59,307] {processor.py:651} INFO - DAG(s) dict_keys(['04_time_delta']) retrieved from /opt/airflow/dags/chapter03/04_time_delta.py
[2022-06-26 14:16:59,323] {logging_mixin.py:115} INFO - [2022-06-26 14:16:59,323] {dag.py:2371} INFO - Sync 1 DAGs
[2022-06-26 14:16:59,336] {logging_mixin.py:115} INFO - [2022-06-26 14:16:59,336] {dag.py:2919} INFO - Setting next_dagrun for 04_time_delta to 2019-01-01T00:00:00+00:00, run_after=2019-01-04T00:00:00+00:00
[2022-06-26 14:16:59,343] {processor.py:161} INFO - Processing /opt/airflow/dags/chapter03/04_time_delta.py took 0.237 seconds
[2022-06-26 14:17:29,824] {processor.py:153} INFO - Started process (PID=10803) to work on /opt/airflow/dags/chapter03/04_time_delta.py
[2022-06-26 14:17:29,826] {processor.py:641} INFO - Processing file /opt/airflow/dags/chapter03/04_time_delta.py for tasks to queue
[2022-06-26 14:17:29,829] {logging_mixin.py:115} INFO - [2022-06-26 14:17:29,829] {dagbag.py:507} INFO - Filling up the DagBag from /opt/airflow/dags/chapter03/04_time_delta.py
[2022-06-26 14:17:30,039] {processor.py:651} INFO - DAG(s) dict_keys(['04_time_delta']) retrieved from /opt/airflow/dags/chapter03/04_time_delta.py
[2022-06-26 14:17:30,055] {logging_mixin.py:115} INFO - [2022-06-26 14:17:30,055] {dag.py:2371} INFO - Sync 1 DAGs
[2022-06-26 14:17:30,068] {logging_mixin.py:115} INFO - [2022-06-26 14:17:30,068] {dag.py:2919} INFO - Setting next_dagrun for 04_time_delta to 2019-01-01T00:00:00+00:00, run_after=2019-01-04T00:00:00+00:00
[2022-06-26 14:17:30,076] {processor.py:161} INFO - Processing /opt/airflow/dags/chapter03/04_time_delta.py took 0.255 seconds
[2022-06-26 14:18:00,329] {processor.py:153} INFO - Started process (PID=11375) to work on /opt/airflow/dags/chapter03/04_time_delta.py
[2022-06-26 14:18:00,330] {processor.py:641} INFO - Processing file /opt/airflow/dags/chapter03/04_time_delta.py for tasks to queue
[2022-06-26 14:18:00,332] {logging_mixin.py:115} INFO - [2022-06-26 14:18:00,332] {dagbag.py:507} INFO - Filling up the DagBag from /opt/airflow/dags/chapter03/04_time_delta.py
[2022-06-26 14:18:00,537] {processor.py:651} INFO - DAG(s) dict_keys(['04_time_delta']) retrieved from /opt/airflow/dags/chapter03/04_time_delta.py
[2022-06-26 14:18:00,553] {logging_mixin.py:115} INFO - [2022-06-26 14:18:00,552] {dag.py:2371} INFO - Sync 1 DAGs
[2022-06-26 14:18:00,565] {logging_mixin.py:115} INFO - [2022-06-26 14:18:00,565] {dag.py:2919} INFO - Setting next_dagrun for 04_time_delta to 2019-01-01T00:00:00+00:00, run_after=2019-01-04T00:00:00+00:00
[2022-06-26 14:18:00,573] {processor.py:161} INFO - Processing /opt/airflow/dags/chapter03/04_time_delta.py took 0.247 seconds
[2022-06-26 14:18:31,020] {processor.py:153} INFO - Started process (PID=12191) to work on /opt/airflow/dags/chapter03/04_time_delta.py
[2022-06-26 14:18:31,022] {processor.py:641} INFO - Processing file /opt/airflow/dags/chapter03/04_time_delta.py for tasks to queue
[2022-06-26 14:18:31,026] {logging_mixin.py:115} INFO - [2022-06-26 14:18:31,026] {dagbag.py:507} INFO - Filling up the DagBag from /opt/airflow/dags/chapter03/04_time_delta.py
[2022-06-26 14:18:31,309] {processor.py:651} INFO - DAG(s) dict_keys(['04_time_delta']) retrieved from /opt/airflow/dags/chapter03/04_time_delta.py
[2022-06-26 14:18:31,329] {logging_mixin.py:115} INFO - [2022-06-26 14:18:31,329] {dag.py:2371} INFO - Sync 1 DAGs
[2022-06-26 14:18:31,349] {logging_mixin.py:115} INFO - [2022-06-26 14:18:31,349] {dag.py:2919} INFO - Setting next_dagrun for 04_time_delta to 2019-01-01T00:00:00+00:00, run_after=2019-01-04T00:00:00+00:00
[2022-06-26 14:18:31,359] {processor.py:161} INFO - Processing /opt/airflow/dags/chapter03/04_time_delta.py took 0.341 seconds
[2022-06-26 14:19:02,040] {processor.py:153} INFO - Started process (PID=12567) to work on /opt/airflow/dags/chapter03/04_time_delta.py
[2022-06-26 14:19:02,042] {processor.py:641} INFO - Processing file /opt/airflow/dags/chapter03/04_time_delta.py for tasks to queue
[2022-06-26 14:19:02,045] {logging_mixin.py:115} INFO - [2022-06-26 14:19:02,044] {dagbag.py:507} INFO - Filling up the DagBag from /opt/airflow/dags/chapter03/04_time_delta.py
[2022-06-26 14:19:02,284] {processor.py:651} INFO - DAG(s) dict_keys(['04_time_delta']) retrieved from /opt/airflow/dags/chapter03/04_time_delta.py
[2022-06-26 14:19:02,303] {logging_mixin.py:115} INFO - [2022-06-26 14:19:02,303] {dag.py:2371} INFO - Sync 1 DAGs
[2022-06-26 14:19:02,317] {logging_mixin.py:115} INFO - [2022-06-26 14:19:02,317] {dag.py:2919} INFO - Setting next_dagrun for 04_time_delta to 2019-01-01T00:00:00+00:00, run_after=2019-01-04T00:00:00+00:00
[2022-06-26 14:19:02,326] {processor.py:161} INFO - Processing /opt/airflow/dags/chapter03/04_time_delta.py took 0.288 seconds
[2022-06-26 14:19:33,054] {processor.py:153} INFO - Started process (PID=13561) to work on /opt/airflow/dags/chapter03/04_time_delta.py
[2022-06-26 14:19:33,056] {processor.py:641} INFO - Processing file /opt/airflow/dags/chapter03/04_time_delta.py for tasks to queue
[2022-06-26 14:19:33,058] {logging_mixin.py:115} INFO - [2022-06-26 14:19:33,058] {dagbag.py:507} INFO - Filling up the DagBag from /opt/airflow/dags/chapter03/04_time_delta.py
[2022-06-26 14:19:33,297] {processor.py:651} INFO - DAG(s) dict_keys(['04_time_delta']) retrieved from /opt/airflow/dags/chapter03/04_time_delta.py
[2022-06-26 14:19:33,323] {logging_mixin.py:115} INFO - [2022-06-26 14:19:33,321] {dag.py:2371} INFO - Sync 1 DAGs
[2022-06-26 14:19:33,338] {logging_mixin.py:115} INFO - [2022-06-26 14:19:33,338] {dag.py:2919} INFO - Setting next_dagrun for 04_time_delta to 2019-01-01T00:00:00+00:00, run_after=2019-01-04T00:00:00+00:00
[2022-06-26 14:19:33,346] {processor.py:161} INFO - Processing /opt/airflow/dags/chapter03/04_time_delta.py took 0.296 seconds
[2022-06-26 14:20:04,016] {processor.py:153} INFO - Started process (PID=14341) to work on /opt/airflow/dags/chapter03/04_time_delta.py
[2022-06-26 14:20:04,020] {processor.py:641} INFO - Processing file /opt/airflow/dags/chapter03/04_time_delta.py for tasks to queue
[2022-06-26 14:20:04,023] {logging_mixin.py:115} INFO - [2022-06-26 14:20:04,023] {dagbag.py:507} INFO - Filling up the DagBag from /opt/airflow/dags/chapter03/04_time_delta.py
[2022-06-26 14:20:04,263] {processor.py:651} INFO - DAG(s) dict_keys(['04_time_delta']) retrieved from /opt/airflow/dags/chapter03/04_time_delta.py
[2022-06-26 14:20:04,278] {logging_mixin.py:115} INFO - [2022-06-26 14:20:04,278] {dag.py:2371} INFO - Sync 1 DAGs
[2022-06-26 14:20:04,290] {logging_mixin.py:115} INFO - [2022-06-26 14:20:04,290] {dag.py:2919} INFO - Setting next_dagrun for 04_time_delta to 2019-01-01T00:00:00+00:00, run_after=2019-01-04T00:00:00+00:00
[2022-06-26 14:20:04,297] {processor.py:161} INFO - Processing /opt/airflow/dags/chapter03/04_time_delta.py took 0.284 seconds
[2022-06-26 14:53:07,288] {processor.py:153} INFO - Started process (PID=14790) to work on /opt/airflow/dags/chapter03/04_time_delta.py
[2022-06-26 14:53:07,293] {processor.py:641} INFO - Processing file /opt/airflow/dags/chapter03/04_time_delta.py for tasks to queue
[2022-06-26 14:53:07,299] {logging_mixin.py:115} INFO - [2022-06-26 14:53:07,298] {dagbag.py:507} INFO - Filling up the DagBag from /opt/airflow/dags/chapter03/04_time_delta.py
[2022-06-26 14:53:07,783] {processor.py:651} INFO - DAG(s) dict_keys(['04_time_delta']) retrieved from /opt/airflow/dags/chapter03/04_time_delta.py
[2022-06-26 14:53:07,803] {logging_mixin.py:115} INFO - [2022-06-26 14:53:07,803] {dag.py:2371} INFO - Sync 1 DAGs
[2022-06-26 14:53:07,831] {logging_mixin.py:115} INFO - [2022-06-26 14:53:07,830] {dag.py:2919} INFO - Setting next_dagrun for 04_time_delta to 2019-01-01T00:00:00+00:00, run_after=2019-01-04T00:00:00+00:00
[2022-06-26 14:53:07,847] {processor.py:161} INFO - Processing /opt/airflow/dags/chapter03/04_time_delta.py took 0.575 seconds
[2022-06-26 16:15:58,287] {processor.py:153} INFO - Started process (PID=15165) to work on /opt/airflow/dags/chapter03/04_time_delta.py
[2022-06-26 16:15:58,293] {processor.py:641} INFO - Processing file /opt/airflow/dags/chapter03/04_time_delta.py for tasks to queue
[2022-06-26 16:15:58,296] {logging_mixin.py:115} INFO - [2022-06-26 16:15:58,296] {dagbag.py:507} INFO - Filling up the DagBag from /opt/airflow/dags/chapter03/04_time_delta.py
[2022-06-26 16:15:58,976] {processor.py:651} INFO - DAG(s) dict_keys(['04_time_delta']) retrieved from /opt/airflow/dags/chapter03/04_time_delta.py
[2022-06-26 16:15:59,011] {logging_mixin.py:115} INFO - [2022-06-26 16:15:59,008] {dag.py:2371} INFO - Sync 1 DAGs
[2022-06-26 16:15:59,038] {logging_mixin.py:115} INFO - [2022-06-26 16:15:59,038] {dag.py:2919} INFO - Setting next_dagrun for 04_time_delta to 2019-01-01T00:00:00+00:00, run_after=2019-01-04T00:00:00+00:00
[2022-06-26 16:15:59,057] {processor.py:161} INFO - Processing /opt/airflow/dags/chapter03/04_time_delta.py took 0.774 seconds
[2022-06-26 17:21:20,435] {processor.py:153} INFO - Started process (PID=15528) to work on /opt/airflow/dags/chapter03/04_time_delta.py
[2022-06-26 17:21:20,438] {processor.py:641} INFO - Processing file /opt/airflow/dags/chapter03/04_time_delta.py for tasks to queue
[2022-06-26 17:21:20,441] {logging_mixin.py:115} INFO - [2022-06-26 17:21:20,440] {dagbag.py:507} INFO - Filling up the DagBag from /opt/airflow/dags/chapter03/04_time_delta.py
[2022-06-26 17:21:20,760] {processor.py:651} INFO - DAG(s) dict_keys(['04_time_delta']) retrieved from /opt/airflow/dags/chapter03/04_time_delta.py
[2022-06-26 17:21:20,784] {logging_mixin.py:115} INFO - [2022-06-26 17:21:20,784] {dag.py:2371} INFO - Sync 1 DAGs
[2022-06-26 17:21:20,804] {logging_mixin.py:115} INFO - [2022-06-26 17:21:20,804] {dag.py:2919} INFO - Setting next_dagrun for 04_time_delta to 2019-01-01T00:00:00+00:00, run_after=2019-01-04T00:00:00+00:00
[2022-06-26 17:21:20,816] {processor.py:161} INFO - Processing /opt/airflow/dags/chapter03/04_time_delta.py took 0.384 seconds
[2022-06-26 18:41:36,432] {processor.py:153} INFO - Started process (PID=15887) to work on /opt/airflow/dags/chapter03/04_time_delta.py
[2022-06-26 18:41:36,437] {processor.py:641} INFO - Processing file /opt/airflow/dags/chapter03/04_time_delta.py for tasks to queue
[2022-06-26 18:41:36,440] {logging_mixin.py:115} INFO - [2022-06-26 18:41:36,440] {dagbag.py:507} INFO - Filling up the DagBag from /opt/airflow/dags/chapter03/04_time_delta.py
[2022-06-26 18:41:36,887] {processor.py:651} INFO - DAG(s) dict_keys(['04_time_delta']) retrieved from /opt/airflow/dags/chapter03/04_time_delta.py
[2022-06-26 18:41:36,916] {logging_mixin.py:115} INFO - [2022-06-26 18:41:36,915] {dag.py:2371} INFO - Sync 1 DAGs
[2022-06-26 18:41:36,940] {logging_mixin.py:115} INFO - [2022-06-26 18:41:36,940] {dag.py:2919} INFO - Setting next_dagrun for 04_time_delta to 2019-01-01T00:00:00+00:00, run_after=2019-01-04T00:00:00+00:00
[2022-06-26 18:41:36,956] {processor.py:161} INFO - Processing /opt/airflow/dags/chapter03/04_time_delta.py took 0.526 seconds
[2022-06-26 20:03:38,658] {processor.py:153} INFO - Started process (PID=16179) to work on /opt/airflow/dags/chapter03/04_time_delta.py
[2022-06-26 20:03:38,660] {processor.py:641} INFO - Processing file /opt/airflow/dags/chapter03/04_time_delta.py for tasks to queue
[2022-06-26 20:03:38,663] {logging_mixin.py:115} INFO - [2022-06-26 20:03:38,663] {dagbag.py:507} INFO - Filling up the DagBag from /opt/airflow/dags/chapter03/04_time_delta.py
[2022-06-26 20:03:38,863] {processor.py:651} INFO - DAG(s) dict_keys(['04_time_delta']) retrieved from /opt/airflow/dags/chapter03/04_time_delta.py
[2022-06-26 20:03:38,895] {logging_mixin.py:115} INFO - [2022-06-26 20:03:38,895] {dag.py:2371} INFO - Sync 1 DAGs
[2022-06-26 20:03:38,916] {logging_mixin.py:115} INFO - [2022-06-26 20:03:38,916] {dag.py:2919} INFO - Setting next_dagrun for 04_time_delta to 2019-01-01T00:00:00+00:00, run_after=2019-01-04T00:00:00+00:00
[2022-06-26 20:03:38,931] {processor.py:161} INFO - Processing /opt/airflow/dags/chapter03/04_time_delta.py took 0.277 seconds
[2022-06-26 21:23:30,958] {processor.py:153} INFO - Started process (PID=16440) to work on /opt/airflow/dags/chapter03/04_time_delta.py
[2022-06-26 21:23:30,961] {processor.py:641} INFO - Processing file /opt/airflow/dags/chapter03/04_time_delta.py for tasks to queue
[2022-06-26 21:23:30,962] {logging_mixin.py:115} INFO - [2022-06-26 21:23:30,962] {dagbag.py:507} INFO - Filling up the DagBag from /opt/airflow/dags/chapter03/04_time_delta.py
[2022-06-26 21:23:31,372] {processor.py:651} INFO - DAG(s) dict_keys(['04_time_delta']) retrieved from /opt/airflow/dags/chapter03/04_time_delta.py
[2022-06-26 21:23:31,417] {logging_mixin.py:115} INFO - [2022-06-26 21:23:31,416] {dag.py:2371} INFO - Sync 1 DAGs
[2022-06-26 21:23:31,446] {logging_mixin.py:115} INFO - [2022-06-26 21:23:31,446] {dag.py:2919} INFO - Setting next_dagrun for 04_time_delta to 2019-01-01T00:00:00+00:00, run_after=2019-01-04T00:00:00+00:00
[2022-06-26 21:23:31,461] {processor.py:161} INFO - Processing /opt/airflow/dags/chapter03/04_time_delta.py took 0.506 seconds
[2022-06-26 22:29:31,097] {processor.py:153} INFO - Started process (PID=16738) to work on /opt/airflow/dags/chapter03/04_time_delta.py
[2022-06-26 22:29:31,100] {processor.py:641} INFO - Processing file /opt/airflow/dags/chapter03/04_time_delta.py for tasks to queue
[2022-06-26 22:29:31,102] {logging_mixin.py:115} INFO - [2022-06-26 22:29:31,101] {dagbag.py:507} INFO - Filling up the DagBag from /opt/airflow/dags/chapter03/04_time_delta.py
[2022-06-26 22:29:31,303] {processor.py:651} INFO - DAG(s) dict_keys(['04_time_delta']) retrieved from /opt/airflow/dags/chapter03/04_time_delta.py
[2022-06-26 22:29:31,326] {logging_mixin.py:115} INFO - [2022-06-26 22:29:31,325] {dag.py:2371} INFO - Sync 1 DAGs
[2022-06-26 22:29:31,347] {logging_mixin.py:115} INFO - [2022-06-26 22:29:31,347] {dag.py:2919} INFO - Setting next_dagrun for 04_time_delta to 2019-01-01T00:00:00+00:00, run_after=2019-01-04T00:00:00+00:00
[2022-06-26 22:29:31,366] {processor.py:161} INFO - Processing /opt/airflow/dags/chapter03/04_time_delta.py took 0.273 seconds
[2022-06-26 23:11:55,961] {processor.py:153} INFO - Started process (PID=17043) to work on /opt/airflow/dags/chapter03/04_time_delta.py
[2022-06-26 23:11:55,965] {processor.py:641} INFO - Processing file /opt/airflow/dags/chapter03/04_time_delta.py for tasks to queue
[2022-06-26 23:11:55,969] {logging_mixin.py:115} INFO - [2022-06-26 23:11:55,969] {dagbag.py:507} INFO - Filling up the DagBag from /opt/airflow/dags/chapter03/04_time_delta.py
[2022-06-26 23:11:56,386] {processor.py:651} INFO - DAG(s) dict_keys(['04_time_delta']) retrieved from /opt/airflow/dags/chapter03/04_time_delta.py
[2022-06-26 23:11:56,431] {logging_mixin.py:115} INFO - [2022-06-26 23:11:56,430] {dag.py:2371} INFO - Sync 1 DAGs
[2022-06-26 23:11:56,464] {logging_mixin.py:115} INFO - [2022-06-26 23:11:56,464] {dag.py:2919} INFO - Setting next_dagrun for 04_time_delta to 2019-01-01T00:00:00+00:00, run_after=2019-01-04T00:00:00+00:00
[2022-06-26 23:11:56,489] {processor.py:161} INFO - Processing /opt/airflow/dags/chapter03/04_time_delta.py took 0.553 seconds
[2022-06-26 23:12:26,964] {processor.py:153} INFO - Started process (PID=17338) to work on /opt/airflow/dags/chapter03/04_time_delta.py
[2022-06-26 23:12:26,965] {processor.py:641} INFO - Processing file /opt/airflow/dags/chapter03/04_time_delta.py for tasks to queue
[2022-06-26 23:12:26,966] {logging_mixin.py:115} INFO - [2022-06-26 23:12:26,966] {dagbag.py:507} INFO - Filling up the DagBag from /opt/airflow/dags/chapter03/04_time_delta.py
[2022-06-26 23:12:27,077] {processor.py:651} INFO - DAG(s) dict_keys(['04_time_delta']) retrieved from /opt/airflow/dags/chapter03/04_time_delta.py
[2022-06-26 23:12:27,093] {logging_mixin.py:115} INFO - [2022-06-26 23:12:27,092] {dag.py:2371} INFO - Sync 1 DAGs
[2022-06-26 23:12:27,105] {logging_mixin.py:115} INFO - [2022-06-26 23:12:27,105] {dag.py:2919} INFO - Setting next_dagrun for 04_time_delta to 2019-01-01T00:00:00+00:00, run_after=2019-01-04T00:00:00+00:00
[2022-06-26 23:12:27,112] {processor.py:161} INFO - Processing /opt/airflow/dags/chapter03/04_time_delta.py took 0.151 seconds
[2022-06-26 23:12:57,784] {processor.py:153} INFO - Started process (PID=17611) to work on /opt/airflow/dags/chapter03/04_time_delta.py
[2022-06-26 23:12:57,787] {processor.py:641} INFO - Processing file /opt/airflow/dags/chapter03/04_time_delta.py for tasks to queue
[2022-06-26 23:12:57,789] {logging_mixin.py:115} INFO - [2022-06-26 23:12:57,789] {dagbag.py:507} INFO - Filling up the DagBag from /opt/airflow/dags/chapter03/04_time_delta.py
[2022-06-26 23:12:57,912] {processor.py:651} INFO - DAG(s) dict_keys(['04_time_delta']) retrieved from /opt/airflow/dags/chapter03/04_time_delta.py
[2022-06-26 23:12:57,931] {logging_mixin.py:115} INFO - [2022-06-26 23:12:57,930] {dag.py:2371} INFO - Sync 1 DAGs
[2022-06-26 23:12:57,943] {logging_mixin.py:115} INFO - [2022-06-26 23:12:57,943] {dag.py:2919} INFO - Setting next_dagrun for 04_time_delta to 2019-01-01T00:00:00+00:00, run_after=2019-01-04T00:00:00+00:00
[2022-06-26 23:12:57,951] {processor.py:161} INFO - Processing /opt/airflow/dags/chapter03/04_time_delta.py took 0.169 seconds
[2022-06-26 23:31:48,849] {processor.py:153} INFO - Started process (PID=17879) to work on /opt/airflow/dags/chapter03/04_time_delta.py
[2022-06-26 23:31:48,852] {processor.py:641} INFO - Processing file /opt/airflow/dags/chapter03/04_time_delta.py for tasks to queue
[2022-06-26 23:31:48,856] {logging_mixin.py:115} INFO - [2022-06-26 23:31:48,855] {dagbag.py:507} INFO - Filling up the DagBag from /opt/airflow/dags/chapter03/04_time_delta.py
[2022-06-26 23:31:49,202] {processor.py:651} INFO - DAG(s) dict_keys(['04_time_delta']) retrieved from /opt/airflow/dags/chapter03/04_time_delta.py
[2022-06-26 23:31:49,249] {logging_mixin.py:115} INFO - [2022-06-26 23:31:49,247] {dag.py:2371} INFO - Sync 1 DAGs
[2022-06-26 23:31:49,280] {logging_mixin.py:115} INFO - [2022-06-26 23:31:49,280] {dag.py:2919} INFO - Setting next_dagrun for 04_time_delta to 2019-01-01T00:00:00+00:00, run_after=2019-01-04T00:00:00+00:00
[2022-06-26 23:31:49,304] {processor.py:161} INFO - Processing /opt/airflow/dags/chapter03/04_time_delta.py took 0.458 seconds
