[2022-06-26 13:37:28,162] {processor.py:153} INFO - Started process (PID=42) to work on /opt/airflow/dags/chapter03/09_no_catchup.py
[2022-06-26 13:37:28,165] {processor.py:641} INFO - Processing file /opt/airflow/dags/chapter03/09_no_catchup.py for tasks to queue
[2022-06-26 13:37:28,169] {logging_mixin.py:115} INFO - [2022-06-26 13:37:28,169] {dagbag.py:507} INFO - Filling up the DagBag from /opt/airflow/dags/chapter03/09_no_catchup.py
[2022-06-26 13:37:28,923] {processor.py:651} INFO - DAG(s) dict_keys(['09_no_catchup']) retrieved from /opt/airflow/dags/chapter03/09_no_catchup.py
[2022-06-26 13:37:29,045] {logging_mixin.py:115} INFO - [2022-06-26 13:37:29,045] {manager.py:508} INFO - Created Permission View: can read on DAG:09_no_catchup
[2022-06-26 13:37:29,060] {logging_mixin.py:115} INFO - [2022-06-26 13:37:29,060] {manager.py:508} INFO - Created Permission View: can edit on DAG:09_no_catchup
[2022-06-26 13:37:29,081] {logging_mixin.py:115} INFO - [2022-06-26 13:37:29,081] {manager.py:508} INFO - Created Permission View: can delete on DAG:09_no_catchup
[2022-06-26 13:37:29,083] {logging_mixin.py:115} INFO - [2022-06-26 13:37:29,082] {dag.py:2371} INFO - Sync 1 DAGs
[2022-06-26 13:37:29,107] {logging_mixin.py:115} INFO - [2022-06-26 13:37:29,107] {dag.py:2390} INFO - Creating ORM DAG for 09_no_catchup
[2022-06-26 13:37:29,125] {logging_mixin.py:115} INFO - [2022-06-26 13:37:29,125] {dag.py:2919} INFO - Setting next_dagrun for 09_no_catchup to None, run_after=None
[2022-06-26 13:37:29,159] {processor.py:161} INFO - Processing /opt/airflow/dags/chapter03/09_no_catchup.py took 1.000 seconds
[2022-06-26 13:38:00,053] {processor.py:153} INFO - Started process (PID=101) to work on /opt/airflow/dags/chapter03/09_no_catchup.py
[2022-06-26 13:38:00,054] {processor.py:641} INFO - Processing file /opt/airflow/dags/chapter03/09_no_catchup.py for tasks to queue
[2022-06-26 13:38:00,056] {logging_mixin.py:115} INFO - [2022-06-26 13:38:00,056] {dagbag.py:507} INFO - Filling up the DagBag from /opt/airflow/dags/chapter03/09_no_catchup.py
[2022-06-26 13:38:00,398] {processor.py:651} INFO - DAG(s) dict_keys(['09_no_catchup']) retrieved from /opt/airflow/dags/chapter03/09_no_catchup.py
[2022-06-26 13:38:00,425] {logging_mixin.py:115} INFO - [2022-06-26 13:38:00,424] {dag.py:2371} INFO - Sync 1 DAGs
[2022-06-26 13:38:00,440] {logging_mixin.py:115} INFO - [2022-06-26 13:38:00,440] {dag.py:2919} INFO - Setting next_dagrun for 09_no_catchup to None, run_after=None
[2022-06-26 13:38:00,448] {processor.py:161} INFO - Processing /opt/airflow/dags/chapter03/09_no_catchup.py took 0.397 seconds
[2022-06-26 13:38:30,959] {processor.py:153} INFO - Started process (PID=162) to work on /opt/airflow/dags/chapter03/09_no_catchup.py
[2022-06-26 13:38:30,962] {processor.py:641} INFO - Processing file /opt/airflow/dags/chapter03/09_no_catchup.py for tasks to queue
[2022-06-26 13:38:30,963] {logging_mixin.py:115} INFO - [2022-06-26 13:38:30,963] {dagbag.py:507} INFO - Filling up the DagBag from /opt/airflow/dags/chapter03/09_no_catchup.py
[2022-06-26 13:38:31,185] {processor.py:651} INFO - DAG(s) dict_keys(['09_no_catchup']) retrieved from /opt/airflow/dags/chapter03/09_no_catchup.py
[2022-06-26 13:38:31,200] {logging_mixin.py:115} INFO - [2022-06-26 13:38:31,200] {dag.py:2371} INFO - Sync 1 DAGs
[2022-06-26 13:38:31,215] {logging_mixin.py:115} INFO - [2022-06-26 13:38:31,215] {dag.py:2919} INFO - Setting next_dagrun for 09_no_catchup to None, run_after=None
[2022-06-26 13:38:31,225] {processor.py:161} INFO - Processing /opt/airflow/dags/chapter03/09_no_catchup.py took 0.270 seconds
[2022-06-26 13:39:01,603] {processor.py:153} INFO - Started process (PID=223) to work on /opt/airflow/dags/chapter03/09_no_catchup.py
[2022-06-26 13:39:01,604] {processor.py:641} INFO - Processing file /opt/airflow/dags/chapter03/09_no_catchup.py for tasks to queue
[2022-06-26 13:39:01,605] {logging_mixin.py:115} INFO - [2022-06-26 13:39:01,605] {dagbag.py:507} INFO - Filling up the DagBag from /opt/airflow/dags/chapter03/09_no_catchup.py
[2022-06-26 13:39:01,816] {processor.py:651} INFO - DAG(s) dict_keys(['09_no_catchup']) retrieved from /opt/airflow/dags/chapter03/09_no_catchup.py
[2022-06-26 13:39:01,834] {logging_mixin.py:115} INFO - [2022-06-26 13:39:01,834] {dag.py:2371} INFO - Sync 1 DAGs
[2022-06-26 13:39:01,846] {logging_mixin.py:115} INFO - [2022-06-26 13:39:01,846] {dag.py:2919} INFO - Setting next_dagrun for 09_no_catchup to None, run_after=None
[2022-06-26 13:39:01,851] {processor.py:161} INFO - Processing /opt/airflow/dags/chapter03/09_no_catchup.py took 0.253 seconds
[2022-06-26 13:39:32,368] {processor.py:153} INFO - Started process (PID=285) to work on /opt/airflow/dags/chapter03/09_no_catchup.py
[2022-06-26 13:39:32,370] {processor.py:641} INFO - Processing file /opt/airflow/dags/chapter03/09_no_catchup.py for tasks to queue
[2022-06-26 13:39:32,371] {logging_mixin.py:115} INFO - [2022-06-26 13:39:32,371] {dagbag.py:507} INFO - Filling up the DagBag from /opt/airflow/dags/chapter03/09_no_catchup.py
[2022-06-26 13:39:32,595] {processor.py:651} INFO - DAG(s) dict_keys(['09_no_catchup']) retrieved from /opt/airflow/dags/chapter03/09_no_catchup.py
[2022-06-26 13:39:32,616] {logging_mixin.py:115} INFO - [2022-06-26 13:39:32,615] {dag.py:2371} INFO - Sync 1 DAGs
[2022-06-26 13:39:32,631] {logging_mixin.py:115} INFO - [2022-06-26 13:39:32,630] {dag.py:2919} INFO - Setting next_dagrun for 09_no_catchup to None, run_after=None
[2022-06-26 13:39:32,639] {processor.py:161} INFO - Processing /opt/airflow/dags/chapter03/09_no_catchup.py took 0.274 seconds
[2022-06-26 13:40:03,400] {processor.py:153} INFO - Started process (PID=345) to work on /opt/airflow/dags/chapter03/09_no_catchup.py
[2022-06-26 13:40:03,401] {processor.py:641} INFO - Processing file /opt/airflow/dags/chapter03/09_no_catchup.py for tasks to queue
[2022-06-26 13:40:03,402] {logging_mixin.py:115} INFO - [2022-06-26 13:40:03,402] {dagbag.py:507} INFO - Filling up the DagBag from /opt/airflow/dags/chapter03/09_no_catchup.py
[2022-06-26 13:40:03,627] {processor.py:651} INFO - DAG(s) dict_keys(['09_no_catchup']) retrieved from /opt/airflow/dags/chapter03/09_no_catchup.py
[2022-06-26 13:40:03,644] {logging_mixin.py:115} INFO - [2022-06-26 13:40:03,643] {dag.py:2371} INFO - Sync 1 DAGs
[2022-06-26 13:40:03,657] {logging_mixin.py:115} INFO - [2022-06-26 13:40:03,657] {dag.py:2919} INFO - Setting next_dagrun for 09_no_catchup to None, run_after=None
[2022-06-26 13:40:03,664] {processor.py:161} INFO - Processing /opt/airflow/dags/chapter03/09_no_catchup.py took 0.268 seconds
[2022-06-26 13:40:33,789] {processor.py:153} INFO - Started process (PID=396) to work on /opt/airflow/dags/chapter03/09_no_catchup.py
[2022-06-26 13:40:33,790] {processor.py:641} INFO - Processing file /opt/airflow/dags/chapter03/09_no_catchup.py for tasks to queue
[2022-06-26 13:40:33,791] {logging_mixin.py:115} INFO - [2022-06-26 13:40:33,791] {dagbag.py:507} INFO - Filling up the DagBag from /opt/airflow/dags/chapter03/09_no_catchup.py
[2022-06-26 13:40:34,025] {processor.py:651} INFO - DAG(s) dict_keys(['09_no_catchup']) retrieved from /opt/airflow/dags/chapter03/09_no_catchup.py
[2022-06-26 13:40:34,042] {logging_mixin.py:115} INFO - [2022-06-26 13:40:34,042] {dag.py:2371} INFO - Sync 1 DAGs
[2022-06-26 13:40:34,056] {logging_mixin.py:115} INFO - [2022-06-26 13:40:34,056] {dag.py:2919} INFO - Setting next_dagrun for 09_no_catchup to None, run_after=None
[2022-06-26 13:40:34,065] {processor.py:161} INFO - Processing /opt/airflow/dags/chapter03/09_no_catchup.py took 0.282 seconds
[2022-06-26 13:41:04,728] {processor.py:153} INFO - Started process (PID=458) to work on /opt/airflow/dags/chapter03/09_no_catchup.py
[2022-06-26 13:41:04,730] {processor.py:641} INFO - Processing file /opt/airflow/dags/chapter03/09_no_catchup.py for tasks to queue
[2022-06-26 13:41:04,731] {logging_mixin.py:115} INFO - [2022-06-26 13:41:04,731] {dagbag.py:507} INFO - Filling up the DagBag from /opt/airflow/dags/chapter03/09_no_catchup.py
[2022-06-26 13:41:04,943] {processor.py:651} INFO - DAG(s) dict_keys(['09_no_catchup']) retrieved from /opt/airflow/dags/chapter03/09_no_catchup.py
[2022-06-26 13:41:04,960] {logging_mixin.py:115} INFO - [2022-06-26 13:41:04,960] {dag.py:2371} INFO - Sync 1 DAGs
[2022-06-26 13:41:04,974] {logging_mixin.py:115} INFO - [2022-06-26 13:41:04,974] {dag.py:2919} INFO - Setting next_dagrun for 09_no_catchup to None, run_after=None
[2022-06-26 13:41:04,982] {processor.py:161} INFO - Processing /opt/airflow/dags/chapter03/09_no_catchup.py took 0.258 seconds
[2022-06-26 13:41:35,554] {processor.py:153} INFO - Started process (PID=522) to work on /opt/airflow/dags/chapter03/09_no_catchup.py
[2022-06-26 13:41:35,556] {processor.py:641} INFO - Processing file /opt/airflow/dags/chapter03/09_no_catchup.py for tasks to queue
[2022-06-26 13:41:35,557] {logging_mixin.py:115} INFO - [2022-06-26 13:41:35,557] {dagbag.py:507} INFO - Filling up the DagBag from /opt/airflow/dags/chapter03/09_no_catchup.py
[2022-06-26 13:41:35,774] {processor.py:651} INFO - DAG(s) dict_keys(['09_no_catchup']) retrieved from /opt/airflow/dags/chapter03/09_no_catchup.py
[2022-06-26 13:41:35,791] {logging_mixin.py:115} INFO - [2022-06-26 13:41:35,790] {dag.py:2371} INFO - Sync 1 DAGs
[2022-06-26 13:41:35,803] {logging_mixin.py:115} INFO - [2022-06-26 13:41:35,803] {dag.py:2919} INFO - Setting next_dagrun for 09_no_catchup to None, run_after=None
[2022-06-26 13:41:35,811] {processor.py:161} INFO - Processing /opt/airflow/dags/chapter03/09_no_catchup.py took 0.261 seconds
[2022-06-26 13:42:06,288] {processor.py:153} INFO - Started process (PID=588) to work on /opt/airflow/dags/chapter03/09_no_catchup.py
[2022-06-26 13:42:06,289] {processor.py:641} INFO - Processing file /opt/airflow/dags/chapter03/09_no_catchup.py for tasks to queue
[2022-06-26 13:42:06,290] {logging_mixin.py:115} INFO - [2022-06-26 13:42:06,290] {dagbag.py:507} INFO - Filling up the DagBag from /opt/airflow/dags/chapter03/09_no_catchup.py
[2022-06-26 13:42:06,493] {processor.py:651} INFO - DAG(s) dict_keys(['09_no_catchup']) retrieved from /opt/airflow/dags/chapter03/09_no_catchup.py
[2022-06-26 13:42:06,507] {logging_mixin.py:115} INFO - [2022-06-26 13:42:06,507] {dag.py:2371} INFO - Sync 1 DAGs
[2022-06-26 13:42:06,519] {logging_mixin.py:115} INFO - [2022-06-26 13:42:06,519] {dag.py:2919} INFO - Setting next_dagrun for 09_no_catchup to None, run_after=None
[2022-06-26 13:42:06,527] {processor.py:161} INFO - Processing /opt/airflow/dags/chapter03/09_no_catchup.py took 0.243 seconds
[2022-06-26 13:42:37,123] {processor.py:153} INFO - Started process (PID=649) to work on /opt/airflow/dags/chapter03/09_no_catchup.py
[2022-06-26 13:42:37,125] {processor.py:641} INFO - Processing file /opt/airflow/dags/chapter03/09_no_catchup.py for tasks to queue
[2022-06-26 13:42:37,127] {logging_mixin.py:115} INFO - [2022-06-26 13:42:37,127] {dagbag.py:507} INFO - Filling up the DagBag from /opt/airflow/dags/chapter03/09_no_catchup.py
[2022-06-26 13:42:37,337] {processor.py:651} INFO - DAG(s) dict_keys(['09_no_catchup']) retrieved from /opt/airflow/dags/chapter03/09_no_catchup.py
[2022-06-26 13:42:37,352] {logging_mixin.py:115} INFO - [2022-06-26 13:42:37,352] {dag.py:2371} INFO - Sync 1 DAGs
[2022-06-26 13:42:37,365] {logging_mixin.py:115} INFO - [2022-06-26 13:42:37,365] {dag.py:2919} INFO - Setting next_dagrun for 09_no_catchup to None, run_after=None
[2022-06-26 13:42:37,374] {processor.py:161} INFO - Processing /opt/airflow/dags/chapter03/09_no_catchup.py took 0.253 seconds
[2022-06-26 13:43:07,846] {processor.py:153} INFO - Started process (PID=710) to work on /opt/airflow/dags/chapter03/09_no_catchup.py
[2022-06-26 13:43:07,848] {processor.py:641} INFO - Processing file /opt/airflow/dags/chapter03/09_no_catchup.py for tasks to queue
[2022-06-26 13:43:07,849] {logging_mixin.py:115} INFO - [2022-06-26 13:43:07,849] {dagbag.py:507} INFO - Filling up the DagBag from /opt/airflow/dags/chapter03/09_no_catchup.py
[2022-06-26 13:43:08,039] {processor.py:651} INFO - DAG(s) dict_keys(['09_no_catchup']) retrieved from /opt/airflow/dags/chapter03/09_no_catchup.py
[2022-06-26 13:43:08,053] {logging_mixin.py:115} INFO - [2022-06-26 13:43:08,053] {dag.py:2371} INFO - Sync 1 DAGs
[2022-06-26 13:43:08,065] {logging_mixin.py:115} INFO - [2022-06-26 13:43:08,065] {dag.py:2919} INFO - Setting next_dagrun for 09_no_catchup to None, run_after=None
[2022-06-26 13:43:08,073] {processor.py:161} INFO - Processing /opt/airflow/dags/chapter03/09_no_catchup.py took 0.230 seconds
[2022-06-26 13:43:38,583] {processor.py:153} INFO - Started process (PID=771) to work on /opt/airflow/dags/chapter03/09_no_catchup.py
[2022-06-26 13:43:38,584] {processor.py:641} INFO - Processing file /opt/airflow/dags/chapter03/09_no_catchup.py for tasks to queue
[2022-06-26 13:43:38,585] {logging_mixin.py:115} INFO - [2022-06-26 13:43:38,585] {dagbag.py:507} INFO - Filling up the DagBag from /opt/airflow/dags/chapter03/09_no_catchup.py
[2022-06-26 13:43:38,779] {processor.py:651} INFO - DAG(s) dict_keys(['09_no_catchup']) retrieved from /opt/airflow/dags/chapter03/09_no_catchup.py
[2022-06-26 13:43:38,792] {logging_mixin.py:115} INFO - [2022-06-26 13:43:38,792] {dag.py:2371} INFO - Sync 1 DAGs
[2022-06-26 13:43:38,804] {logging_mixin.py:115} INFO - [2022-06-26 13:43:38,804] {dag.py:2919} INFO - Setting next_dagrun for 09_no_catchup to None, run_after=None
[2022-06-26 13:43:38,812] {processor.py:161} INFO - Processing /opt/airflow/dags/chapter03/09_no_catchup.py took 0.231 seconds
[2022-06-26 13:44:09,445] {processor.py:153} INFO - Started process (PID=832) to work on /opt/airflow/dags/chapter03/09_no_catchup.py
[2022-06-26 13:44:09,449] {processor.py:641} INFO - Processing file /opt/airflow/dags/chapter03/09_no_catchup.py for tasks to queue
[2022-06-26 13:44:09,452] {logging_mixin.py:115} INFO - [2022-06-26 13:44:09,452] {dagbag.py:507} INFO - Filling up the DagBag from /opt/airflow/dags/chapter03/09_no_catchup.py
[2022-06-26 13:44:09,880] {processor.py:651} INFO - DAG(s) dict_keys(['09_no_catchup']) retrieved from /opt/airflow/dags/chapter03/09_no_catchup.py
[2022-06-26 13:44:09,906] {logging_mixin.py:115} INFO - [2022-06-26 13:44:09,905] {dag.py:2371} INFO - Sync 1 DAGs
[2022-06-26 13:44:09,924] {logging_mixin.py:115} INFO - [2022-06-26 13:44:09,924] {dag.py:2919} INFO - Setting next_dagrun for 09_no_catchup to None, run_after=None
[2022-06-26 13:44:09,940] {processor.py:161} INFO - Processing /opt/airflow/dags/chapter03/09_no_catchup.py took 0.498 seconds
[2022-06-26 13:44:40,593] {processor.py:153} INFO - Started process (PID=883) to work on /opt/airflow/dags/chapter03/09_no_catchup.py
[2022-06-26 13:44:40,595] {processor.py:641} INFO - Processing file /opt/airflow/dags/chapter03/09_no_catchup.py for tasks to queue
[2022-06-26 13:44:40,598] {logging_mixin.py:115} INFO - [2022-06-26 13:44:40,598] {dagbag.py:507} INFO - Filling up the DagBag from /opt/airflow/dags/chapter03/09_no_catchup.py
[2022-06-26 13:44:40,839] {processor.py:651} INFO - DAG(s) dict_keys(['09_no_catchup']) retrieved from /opt/airflow/dags/chapter03/09_no_catchup.py
[2022-06-26 13:44:40,856] {logging_mixin.py:115} INFO - [2022-06-26 13:44:40,856] {dag.py:2371} INFO - Sync 1 DAGs
[2022-06-26 13:44:40,870] {logging_mixin.py:115} INFO - [2022-06-26 13:44:40,870] {dag.py:2919} INFO - Setting next_dagrun for 09_no_catchup to None, run_after=None
[2022-06-26 13:44:40,880] {processor.py:161} INFO - Processing /opt/airflow/dags/chapter03/09_no_catchup.py took 0.290 seconds
[2022-06-26 13:45:11,695] {processor.py:153} INFO - Started process (PID=943) to work on /opt/airflow/dags/chapter03/09_no_catchup.py
[2022-06-26 13:45:11,696] {processor.py:641} INFO - Processing file /opt/airflow/dags/chapter03/09_no_catchup.py for tasks to queue
[2022-06-26 13:45:11,698] {logging_mixin.py:115} INFO - [2022-06-26 13:45:11,698] {dagbag.py:507} INFO - Filling up the DagBag from /opt/airflow/dags/chapter03/09_no_catchup.py
[2022-06-26 13:45:11,894] {processor.py:651} INFO - DAG(s) dict_keys(['09_no_catchup']) retrieved from /opt/airflow/dags/chapter03/09_no_catchup.py
[2022-06-26 13:45:11,909] {logging_mixin.py:115} INFO - [2022-06-26 13:45:11,909] {dag.py:2371} INFO - Sync 1 DAGs
[2022-06-26 13:45:11,922] {logging_mixin.py:115} INFO - [2022-06-26 13:45:11,922] {dag.py:2919} INFO - Setting next_dagrun for 09_no_catchup to None, run_after=None
[2022-06-26 13:45:11,930] {processor.py:161} INFO - Processing /opt/airflow/dags/chapter03/09_no_catchup.py took 0.238 seconds
[2022-06-26 13:45:42,403] {processor.py:153} INFO - Started process (PID=1003) to work on /opt/airflow/dags/chapter03/09_no_catchup.py
[2022-06-26 13:45:42,404] {processor.py:641} INFO - Processing file /opt/airflow/dags/chapter03/09_no_catchup.py for tasks to queue
[2022-06-26 13:45:42,405] {logging_mixin.py:115} INFO - [2022-06-26 13:45:42,405] {dagbag.py:507} INFO - Filling up the DagBag from /opt/airflow/dags/chapter03/09_no_catchup.py
[2022-06-26 13:45:42,676] {processor.py:651} INFO - DAG(s) dict_keys(['09_no_catchup']) retrieved from /opt/airflow/dags/chapter03/09_no_catchup.py
[2022-06-26 13:45:42,696] {logging_mixin.py:115} INFO - [2022-06-26 13:45:42,696] {dag.py:2371} INFO - Sync 1 DAGs
[2022-06-26 13:45:42,709] {logging_mixin.py:115} INFO - [2022-06-26 13:45:42,709] {dag.py:2919} INFO - Setting next_dagrun for 09_no_catchup to None, run_after=None
[2022-06-26 13:45:42,716] {processor.py:161} INFO - Processing /opt/airflow/dags/chapter03/09_no_catchup.py took 0.315 seconds
[2022-06-26 13:46:13,140] {processor.py:153} INFO - Started process (PID=1065) to work on /opt/airflow/dags/chapter03/09_no_catchup.py
[2022-06-26 13:46:13,141] {processor.py:641} INFO - Processing file /opt/airflow/dags/chapter03/09_no_catchup.py for tasks to queue
[2022-06-26 13:46:13,142] {logging_mixin.py:115} INFO - [2022-06-26 13:46:13,142] {dagbag.py:507} INFO - Filling up the DagBag from /opt/airflow/dags/chapter03/09_no_catchup.py
[2022-06-26 13:46:13,336] {processor.py:651} INFO - DAG(s) dict_keys(['09_no_catchup']) retrieved from /opt/airflow/dags/chapter03/09_no_catchup.py
[2022-06-26 13:46:13,351] {logging_mixin.py:115} INFO - [2022-06-26 13:46:13,351] {dag.py:2371} INFO - Sync 1 DAGs
[2022-06-26 13:46:13,363] {logging_mixin.py:115} INFO - [2022-06-26 13:46:13,363] {dag.py:2919} INFO - Setting next_dagrun for 09_no_catchup to None, run_after=None
[2022-06-26 13:46:13,371] {processor.py:161} INFO - Processing /opt/airflow/dags/chapter03/09_no_catchup.py took 0.233 seconds
[2022-06-26 13:46:43,868] {processor.py:153} INFO - Started process (PID=1126) to work on /opt/airflow/dags/chapter03/09_no_catchup.py
[2022-06-26 13:46:43,869] {processor.py:641} INFO - Processing file /opt/airflow/dags/chapter03/09_no_catchup.py for tasks to queue
[2022-06-26 13:46:43,870] {logging_mixin.py:115} INFO - [2022-06-26 13:46:43,870] {dagbag.py:507} INFO - Filling up the DagBag from /opt/airflow/dags/chapter03/09_no_catchup.py
[2022-06-26 13:46:44,059] {processor.py:651} INFO - DAG(s) dict_keys(['09_no_catchup']) retrieved from /opt/airflow/dags/chapter03/09_no_catchup.py
[2022-06-26 13:46:44,074] {logging_mixin.py:115} INFO - [2022-06-26 13:46:44,074] {dag.py:2371} INFO - Sync 1 DAGs
[2022-06-26 13:46:44,085] {logging_mixin.py:115} INFO - [2022-06-26 13:46:44,085] {dag.py:2919} INFO - Setting next_dagrun for 09_no_catchup to None, run_after=None
[2022-06-26 13:46:44,093] {processor.py:161} INFO - Processing /opt/airflow/dags/chapter03/09_no_catchup.py took 0.229 seconds
[2022-06-26 13:47:14,741] {processor.py:153} INFO - Started process (PID=1187) to work on /opt/airflow/dags/chapter03/09_no_catchup.py
[2022-06-26 13:47:14,743] {processor.py:641} INFO - Processing file /opt/airflow/dags/chapter03/09_no_catchup.py for tasks to queue
[2022-06-26 13:47:14,745] {logging_mixin.py:115} INFO - [2022-06-26 13:47:14,745] {dagbag.py:507} INFO - Filling up the DagBag from /opt/airflow/dags/chapter03/09_no_catchup.py
[2022-06-26 13:47:14,948] {processor.py:651} INFO - DAG(s) dict_keys(['09_no_catchup']) retrieved from /opt/airflow/dags/chapter03/09_no_catchup.py
[2022-06-26 13:47:14,966] {logging_mixin.py:115} INFO - [2022-06-26 13:47:14,965] {dag.py:2371} INFO - Sync 1 DAGs
[2022-06-26 13:47:14,980] {logging_mixin.py:115} INFO - [2022-06-26 13:47:14,980] {dag.py:2919} INFO - Setting next_dagrun for 09_no_catchup to None, run_after=None
[2022-06-26 13:47:14,989] {processor.py:161} INFO - Processing /opt/airflow/dags/chapter03/09_no_catchup.py took 0.250 seconds
[2022-06-26 13:47:45,837] {processor.py:153} INFO - Started process (PID=1248) to work on /opt/airflow/dags/chapter03/09_no_catchup.py
[2022-06-26 13:47:45,839] {processor.py:641} INFO - Processing file /opt/airflow/dags/chapter03/09_no_catchup.py for tasks to queue
[2022-06-26 13:47:45,841] {logging_mixin.py:115} INFO - [2022-06-26 13:47:45,841] {dagbag.py:507} INFO - Filling up the DagBag from /opt/airflow/dags/chapter03/09_no_catchup.py
[2022-06-26 13:47:46,030] {processor.py:651} INFO - DAG(s) dict_keys(['09_no_catchup']) retrieved from /opt/airflow/dags/chapter03/09_no_catchup.py
[2022-06-26 13:47:46,045] {logging_mixin.py:115} INFO - [2022-06-26 13:47:46,044] {dag.py:2371} INFO - Sync 1 DAGs
[2022-06-26 13:47:46,057] {logging_mixin.py:115} INFO - [2022-06-26 13:47:46,057] {dag.py:2919} INFO - Setting next_dagrun for 09_no_catchup to None, run_after=None
[2022-06-26 13:47:46,069] {processor.py:161} INFO - Processing /opt/airflow/dags/chapter03/09_no_catchup.py took 0.234 seconds
[2022-06-26 13:48:16,617] {processor.py:153} INFO - Started process (PID=1308) to work on /opt/airflow/dags/chapter03/09_no_catchup.py
[2022-06-26 13:48:16,620] {processor.py:641} INFO - Processing file /opt/airflow/dags/chapter03/09_no_catchup.py for tasks to queue
[2022-06-26 13:48:16,622] {logging_mixin.py:115} INFO - [2022-06-26 13:48:16,622] {dagbag.py:507} INFO - Filling up the DagBag from /opt/airflow/dags/chapter03/09_no_catchup.py
[2022-06-26 13:48:16,849] {processor.py:651} INFO - DAG(s) dict_keys(['09_no_catchup']) retrieved from /opt/airflow/dags/chapter03/09_no_catchup.py
[2022-06-26 13:48:16,867] {logging_mixin.py:115} INFO - [2022-06-26 13:48:16,867] {dag.py:2371} INFO - Sync 1 DAGs
[2022-06-26 13:48:16,881] {logging_mixin.py:115} INFO - [2022-06-26 13:48:16,881] {dag.py:2919} INFO - Setting next_dagrun for 09_no_catchup to None, run_after=None
[2022-06-26 13:48:16,891] {processor.py:161} INFO - Processing /opt/airflow/dags/chapter03/09_no_catchup.py took 0.277 seconds
[2022-06-26 13:48:47,418] {processor.py:153} INFO - Started process (PID=1359) to work on /opt/airflow/dags/chapter03/09_no_catchup.py
[2022-06-26 13:48:47,420] {processor.py:641} INFO - Processing file /opt/airflow/dags/chapter03/09_no_catchup.py for tasks to queue
[2022-06-26 13:48:47,421] {logging_mixin.py:115} INFO - [2022-06-26 13:48:47,421] {dagbag.py:507} INFO - Filling up the DagBag from /opt/airflow/dags/chapter03/09_no_catchup.py
[2022-06-26 13:48:47,622] {processor.py:651} INFO - DAG(s) dict_keys(['09_no_catchup']) retrieved from /opt/airflow/dags/chapter03/09_no_catchup.py
[2022-06-26 13:48:47,636] {logging_mixin.py:115} INFO - [2022-06-26 13:48:47,636] {dag.py:2371} INFO - Sync 1 DAGs
[2022-06-26 13:48:47,649] {logging_mixin.py:115} INFO - [2022-06-26 13:48:47,649] {dag.py:2919} INFO - Setting next_dagrun for 09_no_catchup to None, run_after=None
[2022-06-26 13:48:47,655] {processor.py:161} INFO - Processing /opt/airflow/dags/chapter03/09_no_catchup.py took 0.239 seconds
[2022-06-26 13:49:18,252] {processor.py:153} INFO - Started process (PID=1419) to work on /opt/airflow/dags/chapter03/09_no_catchup.py
[2022-06-26 13:49:18,254] {processor.py:641} INFO - Processing file /opt/airflow/dags/chapter03/09_no_catchup.py for tasks to queue
[2022-06-26 13:49:18,255] {logging_mixin.py:115} INFO - [2022-06-26 13:49:18,255] {dagbag.py:507} INFO - Filling up the DagBag from /opt/airflow/dags/chapter03/09_no_catchup.py
[2022-06-26 13:49:18,451] {processor.py:651} INFO - DAG(s) dict_keys(['09_no_catchup']) retrieved from /opt/airflow/dags/chapter03/09_no_catchup.py
[2022-06-26 13:49:18,465] {logging_mixin.py:115} INFO - [2022-06-26 13:49:18,464] {dag.py:2371} INFO - Sync 1 DAGs
[2022-06-26 13:49:18,477] {logging_mixin.py:115} INFO - [2022-06-26 13:49:18,477] {dag.py:2919} INFO - Setting next_dagrun for 09_no_catchup to None, run_after=None
[2022-06-26 13:49:18,484] {processor.py:161} INFO - Processing /opt/airflow/dags/chapter03/09_no_catchup.py took 0.236 seconds
[2022-06-26 13:49:48,931] {processor.py:153} INFO - Started process (PID=1480) to work on /opt/airflow/dags/chapter03/09_no_catchup.py
[2022-06-26 13:49:48,933] {processor.py:641} INFO - Processing file /opt/airflow/dags/chapter03/09_no_catchup.py for tasks to queue
[2022-06-26 13:49:48,934] {logging_mixin.py:115} INFO - [2022-06-26 13:49:48,934] {dagbag.py:507} INFO - Filling up the DagBag from /opt/airflow/dags/chapter03/09_no_catchup.py
[2022-06-26 13:49:49,125] {processor.py:651} INFO - DAG(s) dict_keys(['09_no_catchup']) retrieved from /opt/airflow/dags/chapter03/09_no_catchup.py
[2022-06-26 13:49:49,140] {logging_mixin.py:115} INFO - [2022-06-26 13:49:49,140] {dag.py:2371} INFO - Sync 1 DAGs
[2022-06-26 13:49:49,153] {logging_mixin.py:115} INFO - [2022-06-26 13:49:49,153] {dag.py:2919} INFO - Setting next_dagrun for 09_no_catchup to None, run_after=None
[2022-06-26 13:49:49,159] {processor.py:161} INFO - Processing /opt/airflow/dags/chapter03/09_no_catchup.py took 0.230 seconds
[2022-06-26 13:50:19,664] {processor.py:153} INFO - Started process (PID=1542) to work on /opt/airflow/dags/chapter03/09_no_catchup.py
[2022-06-26 13:50:19,667] {processor.py:641} INFO - Processing file /opt/airflow/dags/chapter03/09_no_catchup.py for tasks to queue
[2022-06-26 13:50:19,669] {logging_mixin.py:115} INFO - [2022-06-26 13:50:19,669] {dagbag.py:507} INFO - Filling up the DagBag from /opt/airflow/dags/chapter03/09_no_catchup.py
[2022-06-26 13:50:19,889] {processor.py:651} INFO - DAG(s) dict_keys(['09_no_catchup']) retrieved from /opt/airflow/dags/chapter03/09_no_catchup.py
[2022-06-26 13:50:19,907] {logging_mixin.py:115} INFO - [2022-06-26 13:50:19,906] {dag.py:2371} INFO - Sync 1 DAGs
[2022-06-26 13:50:19,922] {logging_mixin.py:115} INFO - [2022-06-26 13:50:19,922] {dag.py:2919} INFO - Setting next_dagrun for 09_no_catchup to None, run_after=None
[2022-06-26 13:50:19,933] {processor.py:161} INFO - Processing /opt/airflow/dags/chapter03/09_no_catchup.py took 0.271 seconds
[2022-06-26 13:50:50,491] {processor.py:153} INFO - Started process (PID=1603) to work on /opt/airflow/dags/chapter03/09_no_catchup.py
[2022-06-26 13:50:50,493] {processor.py:641} INFO - Processing file /opt/airflow/dags/chapter03/09_no_catchup.py for tasks to queue
[2022-06-26 13:50:50,494] {logging_mixin.py:115} INFO - [2022-06-26 13:50:50,494] {dagbag.py:507} INFO - Filling up the DagBag from /opt/airflow/dags/chapter03/09_no_catchup.py
[2022-06-26 13:50:50,702] {processor.py:651} INFO - DAG(s) dict_keys(['09_no_catchup']) retrieved from /opt/airflow/dags/chapter03/09_no_catchup.py
[2022-06-26 13:50:50,717] {logging_mixin.py:115} INFO - [2022-06-26 13:50:50,717] {dag.py:2371} INFO - Sync 1 DAGs
[2022-06-26 13:50:50,730] {logging_mixin.py:115} INFO - [2022-06-26 13:50:50,730] {dag.py:2919} INFO - Setting next_dagrun for 09_no_catchup to None, run_after=None
[2022-06-26 13:50:50,737] {processor.py:161} INFO - Processing /opt/airflow/dags/chapter03/09_no_catchup.py took 0.248 seconds
[2022-06-26 13:51:21,168] {processor.py:153} INFO - Started process (PID=1663) to work on /opt/airflow/dags/chapter03/09_no_catchup.py
[2022-06-26 13:51:21,170] {processor.py:641} INFO - Processing file /opt/airflow/dags/chapter03/09_no_catchup.py for tasks to queue
[2022-06-26 13:51:21,171] {logging_mixin.py:115} INFO - [2022-06-26 13:51:21,170] {dagbag.py:507} INFO - Filling up the DagBag from /opt/airflow/dags/chapter03/09_no_catchup.py
[2022-06-26 13:51:21,360] {processor.py:651} INFO - DAG(s) dict_keys(['09_no_catchup']) retrieved from /opt/airflow/dags/chapter03/09_no_catchup.py
[2022-06-26 13:51:21,374] {logging_mixin.py:115} INFO - [2022-06-26 13:51:21,374] {dag.py:2371} INFO - Sync 1 DAGs
[2022-06-26 13:51:21,386] {logging_mixin.py:115} INFO - [2022-06-26 13:51:21,386] {dag.py:2919} INFO - Setting next_dagrun for 09_no_catchup to None, run_after=None
[2022-06-26 13:51:21,394] {processor.py:161} INFO - Processing /opt/airflow/dags/chapter03/09_no_catchup.py took 0.229 seconds
[2022-06-26 13:51:51,937] {processor.py:153} INFO - Started process (PID=1723) to work on /opt/airflow/dags/chapter03/09_no_catchup.py
[2022-06-26 13:51:51,939] {processor.py:641} INFO - Processing file /opt/airflow/dags/chapter03/09_no_catchup.py for tasks to queue
[2022-06-26 13:51:51,940] {logging_mixin.py:115} INFO - [2022-06-26 13:51:51,940] {dagbag.py:507} INFO - Filling up the DagBag from /opt/airflow/dags/chapter03/09_no_catchup.py
[2022-06-26 13:51:52,127] {processor.py:651} INFO - DAG(s) dict_keys(['09_no_catchup']) retrieved from /opt/airflow/dags/chapter03/09_no_catchup.py
[2022-06-26 13:51:52,142] {logging_mixin.py:115} INFO - [2022-06-26 13:51:52,142] {dag.py:2371} INFO - Sync 1 DAGs
[2022-06-26 13:51:52,155] {logging_mixin.py:115} INFO - [2022-06-26 13:51:52,155] {dag.py:2919} INFO - Setting next_dagrun for 09_no_catchup to None, run_after=None
[2022-06-26 13:51:52,162] {processor.py:161} INFO - Processing /opt/airflow/dags/chapter03/09_no_catchup.py took 0.227 seconds
[2022-06-26 13:52:22,775] {processor.py:153} INFO - Started process (PID=1774) to work on /opt/airflow/dags/chapter03/09_no_catchup.py
[2022-06-26 13:52:22,778] {processor.py:641} INFO - Processing file /opt/airflow/dags/chapter03/09_no_catchup.py for tasks to queue
[2022-06-26 13:52:22,779] {logging_mixin.py:115} INFO - [2022-06-26 13:52:22,778] {dagbag.py:507} INFO - Filling up the DagBag from /opt/airflow/dags/chapter03/09_no_catchup.py
[2022-06-26 13:52:22,968] {processor.py:651} INFO - DAG(s) dict_keys(['09_no_catchup']) retrieved from /opt/airflow/dags/chapter03/09_no_catchup.py
[2022-06-26 13:52:22,983] {logging_mixin.py:115} INFO - [2022-06-26 13:52:22,983] {dag.py:2371} INFO - Sync 1 DAGs
[2022-06-26 13:52:22,995] {logging_mixin.py:115} INFO - [2022-06-26 13:52:22,995] {dag.py:2919} INFO - Setting next_dagrun for 09_no_catchup to None, run_after=None
[2022-06-26 13:52:23,002] {processor.py:161} INFO - Processing /opt/airflow/dags/chapter03/09_no_catchup.py took 0.229 seconds
[2022-06-26 13:52:53,845] {processor.py:153} INFO - Started process (PID=1834) to work on /opt/airflow/dags/chapter03/09_no_catchup.py
[2022-06-26 13:52:53,846] {processor.py:641} INFO - Processing file /opt/airflow/dags/chapter03/09_no_catchup.py for tasks to queue
[2022-06-26 13:52:53,847] {logging_mixin.py:115} INFO - [2022-06-26 13:52:53,847] {dagbag.py:507} INFO - Filling up the DagBag from /opt/airflow/dags/chapter03/09_no_catchup.py
[2022-06-26 13:52:54,042] {processor.py:651} INFO - DAG(s) dict_keys(['09_no_catchup']) retrieved from /opt/airflow/dags/chapter03/09_no_catchup.py
[2022-06-26 13:52:54,058] {logging_mixin.py:115} INFO - [2022-06-26 13:52:54,058] {dag.py:2371} INFO - Sync 1 DAGs
[2022-06-26 13:52:54,071] {logging_mixin.py:115} INFO - [2022-06-26 13:52:54,071] {dag.py:2919} INFO - Setting next_dagrun for 09_no_catchup to None, run_after=None
[2022-06-26 13:52:54,077] {processor.py:161} INFO - Processing /opt/airflow/dags/chapter03/09_no_catchup.py took 0.235 seconds
[2022-06-26 13:53:24,525] {processor.py:153} INFO - Started process (PID=1895) to work on /opt/airflow/dags/chapter03/09_no_catchup.py
[2022-06-26 13:53:24,527] {processor.py:641} INFO - Processing file /opt/airflow/dags/chapter03/09_no_catchup.py for tasks to queue
[2022-06-26 13:53:24,529] {logging_mixin.py:115} INFO - [2022-06-26 13:53:24,529] {dagbag.py:507} INFO - Filling up the DagBag from /opt/airflow/dags/chapter03/09_no_catchup.py
[2022-06-26 13:53:24,787] {processor.py:651} INFO - DAG(s) dict_keys(['09_no_catchup']) retrieved from /opt/airflow/dags/chapter03/09_no_catchup.py
[2022-06-26 13:53:24,809] {logging_mixin.py:115} INFO - [2022-06-26 13:53:24,806] {dag.py:2371} INFO - Sync 1 DAGs
[2022-06-26 13:53:24,824] {logging_mixin.py:115} INFO - [2022-06-26 13:53:24,824] {dag.py:2919} INFO - Setting next_dagrun for 09_no_catchup to None, run_after=None
[2022-06-26 13:53:24,834] {processor.py:161} INFO - Processing /opt/airflow/dags/chapter03/09_no_catchup.py took 0.311 seconds
[2022-06-26 13:53:55,392] {processor.py:153} INFO - Started process (PID=1956) to work on /opt/airflow/dags/chapter03/09_no_catchup.py
[2022-06-26 13:53:55,394] {processor.py:641} INFO - Processing file /opt/airflow/dags/chapter03/09_no_catchup.py for tasks to queue
[2022-06-26 13:53:55,398] {logging_mixin.py:115} INFO - [2022-06-26 13:53:55,398] {dagbag.py:507} INFO - Filling up the DagBag from /opt/airflow/dags/chapter03/09_no_catchup.py
[2022-06-26 13:53:55,693] {processor.py:651} INFO - DAG(s) dict_keys(['09_no_catchup']) retrieved from /opt/airflow/dags/chapter03/09_no_catchup.py
[2022-06-26 13:53:55,714] {logging_mixin.py:115} INFO - [2022-06-26 13:53:55,713] {dag.py:2371} INFO - Sync 1 DAGs
[2022-06-26 13:53:55,731] {logging_mixin.py:115} INFO - [2022-06-26 13:53:55,731] {dag.py:2919} INFO - Setting next_dagrun for 09_no_catchup to None, run_after=None
[2022-06-26 13:53:55,740] {processor.py:161} INFO - Processing /opt/airflow/dags/chapter03/09_no_catchup.py took 0.350 seconds
[2022-06-26 13:54:26,530] {processor.py:153} INFO - Started process (PID=2016) to work on /opt/airflow/dags/chapter03/09_no_catchup.py
[2022-06-26 13:54:26,532] {processor.py:641} INFO - Processing file /opt/airflow/dags/chapter03/09_no_catchup.py for tasks to queue
[2022-06-26 13:54:26,533] {logging_mixin.py:115} INFO - [2022-06-26 13:54:26,533] {dagbag.py:507} INFO - Filling up the DagBag from /opt/airflow/dags/chapter03/09_no_catchup.py
[2022-06-26 13:54:26,746] {processor.py:651} INFO - DAG(s) dict_keys(['09_no_catchup']) retrieved from /opt/airflow/dags/chapter03/09_no_catchup.py
[2022-06-26 13:54:26,763] {logging_mixin.py:115} INFO - [2022-06-26 13:54:26,762] {dag.py:2371} INFO - Sync 1 DAGs
[2022-06-26 13:54:26,775] {logging_mixin.py:115} INFO - [2022-06-26 13:54:26,775] {dag.py:2919} INFO - Setting next_dagrun for 09_no_catchup to None, run_after=None
[2022-06-26 13:54:26,783] {processor.py:161} INFO - Processing /opt/airflow/dags/chapter03/09_no_catchup.py took 0.255 seconds
[2022-06-26 13:54:57,366] {processor.py:153} INFO - Started process (PID=2077) to work on /opt/airflow/dags/chapter03/09_no_catchup.py
[2022-06-26 13:54:57,368] {processor.py:641} INFO - Processing file /opt/airflow/dags/chapter03/09_no_catchup.py for tasks to queue
[2022-06-26 13:54:57,369] {logging_mixin.py:115} INFO - [2022-06-26 13:54:57,369] {dagbag.py:507} INFO - Filling up the DagBag from /opt/airflow/dags/chapter03/09_no_catchup.py
[2022-06-26 13:54:57,594] {processor.py:651} INFO - DAG(s) dict_keys(['09_no_catchup']) retrieved from /opt/airflow/dags/chapter03/09_no_catchup.py
[2022-06-26 13:54:57,611] {logging_mixin.py:115} INFO - [2022-06-26 13:54:57,611] {dag.py:2371} INFO - Sync 1 DAGs
[2022-06-26 13:54:57,625] {logging_mixin.py:115} INFO - [2022-06-26 13:54:57,625] {dag.py:2919} INFO - Setting next_dagrun for 09_no_catchup to None, run_after=None
[2022-06-26 13:54:57,633] {processor.py:161} INFO - Processing /opt/airflow/dags/chapter03/09_no_catchup.py took 0.269 seconds
[2022-06-26 13:55:28,283] {processor.py:153} INFO - Started process (PID=2137) to work on /opt/airflow/dags/chapter03/09_no_catchup.py
[2022-06-26 13:55:28,285] {processor.py:641} INFO - Processing file /opt/airflow/dags/chapter03/09_no_catchup.py for tasks to queue
[2022-06-26 13:55:28,286] {logging_mixin.py:115} INFO - [2022-06-26 13:55:28,286] {dagbag.py:507} INFO - Filling up the DagBag from /opt/airflow/dags/chapter03/09_no_catchup.py
[2022-06-26 13:55:28,487] {processor.py:651} INFO - DAG(s) dict_keys(['09_no_catchup']) retrieved from /opt/airflow/dags/chapter03/09_no_catchup.py
[2022-06-26 13:55:28,504] {logging_mixin.py:115} INFO - [2022-06-26 13:55:28,504] {dag.py:2371} INFO - Sync 1 DAGs
[2022-06-26 13:55:28,517] {logging_mixin.py:115} INFO - [2022-06-26 13:55:28,517] {dag.py:2919} INFO - Setting next_dagrun for 09_no_catchup to None, run_after=None
[2022-06-26 13:55:28,524] {processor.py:161} INFO - Processing /opt/airflow/dags/chapter03/09_no_catchup.py took 0.244 seconds
[2022-06-26 13:55:59,383] {processor.py:153} INFO - Started process (PID=2198) to work on /opt/airflow/dags/chapter03/09_no_catchup.py
[2022-06-26 13:55:59,385] {processor.py:641} INFO - Processing file /opt/airflow/dags/chapter03/09_no_catchup.py for tasks to queue
[2022-06-26 13:55:59,386] {logging_mixin.py:115} INFO - [2022-06-26 13:55:59,386] {dagbag.py:507} INFO - Filling up the DagBag from /opt/airflow/dags/chapter03/09_no_catchup.py
[2022-06-26 13:55:59,682] {processor.py:651} INFO - DAG(s) dict_keys(['09_no_catchup']) retrieved from /opt/airflow/dags/chapter03/09_no_catchup.py
[2022-06-26 13:55:59,700] {logging_mixin.py:115} INFO - [2022-06-26 13:55:59,699] {dag.py:2371} INFO - Sync 1 DAGs
[2022-06-26 13:55:59,714] {logging_mixin.py:115} INFO - [2022-06-26 13:55:59,714] {dag.py:2919} INFO - Setting next_dagrun for 09_no_catchup to None, run_after=None
[2022-06-26 13:55:59,721] {processor.py:161} INFO - Processing /opt/airflow/dags/chapter03/09_no_catchup.py took 0.340 seconds
[2022-06-26 13:56:30,247] {processor.py:153} INFO - Started process (PID=2248) to work on /opt/airflow/dags/chapter03/09_no_catchup.py
[2022-06-26 13:56:30,249] {processor.py:641} INFO - Processing file /opt/airflow/dags/chapter03/09_no_catchup.py for tasks to queue
[2022-06-26 13:56:30,250] {logging_mixin.py:115} INFO - [2022-06-26 13:56:30,250] {dagbag.py:507} INFO - Filling up the DagBag from /opt/airflow/dags/chapter03/09_no_catchup.py
[2022-06-26 13:56:30,489] {processor.py:651} INFO - DAG(s) dict_keys(['09_no_catchup']) retrieved from /opt/airflow/dags/chapter03/09_no_catchup.py
[2022-06-26 13:56:30,512] {logging_mixin.py:115} INFO - [2022-06-26 13:56:30,512] {dag.py:2371} INFO - Sync 1 DAGs
[2022-06-26 13:56:30,530] {logging_mixin.py:115} INFO - [2022-06-26 13:56:30,530] {dag.py:2919} INFO - Setting next_dagrun for 09_no_catchup to None, run_after=None
[2022-06-26 13:56:30,551] {processor.py:161} INFO - Processing /opt/airflow/dags/chapter03/09_no_catchup.py took 0.306 seconds
[2022-06-26 13:57:01,271] {processor.py:153} INFO - Started process (PID=2311) to work on /opt/airflow/dags/chapter03/09_no_catchup.py
[2022-06-26 13:57:01,275] {processor.py:641} INFO - Processing file /opt/airflow/dags/chapter03/09_no_catchup.py for tasks to queue
[2022-06-26 13:57:01,276] {logging_mixin.py:115} INFO - [2022-06-26 13:57:01,276] {dagbag.py:507} INFO - Filling up the DagBag from /opt/airflow/dags/chapter03/09_no_catchup.py
[2022-06-26 13:57:01,495] {processor.py:651} INFO - DAG(s) dict_keys(['09_no_catchup']) retrieved from /opt/airflow/dags/chapter03/09_no_catchup.py
[2022-06-26 13:57:01,513] {logging_mixin.py:115} INFO - [2022-06-26 13:57:01,513] {dag.py:2371} INFO - Sync 1 DAGs
[2022-06-26 13:57:01,529] {logging_mixin.py:115} INFO - [2022-06-26 13:57:01,529] {dag.py:2919} INFO - Setting next_dagrun for 09_no_catchup to None, run_after=None
[2022-06-26 13:57:01,538] {processor.py:161} INFO - Processing /opt/airflow/dags/chapter03/09_no_catchup.py took 0.270 seconds
[2022-06-26 13:57:31,686] {processor.py:153} INFO - Started process (PID=2372) to work on /opt/airflow/dags/chapter03/09_no_catchup.py
[2022-06-26 13:57:31,688] {processor.py:641} INFO - Processing file /opt/airflow/dags/chapter03/09_no_catchup.py for tasks to queue
[2022-06-26 13:57:31,691] {logging_mixin.py:115} INFO - [2022-06-26 13:57:31,691] {dagbag.py:507} INFO - Filling up the DagBag from /opt/airflow/dags/chapter03/09_no_catchup.py
[2022-06-26 13:57:31,882] {processor.py:651} INFO - DAG(s) dict_keys(['09_no_catchup']) retrieved from /opt/airflow/dags/chapter03/09_no_catchup.py
[2022-06-26 13:57:31,897] {logging_mixin.py:115} INFO - [2022-06-26 13:57:31,897] {dag.py:2371} INFO - Sync 1 DAGs
[2022-06-26 13:57:31,910] {logging_mixin.py:115} INFO - [2022-06-26 13:57:31,910] {dag.py:2919} INFO - Setting next_dagrun for 09_no_catchup to None, run_after=None
[2022-06-26 13:57:31,918] {processor.py:161} INFO - Processing /opt/airflow/dags/chapter03/09_no_catchup.py took 0.235 seconds
[2022-06-26 13:58:02,508] {processor.py:153} INFO - Started process (PID=2433) to work on /opt/airflow/dags/chapter03/09_no_catchup.py
[2022-06-26 13:58:02,510] {processor.py:641} INFO - Processing file /opt/airflow/dags/chapter03/09_no_catchup.py for tasks to queue
[2022-06-26 13:58:02,511] {logging_mixin.py:115} INFO - [2022-06-26 13:58:02,511] {dagbag.py:507} INFO - Filling up the DagBag from /opt/airflow/dags/chapter03/09_no_catchup.py
[2022-06-26 13:58:02,707] {processor.py:651} INFO - DAG(s) dict_keys(['09_no_catchup']) retrieved from /opt/airflow/dags/chapter03/09_no_catchup.py
[2022-06-26 13:58:02,721] {logging_mixin.py:115} INFO - [2022-06-26 13:58:02,721] {dag.py:2371} INFO - Sync 1 DAGs
[2022-06-26 13:58:02,737] {logging_mixin.py:115} INFO - [2022-06-26 13:58:02,737] {dag.py:2919} INFO - Setting next_dagrun for 09_no_catchup to None, run_after=None
[2022-06-26 13:58:02,746] {processor.py:161} INFO - Processing /opt/airflow/dags/chapter03/09_no_catchup.py took 0.240 seconds
[2022-06-26 13:58:33,433] {processor.py:153} INFO - Started process (PID=2494) to work on /opt/airflow/dags/chapter03/09_no_catchup.py
[2022-06-26 13:58:33,434] {processor.py:641} INFO - Processing file /opt/airflow/dags/chapter03/09_no_catchup.py for tasks to queue
[2022-06-26 13:58:33,435] {logging_mixin.py:115} INFO - [2022-06-26 13:58:33,435] {dagbag.py:507} INFO - Filling up the DagBag from /opt/airflow/dags/chapter03/09_no_catchup.py
[2022-06-26 13:58:33,664] {processor.py:651} INFO - DAG(s) dict_keys(['09_no_catchup']) retrieved from /opt/airflow/dags/chapter03/09_no_catchup.py
[2022-06-26 13:58:33,683] {logging_mixin.py:115} INFO - [2022-06-26 13:58:33,682] {dag.py:2371} INFO - Sync 1 DAGs
[2022-06-26 13:58:33,697] {logging_mixin.py:115} INFO - [2022-06-26 13:58:33,697] {dag.py:2919} INFO - Setting next_dagrun for 09_no_catchup to None, run_after=None
[2022-06-26 13:58:33,704] {processor.py:161} INFO - Processing /opt/airflow/dags/chapter03/09_no_catchup.py took 0.273 seconds
[2022-06-26 13:59:03,768] {processor.py:153} INFO - Started process (PID=2554) to work on /opt/airflow/dags/chapter03/09_no_catchup.py
[2022-06-26 13:59:03,770] {processor.py:641} INFO - Processing file /opt/airflow/dags/chapter03/09_no_catchup.py for tasks to queue
[2022-06-26 13:59:03,771] {logging_mixin.py:115} INFO - [2022-06-26 13:59:03,771] {dagbag.py:507} INFO - Filling up the DagBag from /opt/airflow/dags/chapter03/09_no_catchup.py
[2022-06-26 13:59:03,961] {processor.py:651} INFO - DAG(s) dict_keys(['09_no_catchup']) retrieved from /opt/airflow/dags/chapter03/09_no_catchup.py
[2022-06-26 13:59:03,975] {logging_mixin.py:115} INFO - [2022-06-26 13:59:03,975] {dag.py:2371} INFO - Sync 1 DAGs
[2022-06-26 13:59:03,988] {logging_mixin.py:115} INFO - [2022-06-26 13:59:03,988] {dag.py:2919} INFO - Setting next_dagrun for 09_no_catchup to None, run_after=None
[2022-06-26 13:59:03,995] {processor.py:161} INFO - Processing /opt/airflow/dags/chapter03/09_no_catchup.py took 0.229 seconds
[2022-06-26 13:59:34,364] {processor.py:153} INFO - Started process (PID=2615) to work on /opt/airflow/dags/chapter03/09_no_catchup.py
[2022-06-26 13:59:34,367] {processor.py:641} INFO - Processing file /opt/airflow/dags/chapter03/09_no_catchup.py for tasks to queue
[2022-06-26 13:59:34,370] {logging_mixin.py:115} INFO - [2022-06-26 13:59:34,369] {dagbag.py:507} INFO - Filling up the DagBag from /opt/airflow/dags/chapter03/09_no_catchup.py
[2022-06-26 13:59:34,735] {processor.py:651} INFO - DAG(s) dict_keys(['09_no_catchup']) retrieved from /opt/airflow/dags/chapter03/09_no_catchup.py
[2022-06-26 13:59:34,754] {logging_mixin.py:115} INFO - [2022-06-26 13:59:34,753] {dag.py:2371} INFO - Sync 1 DAGs
[2022-06-26 13:59:34,776] {logging_mixin.py:115} INFO - [2022-06-26 13:59:34,776] {dag.py:2919} INFO - Setting next_dagrun for 09_no_catchup to None, run_after=None
[2022-06-26 13:59:34,786] {processor.py:161} INFO - Processing /opt/airflow/dags/chapter03/09_no_catchup.py took 0.424 seconds
[2022-06-26 14:00:05,176] {processor.py:153} INFO - Started process (PID=2665) to work on /opt/airflow/dags/chapter03/09_no_catchup.py
[2022-06-26 14:00:05,178] {processor.py:641} INFO - Processing file /opt/airflow/dags/chapter03/09_no_catchup.py for tasks to queue
[2022-06-26 14:00:05,179] {logging_mixin.py:115} INFO - [2022-06-26 14:00:05,179] {dagbag.py:507} INFO - Filling up the DagBag from /opt/airflow/dags/chapter03/09_no_catchup.py
[2022-06-26 14:00:05,374] {processor.py:651} INFO - DAG(s) dict_keys(['09_no_catchup']) retrieved from /opt/airflow/dags/chapter03/09_no_catchup.py
[2022-06-26 14:00:05,391] {logging_mixin.py:115} INFO - [2022-06-26 14:00:05,390] {dag.py:2371} INFO - Sync 1 DAGs
[2022-06-26 14:00:05,403] {logging_mixin.py:115} INFO - [2022-06-26 14:00:05,402] {dag.py:2919} INFO - Setting next_dagrun for 09_no_catchup to None, run_after=None
[2022-06-26 14:00:05,409] {processor.py:161} INFO - Processing /opt/airflow/dags/chapter03/09_no_catchup.py took 0.236 seconds
[2022-06-26 14:00:35,901] {processor.py:153} INFO - Started process (PID=2729) to work on /opt/airflow/dags/chapter03/09_no_catchup.py
[2022-06-26 14:00:35,903] {processor.py:641} INFO - Processing file /opt/airflow/dags/chapter03/09_no_catchup.py for tasks to queue
[2022-06-26 14:00:35,905] {logging_mixin.py:115} INFO - [2022-06-26 14:00:35,905] {dagbag.py:507} INFO - Filling up the DagBag from /opt/airflow/dags/chapter03/09_no_catchup.py
[2022-06-26 14:00:36,135] {processor.py:651} INFO - DAG(s) dict_keys(['09_no_catchup']) retrieved from /opt/airflow/dags/chapter03/09_no_catchup.py
[2022-06-26 14:00:36,152] {logging_mixin.py:115} INFO - [2022-06-26 14:00:36,152] {dag.py:2371} INFO - Sync 1 DAGs
[2022-06-26 14:00:36,166] {logging_mixin.py:115} INFO - [2022-06-26 14:00:36,166] {dag.py:2919} INFO - Setting next_dagrun for 09_no_catchup to None, run_after=None
[2022-06-26 14:00:36,173] {processor.py:161} INFO - Processing /opt/airflow/dags/chapter03/09_no_catchup.py took 0.275 seconds
[2022-06-26 14:01:06,469] {processor.py:153} INFO - Started process (PID=2790) to work on /opt/airflow/dags/chapter03/09_no_catchup.py
[2022-06-26 14:01:06,471] {processor.py:641} INFO - Processing file /opt/airflow/dags/chapter03/09_no_catchup.py for tasks to queue
[2022-06-26 14:01:06,473] {logging_mixin.py:115} INFO - [2022-06-26 14:01:06,473] {dagbag.py:507} INFO - Filling up the DagBag from /opt/airflow/dags/chapter03/09_no_catchup.py
[2022-06-26 14:01:06,679] {processor.py:651} INFO - DAG(s) dict_keys(['09_no_catchup']) retrieved from /opt/airflow/dags/chapter03/09_no_catchup.py
[2022-06-26 14:01:06,694] {logging_mixin.py:115} INFO - [2022-06-26 14:01:06,694] {dag.py:2371} INFO - Sync 1 DAGs
[2022-06-26 14:01:06,710] {logging_mixin.py:115} INFO - [2022-06-26 14:01:06,710] {dag.py:2919} INFO - Setting next_dagrun for 09_no_catchup to None, run_after=None
[2022-06-26 14:01:06,720] {processor.py:161} INFO - Processing /opt/airflow/dags/chapter03/09_no_catchup.py took 0.253 seconds
[2022-06-26 14:01:37,147] {processor.py:153} INFO - Started process (PID=2851) to work on /opt/airflow/dags/chapter03/09_no_catchup.py
[2022-06-26 14:01:37,149] {processor.py:641} INFO - Processing file /opt/airflow/dags/chapter03/09_no_catchup.py for tasks to queue
[2022-06-26 14:01:37,150] {logging_mixin.py:115} INFO - [2022-06-26 14:01:37,150] {dagbag.py:507} INFO - Filling up the DagBag from /opt/airflow/dags/chapter03/09_no_catchup.py
[2022-06-26 14:01:37,363] {processor.py:651} INFO - DAG(s) dict_keys(['09_no_catchup']) retrieved from /opt/airflow/dags/chapter03/09_no_catchup.py
[2022-06-26 14:01:37,378] {logging_mixin.py:115} INFO - [2022-06-26 14:01:37,378] {dag.py:2371} INFO - Sync 1 DAGs
[2022-06-26 14:01:37,390] {logging_mixin.py:115} INFO - [2022-06-26 14:01:37,390] {dag.py:2919} INFO - Setting next_dagrun for 09_no_catchup to None, run_after=None
[2022-06-26 14:01:37,397] {processor.py:161} INFO - Processing /opt/airflow/dags/chapter03/09_no_catchup.py took 0.252 seconds
[2022-06-26 14:02:07,967] {processor.py:153} INFO - Started process (PID=2912) to work on /opt/airflow/dags/chapter03/09_no_catchup.py
[2022-06-26 14:02:07,969] {processor.py:641} INFO - Processing file /opt/airflow/dags/chapter03/09_no_catchup.py for tasks to queue
[2022-06-26 14:02:07,971] {logging_mixin.py:115} INFO - [2022-06-26 14:02:07,971] {dagbag.py:507} INFO - Filling up the DagBag from /opt/airflow/dags/chapter03/09_no_catchup.py
[2022-06-26 14:02:08,212] {processor.py:651} INFO - DAG(s) dict_keys(['09_no_catchup']) retrieved from /opt/airflow/dags/chapter03/09_no_catchup.py
[2022-06-26 14:02:08,235] {logging_mixin.py:115} INFO - [2022-06-26 14:02:08,235] {dag.py:2371} INFO - Sync 1 DAGs
[2022-06-26 14:02:08,253] {logging_mixin.py:115} INFO - [2022-06-26 14:02:08,253] {dag.py:2919} INFO - Setting next_dagrun for 09_no_catchup to None, run_after=None
[2022-06-26 14:02:08,265] {processor.py:161} INFO - Processing /opt/airflow/dags/chapter03/09_no_catchup.py took 0.300 seconds
[2022-06-26 14:02:39,203] {processor.py:153} INFO - Started process (PID=2973) to work on /opt/airflow/dags/chapter03/09_no_catchup.py
[2022-06-26 14:02:39,205] {processor.py:641} INFO - Processing file /opt/airflow/dags/chapter03/09_no_catchup.py for tasks to queue
[2022-06-26 14:02:39,206] {logging_mixin.py:115} INFO - [2022-06-26 14:02:39,206] {dagbag.py:507} INFO - Filling up the DagBag from /opt/airflow/dags/chapter03/09_no_catchup.py
[2022-06-26 14:02:39,437] {processor.py:651} INFO - DAG(s) dict_keys(['09_no_catchup']) retrieved from /opt/airflow/dags/chapter03/09_no_catchup.py
[2022-06-26 14:02:39,454] {logging_mixin.py:115} INFO - [2022-06-26 14:02:39,454] {dag.py:2371} INFO - Sync 1 DAGs
[2022-06-26 14:02:39,469] {logging_mixin.py:115} INFO - [2022-06-26 14:02:39,469] {dag.py:2919} INFO - Setting next_dagrun for 09_no_catchup to None, run_after=None
[2022-06-26 14:02:39,479] {processor.py:161} INFO - Processing /opt/airflow/dags/chapter03/09_no_catchup.py took 0.279 seconds
[2022-06-26 14:03:10,006] {processor.py:153} INFO - Started process (PID=3034) to work on /opt/airflow/dags/chapter03/09_no_catchup.py
[2022-06-26 14:03:10,009] {processor.py:641} INFO - Processing file /opt/airflow/dags/chapter03/09_no_catchup.py for tasks to queue
[2022-06-26 14:03:10,011] {logging_mixin.py:115} INFO - [2022-06-26 14:03:10,011] {dagbag.py:507} INFO - Filling up the DagBag from /opt/airflow/dags/chapter03/09_no_catchup.py
[2022-06-26 14:03:10,260] {processor.py:651} INFO - DAG(s) dict_keys(['09_no_catchup']) retrieved from /opt/airflow/dags/chapter03/09_no_catchup.py
[2022-06-26 14:03:10,283] {logging_mixin.py:115} INFO - [2022-06-26 14:03:10,282] {dag.py:2371} INFO - Sync 1 DAGs
[2022-06-26 14:03:10,301] {logging_mixin.py:115} INFO - [2022-06-26 14:03:10,300] {dag.py:2919} INFO - Setting next_dagrun for 09_no_catchup to None, run_after=None
[2022-06-26 14:03:10,319] {processor.py:161} INFO - Processing /opt/airflow/dags/chapter03/09_no_catchup.py took 0.317 seconds
[2022-06-26 14:03:41,044] {processor.py:153} INFO - Started process (PID=3085) to work on /opt/airflow/dags/chapter03/09_no_catchup.py
[2022-06-26 14:03:41,045] {processor.py:641} INFO - Processing file /opt/airflow/dags/chapter03/09_no_catchup.py for tasks to queue
[2022-06-26 14:03:41,046] {logging_mixin.py:115} INFO - [2022-06-26 14:03:41,046] {dagbag.py:507} INFO - Filling up the DagBag from /opt/airflow/dags/chapter03/09_no_catchup.py
[2022-06-26 14:03:41,271] {processor.py:651} INFO - DAG(s) dict_keys(['09_no_catchup']) retrieved from /opt/airflow/dags/chapter03/09_no_catchup.py
[2022-06-26 14:03:41,286] {logging_mixin.py:115} INFO - [2022-06-26 14:03:41,286] {dag.py:2371} INFO - Sync 1 DAGs
[2022-06-26 14:03:41,299] {logging_mixin.py:115} INFO - [2022-06-26 14:03:41,299] {dag.py:2919} INFO - Setting next_dagrun for 09_no_catchup to None, run_after=None
[2022-06-26 14:03:41,306] {processor.py:161} INFO - Processing /opt/airflow/dags/chapter03/09_no_catchup.py took 0.265 seconds
[2022-06-26 14:04:11,837] {processor.py:153} INFO - Started process (PID=3146) to work on /opt/airflow/dags/chapter03/09_no_catchup.py
[2022-06-26 14:04:11,841] {processor.py:641} INFO - Processing file /opt/airflow/dags/chapter03/09_no_catchup.py for tasks to queue
[2022-06-26 14:04:11,843] {logging_mixin.py:115} INFO - [2022-06-26 14:04:11,843] {dagbag.py:507} INFO - Filling up the DagBag from /opt/airflow/dags/chapter03/09_no_catchup.py
[2022-06-26 14:04:12,069] {processor.py:651} INFO - DAG(s) dict_keys(['09_no_catchup']) retrieved from /opt/airflow/dags/chapter03/09_no_catchup.py
[2022-06-26 14:04:12,089] {logging_mixin.py:115} INFO - [2022-06-26 14:04:12,089] {dag.py:2371} INFO - Sync 1 DAGs
[2022-06-26 14:04:12,109] {logging_mixin.py:115} INFO - [2022-06-26 14:04:12,109] {dag.py:2919} INFO - Setting next_dagrun for 09_no_catchup to None, run_after=None
[2022-06-26 14:04:12,118] {processor.py:161} INFO - Processing /opt/airflow/dags/chapter03/09_no_catchup.py took 0.284 seconds
[2022-06-26 14:04:42,847] {processor.py:153} INFO - Started process (PID=3208) to work on /opt/airflow/dags/chapter03/09_no_catchup.py
[2022-06-26 14:04:42,849] {processor.py:641} INFO - Processing file /opt/airflow/dags/chapter03/09_no_catchup.py for tasks to queue
[2022-06-26 14:04:42,850] {logging_mixin.py:115} INFO - [2022-06-26 14:04:42,850] {dagbag.py:507} INFO - Filling up the DagBag from /opt/airflow/dags/chapter03/09_no_catchup.py
[2022-06-26 14:04:43,054] {processor.py:651} INFO - DAG(s) dict_keys(['09_no_catchup']) retrieved from /opt/airflow/dags/chapter03/09_no_catchup.py
[2022-06-26 14:04:43,077] {logging_mixin.py:115} INFO - [2022-06-26 14:04:43,077] {dag.py:2371} INFO - Sync 1 DAGs
[2022-06-26 14:04:43,092] {logging_mixin.py:115} INFO - [2022-06-26 14:04:43,091] {dag.py:2919} INFO - Setting next_dagrun for 09_no_catchup to None, run_after=None
[2022-06-26 14:04:43,101] {processor.py:161} INFO - Processing /opt/airflow/dags/chapter03/09_no_catchup.py took 0.256 seconds
[2022-06-26 14:05:13,656] {processor.py:153} INFO - Started process (PID=3269) to work on /opt/airflow/dags/chapter03/09_no_catchup.py
[2022-06-26 14:05:13,657] {processor.py:641} INFO - Processing file /opt/airflow/dags/chapter03/09_no_catchup.py for tasks to queue
[2022-06-26 14:05:13,658] {logging_mixin.py:115} INFO - [2022-06-26 14:05:13,658] {dagbag.py:507} INFO - Filling up the DagBag from /opt/airflow/dags/chapter03/09_no_catchup.py
[2022-06-26 14:05:13,909] {processor.py:651} INFO - DAG(s) dict_keys(['09_no_catchup']) retrieved from /opt/airflow/dags/chapter03/09_no_catchup.py
[2022-06-26 14:05:13,930] {logging_mixin.py:115} INFO - [2022-06-26 14:05:13,930] {dag.py:2371} INFO - Sync 1 DAGs
[2022-06-26 14:05:13,951] {logging_mixin.py:115} INFO - [2022-06-26 14:05:13,951] {dag.py:2919} INFO - Setting next_dagrun for 09_no_catchup to None, run_after=None
[2022-06-26 14:05:13,967] {processor.py:161} INFO - Processing /opt/airflow/dags/chapter03/09_no_catchup.py took 0.313 seconds
[2022-06-26 14:05:44,128] {processor.py:153} INFO - Started process (PID=3330) to work on /opt/airflow/dags/chapter03/09_no_catchup.py
[2022-06-26 14:05:44,130] {processor.py:641} INFO - Processing file /opt/airflow/dags/chapter03/09_no_catchup.py for tasks to queue
[2022-06-26 14:05:44,131] {logging_mixin.py:115} INFO - [2022-06-26 14:05:44,131] {dagbag.py:507} INFO - Filling up the DagBag from /opt/airflow/dags/chapter03/09_no_catchup.py
[2022-06-26 14:05:44,396] {processor.py:651} INFO - DAG(s) dict_keys(['09_no_catchup']) retrieved from /opt/airflow/dags/chapter03/09_no_catchup.py
[2022-06-26 14:05:44,413] {logging_mixin.py:115} INFO - [2022-06-26 14:05:44,412] {dag.py:2371} INFO - Sync 1 DAGs
[2022-06-26 14:05:44,427] {logging_mixin.py:115} INFO - [2022-06-26 14:05:44,427] {dag.py:2919} INFO - Setting next_dagrun for 09_no_catchup to None, run_after=None
[2022-06-26 14:05:44,434] {processor.py:161} INFO - Processing /opt/airflow/dags/chapter03/09_no_catchup.py took 0.308 seconds
[2022-06-26 14:09:50,423] {processor.py:153} INFO - Started process (PID=3372) to work on /opt/airflow/dags/chapter03/09_no_catchup.py
[2022-06-26 14:09:50,428] {processor.py:641} INFO - Processing file /opt/airflow/dags/chapter03/09_no_catchup.py for tasks to queue
[2022-06-26 14:09:50,432] {logging_mixin.py:115} INFO - [2022-06-26 14:09:50,431] {dagbag.py:507} INFO - Filling up the DagBag from /opt/airflow/dags/chapter03/09_no_catchup.py
[2022-06-26 14:09:50,968] {processor.py:651} INFO - DAG(s) dict_keys(['09_no_catchup']) retrieved from /opt/airflow/dags/chapter03/09_no_catchup.py
[2022-06-26 14:09:51,004] {logging_mixin.py:115} INFO - [2022-06-26 14:09:51,004] {dag.py:2371} INFO - Sync 1 DAGs
[2022-06-26 14:09:51,041] {logging_mixin.py:115} INFO - [2022-06-26 14:09:51,041] {dag.py:2919} INFO - Setting next_dagrun for 09_no_catchup to None, run_after=None
[2022-06-26 14:09:51,061] {processor.py:161} INFO - Processing /opt/airflow/dags/chapter03/09_no_catchup.py took 0.646 seconds
[2022-06-26 14:10:21,462] {processor.py:153} INFO - Started process (PID=3433) to work on /opt/airflow/dags/chapter03/09_no_catchup.py
[2022-06-26 14:10:21,464] {processor.py:641} INFO - Processing file /opt/airflow/dags/chapter03/09_no_catchup.py for tasks to queue
[2022-06-26 14:10:21,465] {logging_mixin.py:115} INFO - [2022-06-26 14:10:21,465] {dagbag.py:507} INFO - Filling up the DagBag from /opt/airflow/dags/chapter03/09_no_catchup.py
[2022-06-26 14:10:21,656] {processor.py:651} INFO - DAG(s) dict_keys(['09_no_catchup']) retrieved from /opt/airflow/dags/chapter03/09_no_catchup.py
[2022-06-26 14:10:21,668] {logging_mixin.py:115} INFO - [2022-06-26 14:10:21,668] {dag.py:2371} INFO - Sync 1 DAGs
[2022-06-26 14:10:21,683] {logging_mixin.py:115} INFO - [2022-06-26 14:10:21,683] {dag.py:2919} INFO - Setting next_dagrun for 09_no_catchup to None, run_after=None
[2022-06-26 14:10:21,692] {processor.py:161} INFO - Processing /opt/airflow/dags/chapter03/09_no_catchup.py took 0.233 seconds
[2022-06-26 14:10:51,925] {processor.py:153} INFO - Started process (PID=3494) to work on /opt/airflow/dags/chapter03/09_no_catchup.py
[2022-06-26 14:10:51,927] {processor.py:641} INFO - Processing file /opt/airflow/dags/chapter03/09_no_catchup.py for tasks to queue
[2022-06-26 14:10:51,929] {logging_mixin.py:115} INFO - [2022-06-26 14:10:51,928] {dagbag.py:507} INFO - Filling up the DagBag from /opt/airflow/dags/chapter03/09_no_catchup.py
[2022-06-26 14:10:52,225] {processor.py:651} INFO - DAG(s) dict_keys(['09_no_catchup']) retrieved from /opt/airflow/dags/chapter03/09_no_catchup.py
[2022-06-26 14:10:52,268] {logging_mixin.py:115} INFO - [2022-06-26 14:10:52,267] {dag.py:2371} INFO - Sync 1 DAGs
[2022-06-26 14:10:52,284] {logging_mixin.py:115} INFO - [2022-06-26 14:10:52,284] {dag.py:2919} INFO - Setting next_dagrun for 09_no_catchup to None, run_after=None
[2022-06-26 14:10:52,295] {processor.py:161} INFO - Processing /opt/airflow/dags/chapter03/09_no_catchup.py took 0.372 seconds
[2022-06-26 14:11:22,426] {processor.py:153} INFO - Started process (PID=3555) to work on /opt/airflow/dags/chapter03/09_no_catchup.py
[2022-06-26 14:11:22,427] {processor.py:641} INFO - Processing file /opt/airflow/dags/chapter03/09_no_catchup.py for tasks to queue
[2022-06-26 14:11:22,429] {logging_mixin.py:115} INFO - [2022-06-26 14:11:22,429] {dagbag.py:507} INFO - Filling up the DagBag from /opt/airflow/dags/chapter03/09_no_catchup.py
[2022-06-26 14:11:22,629] {processor.py:651} INFO - DAG(s) dict_keys(['09_no_catchup']) retrieved from /opt/airflow/dags/chapter03/09_no_catchup.py
[2022-06-26 14:11:22,644] {logging_mixin.py:115} INFO - [2022-06-26 14:11:22,644] {dag.py:2371} INFO - Sync 1 DAGs
[2022-06-26 14:11:22,658] {logging_mixin.py:115} INFO - [2022-06-26 14:11:22,658] {dag.py:2919} INFO - Setting next_dagrun for 09_no_catchup to None, run_after=None
[2022-06-26 14:11:22,665] {processor.py:161} INFO - Processing /opt/airflow/dags/chapter03/09_no_catchup.py took 0.242 seconds
[2022-06-26 14:11:52,787] {processor.py:153} INFO - Started process (PID=3616) to work on /opt/airflow/dags/chapter03/09_no_catchup.py
[2022-06-26 14:11:52,788] {processor.py:641} INFO - Processing file /opt/airflow/dags/chapter03/09_no_catchup.py for tasks to queue
[2022-06-26 14:11:52,790] {logging_mixin.py:115} INFO - [2022-06-26 14:11:52,790] {dagbag.py:507} INFO - Filling up the DagBag from /opt/airflow/dags/chapter03/09_no_catchup.py
[2022-06-26 14:11:52,965] {processor.py:651} INFO - DAG(s) dict_keys(['09_no_catchup']) retrieved from /opt/airflow/dags/chapter03/09_no_catchup.py
[2022-06-26 14:11:52,978] {logging_mixin.py:115} INFO - [2022-06-26 14:11:52,978] {dag.py:2371} INFO - Sync 1 DAGs
[2022-06-26 14:11:52,990] {logging_mixin.py:115} INFO - [2022-06-26 14:11:52,990] {dag.py:2919} INFO - Setting next_dagrun for 09_no_catchup to None, run_after=None
[2022-06-26 14:11:52,996] {processor.py:161} INFO - Processing /opt/airflow/dags/chapter03/09_no_catchup.py took 0.211 seconds
[2022-06-26 14:12:23,099] {processor.py:153} INFO - Started process (PID=3677) to work on /opt/airflow/dags/chapter03/09_no_catchup.py
[2022-06-26 14:12:23,101] {processor.py:641} INFO - Processing file /opt/airflow/dags/chapter03/09_no_catchup.py for tasks to queue
[2022-06-26 14:12:23,102] {logging_mixin.py:115} INFO - [2022-06-26 14:12:23,102] {dagbag.py:507} INFO - Filling up the DagBag from /opt/airflow/dags/chapter03/09_no_catchup.py
[2022-06-26 14:12:23,281] {processor.py:651} INFO - DAG(s) dict_keys(['09_no_catchup']) retrieved from /opt/airflow/dags/chapter03/09_no_catchup.py
[2022-06-26 14:12:23,293] {logging_mixin.py:115} INFO - [2022-06-26 14:12:23,293] {dag.py:2371} INFO - Sync 1 DAGs
[2022-06-26 14:12:23,304] {logging_mixin.py:115} INFO - [2022-06-26 14:12:23,304] {dag.py:2919} INFO - Setting next_dagrun for 09_no_catchup to None, run_after=None
[2022-06-26 14:12:23,310] {processor.py:161} INFO - Processing /opt/airflow/dags/chapter03/09_no_catchup.py took 0.213 seconds
[2022-06-26 14:12:53,440] {processor.py:153} INFO - Started process (PID=4169) to work on /opt/airflow/dags/chapter03/09_no_catchup.py
[2022-06-26 14:12:53,441] {processor.py:641} INFO - Processing file /opt/airflow/dags/chapter03/09_no_catchup.py for tasks to queue
[2022-06-26 14:12:53,442] {logging_mixin.py:115} INFO - [2022-06-26 14:12:53,442] {dagbag.py:507} INFO - Filling up the DagBag from /opt/airflow/dags/chapter03/09_no_catchup.py
[2022-06-26 14:12:53,647] {processor.py:651} INFO - DAG(s) dict_keys(['09_no_catchup']) retrieved from /opt/airflow/dags/chapter03/09_no_catchup.py
[2022-06-26 14:12:53,663] {logging_mixin.py:115} INFO - [2022-06-26 14:12:53,663] {dag.py:2371} INFO - Sync 1 DAGs
[2022-06-26 14:12:53,677] {logging_mixin.py:115} INFO - [2022-06-26 14:12:53,677] {dag.py:2919} INFO - Setting next_dagrun for 09_no_catchup to None, run_after=None
[2022-06-26 14:12:53,684] {processor.py:161} INFO - Processing /opt/airflow/dags/chapter03/09_no_catchup.py took 0.247 seconds
[2022-06-26 14:13:24,140] {processor.py:153} INFO - Started process (PID=4703) to work on /opt/airflow/dags/chapter03/09_no_catchup.py
[2022-06-26 14:13:24,142] {processor.py:641} INFO - Processing file /opt/airflow/dags/chapter03/09_no_catchup.py for tasks to queue
[2022-06-26 14:13:24,143] {logging_mixin.py:115} INFO - [2022-06-26 14:13:24,143] {dagbag.py:507} INFO - Filling up the DagBag from /opt/airflow/dags/chapter03/09_no_catchup.py
[2022-06-26 14:13:24,355] {processor.py:651} INFO - DAG(s) dict_keys(['09_no_catchup']) retrieved from /opt/airflow/dags/chapter03/09_no_catchup.py
[2022-06-26 14:13:24,369] {logging_mixin.py:115} INFO - [2022-06-26 14:13:24,369] {dag.py:2371} INFO - Sync 1 DAGs
[2022-06-26 14:13:24,380] {logging_mixin.py:115} INFO - [2022-06-26 14:13:24,379] {dag.py:2919} INFO - Setting next_dagrun for 09_no_catchup to None, run_after=None
[2022-06-26 14:13:24,386] {processor.py:161} INFO - Processing /opt/airflow/dags/chapter03/09_no_catchup.py took 0.249 seconds
[2022-06-26 14:13:54,637] {processor.py:153} INFO - Started process (PID=5693) to work on /opt/airflow/dags/chapter03/09_no_catchup.py
[2022-06-26 14:13:54,639] {processor.py:641} INFO - Processing file /opt/airflow/dags/chapter03/09_no_catchup.py for tasks to queue
[2022-06-26 14:13:54,640] {logging_mixin.py:115} INFO - [2022-06-26 14:13:54,640] {dagbag.py:507} INFO - Filling up the DagBag from /opt/airflow/dags/chapter03/09_no_catchup.py
[2022-06-26 14:13:54,837] {processor.py:651} INFO - DAG(s) dict_keys(['09_no_catchup']) retrieved from /opt/airflow/dags/chapter03/09_no_catchup.py
[2022-06-26 14:13:54,851] {logging_mixin.py:115} INFO - [2022-06-26 14:13:54,851] {dag.py:2371} INFO - Sync 1 DAGs
[2022-06-26 14:13:54,863] {logging_mixin.py:115} INFO - [2022-06-26 14:13:54,863] {dag.py:2919} INFO - Setting next_dagrun for 09_no_catchup to None, run_after=None
[2022-06-26 14:13:54,872] {processor.py:161} INFO - Processing /opt/airflow/dags/chapter03/09_no_catchup.py took 0.238 seconds
[2022-06-26 14:14:24,991] {processor.py:153} INFO - Started process (PID=6057) to work on /opt/airflow/dags/chapter03/09_no_catchup.py
[2022-06-26 14:14:24,993] {processor.py:641} INFO - Processing file /opt/airflow/dags/chapter03/09_no_catchup.py for tasks to queue
[2022-06-26 14:14:24,994] {logging_mixin.py:115} INFO - [2022-06-26 14:14:24,993] {dagbag.py:507} INFO - Filling up the DagBag from /opt/airflow/dags/chapter03/09_no_catchup.py
[2022-06-26 14:14:25,206] {processor.py:651} INFO - DAG(s) dict_keys(['09_no_catchup']) retrieved from /opt/airflow/dags/chapter03/09_no_catchup.py
[2022-06-26 14:14:25,219] {logging_mixin.py:115} INFO - [2022-06-26 14:14:25,218] {dag.py:2371} INFO - Sync 1 DAGs
[2022-06-26 14:14:25,230] {logging_mixin.py:115} INFO - [2022-06-26 14:14:25,230] {dag.py:2919} INFO - Setting next_dagrun for 09_no_catchup to None, run_after=None
[2022-06-26 14:14:25,236] {processor.py:161} INFO - Processing /opt/airflow/dags/chapter03/09_no_catchup.py took 0.248 seconds
[2022-06-26 14:14:55,301] {processor.py:153} INFO - Started process (PID=6428) to work on /opt/airflow/dags/chapter03/09_no_catchup.py
[2022-06-26 14:14:55,303] {processor.py:641} INFO - Processing file /opt/airflow/dags/chapter03/09_no_catchup.py for tasks to queue
[2022-06-26 14:14:55,304] {logging_mixin.py:115} INFO - [2022-06-26 14:14:55,304] {dagbag.py:507} INFO - Filling up the DagBag from /opt/airflow/dags/chapter03/09_no_catchup.py
[2022-06-26 14:14:55,511] {processor.py:651} INFO - DAG(s) dict_keys(['09_no_catchup']) retrieved from /opt/airflow/dags/chapter03/09_no_catchup.py
[2022-06-26 14:14:55,527] {logging_mixin.py:115} INFO - [2022-06-26 14:14:55,527] {dag.py:2371} INFO - Sync 1 DAGs
[2022-06-26 14:14:55,539] {logging_mixin.py:115} INFO - [2022-06-26 14:14:55,539] {dag.py:2919} INFO - Setting next_dagrun for 09_no_catchup to None, run_after=None
[2022-06-26 14:14:55,546] {processor.py:161} INFO - Processing /opt/airflow/dags/chapter03/09_no_catchup.py took 0.247 seconds
[2022-06-26 14:15:26,148] {processor.py:153} INFO - Started process (PID=6801) to work on /opt/airflow/dags/chapter03/09_no_catchup.py
[2022-06-26 14:15:26,151] {processor.py:641} INFO - Processing file /opt/airflow/dags/chapter03/09_no_catchup.py for tasks to queue
[2022-06-26 14:15:26,152] {logging_mixin.py:115} INFO - [2022-06-26 14:15:26,152] {dagbag.py:507} INFO - Filling up the DagBag from /opt/airflow/dags/chapter03/09_no_catchup.py
[2022-06-26 14:15:26,380] {processor.py:651} INFO - DAG(s) dict_keys(['09_no_catchup']) retrieved from /opt/airflow/dags/chapter03/09_no_catchup.py
[2022-06-26 14:15:26,396] {logging_mixin.py:115} INFO - [2022-06-26 14:15:26,396] {dag.py:2371} INFO - Sync 1 DAGs
[2022-06-26 14:15:26,409] {logging_mixin.py:115} INFO - [2022-06-26 14:15:26,409] {dag.py:2919} INFO - Setting next_dagrun for 09_no_catchup to None, run_after=None
[2022-06-26 14:15:26,416] {processor.py:161} INFO - Processing /opt/airflow/dags/chapter03/09_no_catchup.py took 0.270 seconds
[2022-06-26 14:15:56,874] {processor.py:153} INFO - Started process (PID=7168) to work on /opt/airflow/dags/chapter03/09_no_catchup.py
[2022-06-26 14:15:56,878] {processor.py:641} INFO - Processing file /opt/airflow/dags/chapter03/09_no_catchup.py for tasks to queue
[2022-06-26 14:15:56,880] {logging_mixin.py:115} INFO - [2022-06-26 14:15:56,880] {dagbag.py:507} INFO - Filling up the DagBag from /opt/airflow/dags/chapter03/09_no_catchup.py
[2022-06-26 14:15:57,149] {processor.py:651} INFO - DAG(s) dict_keys(['09_no_catchup']) retrieved from /opt/airflow/dags/chapter03/09_no_catchup.py
[2022-06-26 14:15:57,168] {logging_mixin.py:115} INFO - [2022-06-26 14:15:57,167] {dag.py:2371} INFO - Sync 1 DAGs
[2022-06-26 14:15:57,180] {logging_mixin.py:115} INFO - [2022-06-26 14:15:57,180] {dag.py:2919} INFO - Setting next_dagrun for 09_no_catchup to None, run_after=None
[2022-06-26 14:15:57,188] {processor.py:161} INFO - Processing /opt/airflow/dags/chapter03/09_no_catchup.py took 0.318 seconds
[2022-06-26 14:16:27,552] {processor.py:153} INFO - Started process (PID=9084) to work on /opt/airflow/dags/chapter03/09_no_catchup.py
[2022-06-26 14:16:27,555] {processor.py:641} INFO - Processing file /opt/airflow/dags/chapter03/09_no_catchup.py for tasks to queue
[2022-06-26 14:16:27,556] {logging_mixin.py:115} INFO - [2022-06-26 14:16:27,556] {dagbag.py:507} INFO - Filling up the DagBag from /opt/airflow/dags/chapter03/09_no_catchup.py
[2022-06-26 14:16:27,776] {processor.py:651} INFO - DAG(s) dict_keys(['09_no_catchup']) retrieved from /opt/airflow/dags/chapter03/09_no_catchup.py
[2022-06-26 14:16:27,789] {logging_mixin.py:115} INFO - [2022-06-26 14:16:27,789] {dag.py:2371} INFO - Sync 1 DAGs
[2022-06-26 14:16:27,801] {logging_mixin.py:115} INFO - [2022-06-26 14:16:27,801] {dag.py:2919} INFO - Setting next_dagrun for 09_no_catchup to None, run_after=None
[2022-06-26 14:16:27,808] {processor.py:161} INFO - Processing /opt/airflow/dags/chapter03/09_no_catchup.py took 0.258 seconds
[2022-06-26 14:16:58,086] {processor.py:153} INFO - Started process (PID=9862) to work on /opt/airflow/dags/chapter03/09_no_catchup.py
[2022-06-26 14:16:58,088] {processor.py:641} INFO - Processing file /opt/airflow/dags/chapter03/09_no_catchup.py for tasks to queue
[2022-06-26 14:16:58,089] {logging_mixin.py:115} INFO - [2022-06-26 14:16:58,089] {dagbag.py:507} INFO - Filling up the DagBag from /opt/airflow/dags/chapter03/09_no_catchup.py
[2022-06-26 14:16:58,274] {processor.py:651} INFO - DAG(s) dict_keys(['09_no_catchup']) retrieved from /opt/airflow/dags/chapter03/09_no_catchup.py
[2022-06-26 14:16:58,287] {logging_mixin.py:115} INFO - [2022-06-26 14:16:58,287] {dag.py:2371} INFO - Sync 1 DAGs
[2022-06-26 14:16:58,298] {logging_mixin.py:115} INFO - [2022-06-26 14:16:58,298] {dag.py:2919} INFO - Setting next_dagrun for 09_no_catchup to None, run_after=None
[2022-06-26 14:16:58,305] {processor.py:161} INFO - Processing /opt/airflow/dags/chapter03/09_no_catchup.py took 0.221 seconds
[2022-06-26 14:17:28,673] {processor.py:153} INFO - Started process (PID=10791) to work on /opt/airflow/dags/chapter03/09_no_catchup.py
[2022-06-26 14:17:28,675] {processor.py:641} INFO - Processing file /opt/airflow/dags/chapter03/09_no_catchup.py for tasks to queue
[2022-06-26 14:17:28,676] {logging_mixin.py:115} INFO - [2022-06-26 14:17:28,676] {dagbag.py:507} INFO - Filling up the DagBag from /opt/airflow/dags/chapter03/09_no_catchup.py
[2022-06-26 14:17:28,903] {processor.py:651} INFO - DAG(s) dict_keys(['09_no_catchup']) retrieved from /opt/airflow/dags/chapter03/09_no_catchup.py
[2022-06-26 14:17:28,919] {logging_mixin.py:115} INFO - [2022-06-26 14:17:28,919] {dag.py:2371} INFO - Sync 1 DAGs
[2022-06-26 14:17:28,932] {logging_mixin.py:115} INFO - [2022-06-26 14:17:28,932] {dag.py:2919} INFO - Setting next_dagrun for 09_no_catchup to None, run_after=None
[2022-06-26 14:17:28,939] {processor.py:161} INFO - Processing /opt/airflow/dags/chapter03/09_no_catchup.py took 0.269 seconds
[2022-06-26 14:17:59,170] {processor.py:153} INFO - Started process (PID=11356) to work on /opt/airflow/dags/chapter03/09_no_catchup.py
[2022-06-26 14:17:59,172] {processor.py:641} INFO - Processing file /opt/airflow/dags/chapter03/09_no_catchup.py for tasks to queue
[2022-06-26 14:17:59,173] {logging_mixin.py:115} INFO - [2022-06-26 14:17:59,173] {dagbag.py:507} INFO - Filling up the DagBag from /opt/airflow/dags/chapter03/09_no_catchup.py
[2022-06-26 14:17:59,378] {processor.py:651} INFO - DAG(s) dict_keys(['09_no_catchup']) retrieved from /opt/airflow/dags/chapter03/09_no_catchup.py
[2022-06-26 14:17:59,392] {logging_mixin.py:115} INFO - [2022-06-26 14:17:59,391] {dag.py:2371} INFO - Sync 1 DAGs
[2022-06-26 14:17:59,407] {logging_mixin.py:115} INFO - [2022-06-26 14:17:59,407] {dag.py:2919} INFO - Setting next_dagrun for 09_no_catchup to None, run_after=None
[2022-06-26 14:17:59,415] {processor.py:161} INFO - Processing /opt/airflow/dags/chapter03/09_no_catchup.py took 0.248 seconds
[2022-06-26 14:18:29,819] {processor.py:153} INFO - Started process (PID=12166) to work on /opt/airflow/dags/chapter03/09_no_catchup.py
[2022-06-26 14:18:29,821] {processor.py:641} INFO - Processing file /opt/airflow/dags/chapter03/09_no_catchup.py for tasks to queue
[2022-06-26 14:18:29,823] {logging_mixin.py:115} INFO - [2022-06-26 14:18:29,823] {dagbag.py:507} INFO - Filling up the DagBag from /opt/airflow/dags/chapter03/09_no_catchup.py
[2022-06-26 14:18:30,106] {processor.py:651} INFO - DAG(s) dict_keys(['09_no_catchup']) retrieved from /opt/airflow/dags/chapter03/09_no_catchup.py
[2022-06-26 14:18:30,122] {logging_mixin.py:115} INFO - [2022-06-26 14:18:30,121] {dag.py:2371} INFO - Sync 1 DAGs
[2022-06-26 14:18:30,136] {logging_mixin.py:115} INFO - [2022-06-26 14:18:30,136] {dag.py:2919} INFO - Setting next_dagrun for 09_no_catchup to None, run_after=None
[2022-06-26 14:18:30,144] {processor.py:161} INFO - Processing /opt/airflow/dags/chapter03/09_no_catchup.py took 0.327 seconds
[2022-06-26 14:19:00,888] {processor.py:153} INFO - Started process (PID=12552) to work on /opt/airflow/dags/chapter03/09_no_catchup.py
[2022-06-26 14:19:00,890] {processor.py:641} INFO - Processing file /opt/airflow/dags/chapter03/09_no_catchup.py for tasks to queue
[2022-06-26 14:19:00,891] {logging_mixin.py:115} INFO - [2022-06-26 14:19:00,891] {dagbag.py:507} INFO - Filling up the DagBag from /opt/airflow/dags/chapter03/09_no_catchup.py
[2022-06-26 14:19:01,091] {processor.py:651} INFO - DAG(s) dict_keys(['09_no_catchup']) retrieved from /opt/airflow/dags/chapter03/09_no_catchup.py
[2022-06-26 14:19:01,105] {logging_mixin.py:115} INFO - [2022-06-26 14:19:01,104] {dag.py:2371} INFO - Sync 1 DAGs
[2022-06-26 14:19:01,116] {logging_mixin.py:115} INFO - [2022-06-26 14:19:01,116] {dag.py:2919} INFO - Setting next_dagrun for 09_no_catchup to None, run_after=None
[2022-06-26 14:19:01,123] {processor.py:161} INFO - Processing /opt/airflow/dags/chapter03/09_no_catchup.py took 0.237 seconds
[2022-06-26 14:19:31,872] {processor.py:153} INFO - Started process (PID=13546) to work on /opt/airflow/dags/chapter03/09_no_catchup.py
[2022-06-26 14:19:31,874] {processor.py:641} INFO - Processing file /opt/airflow/dags/chapter03/09_no_catchup.py for tasks to queue
[2022-06-26 14:19:31,875] {logging_mixin.py:115} INFO - [2022-06-26 14:19:31,875] {dagbag.py:507} INFO - Filling up the DagBag from /opt/airflow/dags/chapter03/09_no_catchup.py
[2022-06-26 14:19:32,131] {processor.py:651} INFO - DAG(s) dict_keys(['09_no_catchup']) retrieved from /opt/airflow/dags/chapter03/09_no_catchup.py
[2022-06-26 14:19:32,146] {logging_mixin.py:115} INFO - [2022-06-26 14:19:32,146] {dag.py:2371} INFO - Sync 1 DAGs
[2022-06-26 14:19:32,158] {logging_mixin.py:115} INFO - [2022-06-26 14:19:32,158] {dag.py:2919} INFO - Setting next_dagrun for 09_no_catchup to None, run_after=None
[2022-06-26 14:19:32,165] {processor.py:161} INFO - Processing /opt/airflow/dags/chapter03/09_no_catchup.py took 0.295 seconds
[2022-06-26 14:20:02,867] {processor.py:153} INFO - Started process (PID=14325) to work on /opt/airflow/dags/chapter03/09_no_catchup.py
[2022-06-26 14:20:02,869] {processor.py:641} INFO - Processing file /opt/airflow/dags/chapter03/09_no_catchup.py for tasks to queue
[2022-06-26 14:20:02,870] {logging_mixin.py:115} INFO - [2022-06-26 14:20:02,870] {dagbag.py:507} INFO - Filling up the DagBag from /opt/airflow/dags/chapter03/09_no_catchup.py
[2022-06-26 14:20:03,115] {processor.py:651} INFO - DAG(s) dict_keys(['09_no_catchup']) retrieved from /opt/airflow/dags/chapter03/09_no_catchup.py
[2022-06-26 14:20:03,131] {logging_mixin.py:115} INFO - [2022-06-26 14:20:03,131] {dag.py:2371} INFO - Sync 1 DAGs
[2022-06-26 14:20:03,143] {logging_mixin.py:115} INFO - [2022-06-26 14:20:03,143] {dag.py:2919} INFO - Setting next_dagrun for 09_no_catchup to None, run_after=None
[2022-06-26 14:20:03,157] {processor.py:161} INFO - Processing /opt/airflow/dags/chapter03/09_no_catchup.py took 0.294 seconds
[2022-06-26 14:53:06,307] {processor.py:153} INFO - Started process (PID=14780) to work on /opt/airflow/dags/chapter03/09_no_catchup.py
[2022-06-26 14:53:06,312] {processor.py:641} INFO - Processing file /opt/airflow/dags/chapter03/09_no_catchup.py for tasks to queue
[2022-06-26 14:53:06,317] {logging_mixin.py:115} INFO - [2022-06-26 14:53:06,316] {dagbag.py:507} INFO - Filling up the DagBag from /opt/airflow/dags/chapter03/09_no_catchup.py
[2022-06-26 14:53:07,013] {processor.py:651} INFO - DAG(s) dict_keys(['09_no_catchup']) retrieved from /opt/airflow/dags/chapter03/09_no_catchup.py
[2022-06-26 14:53:07,092] {logging_mixin.py:115} INFO - [2022-06-26 14:53:07,089] {dag.py:2371} INFO - Sync 1 DAGs
[2022-06-26 14:53:07,144] {logging_mixin.py:115} INFO - [2022-06-26 14:53:07,144] {dag.py:2919} INFO - Setting next_dagrun for 09_no_catchup to None, run_after=None
[2022-06-26 14:53:07,170] {processor.py:161} INFO - Processing /opt/airflow/dags/chapter03/09_no_catchup.py took 0.866 seconds
[2022-06-26 16:15:58,184] {processor.py:153} INFO - Started process (PID=15164) to work on /opt/airflow/dags/chapter03/09_no_catchup.py
[2022-06-26 16:15:58,187] {processor.py:641} INFO - Processing file /opt/airflow/dags/chapter03/09_no_catchup.py for tasks to queue
[2022-06-26 16:15:58,189] {logging_mixin.py:115} INFO - [2022-06-26 16:15:58,189] {dagbag.py:507} INFO - Filling up the DagBag from /opt/airflow/dags/chapter03/09_no_catchup.py
[2022-06-26 16:15:58,745] {processor.py:651} INFO - DAG(s) dict_keys(['09_no_catchup']) retrieved from /opt/airflow/dags/chapter03/09_no_catchup.py
[2022-06-26 16:15:58,815] {logging_mixin.py:115} INFO - [2022-06-26 16:15:58,815] {dag.py:2371} INFO - Sync 1 DAGs
[2022-06-26 16:15:58,875] {logging_mixin.py:115} INFO - [2022-06-26 16:15:58,875] {dag.py:2919} INFO - Setting next_dagrun for 09_no_catchup to None, run_after=None
[2022-06-26 16:15:58,907] {processor.py:161} INFO - Processing /opt/airflow/dags/chapter03/09_no_catchup.py took 0.727 seconds
[2022-06-26 17:21:19,906] {processor.py:153} INFO - Started process (PID=15518) to work on /opt/airflow/dags/chapter03/09_no_catchup.py
[2022-06-26 17:21:19,916] {processor.py:641} INFO - Processing file /opt/airflow/dags/chapter03/09_no_catchup.py for tasks to queue
[2022-06-26 17:21:19,921] {logging_mixin.py:115} INFO - [2022-06-26 17:21:19,921] {dagbag.py:507} INFO - Filling up the DagBag from /opt/airflow/dags/chapter03/09_no_catchup.py
[2022-06-26 17:21:20,338] {processor.py:651} INFO - DAG(s) dict_keys(['09_no_catchup']) retrieved from /opt/airflow/dags/chapter03/09_no_catchup.py
[2022-06-26 17:21:20,359] {logging_mixin.py:115} INFO - [2022-06-26 17:21:20,359] {dag.py:2371} INFO - Sync 1 DAGs
[2022-06-26 17:21:20,388] {logging_mixin.py:115} INFO - [2022-06-26 17:21:20,388] {dag.py:2919} INFO - Setting next_dagrun for 09_no_catchup to None, run_after=None
[2022-06-26 17:21:20,405] {processor.py:161} INFO - Processing /opt/airflow/dags/chapter03/09_no_catchup.py took 0.503 seconds
[2022-06-26 18:41:35,859] {processor.py:153} INFO - Started process (PID=15884) to work on /opt/airflow/dags/chapter03/09_no_catchup.py
[2022-06-26 18:41:35,862] {processor.py:641} INFO - Processing file /opt/airflow/dags/chapter03/09_no_catchup.py for tasks to queue
[2022-06-26 18:41:35,869] {logging_mixin.py:115} INFO - [2022-06-26 18:41:35,869] {dagbag.py:507} INFO - Filling up the DagBag from /opt/airflow/dags/chapter03/09_no_catchup.py
[2022-06-26 18:41:36,248] {processor.py:651} INFO - DAG(s) dict_keys(['09_no_catchup']) retrieved from /opt/airflow/dags/chapter03/09_no_catchup.py
[2022-06-26 18:41:36,288] {logging_mixin.py:115} INFO - [2022-06-26 18:41:36,288] {dag.py:2371} INFO - Sync 1 DAGs
[2022-06-26 18:41:36,327] {logging_mixin.py:115} INFO - [2022-06-26 18:41:36,327] {dag.py:2919} INFO - Setting next_dagrun for 09_no_catchup to None, run_after=None
[2022-06-26 18:41:36,352] {processor.py:161} INFO - Processing /opt/airflow/dags/chapter03/09_no_catchup.py took 0.498 seconds
[2022-06-26 20:03:38,273] {processor.py:153} INFO - Started process (PID=16173) to work on /opt/airflow/dags/chapter03/09_no_catchup.py
[2022-06-26 20:03:38,277] {processor.py:641} INFO - Processing file /opt/airflow/dags/chapter03/09_no_catchup.py for tasks to queue
[2022-06-26 20:03:38,278] {logging_mixin.py:115} INFO - [2022-06-26 20:03:38,278] {dagbag.py:507} INFO - Filling up the DagBag from /opt/airflow/dags/chapter03/09_no_catchup.py
[2022-06-26 20:03:38,543] {processor.py:651} INFO - DAG(s) dict_keys(['09_no_catchup']) retrieved from /opt/airflow/dags/chapter03/09_no_catchup.py
[2022-06-26 20:03:38,567] {logging_mixin.py:115} INFO - [2022-06-26 20:03:38,566] {dag.py:2371} INFO - Sync 1 DAGs
[2022-06-26 20:03:38,599] {logging_mixin.py:115} INFO - [2022-06-26 20:03:38,599] {dag.py:2919} INFO - Setting next_dagrun for 09_no_catchup to None, run_after=None
[2022-06-26 20:03:38,612] {processor.py:161} INFO - Processing /opt/airflow/dags/chapter03/09_no_catchup.py took 0.342 seconds
[2022-06-26 21:23:30,956] {processor.py:153} INFO - Started process (PID=16439) to work on /opt/airflow/dags/chapter03/09_no_catchup.py
[2022-06-26 21:23:30,962] {processor.py:641} INFO - Processing file /opt/airflow/dags/chapter03/09_no_catchup.py for tasks to queue
[2022-06-26 21:23:30,964] {logging_mixin.py:115} INFO - [2022-06-26 21:23:30,964] {dagbag.py:507} INFO - Filling up the DagBag from /opt/airflow/dags/chapter03/09_no_catchup.py
[2022-06-26 21:23:31,367] {processor.py:651} INFO - DAG(s) dict_keys(['09_no_catchup']) retrieved from /opt/airflow/dags/chapter03/09_no_catchup.py
[2022-06-26 21:23:31,421] {logging_mixin.py:115} INFO - [2022-06-26 21:23:31,417] {dag.py:2371} INFO - Sync 1 DAGs
[2022-06-26 21:23:31,452] {logging_mixin.py:115} INFO - [2022-06-26 21:23:31,452] {dag.py:2919} INFO - Setting next_dagrun for 09_no_catchup to None, run_after=None
[2022-06-26 21:23:31,478] {processor.py:161} INFO - Processing /opt/airflow/dags/chapter03/09_no_catchup.py took 0.527 seconds
[2022-06-26 22:29:31,100] {processor.py:153} INFO - Started process (PID=16737) to work on /opt/airflow/dags/chapter03/09_no_catchup.py
[2022-06-26 22:29:31,105] {processor.py:641} INFO - Processing file /opt/airflow/dags/chapter03/09_no_catchup.py for tasks to queue
[2022-06-26 22:29:31,109] {logging_mixin.py:115} INFO - [2022-06-26 22:29:31,108] {dagbag.py:507} INFO - Filling up the DagBag from /opt/airflow/dags/chapter03/09_no_catchup.py
[2022-06-26 22:29:31,321] {processor.py:651} INFO - DAG(s) dict_keys(['09_no_catchup']) retrieved from /opt/airflow/dags/chapter03/09_no_catchup.py
[2022-06-26 22:29:31,351] {logging_mixin.py:115} INFO - [2022-06-26 22:29:31,351] {dag.py:2371} INFO - Sync 1 DAGs
[2022-06-26 22:29:31,375] {logging_mixin.py:115} INFO - [2022-06-26 22:29:31,375] {dag.py:2919} INFO - Setting next_dagrun for 09_no_catchup to None, run_after=None
[2022-06-26 22:29:31,397] {processor.py:161} INFO - Processing /opt/airflow/dags/chapter03/09_no_catchup.py took 0.301 seconds
[2022-06-26 23:11:55,935] {processor.py:153} INFO - Started process (PID=17042) to work on /opt/airflow/dags/chapter03/09_no_catchup.py
[2022-06-26 23:11:55,939] {processor.py:641} INFO - Processing file /opt/airflow/dags/chapter03/09_no_catchup.py for tasks to queue
[2022-06-26 23:11:55,942] {logging_mixin.py:115} INFO - [2022-06-26 23:11:55,942] {dagbag.py:507} INFO - Filling up the DagBag from /opt/airflow/dags/chapter03/09_no_catchup.py
[2022-06-26 23:11:56,361] {processor.py:651} INFO - DAG(s) dict_keys(['09_no_catchup']) retrieved from /opt/airflow/dags/chapter03/09_no_catchup.py
[2022-06-26 23:11:56,394] {logging_mixin.py:115} INFO - [2022-06-26 23:11:56,393] {dag.py:2371} INFO - Sync 1 DAGs
[2022-06-26 23:11:56,424] {logging_mixin.py:115} INFO - [2022-06-26 23:11:56,424] {dag.py:2919} INFO - Setting next_dagrun for 09_no_catchup to None, run_after=None
[2022-06-26 23:11:56,441] {processor.py:161} INFO - Processing /opt/airflow/dags/chapter03/09_no_catchup.py took 0.515 seconds
[2022-06-26 23:12:26,778] {processor.py:153} INFO - Started process (PID=17335) to work on /opt/airflow/dags/chapter03/09_no_catchup.py
[2022-06-26 23:12:26,779] {processor.py:641} INFO - Processing file /opt/airflow/dags/chapter03/09_no_catchup.py for tasks to queue
[2022-06-26 23:12:26,780] {logging_mixin.py:115} INFO - [2022-06-26 23:12:26,780] {dagbag.py:507} INFO - Filling up the DagBag from /opt/airflow/dags/chapter03/09_no_catchup.py
[2022-06-26 23:12:26,901] {processor.py:651} INFO - DAG(s) dict_keys(['09_no_catchup']) retrieved from /opt/airflow/dags/chapter03/09_no_catchup.py
[2022-06-26 23:12:26,920] {logging_mixin.py:115} INFO - [2022-06-26 23:12:26,919] {dag.py:2371} INFO - Sync 1 DAGs
[2022-06-26 23:12:26,933] {logging_mixin.py:115} INFO - [2022-06-26 23:12:26,933] {dag.py:2919} INFO - Setting next_dagrun for 09_no_catchup to None, run_after=None
[2022-06-26 23:12:26,940] {processor.py:161} INFO - Processing /opt/airflow/dags/chapter03/09_no_catchup.py took 0.165 seconds
[2022-06-26 23:12:57,554] {processor.py:153} INFO - Started process (PID=17608) to work on /opt/airflow/dags/chapter03/09_no_catchup.py
[2022-06-26 23:12:57,556] {processor.py:641} INFO - Processing file /opt/airflow/dags/chapter03/09_no_catchup.py for tasks to queue
[2022-06-26 23:12:57,558] {logging_mixin.py:115} INFO - [2022-06-26 23:12:57,558] {dagbag.py:507} INFO - Filling up the DagBag from /opt/airflow/dags/chapter03/09_no_catchup.py
[2022-06-26 23:12:57,702] {processor.py:651} INFO - DAG(s) dict_keys(['09_no_catchup']) retrieved from /opt/airflow/dags/chapter03/09_no_catchup.py
[2022-06-26 23:12:57,725] {logging_mixin.py:115} INFO - [2022-06-26 23:12:57,725] {dag.py:2371} INFO - Sync 1 DAGs
[2022-06-26 23:12:57,741] {logging_mixin.py:115} INFO - [2022-06-26 23:12:57,741] {dag.py:2919} INFO - Setting next_dagrun for 09_no_catchup to None, run_after=None
[2022-06-26 23:12:57,751] {processor.py:161} INFO - Processing /opt/airflow/dags/chapter03/09_no_catchup.py took 0.199 seconds
[2022-06-26 23:31:48,428] {processor.py:153} INFO - Started process (PID=17876) to work on /opt/airflow/dags/chapter03/09_no_catchup.py
[2022-06-26 23:31:48,432] {processor.py:641} INFO - Processing file /opt/airflow/dags/chapter03/09_no_catchup.py for tasks to queue
[2022-06-26 23:31:48,434] {logging_mixin.py:115} INFO - [2022-06-26 23:31:48,434] {dagbag.py:507} INFO - Filling up the DagBag from /opt/airflow/dags/chapter03/09_no_catchup.py
[2022-06-26 23:31:48,690] {processor.py:651} INFO - DAG(s) dict_keys(['09_no_catchup']) retrieved from /opt/airflow/dags/chapter03/09_no_catchup.py
[2022-06-26 23:31:48,720] {logging_mixin.py:115} INFO - [2022-06-26 23:31:48,719] {dag.py:2371} INFO - Sync 1 DAGs
[2022-06-26 23:31:48,747] {logging_mixin.py:115} INFO - [2022-06-26 23:31:48,747] {dag.py:2919} INFO - Setting next_dagrun for 09_no_catchup to None, run_after=None
[2022-06-26 23:31:48,779] {processor.py:161} INFO - Processing /opt/airflow/dags/chapter03/09_no_catchup.py took 0.367 seconds
