[2022-06-26 13:37:27,310] {processor.py:153} INFO - Started process (PID=38) to work on /opt/airflow/dags/chapter03/3_catchup_delay.py
[2022-06-26 13:37:27,312] {processor.py:641} INFO - Processing file /opt/airflow/dags/chapter03/3_catchup_delay.py for tasks to queue
[2022-06-26 13:37:27,317] {logging_mixin.py:115} INFO - [2022-06-26 13:37:27,317] {dagbag.py:507} INFO - Filling up the DagBag from /opt/airflow/dags/chapter03/3_catchup_delay.py
[2022-06-26 13:37:27,357] {logging_mixin.py:115} INFO - [2022-06-26 13:37:27,344] {dagbag.py:320} ERROR - Failed to import: /opt/airflow/dags/chapter03/3_catchup_delay.py
Traceback (most recent call last):
  File "/home/airflow/.local/lib/python3.7/site-packages/airflow/models/dagbag.py", line 317, in parse
    loader.exec_module(new_module)
  File "<frozen importlib._bootstrap_external>", line 724, in exec_module
  File "<frozen importlib._bootstrap_external>", line 860, in get_code
  File "<frozen importlib._bootstrap_external>", line 791, in source_to_code
  File "<frozen importlib._bootstrap>", line 219, in _call_with_frames_removed
  File "/opt/airflow/dags/chapter03/3_catchup_delay.py", line 2
    import airflow import DAG
                        ^
SyntaxError: invalid syntax
[2022-06-26 13:37:27,367] {processor.py:653} WARNING - No viable dags retrieved from /opt/airflow/dags/chapter03/3_catchup_delay.py
[2022-06-26 13:37:27,431] {processor.py:161} INFO - Processing /opt/airflow/dags/chapter03/3_catchup_delay.py took 0.124 seconds
[2022-06-26 13:37:58,000] {processor.py:153} INFO - Started process (PID=98) to work on /opt/airflow/dags/chapter03/3_catchup_delay.py
[2022-06-26 13:37:58,001] {processor.py:641} INFO - Processing file /opt/airflow/dags/chapter03/3_catchup_delay.py for tasks to queue
[2022-06-26 13:37:58,002] {logging_mixin.py:115} INFO - [2022-06-26 13:37:58,002] {dagbag.py:507} INFO - Filling up the DagBag from /opt/airflow/dags/chapter03/3_catchup_delay.py
[2022-06-26 13:37:58,012] {logging_mixin.py:115} INFO - [2022-06-26 13:37:58,008] {dagbag.py:320} ERROR - Failed to import: /opt/airflow/dags/chapter03/3_catchup_delay.py
Traceback (most recent call last):
  File "/home/airflow/.local/lib/python3.7/site-packages/airflow/models/dagbag.py", line 317, in parse
    loader.exec_module(new_module)
  File "<frozen importlib._bootstrap_external>", line 724, in exec_module
  File "<frozen importlib._bootstrap_external>", line 860, in get_code
  File "<frozen importlib._bootstrap_external>", line 791, in source_to_code
  File "<frozen importlib._bootstrap>", line 219, in _call_with_frames_removed
  File "/opt/airflow/dags/chapter03/3_catchup_delay.py", line 2
    import airflow import DAG
                        ^
SyntaxError: invalid syntax
[2022-06-26 13:37:58,014] {processor.py:653} WARNING - No viable dags retrieved from /opt/airflow/dags/chapter03/3_catchup_delay.py
[2022-06-26 13:37:58,030] {processor.py:161} INFO - Processing /opt/airflow/dags/chapter03/3_catchup_delay.py took 0.032 seconds
[2022-06-26 13:38:28,900] {processor.py:153} INFO - Started process (PID=159) to work on /opt/airflow/dags/chapter03/3_catchup_delay.py
[2022-06-26 13:38:28,902] {processor.py:641} INFO - Processing file /opt/airflow/dags/chapter03/3_catchup_delay.py for tasks to queue
[2022-06-26 13:38:28,906] {logging_mixin.py:115} INFO - [2022-06-26 13:38:28,906] {dagbag.py:507} INFO - Filling up the DagBag from /opt/airflow/dags/chapter03/3_catchup_delay.py
[2022-06-26 13:38:28,913] {logging_mixin.py:115} INFO - [2022-06-26 13:38:28,912] {dagbag.py:320} ERROR - Failed to import: /opt/airflow/dags/chapter03/3_catchup_delay.py
Traceback (most recent call last):
  File "/home/airflow/.local/lib/python3.7/site-packages/airflow/models/dagbag.py", line 317, in parse
    loader.exec_module(new_module)
  File "<frozen importlib._bootstrap_external>", line 724, in exec_module
  File "<frozen importlib._bootstrap_external>", line 860, in get_code
  File "<frozen importlib._bootstrap_external>", line 791, in source_to_code
  File "<frozen importlib._bootstrap>", line 219, in _call_with_frames_removed
  File "/opt/airflow/dags/chapter03/3_catchup_delay.py", line 2
    import airflow import DAG
                        ^
SyntaxError: invalid syntax
[2022-06-26 13:38:28,914] {processor.py:653} WARNING - No viable dags retrieved from /opt/airflow/dags/chapter03/3_catchup_delay.py
[2022-06-26 13:38:28,927] {processor.py:161} INFO - Processing /opt/airflow/dags/chapter03/3_catchup_delay.py took 0.029 seconds
[2022-06-26 13:38:44,426] {processor.py:153} INFO - Started process (PID=200) to work on /opt/airflow/dags/chapter03/3_catchup_delay.py
[2022-06-26 13:38:44,429] {processor.py:641} INFO - Processing file /opt/airflow/dags/chapter03/3_catchup_delay.py for tasks to queue
[2022-06-26 13:38:44,433] {logging_mixin.py:115} INFO - [2022-06-26 13:38:44,433] {dagbag.py:507} INFO - Filling up the DagBag from /opt/airflow/dags/chapter03/3_catchup_delay.py
[2022-06-26 13:38:44,446] {logging_mixin.py:115} INFO - [2022-06-26 13:38:44,446] {dagbag.py:320} ERROR - Failed to import: /opt/airflow/dags/chapter03/3_catchup_delay.py
Traceback (most recent call last):
  File "/home/airflow/.local/lib/python3.7/site-packages/airflow/models/dagbag.py", line 317, in parse
    loader.exec_module(new_module)
  File "<frozen importlib._bootstrap_external>", line 724, in exec_module
  File "<frozen importlib._bootstrap_external>", line 860, in get_code
  File "<frozen importlib._bootstrap_external>", line 791, in source_to_code
  File "<frozen importlib._bootstrap>", line 219, in _call_with_frames_removed
  File "/opt/airflow/dags/chapter03/3_catchup_delay.py", line 3
    import airflow.operators.bash_operator import BashOperator
                                                ^
SyntaxError: invalid syntax
[2022-06-26 13:38:44,448] {processor.py:653} WARNING - No viable dags retrieved from /opt/airflow/dags/chapter03/3_catchup_delay.py
[2022-06-26 13:38:44,464] {processor.py:161} INFO - Processing /opt/airflow/dags/chapter03/3_catchup_delay.py took 0.040 seconds
[2022-06-26 13:39:04,274] {processor.py:153} INFO - Started process (PID=235) to work on /opt/airflow/dags/chapter03/3_catchup_delay.py
[2022-06-26 13:39:04,275] {processor.py:641} INFO - Processing file /opt/airflow/dags/chapter03/3_catchup_delay.py for tasks to queue
[2022-06-26 13:39:04,279] {logging_mixin.py:115} INFO - [2022-06-26 13:39:04,279] {dagbag.py:507} INFO - Filling up the DagBag from /opt/airflow/dags/chapter03/3_catchup_delay.py
[2022-06-26 13:39:04,305] {logging_mixin.py:115} INFO - [2022-06-26 13:39:04,301] {dagbag.py:320} ERROR - Failed to import: /opt/airflow/dags/chapter03/3_catchup_delay.py
Traceback (most recent call last):
  File "/home/airflow/.local/lib/python3.7/site-packages/airflow/models/dagbag.py", line 317, in parse
    loader.exec_module(new_module)
  File "<frozen importlib._bootstrap_external>", line 728, in exec_module
  File "<frozen importlib._bootstrap>", line 219, in _call_with_frames_removed
  File "/opt/airflow/dags/chapter03/3_catchup_delay.py", line 8, in <module>
    schedule_interval=dt.timedelta(sechonds=4),
TypeError: 'sechonds' is an invalid keyword argument for __new__()
[2022-06-26 13:39:04,308] {processor.py:653} WARNING - No viable dags retrieved from /opt/airflow/dags/chapter03/3_catchup_delay.py
[2022-06-26 13:39:04,332] {processor.py:161} INFO - Processing /opt/airflow/dags/chapter03/3_catchup_delay.py took 0.061 seconds
[2022-06-26 13:39:20,242] {processor.py:153} INFO - Started process (PID=272) to work on /opt/airflow/dags/chapter03/3_catchup_delay.py
[2022-06-26 13:39:20,245] {processor.py:641} INFO - Processing file /opt/airflow/dags/chapter03/3_catchup_delay.py for tasks to queue
[2022-06-26 13:39:20,249] {logging_mixin.py:115} INFO - [2022-06-26 13:39:20,249] {dagbag.py:507} INFO - Filling up the DagBag from /opt/airflow/dags/chapter03/3_catchup_delay.py
[2022-06-26 13:39:20,267] {processor.py:651} INFO - DAG(s) dict_keys(['3_catchup_delay']) retrieved from /opt/airflow/dags/chapter03/3_catchup_delay.py
[2022-06-26 13:39:20,313] {logging_mixin.py:115} INFO - [2022-06-26 13:39:20,313] {manager.py:508} INFO - Created Permission View: can read on DAG:3_catchup_delay
[2022-06-26 13:39:20,320] {logging_mixin.py:115} INFO - [2022-06-26 13:39:20,320] {manager.py:508} INFO - Created Permission View: can edit on DAG:3_catchup_delay
[2022-06-26 13:39:20,325] {logging_mixin.py:115} INFO - [2022-06-26 13:39:20,325] {manager.py:508} INFO - Created Permission View: can delete on DAG:3_catchup_delay
[2022-06-26 13:39:20,326] {logging_mixin.py:115} INFO - [2022-06-26 13:39:20,326] {dag.py:2371} INFO - Sync 1 DAGs
[2022-06-26 13:39:20,331] {logging_mixin.py:115} INFO - [2022-06-26 13:39:20,331] {dag.py:2390} INFO - Creating ORM DAG for 3_catchup_delay
[2022-06-26 13:39:20,410] {logging_mixin.py:115} INFO - [2022-06-26 13:39:20,410] {dag.py:2919} INFO - Setting next_dagrun for 3_catchup_delay to 2019-01-01T00:00:00+00:00, run_after=2019-01-02T00:00:00+00:00
[2022-06-26 13:39:20,422] {processor.py:161} INFO - Processing /opt/airflow/dags/chapter03/3_catchup_delay.py took 0.182 seconds
[2022-06-26 13:39:51,218] {processor.py:153} INFO - Started process (PID=332) to work on /opt/airflow/dags/chapter03/3_catchup_delay.py
[2022-06-26 13:39:51,220] {processor.py:641} INFO - Processing file /opt/airflow/dags/chapter03/3_catchup_delay.py for tasks to queue
[2022-06-26 13:39:51,226] {logging_mixin.py:115} INFO - [2022-06-26 13:39:51,226] {dagbag.py:507} INFO - Filling up the DagBag from /opt/airflow/dags/chapter03/3_catchup_delay.py
[2022-06-26 13:39:51,240] {processor.py:651} INFO - DAG(s) dict_keys(['3_catchup_delay']) retrieved from /opt/airflow/dags/chapter03/3_catchup_delay.py
[2022-06-26 13:39:51,260] {logging_mixin.py:115} INFO - [2022-06-26 13:39:51,260] {dag.py:2371} INFO - Sync 1 DAGs
[2022-06-26 13:39:51,275] {logging_mixin.py:115} INFO - [2022-06-26 13:39:51,275] {dag.py:2919} INFO - Setting next_dagrun for 3_catchup_delay to 2019-01-01T00:00:00+00:00, run_after=2019-01-02T00:00:00+00:00
[2022-06-26 13:39:51,283] {processor.py:161} INFO - Processing /opt/airflow/dags/chapter03/3_catchup_delay.py took 0.068 seconds
[2022-06-26 13:40:21,630] {processor.py:153} INFO - Started process (PID=383) to work on /opt/airflow/dags/chapter03/3_catchup_delay.py
[2022-06-26 13:40:21,633] {processor.py:641} INFO - Processing file /opt/airflow/dags/chapter03/3_catchup_delay.py for tasks to queue
[2022-06-26 13:40:21,638] {logging_mixin.py:115} INFO - [2022-06-26 13:40:21,638] {dagbag.py:507} INFO - Filling up the DagBag from /opt/airflow/dags/chapter03/3_catchup_delay.py
[2022-06-26 13:40:21,652] {processor.py:651} INFO - DAG(s) dict_keys(['3_catchup_delay']) retrieved from /opt/airflow/dags/chapter03/3_catchup_delay.py
[2022-06-26 13:40:21,676] {logging_mixin.py:115} INFO - [2022-06-26 13:40:21,676] {dag.py:2371} INFO - Sync 1 DAGs
[2022-06-26 13:40:21,694] {logging_mixin.py:115} INFO - [2022-06-26 13:40:21,694] {dag.py:2919} INFO - Setting next_dagrun for 3_catchup_delay to 2019-01-01T00:00:00+00:00, run_after=2019-01-02T00:00:00+00:00
[2022-06-26 13:40:21,704] {processor.py:161} INFO - Processing /opt/airflow/dags/chapter03/3_catchup_delay.py took 0.077 seconds
[2022-06-26 13:40:52,619] {processor.py:153} INFO - Started process (PID=445) to work on /opt/airflow/dags/chapter03/3_catchup_delay.py
[2022-06-26 13:40:52,621] {processor.py:641} INFO - Processing file /opt/airflow/dags/chapter03/3_catchup_delay.py for tasks to queue
[2022-06-26 13:40:52,625] {logging_mixin.py:115} INFO - [2022-06-26 13:40:52,625] {dagbag.py:507} INFO - Filling up the DagBag from /opt/airflow/dags/chapter03/3_catchup_delay.py
[2022-06-26 13:40:52,632] {processor.py:651} INFO - DAG(s) dict_keys(['3_catchup_delay']) retrieved from /opt/airflow/dags/chapter03/3_catchup_delay.py
[2022-06-26 13:40:52,648] {logging_mixin.py:115} INFO - [2022-06-26 13:40:52,648] {dag.py:2371} INFO - Sync 1 DAGs
[2022-06-26 13:40:52,660] {logging_mixin.py:115} INFO - [2022-06-26 13:40:52,660] {dag.py:2919} INFO - Setting next_dagrun for 3_catchup_delay to 2019-01-01T00:00:00+00:00, run_after=2019-01-02T00:00:00+00:00
[2022-06-26 13:40:52,666] {processor.py:161} INFO - Processing /opt/airflow/dags/chapter03/3_catchup_delay.py took 0.049 seconds
[2022-06-26 13:41:23,418] {processor.py:153} INFO - Started process (PID=509) to work on /opt/airflow/dags/chapter03/3_catchup_delay.py
[2022-06-26 13:41:23,420] {processor.py:641} INFO - Processing file /opt/airflow/dags/chapter03/3_catchup_delay.py for tasks to queue
[2022-06-26 13:41:23,426] {logging_mixin.py:115} INFO - [2022-06-26 13:41:23,426] {dagbag.py:507} INFO - Filling up the DagBag from /opt/airflow/dags/chapter03/3_catchup_delay.py
[2022-06-26 13:41:23,433] {processor.py:651} INFO - DAG(s) dict_keys(['3_catchup_delay']) retrieved from /opt/airflow/dags/chapter03/3_catchup_delay.py
[2022-06-26 13:41:23,451] {logging_mixin.py:115} INFO - [2022-06-26 13:41:23,451] {dag.py:2371} INFO - Sync 1 DAGs
[2022-06-26 13:41:23,464] {logging_mixin.py:115} INFO - [2022-06-26 13:41:23,464] {dag.py:2919} INFO - Setting next_dagrun for 3_catchup_delay to 2019-01-01T00:00:00+00:00, run_after=2019-01-02T00:00:00+00:00
[2022-06-26 13:41:23,471] {processor.py:161} INFO - Processing /opt/airflow/dags/chapter03/3_catchup_delay.py took 0.056 seconds
[2022-06-26 13:41:54,153] {processor.py:153} INFO - Started process (PID=574) to work on /opt/airflow/dags/chapter03/3_catchup_delay.py
[2022-06-26 13:41:54,155] {processor.py:641} INFO - Processing file /opt/airflow/dags/chapter03/3_catchup_delay.py for tasks to queue
[2022-06-26 13:41:54,158] {logging_mixin.py:115} INFO - [2022-06-26 13:41:54,158] {dagbag.py:507} INFO - Filling up the DagBag from /opt/airflow/dags/chapter03/3_catchup_delay.py
[2022-06-26 13:41:54,165] {processor.py:651} INFO - DAG(s) dict_keys(['3_catchup_delay']) retrieved from /opt/airflow/dags/chapter03/3_catchup_delay.py
[2022-06-26 13:41:54,181] {logging_mixin.py:115} INFO - [2022-06-26 13:41:54,181] {dag.py:2371} INFO - Sync 1 DAGs
[2022-06-26 13:41:54,193] {logging_mixin.py:115} INFO - [2022-06-26 13:41:54,193] {dag.py:2919} INFO - Setting next_dagrun for 3_catchup_delay to 2019-01-01T00:00:00+00:00, run_after=2019-01-02T00:00:00+00:00
[2022-06-26 13:41:54,200] {processor.py:161} INFO - Processing /opt/airflow/dags/chapter03/3_catchup_delay.py took 0.049 seconds
[2022-06-26 13:42:24,774] {processor.py:153} INFO - Started process (PID=636) to work on /opt/airflow/dags/chapter03/3_catchup_delay.py
[2022-06-26 13:42:24,775] {processor.py:641} INFO - Processing file /opt/airflow/dags/chapter03/3_catchup_delay.py for tasks to queue
[2022-06-26 13:42:24,779] {logging_mixin.py:115} INFO - [2022-06-26 13:42:24,779] {dagbag.py:507} INFO - Filling up the DagBag from /opt/airflow/dags/chapter03/3_catchup_delay.py
[2022-06-26 13:42:24,786] {processor.py:651} INFO - DAG(s) dict_keys(['3_catchup_delay']) retrieved from /opt/airflow/dags/chapter03/3_catchup_delay.py
[2022-06-26 13:42:24,802] {logging_mixin.py:115} INFO - [2022-06-26 13:42:24,802] {dag.py:2371} INFO - Sync 1 DAGs
[2022-06-26 13:42:24,814] {logging_mixin.py:115} INFO - [2022-06-26 13:42:24,814] {dag.py:2919} INFO - Setting next_dagrun for 3_catchup_delay to 2019-01-01T00:00:00+00:00, run_after=2019-01-02T00:00:00+00:00
[2022-06-26 13:42:24,820] {processor.py:161} INFO - Processing /opt/airflow/dags/chapter03/3_catchup_delay.py took 0.049 seconds
[2022-06-26 13:42:55,677] {processor.py:153} INFO - Started process (PID=697) to work on /opt/airflow/dags/chapter03/3_catchup_delay.py
[2022-06-26 13:42:55,678] {processor.py:641} INFO - Processing file /opt/airflow/dags/chapter03/3_catchup_delay.py for tasks to queue
[2022-06-26 13:42:55,679] {logging_mixin.py:115} INFO - [2022-06-26 13:42:55,679] {dagbag.py:507} INFO - Filling up the DagBag from /opt/airflow/dags/chapter03/3_catchup_delay.py
[2022-06-26 13:42:55,686] {processor.py:651} INFO - DAG(s) dict_keys(['3_catchup_delay']) retrieved from /opt/airflow/dags/chapter03/3_catchup_delay.py
[2022-06-26 13:42:55,703] {logging_mixin.py:115} INFO - [2022-06-26 13:42:55,703] {dag.py:2371} INFO - Sync 1 DAGs
[2022-06-26 13:42:55,715] {logging_mixin.py:115} INFO - [2022-06-26 13:42:55,715] {dag.py:2919} INFO - Setting next_dagrun for 3_catchup_delay to 2019-01-01T00:00:00+00:00, run_after=2019-01-02T00:00:00+00:00
[2022-06-26 13:42:55,723] {processor.py:161} INFO - Processing /opt/airflow/dags/chapter03/3_catchup_delay.py took 0.048 seconds
[2022-06-26 13:43:26,401] {processor.py:153} INFO - Started process (PID=758) to work on /opt/airflow/dags/chapter03/3_catchup_delay.py
[2022-06-26 13:43:26,406] {processor.py:641} INFO - Processing file /opt/airflow/dags/chapter03/3_catchup_delay.py for tasks to queue
[2022-06-26 13:43:26,411] {logging_mixin.py:115} INFO - [2022-06-26 13:43:26,411] {dagbag.py:507} INFO - Filling up the DagBag from /opt/airflow/dags/chapter03/3_catchup_delay.py
[2022-06-26 13:43:26,432] {processor.py:651} INFO - DAG(s) dict_keys(['3_catchup_delay']) retrieved from /opt/airflow/dags/chapter03/3_catchup_delay.py
[2022-06-26 13:43:26,457] {logging_mixin.py:115} INFO - [2022-06-26 13:43:26,457] {dag.py:2371} INFO - Sync 1 DAGs
[2022-06-26 13:43:26,472] {logging_mixin.py:115} INFO - [2022-06-26 13:43:26,472] {dag.py:2919} INFO - Setting next_dagrun for 3_catchup_delay to 2019-01-01T00:00:00+00:00, run_after=2019-01-02T00:00:00+00:00
[2022-06-26 13:43:26,482] {processor.py:161} INFO - Processing /opt/airflow/dags/chapter03/3_catchup_delay.py took 0.083 seconds
[2022-06-26 13:43:57,332] {processor.py:153} INFO - Started process (PID=809) to work on /opt/airflow/dags/chapter03/3_catchup_delay.py
[2022-06-26 13:43:57,334] {processor.py:641} INFO - Processing file /opt/airflow/dags/chapter03/3_catchup_delay.py for tasks to queue
[2022-06-26 13:43:57,335] {logging_mixin.py:115} INFO - [2022-06-26 13:43:57,335] {dagbag.py:507} INFO - Filling up the DagBag from /opt/airflow/dags/chapter03/3_catchup_delay.py
[2022-06-26 13:43:57,343] {processor.py:651} INFO - DAG(s) dict_keys(['3_catchup_delay']) retrieved from /opt/airflow/dags/chapter03/3_catchup_delay.py
[2022-06-26 13:43:57,365] {logging_mixin.py:115} INFO - [2022-06-26 13:43:57,365] {dag.py:2371} INFO - Sync 1 DAGs
[2022-06-26 13:43:57,378] {logging_mixin.py:115} INFO - [2022-06-26 13:43:57,378] {dag.py:2919} INFO - Setting next_dagrun for 3_catchup_delay to 2019-01-01T00:00:00+00:00, run_after=2019-01-02T00:00:00+00:00
[2022-06-26 13:43:57,385] {processor.py:161} INFO - Processing /opt/airflow/dags/chapter03/3_catchup_delay.py took 0.055 seconds
[2022-06-26 13:44:27,472] {processor.py:153} INFO - Started process (PID=870) to work on /opt/airflow/dags/chapter03/3_catchup_delay.py
[2022-06-26 13:44:27,474] {processor.py:641} INFO - Processing file /opt/airflow/dags/chapter03/3_catchup_delay.py for tasks to queue
[2022-06-26 13:44:27,475] {logging_mixin.py:115} INFO - [2022-06-26 13:44:27,475] {dagbag.py:507} INFO - Filling up the DagBag from /opt/airflow/dags/chapter03/3_catchup_delay.py
[2022-06-26 13:44:27,483] {processor.py:651} INFO - DAG(s) dict_keys(['3_catchup_delay']) retrieved from /opt/airflow/dags/chapter03/3_catchup_delay.py
[2022-06-26 13:44:27,500] {logging_mixin.py:115} INFO - [2022-06-26 13:44:27,500] {dag.py:2371} INFO - Sync 1 DAGs
[2022-06-26 13:44:27,513] {logging_mixin.py:115} INFO - [2022-06-26 13:44:27,513] {dag.py:2919} INFO - Setting next_dagrun for 3_catchup_delay to 2019-01-01T00:00:00+00:00, run_after=2019-01-02T00:00:00+00:00
[2022-06-26 13:44:27,520] {processor.py:161} INFO - Processing /opt/airflow/dags/chapter03/3_catchup_delay.py took 0.050 seconds
[2022-06-26 13:44:57,566] {processor.py:153} INFO - Started process (PID=930) to work on /opt/airflow/dags/chapter03/3_catchup_delay.py
[2022-06-26 13:44:57,568] {processor.py:641} INFO - Processing file /opt/airflow/dags/chapter03/3_catchup_delay.py for tasks to queue
[2022-06-26 13:44:57,570] {logging_mixin.py:115} INFO - [2022-06-26 13:44:57,570] {dagbag.py:507} INFO - Filling up the DagBag from /opt/airflow/dags/chapter03/3_catchup_delay.py
[2022-06-26 13:44:57,577] {processor.py:651} INFO - DAG(s) dict_keys(['3_catchup_delay']) retrieved from /opt/airflow/dags/chapter03/3_catchup_delay.py
[2022-06-26 13:44:57,596] {logging_mixin.py:115} INFO - [2022-06-26 13:44:57,596] {dag.py:2371} INFO - Sync 1 DAGs
[2022-06-26 13:44:57,609] {logging_mixin.py:115} INFO - [2022-06-26 13:44:57,609] {dag.py:2919} INFO - Setting next_dagrun for 3_catchup_delay to 2019-01-01T00:00:00+00:00, run_after=2019-01-02T00:00:00+00:00
[2022-06-26 13:44:57,618] {processor.py:161} INFO - Processing /opt/airflow/dags/chapter03/3_catchup_delay.py took 0.054 seconds
[2022-06-26 13:45:28,247] {processor.py:153} INFO - Started process (PID=990) to work on /opt/airflow/dags/chapter03/3_catchup_delay.py
[2022-06-26 13:45:28,249] {processor.py:641} INFO - Processing file /opt/airflow/dags/chapter03/3_catchup_delay.py for tasks to queue
[2022-06-26 13:45:28,251] {logging_mixin.py:115} INFO - [2022-06-26 13:45:28,250] {dagbag.py:507} INFO - Filling up the DagBag from /opt/airflow/dags/chapter03/3_catchup_delay.py
[2022-06-26 13:45:28,258] {processor.py:651} INFO - DAG(s) dict_keys(['3_catchup_delay']) retrieved from /opt/airflow/dags/chapter03/3_catchup_delay.py
[2022-06-26 13:45:28,276] {logging_mixin.py:115} INFO - [2022-06-26 13:45:28,275] {dag.py:2371} INFO - Sync 1 DAGs
[2022-06-26 13:45:28,287] {logging_mixin.py:115} INFO - [2022-06-26 13:45:28,287] {dag.py:2919} INFO - Setting next_dagrun for 3_catchup_delay to 2019-01-01T00:00:00+00:00, run_after=2019-01-02T00:00:00+00:00
[2022-06-26 13:45:28,294] {processor.py:161} INFO - Processing /opt/airflow/dags/chapter03/3_catchup_delay.py took 0.050 seconds
[2022-06-26 13:45:58,972] {processor.py:153} INFO - Started process (PID=1052) to work on /opt/airflow/dags/chapter03/3_catchup_delay.py
[2022-06-26 13:45:58,975] {processor.py:641} INFO - Processing file /opt/airflow/dags/chapter03/3_catchup_delay.py for tasks to queue
[2022-06-26 13:45:58,976] {logging_mixin.py:115} INFO - [2022-06-26 13:45:58,976] {dagbag.py:507} INFO - Filling up the DagBag from /opt/airflow/dags/chapter03/3_catchup_delay.py
[2022-06-26 13:45:58,984] {processor.py:651} INFO - DAG(s) dict_keys(['3_catchup_delay']) retrieved from /opt/airflow/dags/chapter03/3_catchup_delay.py
[2022-06-26 13:45:59,001] {logging_mixin.py:115} INFO - [2022-06-26 13:45:59,001] {dag.py:2371} INFO - Sync 1 DAGs
[2022-06-26 13:45:59,014] {logging_mixin.py:115} INFO - [2022-06-26 13:45:59,014] {dag.py:2919} INFO - Setting next_dagrun for 3_catchup_delay to 2019-01-01T00:00:00+00:00, run_after=2019-01-02T00:00:00+00:00
[2022-06-26 13:45:59,021] {processor.py:161} INFO - Processing /opt/airflow/dags/chapter03/3_catchup_delay.py took 0.051 seconds
[2022-06-26 13:46:29,705] {processor.py:153} INFO - Started process (PID=1113) to work on /opt/airflow/dags/chapter03/3_catchup_delay.py
[2022-06-26 13:46:29,710] {processor.py:641} INFO - Processing file /opt/airflow/dags/chapter03/3_catchup_delay.py for tasks to queue
[2022-06-26 13:46:29,712] {logging_mixin.py:115} INFO - [2022-06-26 13:46:29,712] {dagbag.py:507} INFO - Filling up the DagBag from /opt/airflow/dags/chapter03/3_catchup_delay.py
[2022-06-26 13:46:29,723] {processor.py:651} INFO - DAG(s) dict_keys(['3_catchup_delay']) retrieved from /opt/airflow/dags/chapter03/3_catchup_delay.py
[2022-06-26 13:46:29,744] {logging_mixin.py:115} INFO - [2022-06-26 13:46:29,744] {dag.py:2371} INFO - Sync 1 DAGs
[2022-06-26 13:46:29,760] {logging_mixin.py:115} INFO - [2022-06-26 13:46:29,760] {dag.py:2919} INFO - Setting next_dagrun for 3_catchup_delay to 2019-01-01T00:00:00+00:00, run_after=2019-01-02T00:00:00+00:00
[2022-06-26 13:46:29,775] {processor.py:161} INFO - Processing /opt/airflow/dags/chapter03/3_catchup_delay.py took 0.072 seconds
[2022-06-26 13:47:00,553] {processor.py:153} INFO - Started process (PID=1164) to work on /opt/airflow/dags/chapter03/3_catchup_delay.py
[2022-06-26 13:47:00,554] {processor.py:641} INFO - Processing file /opt/airflow/dags/chapter03/3_catchup_delay.py for tasks to queue
[2022-06-26 13:47:00,555] {logging_mixin.py:115} INFO - [2022-06-26 13:47:00,555] {dagbag.py:507} INFO - Filling up the DagBag from /opt/airflow/dags/chapter03/3_catchup_delay.py
[2022-06-26 13:47:00,562] {processor.py:651} INFO - DAG(s) dict_keys(['3_catchup_delay']) retrieved from /opt/airflow/dags/chapter03/3_catchup_delay.py
[2022-06-26 13:47:00,578] {logging_mixin.py:115} INFO - [2022-06-26 13:47:00,578] {dag.py:2371} INFO - Sync 1 DAGs
[2022-06-26 13:47:00,591] {logging_mixin.py:115} INFO - [2022-06-26 13:47:00,591] {dag.py:2919} INFO - Setting next_dagrun for 3_catchup_delay to 2019-01-01T00:00:00+00:00, run_after=2019-01-02T00:00:00+00:00
[2022-06-26 13:47:00,598] {processor.py:161} INFO - Processing /opt/airflow/dags/chapter03/3_catchup_delay.py took 0.046 seconds
[2022-06-26 13:47:30,685] {processor.py:153} INFO - Started process (PID=1225) to work on /opt/airflow/dags/chapter03/3_catchup_delay.py
[2022-06-26 13:47:30,687] {processor.py:641} INFO - Processing file /opt/airflow/dags/chapter03/3_catchup_delay.py for tasks to queue
[2022-06-26 13:47:30,688] {logging_mixin.py:115} INFO - [2022-06-26 13:47:30,688] {dagbag.py:507} INFO - Filling up the DagBag from /opt/airflow/dags/chapter03/3_catchup_delay.py
[2022-06-26 13:47:30,694] {processor.py:651} INFO - DAG(s) dict_keys(['3_catchup_delay']) retrieved from /opt/airflow/dags/chapter03/3_catchup_delay.py
[2022-06-26 13:47:30,710] {logging_mixin.py:115} INFO - [2022-06-26 13:47:30,710] {dag.py:2371} INFO - Sync 1 DAGs
[2022-06-26 13:47:30,722] {logging_mixin.py:115} INFO - [2022-06-26 13:47:30,722] {dag.py:2919} INFO - Setting next_dagrun for 3_catchup_delay to 2019-01-01T00:00:00+00:00, run_after=2019-01-02T00:00:00+00:00
[2022-06-26 13:47:30,728] {processor.py:161} INFO - Processing /opt/airflow/dags/chapter03/3_catchup_delay.py took 0.045 seconds
[2022-06-26 13:48:01,453] {processor.py:153} INFO - Started process (PID=1285) to work on /opt/airflow/dags/chapter03/3_catchup_delay.py
[2022-06-26 13:48:01,454] {processor.py:641} INFO - Processing file /opt/airflow/dags/chapter03/3_catchup_delay.py for tasks to queue
[2022-06-26 13:48:01,456] {logging_mixin.py:115} INFO - [2022-06-26 13:48:01,456] {dagbag.py:507} INFO - Filling up the DagBag from /opt/airflow/dags/chapter03/3_catchup_delay.py
[2022-06-26 13:48:01,463] {processor.py:651} INFO - DAG(s) dict_keys(['3_catchup_delay']) retrieved from /opt/airflow/dags/chapter03/3_catchup_delay.py
[2022-06-26 13:48:01,479] {logging_mixin.py:115} INFO - [2022-06-26 13:48:01,478] {dag.py:2371} INFO - Sync 1 DAGs
[2022-06-26 13:48:01,491] {logging_mixin.py:115} INFO - [2022-06-26 13:48:01,491] {dag.py:2919} INFO - Setting next_dagrun for 3_catchup_delay to 2019-01-01T00:00:00+00:00, run_after=2019-01-02T00:00:00+00:00
[2022-06-26 13:48:01,498] {processor.py:161} INFO - Processing /opt/airflow/dags/chapter03/3_catchup_delay.py took 0.047 seconds
[2022-06-26 13:48:32,260] {processor.py:153} INFO - Started process (PID=1346) to work on /opt/airflow/dags/chapter03/3_catchup_delay.py
[2022-06-26 13:48:32,262] {processor.py:641} INFO - Processing file /opt/airflow/dags/chapter03/3_catchup_delay.py for tasks to queue
[2022-06-26 13:48:32,264] {logging_mixin.py:115} INFO - [2022-06-26 13:48:32,263] {dagbag.py:507} INFO - Filling up the DagBag from /opt/airflow/dags/chapter03/3_catchup_delay.py
[2022-06-26 13:48:32,271] {processor.py:651} INFO - DAG(s) dict_keys(['3_catchup_delay']) retrieved from /opt/airflow/dags/chapter03/3_catchup_delay.py
[2022-06-26 13:48:32,288] {logging_mixin.py:115} INFO - [2022-06-26 13:48:32,288] {dag.py:2371} INFO - Sync 1 DAGs
[2022-06-26 13:48:32,301] {logging_mixin.py:115} INFO - [2022-06-26 13:48:32,301] {dag.py:2919} INFO - Setting next_dagrun for 3_catchup_delay to 2019-01-01T00:00:00+00:00, run_after=2019-01-02T00:00:00+00:00
[2022-06-26 13:48:32,308] {processor.py:161} INFO - Processing /opt/airflow/dags/chapter03/3_catchup_delay.py took 0.051 seconds
[2022-06-26 13:49:03,076] {processor.py:153} INFO - Started process (PID=1407) to work on /opt/airflow/dags/chapter03/3_catchup_delay.py
[2022-06-26 13:49:03,078] {processor.py:641} INFO - Processing file /opt/airflow/dags/chapter03/3_catchup_delay.py for tasks to queue
[2022-06-26 13:49:03,079] {logging_mixin.py:115} INFO - [2022-06-26 13:49:03,079] {dagbag.py:507} INFO - Filling up the DagBag from /opt/airflow/dags/chapter03/3_catchup_delay.py
[2022-06-26 13:49:03,087] {processor.py:651} INFO - DAG(s) dict_keys(['3_catchup_delay']) retrieved from /opt/airflow/dags/chapter03/3_catchup_delay.py
[2022-06-26 13:49:03,105] {logging_mixin.py:115} INFO - [2022-06-26 13:49:03,105] {dag.py:2371} INFO - Sync 1 DAGs
[2022-06-26 13:49:03,117] {logging_mixin.py:115} INFO - [2022-06-26 13:49:03,117] {dag.py:2919} INFO - Setting next_dagrun for 3_catchup_delay to 2019-01-01T00:00:00+00:00, run_after=2019-01-02T00:00:00+00:00
[2022-06-26 13:49:03,125] {processor.py:161} INFO - Processing /opt/airflow/dags/chapter03/3_catchup_delay.py took 0.052 seconds
[2022-06-26 13:49:33,789] {processor.py:153} INFO - Started process (PID=1467) to work on /opt/airflow/dags/chapter03/3_catchup_delay.py
[2022-06-26 13:49:33,790] {processor.py:641} INFO - Processing file /opt/airflow/dags/chapter03/3_catchup_delay.py for tasks to queue
[2022-06-26 13:49:33,791] {logging_mixin.py:115} INFO - [2022-06-26 13:49:33,791] {dagbag.py:507} INFO - Filling up the DagBag from /opt/airflow/dags/chapter03/3_catchup_delay.py
[2022-06-26 13:49:33,798] {processor.py:651} INFO - DAG(s) dict_keys(['3_catchup_delay']) retrieved from /opt/airflow/dags/chapter03/3_catchup_delay.py
[2022-06-26 13:49:33,815] {logging_mixin.py:115} INFO - [2022-06-26 13:49:33,815] {dag.py:2371} INFO - Sync 1 DAGs
[2022-06-26 13:49:33,826] {logging_mixin.py:115} INFO - [2022-06-26 13:49:33,826] {dag.py:2919} INFO - Setting next_dagrun for 3_catchup_delay to 2019-01-01T00:00:00+00:00, run_after=2019-01-02T00:00:00+00:00
[2022-06-26 13:49:33,833] {processor.py:161} INFO - Processing /opt/airflow/dags/chapter03/3_catchup_delay.py took 0.046 seconds
[2022-06-26 13:50:04,466] {processor.py:153} INFO - Started process (PID=1529) to work on /opt/airflow/dags/chapter03/3_catchup_delay.py
[2022-06-26 13:50:04,467] {processor.py:641} INFO - Processing file /opt/airflow/dags/chapter03/3_catchup_delay.py for tasks to queue
[2022-06-26 13:50:04,468] {logging_mixin.py:115} INFO - [2022-06-26 13:50:04,468] {dagbag.py:507} INFO - Filling up the DagBag from /opt/airflow/dags/chapter03/3_catchup_delay.py
[2022-06-26 13:50:04,478] {processor.py:651} INFO - DAG(s) dict_keys(['3_catchup_delay']) retrieved from /opt/airflow/dags/chapter03/3_catchup_delay.py
[2022-06-26 13:50:04,498] {logging_mixin.py:115} INFO - [2022-06-26 13:50:04,498] {dag.py:2371} INFO - Sync 1 DAGs
[2022-06-26 13:50:04,514] {logging_mixin.py:115} INFO - [2022-06-26 13:50:04,514] {dag.py:2919} INFO - Setting next_dagrun for 3_catchup_delay to 2019-01-01T00:00:00+00:00, run_after=2019-01-02T00:00:00+00:00
[2022-06-26 13:50:04,523] {processor.py:161} INFO - Processing /opt/airflow/dags/chapter03/3_catchup_delay.py took 0.060 seconds
[2022-06-26 13:50:35,330] {processor.py:153} INFO - Started process (PID=1580) to work on /opt/airflow/dags/chapter03/3_catchup_delay.py
[2022-06-26 13:50:35,331] {processor.py:641} INFO - Processing file /opt/airflow/dags/chapter03/3_catchup_delay.py for tasks to queue
[2022-06-26 13:50:35,332] {logging_mixin.py:115} INFO - [2022-06-26 13:50:35,332] {dagbag.py:507} INFO - Filling up the DagBag from /opt/airflow/dags/chapter03/3_catchup_delay.py
[2022-06-26 13:50:35,340] {processor.py:651} INFO - DAG(s) dict_keys(['3_catchup_delay']) retrieved from /opt/airflow/dags/chapter03/3_catchup_delay.py
[2022-06-26 13:50:35,357] {logging_mixin.py:115} INFO - [2022-06-26 13:50:35,357] {dag.py:2371} INFO - Sync 1 DAGs
[2022-06-26 13:50:35,375] {logging_mixin.py:115} INFO - [2022-06-26 13:50:35,375] {dag.py:2919} INFO - Setting next_dagrun for 3_catchup_delay to 2019-01-01T00:00:00+00:00, run_after=2019-01-02T00:00:00+00:00
[2022-06-26 13:50:35,385] {processor.py:161} INFO - Processing /opt/airflow/dags/chapter03/3_catchup_delay.py took 0.058 seconds
[2022-06-26 13:51:06,028] {processor.py:153} INFO - Started process (PID=1641) to work on /opt/airflow/dags/chapter03/3_catchup_delay.py
[2022-06-26 13:51:06,030] {processor.py:641} INFO - Processing file /opt/airflow/dags/chapter03/3_catchup_delay.py for tasks to queue
[2022-06-26 13:51:06,031] {logging_mixin.py:115} INFO - [2022-06-26 13:51:06,031] {dagbag.py:507} INFO - Filling up the DagBag from /opt/airflow/dags/chapter03/3_catchup_delay.py
[2022-06-26 13:51:06,040] {processor.py:651} INFO - DAG(s) dict_keys(['3_catchup_delay']) retrieved from /opt/airflow/dags/chapter03/3_catchup_delay.py
[2022-06-26 13:51:06,055] {logging_mixin.py:115} INFO - [2022-06-26 13:51:06,055] {dag.py:2371} INFO - Sync 1 DAGs
[2022-06-26 13:51:06,067] {logging_mixin.py:115} INFO - [2022-06-26 13:51:06,067] {dag.py:2919} INFO - Setting next_dagrun for 3_catchup_delay to 2019-01-01T00:00:00+00:00, run_after=2019-01-02T00:00:00+00:00
[2022-06-26 13:51:06,074] {processor.py:161} INFO - Processing /opt/airflow/dags/chapter03/3_catchup_delay.py took 0.047 seconds
[2022-06-26 13:51:36,789] {processor.py:153} INFO - Started process (PID=1701) to work on /opt/airflow/dags/chapter03/3_catchup_delay.py
[2022-06-26 13:51:36,791] {processor.py:641} INFO - Processing file /opt/airflow/dags/chapter03/3_catchup_delay.py for tasks to queue
[2022-06-26 13:51:36,793] {logging_mixin.py:115} INFO - [2022-06-26 13:51:36,793] {dagbag.py:507} INFO - Filling up the DagBag from /opt/airflow/dags/chapter03/3_catchup_delay.py
[2022-06-26 13:51:36,800] {processor.py:651} INFO - DAG(s) dict_keys(['3_catchup_delay']) retrieved from /opt/airflow/dags/chapter03/3_catchup_delay.py
[2022-06-26 13:51:36,816] {logging_mixin.py:115} INFO - [2022-06-26 13:51:36,816] {dag.py:2371} INFO - Sync 1 DAGs
[2022-06-26 13:51:36,828] {logging_mixin.py:115} INFO - [2022-06-26 13:51:36,828] {dag.py:2919} INFO - Setting next_dagrun for 3_catchup_delay to 2019-01-01T00:00:00+00:00, run_after=2019-01-02T00:00:00+00:00
[2022-06-26 13:51:36,834] {processor.py:161} INFO - Processing /opt/airflow/dags/chapter03/3_catchup_delay.py took 0.047 seconds
[2022-06-26 13:52:07,537] {processor.py:153} INFO - Started process (PID=1761) to work on /opt/airflow/dags/chapter03/3_catchup_delay.py
[2022-06-26 13:52:07,539] {processor.py:641} INFO - Processing file /opt/airflow/dags/chapter03/3_catchup_delay.py for tasks to queue
[2022-06-26 13:52:07,540] {logging_mixin.py:115} INFO - [2022-06-26 13:52:07,540] {dagbag.py:507} INFO - Filling up the DagBag from /opt/airflow/dags/chapter03/3_catchup_delay.py
[2022-06-26 13:52:07,548] {processor.py:651} INFO - DAG(s) dict_keys(['3_catchup_delay']) retrieved from /opt/airflow/dags/chapter03/3_catchup_delay.py
[2022-06-26 13:52:07,568] {logging_mixin.py:115} INFO - [2022-06-26 13:52:07,567] {dag.py:2371} INFO - Sync 1 DAGs
[2022-06-26 13:52:07,583] {logging_mixin.py:115} INFO - [2022-06-26 13:52:07,583] {dag.py:2919} INFO - Setting next_dagrun for 3_catchup_delay to 2019-01-01T00:00:00+00:00, run_after=2019-01-02T00:00:00+00:00
[2022-06-26 13:52:07,594] {processor.py:161} INFO - Processing /opt/airflow/dags/chapter03/3_catchup_delay.py took 0.058 seconds
[2022-06-26 13:52:37,668] {processor.py:153} INFO - Started process (PID=1822) to work on /opt/airflow/dags/chapter03/3_catchup_delay.py
[2022-06-26 13:52:37,671] {processor.py:641} INFO - Processing file /opt/airflow/dags/chapter03/3_catchup_delay.py for tasks to queue
[2022-06-26 13:52:37,672] {logging_mixin.py:115} INFO - [2022-06-26 13:52:37,672] {dagbag.py:507} INFO - Filling up the DagBag from /opt/airflow/dags/chapter03/3_catchup_delay.py
[2022-06-26 13:52:37,680] {processor.py:651} INFO - DAG(s) dict_keys(['3_catchup_delay']) retrieved from /opt/airflow/dags/chapter03/3_catchup_delay.py
[2022-06-26 13:52:37,698] {logging_mixin.py:115} INFO - [2022-06-26 13:52:37,698] {dag.py:2371} INFO - Sync 1 DAGs
[2022-06-26 13:52:37,710] {logging_mixin.py:115} INFO - [2022-06-26 13:52:37,710] {dag.py:2919} INFO - Setting next_dagrun for 3_catchup_delay to 2019-01-01T00:00:00+00:00, run_after=2019-01-02T00:00:00+00:00
[2022-06-26 13:52:37,717] {processor.py:161} INFO - Processing /opt/airflow/dags/chapter03/3_catchup_delay.py took 0.051 seconds
[2022-06-26 13:53:08,451] {processor.py:153} INFO - Started process (PID=1882) to work on /opt/airflow/dags/chapter03/3_catchup_delay.py
[2022-06-26 13:53:08,458] {processor.py:641} INFO - Processing file /opt/airflow/dags/chapter03/3_catchup_delay.py for tasks to queue
[2022-06-26 13:53:08,468] {logging_mixin.py:115} INFO - [2022-06-26 13:53:08,468] {dagbag.py:507} INFO - Filling up the DagBag from /opt/airflow/dags/chapter03/3_catchup_delay.py
[2022-06-26 13:53:08,497] {processor.py:651} INFO - DAG(s) dict_keys(['3_catchup_delay']) retrieved from /opt/airflow/dags/chapter03/3_catchup_delay.py
[2022-06-26 13:53:08,594] {logging_mixin.py:115} INFO - [2022-06-26 13:53:08,594] {dag.py:2371} INFO - Sync 1 DAGs
[2022-06-26 13:53:08,623] {logging_mixin.py:115} INFO - [2022-06-26 13:53:08,623] {dag.py:2919} INFO - Setting next_dagrun for 3_catchup_delay to 2019-01-01T00:00:00+00:00, run_after=2019-01-02T00:00:00+00:00
[2022-06-26 13:53:08,663] {processor.py:161} INFO - Processing /opt/airflow/dags/chapter03/3_catchup_delay.py took 0.218 seconds
[2022-06-26 13:53:39,262] {processor.py:153} INFO - Started process (PID=1943) to work on /opt/airflow/dags/chapter03/3_catchup_delay.py
[2022-06-26 13:53:39,264] {processor.py:641} INFO - Processing file /opt/airflow/dags/chapter03/3_catchup_delay.py for tasks to queue
[2022-06-26 13:53:39,266] {logging_mixin.py:115} INFO - [2022-06-26 13:53:39,266] {dagbag.py:507} INFO - Filling up the DagBag from /opt/airflow/dags/chapter03/3_catchup_delay.py
[2022-06-26 13:53:39,277] {processor.py:651} INFO - DAG(s) dict_keys(['3_catchup_delay']) retrieved from /opt/airflow/dags/chapter03/3_catchup_delay.py
[2022-06-26 13:53:39,298] {logging_mixin.py:115} INFO - [2022-06-26 13:53:39,298] {dag.py:2371} INFO - Sync 1 DAGs
[2022-06-26 13:53:39,314] {logging_mixin.py:115} INFO - [2022-06-26 13:53:39,314] {dag.py:2919} INFO - Setting next_dagrun for 3_catchup_delay to 2019-01-01T00:00:00+00:00, run_after=2019-01-02T00:00:00+00:00
[2022-06-26 13:53:39,324] {processor.py:161} INFO - Processing /opt/airflow/dags/chapter03/3_catchup_delay.py took 0.064 seconds
[2022-06-26 13:54:09,392] {processor.py:153} INFO - Started process (PID=1993) to work on /opt/airflow/dags/chapter03/3_catchup_delay.py
[2022-06-26 13:54:09,394] {processor.py:641} INFO - Processing file /opt/airflow/dags/chapter03/3_catchup_delay.py for tasks to queue
[2022-06-26 13:54:09,395] {logging_mixin.py:115} INFO - [2022-06-26 13:54:09,395] {dagbag.py:507} INFO - Filling up the DagBag from /opt/airflow/dags/chapter03/3_catchup_delay.py
[2022-06-26 13:54:09,403] {processor.py:651} INFO - DAG(s) dict_keys(['3_catchup_delay']) retrieved from /opt/airflow/dags/chapter03/3_catchup_delay.py
[2022-06-26 13:54:09,419] {logging_mixin.py:115} INFO - [2022-06-26 13:54:09,419] {dag.py:2371} INFO - Sync 1 DAGs
[2022-06-26 13:54:09,431] {logging_mixin.py:115} INFO - [2022-06-26 13:54:09,431] {dag.py:2919} INFO - Setting next_dagrun for 3_catchup_delay to 2019-01-01T00:00:00+00:00, run_after=2019-01-02T00:00:00+00:00
[2022-06-26 13:54:09,438] {processor.py:161} INFO - Processing /opt/airflow/dags/chapter03/3_catchup_delay.py took 0.048 seconds
[2022-06-26 13:54:40,205] {processor.py:153} INFO - Started process (PID=2054) to work on /opt/airflow/dags/chapter03/3_catchup_delay.py
[2022-06-26 13:54:40,207] {processor.py:641} INFO - Processing file /opt/airflow/dags/chapter03/3_catchup_delay.py for tasks to queue
[2022-06-26 13:54:40,208] {logging_mixin.py:115} INFO - [2022-06-26 13:54:40,208] {dagbag.py:507} INFO - Filling up the DagBag from /opt/airflow/dags/chapter03/3_catchup_delay.py
[2022-06-26 13:54:40,217] {processor.py:651} INFO - DAG(s) dict_keys(['3_catchup_delay']) retrieved from /opt/airflow/dags/chapter03/3_catchup_delay.py
[2022-06-26 13:54:40,237] {logging_mixin.py:115} INFO - [2022-06-26 13:54:40,237] {dag.py:2371} INFO - Sync 1 DAGs
[2022-06-26 13:54:40,250] {logging_mixin.py:115} INFO - [2022-06-26 13:54:40,250] {dag.py:2919} INFO - Setting next_dagrun for 3_catchup_delay to 2019-01-01T00:00:00+00:00, run_after=2019-01-02T00:00:00+00:00
[2022-06-26 13:54:40,256] {processor.py:161} INFO - Processing /opt/airflow/dags/chapter03/3_catchup_delay.py took 0.054 seconds
[2022-06-26 13:55:11,077] {processor.py:153} INFO - Started process (PID=2115) to work on /opt/airflow/dags/chapter03/3_catchup_delay.py
[2022-06-26 13:55:11,079] {processor.py:641} INFO - Processing file /opt/airflow/dags/chapter03/3_catchup_delay.py for tasks to queue
[2022-06-26 13:55:11,081] {logging_mixin.py:115} INFO - [2022-06-26 13:55:11,081] {dagbag.py:507} INFO - Filling up the DagBag from /opt/airflow/dags/chapter03/3_catchup_delay.py
[2022-06-26 13:55:11,089] {processor.py:651} INFO - DAG(s) dict_keys(['3_catchup_delay']) retrieved from /opt/airflow/dags/chapter03/3_catchup_delay.py
[2022-06-26 13:55:11,107] {logging_mixin.py:115} INFO - [2022-06-26 13:55:11,107] {dag.py:2371} INFO - Sync 1 DAGs
[2022-06-26 13:55:11,120] {logging_mixin.py:115} INFO - [2022-06-26 13:55:11,120] {dag.py:2919} INFO - Setting next_dagrun for 3_catchup_delay to 2019-01-01T00:00:00+00:00, run_after=2019-01-02T00:00:00+00:00
[2022-06-26 13:55:11,131] {processor.py:161} INFO - Processing /opt/airflow/dags/chapter03/3_catchup_delay.py took 0.056 seconds
[2022-06-26 13:55:41,223] {processor.py:153} INFO - Started process (PID=2175) to work on /opt/airflow/dags/chapter03/3_catchup_delay.py
[2022-06-26 13:55:41,225] {processor.py:641} INFO - Processing file /opt/airflow/dags/chapter03/3_catchup_delay.py for tasks to queue
[2022-06-26 13:55:41,226] {logging_mixin.py:115} INFO - [2022-06-26 13:55:41,226] {dagbag.py:507} INFO - Filling up the DagBag from /opt/airflow/dags/chapter03/3_catchup_delay.py
[2022-06-26 13:55:41,237] {processor.py:651} INFO - DAG(s) dict_keys(['3_catchup_delay']) retrieved from /opt/airflow/dags/chapter03/3_catchup_delay.py
[2022-06-26 13:55:41,258] {logging_mixin.py:115} INFO - [2022-06-26 13:55:41,258] {dag.py:2371} INFO - Sync 1 DAGs
[2022-06-26 13:55:41,272] {logging_mixin.py:115} INFO - [2022-06-26 13:55:41,272] {dag.py:2919} INFO - Setting next_dagrun for 3_catchup_delay to 2019-01-01T00:00:00+00:00, run_after=2019-01-02T00:00:00+00:00
[2022-06-26 13:55:41,279] {processor.py:161} INFO - Processing /opt/airflow/dags/chapter03/3_catchup_delay.py took 0.059 seconds
[2022-06-26 13:56:12,122] {processor.py:153} INFO - Started process (PID=2235) to work on /opt/airflow/dags/chapter03/3_catchup_delay.py
[2022-06-26 13:56:12,124] {processor.py:641} INFO - Processing file /opt/airflow/dags/chapter03/3_catchup_delay.py for tasks to queue
[2022-06-26 13:56:12,125] {logging_mixin.py:115} INFO - [2022-06-26 13:56:12,125] {dagbag.py:507} INFO - Filling up the DagBag from /opt/airflow/dags/chapter03/3_catchup_delay.py
[2022-06-26 13:56:12,134] {processor.py:651} INFO - DAG(s) dict_keys(['3_catchup_delay']) retrieved from /opt/airflow/dags/chapter03/3_catchup_delay.py
[2022-06-26 13:56:12,150] {logging_mixin.py:115} INFO - [2022-06-26 13:56:12,150] {dag.py:2371} INFO - Sync 1 DAGs
[2022-06-26 13:56:12,163] {logging_mixin.py:115} INFO - [2022-06-26 13:56:12,162] {dag.py:2919} INFO - Setting next_dagrun for 3_catchup_delay to 2019-01-01T00:00:00+00:00, run_after=2019-01-02T00:00:00+00:00
[2022-06-26 13:56:12,169] {processor.py:161} INFO - Processing /opt/airflow/dags/chapter03/3_catchup_delay.py took 0.049 seconds
[2022-06-26 13:56:43,105] {processor.py:153} INFO - Started process (PID=2297) to work on /opt/airflow/dags/chapter03/3_catchup_delay.py
[2022-06-26 13:56:43,107] {processor.py:641} INFO - Processing file /opt/airflow/dags/chapter03/3_catchup_delay.py for tasks to queue
[2022-06-26 13:56:43,109] {logging_mixin.py:115} INFO - [2022-06-26 13:56:43,109] {dagbag.py:507} INFO - Filling up the DagBag from /opt/airflow/dags/chapter03/3_catchup_delay.py
[2022-06-26 13:56:43,121] {processor.py:651} INFO - DAG(s) dict_keys(['3_catchup_delay']) retrieved from /opt/airflow/dags/chapter03/3_catchup_delay.py
[2022-06-26 13:56:43,150] {logging_mixin.py:115} INFO - [2022-06-26 13:56:43,150] {dag.py:2371} INFO - Sync 1 DAGs
[2022-06-26 13:56:43,167] {logging_mixin.py:115} INFO - [2022-06-26 13:56:43,167] {dag.py:2919} INFO - Setting next_dagrun for 3_catchup_delay to 2019-01-01T00:00:00+00:00, run_after=2019-01-02T00:00:00+00:00
[2022-06-26 13:56:43,179] {processor.py:161} INFO - Processing /opt/airflow/dags/chapter03/3_catchup_delay.py took 0.076 seconds
[2022-06-26 13:57:13,408] {processor.py:153} INFO - Started process (PID=2348) to work on /opt/airflow/dags/chapter03/3_catchup_delay.py
[2022-06-26 13:57:13,410] {processor.py:641} INFO - Processing file /opt/airflow/dags/chapter03/3_catchup_delay.py for tasks to queue
[2022-06-26 13:57:13,411] {logging_mixin.py:115} INFO - [2022-06-26 13:57:13,411] {dagbag.py:507} INFO - Filling up the DagBag from /opt/airflow/dags/chapter03/3_catchup_delay.py
[2022-06-26 13:57:13,418] {processor.py:651} INFO - DAG(s) dict_keys(['3_catchup_delay']) retrieved from /opt/airflow/dags/chapter03/3_catchup_delay.py
[2022-06-26 13:57:13,434] {logging_mixin.py:115} INFO - [2022-06-26 13:57:13,434] {dag.py:2371} INFO - Sync 1 DAGs
[2022-06-26 13:57:13,446] {logging_mixin.py:115} INFO - [2022-06-26 13:57:13,446] {dag.py:2919} INFO - Setting next_dagrun for 3_catchup_delay to 2019-01-01T00:00:00+00:00, run_after=2019-01-02T00:00:00+00:00
[2022-06-26 13:57:13,452] {processor.py:161} INFO - Processing /opt/airflow/dags/chapter03/3_catchup_delay.py took 0.047 seconds
[2022-06-26 13:57:44,394] {processor.py:153} INFO - Started process (PID=2410) to work on /opt/airflow/dags/chapter03/3_catchup_delay.py
[2022-06-26 13:57:44,396] {processor.py:641} INFO - Processing file /opt/airflow/dags/chapter03/3_catchup_delay.py for tasks to queue
[2022-06-26 13:57:44,397] {logging_mixin.py:115} INFO - [2022-06-26 13:57:44,397] {dagbag.py:507} INFO - Filling up the DagBag from /opt/airflow/dags/chapter03/3_catchup_delay.py
[2022-06-26 13:57:44,404] {processor.py:651} INFO - DAG(s) dict_keys(['3_catchup_delay']) retrieved from /opt/airflow/dags/chapter03/3_catchup_delay.py
[2022-06-26 13:57:44,423] {logging_mixin.py:115} INFO - [2022-06-26 13:57:44,423] {dag.py:2371} INFO - Sync 1 DAGs
[2022-06-26 13:57:44,436] {logging_mixin.py:115} INFO - [2022-06-26 13:57:44,436] {dag.py:2919} INFO - Setting next_dagrun for 3_catchup_delay to 2019-01-01T00:00:00+00:00, run_after=2019-01-02T00:00:00+00:00
[2022-06-26 13:57:44,442] {processor.py:161} INFO - Processing /opt/airflow/dags/chapter03/3_catchup_delay.py took 0.051 seconds
[2022-06-26 13:58:15,283] {processor.py:153} INFO - Started process (PID=2471) to work on /opt/airflow/dags/chapter03/3_catchup_delay.py
[2022-06-26 13:58:15,285] {processor.py:641} INFO - Processing file /opt/airflow/dags/chapter03/3_catchup_delay.py for tasks to queue
[2022-06-26 13:58:15,286] {logging_mixin.py:115} INFO - [2022-06-26 13:58:15,286] {dagbag.py:507} INFO - Filling up the DagBag from /opt/airflow/dags/chapter03/3_catchup_delay.py
[2022-06-26 13:58:15,293] {processor.py:651} INFO - DAG(s) dict_keys(['3_catchup_delay']) retrieved from /opt/airflow/dags/chapter03/3_catchup_delay.py
[2022-06-26 13:58:15,313] {logging_mixin.py:115} INFO - [2022-06-26 13:58:15,313] {dag.py:2371} INFO - Sync 1 DAGs
[2022-06-26 13:58:15,326] {logging_mixin.py:115} INFO - [2022-06-26 13:58:15,326] {dag.py:2919} INFO - Setting next_dagrun for 3_catchup_delay to 2019-01-01T00:00:00+00:00, run_after=2019-01-02T00:00:00+00:00
[2022-06-26 13:58:15,335] {processor.py:161} INFO - Processing /opt/airflow/dags/chapter03/3_catchup_delay.py took 0.054 seconds
[2022-06-26 13:58:45,649] {processor.py:153} INFO - Started process (PID=2531) to work on /opt/airflow/dags/chapter03/3_catchup_delay.py
[2022-06-26 13:58:45,651] {processor.py:641} INFO - Processing file /opt/airflow/dags/chapter03/3_catchup_delay.py for tasks to queue
[2022-06-26 13:58:45,652] {logging_mixin.py:115} INFO - [2022-06-26 13:58:45,652] {dagbag.py:507} INFO - Filling up the DagBag from /opt/airflow/dags/chapter03/3_catchup_delay.py
[2022-06-26 13:58:45,659] {processor.py:651} INFO - DAG(s) dict_keys(['3_catchup_delay']) retrieved from /opt/airflow/dags/chapter03/3_catchup_delay.py
[2022-06-26 13:58:45,675] {logging_mixin.py:115} INFO - [2022-06-26 13:58:45,675] {dag.py:2371} INFO - Sync 1 DAGs
[2022-06-26 13:58:45,688] {logging_mixin.py:115} INFO - [2022-06-26 13:58:45,688] {dag.py:2919} INFO - Setting next_dagrun for 3_catchup_delay to 2019-01-01T00:00:00+00:00, run_after=2019-01-02T00:00:00+00:00
[2022-06-26 13:58:45,696] {processor.py:161} INFO - Processing /opt/airflow/dags/chapter03/3_catchup_delay.py took 0.049 seconds
[2022-06-26 13:59:16,243] {processor.py:153} INFO - Started process (PID=2592) to work on /opt/airflow/dags/chapter03/3_catchup_delay.py
[2022-06-26 13:59:16,244] {processor.py:641} INFO - Processing file /opt/airflow/dags/chapter03/3_catchup_delay.py for tasks to queue
[2022-06-26 13:59:16,246] {logging_mixin.py:115} INFO - [2022-06-26 13:59:16,246] {dagbag.py:507} INFO - Filling up the DagBag from /opt/airflow/dags/chapter03/3_catchup_delay.py
[2022-06-26 13:59:16,254] {processor.py:651} INFO - DAG(s) dict_keys(['3_catchup_delay']) retrieved from /opt/airflow/dags/chapter03/3_catchup_delay.py
[2022-06-26 13:59:16,272] {logging_mixin.py:115} INFO - [2022-06-26 13:59:16,272] {dag.py:2371} INFO - Sync 1 DAGs
[2022-06-26 13:59:16,286] {logging_mixin.py:115} INFO - [2022-06-26 13:59:16,286] {dag.py:2919} INFO - Setting next_dagrun for 3_catchup_delay to 2019-01-01T00:00:00+00:00, run_after=2019-01-02T00:00:00+00:00
[2022-06-26 13:59:16,293] {processor.py:161} INFO - Processing /opt/airflow/dags/chapter03/3_catchup_delay.py took 0.053 seconds
[2022-06-26 13:59:46,973] {processor.py:153} INFO - Started process (PID=2652) to work on /opt/airflow/dags/chapter03/3_catchup_delay.py
[2022-06-26 13:59:46,977] {processor.py:641} INFO - Processing file /opt/airflow/dags/chapter03/3_catchup_delay.py for tasks to queue
[2022-06-26 13:59:46,978] {logging_mixin.py:115} INFO - [2022-06-26 13:59:46,978] {dagbag.py:507} INFO - Filling up the DagBag from /opt/airflow/dags/chapter03/3_catchup_delay.py
[2022-06-26 13:59:46,987] {processor.py:651} INFO - DAG(s) dict_keys(['3_catchup_delay']) retrieved from /opt/airflow/dags/chapter03/3_catchup_delay.py
[2022-06-26 13:59:47,013] {logging_mixin.py:115} INFO - [2022-06-26 13:59:47,013] {dag.py:2371} INFO - Sync 1 DAGs
[2022-06-26 13:59:47,031] {logging_mixin.py:115} INFO - [2022-06-26 13:59:47,031] {dag.py:2919} INFO - Setting next_dagrun for 3_catchup_delay to 2019-01-01T00:00:00+00:00, run_after=2019-01-02T00:00:00+00:00
[2022-06-26 13:59:47,045] {processor.py:161} INFO - Processing /opt/airflow/dags/chapter03/3_catchup_delay.py took 0.075 seconds
[2022-06-26 14:00:17,735] {processor.py:153} INFO - Started process (PID=2715) to work on /opt/airflow/dags/chapter03/3_catchup_delay.py
[2022-06-26 14:00:17,739] {processor.py:641} INFO - Processing file /opt/airflow/dags/chapter03/3_catchup_delay.py for tasks to queue
[2022-06-26 14:00:17,741] {logging_mixin.py:115} INFO - [2022-06-26 14:00:17,741] {dagbag.py:507} INFO - Filling up the DagBag from /opt/airflow/dags/chapter03/3_catchup_delay.py
[2022-06-26 14:00:17,753] {processor.py:651} INFO - DAG(s) dict_keys(['3_catchup_delay']) retrieved from /opt/airflow/dags/chapter03/3_catchup_delay.py
[2022-06-26 14:00:17,780] {logging_mixin.py:115} INFO - [2022-06-26 14:00:17,779] {dag.py:2371} INFO - Sync 1 DAGs
[2022-06-26 14:00:17,796] {logging_mixin.py:115} INFO - [2022-06-26 14:00:17,796] {dag.py:2919} INFO - Setting next_dagrun for 3_catchup_delay to 2019-01-01T00:00:00+00:00, run_after=2019-01-02T00:00:00+00:00
[2022-06-26 14:00:17,805] {processor.py:161} INFO - Processing /opt/airflow/dags/chapter03/3_catchup_delay.py took 0.073 seconds
[2022-06-26 14:00:48,345] {processor.py:153} INFO - Started process (PID=2767) to work on /opt/airflow/dags/chapter03/3_catchup_delay.py
[2022-06-26 14:00:48,346] {processor.py:641} INFO - Processing file /opt/airflow/dags/chapter03/3_catchup_delay.py for tasks to queue
[2022-06-26 14:00:48,347] {logging_mixin.py:115} INFO - [2022-06-26 14:00:48,347] {dagbag.py:507} INFO - Filling up the DagBag from /opt/airflow/dags/chapter03/3_catchup_delay.py
[2022-06-26 14:00:48,355] {processor.py:651} INFO - DAG(s) dict_keys(['3_catchup_delay']) retrieved from /opt/airflow/dags/chapter03/3_catchup_delay.py
[2022-06-26 14:00:48,375] {logging_mixin.py:115} INFO - [2022-06-26 14:00:48,374] {dag.py:2371} INFO - Sync 1 DAGs
[2022-06-26 14:00:48,386] {logging_mixin.py:115} INFO - [2022-06-26 14:00:48,386] {dag.py:2919} INFO - Setting next_dagrun for 3_catchup_delay to 2019-01-01T00:00:00+00:00, run_after=2019-01-02T00:00:00+00:00
[2022-06-26 14:00:48,395] {processor.py:161} INFO - Processing /opt/airflow/dags/chapter03/3_catchup_delay.py took 0.052 seconds
[2022-06-26 14:01:19,026] {processor.py:153} INFO - Started process (PID=2828) to work on /opt/airflow/dags/chapter03/3_catchup_delay.py
[2022-06-26 14:01:19,027] {processor.py:641} INFO - Processing file /opt/airflow/dags/chapter03/3_catchup_delay.py for tasks to queue
[2022-06-26 14:01:19,028] {logging_mixin.py:115} INFO - [2022-06-26 14:01:19,028] {dagbag.py:507} INFO - Filling up the DagBag from /opt/airflow/dags/chapter03/3_catchup_delay.py
[2022-06-26 14:01:19,035] {processor.py:651} INFO - DAG(s) dict_keys(['3_catchup_delay']) retrieved from /opt/airflow/dags/chapter03/3_catchup_delay.py
[2022-06-26 14:01:19,052] {logging_mixin.py:115} INFO - [2022-06-26 14:01:19,052] {dag.py:2371} INFO - Sync 1 DAGs
[2022-06-26 14:01:19,065] {logging_mixin.py:115} INFO - [2022-06-26 14:01:19,065] {dag.py:2919} INFO - Setting next_dagrun for 3_catchup_delay to 2019-01-01T00:00:00+00:00, run_after=2019-01-02T00:00:00+00:00
[2022-06-26 14:01:19,072] {processor.py:161} INFO - Processing /opt/airflow/dags/chapter03/3_catchup_delay.py took 0.049 seconds
[2022-06-26 14:01:49,836] {processor.py:153} INFO - Started process (PID=2889) to work on /opt/airflow/dags/chapter03/3_catchup_delay.py
[2022-06-26 14:01:49,838] {processor.py:641} INFO - Processing file /opt/airflow/dags/chapter03/3_catchup_delay.py for tasks to queue
[2022-06-26 14:01:49,839] {logging_mixin.py:115} INFO - [2022-06-26 14:01:49,839] {dagbag.py:507} INFO - Filling up the DagBag from /opt/airflow/dags/chapter03/3_catchup_delay.py
[2022-06-26 14:01:49,846] {processor.py:651} INFO - DAG(s) dict_keys(['3_catchup_delay']) retrieved from /opt/airflow/dags/chapter03/3_catchup_delay.py
[2022-06-26 14:01:49,864] {logging_mixin.py:115} INFO - [2022-06-26 14:01:49,864] {dag.py:2371} INFO - Sync 1 DAGs
[2022-06-26 14:01:49,879] {logging_mixin.py:115} INFO - [2022-06-26 14:01:49,879] {dag.py:2919} INFO - Setting next_dagrun for 3_catchup_delay to 2019-01-01T00:00:00+00:00, run_after=2019-01-02T00:00:00+00:00
[2022-06-26 14:01:49,887] {processor.py:161} INFO - Processing /opt/airflow/dags/chapter03/3_catchup_delay.py took 0.053 seconds
[2022-06-26 14:02:19,984] {processor.py:153} INFO - Started process (PID=2950) to work on /opt/airflow/dags/chapter03/3_catchup_delay.py
[2022-06-26 14:02:19,986] {processor.py:641} INFO - Processing file /opt/airflow/dags/chapter03/3_catchup_delay.py for tasks to queue
[2022-06-26 14:02:19,989] {logging_mixin.py:115} INFO - [2022-06-26 14:02:19,989] {dagbag.py:507} INFO - Filling up the DagBag from /opt/airflow/dags/chapter03/3_catchup_delay.py
[2022-06-26 14:02:20,000] {processor.py:651} INFO - DAG(s) dict_keys(['3_catchup_delay']) retrieved from /opt/airflow/dags/chapter03/3_catchup_delay.py
[2022-06-26 14:02:20,022] {logging_mixin.py:115} INFO - [2022-06-26 14:02:20,022] {dag.py:2371} INFO - Sync 1 DAGs
[2022-06-26 14:02:20,035] {logging_mixin.py:115} INFO - [2022-06-26 14:02:20,035] {dag.py:2919} INFO - Setting next_dagrun for 3_catchup_delay to 2019-01-01T00:00:00+00:00, run_after=2019-01-02T00:00:00+00:00
[2022-06-26 14:02:20,042] {processor.py:161} INFO - Processing /opt/airflow/dags/chapter03/3_catchup_delay.py took 0.061 seconds
[2022-06-26 14:02:50,872] {processor.py:153} INFO - Started process (PID=3011) to work on /opt/airflow/dags/chapter03/3_catchup_delay.py
[2022-06-26 14:02:50,873] {processor.py:641} INFO - Processing file /opt/airflow/dags/chapter03/3_catchup_delay.py for tasks to queue
[2022-06-26 14:02:50,875] {logging_mixin.py:115} INFO - [2022-06-26 14:02:50,874] {dagbag.py:507} INFO - Filling up the DagBag from /opt/airflow/dags/chapter03/3_catchup_delay.py
[2022-06-26 14:02:50,883] {processor.py:651} INFO - DAG(s) dict_keys(['3_catchup_delay']) retrieved from /opt/airflow/dags/chapter03/3_catchup_delay.py
[2022-06-26 14:02:50,900] {logging_mixin.py:115} INFO - [2022-06-26 14:02:50,900] {dag.py:2371} INFO - Sync 1 DAGs
[2022-06-26 14:02:50,912] {logging_mixin.py:115} INFO - [2022-06-26 14:02:50,912] {dag.py:2919} INFO - Setting next_dagrun for 3_catchup_delay to 2019-01-01T00:00:00+00:00, run_after=2019-01-02T00:00:00+00:00
[2022-06-26 14:02:50,920] {processor.py:161} INFO - Processing /opt/airflow/dags/chapter03/3_catchup_delay.py took 0.050 seconds
[2022-06-26 14:03:21,845] {processor.py:153} INFO - Started process (PID=3072) to work on /opt/airflow/dags/chapter03/3_catchup_delay.py
[2022-06-26 14:03:21,847] {processor.py:641} INFO - Processing file /opt/airflow/dags/chapter03/3_catchup_delay.py for tasks to queue
[2022-06-26 14:03:21,848] {logging_mixin.py:115} INFO - [2022-06-26 14:03:21,848] {dagbag.py:507} INFO - Filling up the DagBag from /opt/airflow/dags/chapter03/3_catchup_delay.py
[2022-06-26 14:03:21,856] {processor.py:651} INFO - DAG(s) dict_keys(['3_catchup_delay']) retrieved from /opt/airflow/dags/chapter03/3_catchup_delay.py
[2022-06-26 14:03:21,873] {logging_mixin.py:115} INFO - [2022-06-26 14:03:21,873] {dag.py:2371} INFO - Sync 1 DAGs
[2022-06-26 14:03:21,885] {logging_mixin.py:115} INFO - [2022-06-26 14:03:21,885] {dag.py:2919} INFO - Setting next_dagrun for 3_catchup_delay to 2019-01-01T00:00:00+00:00, run_after=2019-01-02T00:00:00+00:00
[2022-06-26 14:03:21,892] {processor.py:161} INFO - Processing /opt/airflow/dags/chapter03/3_catchup_delay.py took 0.049 seconds
[2022-06-26 14:03:52,699] {processor.py:153} INFO - Started process (PID=3123) to work on /opt/airflow/dags/chapter03/3_catchup_delay.py
[2022-06-26 14:03:52,701] {processor.py:641} INFO - Processing file /opt/airflow/dags/chapter03/3_catchup_delay.py for tasks to queue
[2022-06-26 14:03:52,702] {logging_mixin.py:115} INFO - [2022-06-26 14:03:52,702] {dagbag.py:507} INFO - Filling up the DagBag from /opt/airflow/dags/chapter03/3_catchup_delay.py
[2022-06-26 14:03:52,709] {processor.py:651} INFO - DAG(s) dict_keys(['3_catchup_delay']) retrieved from /opt/airflow/dags/chapter03/3_catchup_delay.py
[2022-06-26 14:03:52,727] {logging_mixin.py:115} INFO - [2022-06-26 14:03:52,727] {dag.py:2371} INFO - Sync 1 DAGs
[2022-06-26 14:03:52,740] {logging_mixin.py:115} INFO - [2022-06-26 14:03:52,740] {dag.py:2919} INFO - Setting next_dagrun for 3_catchup_delay to 2019-01-01T00:00:00+00:00, run_after=2019-01-02T00:00:00+00:00
[2022-06-26 14:03:52,747] {processor.py:161} INFO - Processing /opt/airflow/dags/chapter03/3_catchup_delay.py took 0.050 seconds
[2022-06-26 14:04:23,685] {processor.py:153} INFO - Started process (PID=3185) to work on /opt/airflow/dags/chapter03/3_catchup_delay.py
[2022-06-26 14:04:23,687] {processor.py:641} INFO - Processing file /opt/airflow/dags/chapter03/3_catchup_delay.py for tasks to queue
[2022-06-26 14:04:23,688] {logging_mixin.py:115} INFO - [2022-06-26 14:04:23,688] {dagbag.py:507} INFO - Filling up the DagBag from /opt/airflow/dags/chapter03/3_catchup_delay.py
[2022-06-26 14:04:23,695] {processor.py:651} INFO - DAG(s) dict_keys(['3_catchup_delay']) retrieved from /opt/airflow/dags/chapter03/3_catchup_delay.py
[2022-06-26 14:04:23,712] {logging_mixin.py:115} INFO - [2022-06-26 14:04:23,712] {dag.py:2371} INFO - Sync 1 DAGs
[2022-06-26 14:04:23,724] {logging_mixin.py:115} INFO - [2022-06-26 14:04:23,724] {dag.py:2919} INFO - Setting next_dagrun for 3_catchup_delay to 2019-01-01T00:00:00+00:00, run_after=2019-01-02T00:00:00+00:00
[2022-06-26 14:04:23,731] {processor.py:161} INFO - Processing /opt/airflow/dags/chapter03/3_catchup_delay.py took 0.048 seconds
[2022-06-26 14:04:54,475] {processor.py:153} INFO - Started process (PID=3246) to work on /opt/airflow/dags/chapter03/3_catchup_delay.py
[2022-06-26 14:04:54,477] {processor.py:641} INFO - Processing file /opt/airflow/dags/chapter03/3_catchup_delay.py for tasks to queue
[2022-06-26 14:04:54,478] {logging_mixin.py:115} INFO - [2022-06-26 14:04:54,478] {dagbag.py:507} INFO - Filling up the DagBag from /opt/airflow/dags/chapter03/3_catchup_delay.py
[2022-06-26 14:04:54,490] {processor.py:651} INFO - DAG(s) dict_keys(['3_catchup_delay']) retrieved from /opt/airflow/dags/chapter03/3_catchup_delay.py
[2022-06-26 14:04:54,517] {logging_mixin.py:115} INFO - [2022-06-26 14:04:54,517] {dag.py:2371} INFO - Sync 1 DAGs
[2022-06-26 14:04:54,531] {logging_mixin.py:115} INFO - [2022-06-26 14:04:54,531] {dag.py:2919} INFO - Setting next_dagrun for 3_catchup_delay to 2019-01-01T00:00:00+00:00, run_after=2019-01-02T00:00:00+00:00
[2022-06-26 14:04:54,540] {processor.py:161} INFO - Processing /opt/airflow/dags/chapter03/3_catchup_delay.py took 0.068 seconds
[2022-06-26 14:05:25,356] {processor.py:153} INFO - Started process (PID=3307) to work on /opt/airflow/dags/chapter03/3_catchup_delay.py
[2022-06-26 14:05:25,357] {processor.py:641} INFO - Processing file /opt/airflow/dags/chapter03/3_catchup_delay.py for tasks to queue
[2022-06-26 14:05:25,359] {logging_mixin.py:115} INFO - [2022-06-26 14:05:25,359] {dagbag.py:507} INFO - Filling up the DagBag from /opt/airflow/dags/chapter03/3_catchup_delay.py
[2022-06-26 14:05:25,368] {processor.py:651} INFO - DAG(s) dict_keys(['3_catchup_delay']) retrieved from /opt/airflow/dags/chapter03/3_catchup_delay.py
[2022-06-26 14:05:25,391] {logging_mixin.py:115} INFO - [2022-06-26 14:05:25,391] {dag.py:2371} INFO - Sync 1 DAGs
[2022-06-26 14:05:25,406] {logging_mixin.py:115} INFO - [2022-06-26 14:05:25,406] {dag.py:2919} INFO - Setting next_dagrun for 3_catchup_delay to 2019-01-01T00:00:00+00:00, run_after=2019-01-02T00:00:00+00:00
[2022-06-26 14:05:25,417] {processor.py:161} INFO - Processing /opt/airflow/dags/chapter03/3_catchup_delay.py took 0.064 seconds
[2022-06-26 14:05:55,774] {processor.py:153} INFO - Started process (PID=3368) to work on /opt/airflow/dags/chapter03/3_catchup_delay.py
[2022-06-26 14:05:55,776] {processor.py:641} INFO - Processing file /opt/airflow/dags/chapter03/3_catchup_delay.py for tasks to queue
[2022-06-26 14:05:55,777] {logging_mixin.py:115} INFO - [2022-06-26 14:05:55,777] {dagbag.py:507} INFO - Filling up the DagBag from /opt/airflow/dags/chapter03/3_catchup_delay.py
[2022-06-26 14:05:55,793] {processor.py:651} INFO - DAG(s) dict_keys(['3_catchup_delay']) retrieved from /opt/airflow/dags/chapter03/3_catchup_delay.py
[2022-06-26 14:05:55,818] {logging_mixin.py:115} INFO - [2022-06-26 14:05:55,818] {dag.py:2371} INFO - Sync 1 DAGs
[2022-06-26 14:05:55,832] {logging_mixin.py:115} INFO - [2022-06-26 14:05:55,832] {dag.py:2919} INFO - Setting next_dagrun for 3_catchup_delay to 2019-01-01T00:00:00+00:00, run_after=2019-01-02T00:00:00+00:00
[2022-06-26 14:05:55,839] {processor.py:161} INFO - Processing /opt/airflow/dags/chapter03/3_catchup_delay.py took 0.068 seconds
[2022-06-26 14:09:50,036] {processor.py:153} INFO - Started process (PID=3369) to work on /opt/airflow/dags/chapter03/3_catchup_delay.py
[2022-06-26 14:09:50,037] {processor.py:641} INFO - Processing file /opt/airflow/dags/chapter03/3_catchup_delay.py for tasks to queue
[2022-06-26 14:09:50,038] {logging_mixin.py:115} INFO - [2022-06-26 14:09:50,038] {dagbag.py:507} INFO - Filling up the DagBag from /opt/airflow/dags/chapter03/3_catchup_delay.py
[2022-06-26 14:09:50,046] {processor.py:651} INFO - DAG(s) dict_keys(['3_catchup_delay']) retrieved from /opt/airflow/dags/chapter03/3_catchup_delay.py
[2022-06-26 14:09:50,068] {logging_mixin.py:115} INFO - [2022-06-26 14:09:50,068] {dag.py:2371} INFO - Sync 1 DAGs
[2022-06-26 14:09:50,099] {logging_mixin.py:115} INFO - [2022-06-26 14:09:50,099] {dag.py:2919} INFO - Setting next_dagrun for 3_catchup_delay to 2019-01-01T00:00:00+00:00, run_after=2019-01-02T00:00:00+00:00
[2022-06-26 14:09:50,141] {processor.py:161} INFO - Processing /opt/airflow/dags/chapter03/3_catchup_delay.py took 0.108 seconds
[2022-06-26 14:10:20,266] {processor.py:153} INFO - Started process (PID=3429) to work on /opt/airflow/dags/chapter03/3_catchup_delay.py
[2022-06-26 14:10:20,268] {processor.py:641} INFO - Processing file /opt/airflow/dags/chapter03/3_catchup_delay.py for tasks to queue
[2022-06-26 14:10:20,269] {logging_mixin.py:115} INFO - [2022-06-26 14:10:20,269] {dagbag.py:507} INFO - Filling up the DagBag from /opt/airflow/dags/chapter03/3_catchup_delay.py
[2022-06-26 14:10:20,276] {processor.py:651} INFO - DAG(s) dict_keys(['3_catchup_delay']) retrieved from /opt/airflow/dags/chapter03/3_catchup_delay.py
[2022-06-26 14:10:20,293] {logging_mixin.py:115} INFO - [2022-06-26 14:10:20,293] {dag.py:2371} INFO - Sync 1 DAGs
[2022-06-26 14:10:20,305] {logging_mixin.py:115} INFO - [2022-06-26 14:10:20,305] {dag.py:2919} INFO - Setting next_dagrun for 3_catchup_delay to 2019-01-01T00:00:00+00:00, run_after=2019-01-02T00:00:00+00:00
[2022-06-26 14:10:20,312] {processor.py:161} INFO - Processing /opt/airflow/dags/chapter03/3_catchup_delay.py took 0.049 seconds
[2022-06-26 14:10:50,707] {processor.py:153} INFO - Started process (PID=3490) to work on /opt/airflow/dags/chapter03/3_catchup_delay.py
[2022-06-26 14:10:50,709] {processor.py:641} INFO - Processing file /opt/airflow/dags/chapter03/3_catchup_delay.py for tasks to queue
[2022-06-26 14:10:50,710] {logging_mixin.py:115} INFO - [2022-06-26 14:10:50,710] {dagbag.py:507} INFO - Filling up the DagBag from /opt/airflow/dags/chapter03/3_catchup_delay.py
[2022-06-26 14:10:50,726] {processor.py:651} INFO - DAG(s) dict_keys(['3_catchup_delay']) retrieved from /opt/airflow/dags/chapter03/3_catchup_delay.py
[2022-06-26 14:10:50,753] {logging_mixin.py:115} INFO - [2022-06-26 14:10:50,753] {dag.py:2371} INFO - Sync 1 DAGs
[2022-06-26 14:10:50,774] {logging_mixin.py:115} INFO - [2022-06-26 14:10:50,774] {dag.py:2919} INFO - Setting next_dagrun for 3_catchup_delay to 2019-01-01T00:00:00+00:00, run_after=2019-01-02T00:00:00+00:00
[2022-06-26 14:10:50,786] {processor.py:161} INFO - Processing /opt/airflow/dags/chapter03/3_catchup_delay.py took 0.085 seconds
[2022-06-26 14:11:20,963] {processor.py:153} INFO - Started process (PID=3551) to work on /opt/airflow/dags/chapter03/3_catchup_delay.py
[2022-06-26 14:11:20,964] {processor.py:641} INFO - Processing file /opt/airflow/dags/chapter03/3_catchup_delay.py for tasks to queue
[2022-06-26 14:11:20,965] {logging_mixin.py:115} INFO - [2022-06-26 14:11:20,965] {dagbag.py:507} INFO - Filling up the DagBag from /opt/airflow/dags/chapter03/3_catchup_delay.py
[2022-06-26 14:11:20,976] {processor.py:651} INFO - DAG(s) dict_keys(['3_catchup_delay']) retrieved from /opt/airflow/dags/chapter03/3_catchup_delay.py
[2022-06-26 14:11:21,000] {logging_mixin.py:115} INFO - [2022-06-26 14:11:21,000] {dag.py:2371} INFO - Sync 1 DAGs
[2022-06-26 14:11:21,014] {logging_mixin.py:115} INFO - [2022-06-26 14:11:21,014] {dag.py:2919} INFO - Setting next_dagrun for 3_catchup_delay to 2019-01-01T00:00:00+00:00, run_after=2019-01-02T00:00:00+00:00
[2022-06-26 14:11:21,021] {processor.py:161} INFO - Processing /opt/airflow/dags/chapter03/3_catchup_delay.py took 0.062 seconds
[2022-06-26 14:11:51,462] {processor.py:153} INFO - Started process (PID=3612) to work on /opt/airflow/dags/chapter03/3_catchup_delay.py
[2022-06-26 14:11:51,463] {processor.py:641} INFO - Processing file /opt/airflow/dags/chapter03/3_catchup_delay.py for tasks to queue
[2022-06-26 14:11:51,464] {logging_mixin.py:115} INFO - [2022-06-26 14:11:51,464] {dagbag.py:507} INFO - Filling up the DagBag from /opt/airflow/dags/chapter03/3_catchup_delay.py
[2022-06-26 14:11:51,472] {processor.py:651} INFO - DAG(s) dict_keys(['3_catchup_delay']) retrieved from /opt/airflow/dags/chapter03/3_catchup_delay.py
[2022-06-26 14:11:51,491] {logging_mixin.py:115} INFO - [2022-06-26 14:11:51,491] {dag.py:2371} INFO - Sync 1 DAGs
[2022-06-26 14:11:51,505] {logging_mixin.py:115} INFO - [2022-06-26 14:11:51,505] {dag.py:2919} INFO - Setting next_dagrun for 3_catchup_delay to 2019-01-01T00:00:00+00:00, run_after=2019-01-02T00:00:00+00:00
[2022-06-26 14:11:51,512] {processor.py:161} INFO - Processing /opt/airflow/dags/chapter03/3_catchup_delay.py took 0.053 seconds
[2022-06-26 14:12:21,767] {processor.py:153} INFO - Started process (PID=3663) to work on /opt/airflow/dags/chapter03/3_catchup_delay.py
[2022-06-26 14:12:21,768] {processor.py:641} INFO - Processing file /opt/airflow/dags/chapter03/3_catchup_delay.py for tasks to queue
[2022-06-26 14:12:21,770] {logging_mixin.py:115} INFO - [2022-06-26 14:12:21,769] {dagbag.py:507} INFO - Filling up the DagBag from /opt/airflow/dags/chapter03/3_catchup_delay.py
[2022-06-26 14:12:21,777] {processor.py:651} INFO - DAG(s) dict_keys(['3_catchup_delay']) retrieved from /opt/airflow/dags/chapter03/3_catchup_delay.py
[2022-06-26 14:12:21,796] {logging_mixin.py:115} INFO - [2022-06-26 14:12:21,796] {dag.py:2371} INFO - Sync 1 DAGs
[2022-06-26 14:12:21,811] {logging_mixin.py:115} INFO - [2022-06-26 14:12:21,811] {dag.py:2919} INFO - Setting next_dagrun for 3_catchup_delay to 2019-01-01T00:00:00+00:00, run_after=2019-01-02T00:00:00+00:00
[2022-06-26 14:12:21,820] {processor.py:161} INFO - Processing /opt/airflow/dags/chapter03/3_catchup_delay.py took 0.055 seconds
[2022-06-26 14:12:51,904] {processor.py:153} INFO - Started process (PID=4105) to work on /opt/airflow/dags/chapter03/3_catchup_delay.py
[2022-06-26 14:12:51,907] {processor.py:641} INFO - Processing file /opt/airflow/dags/chapter03/3_catchup_delay.py for tasks to queue
[2022-06-26 14:12:51,908] {logging_mixin.py:115} INFO - [2022-06-26 14:12:51,908] {dagbag.py:507} INFO - Filling up the DagBag from /opt/airflow/dags/chapter03/3_catchup_delay.py
[2022-06-26 14:12:51,927] {processor.py:651} INFO - DAG(s) dict_keys(['3_catchup_delay']) retrieved from /opt/airflow/dags/chapter03/3_catchup_delay.py
[2022-06-26 14:12:51,961] {logging_mixin.py:115} INFO - [2022-06-26 14:12:51,961] {dag.py:2371} INFO - Sync 1 DAGs
[2022-06-26 14:12:52,013] {logging_mixin.py:115} INFO - [2022-06-26 14:12:52,013] {dag.py:2919} INFO - Setting next_dagrun for 3_catchup_delay to 2019-01-01T00:00:00+00:00, run_after=2019-01-02T00:00:00+00:00
[2022-06-26 14:12:52,041] {processor.py:161} INFO - Processing /opt/airflow/dags/chapter03/3_catchup_delay.py took 0.141 seconds
[2022-06-26 14:13:22,918] {processor.py:153} INFO - Started process (PID=4686) to work on /opt/airflow/dags/chapter03/3_catchup_delay.py
[2022-06-26 14:13:22,920] {processor.py:641} INFO - Processing file /opt/airflow/dags/chapter03/3_catchup_delay.py for tasks to queue
[2022-06-26 14:13:22,921] {logging_mixin.py:115} INFO - [2022-06-26 14:13:22,920] {dagbag.py:507} INFO - Filling up the DagBag from /opt/airflow/dags/chapter03/3_catchup_delay.py
[2022-06-26 14:13:22,928] {processor.py:651} INFO - DAG(s) dict_keys(['3_catchup_delay']) retrieved from /opt/airflow/dags/chapter03/3_catchup_delay.py
[2022-06-26 14:13:22,945] {logging_mixin.py:115} INFO - [2022-06-26 14:13:22,945] {dag.py:2371} INFO - Sync 1 DAGs
[2022-06-26 14:13:22,958] {logging_mixin.py:115} INFO - [2022-06-26 14:13:22,958] {dag.py:2919} INFO - Setting next_dagrun for 3_catchup_delay to 2019-01-01T00:00:00+00:00, run_after=2019-01-02T00:00:00+00:00
[2022-06-26 14:13:22,965] {processor.py:161} INFO - Processing /opt/airflow/dags/chapter03/3_catchup_delay.py took 0.049 seconds
[2022-06-26 14:13:53,453] {processor.py:153} INFO - Started process (PID=5676) to work on /opt/airflow/dags/chapter03/3_catchup_delay.py
[2022-06-26 14:13:53,455] {processor.py:641} INFO - Processing file /opt/airflow/dags/chapter03/3_catchup_delay.py for tasks to queue
[2022-06-26 14:13:53,456] {logging_mixin.py:115} INFO - [2022-06-26 14:13:53,456] {dagbag.py:507} INFO - Filling up the DagBag from /opt/airflow/dags/chapter03/3_catchup_delay.py
[2022-06-26 14:13:53,465] {processor.py:651} INFO - DAG(s) dict_keys(['3_catchup_delay']) retrieved from /opt/airflow/dags/chapter03/3_catchup_delay.py
[2022-06-26 14:13:53,483] {logging_mixin.py:115} INFO - [2022-06-26 14:13:53,483] {dag.py:2371} INFO - Sync 1 DAGs
[2022-06-26 14:13:53,497] {logging_mixin.py:115} INFO - [2022-06-26 14:13:53,497] {dag.py:2919} INFO - Setting next_dagrun for 3_catchup_delay to 2019-01-01T00:00:00+00:00, run_after=2019-01-02T00:00:00+00:00
[2022-06-26 14:13:53,505] {processor.py:161} INFO - Processing /opt/airflow/dags/chapter03/3_catchup_delay.py took 0.055 seconds
[2022-06-26 14:14:23,804] {processor.py:153} INFO - Started process (PID=6043) to work on /opt/airflow/dags/chapter03/3_catchup_delay.py
[2022-06-26 14:14:23,806] {processor.py:641} INFO - Processing file /opt/airflow/dags/chapter03/3_catchup_delay.py for tasks to queue
[2022-06-26 14:14:23,809] {logging_mixin.py:115} INFO - [2022-06-26 14:14:23,809] {dagbag.py:507} INFO - Filling up the DagBag from /opt/airflow/dags/chapter03/3_catchup_delay.py
[2022-06-26 14:14:23,817] {processor.py:651} INFO - DAG(s) dict_keys(['3_catchup_delay']) retrieved from /opt/airflow/dags/chapter03/3_catchup_delay.py
[2022-06-26 14:14:23,840] {logging_mixin.py:115} INFO - [2022-06-26 14:14:23,840] {dag.py:2371} INFO - Sync 1 DAGs
[2022-06-26 14:14:23,854] {logging_mixin.py:115} INFO - [2022-06-26 14:14:23,854] {dag.py:2919} INFO - Setting next_dagrun for 3_catchup_delay to 2019-01-01T00:00:00+00:00, run_after=2019-01-02T00:00:00+00:00
[2022-06-26 14:14:23,863] {processor.py:161} INFO - Processing /opt/airflow/dags/chapter03/3_catchup_delay.py took 0.062 seconds
[2022-06-26 14:14:54,153] {processor.py:153} INFO - Started process (PID=6416) to work on /opt/airflow/dags/chapter03/3_catchup_delay.py
[2022-06-26 14:14:54,155] {processor.py:641} INFO - Processing file /opt/airflow/dags/chapter03/3_catchup_delay.py for tasks to queue
[2022-06-26 14:14:54,156] {logging_mixin.py:115} INFO - [2022-06-26 14:14:54,156] {dagbag.py:507} INFO - Filling up the DagBag from /opt/airflow/dags/chapter03/3_catchup_delay.py
[2022-06-26 14:14:54,163] {processor.py:651} INFO - DAG(s) dict_keys(['3_catchup_delay']) retrieved from /opt/airflow/dags/chapter03/3_catchup_delay.py
[2022-06-26 14:14:54,181] {logging_mixin.py:115} INFO - [2022-06-26 14:14:54,181] {dag.py:2371} INFO - Sync 1 DAGs
[2022-06-26 14:14:54,194] {logging_mixin.py:115} INFO - [2022-06-26 14:14:54,194] {dag.py:2919} INFO - Setting next_dagrun for 3_catchup_delay to 2019-01-01T00:00:00+00:00, run_after=2019-01-02T00:00:00+00:00
[2022-06-26 14:14:54,276] {processor.py:161} INFO - Processing /opt/airflow/dags/chapter03/3_catchup_delay.py took 0.125 seconds
[2022-06-26 14:15:24,849] {processor.py:153} INFO - Started process (PID=6774) to work on /opt/airflow/dags/chapter03/3_catchup_delay.py
[2022-06-26 14:15:24,851] {processor.py:641} INFO - Processing file /opt/airflow/dags/chapter03/3_catchup_delay.py for tasks to queue
[2022-06-26 14:15:24,853] {logging_mixin.py:115} INFO - [2022-06-26 14:15:24,853] {dagbag.py:507} INFO - Filling up the DagBag from /opt/airflow/dags/chapter03/3_catchup_delay.py
[2022-06-26 14:15:24,866] {processor.py:651} INFO - DAG(s) dict_keys(['3_catchup_delay']) retrieved from /opt/airflow/dags/chapter03/3_catchup_delay.py
[2022-06-26 14:15:24,891] {logging_mixin.py:115} INFO - [2022-06-26 14:15:24,891] {dag.py:2371} INFO - Sync 1 DAGs
[2022-06-26 14:15:24,907] {logging_mixin.py:115} INFO - [2022-06-26 14:15:24,907] {dag.py:2919} INFO - Setting next_dagrun for 3_catchup_delay to 2019-01-01T00:00:00+00:00, run_after=2019-01-02T00:00:00+00:00
[2022-06-26 14:15:24,984] {processor.py:161} INFO - Processing /opt/airflow/dags/chapter03/3_catchup_delay.py took 0.138 seconds
[2022-06-26 14:15:55,575] {processor.py:153} INFO - Started process (PID=7151) to work on /opt/airflow/dags/chapter03/3_catchup_delay.py
[2022-06-26 14:15:55,577] {processor.py:641} INFO - Processing file /opt/airflow/dags/chapter03/3_catchup_delay.py for tasks to queue
[2022-06-26 14:15:55,578] {logging_mixin.py:115} INFO - [2022-06-26 14:15:55,578] {dagbag.py:507} INFO - Filling up the DagBag from /opt/airflow/dags/chapter03/3_catchup_delay.py
[2022-06-26 14:15:55,589] {processor.py:651} INFO - DAG(s) dict_keys(['3_catchup_delay']) retrieved from /opt/airflow/dags/chapter03/3_catchup_delay.py
[2022-06-26 14:15:55,633] {logging_mixin.py:115} INFO - [2022-06-26 14:15:55,633] {dag.py:2371} INFO - Sync 1 DAGs
[2022-06-26 14:15:55,650] {logging_mixin.py:115} INFO - [2022-06-26 14:15:55,650] {dag.py:2919} INFO - Setting next_dagrun for 3_catchup_delay to 2019-01-01T00:00:00+00:00, run_after=2019-01-02T00:00:00+00:00
[2022-06-26 14:15:55,737] {processor.py:161} INFO - Processing /opt/airflow/dags/chapter03/3_catchup_delay.py took 0.166 seconds
[2022-06-26 14:16:26,269] {processor.py:153} INFO - Started process (PID=8855) to work on /opt/airflow/dags/chapter03/3_catchup_delay.py
[2022-06-26 14:16:26,271] {processor.py:641} INFO - Processing file /opt/airflow/dags/chapter03/3_catchup_delay.py for tasks to queue
[2022-06-26 14:16:26,272] {logging_mixin.py:115} INFO - [2022-06-26 14:16:26,272] {dagbag.py:507} INFO - Filling up the DagBag from /opt/airflow/dags/chapter03/3_catchup_delay.py
[2022-06-26 14:16:26,282] {processor.py:651} INFO - DAG(s) dict_keys(['3_catchup_delay']) retrieved from /opt/airflow/dags/chapter03/3_catchup_delay.py
[2022-06-26 14:16:26,307] {logging_mixin.py:115} INFO - [2022-06-26 14:16:26,307] {dag.py:2371} INFO - Sync 1 DAGs
[2022-06-26 14:16:26,323] {logging_mixin.py:115} INFO - [2022-06-26 14:16:26,322] {dag.py:2919} INFO - Setting next_dagrun for 3_catchup_delay to 2019-01-01T00:00:00+00:00, run_after=2019-01-02T00:00:00+00:00
[2022-06-26 14:16:26,429] {processor.py:161} INFO - Processing /opt/airflow/dags/chapter03/3_catchup_delay.py took 0.164 seconds
[2022-06-26 14:16:56,478] {processor.py:153} INFO - Started process (PID=9841) to work on /opt/airflow/dags/chapter03/3_catchup_delay.py
[2022-06-26 14:16:56,479] {processor.py:641} INFO - Processing file /opt/airflow/dags/chapter03/3_catchup_delay.py for tasks to queue
[2022-06-26 14:16:56,481] {logging_mixin.py:115} INFO - [2022-06-26 14:16:56,481] {dagbag.py:507} INFO - Filling up the DagBag from /opt/airflow/dags/chapter03/3_catchup_delay.py
[2022-06-26 14:16:56,490] {processor.py:651} INFO - DAG(s) dict_keys(['3_catchup_delay']) retrieved from /opt/airflow/dags/chapter03/3_catchup_delay.py
[2022-06-26 14:16:56,514] {logging_mixin.py:115} INFO - [2022-06-26 14:16:56,514] {dag.py:2371} INFO - Sync 1 DAGs
[2022-06-26 14:16:56,528] {logging_mixin.py:115} INFO - [2022-06-26 14:16:56,528] {dag.py:2919} INFO - Setting next_dagrun for 3_catchup_delay to 2019-01-01T00:00:00+00:00, run_after=2019-01-02T00:00:00+00:00
[2022-06-26 14:16:56,607] {processor.py:161} INFO - Processing /opt/airflow/dags/chapter03/3_catchup_delay.py took 0.132 seconds
[2022-06-26 14:17:27,450] {processor.py:153} INFO - Started process (PID=10576) to work on /opt/airflow/dags/chapter03/3_catchup_delay.py
[2022-06-26 14:17:27,453] {processor.py:641} INFO - Processing file /opt/airflow/dags/chapter03/3_catchup_delay.py for tasks to queue
[2022-06-26 14:17:27,455] {logging_mixin.py:115} INFO - [2022-06-26 14:17:27,455] {dagbag.py:507} INFO - Filling up the DagBag from /opt/airflow/dags/chapter03/3_catchup_delay.py
[2022-06-26 14:17:27,472] {processor.py:651} INFO - DAG(s) dict_keys(['3_catchup_delay']) retrieved from /opt/airflow/dags/chapter03/3_catchup_delay.py
[2022-06-26 14:17:27,496] {logging_mixin.py:115} INFO - [2022-06-26 14:17:27,496] {dag.py:2371} INFO - Sync 1 DAGs
[2022-06-26 14:17:27,511] {logging_mixin.py:115} INFO - [2022-06-26 14:17:27,511] {dag.py:2919} INFO - Setting next_dagrun for 3_catchup_delay to 2019-01-01T00:00:00+00:00, run_after=2019-01-02T00:00:00+00:00
[2022-06-26 14:17:27,591] {processor.py:161} INFO - Processing /opt/airflow/dags/chapter03/3_catchup_delay.py took 0.143 seconds
[2022-06-26 14:17:57,879] {processor.py:153} INFO - Started process (PID=11345) to work on /opt/airflow/dags/chapter03/3_catchup_delay.py
[2022-06-26 14:17:57,881] {processor.py:641} INFO - Processing file /opt/airflow/dags/chapter03/3_catchup_delay.py for tasks to queue
[2022-06-26 14:17:57,884] {logging_mixin.py:115} INFO - [2022-06-26 14:17:57,884] {dagbag.py:507} INFO - Filling up the DagBag from /opt/airflow/dags/chapter03/3_catchup_delay.py
[2022-06-26 14:17:57,898] {processor.py:651} INFO - DAG(s) dict_keys(['3_catchup_delay']) retrieved from /opt/airflow/dags/chapter03/3_catchup_delay.py
[2022-06-26 14:17:57,925] {logging_mixin.py:115} INFO - [2022-06-26 14:17:57,925] {dag.py:2371} INFO - Sync 1 DAGs
[2022-06-26 14:17:57,949] {logging_mixin.py:115} INFO - [2022-06-26 14:17:57,949] {dag.py:2919} INFO - Setting next_dagrun for 3_catchup_delay to 2019-01-01T00:00:00+00:00, run_after=2019-01-02T00:00:00+00:00
[2022-06-26 14:17:58,071] {processor.py:161} INFO - Processing /opt/airflow/dags/chapter03/3_catchup_delay.py took 0.194 seconds
[2022-06-26 14:18:28,500] {processor.py:153} INFO - Started process (PID=12151) to work on /opt/airflow/dags/chapter03/3_catchup_delay.py
[2022-06-26 14:18:28,501] {processor.py:641} INFO - Processing file /opt/airflow/dags/chapter03/3_catchup_delay.py for tasks to queue
[2022-06-26 14:18:28,503] {logging_mixin.py:115} INFO - [2022-06-26 14:18:28,503] {dagbag.py:507} INFO - Filling up the DagBag from /opt/airflow/dags/chapter03/3_catchup_delay.py
[2022-06-26 14:18:28,512] {processor.py:651} INFO - DAG(s) dict_keys(['3_catchup_delay']) retrieved from /opt/airflow/dags/chapter03/3_catchup_delay.py
[2022-06-26 14:18:28,540] {logging_mixin.py:115} INFO - [2022-06-26 14:18:28,540] {dag.py:2371} INFO - Sync 1 DAGs
[2022-06-26 14:18:28,555] {logging_mixin.py:115} INFO - [2022-06-26 14:18:28,555] {dag.py:2919} INFO - Setting next_dagrun for 3_catchup_delay to 2019-01-01T00:00:00+00:00, run_after=2019-01-02T00:00:00+00:00
[2022-06-26 14:18:28,694] {processor.py:161} INFO - Processing /opt/airflow/dags/chapter03/3_catchup_delay.py took 0.197 seconds
[2022-06-26 14:18:59,620] {processor.py:153} INFO - Started process (PID=12537) to work on /opt/airflow/dags/chapter03/3_catchup_delay.py
[2022-06-26 14:18:59,622] {processor.py:641} INFO - Processing file /opt/airflow/dags/chapter03/3_catchup_delay.py for tasks to queue
[2022-06-26 14:18:59,623] {logging_mixin.py:115} INFO - [2022-06-26 14:18:59,623] {dagbag.py:507} INFO - Filling up the DagBag from /opt/airflow/dags/chapter03/3_catchup_delay.py
[2022-06-26 14:18:59,631] {processor.py:651} INFO - DAG(s) dict_keys(['3_catchup_delay']) retrieved from /opt/airflow/dags/chapter03/3_catchup_delay.py
[2022-06-26 14:18:59,649] {logging_mixin.py:115} INFO - [2022-06-26 14:18:59,649] {dag.py:2371} INFO - Sync 1 DAGs
[2022-06-26 14:18:59,678] {logging_mixin.py:115} INFO - [2022-06-26 14:18:59,678] {dag.py:2919} INFO - Setting next_dagrun for 3_catchup_delay to 2019-01-01T00:00:00+00:00, run_after=2019-01-02T00:00:00+00:00
[2022-06-26 14:18:59,785] {processor.py:161} INFO - Processing /opt/airflow/dags/chapter03/3_catchup_delay.py took 0.167 seconds
[2022-06-26 14:19:30,538] {processor.py:153} INFO - Started process (PID=13532) to work on /opt/airflow/dags/chapter03/3_catchup_delay.py
[2022-06-26 14:19:30,540] {processor.py:641} INFO - Processing file /opt/airflow/dags/chapter03/3_catchup_delay.py for tasks to queue
[2022-06-26 14:19:30,542] {logging_mixin.py:115} INFO - [2022-06-26 14:19:30,542] {dagbag.py:507} INFO - Filling up the DagBag from /opt/airflow/dags/chapter03/3_catchup_delay.py
[2022-06-26 14:19:30,553] {processor.py:651} INFO - DAG(s) dict_keys(['3_catchup_delay']) retrieved from /opt/airflow/dags/chapter03/3_catchup_delay.py
[2022-06-26 14:19:30,576] {logging_mixin.py:115} INFO - [2022-06-26 14:19:30,576] {dag.py:2371} INFO - Sync 1 DAGs
[2022-06-26 14:19:30,590] {logging_mixin.py:115} INFO - [2022-06-26 14:19:30,590] {dag.py:2919} INFO - Setting next_dagrun for 3_catchup_delay to 2019-01-01T00:00:00+00:00, run_after=2019-01-02T00:00:00+00:00
[2022-06-26 14:19:30,665] {processor.py:161} INFO - Processing /opt/airflow/dags/chapter03/3_catchup_delay.py took 0.132 seconds
[2022-06-26 14:20:01,641] {processor.py:153} INFO - Started process (PID=14311) to work on /opt/airflow/dags/chapter03/3_catchup_delay.py
[2022-06-26 14:20:01,644] {processor.py:641} INFO - Processing file /opt/airflow/dags/chapter03/3_catchup_delay.py for tasks to queue
[2022-06-26 14:20:01,646] {logging_mixin.py:115} INFO - [2022-06-26 14:20:01,646] {dagbag.py:507} INFO - Filling up the DagBag from /opt/airflow/dags/chapter03/3_catchup_delay.py
[2022-06-26 14:20:01,654] {processor.py:651} INFO - DAG(s) dict_keys(['3_catchup_delay']) retrieved from /opt/airflow/dags/chapter03/3_catchup_delay.py
[2022-06-26 14:20:01,676] {logging_mixin.py:115} INFO - [2022-06-26 14:20:01,676] {dag.py:2371} INFO - Sync 1 DAGs
[2022-06-26 14:20:01,767] {logging_mixin.py:115} INFO - [2022-06-26 14:20:01,767] {dag.py:2919} INFO - Setting next_dagrun for 3_catchup_delay to 2019-01-01T00:00:00+00:00, run_after=2019-01-02T00:00:00+00:00
[2022-06-26 14:20:01,779] {processor.py:161} INFO - Processing /opt/airflow/dags/chapter03/3_catchup_delay.py took 0.141 seconds
[2022-06-26 14:53:06,050] {processor.py:153} INFO - Started process (PID=14773) to work on /opt/airflow/dags/chapter03/3_catchup_delay.py
[2022-06-26 14:53:06,058] {processor.py:641} INFO - Processing file /opt/airflow/dags/chapter03/3_catchup_delay.py for tasks to queue
[2022-06-26 14:53:06,061] {logging_mixin.py:115} INFO - [2022-06-26 14:53:06,061] {dagbag.py:507} INFO - Filling up the DagBag from /opt/airflow/dags/chapter03/3_catchup_delay.py
[2022-06-26 14:53:06,080] {processor.py:651} INFO - DAG(s) dict_keys(['3_catchup_delay']) retrieved from /opt/airflow/dags/chapter03/3_catchup_delay.py
[2022-06-26 14:53:06,109] {logging_mixin.py:115} INFO - [2022-06-26 14:53:06,109] {dag.py:2371} INFO - Sync 1 DAGs
[2022-06-26 14:53:06,222] {logging_mixin.py:115} INFO - [2022-06-26 14:53:06,222] {dag.py:2919} INFO - Setting next_dagrun for 3_catchup_delay to 2019-01-01T00:00:00+00:00, run_after=2019-01-02T00:00:00+00:00
[2022-06-26 14:53:06,235] {processor.py:161} INFO - Processing /opt/airflow/dags/chapter03/3_catchup_delay.py took 0.188 seconds
[2022-06-26 16:15:57,000] {processor.py:153} INFO - Started process (PID=15129) to work on /opt/airflow/dags/chapter03/3_catchup_delay.py
[2022-06-26 16:15:57,013] {processor.py:641} INFO - Processing file /opt/airflow/dags/chapter03/3_catchup_delay.py for tasks to queue
[2022-06-26 16:15:57,020] {logging_mixin.py:115} INFO - [2022-06-26 16:15:57,020] {dagbag.py:507} INFO - Filling up the DagBag from /opt/airflow/dags/chapter03/3_catchup_delay.py
[2022-06-26 16:15:57,071] {processor.py:651} INFO - DAG(s) dict_keys(['3_catchup_delay']) retrieved from /opt/airflow/dags/chapter03/3_catchup_delay.py
[2022-06-26 16:15:57,129] {logging_mixin.py:115} INFO - [2022-06-26 16:15:57,129] {dag.py:2371} INFO - Sync 1 DAGs
[2022-06-26 16:15:57,582] {logging_mixin.py:115} INFO - [2022-06-26 16:15:57,582] {dag.py:2919} INFO - Setting next_dagrun for 3_catchup_delay to 2019-01-01T00:00:00+00:00, run_after=2019-01-02T00:00:00+00:00
[2022-06-26 16:15:57,625] {processor.py:161} INFO - Processing /opt/airflow/dags/chapter03/3_catchup_delay.py took 0.641 seconds
[2022-06-26 17:21:19,532] {processor.py:153} INFO - Started process (PID=15515) to work on /opt/airflow/dags/chapter03/3_catchup_delay.py
[2022-06-26 17:21:19,533] {processor.py:641} INFO - Processing file /opt/airflow/dags/chapter03/3_catchup_delay.py for tasks to queue
[2022-06-26 17:21:19,535] {logging_mixin.py:115} INFO - [2022-06-26 17:21:19,535] {dagbag.py:507} INFO - Filling up the DagBag from /opt/airflow/dags/chapter03/3_catchup_delay.py
[2022-06-26 17:21:19,548] {processor.py:651} INFO - DAG(s) dict_keys(['3_catchup_delay']) retrieved from /opt/airflow/dags/chapter03/3_catchup_delay.py
[2022-06-26 17:21:19,729] {logging_mixin.py:115} INFO - [2022-06-26 17:21:19,728] {dag.py:2371} INFO - Sync 1 DAGs
[2022-06-26 17:21:19,752] {logging_mixin.py:115} INFO - [2022-06-26 17:21:19,752] {dag.py:2919} INFO - Setting next_dagrun for 3_catchup_delay to 2019-01-01T00:00:00+00:00, run_after=2019-01-02T00:00:00+00:00
[2022-06-26 17:21:19,786] {processor.py:161} INFO - Processing /opt/airflow/dags/chapter03/3_catchup_delay.py took 0.258 seconds
[2022-06-26 18:41:35,352] {processor.py:153} INFO - Started process (PID=15874) to work on /opt/airflow/dags/chapter03/3_catchup_delay.py
[2022-06-26 18:41:35,358] {processor.py:641} INFO - Processing file /opt/airflow/dags/chapter03/3_catchup_delay.py for tasks to queue
[2022-06-26 18:41:35,364] {logging_mixin.py:115} INFO - [2022-06-26 18:41:35,364] {dagbag.py:507} INFO - Filling up the DagBag from /opt/airflow/dags/chapter03/3_catchup_delay.py
[2022-06-26 18:41:35,393] {processor.py:651} INFO - DAG(s) dict_keys(['3_catchup_delay']) retrieved from /opt/airflow/dags/chapter03/3_catchup_delay.py
[2022-06-26 18:41:35,731] {logging_mixin.py:115} INFO - [2022-06-26 18:41:35,731] {dag.py:2371} INFO - Sync 1 DAGs
[2022-06-26 18:41:35,766] {logging_mixin.py:115} INFO - [2022-06-26 18:41:35,766] {dag.py:2919} INFO - Setting next_dagrun for 3_catchup_delay to 2019-01-01T00:00:00+00:00, run_after=2019-01-02T00:00:00+00:00
[2022-06-26 18:41:35,784] {processor.py:161} INFO - Processing /opt/airflow/dags/chapter03/3_catchup_delay.py took 0.440 seconds
[2022-06-26 20:03:38,109] {processor.py:153} INFO - Started process (PID=16166) to work on /opt/airflow/dags/chapter03/3_catchup_delay.py
[2022-06-26 20:03:38,117] {processor.py:641} INFO - Processing file /opt/airflow/dags/chapter03/3_catchup_delay.py for tasks to queue
[2022-06-26 20:03:38,123] {logging_mixin.py:115} INFO - [2022-06-26 20:03:38,122] {dagbag.py:507} INFO - Filling up the DagBag from /opt/airflow/dags/chapter03/3_catchup_delay.py
[2022-06-26 20:03:38,144] {processor.py:651} INFO - DAG(s) dict_keys(['3_catchup_delay']) retrieved from /opt/airflow/dags/chapter03/3_catchup_delay.py
[2022-06-26 20:03:38,181] {logging_mixin.py:115} INFO - [2022-06-26 20:03:38,181] {dag.py:2371} INFO - Sync 1 DAGs
[2022-06-26 20:03:38,200] {logging_mixin.py:115} INFO - [2022-06-26 20:03:38,200] {dag.py:2919} INFO - Setting next_dagrun for 3_catchup_delay to 2019-01-01T00:00:00+00:00, run_after=2019-01-02T00:00:00+00:00
[2022-06-26 20:03:38,220] {processor.py:161} INFO - Processing /opt/airflow/dags/chapter03/3_catchup_delay.py took 0.121 seconds
[2022-06-26 21:23:30,250] {processor.py:153} INFO - Started process (PID=16428) to work on /opt/airflow/dags/chapter03/3_catchup_delay.py
[2022-06-26 21:23:30,253] {processor.py:641} INFO - Processing file /opt/airflow/dags/chapter03/3_catchup_delay.py for tasks to queue
[2022-06-26 21:23:30,255] {logging_mixin.py:115} INFO - [2022-06-26 21:23:30,254] {dagbag.py:507} INFO - Filling up the DagBag from /opt/airflow/dags/chapter03/3_catchup_delay.py
[2022-06-26 21:23:30,278] {processor.py:651} INFO - DAG(s) dict_keys(['3_catchup_delay']) retrieved from /opt/airflow/dags/chapter03/3_catchup_delay.py
[2022-06-26 21:23:30,313] {logging_mixin.py:115} INFO - [2022-06-26 21:23:30,313] {dag.py:2371} INFO - Sync 1 DAGs
[2022-06-26 21:23:30,341] {logging_mixin.py:115} INFO - [2022-06-26 21:23:30,340] {dag.py:2919} INFO - Setting next_dagrun for 3_catchup_delay to 2019-01-01T00:00:00+00:00, run_after=2019-01-02T00:00:00+00:00
[2022-06-26 21:23:30,397] {processor.py:161} INFO - Processing /opt/airflow/dags/chapter03/3_catchup_delay.py took 0.151 seconds
[2022-06-26 22:29:30,512] {processor.py:153} INFO - Started process (PID=16733) to work on /opt/airflow/dags/chapter03/3_catchup_delay.py
[2022-06-26 22:29:30,516] {processor.py:641} INFO - Processing file /opt/airflow/dags/chapter03/3_catchup_delay.py for tasks to queue
[2022-06-26 22:29:30,520] {logging_mixin.py:115} INFO - [2022-06-26 22:29:30,519] {dagbag.py:507} INFO - Filling up the DagBag from /opt/airflow/dags/chapter03/3_catchup_delay.py
[2022-06-26 22:29:30,570] {processor.py:651} INFO - DAG(s) dict_keys(['3_catchup_delay']) retrieved from /opt/airflow/dags/chapter03/3_catchup_delay.py
[2022-06-26 22:29:30,640] {logging_mixin.py:115} INFO - [2022-06-26 22:29:30,640] {dag.py:2371} INFO - Sync 1 DAGs
[2022-06-26 22:29:30,674] {logging_mixin.py:115} INFO - [2022-06-26 22:29:30,674] {dag.py:2919} INFO - Setting next_dagrun for 3_catchup_delay to 2019-01-01T00:00:00+00:00, run_after=2019-01-02T00:00:00+00:00
[2022-06-26 22:29:30,705] {processor.py:161} INFO - Processing /opt/airflow/dags/chapter03/3_catchup_delay.py took 0.199 seconds
[2022-06-26 23:11:55,067] {processor.py:153} INFO - Started process (PID=17031) to work on /opt/airflow/dags/chapter03/3_catchup_delay.py
[2022-06-26 23:11:55,070] {processor.py:641} INFO - Processing file /opt/airflow/dags/chapter03/3_catchup_delay.py for tasks to queue
[2022-06-26 23:11:55,071] {logging_mixin.py:115} INFO - [2022-06-26 23:11:55,071] {dagbag.py:507} INFO - Filling up the DagBag from /opt/airflow/dags/chapter03/3_catchup_delay.py
[2022-06-26 23:11:55,085] {processor.py:651} INFO - DAG(s) dict_keys(['3_catchup_delay']) retrieved from /opt/airflow/dags/chapter03/3_catchup_delay.py
[2022-06-26 23:11:55,121] {logging_mixin.py:115} INFO - [2022-06-26 23:11:55,121] {dag.py:2371} INFO - Sync 1 DAGs
[2022-06-26 23:11:55,138] {logging_mixin.py:115} INFO - [2022-06-26 23:11:55,138] {dag.py:2919} INFO - Setting next_dagrun for 3_catchup_delay to 2019-01-01T00:00:00+00:00, run_after=2019-01-02T00:00:00+00:00
[2022-06-26 23:11:55,147] {processor.py:161} INFO - Processing /opt/airflow/dags/chapter03/3_catchup_delay.py took 0.083 seconds
[2022-06-26 23:12:25,706] {processor.py:153} INFO - Started process (PID=17325) to work on /opt/airflow/dags/chapter03/3_catchup_delay.py
[2022-06-26 23:12:25,708] {processor.py:641} INFO - Processing file /opt/airflow/dags/chapter03/3_catchup_delay.py for tasks to queue
[2022-06-26 23:12:25,709] {logging_mixin.py:115} INFO - [2022-06-26 23:12:25,709] {dagbag.py:507} INFO - Filling up the DagBag from /opt/airflow/dags/chapter03/3_catchup_delay.py
[2022-06-26 23:12:25,717] {processor.py:651} INFO - DAG(s) dict_keys(['3_catchup_delay']) retrieved from /opt/airflow/dags/chapter03/3_catchup_delay.py
[2022-06-26 23:12:25,737] {logging_mixin.py:115} INFO - [2022-06-26 23:12:25,737] {dag.py:2371} INFO - Sync 1 DAGs
[2022-06-26 23:12:25,750] {logging_mixin.py:115} INFO - [2022-06-26 23:12:25,750] {dag.py:2919} INFO - Setting next_dagrun for 3_catchup_delay to 2019-01-01T00:00:00+00:00, run_after=2019-01-02T00:00:00+00:00
[2022-06-26 23:12:25,758] {processor.py:161} INFO - Processing /opt/airflow/dags/chapter03/3_catchup_delay.py took 0.054 seconds
[2022-06-26 23:12:56,541] {processor.py:153} INFO - Started process (PID=17588) to work on /opt/airflow/dags/chapter03/3_catchup_delay.py
[2022-06-26 23:12:56,543] {processor.py:641} INFO - Processing file /opt/airflow/dags/chapter03/3_catchup_delay.py for tasks to queue
[2022-06-26 23:12:56,544] {logging_mixin.py:115} INFO - [2022-06-26 23:12:56,544] {dagbag.py:507} INFO - Filling up the DagBag from /opt/airflow/dags/chapter03/3_catchup_delay.py
[2022-06-26 23:12:56,553] {processor.py:651} INFO - DAG(s) dict_keys(['3_catchup_delay']) retrieved from /opt/airflow/dags/chapter03/3_catchup_delay.py
[2022-06-26 23:12:56,576] {logging_mixin.py:115} INFO - [2022-06-26 23:12:56,576] {dag.py:2371} INFO - Sync 1 DAGs
[2022-06-26 23:12:56,589] {logging_mixin.py:115} INFO - [2022-06-26 23:12:56,589] {dag.py:2919} INFO - Setting next_dagrun for 3_catchup_delay to 2019-01-01T00:00:00+00:00, run_after=2019-01-02T00:00:00+00:00
[2022-06-26 23:12:56,598] {processor.py:161} INFO - Processing /opt/airflow/dags/chapter03/3_catchup_delay.py took 0.060 seconds
[2022-06-26 23:31:48,174] {processor.py:153} INFO - Started process (PID=17873) to work on /opt/airflow/dags/chapter03/3_catchup_delay.py
[2022-06-26 23:31:48,179] {processor.py:641} INFO - Processing file /opt/airflow/dags/chapter03/3_catchup_delay.py for tasks to queue
[2022-06-26 23:31:48,182] {logging_mixin.py:115} INFO - [2022-06-26 23:31:48,182] {dagbag.py:507} INFO - Filling up the DagBag from /opt/airflow/dags/chapter03/3_catchup_delay.py
[2022-06-26 23:31:48,212] {processor.py:651} INFO - DAG(s) dict_keys(['3_catchup_delay']) retrieved from /opt/airflow/dags/chapter03/3_catchup_delay.py
[2022-06-26 23:31:48,263] {logging_mixin.py:115} INFO - [2022-06-26 23:31:48,263] {dag.py:2371} INFO - Sync 1 DAGs
[2022-06-26 23:31:48,319] {logging_mixin.py:115} INFO - [2022-06-26 23:31:48,319] {dag.py:2919} INFO - Setting next_dagrun for 3_catchup_delay to 2019-01-01T00:00:00+00:00, run_after=2019-01-02T00:00:00+00:00
[2022-06-26 23:31:48,364] {processor.py:161} INFO - Processing /opt/airflow/dags/chapter03/3_catchup_delay.py took 0.202 seconds
