[2022-06-12 09:55:33,654] {taskinstance.py:1159} INFO - Dependencies all met for <TaskInstance: listing_2_10.get_pictures scheduled__2022-06-07T00:00:00+00:00 [queued]>
[2022-06-12 09:55:33,674] {taskinstance.py:1159} INFO - Dependencies all met for <TaskInstance: listing_2_10.get_pictures scheduled__2022-06-07T00:00:00+00:00 [queued]>
[2022-06-12 09:55:33,677] {taskinstance.py:1356} INFO - 
--------------------------------------------------------------------------------
[2022-06-12 09:55:33,682] {taskinstance.py:1357} INFO - Starting attempt 1 of 1
[2022-06-12 09:55:33,686] {taskinstance.py:1358} INFO - 
--------------------------------------------------------------------------------
[2022-06-12 09:55:33,706] {taskinstance.py:1377} INFO - Executing <Task(PythonOperator): get_pictures> on 2022-06-07 00:00:00+00:00
[2022-06-12 09:55:33,711] {standard_task_runner.py:52} INFO - Started process 156 to run task
[2022-06-12 09:55:33,732] {standard_task_runner.py:79} INFO - Running: ['***', 'tasks', 'run', 'listing_2_10', 'get_pictures', 'scheduled__2022-06-07T00:00:00+00:00', '--job-id', '36', '--raw', '--subdir', 'DAGS_FOLDER/listing_2_10.py', '--cfg-path', '/tmp/tmpzmwvz0zz', '--error-file', '/tmp/tmpnw7id6yo']
[2022-06-12 09:55:33,736] {standard_task_runner.py:80} INFO - Job 36: Subtask get_pictures
[2022-06-12 09:55:33,837] {task_command.py:369} INFO - Running <TaskInstance: listing_2_10.get_pictures scheduled__2022-06-07T00:00:00+00:00 [running]> on host 48de8cc79e8d
[2022-06-12 09:55:34,013] {taskinstance.py:1571} INFO - Exporting the following env vars:
AIRFLOW_CTX_DAG_OWNER=***
AIRFLOW_CTX_DAG_ID=listing_2_10
AIRFLOW_CTX_TASK_ID=get_pictures
AIRFLOW_CTX_EXECUTION_DATE=2022-06-07T00:00:00+00:00
AIRFLOW_CTX_TRY_NUMBER=1
AIRFLOW_CTX_DAG_RUN_ID=scheduled__2022-06-07T00:00:00+00:00
[2022-06-12 09:55:37,378] {logging_mixin.py:115} INFO - Downloaded https://spacelaunchnow-prod-east.nyc3.digitaloceanspaces.com/media/launch_images/astra2520rocke_image_20220608181903.jpeg to /tmp/images/astra2520rocke_image_20220608181903.jpeg
[2022-06-12 09:55:51,864] {logging_mixin.py:115} INFO - Downloaded https://spacelaunchnow-prod-east.nyc3.digitaloceanspaces.com/media/launcher_images/nuri_image_20211020165148.jpg to /tmp/images/nuri_image_20211020165148.jpg
[2022-06-12 09:55:56,698] {logging_mixin.py:115} INFO - Downloaded https://spacelaunchnow-prod-east.nyc3.digitaloceanspaces.com/media/launch_images/falcon2520925_image_20220520120044.png to /tmp/images/falcon2520925_image_20220520120044.png
[2022-06-12 09:56:00,088] {logging_mixin.py:115} INFO - Downloaded https://spacelaunchnow-prod-east.nyc3.digitaloceanspaces.com/media/launcher_images/falcon_9_block__image_20210506060831.jpg to /tmp/images/falcon_9_block__image_20210506060831.jpg
[2022-06-12 09:56:05,301] {logging_mixin.py:115} INFO - Downloaded https://spacelaunchnow-prod-east.nyc3.digitaloceanspaces.com/media/launcher_images/falcon_9_block__image_20210506060831.jpg to /tmp/images/falcon_9_block__image_20210506060831.jpg
[2022-06-12 09:56:08,286] {logging_mixin.py:115} INFO - Downloaded https://spacelaunchnow-prod-east.nyc3.digitaloceanspaces.com/media/launcher_images/ariane_5_eca25_image_20200220090552.jpeg to /tmp/images/ariane_5_eca25_image_20200220090552.jpeg
[2022-06-12 09:56:22,534] {logging_mixin.py:115} INFO - Downloaded https://spacelaunchnow-prod-east.nyc3.digitaloceanspaces.com/media/launcher_images/electron_image_20190705175640.jpeg to /tmp/images/electron_image_20190705175640.jpeg
[2022-06-12 09:56:26,316] {logging_mixin.py:115} INFO - Downloaded https://spacelaunchnow-prod-east.nyc3.digitaloceanspaces.com/media/launch_images/falcon2520925_image_20210922155026.jpeg to /tmp/images/falcon2520925_image_20210922155026.jpeg
[2022-06-12 09:56:31,817] {logging_mixin.py:115} INFO - Downloaded https://spacelaunchnow-prod-east.nyc3.digitaloceanspaces.com/media/launcher_images/falcon_9_block__image_20210506060831.jpg to /tmp/images/falcon_9_block__image_20210506060831.jpg
[2022-06-12 09:56:41,793] {logging_mixin.py:115} INFO - Downloaded https://spacelaunchnow-prod-east.nyc3.digitaloceanspaces.com/media/launcher_images/atlas2520v2520541_image_20190224012314.jpeg to /tmp/images/atlas2520v2520541_image_20190224012314.jpeg
[2022-06-12 09:56:41,801] {python.py:173} INFO - Done. Returned value was: None
[2022-06-12 09:56:41,824] {taskinstance.py:1400} INFO - Marking task as SUCCESS. dag_id=listing_2_10, task_id=get_pictures, execution_date=20220607T000000, start_date=20220612T095533, end_date=20220612T095641
[2022-06-12 09:56:41,869] {local_task_job.py:156} INFO - Task exited with return code 0
[2022-06-12 09:56:41,891] {local_task_job.py:273} INFO - 1 downstream tasks scheduled from follow-on schedule check
[2022-06-20 01:39:10,309] {taskinstance.py:1159} INFO - Dependencies all met for <TaskInstance: listing_2_10.get_pictures scheduled__2022-06-07T00:00:00+00:00 [queued]>
[2022-06-20 01:39:10,356] {taskinstance.py:1159} INFO - Dependencies all met for <TaskInstance: listing_2_10.get_pictures scheduled__2022-06-07T00:00:00+00:00 [queued]>
[2022-06-20 01:39:10,359] {taskinstance.py:1356} INFO - 
--------------------------------------------------------------------------------
[2022-06-20 01:39:10,362] {taskinstance.py:1357} INFO - Starting attempt 1 of 1
[2022-06-20 01:39:10,366] {taskinstance.py:1358} INFO - 
--------------------------------------------------------------------------------
[2022-06-20 01:39:10,409] {taskinstance.py:1377} INFO - Executing <Task(PythonOperator): get_pictures> on 2022-06-07 00:00:00+00:00
[2022-06-20 01:39:10,421] {standard_task_runner.py:52} INFO - Started process 828 to run task
[2022-06-20 01:39:10,427] {standard_task_runner.py:79} INFO - Running: ['***', 'tasks', 'run', 'listing_2_10', 'get_pictures', 'scheduled__2022-06-07T00:00:00+00:00', '--job-id', '129', '--raw', '--subdir', 'DAGS_FOLDER/data-pipline-book/3_1_scheduled_dag.py', '--cfg-path', '/tmp/tmp76rb4p1u', '--error-file', '/tmp/tmp318frd3o']
[2022-06-20 01:39:10,432] {standard_task_runner.py:80} INFO - Job 129: Subtask get_pictures
[2022-06-20 01:39:10,545] {task_command.py:369} INFO - Running <TaskInstance: listing_2_10.get_pictures scheduled__2022-06-07T00:00:00+00:00 [running]> on host b8db81cc5447
[2022-06-20 01:39:10,643] {taskinstance.py:1571} INFO - Exporting the following env vars:
AIRFLOW_CTX_DAG_OWNER=***
AIRFLOW_CTX_DAG_ID=listing_2_10
AIRFLOW_CTX_TASK_ID=get_pictures
AIRFLOW_CTX_EXECUTION_DATE=2022-06-07T00:00:00+00:00
AIRFLOW_CTX_TRY_NUMBER=1
AIRFLOW_CTX_DAG_RUN_ID=scheduled__2022-06-07T00:00:00+00:00
[2022-06-20 01:39:10,649] {taskinstance.py:1889} ERROR - Task failed with exception
Traceback (most recent call last):
  File "/home/airflow/.local/lib/python3.7/site-packages/airflow/operators/python.py", line 171, in execute
    return_value = self.execute_callable()
  File "/home/airflow/.local/lib/python3.7/site-packages/airflow/operators/python.py", line 189, in execute_callable
    return self.python_callable(*self.op_args, **self.op_kwargs)
  File "/opt/airflow/dags/data-pipline-book/3_1_scheduled_dag.py", line 31, in _get_pictures
    image_urls = [launch["image"] for launch in launches["results"]]
KeyError: 'results'
[2022-06-20 01:39:10,667] {taskinstance.py:1400} INFO - Marking task as FAILED. dag_id=listing_2_10, task_id=get_pictures, execution_date=20220607T000000, start_date=20220620T013910, end_date=20220620T013910
[2022-06-20 01:39:10,694] {standard_task_runner.py:97} ERROR - Failed to execute job 129 for task get_pictures ('results'; 828)
[2022-06-20 01:39:10,731] {local_task_job.py:156} INFO - Task exited with return code 1
[2022-06-20 01:39:10,807] {local_task_job.py:273} INFO - 0 downstream tasks scheduled from follow-on schedule check
