[2022-06-20 01:34:23,824] {taskinstance.py:1159} INFO - Dependencies all met for <TaskInstance: download_rocket_launches.get_pictures scheduled__2022-06-15T00:00:00+00:00 [queued]>
[2022-06-20 01:34:23,848] {taskinstance.py:1159} INFO - Dependencies all met for <TaskInstance: download_rocket_launches.get_pictures scheduled__2022-06-15T00:00:00+00:00 [queued]>
[2022-06-20 01:34:23,861] {taskinstance.py:1356} INFO - 
--------------------------------------------------------------------------------
[2022-06-20 01:34:23,864] {taskinstance.py:1357} INFO - Starting attempt 1 of 1
[2022-06-20 01:34:23,874] {taskinstance.py:1358} INFO - 
--------------------------------------------------------------------------------
[2022-06-20 01:34:23,922] {taskinstance.py:1377} INFO - Executing <Task(PythonOperator): get_pictures> on 2022-06-15 00:00:00+00:00
[2022-06-20 01:34:23,952] {standard_task_runner.py:52} INFO - Started process 235 to run task
[2022-06-20 01:34:23,958] {standard_task_runner.py:79} INFO - Running: ['***', 'tasks', 'run', 'download_rocket_launches', 'get_pictures', 'scheduled__2022-06-15T00:00:00+00:00', '--job-id', '44', '--raw', '--subdir', 'DAGS_FOLDER/data-pipline-book/2_1_download_rocket_launches.py', '--cfg-path', '/tmp/tmprrgl9dpk', '--error-file', '/tmp/tmpttgap5bo']
[2022-06-20 01:34:23,961] {standard_task_runner.py:80} INFO - Job 44: Subtask get_pictures
[2022-06-20 01:34:24,063] {task_command.py:369} INFO - Running <TaskInstance: download_rocket_launches.get_pictures scheduled__2022-06-15T00:00:00+00:00 [running]> on host b8db81cc5447
[2022-06-20 01:34:24,142] {taskinstance.py:1571} INFO - Exporting the following env vars:
AIRFLOW_CTX_DAG_OWNER=***
AIRFLOW_CTX_DAG_ID=download_rocket_launches
AIRFLOW_CTX_TASK_ID=get_pictures
AIRFLOW_CTX_EXECUTION_DATE=2022-06-15T00:00:00+00:00
AIRFLOW_CTX_TRY_NUMBER=1
AIRFLOW_CTX_DAG_RUN_ID=scheduled__2022-06-15T00:00:00+00:00
[2022-06-20 01:34:24,150] {taskinstance.py:1889} ERROR - Task failed with exception
Traceback (most recent call last):
  File "/home/airflow/.local/lib/python3.7/site-packages/airflow/operators/python.py", line 171, in execute
    return_value = self.execute_callable()
  File "/home/airflow/.local/lib/python3.7/site-packages/airflow/operators/python.py", line 189, in execute_callable
    return self.python_callable(*self.op_args, **self.op_kwargs)
  File "/opt/airflow/dags/data-pipline-book/2_1_download_rocket_launches.py", line 40, in _get_pictures
    image_urls = [launch["image"] for launch in launches["results"]]
KeyError: 'results'
[2022-06-20 01:34:24,165] {taskinstance.py:1400} INFO - Marking task as FAILED. dag_id=download_rocket_launches, task_id=get_pictures, execution_date=20220615T000000, start_date=20220620T013423, end_date=20220620T013424
[2022-06-20 01:34:24,184] {standard_task_runner.py:97} ERROR - Failed to execute job 44 for task get_pictures ('results'; 235)
[2022-06-20 01:34:24,229] {local_task_job.py:156} INFO - Task exited with return code 1
[2022-06-20 01:34:24,276] {local_task_job.py:273} INFO - 0 downstream tasks scheduled from follow-on schedule check
[2022-06-20 01:51:14,772] {taskinstance.py:1159} INFO - Dependencies all met for <TaskInstance: download_rocket_launches.get_pictures scheduled__2022-06-15T00:00:00+00:00 [queued]>
[2022-06-20 01:51:14,799] {taskinstance.py:1159} INFO - Dependencies all met for <TaskInstance: download_rocket_launches.get_pictures scheduled__2022-06-15T00:00:00+00:00 [queued]>
[2022-06-20 01:51:14,801] {taskinstance.py:1356} INFO - 
--------------------------------------------------------------------------------
[2022-06-20 01:51:14,803] {taskinstance.py:1357} INFO - Starting attempt 1 of 1
[2022-06-20 01:51:14,804] {taskinstance.py:1358} INFO - 
--------------------------------------------------------------------------------
[2022-06-20 01:51:14,820] {taskinstance.py:1377} INFO - Executing <Task(PythonOperator): get_pictures> on 2022-06-15 00:00:00+00:00
[2022-06-20 01:51:14,827] {standard_task_runner.py:52} INFO - Started process 204 to run task
[2022-06-20 01:51:14,836] {standard_task_runner.py:79} INFO - Running: ['***', 'tasks', 'run', 'download_rocket_launches', 'get_pictures', 'scheduled__2022-06-15T00:00:00+00:00', '--job-id', '30', '--raw', '--subdir', 'DAGS_FOLDER/chapter02/dags/download_rocket_launches.py', '--cfg-path', '/tmp/tmp0gek0_5l', '--error-file', '/tmp/tmp_rdqtxa2']
[2022-06-20 01:51:14,841] {standard_task_runner.py:80} INFO - Job 30: Subtask get_pictures
[2022-06-20 01:51:14,905] {task_command.py:369} INFO - Running <TaskInstance: download_rocket_launches.get_pictures scheduled__2022-06-15T00:00:00+00:00 [running]> on host b39ea3d1be4a
[2022-06-20 01:51:14,992] {taskinstance.py:1571} INFO - Exporting the following env vars:
AIRFLOW_CTX_DAG_OWNER=***
AIRFLOW_CTX_DAG_ID=download_rocket_launches
AIRFLOW_CTX_TASK_ID=get_pictures
AIRFLOW_CTX_EXECUTION_DATE=2022-06-15T00:00:00+00:00
AIRFLOW_CTX_TRY_NUMBER=1
AIRFLOW_CTX_DAG_RUN_ID=scheduled__2022-06-15T00:00:00+00:00
[2022-06-20 01:51:14,995] {taskinstance.py:1889} ERROR - Task failed with exception
Traceback (most recent call last):
  File "/home/airflow/.local/lib/python3.7/site-packages/airflow/operators/python.py", line 171, in execute
    return_value = self.execute_callable()
  File "/home/airflow/.local/lib/python3.7/site-packages/airflow/operators/python.py", line 189, in execute_callable
    return self.python_callable(*self.op_args, **self.op_kwargs)
  File "/opt/airflow/dags/chapter02/dags/download_rocket_launches.py", line 32, in _get_pictures
    image_urls = [launch["image"] for launch in launches["results"]]
KeyError: 'results'
[2022-06-20 01:51:15,008] {taskinstance.py:1400} INFO - Marking task as FAILED. dag_id=download_rocket_launches, task_id=get_pictures, execution_date=20220615T000000, start_date=20220620T015114, end_date=20220620T015115
[2022-06-20 01:51:15,020] {standard_task_runner.py:97} ERROR - Failed to execute job 30 for task get_pictures ('results'; 204)
[2022-06-20 01:51:15,049] {local_task_job.py:156} INFO - Task exited with return code 1
[2022-06-20 01:51:15,086] {local_task_job.py:273} INFO - 0 downstream tasks scheduled from follow-on schedule check
