[2022-06-20 01:39:10,022] {taskinstance.py:1159} INFO - Dependencies all met for <TaskInstance: listing_2_10.download_launches scheduled__2022-06-19T00:00:00+00:00 [queued]>
[2022-06-20 01:39:10,051] {taskinstance.py:1159} INFO - Dependencies all met for <TaskInstance: listing_2_10.download_launches scheduled__2022-06-19T00:00:00+00:00 [queued]>
[2022-06-20 01:39:10,054] {taskinstance.py:1356} INFO - 
--------------------------------------------------------------------------------
[2022-06-20 01:39:10,056] {taskinstance.py:1357} INFO - Starting attempt 1 of 1
[2022-06-20 01:39:10,058] {taskinstance.py:1358} INFO - 
--------------------------------------------------------------------------------
[2022-06-20 01:39:10,076] {taskinstance.py:1377} INFO - Executing <Task(BashOperator): download_launches> on 2022-06-19 00:00:00+00:00
[2022-06-20 01:39:10,090] {standard_task_runner.py:52} INFO - Started process 821 to run task
[2022-06-20 01:39:10,106] {standard_task_runner.py:79} INFO - Running: ['***', 'tasks', 'run', 'listing_2_10', 'download_launches', 'scheduled__2022-06-19T00:00:00+00:00', '--job-id', '128', '--raw', '--subdir', 'DAGS_FOLDER/data-pipline-book/3_1_scheduled_dag.py', '--cfg-path', '/tmp/tmp33torvsw', '--error-file', '/tmp/tmpclql_x7j']
[2022-06-20 01:39:10,120] {standard_task_runner.py:80} INFO - Job 128: Subtask download_launches
[2022-06-20 01:39:10,236] {task_command.py:369} INFO - Running <TaskInstance: listing_2_10.download_launches scheduled__2022-06-19T00:00:00+00:00 [running]> on host b8db81cc5447
[2022-06-20 01:39:10,362] {taskinstance.py:1571} INFO - Exporting the following env vars:
AIRFLOW_CTX_DAG_OWNER=***
AIRFLOW_CTX_DAG_ID=listing_2_10
AIRFLOW_CTX_TASK_ID=download_launches
AIRFLOW_CTX_EXECUTION_DATE=2022-06-19T00:00:00+00:00
AIRFLOW_CTX_TRY_NUMBER=1
AIRFLOW_CTX_DAG_RUN_ID=scheduled__2022-06-19T00:00:00+00:00
[2022-06-20 01:39:10,368] {subprocess.py:62} INFO - Tmp dir root location: 
 /tmp
[2022-06-20 01:39:10,371] {subprocess.py:74} INFO - Running command: ['bash', '-c', "curl -o /tmp/launches.json -L 'https://ll.thespacedevs.com/2.0.0/launch/upcoming'"]
[2022-06-20 01:39:10,396] {subprocess.py:85} INFO - Output:
[2022-06-20 01:39:10,403] {subprocess.py:92} INFO -   % Total    % Received % Xferd  Average Speed   Time    Time     Time  Current
[2022-06-20 01:39:10,409] {subprocess.py:92} INFO -                                  Dload  Upload   Total   Spent    Left  Speed
[2022-06-20 01:39:11,194] {subprocess.py:92} INFO -   0     0    0     0    0     0      0      0 --:--:-- --:--:-- --:--:--     0  0     0    0     0    0     0      0      0 --:--:-- --:--:-- --:--:--     0  0     0    0     0    0     0      0      0 --:--:-- --:--:-- --:--:--     0
[2022-06-20 01:39:11,712] {subprocess.py:92} INFO - 100    71  100    71    0     0     54      0  0:00:01  0:00:01 --:--:--    54
[2022-06-20 01:39:11,715] {subprocess.py:96} INFO - Command exited with return code 0
[2022-06-20 01:39:11,745] {taskinstance.py:1400} INFO - Marking task as SUCCESS. dag_id=listing_2_10, task_id=download_launches, execution_date=20220619T000000, start_date=20220620T013910, end_date=20220620T013911
[2022-06-20 01:39:11,783] {local_task_job.py:156} INFO - Task exited with return code 0
[2022-06-20 01:39:11,812] {local_task_job.py:273} INFO - 1 downstream tasks scheduled from follow-on schedule check
