[2022-06-20 04:02:16,323] {taskinstance.py:1159} INFO - Dependencies all met for <TaskInstance: 5_2_branch_dag.clean_sales_old scheduled__2022-06-17T00:00:00+00:00 [queued]>
[2022-06-20 04:02:16,333] {taskinstance.py:1159} INFO - Dependencies all met for <TaskInstance: 5_2_branch_dag.clean_sales_old scheduled__2022-06-17T00:00:00+00:00 [queued]>
[2022-06-20 04:02:16,335] {taskinstance.py:1356} INFO - 
--------------------------------------------------------------------------------
[2022-06-20 04:02:16,337] {taskinstance.py:1357} INFO - Starting attempt 1 of 1
[2022-06-20 04:02:16,339] {taskinstance.py:1358} INFO - 
--------------------------------------------------------------------------------
[2022-06-20 04:02:16,352] {taskinstance.py:1377} INFO - Executing <Task(PythonOperator): clean_sales_old> on 2022-06-17 00:00:00+00:00
[2022-06-20 04:02:16,358] {standard_task_runner.py:52} INFO - Started process 98 to run task
[2022-06-20 04:02:16,361] {standard_task_runner.py:79} INFO - Running: ['***', 'tasks', 'run', '5_2_branch_dag', 'clean_sales_old', 'scheduled__2022-06-17T00:00:00+00:00', '--job-id', '53', '--raw', '--subdir', 'DAGS_FOLDER/chapter05/5_2_branch_dag.py', '--cfg-path', '/tmp/tmpy35llcm8', '--error-file', '/tmp/tmp_yb1er2g']
[2022-06-20 04:02:16,363] {standard_task_runner.py:80} INFO - Job 53: Subtask clean_sales_old
[2022-06-20 04:02:16,419] {task_command.py:369} INFO - Running <TaskInstance: 5_2_branch_dag.clean_sales_old scheduled__2022-06-17T00:00:00+00:00 [running]> on host 69ff35f06aa7
[2022-06-20 04:02:16,485] {taskinstance.py:1571} INFO - Exporting the following env vars:
AIRFLOW_CTX_DAG_OWNER=***
AIRFLOW_CTX_DAG_ID=5_2_branch_dag
AIRFLOW_CTX_TASK_ID=clean_sales_old
AIRFLOW_CTX_EXECUTION_DATE=2022-06-17T00:00:00+00:00
AIRFLOW_CTX_TRY_NUMBER=1
AIRFLOW_CTX_DAG_RUN_ID=scheduled__2022-06-17T00:00:00+00:00
[2022-06-20 04:02:16,488] {logging_mixin.py:115} INFO - Preprocessing sales data (OLD)...
[2022-06-20 04:02:16,491] {python.py:173} INFO - Done. Returned value was: None
[2022-06-20 04:02:16,506] {taskinstance.py:1400} INFO - Marking task as SUCCESS. dag_id=5_2_branch_dag, task_id=clean_sales_old, execution_date=20220617T000000, start_date=20220620T040216, end_date=20220620T040216
[2022-06-20 04:02:16,538] {local_task_job.py:156} INFO - Task exited with return code 0
[2022-06-20 04:02:16,577] {local_task_job.py:273} INFO - 1 downstream tasks scheduled from follow-on schedule check
