[2022-06-12 11:42:40,112] {taskinstance.py:1159} INFO - Dependencies all met for <TaskInstance: listing_4_03.print_context scheduled__2022-06-10T00:00:00+00:00 [queued]>
[2022-06-12 11:42:40,173] {taskinstance.py:1159} INFO - Dependencies all met for <TaskInstance: listing_4_03.print_context scheduled__2022-06-10T00:00:00+00:00 [queued]>
[2022-06-12 11:42:40,177] {taskinstance.py:1356} INFO - 
--------------------------------------------------------------------------------
[2022-06-12 11:42:40,179] {taskinstance.py:1357} INFO - Starting attempt 1 of 1
[2022-06-12 11:42:40,181] {taskinstance.py:1358} INFO - 
--------------------------------------------------------------------------------
[2022-06-12 11:42:40,195] {taskinstance.py:1377} INFO - Executing <Task(PythonOperator): print_context> on 2022-06-10 00:00:00+00:00
[2022-06-12 11:42:40,200] {standard_task_runner.py:52} INFO - Started process 207 to run task
[2022-06-12 11:42:40,204] {standard_task_runner.py:79} INFO - Running: ['***', 'tasks', 'run', 'listing_4_03', 'print_context', 'scheduled__2022-06-10T00:00:00+00:00', '--job-id', '60', '--raw', '--subdir', 'DAGS_FOLDER/listing_4_3.py', '--cfg-path', '/tmp/tmpxff2lnzw', '--error-file', '/tmp/tmpdpyewbf4']
[2022-06-12 11:42:40,206] {standard_task_runner.py:80} INFO - Job 60: Subtask print_context
[2022-06-12 11:42:40,259] {task_command.py:369} INFO - Running <TaskInstance: listing_4_03.print_context scheduled__2022-06-10T00:00:00+00:00 [running]> on host 48de8cc79e8d
[2022-06-12 11:42:40,313] {taskinstance.py:1571} INFO - Exporting the following env vars:
AIRFLOW_CTX_DAG_OWNER=***
AIRFLOW_CTX_DAG_ID=listing_4_03
AIRFLOW_CTX_TASK_ID=print_context
AIRFLOW_CTX_EXECUTION_DATE=2022-06-10T00:00:00+00:00
AIRFLOW_CTX_TRY_NUMBER=1
AIRFLOW_CTX_DAG_RUN_ID=scheduled__2022-06-10T00:00:00+00:00
[2022-06-12 11:42:40,314] {logging_mixin.py:115} INFO - {'conf': <***.configuration.AirflowConfigParser object at 0xffff7eee2a50>, 'dag': <DAG: listing_4_03>, 'dag_run': <DagRun listing_4_03 @ 2022-06-10 00:00:00+00:00: scheduled__2022-06-10T00:00:00+00:00, externally triggered: False>, 'data_interval_end': DateTime(2022, 6, 11, 0, 0, 0, tzinfo=Timezone('UTC')), 'data_interval_start': DateTime(2022, 6, 10, 0, 0, 0, tzinfo=Timezone('UTC')), 'ds': '2022-06-10', 'ds_nodash': '20220610', 'execution_date': <Proxy at 0xffff69bc1870 with factory functools.partial(<function lazy_mapping_from_context.<locals>._deprecated_proxy_factory at 0xffff69baf560>, 'execution_date', DateTime(2022, 6, 10, 0, 0, 0, tzinfo=Timezone('UTC')))>, 'inlets': [], 'logical_date': DateTime(2022, 6, 10, 0, 0, 0, tzinfo=Timezone('UTC')), 'macros': <module '***.macros' from '/home/***/.local/lib/python3.7/site-packages/***/macros/__init__.py'>, 'next_ds': <Proxy at 0xffff69bc18c0 with factory functools.partial(<function lazy_mapping_from_context.<locals>._deprecated_proxy_factory at 0xffff69baf560>, 'next_ds', '2022-06-11')>, 'next_ds_nodash': <Proxy at 0xffff69bc1910 with factory functools.partial(<function lazy_mapping_from_context.<locals>._deprecated_proxy_factory at 0xffff69baf560>, 'next_ds_nodash', '20220611')>, 'next_execution_date': <Proxy at 0xffff69bc1960 with factory functools.partial(<function lazy_mapping_from_context.<locals>._deprecated_proxy_factory at 0xffff69baf560>, 'next_execution_date', DateTime(2022, 6, 11, 0, 0, 0, tzinfo=Timezone('UTC')))>, 'outlets': [], 'params': {}, 'prev_data_interval_start_success': None, 'prev_data_interval_end_success': None, 'prev_ds': <Proxy at 0xffff69bc19b0 with factory functools.partial(<function lazy_mapping_from_context.<locals>._deprecated_proxy_factory at 0xffff69baf560>, 'prev_ds', '2022-06-09')>, 'prev_ds_nodash': <Proxy at 0xffff69bc1a00 with factory functools.partial(<function lazy_mapping_from_context.<locals>._deprecated_proxy_factory at 0xffff69baf560>, 'prev_ds_nodash', '20220609')>, 'prev_execution_date': <Proxy at 0xffff69bc1a50 with factory functools.partial(<function lazy_mapping_from_context.<locals>._deprecated_proxy_factory at 0xffff69baf560>, 'prev_execution_date', DateTime(2022, 6, 9, 0, 0, 0, tzinfo=Timezone('UTC')))>, 'prev_execution_date_success': <Proxy at 0xffff69bc1aa0 with factory functools.partial(<function lazy_mapping_from_context.<locals>._deprecated_proxy_factory at 0xffff69baf560>, 'prev_execution_date_success', None)>, 'prev_start_date_success': None, 'run_id': 'scheduled__2022-06-10T00:00:00+00:00', 'task': <Task(PythonOperator): print_context>, 'task_instance': <TaskInstance: listing_4_03.print_context scheduled__2022-06-10T00:00:00+00:00 [running]>, 'task_instance_key_str': 'listing_4_03__print_context__20220610', 'test_mode': False, 'ti': <TaskInstance: listing_4_03.print_context scheduled__2022-06-10T00:00:00+00:00 [running]>, 'tomorrow_ds': <Proxy at 0xffff69bc1af0 with factory functools.partial(<function lazy_mapping_from_context.<locals>._deprecated_proxy_factory at 0xffff69baf560>, 'tomorrow_ds', '2022-06-11')>, 'tomorrow_ds_nodash': <Proxy at 0xffff69bc1b40 with factory functools.partial(<function lazy_mapping_from_context.<locals>._deprecated_proxy_factory at 0xffff69baf560>, 'tomorrow_ds_nodash', '20220611')>, 'ts': '2022-06-10T00:00:00+00:00', 'ts_nodash': '20220610T000000', 'ts_nodash_with_tz': '20220610T000000+0000', 'var': {'json': None, 'value': None}, 'conn': None, 'yesterday_ds': <Proxy at 0xffff69bc1b90 with factory functools.partial(<function lazy_mapping_from_context.<locals>._deprecated_proxy_factory at 0xffff69baf560>, 'yesterday_ds', '2022-06-09')>, 'yesterday_ds_nodash': <Proxy at 0xffff69bc1be0 with factory functools.partial(<function lazy_mapping_from_context.<locals>._deprecated_proxy_factory at 0xffff69baf560>, 'yesterday_ds_nodash', '20220609')>, 'templates_dict': None}
[2022-06-12 11:42:40,320] {python.py:173} INFO - Done. Returned value was: None
[2022-06-12 11:42:40,332] {taskinstance.py:1400} INFO - Marking task as SUCCESS. dag_id=listing_4_03, task_id=print_context, execution_date=20220610T000000, start_date=20220612T114240, end_date=20220612T114240
[2022-06-12 11:42:40,378] {local_task_job.py:156} INFO - Task exited with return code 0
[2022-06-12 11:42:40,403] {local_task_job.py:273} INFO - 0 downstream tasks scheduled from follow-on schedule check
