[2022-06-20 01:34:21,178] {taskinstance.py:1159} INFO - Dependencies all met for <TaskInstance: download_rocket_launches.download_launches scheduled__2022-06-16T00:00:00+00:00 [queued]>
[2022-06-20 01:34:21,215] {taskinstance.py:1159} INFO - Dependencies all met for <TaskInstance: download_rocket_launches.download_launches scheduled__2022-06-16T00:00:00+00:00 [queued]>
[2022-06-20 01:34:21,218] {taskinstance.py:1356} INFO - 
--------------------------------------------------------------------------------
[2022-06-20 01:34:21,224] {taskinstance.py:1357} INFO - Starting attempt 1 of 1
[2022-06-20 01:34:21,231] {taskinstance.py:1358} INFO - 
--------------------------------------------------------------------------------
[2022-06-20 01:34:21,272] {taskinstance.py:1377} INFO - Executing <Task(BashOperator): download_launches> on 2022-06-16 00:00:00+00:00
[2022-06-20 01:34:21,280] {standard_task_runner.py:52} INFO - Started process 194 to run task
[2022-06-20 01:34:21,289] {standard_task_runner.py:79} INFO - Running: ['***', 'tasks', 'run', 'download_rocket_launches', 'download_launches', 'scheduled__2022-06-16T00:00:00+00:00', '--job-id', '29', '--raw', '--subdir', 'DAGS_FOLDER/data-pipline-book/2_1_download_rocket_launches.py', '--cfg-path', '/tmp/tmp_aw0k_5w', '--error-file', '/tmp/tmp_xwvxsbx']
[2022-06-20 01:34:21,291] {standard_task_runner.py:80} INFO - Job 29: Subtask download_launches
[2022-06-20 01:34:21,423] {task_command.py:369} INFO - Running <TaskInstance: download_rocket_launches.download_launches scheduled__2022-06-16T00:00:00+00:00 [running]> on host b8db81cc5447
[2022-06-20 01:34:21,546] {taskinstance.py:1571} INFO - Exporting the following env vars:
AIRFLOW_CTX_DAG_OWNER=***
AIRFLOW_CTX_DAG_ID=download_rocket_launches
AIRFLOW_CTX_TASK_ID=download_launches
AIRFLOW_CTX_EXECUTION_DATE=2022-06-16T00:00:00+00:00
AIRFLOW_CTX_TRY_NUMBER=1
AIRFLOW_CTX_DAG_RUN_ID=scheduled__2022-06-16T00:00:00+00:00
[2022-06-20 01:34:21,550] {subprocess.py:62} INFO - Tmp dir root location: 
 /tmp
[2022-06-20 01:34:21,552] {subprocess.py:74} INFO - Running command: ['bash', '-c', "curl -o /tmp/launches.json -L 'https://ll.thespacedevs.com/2.0.0/launch/upcoming'"]
[2022-06-20 01:34:21,591] {subprocess.py:85} INFO - Output:
[2022-06-20 01:34:21,607] {subprocess.py:92} INFO -   % Total    % Received % Xferd  Average Speed   Time    Time     Time  Current
[2022-06-20 01:34:21,611] {subprocess.py:92} INFO -                                  Dload  Upload   Total   Spent    Left  Speed
[2022-06-20 01:34:22,361] {subprocess.py:92} INFO -   0     0    0     0    0     0      0      0 --:--:-- --:--:-- --:--:--     0  0     0    0     0    0     0      0      0 --:--:-- --:--:-- --:--:--     0  0     0    0     0    0     0      0      0 --:--:-- --:--:-- --:--:--     0
[2022-06-20 01:34:22,901] {subprocess.py:92} INFO - 100    71  100    71    0     0     54      0  0:00:01  0:00:01 --:--:--    54100    71  100    71    0     0     54      0  0:00:01  0:00:01 --:--:--     0
[2022-06-20 01:34:22,957] {subprocess.py:96} INFO - Command exited with return code 0
[2022-06-20 01:34:23,032] {taskinstance.py:1400} INFO - Marking task as SUCCESS. dag_id=download_rocket_launches, task_id=download_launches, execution_date=20220616T000000, start_date=20220620T013421, end_date=20220620T013423
[2022-06-20 01:34:23,122] {local_task_job.py:156} INFO - Task exited with return code 0
[2022-06-20 01:34:23,268] {local_task_job.py:273} INFO - 1 downstream tasks scheduled from follow-on schedule check
[2022-06-20 01:51:10,743] {taskinstance.py:1159} INFO - Dependencies all met for <TaskInstance: download_rocket_launches.download_launches scheduled__2022-06-16T00:00:00+00:00 [queued]>
[2022-06-20 01:51:10,763] {taskinstance.py:1159} INFO - Dependencies all met for <TaskInstance: download_rocket_launches.download_launches scheduled__2022-06-16T00:00:00+00:00 [queued]>
[2022-06-20 01:51:10,765] {taskinstance.py:1356} INFO - 
--------------------------------------------------------------------------------
[2022-06-20 01:51:10,769] {taskinstance.py:1357} INFO - Starting attempt 1 of 1
[2022-06-20 01:51:10,776] {taskinstance.py:1358} INFO - 
--------------------------------------------------------------------------------
[2022-06-20 01:51:10,796] {taskinstance.py:1377} INFO - Executing <Task(BashOperator): download_launches> on 2022-06-16 00:00:00+00:00
[2022-06-20 01:51:10,805] {standard_task_runner.py:52} INFO - Started process 155 to run task
[2022-06-20 01:51:10,809] {standard_task_runner.py:79} INFO - Running: ['***', 'tasks', 'run', 'download_rocket_launches', 'download_launches', 'scheduled__2022-06-16T00:00:00+00:00', '--job-id', '13', '--raw', '--subdir', 'DAGS_FOLDER/chapter02/dags/download_rocket_launches.py', '--cfg-path', '/tmp/tmpgl0q1vxj', '--error-file', '/tmp/tmpamef3mwg']
[2022-06-20 01:51:10,813] {standard_task_runner.py:80} INFO - Job 13: Subtask download_launches
[2022-06-20 01:51:10,885] {task_command.py:369} INFO - Running <TaskInstance: download_rocket_launches.download_launches scheduled__2022-06-16T00:00:00+00:00 [running]> on host b39ea3d1be4a
[2022-06-20 01:51:10,953] {taskinstance.py:1571} INFO - Exporting the following env vars:
AIRFLOW_CTX_DAG_OWNER=***
AIRFLOW_CTX_DAG_ID=download_rocket_launches
AIRFLOW_CTX_TASK_ID=download_launches
AIRFLOW_CTX_EXECUTION_DATE=2022-06-16T00:00:00+00:00
AIRFLOW_CTX_TRY_NUMBER=1
AIRFLOW_CTX_DAG_RUN_ID=scheduled__2022-06-16T00:00:00+00:00
[2022-06-20 01:51:10,958] {subprocess.py:62} INFO - Tmp dir root location: 
 /tmp
[2022-06-20 01:51:10,967] {subprocess.py:74} INFO - Running command: ['bash', '-c', "curl -o /tmp/launches.json -L 'https://ll.thespacedevs.com/2.0.0/launch/upcoming'"]
[2022-06-20 01:51:10,988] {subprocess.py:85} INFO - Output:
[2022-06-20 01:51:10,998] {subprocess.py:92} INFO -   % Total    % Received % Xferd  Average Speed   Time    Time     Time  Current
[2022-06-20 01:51:10,999] {subprocess.py:92} INFO -                                  Dload  Upload   Total   Spent    Left  Speed
[2022-06-20 01:51:12,577] {subprocess.py:92} INFO -   0     0    0     0    0     0      0      0 --:--:-- --:--:-- --:--:--     0  0     0    0     0    0     0      0      0 --:--:--  0:00:01 --:--:--     0  0     0    0     0    0     0      0      0 --:--:--  0:00:01 --:--:--     0
[2022-06-20 01:51:13,108] {subprocess.py:92} INFO - 100    71  100    71    0     0     33      0  0:00:02  0:00:02 --:--:--    33100    71  100    71    0     0     33      0  0:00:02  0:00:02 --:--:--     0
[2022-06-20 01:51:13,115] {subprocess.py:96} INFO - Command exited with return code 0
[2022-06-20 01:51:13,169] {taskinstance.py:1400} INFO - Marking task as SUCCESS. dag_id=download_rocket_launches, task_id=download_launches, execution_date=20220616T000000, start_date=20220620T015110, end_date=20220620T015113
[2022-06-20 01:51:13,214] {local_task_job.py:156} INFO - Task exited with return code 0
[2022-06-20 01:51:13,350] {local_task_job.py:273} INFO - 1 downstream tasks scheduled from follow-on schedule check
