[2022-06-20 01:52:53,709] {taskinstance.py:1159} INFO - Dependencies all met for <TaskInstance: listing_2_06.download_launches manual__2022-06-20T01:52:52.768436+00:00 [queued]>
[2022-06-20 01:52:53,715] {taskinstance.py:1159} INFO - Dependencies all met for <TaskInstance: listing_2_06.download_launches manual__2022-06-20T01:52:52.768436+00:00 [queued]>
[2022-06-20 01:52:53,716] {taskinstance.py:1356} INFO - 
--------------------------------------------------------------------------------
[2022-06-20 01:52:53,717] {taskinstance.py:1357} INFO - Starting attempt 1 of 1
[2022-06-20 01:52:53,718] {taskinstance.py:1358} INFO - 
--------------------------------------------------------------------------------
[2022-06-20 01:52:53,734] {taskinstance.py:1377} INFO - Executing <Task(BashOperator): download_launches> on 2022-06-20 01:52:52.768436+00:00
[2022-06-20 01:52:53,739] {standard_task_runner.py:52} INFO - Started process 305 to run task
[2022-06-20 01:52:53,741] {standard_task_runner.py:79} INFO - Running: ['***', 'tasks', 'run', 'listing_2_06', 'download_launches', 'manual__2022-06-20T01:52:52.768436+00:00', '--job-id', '33', '--raw', '--subdir', 'DAGS_FOLDER/chapter02/dags/listing_2_6.py', '--cfg-path', '/tmp/tmp03iw62hz', '--error-file', '/tmp/tmp8l4r3bv5']
[2022-06-20 01:52:53,742] {standard_task_runner.py:80} INFO - Job 33: Subtask download_launches
[2022-06-20 01:52:53,782] {task_command.py:369} INFO - Running <TaskInstance: listing_2_06.download_launches manual__2022-06-20T01:52:52.768436+00:00 [running]> on host b39ea3d1be4a
[2022-06-20 01:52:53,836] {taskinstance.py:1571} INFO - Exporting the following env vars:
AIRFLOW_CTX_DAG_OWNER=***
AIRFLOW_CTX_DAG_ID=listing_2_06
AIRFLOW_CTX_TASK_ID=download_launches
AIRFLOW_CTX_EXECUTION_DATE=2022-06-20T01:52:52.768436+00:00
AIRFLOW_CTX_TRY_NUMBER=1
AIRFLOW_CTX_DAG_RUN_ID=manual__2022-06-20T01:52:52.768436+00:00
[2022-06-20 01:52:53,838] {subprocess.py:62} INFO - Tmp dir root location: 
 /tmp
[2022-06-20 01:52:53,840] {subprocess.py:74} INFO - Running command: ['bash', '-c', "curl -o /tmp/launches.json -L 'https://ll.thespacedevs.com/2.0.0/launch/upcoming'"]
[2022-06-20 01:52:53,848] {subprocess.py:85} INFO - Output:
[2022-06-20 01:52:53,855] {subprocess.py:92} INFO -   % Total    % Received % Xferd  Average Speed   Time    Time     Time  Current
[2022-06-20 01:52:53,858] {subprocess.py:92} INFO -                                  Dload  Upload   Total   Spent    Left  Speed
[2022-06-20 01:52:55,336] {subprocess.py:92} INFO -   0     0    0     0    0     0      0      0 --:--:-- --:--:-- --:--:--     0  0     0    0     0    0     0      0      0 --:--:-- --:--:-- --:--:--     0  0     0    0     0    0     0      0      0 --:--:--  0:00:01 --:--:--     0
[2022-06-20 01:52:55,859] {subprocess.py:92} INFO - 100    71  100    71    0     0     35      0  0:00:02  0:00:02 --:--:--    35100    71  100    71    0     0     35      0  0:00:02  0:00:02 --:--:--     0
[2022-06-20 01:52:55,868] {subprocess.py:96} INFO - Command exited with return code 0
[2022-06-20 01:52:55,916] {taskinstance.py:1400} INFO - Marking task as SUCCESS. dag_id=listing_2_06, task_id=download_launches, execution_date=20220620T015252, start_date=20220620T015253, end_date=20220620T015255
[2022-06-20 01:52:55,941] {local_task_job.py:156} INFO - Task exited with return code 0
[2022-06-20 01:52:55,966] {local_task_job.py:273} INFO - 1 downstream tasks scheduled from follow-on schedule check
