[2022-06-20 04:02:15,427] {taskinstance.py:1159} INFO - Dependencies all met for <TaskInstance: 4_2_context_pythonop.print_context scheduled__2022-06-17T00:00:00+00:00 [queued]>
[2022-06-20 04:02:15,440] {taskinstance.py:1159} INFO - Dependencies all met for <TaskInstance: 4_2_context_pythonop.print_context scheduled__2022-06-17T00:00:00+00:00 [queued]>
[2022-06-20 04:02:15,442] {taskinstance.py:1356} INFO - 
--------------------------------------------------------------------------------
[2022-06-20 04:02:15,445] {taskinstance.py:1357} INFO - Starting attempt 1 of 1
[2022-06-20 04:02:15,449] {taskinstance.py:1358} INFO - 
--------------------------------------------------------------------------------
[2022-06-20 04:02:15,474] {taskinstance.py:1377} INFO - Executing <Task(PythonOperator): print_context> on 2022-06-17 00:00:00+00:00
[2022-06-20 04:02:15,484] {standard_task_runner.py:52} INFO - Started process 88 to run task
[2022-06-20 04:02:15,491] {standard_task_runner.py:79} INFO - Running: ['***', 'tasks', 'run', '4_2_context_pythonop', 'print_context', 'scheduled__2022-06-17T00:00:00+00:00', '--job-id', '47', '--raw', '--subdir', 'DAGS_FOLDER/chapter04/4_2_context_pythonop.py', '--cfg-path', '/tmp/tmpk3od80lv', '--error-file', '/tmp/tmpp7ucs5nf']
[2022-06-20 04:02:15,494] {standard_task_runner.py:80} INFO - Job 47: Subtask print_context
[2022-06-20 04:02:15,563] {task_command.py:369} INFO - Running <TaskInstance: 4_2_context_pythonop.print_context scheduled__2022-06-17T00:00:00+00:00 [running]> on host 69ff35f06aa7
[2022-06-20 04:02:15,658] {taskinstance.py:1571} INFO - Exporting the following env vars:
AIRFLOW_CTX_DAG_OWNER=***
AIRFLOW_CTX_DAG_ID=4_2_context_pythonop
AIRFLOW_CTX_TASK_ID=print_context
AIRFLOW_CTX_EXECUTION_DATE=2022-06-17T00:00:00+00:00
AIRFLOW_CTX_TRY_NUMBER=1
AIRFLOW_CTX_DAG_RUN_ID=scheduled__2022-06-17T00:00:00+00:00
[2022-06-20 04:02:15,667] {logging_mixin.py:115} INFO - {'conf': <***.configuration.AirflowConfigParser object at 0xffff9a67e150>, 'dag': <DAG: 4_2_context_pythonop>, 'dag_run': <DagRun 4_2_context_pythonop @ 2022-06-17 00:00:00+00:00: scheduled__2022-06-17T00:00:00+00:00, externally triggered: False>, 'data_interval_end': DateTime(2022, 6, 17, 0, 0, 0, tzinfo=Timezone('UTC')), 'data_interval_start': DateTime(2022, 6, 17, 0, 0, 0, tzinfo=Timezone('UTC')), 'ds': '2022-06-17', 'ds_nodash': '20220617', 'execution_date': <Proxy at 0xffff854a5730 with factory functools.partial(<function lazy_mapping_from_context.<locals>._deprecated_proxy_factory at 0xffff854cea70>, 'execution_date', DateTime(2022, 6, 17, 0, 0, 0, tzinfo=Timezone('UTC')))>, 'inlets': [], 'logical_date': DateTime(2022, 6, 17, 0, 0, 0, tzinfo=Timezone('UTC')), 'macros': <module '***.macros' from '/home/***/.local/lib/python3.7/site-packages/***/macros/__init__.py'>, 'next_ds': <Proxy at 0xffff854a5690 with factory functools.partial(<function lazy_mapping_from_context.<locals>._deprecated_proxy_factory at 0xffff854cea70>, 'next_ds', None)>, 'next_ds_nodash': <Proxy at 0xffff854abdc0 with factory functools.partial(<function lazy_mapping_from_context.<locals>._deprecated_proxy_factory at 0xffff854cea70>, 'next_ds_nodash', None)>, 'next_execution_date': <Proxy at 0xffff85430640 with factory functools.partial(<function lazy_mapping_from_context.<locals>._deprecated_proxy_factory at 0xffff854cea70>, 'next_execution_date', None)>, 'outlets': [], 'params': {}, 'prev_data_interval_start_success': None, 'prev_data_interval_end_success': None, 'prev_ds': <Proxy at 0xffff85430690 with factory functools.partial(<function lazy_mapping_from_context.<locals>._deprecated_proxy_factory at 0xffff854cea70>, 'prev_ds', None)>, 'prev_ds_nodash': <Proxy at 0xffff854306e0 with factory functools.partial(<function lazy_mapping_from_context.<locals>._deprecated_proxy_factory at 0xffff854cea70>, 'prev_ds_nodash', None)>, 'prev_execution_date': <Proxy at 0xffff85430730 with factory functools.partial(<function lazy_mapping_from_context.<locals>._deprecated_proxy_factory at 0xffff854cea70>, 'prev_execution_date', None)>, 'prev_execution_date_success': <Proxy at 0xffff85430780 with factory functools.partial(<function lazy_mapping_from_context.<locals>._deprecated_proxy_factory at 0xffff854cea70>, 'prev_execution_date_success', None)>, 'prev_start_date_success': None, 'run_id': 'scheduled__2022-06-17T00:00:00+00:00', 'task': <Task(PythonOperator): print_context>, 'task_instance': <TaskInstance: 4_2_context_pythonop.print_context scheduled__2022-06-17T00:00:00+00:00 [running]>, 'task_instance_key_str': '4_2_context_pythonop__print_context__20220617', 'test_mode': False, 'ti': <TaskInstance: 4_2_context_pythonop.print_context scheduled__2022-06-17T00:00:00+00:00 [running]>, 'tomorrow_ds': <Proxy at 0xffff854307d0 with factory functools.partial(<function lazy_mapping_from_context.<locals>._deprecated_proxy_factory at 0xffff854cea70>, 'tomorrow_ds', '2022-06-18')>, 'tomorrow_ds_nodash': <Proxy at 0xffff85430820 with factory functools.partial(<function lazy_mapping_from_context.<locals>._deprecated_proxy_factory at 0xffff854cea70>, 'tomorrow_ds_nodash', '20220618')>, 'ts': '2022-06-17T00:00:00+00:00', 'ts_nodash': '20220617T000000', 'ts_nodash_with_tz': '20220617T000000+0000', 'var': {'json': None, 'value': None}, 'conn': None, 'yesterday_ds': <Proxy at 0xffff85430870 with factory functools.partial(<function lazy_mapping_from_context.<locals>._deprecated_proxy_factory at 0xffff854cea70>, 'yesterday_ds', '2022-06-16')>, 'yesterday_ds_nodash': <Proxy at 0xffff854308c0 with factory functools.partial(<function lazy_mapping_from_context.<locals>._deprecated_proxy_factory at 0xffff854cea70>, 'yesterday_ds_nodash', '20220616')>, 'templates_dict': None}
[2022-06-20 04:02:15,676] {python.py:173} INFO - Done. Returned value was: None
[2022-06-20 04:02:15,705] {taskinstance.py:1400} INFO - Marking task as SUCCESS. dag_id=4_2_context_pythonop, task_id=print_context, execution_date=20220617T000000, start_date=20220620T040215, end_date=20220620T040215
[2022-06-20 04:02:15,786] {local_task_job.py:156} INFO - Task exited with return code 0
[2022-06-20 04:02:15,856] {local_task_job.py:273} INFO - 0 downstream tasks scheduled from follow-on schedule check
