[2022-06-20 04:02:16,522] {taskinstance.py:1159} INFO - Dependencies all met for <TaskInstance: 5_2_branch_dag.clean_sales_old scheduled__2022-06-18T00:00:00+00:00 [queued]>
[2022-06-20 04:02:16,531] {taskinstance.py:1159} INFO - Dependencies all met for <TaskInstance: 5_2_branch_dag.clean_sales_old scheduled__2022-06-18T00:00:00+00:00 [queued]>
[2022-06-20 04:02:16,532] {taskinstance.py:1356} INFO - 
--------------------------------------------------------------------------------
[2022-06-20 04:02:16,534] {taskinstance.py:1357} INFO - Starting attempt 1 of 1
[2022-06-20 04:02:16,536] {taskinstance.py:1358} INFO - 
--------------------------------------------------------------------------------
[2022-06-20 04:02:16,548] {taskinstance.py:1377} INFO - Executing <Task(PythonOperator): clean_sales_old> on 2022-06-18 00:00:00+00:00
[2022-06-20 04:02:16,553] {standard_task_runner.py:52} INFO - Started process 100 to run task
[2022-06-20 04:02:16,557] {standard_task_runner.py:79} INFO - Running: ['***', 'tasks', 'run', '5_2_branch_dag', 'clean_sales_old', 'scheduled__2022-06-18T00:00:00+00:00', '--job-id', '54', '--raw', '--subdir', 'DAGS_FOLDER/chapter05/5_2_branch_dag.py', '--cfg-path', '/tmp/tmpf63wjhc8', '--error-file', '/tmp/tmpgb36clhl']
[2022-06-20 04:02:16,558] {standard_task_runner.py:80} INFO - Job 54: Subtask clean_sales_old
[2022-06-20 04:02:16,608] {task_command.py:369} INFO - Running <TaskInstance: 5_2_branch_dag.clean_sales_old scheduled__2022-06-18T00:00:00+00:00 [running]> on host 69ff35f06aa7
[2022-06-20 04:02:16,663] {taskinstance.py:1571} INFO - Exporting the following env vars:
AIRFLOW_CTX_DAG_OWNER=***
AIRFLOW_CTX_DAG_ID=5_2_branch_dag
AIRFLOW_CTX_TASK_ID=clean_sales_old
AIRFLOW_CTX_EXECUTION_DATE=2022-06-18T00:00:00+00:00
AIRFLOW_CTX_TRY_NUMBER=1
AIRFLOW_CTX_DAG_RUN_ID=scheduled__2022-06-18T00:00:00+00:00
[2022-06-20 04:02:16,666] {logging_mixin.py:115} INFO - Preprocessing sales data (OLD)...
[2022-06-20 04:02:16,667] {python.py:173} INFO - Done. Returned value was: None
[2022-06-20 04:02:16,677] {taskinstance.py:1400} INFO - Marking task as SUCCESS. dag_id=5_2_branch_dag, task_id=clean_sales_old, execution_date=20220618T000000, start_date=20220620T040216, end_date=20220620T040216
[2022-06-20 04:02:16,733] {local_task_job.py:156} INFO - Task exited with return code 0
[2022-06-20 04:02:16,771] {local_task_job.py:273} INFO - 1 downstream tasks scheduled from follow-on schedule check
