[2022-06-12 09:55:29,910] {taskinstance.py:1159} INFO - Dependencies all met for <TaskInstance: listing_2_10.download_launches scheduled__2022-06-06T00:00:00+00:00 [queued]>
[2022-06-12 09:55:29,920] {taskinstance.py:1159} INFO - Dependencies all met for <TaskInstance: listing_2_10.download_launches scheduled__2022-06-06T00:00:00+00:00 [queued]>
[2022-06-12 09:55:29,922] {taskinstance.py:1356} INFO - 
--------------------------------------------------------------------------------
[2022-06-12 09:55:29,923] {taskinstance.py:1357} INFO - Starting attempt 1 of 1
[2022-06-12 09:55:29,925] {taskinstance.py:1358} INFO - 
--------------------------------------------------------------------------------
[2022-06-12 09:55:29,949] {taskinstance.py:1377} INFO - Executing <Task(BashOperator): download_launches> on 2022-06-06 00:00:00+00:00
[2022-06-12 09:55:29,956] {standard_task_runner.py:52} INFO - Started process 98 to run task
[2022-06-12 09:55:29,961] {standard_task_runner.py:79} INFO - Running: ['***', 'tasks', 'run', 'listing_2_10', 'download_launches', 'scheduled__2022-06-06T00:00:00+00:00', '--job-id', '19', '--raw', '--subdir', 'DAGS_FOLDER/listing_2_10.py', '--cfg-path', '/tmp/tmpq63jnu6s', '--error-file', '/tmp/tmpeqru9w3a']
[2022-06-12 09:55:29,963] {standard_task_runner.py:80} INFO - Job 19: Subtask download_launches
[2022-06-12 09:55:30,036] {task_command.py:369} INFO - Running <TaskInstance: listing_2_10.download_launches scheduled__2022-06-06T00:00:00+00:00 [running]> on host 48de8cc79e8d
[2022-06-12 09:55:30,092] {taskinstance.py:1571} INFO - Exporting the following env vars:
AIRFLOW_CTX_DAG_OWNER=***
AIRFLOW_CTX_DAG_ID=listing_2_10
AIRFLOW_CTX_TASK_ID=download_launches
AIRFLOW_CTX_EXECUTION_DATE=2022-06-06T00:00:00+00:00
AIRFLOW_CTX_TRY_NUMBER=1
AIRFLOW_CTX_DAG_RUN_ID=scheduled__2022-06-06T00:00:00+00:00
[2022-06-12 09:55:30,095] {subprocess.py:62} INFO - Tmp dir root location: 
 /tmp
[2022-06-12 09:55:30,098] {subprocess.py:74} INFO - Running command: ['bash', '-c', "curl -o /tmp/launches.json -L 'https://ll.thespacedevs.com/2.0.0/launch/upcoming'"]
[2022-06-12 09:55:30,110] {subprocess.py:85} INFO - Output:
[2022-06-12 09:55:30,116] {subprocess.py:92} INFO -   % Total    % Received % Xferd  Average Speed   Time    Time     Time  Current
[2022-06-12 09:55:30,119] {subprocess.py:92} INFO -                                  Dload  Upload   Total   Spent    Left  Speed
[2022-06-12 09:55:30,975] {subprocess.py:92} INFO -   0     0    0     0    0     0      0      0 --:--:-- --:--:-- --:--:--     0  0     0    0     0    0     0      0      0 --:--:-- --:--:-- --:--:--     0  0     0    0     0    0     0      0      0 --:--:-- --:--:-- --:--:--     0
[2022-06-12 09:55:31,329] {subprocess.py:92} INFO - 100 24823  100 24823    0     0  20514      0  0:00:01  0:00:01 --:--:-- 20514
[2022-06-12 09:55:31,338] {subprocess.py:96} INFO - Command exited with return code 0
[2022-06-12 09:55:31,445] {taskinstance.py:1400} INFO - Marking task as SUCCESS. dag_id=listing_2_10, task_id=download_launches, execution_date=20220606T000000, start_date=20220612T095529, end_date=20220612T095531
[2022-06-12 09:55:31,532] {local_task_job.py:156} INFO - Task exited with return code 0
[2022-06-12 09:55:31,794] {local_task_job.py:273} INFO - 0 downstream tasks scheduled from follow-on schedule check
[2022-06-20 01:39:06,335] {taskinstance.py:1159} INFO - Dependencies all met for <TaskInstance: listing_2_10.download_launches scheduled__2022-06-06T00:00:00+00:00 [queued]>
[2022-06-20 01:39:06,355] {taskinstance.py:1159} INFO - Dependencies all met for <TaskInstance: listing_2_10.download_launches scheduled__2022-06-06T00:00:00+00:00 [queued]>
[2022-06-20 01:39:06,358] {taskinstance.py:1356} INFO - 
--------------------------------------------------------------------------------
[2022-06-20 01:39:06,362] {taskinstance.py:1357} INFO - Starting attempt 1 of 1
[2022-06-20 01:39:06,365] {taskinstance.py:1358} INFO - 
--------------------------------------------------------------------------------
[2022-06-20 01:39:06,390] {taskinstance.py:1377} INFO - Executing <Task(BashOperator): download_launches> on 2022-06-06 00:00:00+00:00
[2022-06-20 01:39:06,403] {standard_task_runner.py:52} INFO - Started process 768 to run task
[2022-06-20 01:39:06,409] {standard_task_runner.py:79} INFO - Running: ['***', 'tasks', 'run', 'listing_2_10', 'download_launches', 'scheduled__2022-06-06T00:00:00+00:00', '--job-id', '114', '--raw', '--subdir', 'DAGS_FOLDER/data-pipline-book/3_1_scheduled_dag.py', '--cfg-path', '/tmp/tmphcumhm87', '--error-file', '/tmp/tmpmambtkxg']
[2022-06-20 01:39:06,423] {standard_task_runner.py:80} INFO - Job 114: Subtask download_launches
[2022-06-20 01:39:06,518] {task_command.py:369} INFO - Running <TaskInstance: listing_2_10.download_launches scheduled__2022-06-06T00:00:00+00:00 [running]> on host b8db81cc5447
[2022-06-20 01:39:06,673] {taskinstance.py:1571} INFO - Exporting the following env vars:
AIRFLOW_CTX_DAG_OWNER=***
AIRFLOW_CTX_DAG_ID=listing_2_10
AIRFLOW_CTX_TASK_ID=download_launches
AIRFLOW_CTX_EXECUTION_DATE=2022-06-06T00:00:00+00:00
AIRFLOW_CTX_TRY_NUMBER=1
AIRFLOW_CTX_DAG_RUN_ID=scheduled__2022-06-06T00:00:00+00:00
[2022-06-20 01:39:06,680] {subprocess.py:62} INFO - Tmp dir root location: 
 /tmp
[2022-06-20 01:39:06,692] {subprocess.py:74} INFO - Running command: ['bash', '-c', "curl -o /tmp/launches.json -L 'https://ll.thespacedevs.com/2.0.0/launch/upcoming'"]
[2022-06-20 01:39:06,725] {subprocess.py:85} INFO - Output:
[2022-06-20 01:39:06,767] {subprocess.py:92} INFO -   % Total    % Received % Xferd  Average Speed   Time    Time     Time  Current
[2022-06-20 01:39:06,776] {subprocess.py:92} INFO -                                  Dload  Upload   Total   Spent    Left  Speed
[2022-06-20 01:39:08,045] {subprocess.py:92} INFO -   0     0    0     0    0     0      0      0 --:--:-- --:--:-- --:--:--     0  0     0    0     0    0     0      0      0 --:--:--  0:00:01 --:--:--     0  0     0    0     0    0     0      0      0 --:--:--  0:00:01 --:--:--     0
[2022-06-20 01:39:08,571] {subprocess.py:92} INFO - 100    71  100    71    0     0     39      0  0:00:01  0:00:01 --:--:--    39
[2022-06-20 01:39:08,583] {subprocess.py:96} INFO - Command exited with return code 0
[2022-06-20 01:39:08,679] {taskinstance.py:1400} INFO - Marking task as SUCCESS. dag_id=listing_2_10, task_id=download_launches, execution_date=20220606T000000, start_date=20220620T013906, end_date=20220620T013908
[2022-06-20 01:39:08,744] {local_task_job.py:156} INFO - Task exited with return code 0
[2022-06-20 01:39:08,906] {local_task_job.py:273} INFO - 0 downstream tasks scheduled from follow-on schedule check
