[2022-06-20 01:34:27,976] {taskinstance.py:1159} INFO - Dependencies all met for <TaskInstance: 4_1_template_dag.get_data scheduled__2022-06-17T20:00:00+00:00 [queued]>
[2022-06-20 01:34:27,984] {taskinstance.py:1159} INFO - Dependencies all met for <TaskInstance: 4_1_template_dag.get_data scheduled__2022-06-17T20:00:00+00:00 [queued]>
[2022-06-20 01:34:27,986] {taskinstance.py:1356} INFO - 
--------------------------------------------------------------------------------
[2022-06-20 01:34:27,993] {taskinstance.py:1357} INFO - Starting attempt 1 of 1
[2022-06-20 01:34:27,995] {taskinstance.py:1358} INFO - 
--------------------------------------------------------------------------------
[2022-06-20 01:34:28,010] {taskinstance.py:1377} INFO - Executing <Task(BashOperator): get_data> on 2022-06-17 20:00:00+00:00
[2022-06-20 01:34:28,015] {standard_task_runner.py:52} INFO - Started process 280 to run task
[2022-06-20 01:34:28,019] {standard_task_runner.py:79} INFO - Running: ['***', 'tasks', 'run', '4_1_template_dag', 'get_data', 'scheduled__2022-06-17T20:00:00+00:00', '--job-id', '58', '--raw', '--subdir', 'DAGS_FOLDER/data-pipline-book/4_1_template_dag.py', '--cfg-path', '/tmp/tmpcypq0wur', '--error-file', '/tmp/tmpqurepi_k']
[2022-06-20 01:34:28,021] {standard_task_runner.py:80} INFO - Job 58: Subtask get_data
[2022-06-20 01:34:28,075] {task_command.py:369} INFO - Running <TaskInstance: 4_1_template_dag.get_data scheduled__2022-06-17T20:00:00+00:00 [running]> on host b8db81cc5447
[2022-06-20 01:34:28,114] {warnings.py:110} WARNING - /home/***/.local/lib/python3.7/site-packages/***/utils/context.py:202: AirflowContextDeprecationWarning: Accessing 'execution_date' from the template is deprecated and will be removed in a future version. Please use 'data_interval_start' or 'logical_date' instead.
  warnings.warn(_create_deprecation_warning(key, self._deprecation_replacements[key]))

[2022-06-20 01:34:28,150] {taskinstance.py:1571} INFO - Exporting the following env vars:
AIRFLOW_CTX_DAG_OWNER=***
AIRFLOW_CTX_DAG_ID=4_1_template_dag
AIRFLOW_CTX_TASK_ID=get_data
AIRFLOW_CTX_EXECUTION_DATE=2022-06-17T20:00:00+00:00
AIRFLOW_CTX_TRY_NUMBER=1
AIRFLOW_CTX_DAG_RUN_ID=scheduled__2022-06-17T20:00:00+00:00
[2022-06-20 01:34:28,152] {subprocess.py:62} INFO - Tmp dir root location: 
 /tmp
[2022-06-20 01:34:28,154] {subprocess.py:74} INFO - Running command: ['bash', '-c', 'curl -o /tmp/wikipageviews.gz https://dumps.wikimedia.org/other/pageviews/2022/2022-06/pageviews-20220617-200000.gz']
[2022-06-20 01:34:28,165] {subprocess.py:85} INFO - Output:
[2022-06-20 01:34:28,172] {subprocess.py:92} INFO -   % Total    % Received % Xferd  Average Speed   Time    Time     Time  Current
[2022-06-20 01:34:28,174] {subprocess.py:92} INFO -                                  Dload  Upload   Total   Spent    Left  Speed
[2022-06-20 01:34:30,719] {subprocess.py:92} INFO -   0     0    0     0    0     0      0      0 --:--:-- --:--:-- --:--:--     0  0     0    0     0    0     0      0      0 --:--:-- --:--:-- --:--:--     0100   213  100   213    0     0     83      0  0:00:02  0:00:02 --:--:--    83100   213  100   213    0     0     83      0  0:00:02  0:00:02 --:--:--    83
[2022-06-20 01:34:30,722] {subprocess.py:96} INFO - Command exited with return code 0
[2022-06-20 01:34:30,751] {taskinstance.py:1400} INFO - Marking task as SUCCESS. dag_id=4_1_template_dag, task_id=get_data, execution_date=20220617T200000, start_date=20220620T013427, end_date=20220620T013430
[2022-06-20 01:34:30,780] {local_task_job.py:156} INFO - Task exited with return code 0
[2022-06-20 01:34:30,846] {local_task_job.py:273} INFO - 0 downstream tasks scheduled from follow-on schedule check
